libsecsdk.so base address:0x70225dd000
0x70225e8d10[libsecsdk.so@0xbd10]		sub	sp, sp, #32	SP=0x708b79f580
0x70225e8d14[libsecsdk.so@0xbd14]		add	x1, sp, #32	SP=0x708b79f560
0x70225e8d18[libsecsdk.so@0xbd18]		str	x30, [sp]	LR=0x2a SP=0x708b79f560
0x70225e8d1c[libsecsdk.so@0xbd1c]		str	x2, [x1, #-8]!	X2=0x15 X1=0x708b79f580
0x70225e8d20[libsecsdk.so@0xbd20]		bl	#12012	SP=0x708b79f560
0x70225ebc0c[libsecsdk.so@0xec0c]		sub	sp, sp, #112	SP=0x708b79f560
0x70225ebc10[libsecsdk.so@0xec10]		stp	d8, d9, [sp, #88]	SP=0x708b79f4f0
0x70225ebc14[libsecsdk.so@0xec14]		stp	x19, x20, [sp]	X19=0x0 X20=0x0 SP=0x708b79f4f0
0x70225ebc18[libsecsdk.so@0xec18]		stp	x25, x26, [sp, #48]	X25=0x0 X26=0x0 SP=0x708b79f4f0
0x70225ebc1c[libsecsdk.so@0xec1c]		stp	x27, x28, [sp, #64]	X27=0x0 X28=0x0 SP=0x708b79f4f0
0x70225ebc20[libsecsdk.so@0xec20]		stp	x21, x22, [sp, #16]	X21=0x0 X22=0x0 SP=0x708b79f4f0
0x70225ebc24[libsecsdk.so@0xec24]		stp	x23, x24, [sp, #32]	X23=0x0 X24=0x0 SP=0x708b79f4f0
0x70225ebc28[libsecsdk.so@0xec28]		str	x30, [sp, #80]	LR=0x70225e8d24 SP=0x708b79f4f0
0x70225ebc2c[libsecsdk.so@0xec2c]		mov	x28, x1	X1=0x708b79f578
0x70225ebc30[libsecsdk.so@0xec30]		mov	x19, x0	X0=0x708a819500
0x70225ebc34[libsecsdk.so@0xec34]		ldr	x2, [x0]	X0=0x708a819500
0x70225ebc38[libsecsdk.so@0xec38]		ldr	x1, [x1]	X1=0x708b79f578
0x70225ebc3c[libsecsdk.so@0xec3c]		ldr	x2, [x2, #1368]	X2=0x70967d16a0
0x70225ebc40[libsecsdk.so@0xec40]		blr	x2	X2=0x70965d2f74 SP=0x708b79f4f0
0x70225ebc44[libsecsdk.so@0xec44]		cmp	w0, #1	W0=0x4
0x70225ebc48[libsecsdk.so@0xec48]		mov	w25, w0	W0=0x4
0x70225ebc4c[libsecsdk.so@0xec4c]		b.le	#708	
0x70225ebc50[libsecsdk.so@0xec50]		mov	x0, #8	
0x70225ebc54[libsecsdk.so@0xec54]		bl	#106700	SP=0x708b79f4f0
0x7022605d20[libsecsdk.so@0x28d20]		stp	x29, x30, [sp, #-32]!	FP=0x708b79f600 LR=0x70225ebc58 SP=0x708b79f4f0
0x7022605d24[libsecsdk.so@0x28d24]		mov	x29, sp	SP=0x708b79f4d0
0x7022605d28[libsecsdk.so@0x28d28]		stp	x19, x20, [sp, #16]	X19=0x708a819500 X20=0x0 SP=0x708b79f4d0
0x7022605d2c[libsecsdk.so@0x28d2c]		mov	x19, x0	X0=0x8
0x7022605d30[libsecsdk.so@0x28d30]		adrp	x20, #139264	
0x7022605d34[libsecsdk.so@0x28d34]		b	#32	
0x7022605d54[libsecsdk.so@0x28d54]		mov	x0, x19	X19=0x8
0x7022605d58[libsecsdk.so@0x28d58]		bl	#-132552	SP=0x708b79f4d0
0x70225e5790[libsecsdk.so@0x8790]		adrp	x16, #266240	
0x70225e5794[libsecsdk.so@0x8794]		ldr	x17, [x16, #3352]	X16=0x7022626000
0x70225e5798[libsecsdk.so@0x8798]		add	x16, x16, #3352	X16=0x7022626000
0x70225e579c[libsecsdk.so@0x879c]		br	x17	X17=0x711abd432c
0x7022605d5c[libsecsdk.so@0x28d5c]		cbz	x0, #-36	X0=0x708a81f3e8
0x7022605d60[libsecsdk.so@0x28d60]		ldp	x19, x20, [sp, #16]	SP=0x708b79f4d0
0x7022605d64[libsecsdk.so@0x28d64]		ldp	x29, x30, [sp], #32	SP=0x708b79f4d0
0x7022605d68[libsecsdk.so@0x28d68]		ret	LR=0x70225ebc58
0x70225ebc58[libsecsdk.so@0xec58]		mov	x26, x0	X0=0x708a81f3e8
0x70225ebc5c[libsecsdk.so@0xec5c]		bl	#81380	SP=0x708b79f4f0
0x70225ffa40[libsecsdk.so@0x22a40]		str	xzr, [x0]	X0=0x708a81f3e8
0x70225ffa44[libsecsdk.so@0x22a44]		ret	LR=0x70225ebc60
0x70225ebc60[libsecsdk.so@0xec60]		ldr	x3, [x19]	X19=0x708a819500
0x70225ebc64[libsecsdk.so@0xec64]		sub	w2, w25, #1	W25=0x4
0x70225ebc68[libsecsdk.so@0xec68]		ldr	x1, [x28]	X28=0x708b79f578
0x70225ebc6c[libsecsdk.so@0xec6c]		mov	x0, x19	X19=0x708a819500
0x70225ebc70[libsecsdk.so@0xec70]		ldr	x3, [x3, #1384]	X3=0x70967d16a0
0x70225ebc74[libsecsdk.so@0xec74]		blr	x3	X3=0x70965d3d48 SP=0x708b79f4f0
0x70225ebc78[libsecsdk.so@0xec78]		mov	x20, x0	X0=0x49
0x70225ebc7c[libsecsdk.so@0xec7c]		mov	w3, #73	
0x70225ebc80[libsecsdk.so@0xec80]		mov	x1, x19	X19=0x708a819500
0x70225ebc84[libsecsdk.so@0xec84]		mov	x2, x20	X20=0x49
0x70225ebc88[libsecsdk.so@0xec88]		mov	x0, x26	X26=0x708a81f3e8
0x70225ebc8c[libsecsdk.so@0xec8c]		bl	#83644	SP=0x708b79f4f0
0x7022600348[libsecsdk.so@0x23348]		sub	sp, sp, #288	SP=0x708b79f4f0
0x702260034c[libsecsdk.so@0x2334c]		uxtb	w3, w3	W3=0x49
0x7022600350[libsecsdk.so@0x23350]		sub	w5, w3, #66	W3=0x49
0x7022600354[libsecsdk.so@0x23354]		cmp	w5, #25	W5=0x7
0x7022600358[libsecsdk.so@0x23358]		stp	x23, x24, [sp, #32]	X23=0x0 X24=0x0 SP=0x708b79f3d0
0x702260035c[libsecsdk.so@0x2335c]		adrp	x23, #155648	
0x7022600360[libsecsdk.so@0x23360]		stp	x19, x20, [sp]	X19=0x708a819500 X20=0x49 SP=0x708b79f3d0
0x7022600364[libsecsdk.so@0x23364]		stp	x21, x22, [sp, #16]	X21=0x0 X22=0x0 SP=0x708b79f3d0
0x7022600368[libsecsdk.so@0x23368]		ldr	x3, [x23, #3784]	X23=0x7022626000
0x702260036c[libsecsdk.so@0x2336c]		mov	x19, #0	
0x7022600370[libsecsdk.so@0x23370]		stp	x25, x26, [sp, #48]	X25=0x4 X26=0x708a81f3e8 SP=0x708b79f3d0
0x7022600374[libsecsdk.so@0x23374]		stp	x27, x30, [sp, #64]	X27=0x0 LR=0x70225ebc90 SP=0x708b79f3d0
0x7022600378[libsecsdk.so@0x23378]		add	x20, sp, #88	SP=0x708b79f3d0
0x702260037c[libsecsdk.so@0x2337c]		add	x21, sp, #136	SP=0x708b79f3d0
0x7022600380[libsecsdk.so@0x23380]		ldr	x3, [x3]	X3=0x711ac85510
0x7022600384[libsecsdk.so@0x23384]		add	x22, sp, #184	SP=0x708b79f3d0
0x7022600388[libsecsdk.so@0x23388]		str	x20, [sp, #120]	X20=0x708b79f428 SP=0x708b79f3d0
0x702260038c[libsecsdk.so@0x2338c]		mov	x27, x0	X0=0x708a81f3e8
0x7022600390[libsecsdk.so@0x23390]		str	x20, [sp, #128]	X20=0x708b79f428 SP=0x708b79f3d0
0x7022600394[libsecsdk.so@0x23394]		mov	x25, x1	X1=0x708a819500
0x7022600398[libsecsdk.so@0x23398]		str	x3, [sp, #280]	X3=0xdcf65037242d4fae SP=0x708b79f3d0
0x702260039c[libsecsdk.so@0x2339c]		mov	x26, x2	X2=0x49
0x70226003a0[libsecsdk.so@0x233a0]		strb	w19, [sp, #88]	W19=0x0 SP=0x708b79f3d0
0x70226003a4[libsecsdk.so@0x233a4]		str	x21, [sp, #168]	X21=0x708b79f458 SP=0x708b79f3d0
0x70226003a8[libsecsdk.so@0x233a8]		str	x21, [sp, #176]	X21=0x708b79f458 SP=0x708b79f3d0
0x70226003ac[libsecsdk.so@0x233ac]		strb	w19, [sp, #136]	W19=0x0 SP=0x708b79f3d0
0x70226003b0[libsecsdk.so@0x233b0]		str	x22, [sp, #216]	X22=0x708b79f488 SP=0x708b79f3d0
0x70226003b4[libsecsdk.so@0x233b4]		str	x22, [sp, #224]	X22=0x708b79f488 SP=0x708b79f3d0
0x70226003b8[libsecsdk.so@0x233b8]		strb	w19, [sp, #184]	W19=0x0 SP=0x708b79f3d0
0x70226003bc[libsecsdk.so@0x233bc]		b.ls	#132	
0x7022600440[libsecsdk.so@0x23440]		adrp	x3, #53248	
0x7022600444[libsecsdk.so@0x23444]		add	x3, x3, #3840	X3=0x702260d000
0x7022600448[libsecsdk.so@0x23448]		ldrh	w0, [x3, w5, uxtw #1]	X3=0x702260df00 W5=0x7
0x702260044c[libsecsdk.so@0x2344c]		adr	x1, #12	
0x7022600450[libsecsdk.so@0x23450]		add	x0, x1, w0, sxth #2	X1=0x7022600458 W0=0x9b
0x7022600454[libsecsdk.so@0x23454]		br	x0	X0=0x70226006c4
0x70226006c4[libsecsdk.so@0x236c4]		add	x24, sp, #232	SP=0x708b79f3d0
0x70226006c8[libsecsdk.so@0x236c8]		adrp	x0, #159744	
0x70226006cc[libsecsdk.so@0x236cc]		mov	x8, x24	X24=0x708b79f4b8
0x70226006d0[libsecsdk.so@0x236d0]		add	x0, x0, #1248	X0=0x7022627000
0x70226006d4[libsecsdk.so@0x236d4]		bl	#-9120	SP=0x708b79f3d0
0x70225fe334[libsecsdk.so@0x21334]		sub	sp, sp, #112	SP=0x708b79f3d0
0x70225fe338[libsecsdk.so@0x21338]		stp	x19, x20, [sp]	X19=0x0 X20=0x708b79f428 SP=0x708b79f360
0x70225fe33c[libsecsdk.so@0x2133c]		mov	x19, x8	X8=0x708b79f4b8
0x70225fe340[libsecsdk.so@0x21340]		str	x30, [sp, #80]	LR=0x70226006d8 SP=0x708b79f360
0x70225fe344[libsecsdk.so@0x21344]		stp	x21, x22, [sp, #16]	X21=0x708b79f458 X22=0x708b79f488 SP=0x708b79f360
0x70225fe348[libsecsdk.so@0x21348]		stp	x23, x24, [sp, #32]	X23=0x7022626000 X24=0x708b79f4b8 SP=0x708b79f360
0x70225fe34c[libsecsdk.so@0x2134c]		stp	x25, x26, [sp, #48]	X25=0x708a819500 X26=0x49 SP=0x708b79f360
0x70225fe350[libsecsdk.so@0x21350]		stp	x27, x28, [sp, #64]	X27=0x708a81f3e8 X28=0x708b79f578 SP=0x708b79f360
0x70225fe354[libsecsdk.so@0x21354]		str	x8, [x19, #32]	X8=0x708b79f4b8 X19=0x708b79f4b8
0x70225fe358[libsecsdk.so@0x21358]		str	x8, [x19, #40]	X8=0x708b79f4b8 X19=0x708b79f4b8
0x70225fe35c[libsecsdk.so@0x2135c]		strb	wzr, [x8]	X8=0x708b79f4b8
0x70225fe360[libsecsdk.so@0x21360]		cbz	x0, #156	X0=0x70226274e0
0x70225fe364[libsecsdk.so@0x21364]		mov	x20, x0	X0=0x70226274e0
0x70225fe368[libsecsdk.so@0x21368]		ldrb	w21, [x20], #1	X20=0x70226274e0
0x70225fe36c[libsecsdk.so@0x2136c]		cbz	w21, #144	W21=0xeb
0x70225fe370[libsecsdk.so@0x21370]		eor	w21, w21, #0x1	W21=0xeb
0x70225fe374[libsecsdk.so@0x21374]		mov	x3, #0	
0x70225fe378[libsecsdk.so@0x21378]		and	w21, w21, #0x7f	W21=0xea
0x70225fe37c[libsecsdk.so@0x2137c]		mov	x0, x8	X8=0x708b79f4b8
0x70225fe380[libsecsdk.so@0x21380]		mov	x1, x8	X8=0x708b79f4b8
0x70225fe384[libsecsdk.so@0x21384]		mov	w25, w3	W3=0x0
0x70225fe388[libsecsdk.so@0x21388]		mov	x23, #-2	
0x70225fe38c[libsecsdk.so@0x2138c]		add	x24, sp, #104	SP=0x708b79f360
0x70225fe390[libsecsdk.so@0x21390]		adrp	x27, #61440	
0x70225fe394[libsecsdk.so@0x21394]		b	#44	
0x70225fe3c0[libsecsdk.so@0x213c0]		cmp	x19, x0	X19=0x708b79f4b8 X0=0x708b79f4b8
0x70225fe3c4[libsecsdk.so@0x213c4]		b.eq	#564	
0x70225fe5f8[libsecsdk.so@0x215f8]		sub	x1, x19, x1	X19=0x708b79f4b8 X1=0x708b79f4b8
0x70225fe5fc[libsecsdk.so@0x215fc]		add	x1, x1, #32	X1=0x0
0x70225fe600[libsecsdk.so@0x21600]		b	#-560	
0x70225fe3d0[libsecsdk.so@0x213d0]		cmp	x1, #1	X1=0x20
0x70225fe3d4[libsecsdk.so@0x213d4]		b.ls	#76	
0x70225fe3d8[libsecsdk.so@0x213d8]		ldr	x1, [x19, #32]	X19=0x708b79f4b8
0x70225fe3dc[libsecsdk.so@0x213dc]		strb	wzr, [x1, #1]	X1=0x708b79f4b8
0x70225fe3e0[libsecsdk.so@0x213e0]		ldr	x1, [x19, #32]	X19=0x708b79f4b8
0x70225fe3e4[libsecsdk.so@0x213e4]		strb	w21, [x1]	W21=0x6a X1=0x708b79f4b8
0x70225fe3e8[libsecsdk.so@0x213e8]		ldr	x1, [x19, #32]	X19=0x708b79f4b8
0x70225fe3ec[libsecsdk.so@0x213ec]		add	x1, x1, #1	X1=0x708b79f4b8
0x70225fe3f0[libsecsdk.so@0x213f0]		str	x1, [x19, #32]	X1=0x708b79f4b9 X19=0x708b79f4b8
0x70225fe3f4[libsecsdk.so@0x213f4]		ldrb	w2, [x20], #1	X20=0x70226274e1
0x70225fe3f8[libsecsdk.so@0x213f8]		cbnz	w2, #-96	W2=0xe3
0x70225fe398[libsecsdk.so@0x21398]		add	w25, w25, #1	W25=0x0
0x70225fe39c[libsecsdk.so@0x2139c]		add	x4, x27, #4000	X27=0x702260d000
0x70225fe3a0[libsecsdk.so@0x213a0]		and	w5, w25, #0x7	W25=0x1
0x70225fe3a4[libsecsdk.so@0x213a4]		ldr	x0, [x19, #40]	X19=0x708b79f4b8
0x70225fe3a8[libsecsdk.so@0x213a8]		sub	x3, x1, x0	X1=0x708b79f4b9 X0=0x708b79f4b8
0x70225fe3ac[libsecsdk.so@0x213ac]		ldr	w21, [x4, w5, sxtw #2]	X4=0x702260dfa0 W5=0x1
0x70225fe3b0[libsecsdk.so@0x213b0]		cmn	x3, #2	X3=0x1
0x70225fe3b4[libsecsdk.so@0x213b4]		eor	w2, w2, w21	W2=0xe3 W21=0x2
0x70225fe3b8[libsecsdk.so@0x213b8]		and	w21, w2, #0x7f	W2=0xe1
0x70225fe3bc[libsecsdk.so@0x213bc]		b.eq	#716	
0x70225fe3c0[libsecsdk.so@0x213c0]		cmp	x19, x0	X19=0x708b79f4b8 X0=0x708b79f4b8
0x70225fe3c4[libsecsdk.so@0x213c4]		b.eq	#564	
0x70225fe5f8[libsecsdk.so@0x215f8]		sub	x1, x19, x1	X19=0x708b79f4b8 X1=0x708b79f4b9
0x70225fe5fc[libsecsdk.so@0x215fc]		add	x1, x1, #32	X1=0xffffffffffffffff
0x70225fe600[libsecsdk.so@0x21600]		b	#-560	
0x70225fe3d0[libsecsdk.so@0x213d0]		cmp	x1, #1	X1=0x1f
0x70225fe3d4[libsecsdk.so@0x213d4]		b.ls	#76	
0x70225fe3d8[libsecsdk.so@0x213d8]		ldr	x1, [x19, #32]	X19=0x708b79f4b8
0x70225fe3dc[libsecsdk.so@0x213dc]		strb	wzr, [x1, #1]	X1=0x708b79f4b9
0x70225fe3e0[libsecsdk.so@0x213e0]		ldr	x1, [x19, #32]	X19=0x708b79f4b8
0x70225fe3e4[libsecsdk.so@0x213e4]		strb	w21, [x1]	W21=0x61 X1=0x708b79f4b9
0x70225fe3e8[libsecsdk.so@0x213e8]		ldr	x1, [x19, #32]	X19=0x708b79f4b8
0x70225fe3ec[libsecsdk.so@0x213ec]		add	x1, x1, #1	X1=0x708b79f4b9
0x70225fe3f0[libsecsdk.so@0x213f0]		str	x1, [x19, #32]	X1=0x708b79f4ba X19=0x708b79f4b8
0x70225fe3f4[libsecsdk.so@0x213f4]		ldrb	w2, [x20], #1	X20=0x70226274e2
0x70225fe3f8[libsecsdk.so@0x213f8]		cbnz	w2, #-96	W2=0xf5
0x70225fe398[libsecsdk.so@0x21398]		add	w25, w25, #1	W25=0x1
0x70225fe39c[libsecsdk.so@0x2139c]		add	x4, x27, #4000	X27=0x702260d000
0x70225fe3a0[libsecsdk.so@0x213a0]		and	w5, w25, #0x7	W25=0x2
0x70225fe3a4[libsecsdk.so@0x213a4]		ldr	x0, [x19, #40]	X19=0x708b79f4b8
0x70225fe3a8[libsecsdk.so@0x213a8]		sub	x3, x1, x0	X1=0x708b79f4ba X0=0x708b79f4b8
0x70225fe3ac[libsecsdk.so@0x213ac]		ldr	w21, [x4, w5, sxtw #2]	X4=0x702260dfa0 W5=0x2
0x70225fe3b0[libsecsdk.so@0x213b0]		cmn	x3, #2	X3=0x2
0x70225fe3b4[libsecsdk.so@0x213b4]		eor	w2, w2, w21	W2=0xf5 W21=0x3
0x70225fe3b8[libsecsdk.so@0x213b8]		and	w21, w2, #0x7f	W2=0xf6
0x70225fe3bc[libsecsdk.so@0x213bc]		b.eq	#716	
0x70225fe3c0[libsecsdk.so@0x213c0]		cmp	x19, x0	X19=0x708b79f4b8 X0=0x708b79f4b8
0x70225fe3c4[libsecsdk.so@0x213c4]		b.eq	#564	
0x70225fe5f8[libsecsdk.so@0x215f8]		sub	x1, x19, x1	X19=0x708b79f4b8 X1=0x708b79f4ba
0x70225fe5fc[libsecsdk.so@0x215fc]		add	x1, x1, #32	X1=0xfffffffffffffffe
0x70225fe600[libsecsdk.so@0x21600]		b	#-560	
0x70225fe3d0[libsecsdk.so@0x213d0]		cmp	x1, #1	X1=0x1e
0x70225fe3d4[libsecsdk.so@0x213d4]		b.ls	#76	
0x70225fe3d8[libsecsdk.so@0x213d8]		ldr	x1, [x19, #32]	X19=0x708b79f4b8
0x70225fe3dc[libsecsdk.so@0x213dc]		strb	wzr, [x1, #1]	X1=0x708b79f4ba
0x70225fe3e0[libsecsdk.so@0x213e0]		ldr	x1, [x19, #32]	X19=0x708b79f4b8
0x70225fe3e4[libsecsdk.so@0x213e4]		strb	w21, [x1]	W21=0x76 X1=0x708b79f4ba
0x70225fe3e8[libsecsdk.so@0x213e8]		ldr	x1, [x19, #32]	X19=0x708b79f4b8
0x70225fe3ec[libsecsdk.so@0x213ec]		add	x1, x1, #1	X1=0x708b79f4ba
0x70225fe3f0[libsecsdk.so@0x213f0]		str	x1, [x19, #32]	X1=0x708b79f4bb X19=0x708b79f4b8
0x70225fe3f4[libsecsdk.so@0x213f4]		ldrb	w2, [x20], #1	X20=0x70226274e3
0x70225fe3f8[libsecsdk.so@0x213f8]		cbnz	w2, #-96	W2=0xe5
0x70225fe398[libsecsdk.so@0x21398]		add	w25, w25, #1	W25=0x2
0x70225fe39c[libsecsdk.so@0x2139c]		add	x4, x27, #4000	X27=0x702260d000
0x70225fe3a0[libsecsdk.so@0x213a0]		and	w5, w25, #0x7	W25=0x3
0x70225fe3a4[libsecsdk.so@0x213a4]		ldr	x0, [x19, #40]	X19=0x708b79f4b8
0x70225fe3a8[libsecsdk.so@0x213a8]		sub	x3, x1, x0	X1=0x708b79f4bb X0=0x708b79f4b8
0x70225fe3ac[libsecsdk.so@0x213ac]		ldr	w21, [x4, w5, sxtw #2]	X4=0x702260dfa0 W5=0x3
0x70225fe3b0[libsecsdk.so@0x213b0]		cmn	x3, #2	X3=0x3
0x70225fe3b4[libsecsdk.so@0x213b4]		eor	w2, w2, w21	W2=0xe5 W21=0x4
0x70225fe3b8[libsecsdk.so@0x213b8]		and	w21, w2, #0x7f	W2=0xe1
0x70225fe3bc[libsecsdk.so@0x213bc]		b.eq	#716	
0x70225fe3c0[libsecsdk.so@0x213c0]		cmp	x19, x0	X19=0x708b79f4b8 X0=0x708b79f4b8
0x70225fe3c4[libsecsdk.so@0x213c4]		b.eq	#564	
0x70225fe5f8[libsecsdk.so@0x215f8]		sub	x1, x19, x1	X19=0x708b79f4b8 X1=0x708b79f4bb
0x70225fe5fc[libsecsdk.so@0x215fc]		add	x1, x1, #32	X1=0xfffffffffffffffd
0x70225fe600[libsecsdk.so@0x21600]		b	#-560	
0x70225fe3d0[libsecsdk.so@0x213d0]		cmp	x1, #1	X1=0x1d
0x70225fe3d4[libsecsdk.so@0x213d4]		b.ls	#76	
0x70225fe3d8[libsecsdk.so@0x213d8]		ldr	x1, [x19, #32]	X19=0x708b79f4b8
0x70225fe3dc[libsecsdk.so@0x213dc]		strb	wzr, [x1, #1]	X1=0x708b79f4bb
0x70225fe3e0[libsecsdk.so@0x213e0]		ldr	x1, [x19, #32]	X19=0x708b79f4b8
0x70225fe3e4[libsecsdk.so@0x213e4]		strb	w21, [x1]	W21=0x61 X1=0x708b79f4bb
0x70225fe3e8[libsecsdk.so@0x213e8]		ldr	x1, [x19, #32]	X19=0x708b79f4b8
0x70225fe3ec[libsecsdk.so@0x213ec]		add	x1, x1, #1	X1=0x708b79f4bb
0x70225fe3f0[libsecsdk.so@0x213f0]		str	x1, [x19, #32]	X1=0x708b79f4bc X19=0x708b79f4b8
0x70225fe3f4[libsecsdk.so@0x213f4]		ldrb	w2, [x20], #1	X20=0x70226274e4
0x70225fe3f8[libsecsdk.so@0x213f8]		cbnz	w2, #-96	W2=0xaa
0x70225fe398[libsecsdk.so@0x21398]		add	w25, w25, #1	W25=0x3
0x70225fe39c[libsecsdk.so@0x2139c]		add	x4, x27, #4000	X27=0x702260d000
0x70225fe3a0[libsecsdk.so@0x213a0]		and	w5, w25, #0x7	W25=0x4
0x70225fe3a4[libsecsdk.so@0x213a4]		ldr	x0, [x19, #40]	X19=0x708b79f4b8
0x70225fe3a8[libsecsdk.so@0x213a8]		sub	x3, x1, x0	X1=0x708b79f4bc X0=0x708b79f4b8
0x70225fe3ac[libsecsdk.so@0x213ac]		ldr	w21, [x4, w5, sxtw #2]	X4=0x702260dfa0 W5=0x4
0x70225fe3b0[libsecsdk.so@0x213b0]		cmn	x3, #2	X3=0x4
0x70225fe3b4[libsecsdk.so@0x213b4]		eor	w2, w2, w21	W2=0xaa W21=0x5
0x70225fe3b8[libsecsdk.so@0x213b8]		and	w21, w2, #0x7f	W2=0xaf
0x70225fe3bc[libsecsdk.so@0x213bc]		b.eq	#716	
0x70225fe3c0[libsecsdk.so@0x213c0]		cmp	x19, x0	X19=0x708b79f4b8 X0=0x708b79f4b8
0x70225fe3c4[libsecsdk.so@0x213c4]		b.eq	#564	
0x70225fe5f8[libsecsdk.so@0x215f8]		sub	x1, x19, x1	X19=0x708b79f4b8 X1=0x708b79f4bc
0x70225fe5fc[libsecsdk.so@0x215fc]		add	x1, x1, #32	X1=0xfffffffffffffffc
0x70225fe600[libsecsdk.so@0x21600]		b	#-560	
0x70225fe3d0[libsecsdk.so@0x213d0]		cmp	x1, #1	X1=0x1c
0x70225fe3d4[libsecsdk.so@0x213d4]		b.ls	#76	
0x70225fe3d8[libsecsdk.so@0x213d8]		ldr	x1, [x19, #32]	X19=0x708b79f4b8
0x70225fe3dc[libsecsdk.so@0x213dc]		strb	wzr, [x1, #1]	X1=0x708b79f4bc
0x70225fe3e0[libsecsdk.so@0x213e0]		ldr	x1, [x19, #32]	X19=0x708b79f4b8
0x70225fe3e4[libsecsdk.so@0x213e4]		strb	w21, [x1]	W21=0x2f X1=0x708b79f4bc
0x70225fe3e8[libsecsdk.so@0x213e8]		ldr	x1, [x19, #32]	X19=0x708b79f4b8
0x70225fe3ec[libsecsdk.so@0x213ec]		add	x1, x1, #1	X1=0x708b79f4bc
0x70225fe3f0[libsecsdk.so@0x213f0]		str	x1, [x19, #32]	X1=0x708b79f4bd X19=0x708b79f4b8
0x70225fe3f4[libsecsdk.so@0x213f4]		ldrb	w2, [x20], #1	X20=0x70226274e5
0x70225fe3f8[libsecsdk.so@0x213f8]		cbnz	w2, #-96	W2=0xea
0x70225fe398[libsecsdk.so@0x21398]		add	w25, w25, #1	W25=0x4
0x70225fe39c[libsecsdk.so@0x2139c]		add	x4, x27, #4000	X27=0x702260d000
0x70225fe3a0[libsecsdk.so@0x213a0]		and	w5, w25, #0x7	W25=0x5
0x70225fe3a4[libsecsdk.so@0x213a4]		ldr	x0, [x19, #40]	X19=0x708b79f4b8
0x70225fe3a8[libsecsdk.so@0x213a8]		sub	x3, x1, x0	X1=0x708b79f4bd X0=0x708b79f4b8
0x70225fe3ac[libsecsdk.so@0x213ac]		ldr	w21, [x4, w5, sxtw #2]	X4=0x702260dfa0 W5=0x5
0x70225fe3b0[libsecsdk.so@0x213b0]		cmn	x3, #2	X3=0x5
0x70225fe3b4[libsecsdk.so@0x213b4]		eor	w2, w2, w21	W2=0xea W21=0x6
0x70225fe3b8[libsecsdk.so@0x213b8]		and	w21, w2, #0x7f	W2=0xec
0x70225fe3bc[libsecsdk.so@0x213bc]		b.eq	#716	
0x70225fe3c0[libsecsdk.so@0x213c0]		cmp	x19, x0	X19=0x708b79f4b8 X0=0x708b79f4b8
0x70225fe3c4[libsecsdk.so@0x213c4]		b.eq	#564	
0x70225fe5f8[libsecsdk.so@0x215f8]		sub	x1, x19, x1	X19=0x708b79f4b8 X1=0x708b79f4bd
0x70225fe5fc[libsecsdk.so@0x215fc]		add	x1, x1, #32	X1=0xfffffffffffffffb
0x70225fe600[libsecsdk.so@0x21600]		b	#-560	
0x70225fe3d0[libsecsdk.so@0x213d0]		cmp	x1, #1	X1=0x1b
0x70225fe3d4[libsecsdk.so@0x213d4]		b.ls	#76	
0x70225fe3d8[libsecsdk.so@0x213d8]		ldr	x1, [x19, #32]	X19=0x708b79f4b8
0x70225fe3dc[libsecsdk.so@0x213dc]		strb	wzr, [x1, #1]	X1=0x708b79f4bd
0x70225fe3e0[libsecsdk.so@0x213e0]		ldr	x1, [x19, #32]	X19=0x708b79f4b8
0x70225fe3e4[libsecsdk.so@0x213e4]		strb	w21, [x1]	W21=0x6c X1=0x708b79f4bd
0x70225fe3e8[libsecsdk.so@0x213e8]		ldr	x1, [x19, #32]	X19=0x708b79f4b8
0x70225fe3ec[libsecsdk.so@0x213ec]		add	x1, x1, #1	X1=0x708b79f4bd
0x70225fe3f0[libsecsdk.so@0x213f0]		str	x1, [x19, #32]	X1=0x708b79f4be X19=0x708b79f4b8
0x70225fe3f4[libsecsdk.so@0x213f4]		ldrb	w2, [x20], #1	X20=0x70226274e6
0x70225fe3f8[libsecsdk.so@0x213f8]		cbnz	w2, #-96	W2=0xe6
0x70225fe398[libsecsdk.so@0x21398]		add	w25, w25, #1	W25=0x5
0x70225fe39c[libsecsdk.so@0x2139c]		add	x4, x27, #4000	X27=0x702260d000
0x70225fe3a0[libsecsdk.so@0x213a0]		and	w5, w25, #0x7	W25=0x6
0x70225fe3a4[libsecsdk.so@0x213a4]		ldr	x0, [x19, #40]	X19=0x708b79f4b8
0x70225fe3a8[libsecsdk.so@0x213a8]		sub	x3, x1, x0	X1=0x708b79f4be X0=0x708b79f4b8
0x70225fe3ac[libsecsdk.so@0x213ac]		ldr	w21, [x4, w5, sxtw #2]	X4=0x702260dfa0 W5=0x6
0x70225fe3b0[libsecsdk.so@0x213b0]		cmn	x3, #2	X3=0x6
0x70225fe3b4[libsecsdk.so@0x213b4]		eor	w2, w2, w21	W2=0xe6 W21=0x7
0x70225fe3b8[libsecsdk.so@0x213b8]		and	w21, w2, #0x7f	W2=0xe1
0x70225fe3bc[libsecsdk.so@0x213bc]		b.eq	#716	
0x70225fe3c0[libsecsdk.so@0x213c0]		cmp	x19, x0	X19=0x708b79f4b8 X0=0x708b79f4b8
0x70225fe3c4[libsecsdk.so@0x213c4]		b.eq	#564	
0x70225fe5f8[libsecsdk.so@0x215f8]		sub	x1, x19, x1	X19=0x708b79f4b8 X1=0x708b79f4be
0x70225fe5fc[libsecsdk.so@0x215fc]		add	x1, x1, #32	X1=0xfffffffffffffffa
0x70225fe600[libsecsdk.so@0x21600]		b	#-560	
0x70225fe3d0[libsecsdk.so@0x213d0]		cmp	x1, #1	X1=0x1a
0x70225fe3d4[libsecsdk.so@0x213d4]		b.ls	#76	
0x70225fe3d8[libsecsdk.so@0x213d8]		ldr	x1, [x19, #32]	X19=0x708b79f4b8
0x70225fe3dc[libsecsdk.so@0x213dc]		strb	wzr, [x1, #1]	X1=0x708b79f4be
0x70225fe3e0[libsecsdk.so@0x213e0]		ldr	x1, [x19, #32]	X19=0x708b79f4b8
0x70225fe3e4[libsecsdk.so@0x213e4]		strb	w21, [x1]	W21=0x61 X1=0x708b79f4be
0x70225fe3e8[libsecsdk.so@0x213e8]		ldr	x1, [x19, #32]	X19=0x708b79f4b8
0x70225fe3ec[libsecsdk.so@0x213ec]		add	x1, x1, #1	X1=0x708b79f4be
0x70225fe3f0[libsecsdk.so@0x213f0]		str	x1, [x19, #32]	X1=0x708b79f4bf X19=0x708b79f4b8
0x70225fe3f4[libsecsdk.so@0x213f4]		ldrb	w2, [x20], #1	X20=0x70226274e7
0x70225fe3f8[libsecsdk.so@0x213f8]		cbnz	w2, #-96	W2=0xe6
0x70225fe398[libsecsdk.so@0x21398]		add	w25, w25, #1	W25=0x6
0x70225fe39c[libsecsdk.so@0x2139c]		add	x4, x27, #4000	X27=0x702260d000
0x70225fe3a0[libsecsdk.so@0x213a0]		and	w5, w25, #0x7	W25=0x7
0x70225fe3a4[libsecsdk.so@0x213a4]		ldr	x0, [x19, #40]	X19=0x708b79f4b8
0x70225fe3a8[libsecsdk.so@0x213a8]		sub	x3, x1, x0	X1=0x708b79f4bf X0=0x708b79f4b8
0x70225fe3ac[libsecsdk.so@0x213ac]		ldr	w21, [x4, w5, sxtw #2]	X4=0x702260dfa0 W5=0x7
0x70225fe3b0[libsecsdk.so@0x213b0]		cmn	x3, #2	X3=0x7
0x70225fe3b4[libsecsdk.so@0x213b4]		eor	w2, w2, w21	W2=0xe6 W21=0x8
0x70225fe3b8[libsecsdk.so@0x213b8]		and	w21, w2, #0x7f	W2=0xee
0x70225fe3bc[libsecsdk.so@0x213bc]		b.eq	#716	
0x70225fe3c0[libsecsdk.so@0x213c0]		cmp	x19, x0	X19=0x708b79f4b8 X0=0x708b79f4b8
0x70225fe3c4[libsecsdk.so@0x213c4]		b.eq	#564	
0x70225fe5f8[libsecsdk.so@0x215f8]		sub	x1, x19, x1	X19=0x708b79f4b8 X1=0x708b79f4bf
0x70225fe5fc[libsecsdk.so@0x215fc]		add	x1, x1, #32	X1=0xfffffffffffffff9
0x70225fe600[libsecsdk.so@0x21600]		b	#-560	
0x70225fe3d0[libsecsdk.so@0x213d0]		cmp	x1, #1	X1=0x19
0x70225fe3d4[libsecsdk.so@0x213d4]		b.ls	#76	
0x70225fe3d8[libsecsdk.so@0x213d8]		ldr	x1, [x19, #32]	X19=0x708b79f4b8
0x70225fe3dc[libsecsdk.so@0x213dc]		strb	wzr, [x1, #1]	X1=0x708b79f4bf
0x70225fe3e0[libsecsdk.so@0x213e0]		ldr	x1, [x19, #32]	X19=0x708b79f4b8
0x70225fe3e4[libsecsdk.so@0x213e4]		strb	w21, [x1]	W21=0x6e X1=0x708b79f4bf
0x70225fe3e8[libsecsdk.so@0x213e8]		ldr	x1, [x19, #32]	X19=0x708b79f4b8
0x70225fe3ec[libsecsdk.so@0x213ec]		add	x1, x1, #1	X1=0x708b79f4bf
0x70225fe3f0[libsecsdk.so@0x213f0]		str	x1, [x19, #32]	X1=0x708b79f4c0 X19=0x708b79f4b8
0x70225fe3f4[libsecsdk.so@0x213f4]		ldrb	w2, [x20], #1	X20=0x70226274e8
0x70225fe3f8[libsecsdk.so@0x213f8]		cbnz	w2, #-96	W2=0xe6
0x70225fe398[libsecsdk.so@0x21398]		add	w25, w25, #1	W25=0x7
0x70225fe39c[libsecsdk.so@0x2139c]		add	x4, x27, #4000	X27=0x702260d000
0x70225fe3a0[libsecsdk.so@0x213a0]		and	w5, w25, #0x7	W25=0x8
0x70225fe3a4[libsecsdk.so@0x213a4]		ldr	x0, [x19, #40]	X19=0x708b79f4b8
0x70225fe3a8[libsecsdk.so@0x213a8]		sub	x3, x1, x0	X1=0x708b79f4c0 X0=0x708b79f4b8
0x70225fe3ac[libsecsdk.so@0x213ac]		ldr	w21, [x4, w5, sxtw #2]	X4=0x702260dfa0 W5=0x0
0x70225fe3b0[libsecsdk.so@0x213b0]		cmn	x3, #2	X3=0x8
0x70225fe3b4[libsecsdk.so@0x213b4]		eor	w2, w2, w21	W2=0xe6 W21=0x1
0x70225fe3b8[libsecsdk.so@0x213b8]		and	w21, w2, #0x7f	W2=0xe7
0x70225fe3bc[libsecsdk.so@0x213bc]		b.eq	#716	
0x70225fe3c0[libsecsdk.so@0x213c0]		cmp	x19, x0	X19=0x708b79f4b8 X0=0x708b79f4b8
0x70225fe3c4[libsecsdk.so@0x213c4]		b.eq	#564	
0x70225fe5f8[libsecsdk.so@0x215f8]		sub	x1, x19, x1	X19=0x708b79f4b8 X1=0x708b79f4c0
0x70225fe5fc[libsecsdk.so@0x215fc]		add	x1, x1, #32	X1=0xfffffffffffffff8
0x70225fe600[libsecsdk.so@0x21600]		b	#-560	
0x70225fe3d0[libsecsdk.so@0x213d0]		cmp	x1, #1	X1=0x18
0x70225fe3d4[libsecsdk.so@0x213d4]		b.ls	#76	
0x70225fe3d8[libsecsdk.so@0x213d8]		ldr	x1, [x19, #32]	X19=0x708b79f4b8
0x70225fe3dc[libsecsdk.so@0x213dc]		strb	wzr, [x1, #1]	X1=0x708b79f4c0
0x70225fe3e0[libsecsdk.so@0x213e0]		ldr	x1, [x19, #32]	X19=0x708b79f4b8
0x70225fe3e4[libsecsdk.so@0x213e4]		strb	w21, [x1]	W21=0x67 X1=0x708b79f4c0
0x70225fe3e8[libsecsdk.so@0x213e8]		ldr	x1, [x19, #32]	X19=0x708b79f4b8
0x70225fe3ec[libsecsdk.so@0x213ec]		add	x1, x1, #1	X1=0x708b79f4c0
0x70225fe3f0[libsecsdk.so@0x213f0]		str	x1, [x19, #32]	X1=0x708b79f4c1 X19=0x708b79f4b8
0x70225fe3f4[libsecsdk.so@0x213f4]		ldrb	w2, [x20], #1	X20=0x70226274e9
0x70225fe3f8[libsecsdk.so@0x213f8]		cbnz	w2, #-96	W2=0xad
0x70225fe398[libsecsdk.so@0x21398]		add	w25, w25, #1	W25=0x8
0x70225fe39c[libsecsdk.so@0x2139c]		add	x4, x27, #4000	X27=0x702260d000
0x70225fe3a0[libsecsdk.so@0x213a0]		and	w5, w25, #0x7	W25=0x9
0x70225fe3a4[libsecsdk.so@0x213a4]		ldr	x0, [x19, #40]	X19=0x708b79f4b8
0x70225fe3a8[libsecsdk.so@0x213a8]		sub	x3, x1, x0	X1=0x708b79f4c1 X0=0x708b79f4b8
0x70225fe3ac[libsecsdk.so@0x213ac]		ldr	w21, [x4, w5, sxtw #2]	X4=0x702260dfa0 W5=0x1
0x70225fe3b0[libsecsdk.so@0x213b0]		cmn	x3, #2	X3=0x9
0x70225fe3b4[libsecsdk.so@0x213b4]		eor	w2, w2, w21	W2=0xad W21=0x2
0x70225fe3b8[libsecsdk.so@0x213b8]		and	w21, w2, #0x7f	W2=0xaf
0x70225fe3bc[libsecsdk.so@0x213bc]		b.eq	#716	
0x70225fe3c0[libsecsdk.so@0x213c0]		cmp	x19, x0	X19=0x708b79f4b8 X0=0x708b79f4b8
0x70225fe3c4[libsecsdk.so@0x213c4]		b.eq	#564	
0x70225fe5f8[libsecsdk.so@0x215f8]		sub	x1, x19, x1	X19=0x708b79f4b8 X1=0x708b79f4c1
0x70225fe5fc[libsecsdk.so@0x215fc]		add	x1, x1, #32	X1=0xfffffffffffffff7
0x70225fe600[libsecsdk.so@0x21600]		b	#-560	
0x70225fe3d0[libsecsdk.so@0x213d0]		cmp	x1, #1	X1=0x17
0x70225fe3d4[libsecsdk.so@0x213d4]		b.ls	#76	
0x70225fe3d8[libsecsdk.so@0x213d8]		ldr	x1, [x19, #32]	X19=0x708b79f4b8
0x70225fe3dc[libsecsdk.so@0x213dc]		strb	wzr, [x1, #1]	X1=0x708b79f4c1
0x70225fe3e0[libsecsdk.so@0x213e0]		ldr	x1, [x19, #32]	X19=0x708b79f4b8
0x70225fe3e4[libsecsdk.so@0x213e4]		strb	w21, [x1]	W21=0x2f X1=0x708b79f4c1
0x70225fe3e8[libsecsdk.so@0x213e8]		ldr	x1, [x19, #32]	X19=0x708b79f4b8
0x70225fe3ec[libsecsdk.so@0x213ec]		add	x1, x1, #1	X1=0x708b79f4c1
0x70225fe3f0[libsecsdk.so@0x213f0]		str	x1, [x19, #32]	X1=0x708b79f4c2 X19=0x708b79f4b8
0x70225fe3f4[libsecsdk.so@0x213f4]		ldrb	w2, [x20], #1	X20=0x70226274ea
0x70225fe3f8[libsecsdk.so@0x213f8]		cbnz	w2, #-96	W2=0xca
0x70225fe398[libsecsdk.so@0x21398]		add	w25, w25, #1	W25=0x9
0x70225fe39c[libsecsdk.so@0x2139c]		add	x4, x27, #4000	X27=0x702260d000
0x70225fe3a0[libsecsdk.so@0x213a0]		and	w5, w25, #0x7	W25=0xa
0x70225fe3a4[libsecsdk.so@0x213a4]		ldr	x0, [x19, #40]	X19=0x708b79f4b8
0x70225fe3a8[libsecsdk.so@0x213a8]		sub	x3, x1, x0	X1=0x708b79f4c2 X0=0x708b79f4b8
0x70225fe3ac[libsecsdk.so@0x213ac]		ldr	w21, [x4, w5, sxtw #2]	X4=0x702260dfa0 W5=0x2
0x70225fe3b0[libsecsdk.so@0x213b0]		cmn	x3, #2	X3=0xa
0x70225fe3b4[libsecsdk.so@0x213b4]		eor	w2, w2, w21	W2=0xca W21=0x3
0x70225fe3b8[libsecsdk.so@0x213b8]		and	w21, w2, #0x7f	W2=0xc9
0x70225fe3bc[libsecsdk.so@0x213bc]		b.eq	#716	
0x70225fe3c0[libsecsdk.so@0x213c0]		cmp	x19, x0	X19=0x708b79f4b8 X0=0x708b79f4b8
0x70225fe3c4[libsecsdk.so@0x213c4]		b.eq	#564	
0x70225fe5f8[libsecsdk.so@0x215f8]		sub	x1, x19, x1	X19=0x708b79f4b8 X1=0x708b79f4c2
0x70225fe5fc[libsecsdk.so@0x215fc]		add	x1, x1, #32	X1=0xfffffffffffffff6
0x70225fe600[libsecsdk.so@0x21600]		b	#-560	
0x70225fe3d0[libsecsdk.so@0x213d0]		cmp	x1, #1	X1=0x16
0x70225fe3d4[libsecsdk.so@0x213d4]		b.ls	#76	
0x70225fe3d8[libsecsdk.so@0x213d8]		ldr	x1, [x19, #32]	X19=0x708b79f4b8
0x70225fe3dc[libsecsdk.so@0x213dc]		strb	wzr, [x1, #1]	X1=0x708b79f4c2
0x70225fe3e0[libsecsdk.so@0x213e0]		ldr	x1, [x19, #32]	X19=0x708b79f4b8
0x70225fe3e4[libsecsdk.so@0x213e4]		strb	w21, [x1]	W21=0x49 X1=0x708b79f4c2
0x70225fe3e8[libsecsdk.so@0x213e8]		ldr	x1, [x19, #32]	X19=0x708b79f4b8
0x70225fe3ec[libsecsdk.so@0x213ec]		add	x1, x1, #1	X1=0x708b79f4c2
0x70225fe3f0[libsecsdk.so@0x213f0]		str	x1, [x19, #32]	X1=0x708b79f4c3 X19=0x708b79f4b8
0x70225fe3f4[libsecsdk.so@0x213f4]		ldrb	w2, [x20], #1	X20=0x70226274eb
0x70225fe3f8[libsecsdk.so@0x213f8]		cbnz	w2, #-96	W2=0xea
0x70225fe398[libsecsdk.so@0x21398]		add	w25, w25, #1	W25=0xa
0x70225fe39c[libsecsdk.so@0x2139c]		add	x4, x27, #4000	X27=0x702260d000
0x70225fe3a0[libsecsdk.so@0x213a0]		and	w5, w25, #0x7	W25=0xb
0x70225fe3a4[libsecsdk.so@0x213a4]		ldr	x0, [x19, #40]	X19=0x708b79f4b8
0x70225fe3a8[libsecsdk.so@0x213a8]		sub	x3, x1, x0	X1=0x708b79f4c3 X0=0x708b79f4b8
0x70225fe3ac[libsecsdk.so@0x213ac]		ldr	w21, [x4, w5, sxtw #2]	X4=0x702260dfa0 W5=0x3
0x70225fe3b0[libsecsdk.so@0x213b0]		cmn	x3, #2	X3=0xb
0x70225fe3b4[libsecsdk.so@0x213b4]		eor	w2, w2, w21	W2=0xea W21=0x4
0x70225fe3b8[libsecsdk.so@0x213b8]		and	w21, w2, #0x7f	W2=0xee
0x70225fe3bc[libsecsdk.so@0x213bc]		b.eq	#716	
0x70225fe3c0[libsecsdk.so@0x213c0]		cmp	x19, x0	X19=0x708b79f4b8 X0=0x708b79f4b8
0x70225fe3c4[libsecsdk.so@0x213c4]		b.eq	#564	
0x70225fe5f8[libsecsdk.so@0x215f8]		sub	x1, x19, x1	X19=0x708b79f4b8 X1=0x708b79f4c3
0x70225fe5fc[libsecsdk.so@0x215fc]		add	x1, x1, #32	X1=0xfffffffffffffff5
0x70225fe600[libsecsdk.so@0x21600]		b	#-560	
0x70225fe3d0[libsecsdk.so@0x213d0]		cmp	x1, #1	X1=0x15
0x70225fe3d4[libsecsdk.so@0x213d4]		b.ls	#76	
0x70225fe3d8[libsecsdk.so@0x213d8]		ldr	x1, [x19, #32]	X19=0x708b79f4b8
0x70225fe3dc[libsecsdk.so@0x213dc]		strb	wzr, [x1, #1]	X1=0x708b79f4c3
0x70225fe3e0[libsecsdk.so@0x213e0]		ldr	x1, [x19, #32]	X19=0x708b79f4b8
0x70225fe3e4[libsecsdk.so@0x213e4]		strb	w21, [x1]	W21=0x6e X1=0x708b79f4c3
0x70225fe3e8[libsecsdk.so@0x213e8]		ldr	x1, [x19, #32]	X19=0x708b79f4b8
0x70225fe3ec[libsecsdk.so@0x213ec]		add	x1, x1, #1	X1=0x708b79f4c3
0x70225fe3f0[libsecsdk.so@0x213f0]		str	x1, [x19, #32]	X1=0x708b79f4c4 X19=0x708b79f4b8
0x70225fe3f4[libsecsdk.so@0x213f4]		ldrb	w2, [x20], #1	X20=0x70226274ec
0x70225fe3f8[libsecsdk.so@0x213f8]		cbnz	w2, #-96	W2=0xf1
0x70225fe398[libsecsdk.so@0x21398]		add	w25, w25, #1	W25=0xb
0x70225fe39c[libsecsdk.so@0x2139c]		add	x4, x27, #4000	X27=0x702260d000
0x70225fe3a0[libsecsdk.so@0x213a0]		and	w5, w25, #0x7	W25=0xc
0x70225fe3a4[libsecsdk.so@0x213a4]		ldr	x0, [x19, #40]	X19=0x708b79f4b8
0x70225fe3a8[libsecsdk.so@0x213a8]		sub	x3, x1, x0	X1=0x708b79f4c4 X0=0x708b79f4b8
0x70225fe3ac[libsecsdk.so@0x213ac]		ldr	w21, [x4, w5, sxtw #2]	X4=0x702260dfa0 W5=0x4
0x70225fe3b0[libsecsdk.so@0x213b0]		cmn	x3, #2	X3=0xc
0x70225fe3b4[libsecsdk.so@0x213b4]		eor	w2, w2, w21	W2=0xf1 W21=0x5
0x70225fe3b8[libsecsdk.so@0x213b8]		and	w21, w2, #0x7f	W2=0xf4
0x70225fe3bc[libsecsdk.so@0x213bc]		b.eq	#716	
0x70225fe3c0[libsecsdk.so@0x213c0]		cmp	x19, x0	X19=0x708b79f4b8 X0=0x708b79f4b8
0x70225fe3c4[libsecsdk.so@0x213c4]		b.eq	#564	
0x70225fe5f8[libsecsdk.so@0x215f8]		sub	x1, x19, x1	X19=0x708b79f4b8 X1=0x708b79f4c4
0x70225fe5fc[libsecsdk.so@0x215fc]		add	x1, x1, #32	X1=0xfffffffffffffff4
0x70225fe600[libsecsdk.so@0x21600]		b	#-560	
0x70225fe3d0[libsecsdk.so@0x213d0]		cmp	x1, #1	X1=0x14
0x70225fe3d4[libsecsdk.so@0x213d4]		b.ls	#76	
0x70225fe3d8[libsecsdk.so@0x213d8]		ldr	x1, [x19, #32]	X19=0x708b79f4b8
0x70225fe3dc[libsecsdk.so@0x213dc]		strb	wzr, [x1, #1]	X1=0x708b79f4c4
0x70225fe3e0[libsecsdk.so@0x213e0]		ldr	x1, [x19, #32]	X19=0x708b79f4b8
0x70225fe3e4[libsecsdk.so@0x213e4]		strb	w21, [x1]	W21=0x74 X1=0x708b79f4c4
0x70225fe3e8[libsecsdk.so@0x213e8]		ldr	x1, [x19, #32]	X19=0x708b79f4b8
0x70225fe3ec[libsecsdk.so@0x213ec]		add	x1, x1, #1	X1=0x708b79f4c4
0x70225fe3f0[libsecsdk.so@0x213f0]		str	x1, [x19, #32]	X1=0x708b79f4c5 X19=0x708b79f4b8
0x70225fe3f4[libsecsdk.so@0x213f4]		ldrb	w2, [x20], #1	X20=0x70226274ed
0x70225fe3f8[libsecsdk.so@0x213f8]		cbnz	w2, #-96	W2=0xe3
0x70225fe398[libsecsdk.so@0x21398]		add	w25, w25, #1	W25=0xc
0x70225fe39c[libsecsdk.so@0x2139c]		add	x4, x27, #4000	X27=0x702260d000
0x70225fe3a0[libsecsdk.so@0x213a0]		and	w5, w25, #0x7	W25=0xd
0x70225fe3a4[libsecsdk.so@0x213a4]		ldr	x0, [x19, #40]	X19=0x708b79f4b8
0x70225fe3a8[libsecsdk.so@0x213a8]		sub	x3, x1, x0	X1=0x708b79f4c5 X0=0x708b79f4b8
0x70225fe3ac[libsecsdk.so@0x213ac]		ldr	w21, [x4, w5, sxtw #2]	X4=0x702260dfa0 W5=0x5
0x70225fe3b0[libsecsdk.so@0x213b0]		cmn	x3, #2	X3=0xd
0x70225fe3b4[libsecsdk.so@0x213b4]		eor	w2, w2, w21	W2=0xe3 W21=0x6
0x70225fe3b8[libsecsdk.so@0x213b8]		and	w21, w2, #0x7f	W2=0xe5
0x70225fe3bc[libsecsdk.so@0x213bc]		b.eq	#716	
0x70225fe3c0[libsecsdk.so@0x213c0]		cmp	x19, x0	X19=0x708b79f4b8 X0=0x708b79f4b8
0x70225fe3c4[libsecsdk.so@0x213c4]		b.eq	#564	
0x70225fe5f8[libsecsdk.so@0x215f8]		sub	x1, x19, x1	X19=0x708b79f4b8 X1=0x708b79f4c5
0x70225fe5fc[libsecsdk.so@0x215fc]		add	x1, x1, #32	X1=0xfffffffffffffff3
0x70225fe600[libsecsdk.so@0x21600]		b	#-560	
0x70225fe3d0[libsecsdk.so@0x213d0]		cmp	x1, #1	X1=0x13
0x70225fe3d4[libsecsdk.so@0x213d4]		b.ls	#76	
0x70225fe3d8[libsecsdk.so@0x213d8]		ldr	x1, [x19, #32]	X19=0x708b79f4b8
0x70225fe3dc[libsecsdk.so@0x213dc]		strb	wzr, [x1, #1]	X1=0x708b79f4c5
0x70225fe3e0[libsecsdk.so@0x213e0]		ldr	x1, [x19, #32]	X19=0x708b79f4b8
0x70225fe3e4[libsecsdk.so@0x213e4]		strb	w21, [x1]	W21=0x65 X1=0x708b79f4c5
0x70225fe3e8[libsecsdk.so@0x213e8]		ldr	x1, [x19, #32]	X19=0x708b79f4b8
0x70225fe3ec[libsecsdk.so@0x213ec]		add	x1, x1, #1	X1=0x708b79f4c5
0x70225fe3f0[libsecsdk.so@0x213f0]		str	x1, [x19, #32]	X1=0x708b79f4c6 X19=0x708b79f4b8
0x70225fe3f4[libsecsdk.so@0x213f4]		ldrb	w2, [x20], #1	X20=0x70226274ee
0x70225fe3f8[libsecsdk.so@0x213f8]		cbnz	w2, #-96	W2=0xe0
0x70225fe398[libsecsdk.so@0x21398]		add	w25, w25, #1	W25=0xd
0x70225fe39c[libsecsdk.so@0x2139c]		add	x4, x27, #4000	X27=0x702260d000
0x70225fe3a0[libsecsdk.so@0x213a0]		and	w5, w25, #0x7	W25=0xe
0x70225fe3a4[libsecsdk.so@0x213a4]		ldr	x0, [x19, #40]	X19=0x708b79f4b8
0x70225fe3a8[libsecsdk.so@0x213a8]		sub	x3, x1, x0	X1=0x708b79f4c6 X0=0x708b79f4b8
0x70225fe3ac[libsecsdk.so@0x213ac]		ldr	w21, [x4, w5, sxtw #2]	X4=0x702260dfa0 W5=0x6
0x70225fe3b0[libsecsdk.so@0x213b0]		cmn	x3, #2	X3=0xe
0x70225fe3b4[libsecsdk.so@0x213b4]		eor	w2, w2, w21	W2=0xe0 W21=0x7
0x70225fe3b8[libsecsdk.so@0x213b8]		and	w21, w2, #0x7f	W2=0xe7
0x70225fe3bc[libsecsdk.so@0x213bc]		b.eq	#716	
0x70225fe3c0[libsecsdk.so@0x213c0]		cmp	x19, x0	X19=0x708b79f4b8 X0=0x708b79f4b8
0x70225fe3c4[libsecsdk.so@0x213c4]		b.eq	#564	
0x70225fe5f8[libsecsdk.so@0x215f8]		sub	x1, x19, x1	X19=0x708b79f4b8 X1=0x708b79f4c6
0x70225fe5fc[libsecsdk.so@0x215fc]		add	x1, x1, #32	X1=0xfffffffffffffff2
0x70225fe600[libsecsdk.so@0x21600]		b	#-560	
0x70225fe3d0[libsecsdk.so@0x213d0]		cmp	x1, #1	X1=0x12
0x70225fe3d4[libsecsdk.so@0x213d4]		b.ls	#76	
0x70225fe3d8[libsecsdk.so@0x213d8]		ldr	x1, [x19, #32]	X19=0x708b79f4b8
0x70225fe3dc[libsecsdk.so@0x213dc]		strb	wzr, [x1, #1]	X1=0x708b79f4c6
0x70225fe3e0[libsecsdk.so@0x213e0]		ldr	x1, [x19, #32]	X19=0x708b79f4b8
0x70225fe3e4[libsecsdk.so@0x213e4]		strb	w21, [x1]	W21=0x67 X1=0x708b79f4c6
0x70225fe3e8[libsecsdk.so@0x213e8]		ldr	x1, [x19, #32]	X19=0x708b79f4b8
0x70225fe3ec[libsecsdk.so@0x213ec]		add	x1, x1, #1	X1=0x708b79f4c6
0x70225fe3f0[libsecsdk.so@0x213f0]		str	x1, [x19, #32]	X1=0x708b79f4c7 X19=0x708b79f4b8
0x70225fe3f4[libsecsdk.so@0x213f4]		ldrb	w2, [x20], #1	X20=0x70226274ef
0x70225fe3f8[libsecsdk.so@0x213f8]		cbnz	w2, #-96	W2=0xed
0x70225fe398[libsecsdk.so@0x21398]		add	w25, w25, #1	W25=0xe
0x70225fe39c[libsecsdk.so@0x2139c]		add	x4, x27, #4000	X27=0x702260d000
0x70225fe3a0[libsecsdk.so@0x213a0]		and	w5, w25, #0x7	W25=0xf
0x70225fe3a4[libsecsdk.so@0x213a4]		ldr	x0, [x19, #40]	X19=0x708b79f4b8
0x70225fe3a8[libsecsdk.so@0x213a8]		sub	x3, x1, x0	X1=0x708b79f4c7 X0=0x708b79f4b8
0x70225fe3ac[libsecsdk.so@0x213ac]		ldr	w21, [x4, w5, sxtw #2]	X4=0x702260dfa0 W5=0x7
0x70225fe3b0[libsecsdk.so@0x213b0]		cmn	x3, #2	X3=0xf
0x70225fe3b4[libsecsdk.so@0x213b4]		eor	w2, w2, w21	W2=0xed W21=0x8
0x70225fe3b8[libsecsdk.so@0x213b8]		and	w21, w2, #0x7f	W2=0xe5
0x70225fe3bc[libsecsdk.so@0x213bc]		b.eq	#716	
0x70225fe3c0[libsecsdk.so@0x213c0]		cmp	x19, x0	X19=0x708b79f4b8 X0=0x708b79f4b8
0x70225fe3c4[libsecsdk.so@0x213c4]		b.eq	#564	
0x70225fe5f8[libsecsdk.so@0x215f8]		sub	x1, x19, x1	X19=0x708b79f4b8 X1=0x708b79f4c7
0x70225fe5fc[libsecsdk.so@0x215fc]		add	x1, x1, #32	X1=0xfffffffffffffff1
0x70225fe600[libsecsdk.so@0x21600]		b	#-560	
0x70225fe3d0[libsecsdk.so@0x213d0]		cmp	x1, #1	X1=0x11
0x70225fe3d4[libsecsdk.so@0x213d4]		b.ls	#76	
0x70225fe3d8[libsecsdk.so@0x213d8]		ldr	x1, [x19, #32]	X19=0x708b79f4b8
0x70225fe3dc[libsecsdk.so@0x213dc]		strb	wzr, [x1, #1]	X1=0x708b79f4c7
0x70225fe3e0[libsecsdk.so@0x213e0]		ldr	x1, [x19, #32]	X19=0x708b79f4b8
0x70225fe3e4[libsecsdk.so@0x213e4]		strb	w21, [x1]	W21=0x65 X1=0x708b79f4c7
0x70225fe3e8[libsecsdk.so@0x213e8]		ldr	x1, [x19, #32]	X19=0x708b79f4b8
0x70225fe3ec[libsecsdk.so@0x213ec]		add	x1, x1, #1	X1=0x708b79f4c7
0x70225fe3f0[libsecsdk.so@0x213f0]		str	x1, [x19, #32]	X1=0x708b79f4c8 X19=0x708b79f4b8
0x70225fe3f4[libsecsdk.so@0x213f4]		ldrb	w2, [x20], #1	X20=0x70226274f0
0x70225fe3f8[libsecsdk.so@0x213f8]		cbnz	w2, #-96	W2=0xf3
0x70225fe398[libsecsdk.so@0x21398]		add	w25, w25, #1	W25=0xf
0x70225fe39c[libsecsdk.so@0x2139c]		add	x4, x27, #4000	X27=0x702260d000
0x70225fe3a0[libsecsdk.so@0x213a0]		and	w5, w25, #0x7	W25=0x10
0x70225fe3a4[libsecsdk.so@0x213a4]		ldr	x0, [x19, #40]	X19=0x708b79f4b8
0x70225fe3a8[libsecsdk.so@0x213a8]		sub	x3, x1, x0	X1=0x708b79f4c8 X0=0x708b79f4b8
0x70225fe3ac[libsecsdk.so@0x213ac]		ldr	w21, [x4, w5, sxtw #2]	X4=0x702260dfa0 W5=0x0
0x70225fe3b0[libsecsdk.so@0x213b0]		cmn	x3, #2	X3=0x10
0x70225fe3b4[libsecsdk.so@0x213b4]		eor	w2, w2, w21	W2=0xf3 W21=0x1
0x70225fe3b8[libsecsdk.so@0x213b8]		and	w21, w2, #0x7f	W2=0xf2
0x70225fe3bc[libsecsdk.so@0x213bc]		b.eq	#716	
0x70225fe3c0[libsecsdk.so@0x213c0]		cmp	x19, x0	X19=0x708b79f4b8 X0=0x708b79f4b8
0x70225fe3c4[libsecsdk.so@0x213c4]		b.eq	#564	
0x70225fe5f8[libsecsdk.so@0x215f8]		sub	x1, x19, x1	X19=0x708b79f4b8 X1=0x708b79f4c8
0x70225fe5fc[libsecsdk.so@0x215fc]		add	x1, x1, #32	X1=0xfffffffffffffff0
0x70225fe600[libsecsdk.so@0x21600]		b	#-560	
0x70225fe3d0[libsecsdk.so@0x213d0]		cmp	x1, #1	X1=0x10
0x70225fe3d4[libsecsdk.so@0x213d4]		b.ls	#76	
0x70225fe3d8[libsecsdk.so@0x213d8]		ldr	x1, [x19, #32]	X19=0x708b79f4b8
0x70225fe3dc[libsecsdk.so@0x213dc]		strb	wzr, [x1, #1]	X1=0x708b79f4c8
0x70225fe3e0[libsecsdk.so@0x213e0]		ldr	x1, [x19, #32]	X19=0x708b79f4b8
0x70225fe3e4[libsecsdk.so@0x213e4]		strb	w21, [x1]	W21=0x72 X1=0x708b79f4c8
0x70225fe3e8[libsecsdk.so@0x213e8]		ldr	x1, [x19, #32]	X19=0x708b79f4b8
0x70225fe3ec[libsecsdk.so@0x213ec]		add	x1, x1, #1	X1=0x708b79f4c8
0x70225fe3f0[libsecsdk.so@0x213f0]		str	x1, [x19, #32]	X1=0x708b79f4c9 X19=0x708b79f4b8
0x70225fe3f4[libsecsdk.so@0x213f4]		ldrb	w2, [x20], #1	X20=0x70226274f1
0x70225fe3f8[libsecsdk.so@0x213f8]		cbnz	w2, #-96	W2=0x0
0x70225fe3fc[libsecsdk.so@0x213fc]		mov	x0, x19	X19=0x708b79f4b8
0x70225fe400[libsecsdk.so@0x21400]		ldr	x30, [sp, #80]	SP=0x708b79f360
0x70225fe404[libsecsdk.so@0x21404]		ldp	x19, x20, [sp]	SP=0x708b79f360
0x70225fe408[libsecsdk.so@0x21408]		ldp	x21, x22, [sp, #16]	SP=0x708b79f360
0x70225fe40c[libsecsdk.so@0x2140c]		ldp	x23, x24, [sp, #32]	SP=0x708b79f360
0x70225fe410[libsecsdk.so@0x21410]		ldp	x25, x26, [sp, #48]	SP=0x708b79f360
0x70225fe414[libsecsdk.so@0x21414]		ldp	x27, x28, [sp, #64]	SP=0x708b79f360
0x70225fe418[libsecsdk.so@0x21418]		add	sp, sp, #112	SP=0x708b79f360
0x70225fe41c[libsecsdk.so@0x2141c]		ret	LR=0x70226006d8
0x70226006d8[libsecsdk.so@0x236d8]		ldr	x1, [sp, #272]	SP=0x708b79f3d0
0x70226006dc[libsecsdk.so@0x236dc]		mov	x0, x21	X21=0x708b79f458
0x70226006e0[libsecsdk.so@0x236e0]		ldr	x2, [sp, #264]	SP=0x708b79f3d0
0x70226006e4[libsecsdk.so@0x236e4]		bl	#-91732	SP=0x708b79f3d0
0x70225ea090[libsecsdk.so@0xd090]		sub	sp, sp, #96	SP=0x708b79f3d0
0x70225ea094[libsecsdk.so@0xd094]		stp	x19, x20, [sp]	X19=0x0 X20=0x708b79f428 SP=0x708b79f370
0x70225ea098[libsecsdk.so@0xd098]		stp	x21, x22, [sp, #16]	X21=0x708b79f458 X22=0x708b79f488 SP=0x708b79f370
0x70225ea09c[libsecsdk.so@0xd09c]		stp	x25, x26, [sp, #48]	X25=0x708a819500 X26=0x49 SP=0x708b79f370
0x70225ea0a0[libsecsdk.so@0xd0a0]		stp	x23, x24, [sp, #32]	X23=0x7022626000 X24=0x708b79f4b8 SP=0x708b79f370
0x70225ea0a4[libsecsdk.so@0xd0a4]		str	x30, [sp, #64]	LR=0x70226006e8 SP=0x708b79f370
0x70225ea0a8[libsecsdk.so@0xd0a8]		mov	x20, x0	X0=0x708b79f458
0x70225ea0ac[libsecsdk.so@0xd0ac]		sub	x22, x2, x1	X2=0x708b79f4c9 X1=0x708b79f4b8
0x70225ea0b0[libsecsdk.so@0xd0b0]		mov	x26, x1	X1=0x708b79f4b8
0x70225ea0b4[libsecsdk.so@0xd0b4]		ldr	x3, [x0, #32]	X0=0x708b79f458
0x70225ea0b8[libsecsdk.so@0xd0b8]		mov	x19, x2	X2=0x708b79f4c9
0x70225ea0bc[libsecsdk.so@0xd0bc]		ldr	x0, [x0, #40]	X0=0x708b79f458
0x70225ea0c0[libsecsdk.so@0xd0c0]		sub	x21, x3, x0	X3=0x708b79f458 X0=0x708b79f458
0x70225ea0c4[libsecsdk.so@0xd0c4]		cmp	x22, x21	X22=0x11 X21=0x0
0x70225ea0c8[libsecsdk.so@0xd0c8]		b.hi	#76	
0x70225ea114[libsecsdk.so@0xd114]		cbnz	x21, #480	X21=0x0
0x70225ea118[libsecsdk.so@0xd118]		add	x22, x26, x21	X26=0x708b79f4b8 X21=0x0
0x70225ea11c[libsecsdk.so@0xd11c]		cmp	x19, x22	X19=0x708b79f4c9 X22=0x708b79f4b8
0x70225ea120[libsecsdk.so@0xd120]		b.eq	#-44	
0x70225ea124[libsecsdk.so@0xd124]		cmp	x20, x0	X20=0x708b79f458 X0=0x708b79f458
0x70225ea128[libsecsdk.so@0xd128]		sub	x23, x19, x22	X19=0x708b79f4c9 X22=0x708b79f4b8
0x70225ea12c[libsecsdk.so@0xd12c]		b.eq	#1388	
0x70225ea698[libsecsdk.so@0xd698]		sub	x2, x20, x3	X20=0x708b79f458 X3=0x708b79f458
0x70225ea69c[libsecsdk.so@0xd69c]		add	x2, x2, #32	X2=0x0
0x70225ea6a0[libsecsdk.so@0xd6a0]		b	#-1384	
0x70225ea138[libsecsdk.so@0xd138]		cmp	x23, x2	X23=0x11 X2=0x20
0x70225ea13c[libsecsdk.so@0xd13c]		b.hs	#508	
0x70225ea140[libsecsdk.so@0xd140]		add	x0, x22, #1	X22=0x708b79f4b8
0x70225ea144[libsecsdk.so@0xd144]		add	x4, x3, #1	X3=0x708b79f458
0x70225ea148[libsecsdk.so@0xd148]		sub	x19, x19, x0	X19=0x708b79f4c9 X0=0x708b79f4b9
0x70225ea14c[libsecsdk.so@0xd14c]		cmp	x19, xzr	X19=0x10
0x70225ea150[libsecsdk.so@0xd150]		b.le	#360	
0x70225ea154[libsecsdk.so@0xd154]		cmp	x19, #15	X19=0x10
0x70225ea158[libsecsdk.so@0xd158]		add	x5, x21, #1	X21=0x0
0x70225ea15c[libsecsdk.so@0xd15c]		add	x5, x26, x5	X26=0x708b79f4b8 X5=0x1
0x70225ea160[libsecsdk.so@0xd160]		b.ls	#1384	
0x70225ea164[libsecsdk.so@0xd164]		add	x3, x3, #17	X3=0x708b79f458
0x70225ea168[libsecsdk.so@0xd168]		add	x21, x21, #17	X21=0x0
0x70225ea16c[libsecsdk.so@0xd16c]		cmp	x5, x3	X5=0x708b79f4b9 X3=0x708b79f469
0x70225ea170[libsecsdk.so@0xd170]		add	x21, x26, x21	X26=0x708b79f4b8 X21=0x11
0x70225ea174[libsecsdk.so@0xd174]		cset	w2, hs	
0x70225ea178[libsecsdk.so@0xd178]		cmp	x4, x21	X4=0x708b79f459 X21=0x708b79f4c9
0x70225ea17c[libsecsdk.so@0xd17c]		cset	w1, hs	
0x70225ea180[libsecsdk.so@0xd180]		orr	w1, w2, w1	W2=0x1 W1=0x0
0x70225ea184[libsecsdk.so@0xd184]		cbz	w1, #1348	W1=0x1
0x70225ea188[libsecsdk.so@0xd188]		sub	x1, x19, #16	X19=0x10
0x70225ea18c[libsecsdk.so@0xd18c]		mov	x6, x4	X4=0x708b79f459
0x70225ea190[libsecsdk.so@0xd190]		lsr	x1, x1, #4	X1=0x0
0x70225ea194[libsecsdk.so@0xd194]		mov	x2, #0	
0x70225ea198[libsecsdk.so@0xd198]		add	x1, x1, #1	X1=0x0
0x70225ea19c[libsecsdk.so@0xd19c]		lsl	x3, x1, #4	X1=0x1
0x70225ea1a0[libsecsdk.so@0xd1a0]		ldr	q0, [x5], #16	X5=0x708b79f4b9
0x70225ea1a4[libsecsdk.so@0xd1a4]		add	x2, x2, #1	X2=0x0
0x70225ea1a8[libsecsdk.so@0xd1a8]		cmp	x2, x1	X2=0x1 X1=0x1
0x70225ea1ac[libsecsdk.so@0xd1ac]		str	q0, [x6], #16	X6=0x708b79f459
0x70225ea1b0[libsecsdk.so@0xd1b0]		b.lo	#-16	
0x70225ea1b4[libsecsdk.so@0xd1b4]		cmp	x19, x3	X19=0x10 X3=0x10
0x70225ea1b8[libsecsdk.so@0xd1b8]		add	x2, x0, x3	X0=0x708b79f4b9 X3=0x10
0x70225ea1bc[libsecsdk.so@0xd1bc]		add	x1, x4, x3	X4=0x708b79f459 X3=0x10
0x70225ea1c0[libsecsdk.so@0xd1c0]		sub	x19, x19, x3	X19=0x10 X3=0x10
0x70225ea1c4[libsecsdk.so@0xd1c4]		b.eq	#240	
0x70225ea2b4[libsecsdk.so@0xd2b4]		ldr	x3, [x20, #32]	X20=0x708b79f458
0x70225ea2b8[libsecsdk.so@0xd2b8]		strb	wzr, [x3, x23]	X3=0x708b79f458 X23=0x11
0x70225ea2bc[libsecsdk.so@0xd2bc]		ldr	x0, [x20, #32]	X20=0x708b79f458
0x70225ea2c0[libsecsdk.so@0xd2c0]		ldrb	w1, [x22]	X22=0x708b79f4b8
0x70225ea2c4[libsecsdk.so@0xd2c4]		strb	w1, [x0]	W1=0x6a X0=0x708b79f458
0x70225ea2c8[libsecsdk.so@0xd2c8]		ldr	x0, [x20, #32]	X20=0x708b79f458
0x70225ea2cc[libsecsdk.so@0xd2cc]		add	x23, x0, x23	X0=0x708b79f458 X23=0x11
0x70225ea2d0[libsecsdk.so@0xd2d0]		str	x23, [x20, #32]	X23=0x708b79f469 X20=0x708b79f458
0x70225ea2d4[libsecsdk.so@0xd2d4]		mov	x0, x20	X20=0x708b79f458
0x70225ea2d8[libsecsdk.so@0xd2d8]		ldp	x19, x20, [sp]	SP=0x708b79f370
0x70225ea2dc[libsecsdk.so@0xd2dc]		ldp	x21, x22, [sp, #16]	SP=0x708b79f370
0x70225ea2e0[libsecsdk.so@0xd2e0]		ldp	x23, x24, [sp, #32]	SP=0x708b79f370
0x70225ea2e4[libsecsdk.so@0xd2e4]		ldp	x25, x26, [sp, #48]	SP=0x708b79f370
0x70225ea2e8[libsecsdk.so@0xd2e8]		ldr	x30, [sp, #64]	SP=0x708b79f370
0x70225ea2ec[libsecsdk.so@0xd2ec]		add	sp, sp, #96	SP=0x708b79f370
0x70225ea2f0[libsecsdk.so@0xd2f0]		ret	LR=0x70226006e8
0x70226006e8[libsecsdk.so@0x236e8]		ldr	x0, [sp, #272]	SP=0x708b79f3d0
0x70226006ec[libsecsdk.so@0x236ec]		cmp	x0, x24	X0=0x708b79f4b8 X24=0x708b79f4b8
0x70226006f0[libsecsdk.so@0x236f0]		b.eq	#28	
0x702260070c[libsecsdk.so@0x2370c]		adrp	x0, #159744	
0x7022600710[libsecsdk.so@0x23710]		mov	x8, x24	X24=0x708b79f4b8
0x7022600714[libsecsdk.so@0x23714]		add	x0, x0, #1504	X0=0x7022627000
0x7022600718[libsecsdk.so@0x23718]		bl	#-9188	SP=0x708b79f3d0
0x70225fe334[libsecsdk.so@0x21334]		sub	sp, sp, #112	SP=0x708b79f3d0
0x70225fe338[libsecsdk.so@0x21338]		stp	x19, x20, [sp]	X19=0x0 X20=0x708b79f428 SP=0x708b79f360
0x70225fe33c[libsecsdk.so@0x2133c]		mov	x19, x8	X8=0x708b79f4b8
0x70225fe340[libsecsdk.so@0x21340]		str	x30, [sp, #80]	LR=0x702260071c SP=0x708b79f360
0x70225fe344[libsecsdk.so@0x21344]		stp	x21, x22, [sp, #16]	X21=0x708b79f458 X22=0x708b79f488 SP=0x708b79f360
0x70225fe348[libsecsdk.so@0x21348]		stp	x23, x24, [sp, #32]	X23=0x7022626000 X24=0x708b79f4b8 SP=0x708b79f360
0x70225fe34c[libsecsdk.so@0x2134c]		stp	x25, x26, [sp, #48]	X25=0x708a819500 X26=0x49 SP=0x708b79f360
0x70225fe350[libsecsdk.so@0x21350]		stp	x27, x28, [sp, #64]	X27=0x708a81f3e8 X28=0x708b79f578 SP=0x708b79f360
0x70225fe354[libsecsdk.so@0x21354]		str	x8, [x19, #32]	X8=0x708b79f4b8 X19=0x708b79f4b8
0x70225fe358[libsecsdk.so@0x21358]		str	x8, [x19, #40]	X8=0x708b79f4b8 X19=0x708b79f4b8
0x70225fe35c[libsecsdk.so@0x2135c]		strb	wzr, [x8]	X8=0x708b79f4b8
0x70225fe360[libsecsdk.so@0x21360]		cbz	x0, #156	X0=0x70226275e0
0x70225fe364[libsecsdk.so@0x21364]		mov	x20, x0	X0=0x70226275e0
0x70225fe368[libsecsdk.so@0x21368]		ldrb	w21, [x20], #1	X20=0x70226275e0
0x70225fe36c[libsecsdk.so@0x2136c]		cbz	w21, #144	W21=0xa9
0x70225fe370[libsecsdk.so@0x21370]		eor	w21, w21, #0x1	W21=0xa9
0x70225fe374[libsecsdk.so@0x21374]		mov	x3, #0	
0x70225fe378[libsecsdk.so@0x21378]		and	w21, w21, #0x7f	W21=0xa8
0x70225fe37c[libsecsdk.so@0x2137c]		mov	x0, x8	X8=0x708b79f4b8
0x70225fe380[libsecsdk.so@0x21380]		mov	x1, x8	X8=0x708b79f4b8
0x70225fe384[libsecsdk.so@0x21384]		mov	w25, w3	W3=0x0
0x70225fe388[libsecsdk.so@0x21388]		mov	x23, #-2	
0x70225fe38c[libsecsdk.so@0x2138c]		add	x24, sp, #104	SP=0x708b79f360
0x70225fe390[libsecsdk.so@0x21390]		adrp	x27, #61440	
0x70225fe394[libsecsdk.so@0x21394]		b	#44	
0x70225fe3c0[libsecsdk.so@0x213c0]		cmp	x19, x0	X19=0x708b79f4b8 X0=0x708b79f4b8
0x70225fe3c4[libsecsdk.so@0x213c4]		b.eq	#564	
0x70225fe5f8[libsecsdk.so@0x215f8]		sub	x1, x19, x1	X19=0x708b79f4b8 X1=0x708b79f4b8
0x70225fe5fc[libsecsdk.so@0x215fc]		add	x1, x1, #32	X1=0x0
0x70225fe600[libsecsdk.so@0x21600]		b	#-560	
0x70225fe3d0[libsecsdk.so@0x213d0]		cmp	x1, #1	X1=0x20
0x70225fe3d4[libsecsdk.so@0x213d4]		b.ls	#76	
0x70225fe3d8[libsecsdk.so@0x213d8]		ldr	x1, [x19, #32]	X19=0x708b79f4b8
0x70225fe3dc[libsecsdk.so@0x213dc]		strb	wzr, [x1, #1]	X1=0x708b79f4b8
0x70225fe3e0[libsecsdk.so@0x213e0]		ldr	x1, [x19, #32]	X19=0x708b79f4b8
0x70225fe3e4[libsecsdk.so@0x213e4]		strb	w21, [x1]	W21=0x28 X1=0x708b79f4b8
0x70225fe3e8[libsecsdk.so@0x213e8]		ldr	x1, [x19, #32]	X19=0x708b79f4b8
0x70225fe3ec[libsecsdk.so@0x213ec]		add	x1, x1, #1	X1=0x708b79f4b8
0x70225fe3f0[libsecsdk.so@0x213f0]		str	x1, [x19, #32]	X1=0x708b79f4b9 X19=0x708b79f4b8
0x70225fe3f4[libsecsdk.so@0x213f4]		ldrb	w2, [x20], #1	X20=0x70226275e1
0x70225fe3f8[libsecsdk.so@0x213f8]		cbnz	w2, #-96	W2=0xab
0x70225fe398[libsecsdk.so@0x21398]		add	w25, w25, #1	W25=0x0
0x70225fe39c[libsecsdk.so@0x2139c]		add	x4, x27, #4000	X27=0x702260d000
0x70225fe3a0[libsecsdk.so@0x213a0]		and	w5, w25, #0x7	W25=0x1
0x70225fe3a4[libsecsdk.so@0x213a4]		ldr	x0, [x19, #40]	X19=0x708b79f4b8
0x70225fe3a8[libsecsdk.so@0x213a8]		sub	x3, x1, x0	X1=0x708b79f4b9 X0=0x708b79f4b8
0x70225fe3ac[libsecsdk.so@0x213ac]		ldr	w21, [x4, w5, sxtw #2]	X4=0x702260dfa0 W5=0x1
0x70225fe3b0[libsecsdk.so@0x213b0]		cmn	x3, #2	X3=0x1
0x70225fe3b4[libsecsdk.so@0x213b4]		eor	w2, w2, w21	W2=0xab W21=0x2
0x70225fe3b8[libsecsdk.so@0x213b8]		and	w21, w2, #0x7f	W2=0xa9
0x70225fe3bc[libsecsdk.so@0x213bc]		b.eq	#716	
0x70225fe3c0[libsecsdk.so@0x213c0]		cmp	x19, x0	X19=0x708b79f4b8 X0=0x708b79f4b8
0x70225fe3c4[libsecsdk.so@0x213c4]		b.eq	#564	
0x70225fe5f8[libsecsdk.so@0x215f8]		sub	x1, x19, x1	X19=0x708b79f4b8 X1=0x708b79f4b9
0x70225fe5fc[libsecsdk.so@0x215fc]		add	x1, x1, #32	X1=0xffffffffffffffff
0x70225fe600[libsecsdk.so@0x21600]		b	#-560	
0x70225fe3d0[libsecsdk.so@0x213d0]		cmp	x1, #1	X1=0x1f
0x70225fe3d4[libsecsdk.so@0x213d4]		b.ls	#76	
0x70225fe3d8[libsecsdk.so@0x213d8]		ldr	x1, [x19, #32]	X19=0x708b79f4b8
0x70225fe3dc[libsecsdk.so@0x213dc]		strb	wzr, [x1, #1]	X1=0x708b79f4b9
0x70225fe3e0[libsecsdk.so@0x213e0]		ldr	x1, [x19, #32]	X19=0x708b79f4b8
0x70225fe3e4[libsecsdk.so@0x213e4]		strb	w21, [x1]	W21=0x29 X1=0x708b79f4b9
0x70225fe3e8[libsecsdk.so@0x213e8]		ldr	x1, [x19, #32]	X19=0x708b79f4b8
0x70225fe3ec[libsecsdk.so@0x213ec]		add	x1, x1, #1	X1=0x708b79f4b9
0x70225fe3f0[libsecsdk.so@0x213f0]		str	x1, [x19, #32]	X1=0x708b79f4ba X19=0x708b79f4b8
0x70225fe3f4[libsecsdk.so@0x213f4]		ldrb	w2, [x20], #1	X20=0x70226275e2
0x70225fe3f8[libsecsdk.so@0x213f8]		cbnz	w2, #-96	W2=0xca
0x70225fe398[libsecsdk.so@0x21398]		add	w25, w25, #1	W25=0x1
0x70225fe39c[libsecsdk.so@0x2139c]		add	x4, x27, #4000	X27=0x702260d000
0x70225fe3a0[libsecsdk.so@0x213a0]		and	w5, w25, #0x7	W25=0x2
0x70225fe3a4[libsecsdk.so@0x213a4]		ldr	x0, [x19, #40]	X19=0x708b79f4b8
0x70225fe3a8[libsecsdk.so@0x213a8]		sub	x3, x1, x0	X1=0x708b79f4ba X0=0x708b79f4b8
0x70225fe3ac[libsecsdk.so@0x213ac]		ldr	w21, [x4, w5, sxtw #2]	X4=0x702260dfa0 W5=0x2
0x70225fe3b0[libsecsdk.so@0x213b0]		cmn	x3, #2	X3=0x2
0x70225fe3b4[libsecsdk.so@0x213b4]		eor	w2, w2, w21	W2=0xca W21=0x3
0x70225fe3b8[libsecsdk.so@0x213b8]		and	w21, w2, #0x7f	W2=0xc9
0x70225fe3bc[libsecsdk.so@0x213bc]		b.eq	#716	
0x70225fe3c0[libsecsdk.so@0x213c0]		cmp	x19, x0	X19=0x708b79f4b8 X0=0x708b79f4b8
0x70225fe3c4[libsecsdk.so@0x213c4]		b.eq	#564	
0x70225fe5f8[libsecsdk.so@0x215f8]		sub	x1, x19, x1	X19=0x708b79f4b8 X1=0x708b79f4ba
0x70225fe5fc[libsecsdk.so@0x215fc]		add	x1, x1, #32	X1=0xfffffffffffffffe
0x70225fe600[libsecsdk.so@0x21600]		b	#-560	
0x70225fe3d0[libsecsdk.so@0x213d0]		cmp	x1, #1	X1=0x1e
0x70225fe3d4[libsecsdk.so@0x213d4]		b.ls	#76	
0x70225fe3d8[libsecsdk.so@0x213d8]		ldr	x1, [x19, #32]	X19=0x708b79f4b8
0x70225fe3dc[libsecsdk.so@0x213dc]		strb	wzr, [x1, #1]	X1=0x708b79f4ba
0x70225fe3e0[libsecsdk.so@0x213e0]		ldr	x1, [x19, #32]	X19=0x708b79f4b8
0x70225fe3e4[libsecsdk.so@0x213e4]		strb	w21, [x1]	W21=0x49 X1=0x708b79f4ba
0x70225fe3e8[libsecsdk.so@0x213e8]		ldr	x1, [x19, #32]	X19=0x708b79f4b8
0x70225fe3ec[libsecsdk.so@0x213ec]		add	x1, x1, #1	X1=0x708b79f4ba
0x70225fe3f0[libsecsdk.so@0x213f0]		str	x1, [x19, #32]	X1=0x708b79f4bb X19=0x708b79f4b8
0x70225fe3f4[libsecsdk.so@0x213f4]		ldrb	w2, [x20], #1	X20=0x70226275e3
0x70225fe3f8[libsecsdk.so@0x213f8]		cbnz	w2, #-96	W2=0x0
0x70225fe3fc[libsecsdk.so@0x213fc]		mov	x0, x19	X19=0x708b79f4b8
0x70225fe400[libsecsdk.so@0x21400]		ldr	x30, [sp, #80]	SP=0x708b79f360
0x70225fe404[libsecsdk.so@0x21404]		ldp	x19, x20, [sp]	SP=0x708b79f360
0x70225fe408[libsecsdk.so@0x21408]		ldp	x21, x22, [sp, #16]	SP=0x708b79f360
0x70225fe40c[libsecsdk.so@0x2140c]		ldp	x23, x24, [sp, #32]	SP=0x708b79f360
0x70225fe410[libsecsdk.so@0x21410]		ldp	x25, x26, [sp, #48]	SP=0x708b79f360
0x70225fe414[libsecsdk.so@0x21414]		ldp	x27, x28, [sp, #64]	SP=0x708b79f360
0x70225fe418[libsecsdk.so@0x21418]		add	sp, sp, #112	SP=0x708b79f360
0x70225fe41c[libsecsdk.so@0x2141c]		ret	LR=0x702260071c
0x702260071c[libsecsdk.so@0x2371c]		ldr	x1, [sp, #272]	SP=0x708b79f3d0
0x7022600720[libsecsdk.so@0x23720]		mov	x0, x20	X20=0x708b79f428
0x7022600724[libsecsdk.so@0x23724]		ldr	x2, [sp, #264]	SP=0x708b79f3d0
0x7022600728[libsecsdk.so@0x23728]		bl	#-91800	SP=0x708b79f3d0
0x70225ea090[libsecsdk.so@0xd090]		sub	sp, sp, #96	SP=0x708b79f3d0
0x70225ea094[libsecsdk.so@0xd094]		stp	x19, x20, [sp]	X19=0x0 X20=0x708b79f428 SP=0x708b79f370
0x70225ea098[libsecsdk.so@0xd098]		stp	x21, x22, [sp, #16]	X21=0x708b79f458 X22=0x708b79f488 SP=0x708b79f370
0x70225ea09c[libsecsdk.so@0xd09c]		stp	x25, x26, [sp, #48]	X25=0x708a819500 X26=0x49 SP=0x708b79f370
0x70225ea0a0[libsecsdk.so@0xd0a0]		stp	x23, x24, [sp, #32]	X23=0x7022626000 X24=0x708b79f4b8 SP=0x708b79f370
0x70225ea0a4[libsecsdk.so@0xd0a4]		str	x30, [sp, #64]	LR=0x702260072c SP=0x708b79f370
0x70225ea0a8[libsecsdk.so@0xd0a8]		mov	x20, x0	X0=0x708b79f428
0x70225ea0ac[libsecsdk.so@0xd0ac]		sub	x22, x2, x1	X2=0x708b79f4bb X1=0x708b79f4b8
0x70225ea0b0[libsecsdk.so@0xd0b0]		mov	x26, x1	X1=0x708b79f4b8
0x70225ea0b4[libsecsdk.so@0xd0b4]		ldr	x3, [x0, #32]	X0=0x708b79f428
0x70225ea0b8[libsecsdk.so@0xd0b8]		mov	x19, x2	X2=0x708b79f4bb
0x70225ea0bc[libsecsdk.so@0xd0bc]		ldr	x0, [x0, #40]	X0=0x708b79f428
0x70225ea0c0[libsecsdk.so@0xd0c0]		sub	x21, x3, x0	X3=0x708b79f428 X0=0x708b79f428
0x70225ea0c4[libsecsdk.so@0xd0c4]		cmp	x22, x21	X22=0x3 X21=0x0
0x70225ea0c8[libsecsdk.so@0xd0c8]		b.hi	#76	
0x70225ea114[libsecsdk.so@0xd114]		cbnz	x21, #480	X21=0x0
0x70225ea118[libsecsdk.so@0xd118]		add	x22, x26, x21	X26=0x708b79f4b8 X21=0x0
0x70225ea11c[libsecsdk.so@0xd11c]		cmp	x19, x22	X19=0x708b79f4bb X22=0x708b79f4b8
0x70225ea120[libsecsdk.so@0xd120]		b.eq	#-44	
0x70225ea124[libsecsdk.so@0xd124]		cmp	x20, x0	X20=0x708b79f428 X0=0x708b79f428
0x70225ea128[libsecsdk.so@0xd128]		sub	x23, x19, x22	X19=0x708b79f4bb X22=0x708b79f4b8
0x70225ea12c[libsecsdk.so@0xd12c]		b.eq	#1388	
0x70225ea698[libsecsdk.so@0xd698]		sub	x2, x20, x3	X20=0x708b79f428 X3=0x708b79f428
0x70225ea69c[libsecsdk.so@0xd69c]		add	x2, x2, #32	X2=0x0
0x70225ea6a0[libsecsdk.so@0xd6a0]		b	#-1384	
0x70225ea138[libsecsdk.so@0xd138]		cmp	x23, x2	X23=0x3 X2=0x20
0x70225ea13c[libsecsdk.so@0xd13c]		b.hs	#508	
0x70225ea140[libsecsdk.so@0xd140]		add	x0, x22, #1	X22=0x708b79f4b8
0x70225ea144[libsecsdk.so@0xd144]		add	x4, x3, #1	X3=0x708b79f428
0x70225ea148[libsecsdk.so@0xd148]		sub	x19, x19, x0	X19=0x708b79f4bb X0=0x708b79f4b9
0x70225ea14c[libsecsdk.so@0xd14c]		cmp	x19, xzr	X19=0x2
0x70225ea150[libsecsdk.so@0xd150]		b.le	#360	
0x70225ea154[libsecsdk.so@0xd154]		cmp	x19, #15	X19=0x2
0x70225ea158[libsecsdk.so@0xd158]		add	x5, x21, #1	X21=0x0
0x70225ea15c[libsecsdk.so@0xd15c]		add	x5, x26, x5	X26=0x708b79f4b8 X5=0x1
0x70225ea160[libsecsdk.so@0xd160]		b.ls	#1384	
0x70225ea6c8[libsecsdk.so@0xd6c8]		add	x19, x19, #1	X19=0x2
0x70225ea6cc[libsecsdk.so@0xd6cc]		add	x19, x22, x19	X22=0x708b79f4b8 X19=0x3
0x70225ea6d0[libsecsdk.so@0xd6d0]		ldrb	w1, [x0], #1	X0=0x708b79f4b9
0x70225ea6d4[libsecsdk.so@0xd6d4]		strb	w1, [x4], #1	W1=0x29 X4=0x708b79f429
0x70225ea6d8[libsecsdk.so@0xd6d8]		cmp	x0, x19	X0=0x708b79f4ba X19=0x708b79f4bb
0x70225ea6dc[libsecsdk.so@0xd6dc]		b.ne	#-12	
0x70225ea6d0[libsecsdk.so@0xd6d0]		ldrb	w1, [x0], #1	X0=0x708b79f4ba
0x70225ea6d4[libsecsdk.so@0xd6d4]		strb	w1, [x4], #1	W1=0x49 X4=0x708b79f42a
0x70225ea6d8[libsecsdk.so@0xd6d8]		cmp	x0, x19	X0=0x708b79f4bb X19=0x708b79f4bb
0x70225ea6dc[libsecsdk.so@0xd6dc]		b.ne	#-12	
0x70225ea6e0[libsecsdk.so@0xd6e0]		ldr	x3, [x20, #32]	X20=0x708b79f428
0x70225ea6e4[libsecsdk.so@0xd6e4]		b	#-1068	
0x70225ea2b8[libsecsdk.so@0xd2b8]		strb	wzr, [x3, x23]	X3=0x708b79f428 X23=0x3
0x70225ea2bc[libsecsdk.so@0xd2bc]		ldr	x0, [x20, #32]	X20=0x708b79f428
0x70225ea2c0[libsecsdk.so@0xd2c0]		ldrb	w1, [x22]	X22=0x708b79f4b8
0x70225ea2c4[libsecsdk.so@0xd2c4]		strb	w1, [x0]	W1=0x28 X0=0x708b79f428
0x70225ea2c8[libsecsdk.so@0xd2c8]		ldr	x0, [x20, #32]	X20=0x708b79f428
0x70225ea2cc[libsecsdk.so@0xd2cc]		add	x23, x0, x23	X0=0x708b79f428 X23=0x3
0x70225ea2d0[libsecsdk.so@0xd2d0]		str	x23, [x20, #32]	X23=0x708b79f42b X20=0x708b79f428
0x70225ea2d4[libsecsdk.so@0xd2d4]		mov	x0, x20	X20=0x708b79f428
0x70225ea2d8[libsecsdk.so@0xd2d8]		ldp	x19, x20, [sp]	SP=0x708b79f370
0x70225ea2dc[libsecsdk.so@0xd2dc]		ldp	x21, x22, [sp, #16]	SP=0x708b79f370
0x70225ea2e0[libsecsdk.so@0xd2e0]		ldp	x23, x24, [sp, #32]	SP=0x708b79f370
0x70225ea2e4[libsecsdk.so@0xd2e4]		ldp	x25, x26, [sp, #48]	SP=0x708b79f370
0x70225ea2e8[libsecsdk.so@0xd2e8]		ldr	x30, [sp, #64]	SP=0x708b79f370
0x70225ea2ec[libsecsdk.so@0xd2ec]		add	sp, sp, #96	SP=0x708b79f370
0x70225ea2f0[libsecsdk.so@0xd2f0]		ret	LR=0x702260072c
0x702260072c[libsecsdk.so@0x2372c]		ldr	x0, [sp, #272]	SP=0x708b79f3d0
0x7022600730[libsecsdk.so@0x23730]		cmp	x0, x24	X0=0x708b79f4b8 X24=0x708b79f4b8
0x7022600734[libsecsdk.so@0x23734]		b.eq	#28	
0x7022600750[libsecsdk.so@0x23750]		adrp	x0, #159744	
0x7022600754[libsecsdk.so@0x23754]		mov	x8, x24	X24=0x708b79f4b8
0x7022600758[libsecsdk.so@0x23758]		add	x0, x0, #1728	X0=0x7022627000
0x702260075c[libsecsdk.so@0x2375c]		bl	#-9256	SP=0x708b79f3d0
0x70225fe334[libsecsdk.so@0x21334]		sub	sp, sp, #112	SP=0x708b79f3d0
0x70225fe338[libsecsdk.so@0x21338]		stp	x19, x20, [sp]	X19=0x0 X20=0x708b79f428 SP=0x708b79f360
0x70225fe33c[libsecsdk.so@0x2133c]		mov	x19, x8	X8=0x708b79f4b8
0x70225fe340[libsecsdk.so@0x21340]		str	x30, [sp, #80]	LR=0x7022600760 SP=0x708b79f360
0x70225fe344[libsecsdk.so@0x21344]		stp	x21, x22, [sp, #16]	X21=0x708b79f458 X22=0x708b79f488 SP=0x708b79f360
0x70225fe348[libsecsdk.so@0x21348]		stp	x23, x24, [sp, #32]	X23=0x7022626000 X24=0x708b79f4b8 SP=0x708b79f360
0x70225fe34c[libsecsdk.so@0x2134c]		stp	x25, x26, [sp, #48]	X25=0x708a819500 X26=0x49 SP=0x708b79f360
0x70225fe350[libsecsdk.so@0x21350]		stp	x27, x28, [sp, #64]	X27=0x708a81f3e8 X28=0x708b79f578 SP=0x708b79f360
0x70225fe354[libsecsdk.so@0x21354]		str	x8, [x19, #32]	X8=0x708b79f4b8 X19=0x708b79f4b8
0x70225fe358[libsecsdk.so@0x21358]		str	x8, [x19, #40]	X8=0x708b79f4b8 X19=0x708b79f4b8
0x70225fe35c[libsecsdk.so@0x2135c]		strb	wzr, [x8]	X8=0x708b79f4b8
0x70225fe360[libsecsdk.so@0x21360]		cbz	x0, #156	X0=0x70226276c0
0x70225fe364[libsecsdk.so@0x21364]		mov	x20, x0	X0=0x70226276c0
0x70225fe368[libsecsdk.so@0x21368]		ldrb	w21, [x20], #1	X20=0x70226276c0
0x70225fe36c[libsecsdk.so@0x2136c]		cbz	w21, #144	W21=0xe8
0x70225fe370[libsecsdk.so@0x21370]		eor	w21, w21, #0x1	W21=0xe8
0x70225fe374[libsecsdk.so@0x21374]		mov	x3, #0	
0x70225fe378[libsecsdk.so@0x21378]		and	w21, w21, #0x7f	W21=0xe9
0x70225fe37c[libsecsdk.so@0x2137c]		mov	x0, x8	X8=0x708b79f4b8
0x70225fe380[libsecsdk.so@0x21380]		mov	x1, x8	X8=0x708b79f4b8
0x70225fe384[libsecsdk.so@0x21384]		mov	w25, w3	W3=0x0
0x70225fe388[libsecsdk.so@0x21388]		mov	x23, #-2	
0x70225fe38c[libsecsdk.so@0x2138c]		add	x24, sp, #104	SP=0x708b79f360
0x70225fe390[libsecsdk.so@0x21390]		adrp	x27, #61440	
0x70225fe394[libsecsdk.so@0x21394]		b	#44	
0x70225fe3c0[libsecsdk.so@0x213c0]		cmp	x19, x0	X19=0x708b79f4b8 X0=0x708b79f4b8
0x70225fe3c4[libsecsdk.so@0x213c4]		b.eq	#564	
0x70225fe5f8[libsecsdk.so@0x215f8]		sub	x1, x19, x1	X19=0x708b79f4b8 X1=0x708b79f4b8
0x70225fe5fc[libsecsdk.so@0x215fc]		add	x1, x1, #32	X1=0x0
0x70225fe600[libsecsdk.so@0x21600]		b	#-560	
0x70225fe3d0[libsecsdk.so@0x213d0]		cmp	x1, #1	X1=0x20
0x70225fe3d4[libsecsdk.so@0x213d4]		b.ls	#76	
0x70225fe3d8[libsecsdk.so@0x213d8]		ldr	x1, [x19, #32]	X19=0x708b79f4b8
0x70225fe3dc[libsecsdk.so@0x213dc]		strb	wzr, [x1, #1]	X1=0x708b79f4b8
0x70225fe3e0[libsecsdk.so@0x213e0]		ldr	x1, [x19, #32]	X19=0x708b79f4b8
0x70225fe3e4[libsecsdk.so@0x213e4]		strb	w21, [x1]	W21=0x69 X1=0x708b79f4b8
0x70225fe3e8[libsecsdk.so@0x213e8]		ldr	x1, [x19, #32]	X19=0x708b79f4b8
0x70225fe3ec[libsecsdk.so@0x213ec]		add	x1, x1, #1	X1=0x708b79f4b8
0x70225fe3f0[libsecsdk.so@0x213f0]		str	x1, [x19, #32]	X1=0x708b79f4b9 X19=0x708b79f4b8
0x70225fe3f4[libsecsdk.so@0x213f4]		ldrb	w2, [x20], #1	X20=0x70226276c1
0x70225fe3f8[libsecsdk.so@0x213f8]		cbnz	w2, #-96	W2=0xec
0x70225fe398[libsecsdk.so@0x21398]		add	w25, w25, #1	W25=0x0
0x70225fe39c[libsecsdk.so@0x2139c]		add	x4, x27, #4000	X27=0x702260d000
0x70225fe3a0[libsecsdk.so@0x213a0]		and	w5, w25, #0x7	W25=0x1
0x70225fe3a4[libsecsdk.so@0x213a4]		ldr	x0, [x19, #40]	X19=0x708b79f4b8
0x70225fe3a8[libsecsdk.so@0x213a8]		sub	x3, x1, x0	X1=0x708b79f4b9 X0=0x708b79f4b8
0x70225fe3ac[libsecsdk.so@0x213ac]		ldr	w21, [x4, w5, sxtw #2]	X4=0x702260dfa0 W5=0x1
0x70225fe3b0[libsecsdk.so@0x213b0]		cmn	x3, #2	X3=0x1
0x70225fe3b4[libsecsdk.so@0x213b4]		eor	w2, w2, w21	W2=0xec W21=0x2
0x70225fe3b8[libsecsdk.so@0x213b8]		and	w21, w2, #0x7f	W2=0xee
0x70225fe3bc[libsecsdk.so@0x213bc]		b.eq	#716	
0x70225fe3c0[libsecsdk.so@0x213c0]		cmp	x19, x0	X19=0x708b79f4b8 X0=0x708b79f4b8
0x70225fe3c4[libsecsdk.so@0x213c4]		b.eq	#564	
0x70225fe5f8[libsecsdk.so@0x215f8]		sub	x1, x19, x1	X19=0x708b79f4b8 X1=0x708b79f4b9
0x70225fe5fc[libsecsdk.so@0x215fc]		add	x1, x1, #32	X1=0xffffffffffffffff
0x70225fe600[libsecsdk.so@0x21600]		b	#-560	
0x70225fe3d0[libsecsdk.so@0x213d0]		cmp	x1, #1	X1=0x1f
0x70225fe3d4[libsecsdk.so@0x213d4]		b.ls	#76	
0x70225fe3d8[libsecsdk.so@0x213d8]		ldr	x1, [x19, #32]	X19=0x708b79f4b8
0x70225fe3dc[libsecsdk.so@0x213dc]		strb	wzr, [x1, #1]	X1=0x708b79f4b9
0x70225fe3e0[libsecsdk.so@0x213e0]		ldr	x1, [x19, #32]	X19=0x708b79f4b8
0x70225fe3e4[libsecsdk.so@0x213e4]		strb	w21, [x1]	W21=0x6e X1=0x708b79f4b9
0x70225fe3e8[libsecsdk.so@0x213e8]		ldr	x1, [x19, #32]	X19=0x708b79f4b8
0x70225fe3ec[libsecsdk.so@0x213ec]		add	x1, x1, #1	X1=0x708b79f4b9
0x70225fe3f0[libsecsdk.so@0x213f0]		str	x1, [x19, #32]	X1=0x708b79f4ba X19=0x708b79f4b8
0x70225fe3f4[libsecsdk.so@0x213f4]		ldrb	w2, [x20], #1	X20=0x70226276c2
0x70225fe3f8[libsecsdk.so@0x213f8]		cbnz	w2, #-96	W2=0xf7
0x70225fe398[libsecsdk.so@0x21398]		add	w25, w25, #1	W25=0x1
0x70225fe39c[libsecsdk.so@0x2139c]		add	x4, x27, #4000	X27=0x702260d000
0x70225fe3a0[libsecsdk.so@0x213a0]		and	w5, w25, #0x7	W25=0x2
0x70225fe3a4[libsecsdk.so@0x213a4]		ldr	x0, [x19, #40]	X19=0x708b79f4b8
0x70225fe3a8[libsecsdk.so@0x213a8]		sub	x3, x1, x0	X1=0x708b79f4ba X0=0x708b79f4b8
0x70225fe3ac[libsecsdk.so@0x213ac]		ldr	w21, [x4, w5, sxtw #2]	X4=0x702260dfa0 W5=0x2
0x70225fe3b0[libsecsdk.so@0x213b0]		cmn	x3, #2	X3=0x2
0x70225fe3b4[libsecsdk.so@0x213b4]		eor	w2, w2, w21	W2=0xf7 W21=0x3
0x70225fe3b8[libsecsdk.so@0x213b8]		and	w21, w2, #0x7f	W2=0xf4
0x70225fe3bc[libsecsdk.so@0x213bc]		b.eq	#716	
0x70225fe3c0[libsecsdk.so@0x213c0]		cmp	x19, x0	X19=0x708b79f4b8 X0=0x708b79f4b8
0x70225fe3c4[libsecsdk.so@0x213c4]		b.eq	#564	
0x70225fe5f8[libsecsdk.so@0x215f8]		sub	x1, x19, x1	X19=0x708b79f4b8 X1=0x708b79f4ba
0x70225fe5fc[libsecsdk.so@0x215fc]		add	x1, x1, #32	X1=0xfffffffffffffffe
0x70225fe600[libsecsdk.so@0x21600]		b	#-560	
0x70225fe3d0[libsecsdk.so@0x213d0]		cmp	x1, #1	X1=0x1e
0x70225fe3d4[libsecsdk.so@0x213d4]		b.ls	#76	
0x70225fe3d8[libsecsdk.so@0x213d8]		ldr	x1, [x19, #32]	X19=0x708b79f4b8
0x70225fe3dc[libsecsdk.so@0x213dc]		strb	wzr, [x1, #1]	X1=0x708b79f4ba
0x70225fe3e0[libsecsdk.so@0x213e0]		ldr	x1, [x19, #32]	X19=0x708b79f4b8
0x70225fe3e4[libsecsdk.so@0x213e4]		strb	w21, [x1]	W21=0x74 X1=0x708b79f4ba
0x70225fe3e8[libsecsdk.so@0x213e8]		ldr	x1, [x19, #32]	X19=0x708b79f4b8
0x70225fe3ec[libsecsdk.so@0x213ec]		add	x1, x1, #1	X1=0x708b79f4ba
0x70225fe3f0[libsecsdk.so@0x213f0]		str	x1, [x19, #32]	X1=0x708b79f4bb X19=0x708b79f4b8
0x70225fe3f4[libsecsdk.so@0x213f4]		ldrb	w2, [x20], #1	X20=0x70226276c3
0x70225fe3f8[libsecsdk.so@0x213f8]		cbnz	w2, #-96	W2=0xd2
0x70225fe398[libsecsdk.so@0x21398]		add	w25, w25, #1	W25=0x2
0x70225fe39c[libsecsdk.so@0x2139c]		add	x4, x27, #4000	X27=0x702260d000
0x70225fe3a0[libsecsdk.so@0x213a0]		and	w5, w25, #0x7	W25=0x3
0x70225fe3a4[libsecsdk.so@0x213a4]		ldr	x0, [x19, #40]	X19=0x708b79f4b8
0x70225fe3a8[libsecsdk.so@0x213a8]		sub	x3, x1, x0	X1=0x708b79f4bb X0=0x708b79f4b8
0x70225fe3ac[libsecsdk.so@0x213ac]		ldr	w21, [x4, w5, sxtw #2]	X4=0x702260dfa0 W5=0x3
0x70225fe3b0[libsecsdk.so@0x213b0]		cmn	x3, #2	X3=0x3
0x70225fe3b4[libsecsdk.so@0x213b4]		eor	w2, w2, w21	W2=0xd2 W21=0x4
0x70225fe3b8[libsecsdk.so@0x213b8]		and	w21, w2, #0x7f	W2=0xd6
0x70225fe3bc[libsecsdk.so@0x213bc]		b.eq	#716	
0x70225fe3c0[libsecsdk.so@0x213c0]		cmp	x19, x0	X19=0x708b79f4b8 X0=0x708b79f4b8
0x70225fe3c4[libsecsdk.so@0x213c4]		b.eq	#564	
0x70225fe5f8[libsecsdk.so@0x215f8]		sub	x1, x19, x1	X19=0x708b79f4b8 X1=0x708b79f4bb
0x70225fe5fc[libsecsdk.so@0x215fc]		add	x1, x1, #32	X1=0xfffffffffffffffd
0x70225fe600[libsecsdk.so@0x21600]		b	#-560	
0x70225fe3d0[libsecsdk.so@0x213d0]		cmp	x1, #1	X1=0x1d
0x70225fe3d4[libsecsdk.so@0x213d4]		b.ls	#76	
0x70225fe3d8[libsecsdk.so@0x213d8]		ldr	x1, [x19, #32]	X19=0x708b79f4b8
0x70225fe3dc[libsecsdk.so@0x213dc]		strb	wzr, [x1, #1]	X1=0x708b79f4bb
0x70225fe3e0[libsecsdk.so@0x213e0]		ldr	x1, [x19, #32]	X19=0x708b79f4b8
0x70225fe3e4[libsecsdk.so@0x213e4]		strb	w21, [x1]	W21=0x56 X1=0x708b79f4bb
0x70225fe3e8[libsecsdk.so@0x213e8]		ldr	x1, [x19, #32]	X19=0x708b79f4b8
0x70225fe3ec[libsecsdk.so@0x213ec]		add	x1, x1, #1	X1=0x708b79f4bb
0x70225fe3f0[libsecsdk.so@0x213f0]		str	x1, [x19, #32]	X1=0x708b79f4bc X19=0x708b79f4b8
0x70225fe3f4[libsecsdk.so@0x213f4]		ldrb	w2, [x20], #1	X20=0x70226276c4
0x70225fe3f8[libsecsdk.so@0x213f8]		cbnz	w2, #-96	W2=0xe4
0x70225fe398[libsecsdk.so@0x21398]		add	w25, w25, #1	W25=0x3
0x70225fe39c[libsecsdk.so@0x2139c]		add	x4, x27, #4000	X27=0x702260d000
0x70225fe3a0[libsecsdk.so@0x213a0]		and	w5, w25, #0x7	W25=0x4
0x70225fe3a4[libsecsdk.so@0x213a4]		ldr	x0, [x19, #40]	X19=0x708b79f4b8
0x70225fe3a8[libsecsdk.so@0x213a8]		sub	x3, x1, x0	X1=0x708b79f4bc X0=0x708b79f4b8
0x70225fe3ac[libsecsdk.so@0x213ac]		ldr	w21, [x4, w5, sxtw #2]	X4=0x702260dfa0 W5=0x4
0x70225fe3b0[libsecsdk.so@0x213b0]		cmn	x3, #2	X3=0x4
0x70225fe3b4[libsecsdk.so@0x213b4]		eor	w2, w2, w21	W2=0xe4 W21=0x5
0x70225fe3b8[libsecsdk.so@0x213b8]		and	w21, w2, #0x7f	W2=0xe1
0x70225fe3bc[libsecsdk.so@0x213bc]		b.eq	#716	
0x70225fe3c0[libsecsdk.so@0x213c0]		cmp	x19, x0	X19=0x708b79f4b8 X0=0x708b79f4b8
0x70225fe3c4[libsecsdk.so@0x213c4]		b.eq	#564	
0x70225fe5f8[libsecsdk.so@0x215f8]		sub	x1, x19, x1	X19=0x708b79f4b8 X1=0x708b79f4bc
0x70225fe5fc[libsecsdk.so@0x215fc]		add	x1, x1, #32	X1=0xfffffffffffffffc
0x70225fe600[libsecsdk.so@0x21600]		b	#-560	
0x70225fe3d0[libsecsdk.so@0x213d0]		cmp	x1, #1	X1=0x1c
0x70225fe3d4[libsecsdk.so@0x213d4]		b.ls	#76	
0x70225fe3d8[libsecsdk.so@0x213d8]		ldr	x1, [x19, #32]	X19=0x708b79f4b8
0x70225fe3dc[libsecsdk.so@0x213dc]		strb	wzr, [x1, #1]	X1=0x708b79f4bc
0x70225fe3e0[libsecsdk.so@0x213e0]		ldr	x1, [x19, #32]	X19=0x708b79f4b8
0x70225fe3e4[libsecsdk.so@0x213e4]		strb	w21, [x1]	W21=0x61 X1=0x708b79f4bc
0x70225fe3e8[libsecsdk.so@0x213e8]		ldr	x1, [x19, #32]	X19=0x708b79f4b8
0x70225fe3ec[libsecsdk.so@0x213ec]		add	x1, x1, #1	X1=0x708b79f4bc
0x70225fe3f0[libsecsdk.so@0x213f0]		str	x1, [x19, #32]	X1=0x708b79f4bd X19=0x708b79f4b8
0x70225fe3f4[libsecsdk.so@0x213f4]		ldrb	w2, [x20], #1	X20=0x70226276c5
0x70225fe3f8[libsecsdk.so@0x213f8]		cbnz	w2, #-96	W2=0xea
0x70225fe398[libsecsdk.so@0x21398]		add	w25, w25, #1	W25=0x4
0x70225fe39c[libsecsdk.so@0x2139c]		add	x4, x27, #4000	X27=0x702260d000
0x70225fe3a0[libsecsdk.so@0x213a0]		and	w5, w25, #0x7	W25=0x5
0x70225fe3a4[libsecsdk.so@0x213a4]		ldr	x0, [x19, #40]	X19=0x708b79f4b8
0x70225fe3a8[libsecsdk.so@0x213a8]		sub	x3, x1, x0	X1=0x708b79f4bd X0=0x708b79f4b8
0x70225fe3ac[libsecsdk.so@0x213ac]		ldr	w21, [x4, w5, sxtw #2]	X4=0x702260dfa0 W5=0x5
0x70225fe3b0[libsecsdk.so@0x213b0]		cmn	x3, #2	X3=0x5
0x70225fe3b4[libsecsdk.so@0x213b4]		eor	w2, w2, w21	W2=0xea W21=0x6
0x70225fe3b8[libsecsdk.so@0x213b8]		and	w21, w2, #0x7f	W2=0xec
0x70225fe3bc[libsecsdk.so@0x213bc]		b.eq	#716	
0x70225fe3c0[libsecsdk.so@0x213c0]		cmp	x19, x0	X19=0x708b79f4b8 X0=0x708b79f4b8
0x70225fe3c4[libsecsdk.so@0x213c4]		b.eq	#564	
0x70225fe5f8[libsecsdk.so@0x215f8]		sub	x1, x19, x1	X19=0x708b79f4b8 X1=0x708b79f4bd
0x70225fe5fc[libsecsdk.so@0x215fc]		add	x1, x1, #32	X1=0xfffffffffffffffb
0x70225fe600[libsecsdk.so@0x21600]		b	#-560	
0x70225fe3d0[libsecsdk.so@0x213d0]		cmp	x1, #1	X1=0x1b
0x70225fe3d4[libsecsdk.so@0x213d4]		b.ls	#76	
0x70225fe3d8[libsecsdk.so@0x213d8]		ldr	x1, [x19, #32]	X19=0x708b79f4b8
0x70225fe3dc[libsecsdk.so@0x213dc]		strb	wzr, [x1, #1]	X1=0x708b79f4bd
0x70225fe3e0[libsecsdk.so@0x213e0]		ldr	x1, [x19, #32]	X19=0x708b79f4b8
0x70225fe3e4[libsecsdk.so@0x213e4]		strb	w21, [x1]	W21=0x6c X1=0x708b79f4bd
0x70225fe3e8[libsecsdk.so@0x213e8]		ldr	x1, [x19, #32]	X19=0x708b79f4b8
0x70225fe3ec[libsecsdk.so@0x213ec]		add	x1, x1, #1	X1=0x708b79f4bd
0x70225fe3f0[libsecsdk.so@0x213f0]		str	x1, [x19, #32]	X1=0x708b79f4be X19=0x708b79f4b8
0x70225fe3f4[libsecsdk.so@0x213f4]		ldrb	w2, [x20], #1	X20=0x70226276c6
0x70225fe3f8[libsecsdk.so@0x213f8]		cbnz	w2, #-96	W2=0xf2
0x70225fe398[libsecsdk.so@0x21398]		add	w25, w25, #1	W25=0x5
0x70225fe39c[libsecsdk.so@0x2139c]		add	x4, x27, #4000	X27=0x702260d000
0x70225fe3a0[libsecsdk.so@0x213a0]		and	w5, w25, #0x7	W25=0x6
0x70225fe3a4[libsecsdk.so@0x213a4]		ldr	x0, [x19, #40]	X19=0x708b79f4b8
0x70225fe3a8[libsecsdk.so@0x213a8]		sub	x3, x1, x0	X1=0x708b79f4be X0=0x708b79f4b8
0x70225fe3ac[libsecsdk.so@0x213ac]		ldr	w21, [x4, w5, sxtw #2]	X4=0x702260dfa0 W5=0x6
0x70225fe3b0[libsecsdk.so@0x213b0]		cmn	x3, #2	X3=0x6
0x70225fe3b4[libsecsdk.so@0x213b4]		eor	w2, w2, w21	W2=0xf2 W21=0x7
0x70225fe3b8[libsecsdk.so@0x213b8]		and	w21, w2, #0x7f	W2=0xf5
0x70225fe3bc[libsecsdk.so@0x213bc]		b.eq	#716	
0x70225fe3c0[libsecsdk.so@0x213c0]		cmp	x19, x0	X19=0x708b79f4b8 X0=0x708b79f4b8
0x70225fe3c4[libsecsdk.so@0x213c4]		b.eq	#564	
0x70225fe5f8[libsecsdk.so@0x215f8]		sub	x1, x19, x1	X19=0x708b79f4b8 X1=0x708b79f4be
0x70225fe5fc[libsecsdk.so@0x215fc]		add	x1, x1, #32	X1=0xfffffffffffffffa
0x70225fe600[libsecsdk.so@0x21600]		b	#-560	
0x70225fe3d0[libsecsdk.so@0x213d0]		cmp	x1, #1	X1=0x1a
0x70225fe3d4[libsecsdk.so@0x213d4]		b.ls	#76	
0x70225fe3d8[libsecsdk.so@0x213d8]		ldr	x1, [x19, #32]	X19=0x708b79f4b8
0x70225fe3dc[libsecsdk.so@0x213dc]		strb	wzr, [x1, #1]	X1=0x708b79f4be
0x70225fe3e0[libsecsdk.so@0x213e0]		ldr	x1, [x19, #32]	X19=0x708b79f4b8
0x70225fe3e4[libsecsdk.so@0x213e4]		strb	w21, [x1]	W21=0x75 X1=0x708b79f4be
0x70225fe3e8[libsecsdk.so@0x213e8]		ldr	x1, [x19, #32]	X19=0x708b79f4b8
0x70225fe3ec[libsecsdk.so@0x213ec]		add	x1, x1, #1	X1=0x708b79f4be
0x70225fe3f0[libsecsdk.so@0x213f0]		str	x1, [x19, #32]	X1=0x708b79f4bf X19=0x708b79f4b8
0x70225fe3f4[libsecsdk.so@0x213f4]		ldrb	w2, [x20], #1	X20=0x70226276c7
0x70225fe3f8[libsecsdk.so@0x213f8]		cbnz	w2, #-96	W2=0xed
0x70225fe398[libsecsdk.so@0x21398]		add	w25, w25, #1	W25=0x6
0x70225fe39c[libsecsdk.so@0x2139c]		add	x4, x27, #4000	X27=0x702260d000
0x70225fe3a0[libsecsdk.so@0x213a0]		and	w5, w25, #0x7	W25=0x7
0x70225fe3a4[libsecsdk.so@0x213a4]		ldr	x0, [x19, #40]	X19=0x708b79f4b8
0x70225fe3a8[libsecsdk.so@0x213a8]		sub	x3, x1, x0	X1=0x708b79f4bf X0=0x708b79f4b8
0x70225fe3ac[libsecsdk.so@0x213ac]		ldr	w21, [x4, w5, sxtw #2]	X4=0x702260dfa0 W5=0x7
0x70225fe3b0[libsecsdk.so@0x213b0]		cmn	x3, #2	X3=0x7
0x70225fe3b4[libsecsdk.so@0x213b4]		eor	w2, w2, w21	W2=0xed W21=0x8
0x70225fe3b8[libsecsdk.so@0x213b8]		and	w21, w2, #0x7f	W2=0xe5
0x70225fe3bc[libsecsdk.so@0x213bc]		b.eq	#716	
0x70225fe3c0[libsecsdk.so@0x213c0]		cmp	x19, x0	X19=0x708b79f4b8 X0=0x708b79f4b8
0x70225fe3c4[libsecsdk.so@0x213c4]		b.eq	#564	
0x70225fe5f8[libsecsdk.so@0x215f8]		sub	x1, x19, x1	X19=0x708b79f4b8 X1=0x708b79f4bf
0x70225fe5fc[libsecsdk.so@0x215fc]		add	x1, x1, #32	X1=0xfffffffffffffff9
0x70225fe600[libsecsdk.so@0x21600]		b	#-560	
0x70225fe3d0[libsecsdk.so@0x213d0]		cmp	x1, #1	X1=0x19
0x70225fe3d4[libsecsdk.so@0x213d4]		b.ls	#76	
0x70225fe3d8[libsecsdk.so@0x213d8]		ldr	x1, [x19, #32]	X19=0x708b79f4b8
0x70225fe3dc[libsecsdk.so@0x213dc]		strb	wzr, [x1, #1]	X1=0x708b79f4bf
0x70225fe3e0[libsecsdk.so@0x213e0]		ldr	x1, [x19, #32]	X19=0x708b79f4b8
0x70225fe3e4[libsecsdk.so@0x213e4]		strb	w21, [x1]	W21=0x65 X1=0x708b79f4bf
0x70225fe3e8[libsecsdk.so@0x213e8]		ldr	x1, [x19, #32]	X19=0x708b79f4b8
0x70225fe3ec[libsecsdk.so@0x213ec]		add	x1, x1, #1	X1=0x708b79f4bf
0x70225fe3f0[libsecsdk.so@0x213f0]		str	x1, [x19, #32]	X1=0x708b79f4c0 X19=0x708b79f4b8
0x70225fe3f4[libsecsdk.so@0x213f4]		ldrb	w2, [x20], #1	X20=0x70226276c8
0x70225fe3f8[libsecsdk.so@0x213f8]		cbnz	w2, #-96	W2=0x0
0x70225fe3fc[libsecsdk.so@0x213fc]		mov	x0, x19	X19=0x708b79f4b8
0x70225fe400[libsecsdk.so@0x21400]		ldr	x30, [sp, #80]	SP=0x708b79f360
0x70225fe404[libsecsdk.so@0x21404]		ldp	x19, x20, [sp]	SP=0x708b79f360
0x70225fe408[libsecsdk.so@0x21408]		ldp	x21, x22, [sp, #16]	SP=0x708b79f360
0x70225fe40c[libsecsdk.so@0x2140c]		ldp	x23, x24, [sp, #32]	SP=0x708b79f360
0x70225fe410[libsecsdk.so@0x21410]		ldp	x25, x26, [sp, #48]	SP=0x708b79f360
0x70225fe414[libsecsdk.so@0x21414]		ldp	x27, x28, [sp, #64]	SP=0x708b79f360
0x70225fe418[libsecsdk.so@0x21418]		add	sp, sp, #112	SP=0x708b79f360
0x70225fe41c[libsecsdk.so@0x2141c]		ret	LR=0x7022600760
0x7022600760[libsecsdk.so@0x23760]		ldr	x1, [sp, #272]	SP=0x708b79f3d0
0x7022600764[libsecsdk.so@0x23764]		mov	x0, x22	X22=0x708b79f488
0x7022600768[libsecsdk.so@0x23768]		ldr	x2, [sp, #264]	SP=0x708b79f3d0
0x702260076c[libsecsdk.so@0x2376c]		bl	#-91868	SP=0x708b79f3d0
0x70225ea090[libsecsdk.so@0xd090]		sub	sp, sp, #96	SP=0x708b79f3d0
0x70225ea094[libsecsdk.so@0xd094]		stp	x19, x20, [sp]	X19=0x0 X20=0x708b79f428 SP=0x708b79f370
0x70225ea098[libsecsdk.so@0xd098]		stp	x21, x22, [sp, #16]	X21=0x708b79f458 X22=0x708b79f488 SP=0x708b79f370
0x70225ea09c[libsecsdk.so@0xd09c]		stp	x25, x26, [sp, #48]	X25=0x708a819500 X26=0x49 SP=0x708b79f370
0x70225ea0a0[libsecsdk.so@0xd0a0]		stp	x23, x24, [sp, #32]	X23=0x7022626000 X24=0x708b79f4b8 SP=0x708b79f370
0x70225ea0a4[libsecsdk.so@0xd0a4]		str	x30, [sp, #64]	LR=0x7022600770 SP=0x708b79f370
0x70225ea0a8[libsecsdk.so@0xd0a8]		mov	x20, x0	X0=0x708b79f488
0x70225ea0ac[libsecsdk.so@0xd0ac]		sub	x22, x2, x1	X2=0x708b79f4c0 X1=0x708b79f4b8
0x70225ea0b0[libsecsdk.so@0xd0b0]		mov	x26, x1	X1=0x708b79f4b8
0x70225ea0b4[libsecsdk.so@0xd0b4]		ldr	x3, [x0, #32]	X0=0x708b79f488
0x70225ea0b8[libsecsdk.so@0xd0b8]		mov	x19, x2	X2=0x708b79f4c0
0x70225ea0bc[libsecsdk.so@0xd0bc]		ldr	x0, [x0, #40]	X0=0x708b79f488
0x70225ea0c0[libsecsdk.so@0xd0c0]		sub	x21, x3, x0	X3=0x708b79f488 X0=0x708b79f488
0x70225ea0c4[libsecsdk.so@0xd0c4]		cmp	x22, x21	X22=0x8 X21=0x0
0x70225ea0c8[libsecsdk.so@0xd0c8]		b.hi	#76	
0x70225ea114[libsecsdk.so@0xd114]		cbnz	x21, #480	X21=0x0
0x70225ea118[libsecsdk.so@0xd118]		add	x22, x26, x21	X26=0x708b79f4b8 X21=0x0
0x70225ea11c[libsecsdk.so@0xd11c]		cmp	x19, x22	X19=0x708b79f4c0 X22=0x708b79f4b8
0x70225ea120[libsecsdk.so@0xd120]		b.eq	#-44	
0x70225ea124[libsecsdk.so@0xd124]		cmp	x20, x0	X20=0x708b79f488 X0=0x708b79f488
0x70225ea128[libsecsdk.so@0xd128]		sub	x23, x19, x22	X19=0x708b79f4c0 X22=0x708b79f4b8
0x70225ea12c[libsecsdk.so@0xd12c]		b.eq	#1388	
0x70225ea698[libsecsdk.so@0xd698]		sub	x2, x20, x3	X20=0x708b79f488 X3=0x708b79f488
0x70225ea69c[libsecsdk.so@0xd69c]		add	x2, x2, #32	X2=0x0
0x70225ea6a0[libsecsdk.so@0xd6a0]		b	#-1384	
0x70225ea138[libsecsdk.so@0xd138]		cmp	x23, x2	X23=0x8 X2=0x20
0x70225ea13c[libsecsdk.so@0xd13c]		b.hs	#508	
0x70225ea140[libsecsdk.so@0xd140]		add	x0, x22, #1	X22=0x708b79f4b8
0x70225ea144[libsecsdk.so@0xd144]		add	x4, x3, #1	X3=0x708b79f488
0x70225ea148[libsecsdk.so@0xd148]		sub	x19, x19, x0	X19=0x708b79f4c0 X0=0x708b79f4b9
0x70225ea14c[libsecsdk.so@0xd14c]		cmp	x19, xzr	X19=0x7
0x70225ea150[libsecsdk.so@0xd150]		b.le	#360	
0x70225ea154[libsecsdk.so@0xd154]		cmp	x19, #15	X19=0x7
0x70225ea158[libsecsdk.so@0xd158]		add	x5, x21, #1	X21=0x0
0x70225ea15c[libsecsdk.so@0xd15c]		add	x5, x26, x5	X26=0x708b79f4b8 X5=0x1
0x70225ea160[libsecsdk.so@0xd160]		b.ls	#1384	
0x70225ea6c8[libsecsdk.so@0xd6c8]		add	x19, x19, #1	X19=0x7
0x70225ea6cc[libsecsdk.so@0xd6cc]		add	x19, x22, x19	X22=0x708b79f4b8 X19=0x8
0x70225ea6d0[libsecsdk.so@0xd6d0]		ldrb	w1, [x0], #1	X0=0x708b79f4b9
0x70225ea6d4[libsecsdk.so@0xd6d4]		strb	w1, [x4], #1	W1=0x6e X4=0x708b79f489
0x70225ea6d8[libsecsdk.so@0xd6d8]		cmp	x0, x19	X0=0x708b79f4ba X19=0x708b79f4c0
0x70225ea6dc[libsecsdk.so@0xd6dc]		b.ne	#-12	
0x70225ea6d0[libsecsdk.so@0xd6d0]		ldrb	w1, [x0], #1	X0=0x708b79f4ba
0x70225ea6d4[libsecsdk.so@0xd6d4]		strb	w1, [x4], #1	W1=0x74 X4=0x708b79f48a
0x70225ea6d8[libsecsdk.so@0xd6d8]		cmp	x0, x19	X0=0x708b79f4bb X19=0x708b79f4c0
0x70225ea6dc[libsecsdk.so@0xd6dc]		b.ne	#-12	
0x70225ea6d0[libsecsdk.so@0xd6d0]		ldrb	w1, [x0], #1	X0=0x708b79f4bb
0x70225ea6d4[libsecsdk.so@0xd6d4]		strb	w1, [x4], #1	W1=0x56 X4=0x708b79f48b
0x70225ea6d8[libsecsdk.so@0xd6d8]		cmp	x0, x19	X0=0x708b79f4bc X19=0x708b79f4c0
0x70225ea6dc[libsecsdk.so@0xd6dc]		b.ne	#-12	
0x70225ea6d0[libsecsdk.so@0xd6d0]		ldrb	w1, [x0], #1	X0=0x708b79f4bc
0x70225ea6d4[libsecsdk.so@0xd6d4]		strb	w1, [x4], #1	W1=0x61 X4=0x708b79f48c
0x70225ea6d8[libsecsdk.so@0xd6d8]		cmp	x0, x19	X0=0x708b79f4bd X19=0x708b79f4c0
0x70225ea6dc[libsecsdk.so@0xd6dc]		b.ne	#-12	
0x70225ea6d0[libsecsdk.so@0xd6d0]		ldrb	w1, [x0], #1	X0=0x708b79f4bd
0x70225ea6d4[libsecsdk.so@0xd6d4]		strb	w1, [x4], #1	W1=0x6c X4=0x708b79f48d
0x70225ea6d8[libsecsdk.so@0xd6d8]		cmp	x0, x19	X0=0x708b79f4be X19=0x708b79f4c0
0x70225ea6dc[libsecsdk.so@0xd6dc]		b.ne	#-12	
0x70225ea6d0[libsecsdk.so@0xd6d0]		ldrb	w1, [x0], #1	X0=0x708b79f4be
0x70225ea6d4[libsecsdk.so@0xd6d4]		strb	w1, [x4], #1	W1=0x75 X4=0x708b79f48e
0x70225ea6d8[libsecsdk.so@0xd6d8]		cmp	x0, x19	X0=0x708b79f4bf X19=0x708b79f4c0
0x70225ea6dc[libsecsdk.so@0xd6dc]		b.ne	#-12	
0x70225ea6d0[libsecsdk.so@0xd6d0]		ldrb	w1, [x0], #1	X0=0x708b79f4bf
0x70225ea6d4[libsecsdk.so@0xd6d4]		strb	w1, [x4], #1	W1=0x65 X4=0x708b79f48f
0x70225ea6d8[libsecsdk.so@0xd6d8]		cmp	x0, x19	X0=0x708b79f4c0 X19=0x708b79f4c0
0x70225ea6dc[libsecsdk.so@0xd6dc]		b.ne	#-12	
0x70225ea6e0[libsecsdk.so@0xd6e0]		ldr	x3, [x20, #32]	X20=0x708b79f488
0x70225ea6e4[libsecsdk.so@0xd6e4]		b	#-1068	
0x70225ea2b8[libsecsdk.so@0xd2b8]		strb	wzr, [x3, x23]	X3=0x708b79f488 X23=0x8
0x70225ea2bc[libsecsdk.so@0xd2bc]		ldr	x0, [x20, #32]	X20=0x708b79f488
0x70225ea2c0[libsecsdk.so@0xd2c0]		ldrb	w1, [x22]	X22=0x708b79f4b8
0x70225ea2c4[libsecsdk.so@0xd2c4]		strb	w1, [x0]	W1=0x69 X0=0x708b79f488
0x70225ea2c8[libsecsdk.so@0xd2c8]		ldr	x0, [x20, #32]	X20=0x708b79f488
0x70225ea2cc[libsecsdk.so@0xd2cc]		add	x23, x0, x23	X0=0x708b79f488 X23=0x8
0x70225ea2d0[libsecsdk.so@0xd2d0]		str	x23, [x20, #32]	X23=0x708b79f490 X20=0x708b79f488
0x70225ea2d4[libsecsdk.so@0xd2d4]		mov	x0, x20	X20=0x708b79f488
0x70225ea2d8[libsecsdk.so@0xd2d8]		ldp	x19, x20, [sp]	SP=0x708b79f370
0x70225ea2dc[libsecsdk.so@0xd2dc]		ldp	x21, x22, [sp, #16]	SP=0x708b79f370
0x70225ea2e0[libsecsdk.so@0xd2e0]		ldp	x23, x24, [sp, #32]	SP=0x708b79f370
0x70225ea2e4[libsecsdk.so@0xd2e4]		ldp	x25, x26, [sp, #48]	SP=0x708b79f370
0x70225ea2e8[libsecsdk.so@0xd2e8]		ldr	x30, [sp, #64]	SP=0x708b79f370
0x70225ea2ec[libsecsdk.so@0xd2ec]		add	sp, sp, #96	SP=0x708b79f370
0x70225ea2f0[libsecsdk.so@0xd2f0]		ret	LR=0x7022600770
0x7022600770[libsecsdk.so@0x23770]		ldr	x0, [sp, #272]	SP=0x708b79f3d0
0x7022600774[libsecsdk.so@0x23774]		cmp	x0, x24	X0=0x708b79f4b8 X24=0x708b79f4b8
0x7022600778[libsecsdk.so@0x23778]		b.eq	#28	
0x7022600794[libsecsdk.so@0x23794]		mov	x3, x22	X22=0x708b79f488
0x7022600798[libsecsdk.so@0x23798]		mov	x4, x20	X20=0x708b79f428
0x702260079c[libsecsdk.so@0x2379c]		mov	w5, #0	
0x70226007a0[libsecsdk.so@0x237a0]		mov	x1, x25	X25=0x708a819500
0x70226007a4[libsecsdk.so@0x237a4]		mov	x2, x21	X21=0x708b79f458
0x70226007a8[libsecsdk.so@0x237a8]		mov	x0, x27	X27=0x708a81f3e8
0x70226007ac[libsecsdk.so@0x237ac]		bl	#-4084	SP=0x708b79f3d0
0x70225ff7b8[libsecsdk.so@0x227b8]		sub	sp, sp, #48	SP=0x708b79f3d0
0x70225ff7bc[libsecsdk.so@0x227bc]		stp	x19, x20, [sp]	X19=0x0 X20=0x708b79f428 SP=0x708b79f3a0
0x70225ff7c0[libsecsdk.so@0x227c0]		mov	x19, x1	X1=0x708a819500
0x70225ff7c4[libsecsdk.so@0x227c4]		str	x3, [sp, #40]	X3=0x708b79f488 SP=0x708b79f3a0
0x70225ff7c8[libsecsdk.so@0x227c8]		stp	x21, x30, [sp, #16]	X21=0x708b79f458 LR=0x70226007b0 SP=0x708b79f3a0
0x70225ff7cc[libsecsdk.so@0x227cc]		mov	x0, x19	X19=0x708a819500
0x70225ff7d0[libsecsdk.so@0x227d0]		str	x4, [sp, #32]	X4=0x708b79f428 SP=0x708b79f3a0
0x70225ff7d4[libsecsdk.so@0x227d4]		ldr	x1, [x2, #40]	X2=0x708b79f458
0x70225ff7d8[libsecsdk.so@0x227d8]		uxtb	w21, w5	W5=0x0
0x70225ff7dc[libsecsdk.so@0x227dc]		ldr	x2, [x19]	X19=0x708a819500
0x70225ff7e0[libsecsdk.so@0x227e0]		ldr	x2, [x2, #48]	X2=0x70967d16a0
0x70225ff7e4[libsecsdk.so@0x227e4]		blr	x2	X2=0x709658f4d0 SP=0x708b79f3a0
0x70225ff7e8[libsecsdk.so@0x227e8]		mov	x20, x0	X0=0x55
0x70225ff7ec[libsecsdk.so@0x227ec]		cbz	x0, #104	X0=0x55
0x70225ff7f0[libsecsdk.so@0x227f0]		ldr	x3, [sp, #40]	SP=0x708b79f3a0
0x70225ff7f4[libsecsdk.so@0x227f4]		mov	x0, x19	X19=0x708a819500
0x70225ff7f8[libsecsdk.so@0x227f8]		ldr	x4, [sp, #32]	SP=0x708b79f3a0
0x70225ff7fc[libsecsdk.so@0x227fc]		mov	x1, x20	X20=0x55
0x70225ff800[libsecsdk.so@0x22800]		ldr	x5, [x19]	X19=0x708a819500
0x70225ff804[libsecsdk.so@0x22804]		ldr	x2, [x3, #40]	X3=0x708b79f488
0x70225ff808[libsecsdk.so@0x22808]		ldr	x3, [x4, #40]	X4=0x708b79f428
0x70225ff80c[libsecsdk.so@0x2280c]		cbnz	w21, #56	W21=0x0
0x70225ff810[libsecsdk.so@0x22810]		ldr	x4, [x5, #264]	X5=0x70967d16a0
0x70225ff814[libsecsdk.so@0x22814]		blr	x4	X4=0x7096597ea0 SP=0x708b79f3a0
0x70225ff818[libsecsdk.so@0x22818]		mov	x21, x0	X0=0x70337968
0x70225ff81c[libsecsdk.so@0x2281c]		ldr	x2, [x19]	X19=0x708a819500
0x70225ff820[libsecsdk.so@0x22820]		mov	x0, x19	X19=0x708a819500
0x70225ff824[libsecsdk.so@0x22824]		mov	x1, x20	X20=0x55
0x70225ff828[libsecsdk.so@0x22828]		ldr	x2, [x2, #184]	X2=0x70967d16a0
0x70225ff82c[libsecsdk.so@0x2282c]		blr	x2	X2=0x7096594834 SP=0x708b79f3a0
0x70225ff830[libsecsdk.so@0x22830]		mov	x0, x21	X21=0x70337968
0x70225ff834[libsecsdk.so@0x22834]		ldp	x19, x20, [sp]	SP=0x708b79f3a0
0x70225ff838[libsecsdk.so@0x22838]		ldp	x21, x30, [sp, #16]	SP=0x708b79f3a0
0x70225ff83c[libsecsdk.so@0x2283c]		add	sp, sp, #48	SP=0x708b79f3a0
0x70225ff840[libsecsdk.so@0x22840]		ret	LR=0x70226007b0
0x70226007b0[libsecsdk.so@0x237b0]		mov	x2, x0	X0=0x70337968
0x70226007b4[libsecsdk.so@0x237b4]		mov	x1, x26	X26=0x49
0x70226007b8[libsecsdk.so@0x237b8]		mov	x0, x25	X25=0x708a819500
0x70226007bc[libsecsdk.so@0x237bc]		bl	#-7936	SP=0x708b79f3d0
0x70225fe8bc[libsecsdk.so@0x218bc]		sub	sp, sp, #256	SP=0x708b79f3d0
0x70225fe8c0[libsecsdk.so@0x218c0]		add	x8, sp, #256	SP=0x708b79f2d0
0x70225fe8c4[libsecsdk.so@0x218c4]		str	q0, [sp, #80]	SP=0x708b79f2d0
0x70225fe8c8[libsecsdk.so@0x218c8]		str	x8, [sp, #48]	X8=0x708b79f3d0 SP=0x708b79f2d0
0x70225fe8cc[libsecsdk.so@0x218cc]		str	x8, [sp, #56]	X8=0x708b79f3d0 SP=0x708b79f2d0
0x70225fe8d0[libsecsdk.so@0x218d0]		add	x8, sp, #208	SP=0x708b79f2d0
0x70225fe8d4[libsecsdk.so@0x218d4]		str	x8, [sp, #64]	X8=0x708b79f3a0 SP=0x708b79f2d0
0x70225fe8d8[libsecsdk.so@0x218d8]		mov	w8, #-40	
0x70225fe8dc[libsecsdk.so@0x218dc]		str	w8, [sp, #72]	W8=0xffffffd8 SP=0x708b79f2d0
0x70225fe8e0[libsecsdk.so@0x218e0]		mov	w8, #-128	
0x70225fe8e4[libsecsdk.so@0x218e4]		str	w8, [sp, #76]	W8=0xffffff80 SP=0x708b79f2d0
0x70225fe8e8[libsecsdk.so@0x218e8]		str	x4, [sp, #224]	X4=0x55 SP=0x708b79f2d0
0x70225fe8ec[libsecsdk.so@0x218ec]		str	x5, [sp, #232]	X5=0x49 SP=0x708b79f2d0
0x70225fe8f0[libsecsdk.so@0x218f0]		ldp	x4, x5, [sp, #48]	SP=0x708b79f2d0
0x70225fe8f4[libsecsdk.so@0x218f4]		stp	x4, x5, [sp, #16]	X4=0x708b79f3d0 X5=0x708b79f3d0 SP=0x708b79f2d0
0x70225fe8f8[libsecsdk.so@0x218f8]		ldp	x4, x5, [sp, #64]	SP=0x708b79f2d0
0x70225fe8fc[libsecsdk.so@0x218fc]		str	x30, [sp]	LR=0x70226007c0 SP=0x708b79f2d0
0x70225fe900[libsecsdk.so@0x21900]		str	x3, [sp, #216]	X3=0x49 SP=0x708b79f2d0
0x70225fe904[libsecsdk.so@0x21904]		add	x3, sp, #16	SP=0x708b79f2d0
0x70225fe908[libsecsdk.so@0x21908]		str	x6, [sp, #240]	X6=0x284801ff3a445328 SP=0x708b79f2d0
0x70225fe90c[libsecsdk.so@0x2190c]		str	x7, [sp, #248]	X7=0x7f7f7f7f7f7f7f7f SP=0x708b79f2d0
0x70225fe910[libsecsdk.so@0x21910]		stp	x4, x5, [sp, #32]	X4=0x708b79f3a0 X5=0xffffff80ffffffd8 SP=0x708b79f2d0
0x70225fe914[libsecsdk.so@0x21914]		str	q1, [sp, #96]	SP=0x708b79f2d0
0x70225fe918[libsecsdk.so@0x21918]		str	q2, [sp, #112]	SP=0x708b79f2d0
0x70225fe91c[libsecsdk.so@0x2191c]		str	q3, [sp, #128]	SP=0x708b79f2d0
0x70225fe920[libsecsdk.so@0x21920]		str	q4, [sp, #144]	SP=0x708b79f2d0
0x70225fe924[libsecsdk.so@0x21924]		str	q5, [sp, #160]	SP=0x708b79f2d0
0x70225fe928[libsecsdk.so@0x21928]		str	q6, [sp, #176]	SP=0x708b79f2d0
0x70225fe92c[libsecsdk.so@0x2192c]		str	q7, [sp, #192]	SP=0x708b79f2d0
0x70225fe930[libsecsdk.so@0x21930]		ldr	x4, [x0]	X0=0x708a819500
0x70225fe934[libsecsdk.so@0x21934]		ldr	x4, [x4, #400]	X4=0x70967d16a0
0x70225fe938[libsecsdk.so@0x21938]		blr	x4	X4=0x709659ff60 SP=0x708b79f2d0
0x70225fe93c[libsecsdk.so@0x2193c]		ldr	x30, [sp]	SP=0x708b79f2d0
0x70225fe940[libsecsdk.so@0x21940]		add	sp, sp, #256	SP=0x708b79f2d0
0x70225fe944[libsecsdk.so@0x21944]		ret	LR=0x70226007c0
0x70226007c0[libsecsdk.so@0x237c0]		bfxil	x19, x0, #0, #32	X19=0x0 X0=0x7
0x70226007c4[libsecsdk.so@0x237c4]		ldr	x2, [sp, #224]	SP=0x708b79f3d0
0x70226007c8[libsecsdk.so@0x237c8]		cmp	x2, xzr	X2=0x708b79f488
0x70226007cc[libsecsdk.so@0x237cc]		cset	w0, ne	
0x70226007d0[libsecsdk.so@0x237d0]		cmp	x2, x22	X2=0x708b79f488 X22=0x708b79f488
0x70226007d4[libsecsdk.so@0x237d4]		cset	w1, ne	
0x70226007d8[libsecsdk.so@0x237d8]		and	w1, w0, w1	W0=0x1 W1=0x0
0x70226007dc[libsecsdk.so@0x237dc]		b	#-316	
0x70226006a0[libsecsdk.so@0x236a0]		cbz	w1, #-564	W1=0x0
0x702260046c[libsecsdk.so@0x2346c]		ldr	x0, [sp, #176]	SP=0x708b79f3d0
0x7022600470[libsecsdk.so@0x23470]		cmp	x0, x21	X0=0x708b79f458 X21=0x708b79f458
0x7022600474[libsecsdk.so@0x23474]		b.ne	#-164	
0x7022600478[libsecsdk.so@0x23478]		b	#-144	
0x70226003e8[libsecsdk.so@0x233e8]		ldr	x0, [sp, #128]	SP=0x708b79f3d0
0x70226003ec[libsecsdk.so@0x233ec]		cmp	x0, x20	X0=0x708b79f428 X20=0x708b79f428
0x70226003f0[libsecsdk.so@0x233f0]		b.eq	#28	
0x702260040c[libsecsdk.so@0x2340c]		ldr	x23, [x23, #3784]	X23=0x7022626000
0x7022600410[libsecsdk.so@0x23410]		mov	x0, x19	X19=0x7
0x7022600414[libsecsdk.so@0x23414]		ldr	x2, [sp, #280]	SP=0x708b79f3d0
0x7022600418[libsecsdk.so@0x23418]		ldr	x1, [x23]	X23=0x711ac85510
0x702260041c[libsecsdk.so@0x2341c]		cmp	x2, x1	X2=0xdcf65037242d4fae X1=0xdcf65037242d4fae
0x7022600420[libsecsdk.so@0x23420]		b.ne	#2508	
0x7022600424[libsecsdk.so@0x23424]		ldp	x19, x20, [sp]	SP=0x708b79f3d0
0x7022600428[libsecsdk.so@0x23428]		ldp	x21, x22, [sp, #16]	SP=0x708b79f3d0
0x702260042c[libsecsdk.so@0x2342c]		ldp	x23, x24, [sp, #32]	SP=0x708b79f3d0
0x7022600430[libsecsdk.so@0x23430]		ldp	x25, x26, [sp, #48]	SP=0x708b79f3d0
0x7022600434[libsecsdk.so@0x23434]		ldp	x27, x30, [sp, #64]	SP=0x708b79f3d0
0x7022600438[libsecsdk.so@0x23438]		add	sp, sp, #288	SP=0x708b79f3d0
0x702260043c[libsecsdk.so@0x2343c]		ret	LR=0x70225ebc90
0x70225ebc90[libsecsdk.so@0xec90]		mov	x21, x0	X0=0x7
0x70225ebc94[libsecsdk.so@0xec94]		ldr	x2, [x19]	X19=0x708a819500
0x70225ebc98[libsecsdk.so@0xec98]		mov	x1, x20	X20=0x49
0x70225ebc9c[libsecsdk.so@0xec9c]		mov	x0, x19	X19=0x708a819500
0x70225ebca0[libsecsdk.so@0xeca0]		ldr	x2, [x2, #184]	X2=0x70967d16a0
0x70225ebca4[libsecsdk.so@0xeca4]		blr	x2	X2=0x7096594834 SP=0x708b79f4f0
0x70225ebca8[libsecsdk.so@0xeca8]		mov	w0, w21	W21=0x7
0x70225ebcac[libsecsdk.so@0xecac]		bl	#-360	SP=0x708b79f4f0
0x70225ebb44[libsecsdk.so@0xeb44]		sub	sp, sp, #48	SP=0x708b79f4f0
0x70225ebb48[libsecsdk.so@0xeb48]		mov	w1, w0	W0=0x7
0x70225ebb4c[libsecsdk.so@0xeb4c]		stp	x19, x20, [sp]	X19=0x708a819500 X20=0x49 SP=0x708b79f4c0
0x70225ebb50[libsecsdk.so@0xeb50]		str	x30, [sp, #16]	LR=0x70225ebcb0 SP=0x708b79f4c0
0x70225ebb54[libsecsdk.so@0xeb54]		str	x1, [sp, #40]	X1=0x7 SP=0x708b79f4c0
0x70225ebb58[libsecsdk.so@0xeb58]		bl	#-5036	SP=0x708b79f4c0
0x70225ea7ac[libsecsdk.so@0xd7ac]		sub	sp, sp, #32	SP=0x708b79f4c0
0x70225ea7b0[libsecsdk.so@0xd7b0]		stp	x19, x20, [sp]	X19=0x708a819500 X20=0x49 SP=0x708b79f4a0
0x70225ea7b4[libsecsdk.so@0xd7b4]		adrp	x20, #249856	
0x70225ea7b8[libsecsdk.so@0xd7b8]		str	x30, [sp, #16]	LR=0x70225ebb5c SP=0x708b79f4a0
0x70225ea7bc[libsecsdk.so@0xd7bc]		ldr	x0, [x20, #2112]	X20=0x7022627000
0x70225ea7c0[libsecsdk.so@0xd7c0]		cbz	x0, #20	X0=0x7085e00080
0x70225ea7c4[libsecsdk.so@0xd7c4]		ldp	x19, x20, [sp]	SP=0x708b79f4a0
0x70225ea7c8[libsecsdk.so@0xd7c8]		ldr	x30, [sp, #16]	SP=0x708b79f4a0
0x70225ea7cc[libsecsdk.so@0xd7cc]		add	sp, sp, #32	SP=0x708b79f4a0
0x70225ea7d0[libsecsdk.so@0xd7d0]		ret	LR=0x70225ebb5c
0x70225ebb5c[libsecsdk.so@0xeb5c]		ldr	x2, [x0]	X0=0x7085e00080
0x70225ebb60[libsecsdk.so@0xeb60]		ldr	x1, [sp, #40]	SP=0x708b79f4c0
0x70225ebb64[libsecsdk.so@0xeb64]		ldr	x2, [x2, #32]	X2=0x7022625360
0x70225ebb68[libsecsdk.so@0xeb68]		blr	x2	X2=0x70225e9218 SP=0x708b79f4c0
0x70225e9218[libsecsdk.so@0xc218]		ldr	x2, [x0, #32]	X0=0x7085e00080
0x70225e921c[libsecsdk.so@0xc21c]		sxtw	x1, w1	X1=0x7
0x70225e9220[libsecsdk.so@0xc220]		ldr	x0, [x0, #40]	X0=0x7085e00080
0x70225e9224[libsecsdk.so@0xc224]		sub	x0, x0, x2	X0=0x702472f980 X2=0x702472f880
0x70225e9228[libsecsdk.so@0xc228]		cmp	x1, x0, asr #3	X1=0x7 X0=0x100
0x70225e922c[libsecsdk.so@0xc22c]		b.hs	#12	
0x70225e9230[libsecsdk.so@0xc230]		ldr	x0, [x2, x1, lsl #3]	X2=0x702472f880 X1=0x7
0x70225e9234[libsecsdk.so@0xc234]		ret	LR=0x70225ebb6c
0x70225ebb6c[libsecsdk.so@0xeb6c]		mov	x20, x0	X0=0x711b59df30
0x70225ebb70[libsecsdk.so@0xeb70]		cbz	x0, #148	X0=0x711b59df30
0x70225ebb74[libsecsdk.so@0xeb74]		mov	x0, #80	
0x70225ebb78[libsecsdk.so@0xeb78]		bl	#106920	SP=0x708b79f4c0
0x7022605d20[libsecsdk.so@0x28d20]		stp	x29, x30, [sp, #-32]!	FP=0x708b79f600 LR=0x70225ebb7c SP=0x708b79f4c0
0x7022605d24[libsecsdk.so@0x28d24]		mov	x29, sp	SP=0x708b79f4a0
0x7022605d28[libsecsdk.so@0x28d28]		stp	x19, x20, [sp, #16]	X19=0x708a819500 X20=0x711b59df30 SP=0x708b79f4a0
0x7022605d2c[libsecsdk.so@0x28d2c]		mov	x19, x0	X0=0x50
0x7022605d30[libsecsdk.so@0x28d30]		adrp	x20, #139264	
0x7022605d34[libsecsdk.so@0x28d34]		b	#32	
0x7022605d54[libsecsdk.so@0x28d54]		mov	x0, x19	X19=0x50
0x7022605d58[libsecsdk.so@0x28d58]		bl	#-132552	SP=0x708b79f4a0
0x70225e5790[libsecsdk.so@0x8790]		adrp	x16, #266240	
0x70225e5794[libsecsdk.so@0x8794]		ldr	x17, [x16, #3352]	X16=0x7022626000
0x70225e5798[libsecsdk.so@0x8798]		add	x16, x16, #3352	X16=0x7022626000
0x70225e579c[libsecsdk.so@0x879c]		br	x17	X17=0x711abd432c
0x7022605d5c[libsecsdk.so@0x28d5c]		cbz	x0, #-36	X0=0x70228b8c00
0x7022605d60[libsecsdk.so@0x28d60]		ldp	x19, x20, [sp, #16]	SP=0x708b79f4a0
0x7022605d64[libsecsdk.so@0x28d64]		ldp	x29, x30, [sp], #32	SP=0x708b79f4a0
0x7022605d68[libsecsdk.so@0x28d68]		ret	LR=0x70225ebb7c
0x70225ebb7c[libsecsdk.so@0xeb7c]		mov	x19, x0	X0=0x70228b8c00
0x70225ebb80[libsecsdk.so@0xeb80]		add	x0, x0, #24	X0=0x70228b8c00
0x70225ebb84[libsecsdk.so@0xeb84]		cmp	x20, x0	X20=0x711b59df30 X0=0x70228b8c18
0x70225ebb88[libsecsdk.so@0xeb88]		str	x0, [x0, #32]	X0=0x70228b8c18 X0=0x70228b8c18
0x70225ebb8c[libsecsdk.so@0xeb8c]		strb	wzr, [x19, #24]	X19=0x70228b8c00
0x70225ebb90[libsecsdk.so@0xeb90]		str	x0, [x19, #64]	X0=0x70228b8c18 X19=0x70228b8c00
0x70225ebb94[libsecsdk.so@0xeb94]		ldr	x1, [x20, #64]	X20=0x711b59df30
0x70225ebb98[libsecsdk.so@0xeb98]		ldr	w4, [x20, #56]	X20=0x711b59df30
0x70225ebb9c[libsecsdk.so@0xeb9c]		ldr	w3, [x20, #48]	X20=0x711b59df30
0x70225ebba0[libsecsdk.so@0xeba0]		ldrh	w6, [x1]	X1=0x711b5b7340
0x70225ebba4[libsecsdk.so@0xeba4]		ldrh	w5, [x1, #2]	X1=0x711b5b7340
0x70225ebba8[libsecsdk.so@0xeba8]		ldr	w2, [x20, #60]	X20=0x711b59df30
0x70225ebbac[libsecsdk.so@0xebac]		str	w2, [x19, #12]	W2=0x0 X19=0x70228b8c00
0x70225ebbb0[libsecsdk.so@0xebb0]		str	w6, [x19, #16]	W6=0x8 X19=0x70228b8c00
0x70225ebbb4[libsecsdk.so@0xebb4]		str	w5, [x19, #8]	W5=0x2 X19=0x70228b8c00
0x70225ebbb8[libsecsdk.so@0xebb8]		str	x1, [x19, #72]	X1=0x711b5b7340 X19=0x70228b8c00
0x70225ebbbc[libsecsdk.so@0xebbc]		str	w4, [x19]	W4=0x7 X19=0x70228b8c00
0x70225ebbc0[libsecsdk.so@0xebc0]		str	w3, [x19, #4]	W3=0x9 X19=0x70228b8c00
0x70225ebbc4[libsecsdk.so@0xebc4]		b.eq	#20	
0x70225ebbc8[libsecsdk.so@0xebc8]		ldr	x1, [x20, #40]	X20=0x711b59df30
0x70225ebbcc[libsecsdk.so@0xebcc]		ldr	x2, [x20, #32]	X20=0x711b59df30
0x70225ebbd0[libsecsdk.so@0xebd0]		cmp	x2, x1	X2=0x711b59df33 X1=0x711b59df30
0x70225ebbd4[libsecsdk.so@0xebd4]		b.ne	#24	
0x70225ebbec[libsecsdk.so@0xebec]		bl	#-1716	SP=0x708b79f4c0
0x70225eb538[libsecsdk.so@0xe538]		sub	sp, sp, #80	SP=0x708b79f4c0
0x70225eb53c[libsecsdk.so@0xe53c]		cmp	x1, x2	X1=0x711b59df30 X2=0x711b59df33
0x70225eb540[libsecsdk.so@0xe540]		stp	x19, x20, [sp]	X19=0x70228b8c00 X20=0x711b59df30 SP=0x708b79f470
0x70225eb544[libsecsdk.so@0xe544]		stp	x21, x22, [sp, #16]	X21=0x7 X22=0x0 SP=0x708b79f470
0x70225eb548[libsecsdk.so@0xe548]		stp	x23, x30, [sp, #32]	X23=0x0 LR=0x70225ebbf0 SP=0x708b79f470
0x70225eb54c[libsecsdk.so@0xe54c]		mov	x19, x0	X0=0x70228b8c18
0x70225eb550[libsecsdk.so@0xe550]		b.eq	#436	
0x70225eb554[libsecsdk.so@0xe554]		ldr	x4, [x0, #40]	X0=0x70228b8c18
0x70225eb558[libsecsdk.so@0xe558]		sub	x20, x2, x1	X2=0x711b59df33 X1=0x711b59df30
0x70225eb55c[libsecsdk.so@0xe55c]		cmp	x4, x0	X4=0x70228b8c18 X0=0x70228b8c18
0x70225eb560[libsecsdk.so@0xe560]		b.eq	#1408	
0x70225ebae0[libsecsdk.so@0xeae0]		ldr	x0, [x4, #32]	X4=0x70228b8c18
0x70225ebae4[libsecsdk.so@0xeae4]		sub	x3, x4, x0	X4=0x70228b8c18 X0=0x70228b8c18
0x70225ebae8[libsecsdk.so@0xeae8]		add	x3, x3, #32	X3=0x0
0x70225ebaec[libsecsdk.so@0xeaec]		b	#-1404	
0x70225eb570[libsecsdk.so@0xe570]		cmp	x20, x3	X20=0x3 X3=0x20
0x70225eb574[libsecsdk.so@0xe574]		b.hs	#424	
0x70225eb578[libsecsdk.so@0xe578]		add	x3, x1, #1	X1=0x711b59df30
0x70225eb57c[libsecsdk.so@0xe57c]		add	x5, x0, #1	X0=0x70228b8c18
0x70225eb580[libsecsdk.so@0xe580]		sub	x2, x2, x3	X2=0x711b59df33 X3=0x711b59df31
0x70225eb584[libsecsdk.so@0xe584]		cmp	x2, xzr	X2=0x2
0x70225eb588[libsecsdk.so@0xe588]		b.le	#352	
0x70225eb58c[libsecsdk.so@0xe58c]		add	x4, x1, #17	X1=0x711b59df30
0x70225eb590[libsecsdk.so@0xe590]		add	x0, x0, #17	X0=0x70228b8c18
0x70225eb594[libsecsdk.so@0xe594]		cmp	x5, x4	X5=0x70228b8c19 X4=0x711b59df41
0x70225eb598[libsecsdk.so@0xe598]		cset	w4, hs	
0x70225eb59c[libsecsdk.so@0xe59c]		cmp	x3, x0	X3=0x711b59df31 X0=0x70228b8c29
0x70225eb5a0[libsecsdk.so@0xe5a0]		cset	w0, hs	
0x70225eb5a4[libsecsdk.so@0xe5a4]		orr	w0, w4, w0	W4=0x0 W0=0x1
0x70225eb5a8[libsecsdk.so@0xe5a8]		cbz	w0, #1304	W0=0x1
0x70225eb5ac[libsecsdk.so@0xe5ac]		cmp	x2, #15	X2=0x2
0x70225eb5b0[libsecsdk.so@0xe5b0]		b.ls	#1296	
0x70225ebac0[libsecsdk.so@0xeac0]		add	x2, x2, #1	X2=0x2
0x70225ebac4[libsecsdk.so@0xeac4]		add	x2, x1, x2	X1=0x711b59df30 X2=0x3
0x70225ebac8[libsecsdk.so@0xeac8]		ldrb	w0, [x3], #1	X3=0x711b59df31
0x70225ebacc[libsecsdk.so@0xeacc]		strb	w0, [x5], #1	W0=0x4c X5=0x70228b8c19
0x70225ebad0[libsecsdk.so@0xead0]		cmp	x3, x2	X3=0x711b59df32 X2=0x711b59df33
0x70225ebad4[libsecsdk.so@0xead4]		b.ne	#-12	
0x70225ebac8[libsecsdk.so@0xeac8]		ldrb	w0, [x3], #1	X3=0x711b59df32
0x70225ebacc[libsecsdk.so@0xeacc]		strb	w0, [x5], #1	W0=0x4c X5=0x70228b8c1a
0x70225ebad0[libsecsdk.so@0xead0]		cmp	x3, x2	X3=0x711b59df33 X2=0x711b59df33
0x70225ebad4[libsecsdk.so@0xead4]		b.ne	#-12	
0x70225ebad8[libsecsdk.so@0xead8]		ldr	x0, [x19, #32]	X19=0x70228b8c18
0x70225ebadc[libsecsdk.so@0xeadc]		b	#-1012	
0x70225eb6e8[libsecsdk.so@0xe6e8]		strb	wzr, [x0, x20]	X0=0x70228b8c18 X20=0x3
0x70225eb6ec[libsecsdk.so@0xe6ec]		ldr	x0, [x19, #32]	X19=0x70228b8c18
0x70225eb6f0[libsecsdk.so@0xe6f0]		ldrb	w1, [x1]	X1=0x711b59df30
0x70225eb6f4[libsecsdk.so@0xe6f4]		strb	w1, [x0]	W1=0x4c X0=0x70228b8c18
0x70225eb6f8[libsecsdk.so@0xe6f8]		ldr	x0, [x19, #32]	X19=0x70228b8c18
0x70225eb6fc[libsecsdk.so@0xe6fc]		add	x20, x0, x20	X0=0x70228b8c18 X20=0x3
0x70225eb700[libsecsdk.so@0xe700]		str	x20, [x19, #32]	X20=0x70228b8c1b X19=0x70228b8c18
0x70225eb704[libsecsdk.so@0xe704]		mov	x0, x19	X19=0x70228b8c18
0x70225eb708[libsecsdk.so@0xe708]		ldp	x19, x20, [sp]	SP=0x708b79f470
0x70225eb70c[libsecsdk.so@0xe70c]		ldp	x21, x22, [sp, #16]	SP=0x708b79f470
0x70225eb710[libsecsdk.so@0xe710]		ldp	x23, x30, [sp, #32]	SP=0x708b79f470
0x70225eb714[libsecsdk.so@0xe714]		add	sp, sp, #80	SP=0x708b79f470
0x70225eb718[libsecsdk.so@0xe718]		ret	LR=0x70225ebbf0
0x70225ebbf0[libsecsdk.so@0xebf0]		mov	x0, x19	X19=0x70228b8c00
0x70225ebbf4[libsecsdk.so@0xebf4]		ldr	x30, [sp, #16]	SP=0x708b79f4c0
0x70225ebbf8[libsecsdk.so@0xebf8]		ldp	x19, x20, [sp]	SP=0x708b79f4c0
0x70225ebbfc[libsecsdk.so@0xebfc]		add	sp, sp, #48	SP=0x708b79f4c0
0x70225ebc00[libsecsdk.so@0xec00]		ret	LR=0x70225ebcb0
0x70225ebcb0[libsecsdk.so@0xecb0]		mov	x23, x0	X0=0x70228b8c00
0x70225ebcb4[libsecsdk.so@0xecb4]		cbz	x0, #580	X0=0x70228b8c00
0x70225ebcb8[libsecsdk.so@0xecb8]		mov	x1, x23	X23=0x70228b8c00
0x70225ebcbc[libsecsdk.so@0xecbc]		mov	x0, x19	X19=0x708a819500
0x70225ebcc0[libsecsdk.so@0xecc0]		bl	#-2016	SP=0x708b79f4f0
0x70225eb4e0[libsecsdk.so@0xe4e0]		sub	sp, sp, #32	SP=0x708b79f4f0
0x70225eb4e4[libsecsdk.so@0xe4e4]		str	x1, [sp, #24]	X1=0x70228b8c00 SP=0x708b79f4d0
0x70225eb4e8[libsecsdk.so@0xe4e8]		str	x30, [sp]	LR=0x70225ebcc4 SP=0x708b79f4d0
0x70225eb4ec[libsecsdk.so@0xe4ec]		bl	#-3392	SP=0x708b79f4d0
0x70225ea7ac[libsecsdk.so@0xd7ac]		sub	sp, sp, #32	SP=0x708b79f4d0
0x70225ea7b0[libsecsdk.so@0xd7b0]		stp	x19, x20, [sp]	X19=0x708a819500 X20=0x49 SP=0x708b79f4b0
0x70225ea7b4[libsecsdk.so@0xd7b4]		adrp	x20, #249856	
0x70225ea7b8[libsecsdk.so@0xd7b8]		str	x30, [sp, #16]	LR=0x70225eb4f0 SP=0x708b79f4b0
0x70225ea7bc[libsecsdk.so@0xd7bc]		ldr	x0, [x20, #2112]	X20=0x7022627000
0x70225ea7c0[libsecsdk.so@0xd7c0]		cbz	x0, #20	X0=0x7085e00080
0x70225ea7c4[libsecsdk.so@0xd7c4]		ldp	x19, x20, [sp]	SP=0x708b79f4b0
0x70225ea7c8[libsecsdk.so@0xd7c8]		ldr	x30, [sp, #16]	SP=0x708b79f4b0
0x70225ea7cc[libsecsdk.so@0xd7cc]		add	sp, sp, #32	SP=0x708b79f4b0
0x70225ea7d0[libsecsdk.so@0xd7d0]		ret	LR=0x70225eb4f0
0x70225eb4f0[libsecsdk.so@0xe4f0]		ldr	x2, [x0]	X0=0x7085e00080
0x70225eb4f4[libsecsdk.so@0xe4f4]		ldr	x2, [x2, #56]	X2=0x7022625360
0x70225eb4f8[libsecsdk.so@0xe4f8]		blr	x2	X2=0x70225e91ac SP=0x708b79f4d0
0x70225e91ac[libsecsdk.so@0xc1ac]		add	x0, x0, #8	X0=0x7085e00080
0x70225e91b0[libsecsdk.so@0xc1b0]		ret	LR=0x70225eb4fc
0x70225eb4fc[libsecsdk.so@0xe4fc]		ldr	x1, [sp, #24]	SP=0x708b79f4d0
0x70225eb500[libsecsdk.so@0xe500]		ldrsw	x2, [x1, #12]	X1=0x70228b8c00
0x70225eb504[libsecsdk.so@0xe504]		ldr	x1, [x0]	X0=0x7085e00088
0x70225eb508[libsecsdk.so@0xe508]		ldr	x0, [x0, #8]	X0=0x7085e00088
0x70225eb50c[libsecsdk.so@0xe50c]		sub	x0, x0, x1	X0=0x702472f998 X1=0x702472f990
0x70225eb510[libsecsdk.so@0xe510]		cmp	x2, x0, asr #3	X2=0x0 X0=0x8
0x70225eb514[libsecsdk.so@0xe514]		b.hs	#20	
0x70225eb518[libsecsdk.so@0xe518]		ldr	x0, [x1, x2, lsl #3]	X1=0x702472f990 X2=0x0
0x70225eb51c[libsecsdk.so@0xe51c]		ldr	x30, [sp]	SP=0x708b79f4d0
0x70225eb520[libsecsdk.so@0xe520]		add	sp, sp, #32	SP=0x708b79f4d0
0x70225eb524[libsecsdk.so@0xe524]		ret	LR=0x70225ebcc4
0x70225ebcc4[libsecsdk.so@0xecc4]		mov	x1, x0	X0=0x702489e000
0x70225ebcc8[libsecsdk.so@0xecc8]		cbz	x0, #568	X0=0x702489e000
0x70225ebccc[libsecsdk.so@0xeccc]		mov	x0, x26	X26=0x708a81f3e8
0x70225ebcd0[libsecsdk.so@0xecd0]		sub	w27, w25, #2	W25=0x4
0x70225ebcd4[libsecsdk.so@0xecd4]		bl	#77476	SP=0x708b79f4f0
0x70225feb78[libsecsdk.so@0x21b78]		sub	sp, sp, #32	SP=0x708b79f4f0
0x70225feb7c[libsecsdk.so@0x21b7c]		stp	x19, x20, [sp]	X19=0x708a819500 X20=0x49 SP=0x708b79f4d0
0x70225feb80[libsecsdk.so@0x21b80]		str	x30, [sp, #16]	LR=0x70225ebcd8 SP=0x708b79f4d0
0x70225feb84[libsecsdk.so@0x21b84]		cbz	x1, #132	X1=0x702489e000
0x70225feb88[libsecsdk.so@0x21b88]		mov	x19, x1	X1=0x702489e000
0x70225feb8c[libsecsdk.so@0x21b8c]		mov	x20, x0	X0=0x708a81f3e8
0x70225feb90[libsecsdk.so@0x21b90]		mov	x0, #104	
0x70225feb94[libsecsdk.so@0x21b94]		bl	#29068	SP=0x708b79f4d0
0x7022605d20[libsecsdk.so@0x28d20]		stp	x29, x30, [sp, #-32]!	FP=0x708b79f600 LR=0x70225feb98 SP=0x708b79f4d0
0x7022605d24[libsecsdk.so@0x28d24]		mov	x29, sp	SP=0x708b79f4b0
0x7022605d28[libsecsdk.so@0x28d28]		stp	x19, x20, [sp, #16]	X19=0x702489e000 X20=0x708a81f3e8 SP=0x708b79f4b0
0x7022605d2c[libsecsdk.so@0x28d2c]		mov	x19, x0	X0=0x68
0x7022605d30[libsecsdk.so@0x28d30]		adrp	x20, #139264	
0x7022605d34[libsecsdk.so@0x28d34]		b	#32	
0x7022605d54[libsecsdk.so@0x28d54]		mov	x0, x19	X19=0x68
0x7022605d58[libsecsdk.so@0x28d58]		bl	#-132552	SP=0x708b79f4b0
0x70225e5790[libsecsdk.so@0x8790]		adrp	x16, #266240	
0x70225e5794[libsecsdk.so@0x8794]		ldr	x17, [x16, #3352]	X16=0x7022626000
0x70225e5798[libsecsdk.so@0x8798]		add	x16, x16, #3352	X16=0x7022626000
0x70225e579c[libsecsdk.so@0x879c]		br	x17	X17=0x711abd432c
0x7022605d5c[libsecsdk.so@0x28d5c]		cbz	x0, #-36	X0=0x7022a969c0
0x7022605d60[libsecsdk.so@0x28d60]		ldp	x19, x20, [sp, #16]	SP=0x708b79f4b0
0x7022605d64[libsecsdk.so@0x28d64]		ldp	x29, x30, [sp], #32	SP=0x708b79f4b0
0x7022605d68[libsecsdk.so@0x28d68]		ret	LR=0x70225feb98
0x70225feb98[libsecsdk.so@0x21b98]		ldr	w7, [x19, #60]	X19=0x702489e000
0x70225feb9c[libsecsdk.so@0x21b9c]		ldr	w6, [x19, #68]	X19=0x702489e000
0x70225feba0[libsecsdk.so@0x21ba0]		ldr	w5, [x19, #84]	X19=0x702489e000
0x70225feba4[libsecsdk.so@0x21ba4]		add	x7, x19, x7	X19=0x702489e000 X7=0x70
0x70225feba8[libsecsdk.so@0x21ba8]		ldr	w4, [x19, #92]	X19=0x702489e000
0x70225febac[libsecsdk.so@0x21bac]		add	x6, x19, x6	X19=0x702489e000 X6=0x35c
0x70225febb0[libsecsdk.so@0x21bb0]		ldr	w3, [x19, #76]	X19=0x702489e000
0x70225febb4[libsecsdk.so@0x21bb4]		add	x5, x19, x5	X19=0x702489e000 X5=0x5a0
0x70225febb8[libsecsdk.so@0x21bb8]		ldr	w2, [x19, #100]	X19=0x702489e000
0x70225febbc[libsecsdk.so@0x21bbc]		add	x4, x19, x4	X19=0x702489e000 X4=0x5f0
0x70225febc0[libsecsdk.so@0x21bc0]		ldr	w1, [x19, #48]	X19=0x702489e000
0x70225febc4[libsecsdk.so@0x21bc4]		add	x3, x19, x3	X19=0x702489e000 X3=0x3e4
0x70225febc8[libsecsdk.so@0x21bc8]		str	x0, [x20]	X0=0x7022a969c0 X20=0x708a81f3e8
0x70225febcc[libsecsdk.so@0x21bcc]		add	x2, x19, x2	X19=0x702489e000 X2=0x840
0x70225febd0[libsecsdk.so@0x21bd0]		add	x1, x19, x1	X19=0x702489e000 X1=0x0
0x70225febd4[libsecsdk.so@0x21bd4]		str	x19, [x0, #88]	X19=0x702489e000 X0=0x7022a969c0
0x70225febd8[libsecsdk.so@0x21bd8]		str	x19, [x0, #8]	X19=0x702489e000 X0=0x7022a969c0
0x70225febdc[libsecsdk.so@0x21bdc]		str	x7, [x0, #16]	X7=0x702489e070 X0=0x7022a969c0
0x70225febe0[libsecsdk.so@0x21be0]		str	x6, [x0, #24]	X6=0x702489e35c X0=0x7022a969c0
0x70225febe4[libsecsdk.so@0x21be4]		str	x5, [x0, #32]	X5=0x702489e5a0 X0=0x7022a969c0
0x70225febe8[libsecsdk.so@0x21be8]		str	x4, [x0, #40]	X4=0x702489e5f0 X0=0x7022a969c0
0x70225febec[libsecsdk.so@0x21bec]		str	x3, [x0, #48]	X3=0x702489e3e4 X0=0x7022a969c0
0x70225febf0[libsecsdk.so@0x21bf0]		str	x2, [x0, #56]	X2=0x702489e840 X0=0x7022a969c0
0x70225febf4[libsecsdk.so@0x21bf4]		str	x1, [x0, #64]	X1=0x702489e000 X0=0x7022a969c0
0x70225febf8[libsecsdk.so@0x21bf8]		ldp	x19, x20, [sp]	SP=0x708b79f4d0
0x70225febfc[libsecsdk.so@0x21bfc]		ldr	x30, [sp, #16]	SP=0x708b79f4d0
0x70225fec00[libsecsdk.so@0x21c00]		add	sp, sp, #32	SP=0x708b79f4d0
0x70225fec04[libsecsdk.so@0x21c04]		ret	LR=0x70225ebcd8
0x70225ebcd8[libsecsdk.so@0xecd8]		ldr	x3, [x19]	X19=0x708a819500
0x70225ebcdc[libsecsdk.so@0xecdc]		mov	w2, #0	
0x70225ebce0[libsecsdk.so@0xece0]		ldr	x1, [x28]	X28=0x708b79f578
0x70225ebce4[libsecsdk.so@0xece4]		mov	x0, x19	X19=0x708a819500
0x70225ebce8[libsecsdk.so@0xece8]		ldr	x3, [x3, #1384]	X3=0x70967d16a0
0x70225ebcec[libsecsdk.so@0xecec]		blr	x3	X3=0x70965d3d48 SP=0x708b79f4f0
0x70225ebcf0[libsecsdk.so@0xecf0]		fmov	d9, x0	X0=0x0
0x70225ebcf4[libsecsdk.so@0xecf4]		sbfiz	x0, x27, #3, #32	X27=0x2
0x70225ebcf8[libsecsdk.so@0xecf8]		bl	#106740	SP=0x708b79f4f0
0x7022605dec[libsecsdk.so@0x28dec]		stp	x29, x30, [sp, #-16]!	FP=0x708b79f600 LR=0x70225ebcfc SP=0x708b79f4f0
0x7022605df0[libsecsdk.so@0x28df0]		mov	x29, sp	SP=0x708b79f4e0
0x7022605df4[libsecsdk.so@0x28df4]		bl	#-212	SP=0x708b79f4e0
0x7022605d20[libsecsdk.so@0x28d20]		stp	x29, x30, [sp, #-32]!	FP=0x708b79f4e0 LR=0x7022605df8 SP=0x708b79f4e0
0x7022605d24[libsecsdk.so@0x28d24]		mov	x29, sp	SP=0x708b79f4c0
0x7022605d28[libsecsdk.so@0x28d28]		stp	x19, x20, [sp, #16]	X19=0x708a819500 X20=0x49 SP=0x708b79f4c0
0x7022605d2c[libsecsdk.so@0x28d2c]		mov	x19, x0	X0=0x10
0x7022605d30[libsecsdk.so@0x28d30]		adrp	x20, #139264	
0x7022605d34[libsecsdk.so@0x28d34]		b	#32	
0x7022605d54[libsecsdk.so@0x28d54]		mov	x0, x19	X19=0x10
0x7022605d58[libsecsdk.so@0x28d58]		bl	#-132552	SP=0x708b79f4c0
0x70225e5790[libsecsdk.so@0x8790]		adrp	x16, #266240	
0x70225e5794[libsecsdk.so@0x8794]		ldr	x17, [x16, #3352]	X16=0x7022626000
0x70225e5798[libsecsdk.so@0x8798]		add	x16, x16, #3352	X16=0x7022626000
0x70225e579c[libsecsdk.so@0x879c]		br	x17	X17=0x711abd432c
0x7022605d5c[libsecsdk.so@0x28d5c]		cbz	x0, #-36	X0=0x708a82ba10
0x7022605d60[libsecsdk.so@0x28d60]		ldp	x19, x20, [sp, #16]	SP=0x708b79f4c0
0x7022605d64[libsecsdk.so@0x28d64]		ldp	x29, x30, [sp], #32	SP=0x708b79f4c0
0x7022605d68[libsecsdk.so@0x28d68]		ret	LR=0x7022605df8
0x7022605df8[libsecsdk.so@0x28df8]		ldp	x29, x30, [sp], #16	SP=0x708b79f4e0
0x7022605dfc[libsecsdk.so@0x28dfc]		ret	LR=0x70225ebcfc
0x70225ebcfc[libsecsdk.so@0xecfc]		fmov	d8, x0	X0=0x708a82ba10
0x70225ebd00[libsecsdk.so@0xed00]		cbz	w27, #536	W27=0x2
0x70225ebd04[libsecsdk.so@0xed04]		sub	w25, w25, #3	W25=0x4
0x70225ebd08[libsecsdk.so@0xed08]		mov	x20, x0	X0=0x708a82ba10
0x70225ebd0c[libsecsdk.so@0xed0c]		add	x25, x25, #1	X25=0x1
0x70225ebd10[libsecsdk.so@0xed10]		mov	x21, #1	
0x70225ebd14[libsecsdk.so@0xed14]		add	x25, x0, x25, lsl #3	X0=0x708a82ba10 X25=0x2
0x70225ebd18[libsecsdk.so@0xed18]		b	#44	
0x70225ebd44[libsecsdk.so@0xed44]		ldr	x5, [x23, #64]	X23=0x70228b8c00
0x70225ebd48[libsecsdk.so@0xed48]		mov	w2, w21	W21=0x1
0x70225ebd4c[libsecsdk.so@0xed4c]		ldr	x4, [x19]	X19=0x708a819500
0x70225ebd50[libsecsdk.so@0xed50]		mov	x0, x19	X19=0x708a819500
0x70225ebd54[libsecsdk.so@0xed54]		ldr	x1, [x28]	X28=0x708b79f578
0x70225ebd58[libsecsdk.so@0xed58]		ldrb	w22, [x5, x21]	X5=0x70228b8c18 X21=0x1
0x70225ebd5c[libsecsdk.so@0xed5c]		add	x21, x21, #1	X21=0x1
0x70225ebd60[libsecsdk.so@0xed60]		ldr	x5, [x4, #1384]	X4=0x70967d16a0
0x70225ebd64[libsecsdk.so@0xed64]		blr	x5	X5=0x70965d3d48 SP=0x708b79f4f0
0x70225ebd68[libsecsdk.so@0xed68]		mov	x24, x0	X0=0x41
0x70225ebd6c[libsecsdk.so@0xed6c]		mov	x1, x19	X19=0x708a819500
0x70225ebd70[libsecsdk.so@0xed70]		mov	x0, x26	X26=0x708a81f3e8
0x70225ebd74[libsecsdk.so@0xed74]		mov	x2, x24	X24=0x41
0x70225ebd78[libsecsdk.so@0xed78]		mov	w3, w22	W22=0x4c
0x70225ebd7c[libsecsdk.so@0xed7c]		bl	#83404	SP=0x708b79f4f0
0x7022600348[libsecsdk.so@0x23348]		sub	sp, sp, #288	SP=0x708b79f4f0
0x702260034c[libsecsdk.so@0x2334c]		uxtb	w3, w3	W3=0x4c
0x7022600350[libsecsdk.so@0x23350]		sub	w5, w3, #66	W3=0x4c
0x7022600354[libsecsdk.so@0x23354]		cmp	w5, #25	W5=0xa
0x7022600358[libsecsdk.so@0x23358]		stp	x23, x24, [sp, #32]	X23=0x70228b8c00 X24=0x41 SP=0x708b79f3d0
0x702260035c[libsecsdk.so@0x2335c]		adrp	x23, #155648	
0x7022600360[libsecsdk.so@0x23360]		stp	x19, x20, [sp]	X19=0x708a819500 X20=0x708a82ba10 SP=0x708b79f3d0
0x7022600364[libsecsdk.so@0x23364]		stp	x21, x22, [sp, #16]	X21=0x2 X22=0x4c SP=0x708b79f3d0
0x7022600368[libsecsdk.so@0x23368]		ldr	x3, [x23, #3784]	X23=0x7022626000
0x702260036c[libsecsdk.so@0x2336c]		mov	x19, #0	
0x7022600370[libsecsdk.so@0x23370]		stp	x25, x26, [sp, #48]	X25=0x708a82ba20 X26=0x708a81f3e8 SP=0x708b79f3d0
0x7022600374[libsecsdk.so@0x23374]		stp	x27, x30, [sp, #64]	X27=0x2 LR=0x70225ebd80 SP=0x708b79f3d0
0x7022600378[libsecsdk.so@0x23378]		add	x20, sp, #88	SP=0x708b79f3d0
0x702260037c[libsecsdk.so@0x2337c]		add	x21, sp, #136	SP=0x708b79f3d0
0x7022600380[libsecsdk.so@0x23380]		ldr	x3, [x3]	X3=0x711ac85510
0x7022600384[libsecsdk.so@0x23384]		add	x22, sp, #184	SP=0x708b79f3d0
0x7022600388[libsecsdk.so@0x23388]		str	x20, [sp, #120]	X20=0x708b79f428 SP=0x708b79f3d0
0x702260038c[libsecsdk.so@0x2338c]		mov	x27, x0	X0=0x708a81f3e8
0x7022600390[libsecsdk.so@0x23390]		str	x20, [sp, #128]	X20=0x708b79f428 SP=0x708b79f3d0
0x7022600394[libsecsdk.so@0x23394]		mov	x25, x1	X1=0x708a819500
0x7022600398[libsecsdk.so@0x23398]		str	x3, [sp, #280]	X3=0xdcf65037242d4fae SP=0x708b79f3d0
0x702260039c[libsecsdk.so@0x2339c]		mov	x26, x2	X2=0x41
0x70226003a0[libsecsdk.so@0x233a0]		strb	w19, [sp, #88]	W19=0x0 SP=0x708b79f3d0
0x70226003a4[libsecsdk.so@0x233a4]		str	x21, [sp, #168]	X21=0x708b79f458 SP=0x708b79f3d0
0x70226003a8[libsecsdk.so@0x233a8]		str	x21, [sp, #176]	X21=0x708b79f458 SP=0x708b79f3d0
0x70226003ac[libsecsdk.so@0x233ac]		strb	w19, [sp, #136]	W19=0x0 SP=0x708b79f3d0
0x70226003b0[libsecsdk.so@0x233b0]		str	x22, [sp, #216]	X22=0x708b79f488 SP=0x708b79f3d0
0x70226003b4[libsecsdk.so@0x233b4]		str	x22, [sp, #224]	X22=0x708b79f488 SP=0x708b79f3d0
0x70226003b8[libsecsdk.so@0x233b8]		strb	w19, [sp, #184]	W19=0x0 SP=0x708b79f3d0
0x70226003bc[libsecsdk.so@0x233bc]		b.ls	#132	
0x7022600440[libsecsdk.so@0x23440]		adrp	x3, #53248	
0x7022600444[libsecsdk.so@0x23444]		add	x3, x3, #3840	X3=0x702260d000
0x7022600448[libsecsdk.so@0x23448]		ldrh	w0, [x3, w5, uxtw #1]	X3=0x702260df00 W5=0xa
0x702260044c[libsecsdk.so@0x2344c]		adr	x1, #12	
0x7022600450[libsecsdk.so@0x23450]		add	x0, x1, w0, sxth #2	X1=0x7022600458 W0=0x4
0x7022600454[libsecsdk.so@0x23454]		br	x0	X0=0x7022600468
0x7022600468[libsecsdk.so@0x23468]		mov	x19, x2	X2=0x41
0x702260046c[libsecsdk.so@0x2346c]		ldr	x0, [sp, #176]	SP=0x708b79f3d0
0x7022600470[libsecsdk.so@0x23470]		cmp	x0, x21	X0=0x708b79f458 X21=0x708b79f458
0x7022600474[libsecsdk.so@0x23474]		b.ne	#-164	
0x7022600478[libsecsdk.so@0x23478]		b	#-144	
0x70226003e8[libsecsdk.so@0x233e8]		ldr	x0, [sp, #128]	SP=0x708b79f3d0
0x70226003ec[libsecsdk.so@0x233ec]		cmp	x0, x20	X0=0x708b79f428 X20=0x708b79f428
0x70226003f0[libsecsdk.so@0x233f0]		b.eq	#28	
0x702260040c[libsecsdk.so@0x2340c]		ldr	x23, [x23, #3784]	X23=0x7022626000
0x7022600410[libsecsdk.so@0x23410]		mov	x0, x19	X19=0x41
0x7022600414[libsecsdk.so@0x23414]		ldr	x2, [sp, #280]	SP=0x708b79f3d0
0x7022600418[libsecsdk.so@0x23418]		ldr	x1, [x23]	X23=0x711ac85510
0x702260041c[libsecsdk.so@0x2341c]		cmp	x2, x1	X2=0xdcf65037242d4fae X1=0xdcf65037242d4fae
0x7022600420[libsecsdk.so@0x23420]		b.ne	#2508	
0x7022600424[libsecsdk.so@0x23424]		ldp	x19, x20, [sp]	SP=0x708b79f3d0
0x7022600428[libsecsdk.so@0x23428]		ldp	x21, x22, [sp, #16]	SP=0x708b79f3d0
0x702260042c[libsecsdk.so@0x2342c]		ldp	x23, x24, [sp, #32]	SP=0x708b79f3d0
0x7022600430[libsecsdk.so@0x23430]		ldp	x25, x26, [sp, #48]	SP=0x708b79f3d0
0x7022600434[libsecsdk.so@0x23434]		ldp	x27, x30, [sp, #64]	SP=0x708b79f3d0
0x7022600438[libsecsdk.so@0x23438]		add	sp, sp, #288	SP=0x708b79f3d0
0x702260043c[libsecsdk.so@0x2343c]		ret	LR=0x70225ebd80
0x70225ebd80[libsecsdk.so@0xed80]		str	x0, [x20]	X0=0x41 X20=0x708a82ba10
0x70225ebd84[libsecsdk.so@0xed84]		cmp	w22, #91	W22=0x4c
0x70225ebd88[libsecsdk.so@0xed88]		b.ne	#-108	
0x70225ebd1c[libsecsdk.so@0xed1c]		cmp	w22, #76	W22=0x4c
0x70225ebd20[libsecsdk.so@0xed20]		b.eq	#108	
0x70225ebd8c[libsecsdk.so@0xed8c]		ldr	x2, [x20]	X20=0x708a82ba10
0x70225ebd90[libsecsdk.so@0xed90]		mov	x0, x19	X19=0x708a819500
0x70225ebd94[libsecsdk.so@0xed94]		mov	x1, x2	X2=0x41
0x70225ebd98[libsecsdk.so@0xed98]		cbz	x2, #-116	X2=0x41
0x70225ebd9c[libsecsdk.so@0xed9c]		ldr	x2, [x19]	X19=0x708a819500
0x70225ebda0[libsecsdk.so@0xeda0]		add	x20, x20, #8	X20=0x708a82ba10
0x70225ebda4[libsecsdk.so@0xeda4]		ldr	x2, [x2, #168]	X2=0x70967d16a0
0x70225ebda8[libsecsdk.so@0xeda8]		blr	x2	X2=0x7096594344 SP=0x708b79f4f0
0x70225ebdac[libsecsdk.so@0xedac]		stur	x0, [x20, #-8]	X0=0x2866 X20=0x708a82ba18
0x70225ebdb0[libsecsdk.so@0xedb0]		mov	x1, x24	X24=0x41
0x70225ebdb4[libsecsdk.so@0xedb4]		mov	x0, x19	X19=0x708a819500
0x70225ebdb8[libsecsdk.so@0xedb8]		ldr	x2, [x19]	X19=0x708a819500
0x70225ebdbc[libsecsdk.so@0xedbc]		ldr	x2, [x2, #184]	X2=0x70967d16a0
0x70225ebdc0[libsecsdk.so@0xedc0]		blr	x2	X2=0x7096594834 SP=0x708b79f4f0
0x70225ebdc4[libsecsdk.so@0xedc4]		cmp	x20, x25	X20=0x708a82ba18 X25=0x708a82ba20
0x70225ebdc8[libsecsdk.so@0xedc8]		b.ne	#-132	
0x70225ebd44[libsecsdk.so@0xed44]		ldr	x5, [x23, #64]	X23=0x70228b8c00
0x70225ebd48[libsecsdk.so@0xed48]		mov	w2, w21	W21=0x2
0x70225ebd4c[libsecsdk.so@0xed4c]		ldr	x4, [x19]	X19=0x708a819500
0x70225ebd50[libsecsdk.so@0xed50]		mov	x0, x19	X19=0x708a819500
0x70225ebd54[libsecsdk.so@0xed54]		ldr	x1, [x28]	X28=0x708b79f578
0x70225ebd58[libsecsdk.so@0xed58]		ldrb	w22, [x5, x21]	X5=0x70228b8c18 X21=0x2
0x70225ebd5c[libsecsdk.so@0xed5c]		add	x21, x21, #1	X21=0x2
0x70225ebd60[libsecsdk.so@0xed60]		ldr	x5, [x4, #1384]	X4=0x70967d16a0
0x70225ebd64[libsecsdk.so@0xed64]		blr	x5	X5=0x70965d3d48 SP=0x708b79f4f0
0x70225ebd68[libsecsdk.so@0xed68]		mov	x24, x0	X0=0x45
0x70225ebd6c[libsecsdk.so@0xed6c]		mov	x1, x19	X19=0x708a819500
0x70225ebd70[libsecsdk.so@0xed70]		mov	x0, x26	X26=0x708a81f3e8
0x70225ebd74[libsecsdk.so@0xed74]		mov	x2, x24	X24=0x45
0x70225ebd78[libsecsdk.so@0xed78]		mov	w3, w22	W22=0x4c
0x70225ebd7c[libsecsdk.so@0xed7c]		bl	#83404	SP=0x708b79f4f0
0x7022600348[libsecsdk.so@0x23348]		sub	sp, sp, #288	SP=0x708b79f4f0
0x702260034c[libsecsdk.so@0x2334c]		uxtb	w3, w3	W3=0x4c
0x7022600350[libsecsdk.so@0x23350]		sub	w5, w3, #66	W3=0x4c
0x7022600354[libsecsdk.so@0x23354]		cmp	w5, #25	W5=0xa
0x7022600358[libsecsdk.so@0x23358]		stp	x23, x24, [sp, #32]	X23=0x70228b8c00 X24=0x45 SP=0x708b79f3d0
0x702260035c[libsecsdk.so@0x2335c]		adrp	x23, #155648	
0x7022600360[libsecsdk.so@0x23360]		stp	x19, x20, [sp]	X19=0x708a819500 X20=0x708a82ba18 SP=0x708b79f3d0
0x7022600364[libsecsdk.so@0x23364]		stp	x21, x22, [sp, #16]	X21=0x3 X22=0x4c SP=0x708b79f3d0
0x7022600368[libsecsdk.so@0x23368]		ldr	x3, [x23, #3784]	X23=0x7022626000
0x702260036c[libsecsdk.so@0x2336c]		mov	x19, #0	
0x7022600370[libsecsdk.so@0x23370]		stp	x25, x26, [sp, #48]	X25=0x708a82ba20 X26=0x708a81f3e8 SP=0x708b79f3d0
0x7022600374[libsecsdk.so@0x23374]		stp	x27, x30, [sp, #64]	X27=0x2 LR=0x70225ebd80 SP=0x708b79f3d0
0x7022600378[libsecsdk.so@0x23378]		add	x20, sp, #88	SP=0x708b79f3d0
0x702260037c[libsecsdk.so@0x2337c]		add	x21, sp, #136	SP=0x708b79f3d0
0x7022600380[libsecsdk.so@0x23380]		ldr	x3, [x3]	X3=0x711ac85510
0x7022600384[libsecsdk.so@0x23384]		add	x22, sp, #184	SP=0x708b79f3d0
0x7022600388[libsecsdk.so@0x23388]		str	x20, [sp, #120]	X20=0x708b79f428 SP=0x708b79f3d0
0x702260038c[libsecsdk.so@0x2338c]		mov	x27, x0	X0=0x708a81f3e8
0x7022600390[libsecsdk.so@0x23390]		str	x20, [sp, #128]	X20=0x708b79f428 SP=0x708b79f3d0
0x7022600394[libsecsdk.so@0x23394]		mov	x25, x1	X1=0x708a819500
0x7022600398[libsecsdk.so@0x23398]		str	x3, [sp, #280]	X3=0xdcf65037242d4fae SP=0x708b79f3d0
0x702260039c[libsecsdk.so@0x2339c]		mov	x26, x2	X2=0x45
0x70226003a0[libsecsdk.so@0x233a0]		strb	w19, [sp, #88]	W19=0x0 SP=0x708b79f3d0
0x70226003a4[libsecsdk.so@0x233a4]		str	x21, [sp, #168]	X21=0x708b79f458 SP=0x708b79f3d0
0x70226003a8[libsecsdk.so@0x233a8]		str	x21, [sp, #176]	X21=0x708b79f458 SP=0x708b79f3d0
0x70226003ac[libsecsdk.so@0x233ac]		strb	w19, [sp, #136]	W19=0x0 SP=0x708b79f3d0
0x70226003b0[libsecsdk.so@0x233b0]		str	x22, [sp, #216]	X22=0x708b79f488 SP=0x708b79f3d0
0x70226003b4[libsecsdk.so@0x233b4]		str	x22, [sp, #224]	X22=0x708b79f488 SP=0x708b79f3d0
0x70226003b8[libsecsdk.so@0x233b8]		strb	w19, [sp, #184]	W19=0x0 SP=0x708b79f3d0
0x70226003bc[libsecsdk.so@0x233bc]		b.ls	#132	
0x7022600440[libsecsdk.so@0x23440]		adrp	x3, #53248	
0x7022600444[libsecsdk.so@0x23444]		add	x3, x3, #3840	X3=0x702260d000
0x7022600448[libsecsdk.so@0x23448]		ldrh	w0, [x3, w5, uxtw #1]	X3=0x702260df00 W5=0xa
0x702260044c[libsecsdk.so@0x2344c]		adr	x1, #12	
0x7022600450[libsecsdk.so@0x23450]		add	x0, x1, w0, sxth #2	X1=0x7022600458 W0=0x4
0x7022600454[libsecsdk.so@0x23454]		br	x0	X0=0x7022600468
0x7022600468[libsecsdk.so@0x23468]		mov	x19, x2	X2=0x45
0x702260046c[libsecsdk.so@0x2346c]		ldr	x0, [sp, #176]	SP=0x708b79f3d0
0x7022600470[libsecsdk.so@0x23470]		cmp	x0, x21	X0=0x708b79f458 X21=0x708b79f458
0x7022600474[libsecsdk.so@0x23474]		b.ne	#-164	
0x7022600478[libsecsdk.so@0x23478]		b	#-144	
0x70226003e8[libsecsdk.so@0x233e8]		ldr	x0, [sp, #128]	SP=0x708b79f3d0
0x70226003ec[libsecsdk.so@0x233ec]		cmp	x0, x20	X0=0x708b79f428 X20=0x708b79f428
0x70226003f0[libsecsdk.so@0x233f0]		b.eq	#28	
0x702260040c[libsecsdk.so@0x2340c]		ldr	x23, [x23, #3784]	X23=0x7022626000
0x7022600410[libsecsdk.so@0x23410]		mov	x0, x19	X19=0x45
0x7022600414[libsecsdk.so@0x23414]		ldr	x2, [sp, #280]	SP=0x708b79f3d0
0x7022600418[libsecsdk.so@0x23418]		ldr	x1, [x23]	X23=0x711ac85510
0x702260041c[libsecsdk.so@0x2341c]		cmp	x2, x1	X2=0xdcf65037242d4fae X1=0xdcf65037242d4fae
0x7022600420[libsecsdk.so@0x23420]		b.ne	#2508	
0x7022600424[libsecsdk.so@0x23424]		ldp	x19, x20, [sp]	SP=0x708b79f3d0
0x7022600428[libsecsdk.so@0x23428]		ldp	x21, x22, [sp, #16]	SP=0x708b79f3d0
0x702260042c[libsecsdk.so@0x2342c]		ldp	x23, x24, [sp, #32]	SP=0x708b79f3d0
0x7022600430[libsecsdk.so@0x23430]		ldp	x25, x26, [sp, #48]	SP=0x708b79f3d0
0x7022600434[libsecsdk.so@0x23434]		ldp	x27, x30, [sp, #64]	SP=0x708b79f3d0
0x7022600438[libsecsdk.so@0x23438]		add	sp, sp, #288	SP=0x708b79f3d0
0x702260043c[libsecsdk.so@0x2343c]		ret	LR=0x70225ebd80
0x70225ebd80[libsecsdk.so@0xed80]		str	x0, [x20]	X0=0x45 X20=0x708a82ba18
0x70225ebd84[libsecsdk.so@0xed84]		cmp	w22, #91	W22=0x4c
0x70225ebd88[libsecsdk.so@0xed88]		b.ne	#-108	
0x70225ebd1c[libsecsdk.so@0xed1c]		cmp	w22, #76	W22=0x4c
0x70225ebd20[libsecsdk.so@0xed20]		b.eq	#108	
0x70225ebd8c[libsecsdk.so@0xed8c]		ldr	x2, [x20]	X20=0x708a82ba18
0x70225ebd90[libsecsdk.so@0xed90]		mov	x0, x19	X19=0x708a819500
0x70225ebd94[libsecsdk.so@0xed94]		mov	x1, x2	X2=0x45
0x70225ebd98[libsecsdk.so@0xed98]		cbz	x2, #-116	X2=0x45
0x70225ebd9c[libsecsdk.so@0xed9c]		ldr	x2, [x19]	X19=0x708a819500
0x70225ebda0[libsecsdk.so@0xeda0]		add	x20, x20, #8	X20=0x708a82ba18
0x70225ebda4[libsecsdk.so@0xeda4]		ldr	x2, [x2, #168]	X2=0x70967d16a0
0x70225ebda8[libsecsdk.so@0xeda8]		blr	x2	X2=0x7096594344 SP=0x708b79f4f0
0x70225ebdac[libsecsdk.so@0xedac]		stur	x0, [x20, #-8]	X0=0x2876 X20=0x708a82ba20
0x70225ebdb0[libsecsdk.so@0xedb0]		mov	x1, x24	X24=0x45
0x70225ebdb4[libsecsdk.so@0xedb4]		mov	x0, x19	X19=0x708a819500
0x70225ebdb8[libsecsdk.so@0xedb8]		ldr	x2, [x19]	X19=0x708a819500
0x70225ebdbc[libsecsdk.so@0xedbc]		ldr	x2, [x2, #184]	X2=0x70967d16a0
0x70225ebdc0[libsecsdk.so@0xedc0]		blr	x2	X2=0x7096594834 SP=0x708b79f4f0
0x70225ebdc4[libsecsdk.so@0xedc4]		cmp	x20, x25	X20=0x708a82ba20 X25=0x708a82ba20
0x70225ebdc8[libsecsdk.so@0xedc8]		b.ne	#-132	
0x70225ebdcc[libsecsdk.so@0xedcc]		fmov	x3, d9	
0x70225ebdd0[libsecsdk.so@0xedd0]		mov	x1, x26	X26=0x708a81f3e8
0x70225ebdd4[libsecsdk.so@0xedd4]		fmov	x4, d8	
0x70225ebdd8[libsecsdk.so@0xedd8]		mov	x2, x19	X19=0x708a819500
0x70225ebddc[libsecsdk.so@0xeddc]		mov	x0, x23	X23=0x70228b8c00
0x70225ebde0[libsecsdk.so@0xede0]		fmov	x20, d9	
0x70225ebde4[libsecsdk.so@0xede4]		bl	#40516	SP=0x708b79f4f0
0x70225f5c28[libsecsdk.so@0x18c28]		sub	sp, sp, #1296	SP=0x708b79f4f0
0x70225f5c2c[libsecsdk.so@0x18c2c]		sub	sp, sp, #160	SP=0x708b79efe0
0x70225f5c30[libsecsdk.so@0x18c30]		stp	d8, d9, [sp, #88]	SP=0x708b79ef40
0x70225f5c34[libsecsdk.so@0x18c34]		stp	d10, d11, [sp, #104]	SP=0x708b79ef40
0x70225f5c38[libsecsdk.so@0x18c38]		stp	x21, x22, [sp, #16]	X21=0x3 X22=0x4c SP=0x708b79ef40
0x70225f5c3c[libsecsdk.so@0x18c3c]		stp	d12, d13, [sp, #120]	SP=0x708b79ef40
0x70225f5c40[libsecsdk.so@0x18c40]		str	x30, [sp, #80]	LR=0x70225ebde8 SP=0x708b79ef40
0x70225f5c44[libsecsdk.so@0x18c44]		stp	d14, d15, [sp, #136]	SP=0x708b79ef40
0x70225f5c48[libsecsdk.so@0x18c48]		stp	x19, x20, [sp]	X19=0x708a819500 X20=0x0 SP=0x708b79ef40
0x70225f5c4c[libsecsdk.so@0x18c4c]		stp	x23, x24, [sp, #32]	X23=0x70228b8c00 X24=0x45 SP=0x708b79ef40
0x70225f5c50[libsecsdk.so@0x18c50]		stp	x25, x26, [sp, #48]	X25=0x708a82ba20 X26=0x708a81f3e8 SP=0x708b79ef40
0x70225f5c54[libsecsdk.so@0x18c54]		stp	x27, x28, [sp, #64]	X27=0x2 X28=0x708b79f578 SP=0x708b79ef40
0x70225f5c58[libsecsdk.so@0x18c58]		mov	x26, x0	X0=0x70228b8c00
0x70225f5c5c[libsecsdk.so@0x18c5c]		mov	x27, #0	
0x70225f5c60[libsecsdk.so@0x18c60]		ldr	w0, [x0, #16]	X0=0x70228b8c00
0x70225f5c64[libsecsdk.so@0x18c64]		sub	sp, sp, #32	SP=0x708b79ef40
0x70225f5c68[libsecsdk.so@0x18c68]		fmov	d11, x27	X27=0x0
0x70225f5c6c[libsecsdk.so@0x18c6c]		mov	x20, x2	X2=0x708a819500
0x70225f5c70[libsecsdk.so@0x18c70]		mov	w19, w0	W0=0x8
0x70225f5c74[libsecsdk.so@0x18c74]		add	x28, sp, #264	SP=0x708b79ef20
0x70225f5c78[libsecsdk.so@0x18c78]		fmov	s9, w0	W0=0x8
0x70225f5c7c[libsecsdk.so@0x18c7c]		adrp	x0, #200704	
0x70225f5c80[libsecsdk.so@0x18c80]		add	w2, w19, w19, lsl #1	W19=0x8 W19=0x8
0x70225f5c84[libsecsdk.so@0x18c84]		mov	x24, x1	X1=0x708a81f3e8
0x70225f5c88[libsecsdk.so@0x18c88]		ubfiz	x2, x2, #2, #30	X2=0x18
0x70225f5c8c[libsecsdk.so@0x18c8c]		mov	x21, x4	X4=0x708a82ba10
0x70225f5c90[libsecsdk.so@0x18c90]		ldr	x0, [x0, #3784]	X0=0x7022626000
0x70225f5c94[libsecsdk.so@0x18c94]		add	x23, sp, #328	SP=0x708b79ef20
0x70225f5c98[libsecsdk.so@0x18c98]		str	x3, [x28]	X3=0x0 X28=0x708b79f028
0x70225f5c9c[libsecsdk.so@0x18c9c]		add	x22, sp, #360	SP=0x708b79ef20
0x70225f5ca0[libsecsdk.so@0x18ca0]		str	x2, [sp, #192]	X2=0x60 SP=0x708b79ef20
0x70225f5ca4[libsecsdk.so@0x18ca4]		ldr	x1, [x0]	X0=0x711ac85510
0x70225f5ca8[libsecsdk.so@0x18ca8]		mov	x0, x2	X2=0x60
0x70225f5cac[libsecsdk.so@0x18cac]		str	x1, [sp, #1480]	X1=0xdcf65037242d4fae SP=0x708b79ef20
0x70225f5cb0[libsecsdk.so@0x18cb0]		bl	#-66848	SP=0x708b79ef20
0x70225e5790[libsecsdk.so@0x8790]		adrp	x16, #266240	
0x70225e5794[libsecsdk.so@0x8794]		ldr	x17, [x16, #3352]	X16=0x7022626000
0x70225e5798[libsecsdk.so@0x8798]		add	x16, x16, #3352	X16=0x7022626000
0x70225e579c[libsecsdk.so@0x879c]		br	x17	X17=0x711abd432c
0x70225f5cb4[libsecsdk.so@0x18cb4]		mov	x25, x0	X0=0x708a8893c0
0x70225f5cb8[libsecsdk.so@0x18cb8]		ldr	x2, [sp, #192]	SP=0x708b79ef20
0x70225f5cbc[libsecsdk.so@0x18cbc]		mov	w1, w27	W27=0x0
0x70225f5cc0[libsecsdk.so@0x18cc0]		bl	#-66416	SP=0x708b79ef20
0x70225e5950[libsecsdk.so@0x8950]		adrp	x16, #266240	
0x70225e5954[libsecsdk.so@0x8954]		ldr	x17, [x16, #3576]	X16=0x7022626000
0x70225e5958[libsecsdk.so@0x8958]		add	x16, x16, #3576	X16=0x7022626000
0x70225e595c[libsecsdk.so@0x895c]		br	x17	X17=0x711ac12340
0x70225f5cc4[libsecsdk.so@0x18cc4]		mov	w1, #1024	
0x70225f5cc8[libsecsdk.so@0x18cc8]		mov	w2, #8092	
0x70225f5ccc[libsecsdk.so@0x18ccc]		mov	w3, w19	W19=0x8
0x70225f5cd0[libsecsdk.so@0x18cd0]		mov	x0, x23	X23=0x708b79f068
0x70225f5cd4[libsecsdk.so@0x18cd4]		bl	#32988	SP=0x708b79ef20
0x70225fddb0[libsecsdk.so@0x20db0]		sub	sp, sp, #64	SP=0x708b79ef20
0x70225fddb4[libsecsdk.so@0x20db4]		stp	x19, x20, [sp]	X19=0x8 X20=0x708a819500 SP=0x708b79eee0
0x70225fddb8[libsecsdk.so@0x20db8]		stp	x21, x22, [sp, #16]	X21=0x708a82ba10 X22=0x708b79f088 SP=0x708b79eee0
0x70225fddbc[libsecsdk.so@0x20dbc]		mov	x20, x0	X0=0x708b79f068
0x70225fddc0[libsecsdk.so@0x20dc0]		sbfiz	x22, x1, #3, #32	X1=0x400
0x70225fddc4[libsecsdk.so@0x20dc4]		mov	x0, x22	X22=0x2000
0x70225fddc8[libsecsdk.so@0x20dc8]		str	x30, [sp, #48]	LR=0x70225f5cd8 SP=0x708b79eee0
0x70225fddcc[libsecsdk.so@0x20dcc]		stp	x23, x24, [sp, #32]	X23=0x708b79f068 X24=0x708a81f3e8 SP=0x708b79eee0
0x70225fddd0[libsecsdk.so@0x20dd0]		mov	w21, w1	W1=0x400
0x70225fddd4[libsecsdk.so@0x20dd4]		mov	w24, w2	W2=0x1f9c
0x70225fddd8[libsecsdk.so@0x20dd8]		mov	w23, w3	W3=0x8
0x70225fdddc[libsecsdk.so@0x20ddc]		bl	#-99916	SP=0x708b79eee0
0x70225e5790[libsecsdk.so@0x8790]		adrp	x16, #266240	
0x70225e5794[libsecsdk.so@0x8794]		ldr	x17, [x16, #3352]	X16=0x7022626000
0x70225e5798[libsecsdk.so@0x8798]		add	x16, x16, #3352	X16=0x7022626000
0x70225e579c[libsecsdk.so@0x879c]		br	x17	X17=0x711abd432c
0x70225fdde0[libsecsdk.so@0x20de0]		str	x0, [x20, #8]	X0=0x7022a5e000 X20=0x708b79f068
0x70225fdde4[libsecsdk.so@0x20de4]		mov	x19, x0	X0=0x7022a5e000
0x70225fdde8[libsecsdk.so@0x20de8]		cbz	x0, #60	X0=0x7022a5e000
0x70225fddec[libsecsdk.so@0x20dec]		mov	x2, x22	X22=0x2000
0x70225fddf0[libsecsdk.so@0x20df0]		mov	w1, #221	
0x70225fddf4[libsecsdk.so@0x20df4]		bl	#-99492	SP=0x708b79eee0
0x70225e5950[libsecsdk.so@0x8950]		adrp	x16, #266240	
0x70225e5954[libsecsdk.so@0x8954]		ldr	x17, [x16, #3576]	X16=0x7022626000
0x70225e5958[libsecsdk.so@0x8958]		add	x16, x16, #3576	X16=0x7022626000
0x70225e595c[libsecsdk.so@0x895c]		br	x17	X17=0x711ac12340
0x70225fddf8[libsecsdk.so@0x20df8]		str	x19, [x20]	X19=0x7022a5e000 X20=0x708b79f068
0x70225fddfc[libsecsdk.so@0x20dfc]		str	w21, [x20, #16]	W21=0x400 X20=0x708b79f068
0x70225fde00[libsecsdk.so@0x20e00]		mov	w0, #1	
0x70225fde04[libsecsdk.so@0x20e04]		str	w24, [x20, #20]	W24=0x1f9c X20=0x708b79f068
0x70225fde08[libsecsdk.so@0x20e08]		str	w23, [x20, #24]	W23=0x8 X20=0x708b79f068
0x70225fde0c[libsecsdk.so@0x20e0c]		ldp	x19, x20, [sp]	SP=0x708b79eee0
0x70225fde10[libsecsdk.so@0x20e10]		ldp	x21, x22, [sp, #16]	SP=0x708b79eee0
0x70225fde14[libsecsdk.so@0x20e14]		ldp	x23, x24, [sp, #32]	SP=0x708b79eee0
0x70225fde18[libsecsdk.so@0x20e18]		ldr	x30, [sp, #48]	SP=0x708b79eee0
0x70225fde1c[libsecsdk.so@0x20e1c]		add	sp, sp, #64	SP=0x708b79eee0
0x70225fde20[libsecsdk.so@0x20e20]		ret	LR=0x70225f5cd8
0x70225f5cd8[libsecsdk.so@0x18cd8]		ldr	x0, [x26, #64]	X26=0x70228b8c00
0x70225f5cdc[libsecsdk.so@0x18cdc]		add	x0, x0, #1	X0=0x70228b8c18
0x70225f5ce0[libsecsdk.so@0x18ce0]		bl	#-66144	SP=0x708b79ef20
0x70225e5a80[libsecsdk.so@0x8a80]		adrp	x16, #266240	
0x70225e5a84[libsecsdk.so@0x8a84]		ldr	x17, [x16, #3728]	X16=0x7022626000
0x70225e5a88[libsecsdk.so@0x8a88]		add	x16, x16, #3728	X16=0x7022626000
0x70225e5a8c[libsecsdk.so@0x8a8c]		br	x17	X17=0x711ac12960
0x70225f5ce4[libsecsdk.so@0x18ce4]		mov	x4, x0	X0=0x2
0x70225f5ce8[libsecsdk.so@0x18ce8]		ldr	w0, [x26, #4]	X26=0x70228b8c00
0x70225f5cec[libsecsdk.so@0x18cec]		str	x27, [x22, #8]	X27=0x0 X22=0x708b79f088
0x70225f5cf0[libsecsdk.so@0x18cf0]		strb	w27, [x22]	W27=0x0 X22=0x708b79f088
0x70225f5cf4[libsecsdk.so@0x18cf4]		str	x22, [x22, #16]	X22=0x708b79f088 X22=0x708b79f088
0x70225f5cf8[libsecsdk.so@0x18cf8]		str	x22, [x22, #24]	X22=0x708b79f088 X22=0x708b79f088
0x70225f5cfc[libsecsdk.so@0x18cfc]		str	x27, [x22, #32]	X27=0x0 X22=0x708b79f088
0x70225f5d00[libsecsdk.so@0x18d00]		tbnz	w0, #3, #376	W0=0x9
0x70225f5e78[libsecsdk.so@0x18e78]		ldr	w1, [x26, #16]	X26=0x70228b8c00
0x70225f5e7c[libsecsdk.so@0x18e7c]		ldr	w19, [x26, #8]	X26=0x70228b8c00
0x70225f5e80[libsecsdk.so@0x18e80]		sub	w19, w1, w19	W1=0x8 W19=0x2
0x70225f5e84[libsecsdk.so@0x18e84]		cmp	w4, wzr	W4=0x2
0x70225f5e88[libsecsdk.so@0x18e88]		b.le	#148	
0x70225f5e8c[libsecsdk.so@0x18e8c]		fmov	w0, s9	
0x70225f5e90[libsecsdk.so@0x18e90]		sub	w7, w4, #1	W4=0x2
0x70225f5e94[libsecsdk.so@0x18e94]		add	x7, x7, #1	X7=0x1
0x70225f5e98[libsecsdk.so@0x18e98]		mov	x28, x21	X21=0x708a82ba10
0x70225f5e9c[libsecsdk.so@0x18e9c]		mov	x5, #1	
0x70225f5ea0[libsecsdk.so@0x18ea0]		add	x27, x21, x7, lsl #3	X21=0x708a82ba10 X7=0x2
0x70225f5ea4[libsecsdk.so@0x18ea4]		mov	w0, w0	W0=0x8
0x70225f5ea8[libsecsdk.so@0x18ea8]		fmov	d8, x0	X0=0x8
0x70225f5eac[libsecsdk.so@0x18eac]		add	x0, sp, #312	SP=0x708b79ef20
0x70225f5eb0[libsecsdk.so@0x18eb0]		fmov	d10, x0	X0=0x708b79f058
0x70225f5eb4[libsecsdk.so@0x18eb4]		b	#56	
0x70225f5eec[libsecsdk.so@0x18eec]		ldr	x0, [x26, #64]	X26=0x70228b8c00
0x70225f5ef0[libsecsdk.so@0x18ef0]		ldrb	w0, [x0, x5]	X0=0x70228b8c18 X5=0x1
0x70225f5ef4[libsecsdk.so@0x18ef4]		cmp	w0, #74	W0=0x4c
0x70225f5ef8[libsecsdk.so@0x18ef8]		b.ne	#-64	
0x70225f5eb8[libsecsdk.so@0x18eb8]		cmp	w0, #68	W0=0x4c
0x70225f5ebc[libsecsdk.so@0x18ebc]		b.eq	#64	
0x70225f5ec0[libsecsdk.so@0x18ec0]		cmp	w0, #76	W0=0x4c
0x70225f5ec4[libsecsdk.so@0x18ec4]		b.eq	#172	
0x70225f5f70[libsecsdk.so@0x18f70]		ldrsw	x0, [x23, #24]	X23=0x708b79f068
0x70225f5f74[libsecsdk.so@0x18f74]		lsl	x0, x0, #2	X0=0x8
0x70225f5f78[libsecsdk.so@0x18f78]		add	x0, x0, w19, sxtw #3	X0=0x20 W19=0x6
0x70225f5f7c[libsecsdk.so@0x18f7c]		ldr	x21, [x25, x0]	X25=0x708a8893c0 X0=0x50
0x70225f5f80[libsecsdk.so@0x18f80]		cbz	x21, #268	X21=0x0
0x70225f608c[libsecsdk.so@0x1908c]		fmov	x0, d8	
0x70225f6090[libsecsdk.so@0x19090]		ldr	x6, [x28]	X28=0x708a82ba10
0x70225f6094[libsecsdk.so@0x19094]		mov	x1, x23	X23=0x708b79f068
0x70225f6098[libsecsdk.so@0x19098]		str	w6, [x25, w19, sxtw #2]	W6=0x2866 X25=0x708a8893c0 W19=0x6
0x70225f609c[libsecsdk.so@0x1909c]		mov	x2, x6	X6=0x2866
0x70225f60a0[libsecsdk.so@0x190a0]		str	x5, [sp, #192]	X5=0x1 SP=0x708b79ef20
0x70225f60a4[libsecsdk.so@0x190a4]		add	x3, x0, w19, sxtw #1	X0=0x8 W19=0x6
0x70225f60a8[libsecsdk.so@0x190a8]		lsl	x3, x3, #2	X3=0x14
0x70225f60ac[libsecsdk.so@0x190ac]		mov	x0, x20	X20=0x708a819500
0x70225f60b0[libsecsdk.so@0x190b0]		add	w19, w19, #1	W19=0x6
0x70225f60b4[libsecsdk.so@0x190b4]		str	x6, [x25, x3]	X6=0x2866 X25=0x708a8893c0 X3=0x50
0x70225f60b8[libsecsdk.so@0x190b8]		bl	#32464	SP=0x708b79ef20
0x70225fdf88[libsecsdk.so@0x20f88]		sub	sp, sp, #32	SP=0x708b79ef20
0x70225fdf8c[libsecsdk.so@0x20f8c]		stp	x19, x20, [sp]	X19=0x7 X20=0x708a819500 SP=0x708b79ef00
0x70225fdf90[libsecsdk.so@0x20f90]		stp	x21, x30, [sp, #16]	X21=0x0 LR=0x70225f60bc SP=0x708b79ef00
0x70225fdf94[libsecsdk.so@0x20f94]		cbz	x2, #136	X2=0x2866
0x70225fdf98[libsecsdk.so@0x20f98]		ldr	x5, [x1]	X1=0x708b79f068
0x70225fdf9c[libsecsdk.so@0x20f9c]		ldr	x0, [x1, #8]	X1=0x708b79f068
0x70225fdfa0[libsecsdk.so@0x20fa0]		mov	x3, x5	X5=0x7022a5e000
0x70225fdfa4[libsecsdk.so@0x20fa4]		b	#16	
0x70225fdfb4[libsecsdk.so@0x20fb4]		sub	x3, x3, #8	X3=0x7022a5e000
0x70225fdfb8[libsecsdk.so@0x20fb8]		cmp	x0, x3	X0=0x7022a5e000 X3=0x7022a5dff8
0x70225fdfbc[libsecsdk.so@0x20fbc]		b.ls	#-20	
0x70225fdfc0[libsecsdk.so@0x20fc0]		mov	x19, x1	X1=0x708b79f068
0x70225fdfc4[libsecsdk.so@0x20fc4]		ldr	w1, [x1, #16]	X1=0x708b79f068
0x70225fdfc8[libsecsdk.so@0x20fc8]		add	x3, x0, w1, sxtw #3	X0=0x7022a5e000 W1=0x400
0x70225fdfcc[libsecsdk.so@0x20fcc]		cmp	x3, x5	X3=0x7022a60000 X5=0x7022a5e000
0x70225fdfd0[libsecsdk.so@0x20fd0]		mov	x21, x2	X2=0x2866
0x70225fdfd4[libsecsdk.so@0x20fd4]		b.eq	#92	
0x70225fdfd8[libsecsdk.so@0x20fd8]		add	x0, x5, #8	X5=0x7022a5e000
0x70225fdfdc[libsecsdk.so@0x20fdc]		str	x0, [x19]	X0=0x7022a5e008 X19=0x708b79f068
0x70225fdfe0[libsecsdk.so@0x20fe0]		str	x21, [x5]	X21=0x2866 X5=0x7022a5e000
0x70225fdfe4[libsecsdk.so@0x20fe4]		mov	w0, #1	
0x70225fdfe8[libsecsdk.so@0x20fe8]		ldp	x19, x20, [sp]	SP=0x708b79ef00
0x70225fdfec[libsecsdk.so@0x20fec]		ldp	x21, x30, [sp, #16]	SP=0x708b79ef00
0x70225fdff0[libsecsdk.so@0x20ff0]		add	sp, sp, #32	SP=0x708b79ef00
0x70225fdff4[libsecsdk.so@0x20ff4]		ret	LR=0x70225f60bc
0x70225f60bc[libsecsdk.so@0x190bc]		fmov	x8, d10	
0x70225f60c0[libsecsdk.so@0x190c0]		mov	x0, x22	X22=0x708b79f088
0x70225f60c4[libsecsdk.so@0x190c4]		mov	x1, x28	X28=0x708a82ba10
0x70225f60c8[libsecsdk.so@0x190c8]		bl	#-1544	SP=0x708b79ef20
0x70225f5ac0[libsecsdk.so@0x18ac0]		sub	sp, sp, #32	SP=0x708b79ef20
0x70225f5ac4[libsecsdk.so@0x18ac4]		mov	x2, x1	X1=0x708a82ba10
0x70225f5ac8[libsecsdk.so@0x18ac8]		stp	x19, x30, [sp]	X19=0x7 LR=0x70225f60cc SP=0x708b79ef00
0x70225f5acc[libsecsdk.so@0x18acc]		mov	x19, x8	X8=0x708b79f058
0x70225f5ad0[libsecsdk.so@0x18ad0]		ldr	x3, [x0, #8]	X0=0x708b79f088
0x70225f5ad4[libsecsdk.so@0x18ad4]		cbz	x3, #104	X3=0x0
0x70225f5b3c[libsecsdk.so@0x18b3c]		mov	x3, x0	X0=0x708b79f088
0x70225f5b40[libsecsdk.so@0x18b40]		ldr	x1, [x0, #16]	X0=0x708b79f088
0x70225f5b44[libsecsdk.so@0x18b44]		cmp	x1, x3	X1=0x708b79f088 X3=0x708b79f088
0x70225f5b48[libsecsdk.so@0x18b48]		b.eq	#92	
0x70225f5ba4[libsecsdk.so@0x18ba4]		add	x8, sp, #24	SP=0x708b79ef00
0x70225f5ba8[libsecsdk.so@0x18ba8]		mov	x1, x3	X3=0x708b79f088
0x70225f5bac[libsecsdk.so@0x18bac]		mov	x4, #0	
0x70225f5bb0[libsecsdk.so@0x18bb0]		bl	#-540	SP=0x708b79ef00
0x70225f5994[libsecsdk.so@0x18994]		sub	sp, sp, #64	SP=0x708b79ef00
0x70225f5998[libsecsdk.so@0x18998]		cmp	x0, x1	X0=0x708b79f088 X1=0x708b79f088
0x70225f599c[libsecsdk.so@0x1899c]		stp	x21, x22, [sp, #16]	X21=0x0 X22=0x708b79f088 SP=0x708b79eec0
0x70225f59a0[libsecsdk.so@0x189a0]		stp	x19, x20, [sp]	X19=0x708b79f058 X20=0x708a819500 SP=0x708b79eec0
0x70225f59a4[libsecsdk.so@0x189a4]		stp	x23, x30, [sp, #32]	X23=0x708b79f068 LR=0x70225f5bb4 SP=0x708b79eec0
0x70225f59a8[libsecsdk.so@0x189a8]		mov	x20, x0	X0=0x708b79f088
0x70225f59ac[libsecsdk.so@0x189ac]		mov	x21, x1	X1=0x708b79f088
0x70225f59b0[libsecsdk.so@0x189b0]		mov	x22, x8	X8=0x708b79ef18
0x70225f59b4[libsecsdk.so@0x189b4]		mov	x23, x2	X2=0x708a82ba10
0x70225f59b8[libsecsdk.so@0x189b8]		b.eq	#192	
0x70225f5a78[libsecsdk.so@0x18a78]		add	x0, sp, #64	SP=0x708b79eec0
0x70225f5a7c[libsecsdk.so@0x18a7c]		mov	x1, #40	
0x70225f5a80[libsecsdk.so@0x18a80]		str	x1, [x0, #-8]!	X1=0x28 X0=0x708b79ef00
0x70225f5a84[libsecsdk.so@0x18a84]		bl	#71348	SP=0x708b79eec0
0x7022607138[libsecsdk.so@0x2a138]		b	#-180	
0x7022607084[libsecsdk.so@0x2a084]		stp	x29, x30, [sp, #-64]!	FP=0x708b79f600 LR=0x70225f5a88 SP=0x708b79eec0
0x7022607088[libsecsdk.so@0x2a088]		mov	x29, sp	SP=0x708b79ee80
0x702260708c[libsecsdk.so@0x2a08c]		stp	x21, x22, [sp, #32]	X21=0x708b79f088 X22=0x708b79ef18 SP=0x708b79ee80
0x7022607090[libsecsdk.so@0x2a090]		mov	x22, x0	X0=0x708b79eef8
0x7022607094[libsecsdk.so@0x2a094]		str	x23, [sp, #48]	X23=0x708a82ba10 SP=0x708b79ee80
0x7022607098[libsecsdk.so@0x2a098]		stp	x19, x20, [sp, #16]	X19=0x708b79f058 X20=0x708b79f088 SP=0x708b79ee80
0x702260709c[libsecsdk.so@0x2a09c]		adrp	x20, #131072	
0x70226070a0[libsecsdk.so@0x2a0a0]		adrp	x23, #131072	
0x70226070a4[libsecsdk.so@0x2a0a4]		ldr	x1, [x22]	X22=0x708b79eef8
0x70226070a8[libsecsdk.so@0x2a0a8]		add	x20, x20, #2512	X20=0x7022627000
0x70226070ac[libsecsdk.so@0x2a0ac]		add	x0, x23, #2376	X23=0x7022627000
0x70226070b0[libsecsdk.so@0x2a0b0]		add	x1, x1, #15	X1=0x28
0x70226070b4[libsecsdk.so@0x2a0b4]		and	x1, x1, #0xfffffffffffffff0	X1=0x37
0x70226070b8[libsecsdk.so@0x2a0b8]		str	x1, [x22]	X1=0x30 X22=0x708b79eef8
0x70226070bc[libsecsdk.so@0x2a0bc]		sub	x1, x1, #16	X1=0x30
0x70226070c0[libsecsdk.so@0x2a0c0]		lsr	x19, x1, #1	X1=0x20
0x70226070c4[libsecsdk.so@0x2a0c4]		bl	#-136868	SP=0x708b79ee80
0x70225e5a20[libsecsdk.so@0x8a20]		adrp	x16, #266240	
0x70225e5a24[libsecsdk.so@0x8a24]		ldr	x17, [x16, #3680]	X16=0x7022626000
0x70225e5a28[libsecsdk.so@0x8a28]		add	x16, x16, #3680	X16=0x7022626000
0x70225e5a2c[libsecsdk.so@0x8a2c]		br	x17	X17=0x711ac75b30
0x70226070c8[libsecsdk.so@0x2a0c8]		ldr	x21, [x20, x19]	X20=0x70226279d0 X19=0x10
0x70226070cc[libsecsdk.so@0x2a0cc]		cbz	x21, #44	X21=0x7024730400
0x70226070d0[libsecsdk.so@0x2a0d0]		ldr	x0, [x21]	X21=0x7024730400
0x70226070d4[libsecsdk.so@0x2a0d4]		str	x0, [x20, x19]	X0=0x7024730430 X20=0x70226279d0 X19=0x10
0x70226070d8[libsecsdk.so@0x2a0d8]		add	x0, x23, #2376	X23=0x7022627000
0x70226070dc[libsecsdk.so@0x2a0dc]		bl	#-137004	SP=0x708b79ee80
0x70225e59b0[libsecsdk.so@0x89b0]		adrp	x16, #266240	
0x70225e59b4[libsecsdk.so@0x89b4]		ldr	x17, [x16, #3624]	X16=0x7022626000
0x70225e59b8[libsecsdk.so@0x89b8]		add	x16, x16, #3624	X16=0x7022626000
0x70225e59bc[libsecsdk.so@0x89bc]		br	x17	X17=0x711ac76018
0x70226070e0[libsecsdk.so@0x2a0e0]		ldr	x23, [sp, #48]	SP=0x708b79ee80
0x70226070e4[libsecsdk.so@0x2a0e4]		mov	x0, x21	X21=0x7024730400
0x70226070e8[libsecsdk.so@0x2a0e8]		ldp	x19, x20, [sp, #16]	SP=0x708b79ee80
0x70226070ec[libsecsdk.so@0x2a0ec]		ldp	x21, x22, [sp, #32]	SP=0x708b79ee80
0x70226070f0[libsecsdk.so@0x2a0f0]		ldp	x29, x30, [sp], #64	SP=0x708b79ee80
0x70226070f4[libsecsdk.so@0x2a0f4]		ret	LR=0x70225f5a88
0x70225f5a88[libsecsdk.so@0x18a88]		mov	x19, x0	X0=0x7024730400
0x70225f5a8c[libsecsdk.so@0x18a8c]		ldr	x0, [x23]	X23=0x708a82ba10
0x70225f5a90[libsecsdk.so@0x18a90]		str	x0, [x19, #32]	X0=0x2866 X19=0x7024730400
0x70225f5a94[libsecsdk.so@0x18a94]		str	xzr, [x19, #16]	X19=0x7024730400
0x70225f5a98[libsecsdk.so@0x18a98]		str	xzr, [x19, #24]	X19=0x7024730400
0x70225f5a9c[libsecsdk.so@0x18a9c]		str	x19, [x20, #16]	X19=0x7024730400 X20=0x708b79f088
0x70225f5aa0[libsecsdk.so@0x18aa0]		str	x19, [x20, #8]	X19=0x7024730400 X20=0x708b79f088
0x70225f5aa4[libsecsdk.so@0x18aa4]		str	x19, [x20, #24]	X19=0x7024730400 X20=0x708b79f088
0x70225f5aa8[libsecsdk.so@0x18aa8]		b	#-176	
0x70225f59f8[libsecsdk.so@0x189f8]		str	x21, [x19, #8]	X21=0x708b79f088 X19=0x7024730400
0x70225f59fc[libsecsdk.so@0x189fc]		mov	x0, x19	X19=0x7024730400
0x70225f5a00[libsecsdk.so@0x18a00]		add	x1, x20, #8	X20=0x708b79f088
0x70225f5a04[libsecsdk.so@0x18a04]		bl	#-32172	SP=0x708b79eec0
0x70225edc58[libsecsdk.so@0x10c58]		sub	sp, sp, #48	SP=0x708b79eec0
0x70225edc5c[libsecsdk.so@0x10c5c]		stp	x21, x22, [sp, #16]	X21=0x708b79f088 X22=0x708b79ef18 SP=0x708b79ee90
0x70225edc60[libsecsdk.so@0x10c60]		stp	x19, x20, [sp]	X19=0x7024730400 X20=0x708b79f088 SP=0x708b79ee90
0x70225edc64[libsecsdk.so@0x10c64]		str	x30, [sp, #32]	LR=0x70225f5a08 SP=0x708b79ee90
0x70225edc68[libsecsdk.so@0x10c68]		mov	x20, x0	X0=0x7024730400
0x70225edc6c[libsecsdk.so@0x10c6c]		mov	x22, x1	X1=0x708b79f090
0x70225edc70[libsecsdk.so@0x10c70]		mov	w21, #1	
0x70225edc74[libsecsdk.so@0x10c74]		ldr	x4, [x1]	X1=0x708b79f090
0x70225edc78[libsecsdk.so@0x10c78]		strb	wzr, [x0]	X0=0x7024730400
0x70225edc7c[libsecsdk.so@0x10c7c]		cmp	x20, x4	X20=0x7024730400 X4=0x7024730400
0x70225edc80[libsecsdk.so@0x10c80]		b.eq	#72	
0x70225edcc8[libsecsdk.so@0x10cc8]		mov	w0, #1	
0x70225edccc[libsecsdk.so@0x10ccc]		strb	w0, [x4]	W0=0x1 X4=0x7024730400
0x70225edcd0[libsecsdk.so@0x10cd0]		ldp	x19, x20, [sp]	SP=0x708b79ee90
0x70225edcd4[libsecsdk.so@0x10cd4]		ldp	x21, x22, [sp, #16]	SP=0x708b79ee90
0x70225edcd8[libsecsdk.so@0x10cd8]		ldr	x30, [sp, #32]	SP=0x708b79ee90
0x70225edcdc[libsecsdk.so@0x10cdc]		add	sp, sp, #48	SP=0x708b79ee90
0x70225edce0[libsecsdk.so@0x10ce0]		ret	LR=0x70225f5a08
0x70225f5a08[libsecsdk.so@0x18a08]		ldr	x1, [x20, #32]	X20=0x708b79f088
0x70225f5a0c[libsecsdk.so@0x18a0c]		mov	x0, x22	X22=0x708b79ef18
0x70225f5a10[libsecsdk.so@0x18a10]		add	x1, x1, #1	X1=0x0
0x70225f5a14[libsecsdk.so@0x18a14]		str	x1, [x20, #32]	X1=0x1 X20=0x708b79f088
0x70225f5a18[libsecsdk.so@0x18a18]		str	x19, [x22]	X19=0x7024730400 X22=0x708b79ef18
0x70225f5a1c[libsecsdk.so@0x18a1c]		ldp	x19, x20, [sp]	SP=0x708b79eec0
0x70225f5a20[libsecsdk.so@0x18a20]		ldp	x21, x22, [sp, #16]	SP=0x708b79eec0
0x70225f5a24[libsecsdk.so@0x18a24]		ldp	x23, x30, [sp, #32]	SP=0x708b79eec0
0x70225f5a28[libsecsdk.so@0x18a28]		add	sp, sp, #64	SP=0x708b79eec0
0x70225f5a2c[libsecsdk.so@0x18a2c]		ret	LR=0x70225f5bb4
0x70225f5bb4[libsecsdk.so@0x18bb4]		ldr	x0, [sp, #24]	SP=0x708b79ef00
0x70225f5bb8[libsecsdk.so@0x18bb8]		str	x0, [x19]	X0=0x7024730400 X19=0x708b79f058
0x70225f5bbc[libsecsdk.so@0x18bbc]		mov	w0, #1	
0x70225f5bc0[libsecsdk.so@0x18bc0]		strb	w0, [x19, #8]	W0=0x1 X19=0x708b79f058
0x70225f5bc4[libsecsdk.so@0x18bc4]		mov	x0, x19	X19=0x708b79f058
0x70225f5bc8[libsecsdk.so@0x18bc8]		ldp	x19, x30, [sp]	SP=0x708b79ef00
0x70225f5bcc[libsecsdk.so@0x18bcc]		add	sp, sp, #32	SP=0x708b79ef00
0x70225f5bd0[libsecsdk.so@0x18bd0]		ret	LR=0x70225f60cc
0x70225f60cc[libsecsdk.so@0x190cc]		ldr	x5, [sp, #192]	SP=0x708b79ef20
0x70225f60d0[libsecsdk.so@0x190d0]		b	#-500	
0x70225f5edc[libsecsdk.so@0x18edc]		add	x28, x28, #8	X28=0x708a82ba10
0x70225f5ee0[libsecsdk.so@0x18ee0]		add	x5, x5, #1	X5=0x1
0x70225f5ee4[libsecsdk.so@0x18ee4]		cmp	x28, x27	X28=0x708a82ba18 X27=0x708a82ba20
0x70225f5ee8[libsecsdk.so@0x18ee8]		b.eq	#52	
0x70225f5eec[libsecsdk.so@0x18eec]		ldr	x0, [x26, #64]	X26=0x70228b8c00
0x70225f5ef0[libsecsdk.so@0x18ef0]		ldrb	w0, [x0, x5]	X0=0x70228b8c18 X5=0x2
0x70225f5ef4[libsecsdk.so@0x18ef4]		cmp	w0, #74	W0=0x4c
0x70225f5ef8[libsecsdk.so@0x18ef8]		b.ne	#-64	
0x70225f5eb8[libsecsdk.so@0x18eb8]		cmp	w0, #68	W0=0x4c
0x70225f5ebc[libsecsdk.so@0x18ebc]		b.eq	#64	
0x70225f5ec0[libsecsdk.so@0x18ec0]		cmp	w0, #76	W0=0x4c
0x70225f5ec4[libsecsdk.so@0x18ec4]		b.eq	#172	
0x70225f5f70[libsecsdk.so@0x18f70]		ldrsw	x0, [x23, #24]	X23=0x708b79f068
0x70225f5f74[libsecsdk.so@0x18f74]		lsl	x0, x0, #2	X0=0x8
0x70225f5f78[libsecsdk.so@0x18f78]		add	x0, x0, w19, sxtw #3	X0=0x20 W19=0x7
0x70225f5f7c[libsecsdk.so@0x18f7c]		ldr	x21, [x25, x0]	X25=0x708a8893c0 X0=0x58
0x70225f5f80[libsecsdk.so@0x18f80]		cbz	x21, #268	X21=0x0
0x70225f608c[libsecsdk.so@0x1908c]		fmov	x0, d8	
0x70225f6090[libsecsdk.so@0x19090]		ldr	x6, [x28]	X28=0x708a82ba18
0x70225f6094[libsecsdk.so@0x19094]		mov	x1, x23	X23=0x708b79f068
0x70225f6098[libsecsdk.so@0x19098]		str	w6, [x25, w19, sxtw #2]	W6=0x2876 X25=0x708a8893c0 W19=0x7
0x70225f609c[libsecsdk.so@0x1909c]		mov	x2, x6	X6=0x2876
0x70225f60a0[libsecsdk.so@0x190a0]		str	x5, [sp, #192]	X5=0x2 SP=0x708b79ef20
0x70225f60a4[libsecsdk.so@0x190a4]		add	x3, x0, w19, sxtw #1	X0=0x8 W19=0x7
0x70225f60a8[libsecsdk.so@0x190a8]		lsl	x3, x3, #2	X3=0x16
0x70225f60ac[libsecsdk.so@0x190ac]		mov	x0, x20	X20=0x708a819500
0x70225f60b0[libsecsdk.so@0x190b0]		add	w19, w19, #1	W19=0x7
0x70225f60b4[libsecsdk.so@0x190b4]		str	x6, [x25, x3]	X6=0x2876 X25=0x708a8893c0 X3=0x58
0x70225f60b8[libsecsdk.so@0x190b8]		bl	#32464	SP=0x708b79ef20
0x70225fdf88[libsecsdk.so@0x20f88]		sub	sp, sp, #32	SP=0x708b79ef20
0x70225fdf8c[libsecsdk.so@0x20f8c]		stp	x19, x20, [sp]	X19=0x8 X20=0x708a819500 SP=0x708b79ef00
0x70225fdf90[libsecsdk.so@0x20f90]		stp	x21, x30, [sp, #16]	X21=0x0 LR=0x70225f60bc SP=0x708b79ef00
0x70225fdf94[libsecsdk.so@0x20f94]		cbz	x2, #136	X2=0x2876
0x70225fdf98[libsecsdk.so@0x20f98]		ldr	x5, [x1]	X1=0x708b79f068
0x70225fdf9c[libsecsdk.so@0x20f9c]		ldr	x0, [x1, #8]	X1=0x708b79f068
0x70225fdfa0[libsecsdk.so@0x20fa0]		mov	x3, x5	X5=0x7022a5e008
0x70225fdfa4[libsecsdk.so@0x20fa4]		b	#16	
0x70225fdfb4[libsecsdk.so@0x20fb4]		sub	x3, x3, #8	X3=0x7022a5e008
0x70225fdfb8[libsecsdk.so@0x20fb8]		cmp	x0, x3	X0=0x7022a5e000 X3=0x7022a5e000
0x70225fdfbc[libsecsdk.so@0x20fbc]		b.ls	#-20	
0x70225fdfa8[libsecsdk.so@0x20fa8]		ldr	x4, [x3]	X3=0x7022a5e000
0x70225fdfac[libsecsdk.so@0x20fac]		cmp	x2, x4	X2=0x2876 X4=0x2866
0x70225fdfb0[libsecsdk.so@0x20fb0]		b.eq	#72	
0x70225fdfb4[libsecsdk.so@0x20fb4]		sub	x3, x3, #8	X3=0x7022a5e000
0x70225fdfb8[libsecsdk.so@0x20fb8]		cmp	x0, x3	X0=0x7022a5e000 X3=0x7022a5dff8
0x70225fdfbc[libsecsdk.so@0x20fbc]		b.ls	#-20	
0x70225fdfc0[libsecsdk.so@0x20fc0]		mov	x19, x1	X1=0x708b79f068
0x70225fdfc4[libsecsdk.so@0x20fc4]		ldr	w1, [x1, #16]	X1=0x708b79f068
0x70225fdfc8[libsecsdk.so@0x20fc8]		add	x3, x0, w1, sxtw #3	X0=0x7022a5e000 W1=0x400
0x70225fdfcc[libsecsdk.so@0x20fcc]		cmp	x3, x5	X3=0x7022a60000 X5=0x7022a5e008
0x70225fdfd0[libsecsdk.so@0x20fd0]		mov	x21, x2	X2=0x2876
0x70225fdfd4[libsecsdk.so@0x20fd4]		b.eq	#92	
0x70225fdfd8[libsecsdk.so@0x20fd8]		add	x0, x5, #8	X5=0x7022a5e008
0x70225fdfdc[libsecsdk.so@0x20fdc]		str	x0, [x19]	X0=0x7022a5e010 X19=0x708b79f068
0x70225fdfe0[libsecsdk.so@0x20fe0]		str	x21, [x5]	X21=0x2876 X5=0x7022a5e008
0x70225fdfe4[libsecsdk.so@0x20fe4]		mov	w0, #1	
0x70225fdfe8[libsecsdk.so@0x20fe8]		ldp	x19, x20, [sp]	SP=0x708b79ef00
0x70225fdfec[libsecsdk.so@0x20fec]		ldp	x21, x30, [sp, #16]	SP=0x708b79ef00
0x70225fdff0[libsecsdk.so@0x20ff0]		add	sp, sp, #32	SP=0x708b79ef00
0x70225fdff4[libsecsdk.so@0x20ff4]		ret	LR=0x70225f60bc
0x70225f60bc[libsecsdk.so@0x190bc]		fmov	x8, d10	
0x70225f60c0[libsecsdk.so@0x190c0]		mov	x0, x22	X22=0x708b79f088
0x70225f60c4[libsecsdk.so@0x190c4]		mov	x1, x28	X28=0x708a82ba18
0x70225f60c8[libsecsdk.so@0x190c8]		bl	#-1544	SP=0x708b79ef20
0x70225f5ac0[libsecsdk.so@0x18ac0]		sub	sp, sp, #32	SP=0x708b79ef20
0x70225f5ac4[libsecsdk.so@0x18ac4]		mov	x2, x1	X1=0x708a82ba18
0x70225f5ac8[libsecsdk.so@0x18ac8]		stp	x19, x30, [sp]	X19=0x8 LR=0x70225f60cc SP=0x708b79ef00
0x70225f5acc[libsecsdk.so@0x18acc]		mov	x19, x8	X8=0x708b79f058
0x70225f5ad0[libsecsdk.so@0x18ad0]		ldr	x3, [x0, #8]	X0=0x708b79f088
0x70225f5ad4[libsecsdk.so@0x18ad4]		cbz	x3, #104	X3=0x7024730400
0x70225f5ad8[libsecsdk.so@0x18ad8]		ldr	x7, [x1]	X1=0x708a82ba18
0x70225f5adc[libsecsdk.so@0x18adc]		mov	w6, #0	
0x70225f5ae0[libsecsdk.so@0x18ae0]		ldr	x5, [x3, #32]	X3=0x7024730400
0x70225f5ae4[libsecsdk.so@0x18ae4]		cmp	x5, x7	X5=0x2866 X7=0x2876
0x70225f5ae8[libsecsdk.so@0x18ae8]		b.ls	#36	
0x70225f5b0c[libsecsdk.so@0x18b0c]		ldr	x4, [x3, #24]	X3=0x7024730400
0x70225f5b10[libsecsdk.so@0x18b10]		cbnz	x4, #-24	X4=0x0
0x70225f5b14[libsecsdk.so@0x18b14]		mov	x1, x3	X3=0x7024730400
0x70225f5b18[libsecsdk.so@0x18b18]		cbnz	w6, #40	W6=0x0
0x70225f5b1c[libsecsdk.so@0x18b1c]		cmp	x5, x7	X5=0x2866 X7=0x2876
0x70225f5b20[libsecsdk.so@0x18b20]		b.lo	#116	
0x70225f5b94[libsecsdk.so@0x18b94]		mov	x3, #0	
0x70225f5b98[libsecsdk.so@0x18b98]		add	x8, sp, #24	SP=0x708b79ef00
0x70225f5b9c[libsecsdk.so@0x18b9c]		mov	x4, x3	X3=0x0
0x70225f5ba0[libsecsdk.so@0x18ba0]		b	#16	
0x70225f5bb0[libsecsdk.so@0x18bb0]		bl	#-540	SP=0x708b79ef00
0x70225f5994[libsecsdk.so@0x18994]		sub	sp, sp, #64	SP=0x708b79ef00
0x70225f5998[libsecsdk.so@0x18998]		cmp	x0, x1	X0=0x708b79f088 X1=0x7024730400
0x70225f599c[libsecsdk.so@0x1899c]		stp	x21, x22, [sp, #16]	X21=0x0 X22=0x708b79f088 SP=0x708b79eec0
0x70225f59a0[libsecsdk.so@0x189a0]		stp	x19, x20, [sp]	X19=0x708b79f058 X20=0x708a819500 SP=0x708b79eec0
0x70225f59a4[libsecsdk.so@0x189a4]		stp	x23, x30, [sp, #32]	X23=0x708b79f068 LR=0x70225f5bb4 SP=0x708b79eec0
0x70225f59a8[libsecsdk.so@0x189a8]		mov	x20, x0	X0=0x708b79f088
0x70225f59ac[libsecsdk.so@0x189ac]		mov	x21, x1	X1=0x7024730400
0x70225f59b0[libsecsdk.so@0x189b0]		mov	x22, x8	X8=0x708b79ef18
0x70225f59b4[libsecsdk.so@0x189b4]		mov	x23, x2	X2=0x708a82ba18
0x70225f59b8[libsecsdk.so@0x189b8]		b.eq	#192	
0x70225f59bc[libsecsdk.so@0x189bc]		cbz	x4, #116	X4=0x0
0x70225f5a30[libsecsdk.so@0x18a30]		cbz	x3, #124	X3=0x0
0x70225f5aac[libsecsdk.so@0x18aac]		ldr	x1, [x2]	X2=0x708a82ba18
0x70225f5ab0[libsecsdk.so@0x18ab0]		ldr	x0, [x21, #32]	X21=0x7024730400
0x70225f5ab4[libsecsdk.so@0x18ab4]		cmp	x1, x0	X1=0x2876 X0=0x2866
0x70225f5ab8[libsecsdk.so@0x18ab8]		b.lo	#-132	
0x70225f5abc[libsecsdk.so@0x18abc]		b	#-252	
0x70225f59c0[libsecsdk.so@0x189c0]		add	x1, sp, #64	SP=0x708b79eec0
0x70225f59c4[libsecsdk.so@0x189c4]		mov	x0, #40	
0x70225f59c8[libsecsdk.so@0x189c8]		str	x0, [x1, #-8]!	X0=0x28 X1=0x708b79ef00
0x70225f59cc[libsecsdk.so@0x189cc]		mov	x0, x1	X1=0x708b79eef8
0x70225f59d0[libsecsdk.so@0x189d0]		bl	#71528	SP=0x708b79eec0
0x7022607138[libsecsdk.so@0x2a138]		b	#-180	
0x7022607084[libsecsdk.so@0x2a084]		stp	x29, x30, [sp, #-64]!	FP=0x708b79f600 LR=0x70225f59d4 SP=0x708b79eec0
0x7022607088[libsecsdk.so@0x2a088]		mov	x29, sp	SP=0x708b79ee80
0x702260708c[libsecsdk.so@0x2a08c]		stp	x21, x22, [sp, #32]	X21=0x7024730400 X22=0x708b79ef18 SP=0x708b79ee80
0x7022607090[libsecsdk.so@0x2a090]		mov	x22, x0	X0=0x708b79eef8
0x7022607094[libsecsdk.so@0x2a094]		str	x23, [sp, #48]	X23=0x708a82ba18 SP=0x708b79ee80
0x7022607098[libsecsdk.so@0x2a098]		stp	x19, x20, [sp, #16]	X19=0x708b79f058 X20=0x708b79f088 SP=0x708b79ee80
0x702260709c[libsecsdk.so@0x2a09c]		adrp	x20, #131072	
0x70226070a0[libsecsdk.so@0x2a0a0]		adrp	x23, #131072	
0x70226070a4[libsecsdk.so@0x2a0a4]		ldr	x1, [x22]	X22=0x708b79eef8
0x70226070a8[libsecsdk.so@0x2a0a8]		add	x20, x20, #2512	X20=0x7022627000
0x70226070ac[libsecsdk.so@0x2a0ac]		add	x0, x23, #2376	X23=0x7022627000
0x70226070b0[libsecsdk.so@0x2a0b0]		add	x1, x1, #15	X1=0x28
0x70226070b4[libsecsdk.so@0x2a0b4]		and	x1, x1, #0xfffffffffffffff0	X1=0x37
0x70226070b8[libsecsdk.so@0x2a0b8]		str	x1, [x22]	X1=0x30 X22=0x708b79eef8
0x70226070bc[libsecsdk.so@0x2a0bc]		sub	x1, x1, #16	X1=0x30
0x70226070c0[libsecsdk.so@0x2a0c0]		lsr	x19, x1, #1	X1=0x20
0x70226070c4[libsecsdk.so@0x2a0c4]		bl	#-136868	SP=0x708b79ee80
0x70225e5a20[libsecsdk.so@0x8a20]		adrp	x16, #266240	
0x70225e5a24[libsecsdk.so@0x8a24]		ldr	x17, [x16, #3680]	X16=0x7022626000
0x70225e5a28[libsecsdk.so@0x8a28]		add	x16, x16, #3680	X16=0x7022626000
0x70225e5a2c[libsecsdk.so@0x8a2c]		br	x17	X17=0x711ac75b30
0x70226070c8[libsecsdk.so@0x2a0c8]		ldr	x21, [x20, x19]	X20=0x70226279d0 X19=0x10
0x70226070cc[libsecsdk.so@0x2a0cc]		cbz	x21, #44	X21=0x7024730430
0x70226070d0[libsecsdk.so@0x2a0d0]		ldr	x0, [x21]	X21=0x7024730430
0x70226070d4[libsecsdk.so@0x2a0d4]		str	x0, [x20, x19]	X0=0x7024730460 X20=0x70226279d0 X19=0x10
0x70226070d8[libsecsdk.so@0x2a0d8]		add	x0, x23, #2376	X23=0x7022627000
0x70226070dc[libsecsdk.so@0x2a0dc]		bl	#-137004	SP=0x708b79ee80
0x70225e59b0[libsecsdk.so@0x89b0]		adrp	x16, #266240	
0x70225e59b4[libsecsdk.so@0x89b4]		ldr	x17, [x16, #3624]	X16=0x7022626000
0x70225e59b8[libsecsdk.so@0x89b8]		add	x16, x16, #3624	X16=0x7022626000
0x70225e59bc[libsecsdk.so@0x89bc]		br	x17	X17=0x711ac76018
0x70226070e0[libsecsdk.so@0x2a0e0]		ldr	x23, [sp, #48]	SP=0x708b79ee80
0x70226070e4[libsecsdk.so@0x2a0e4]		mov	x0, x21	X21=0x7024730430
0x70226070e8[libsecsdk.so@0x2a0e8]		ldp	x19, x20, [sp, #16]	SP=0x708b79ee80
0x70226070ec[libsecsdk.so@0x2a0ec]		ldp	x21, x22, [sp, #32]	SP=0x708b79ee80
0x70226070f0[libsecsdk.so@0x2a0f0]		ldp	x29, x30, [sp], #64	SP=0x708b79ee80
0x70226070f4[libsecsdk.so@0x2a0f4]		ret	LR=0x70225f59d4
0x70225f59d4[libsecsdk.so@0x189d4]		mov	x19, x0	X0=0x7024730430
0x70225f59d8[libsecsdk.so@0x189d8]		ldr	x0, [x23]	X23=0x708a82ba18
0x70225f59dc[libsecsdk.so@0x189dc]		str	x0, [x19, #32]	X0=0x2876 X19=0x7024730430
0x70225f59e0[libsecsdk.so@0x189e0]		str	xzr, [x19, #16]	X19=0x7024730430
0x70225f59e4[libsecsdk.so@0x189e4]		str	xzr, [x19, #24]	X19=0x7024730430
0x70225f59e8[libsecsdk.so@0x189e8]		str	x19, [x21, #24]	X19=0x7024730430 X21=0x7024730400
0x70225f59ec[libsecsdk.so@0x189ec]		ldr	x0, [x20, #24]	X20=0x708b79f088
0x70225f59f0[libsecsdk.so@0x189f0]		cmp	x21, x0	X21=0x7024730400 X0=0x7024730400
0x70225f59f4[libsecsdk.so@0x189f4]		b.eq	#124	
0x70225f5a70[libsecsdk.so@0x18a70]		str	x19, [x20, #24]	X19=0x7024730430 X20=0x708b79f088
0x70225f5a74[libsecsdk.so@0x18a74]		b	#-124	
0x70225f59f8[libsecsdk.so@0x189f8]		str	x21, [x19, #8]	X21=0x7024730400 X19=0x7024730430
0x70225f59fc[libsecsdk.so@0x189fc]		mov	x0, x19	X19=0x7024730430
0x70225f5a00[libsecsdk.so@0x18a00]		add	x1, x20, #8	X20=0x708b79f088
0x70225f5a04[libsecsdk.so@0x18a04]		bl	#-32172	SP=0x708b79eec0
0x70225edc58[libsecsdk.so@0x10c58]		sub	sp, sp, #48	SP=0x708b79eec0
0x70225edc5c[libsecsdk.so@0x10c5c]		stp	x21, x22, [sp, #16]	X21=0x7024730400 X22=0x708b79ef18 SP=0x708b79ee90
0x70225edc60[libsecsdk.so@0x10c60]		stp	x19, x20, [sp]	X19=0x7024730430 X20=0x708b79f088 SP=0x708b79ee90
0x70225edc64[libsecsdk.so@0x10c64]		str	x30, [sp, #32]	LR=0x70225f5a08 SP=0x708b79ee90
0x70225edc68[libsecsdk.so@0x10c68]		mov	x20, x0	X0=0x7024730430
0x70225edc6c[libsecsdk.so@0x10c6c]		mov	x22, x1	X1=0x708b79f090
0x70225edc70[libsecsdk.so@0x10c70]		mov	w21, #1	
0x70225edc74[libsecsdk.so@0x10c74]		ldr	x4, [x1]	X1=0x708b79f090
0x70225edc78[libsecsdk.so@0x10c78]		strb	wzr, [x0]	X0=0x7024730430
0x70225edc7c[libsecsdk.so@0x10c7c]		cmp	x20, x4	X20=0x7024730430 X4=0x7024730400
0x70225edc80[libsecsdk.so@0x10c80]		b.eq	#72	
0x70225edc84[libsecsdk.so@0x10c84]		ldr	x19, [x20, #8]	X20=0x7024730430
0x70225edc88[libsecsdk.so@0x10c88]		ldrb	w0, [x19]	X19=0x7024730400
0x70225edc8c[libsecsdk.so@0x10c8c]		cbnz	w0, #60	W0=0x1
0x70225edcc8[libsecsdk.so@0x10cc8]		mov	w0, #1	
0x70225edccc[libsecsdk.so@0x10ccc]		strb	w0, [x4]	W0=0x1 X4=0x7024730400
0x70225edcd0[libsecsdk.so@0x10cd0]		ldp	x19, x20, [sp]	SP=0x708b79ee90
0x70225edcd4[libsecsdk.so@0x10cd4]		ldp	x21, x22, [sp, #16]	SP=0x708b79ee90
0x70225edcd8[libsecsdk.so@0x10cd8]		ldr	x30, [sp, #32]	SP=0x708b79ee90
0x70225edcdc[libsecsdk.so@0x10cdc]		add	sp, sp, #48	SP=0x708b79ee90
0x70225edce0[libsecsdk.so@0x10ce0]		ret	LR=0x70225f5a08
0x70225f5a08[libsecsdk.so@0x18a08]		ldr	x1, [x20, #32]	X20=0x708b79f088
0x70225f5a0c[libsecsdk.so@0x18a0c]		mov	x0, x22	X22=0x708b79ef18
0x70225f5a10[libsecsdk.so@0x18a10]		add	x1, x1, #1	X1=0x1
0x70225f5a14[libsecsdk.so@0x18a14]		str	x1, [x20, #32]	X1=0x2 X20=0x708b79f088
0x70225f5a18[libsecsdk.so@0x18a18]		str	x19, [x22]	X19=0x7024730430 X22=0x708b79ef18
0x70225f5a1c[libsecsdk.so@0x18a1c]		ldp	x19, x20, [sp]	SP=0x708b79eec0
0x70225f5a20[libsecsdk.so@0x18a20]		ldp	x21, x22, [sp, #16]	SP=0x708b79eec0
0x70225f5a24[libsecsdk.so@0x18a24]		ldp	x23, x30, [sp, #32]	SP=0x708b79eec0
0x70225f5a28[libsecsdk.so@0x18a28]		add	sp, sp, #64	SP=0x708b79eec0
0x70225f5a2c[libsecsdk.so@0x18a2c]		ret	LR=0x70225f5bb4
0x70225f5bb4[libsecsdk.so@0x18bb4]		ldr	x0, [sp, #24]	SP=0x708b79ef00
0x70225f5bb8[libsecsdk.so@0x18bb8]		str	x0, [x19]	X0=0x7024730430 X19=0x708b79f058
0x70225f5bbc[libsecsdk.so@0x18bbc]		mov	w0, #1	
0x70225f5bc0[libsecsdk.so@0x18bc0]		strb	w0, [x19, #8]	W0=0x1 X19=0x708b79f058
0x70225f5bc4[libsecsdk.so@0x18bc4]		mov	x0, x19	X19=0x708b79f058
0x70225f5bc8[libsecsdk.so@0x18bc8]		ldp	x19, x30, [sp]	SP=0x708b79ef00
0x70225f5bcc[libsecsdk.so@0x18bcc]		add	sp, sp, #32	SP=0x708b79ef00
0x70225f5bd0[libsecsdk.so@0x18bd0]		ret	LR=0x70225f60cc
0x70225f60cc[libsecsdk.so@0x190cc]		ldr	x5, [sp, #192]	SP=0x708b79ef20
0x70225f60d0[libsecsdk.so@0x190d0]		b	#-500	
0x70225f5edc[libsecsdk.so@0x18edc]		add	x28, x28, #8	X28=0x708a82ba18
0x70225f5ee0[libsecsdk.so@0x18ee0]		add	x5, x5, #1	X5=0x2
0x70225f5ee4[libsecsdk.so@0x18ee4]		cmp	x28, x27	X28=0x708a82ba20 X27=0x708a82ba20
0x70225f5ee8[libsecsdk.so@0x18ee8]		b.eq	#52	
0x70225f5f1c[libsecsdk.so@0x18f1c]		ldr	x0, [x26, #72]	X26=0x70228b8c00
0x70225f5f20[libsecsdk.so@0x18f20]		add	x27, sp, #288	SP=0x708b79ef20
0x70225f5f24[libsecsdk.so@0x18f24]		adrp	x21, #196608	
0x70225f5f28[libsecsdk.so@0x18f28]		adrp	x2, #98304	
0x70225f5f2c[libsecsdk.so@0x18f2c]		mov	x1, x0	X0=0x711b5b7340
0x70225f5f30[libsecsdk.so@0x18f30]		add	x2, x2, #3448	X2=0x702260d000
0x70225f5f34[libsecsdk.so@0x18f34]		add	x1, x1, #16	X1=0x711b5b7340
0x70225f5f38[libsecsdk.so@0x18f38]		fmov	d10, x0	X0=0x711b5b7340
0x70225f5f3c[libsecsdk.so@0x18f3c]		add	x0, x21, #928	X21=0x7022625000
0x70225f5f40[libsecsdk.so@0x18f40]		ldrh	w19, [x1]	X1=0x711b5b7350
0x70225f5f44[libsecsdk.so@0x18f44]		str	x1, [x27]	X1=0x711b5b7350 X27=0x708b79f040
0x70225f5f48[libsecsdk.so@0x18f48]		adrp	x1, #98304	
0x70225f5f4c[libsecsdk.so@0x18f4c]		add	x1, x1, #3460	X1=0x702260d000
0x70225f5f50[libsecsdk.so@0x18f50]		fmov	d12, x2	X2=0x702260dd78
0x70225f5f54[libsecsdk.so@0x18f54]		adrp	x2, #98304	
0x70225f5f58[libsecsdk.so@0x18f58]		fmov	d13, x1	X1=0x702260dd84
0x70225f5f5c[libsecsdk.so@0x18f5c]		uxtb	w1, w19	W19=0x322
0x70225f5f60[libsecsdk.so@0x18f60]		add	x2, x2, #3472	X2=0x702260d000
0x70225f5f64[libsecsdk.so@0x18f64]		ldr	x0, [x0, w1, sxtw #3]	X0=0x70226253a0 W1=0x22
0x70225f5f68[libsecsdk.so@0x18f68]		fmov	d14, x2	X2=0x702260dd90
0x70225f5f6c[libsecsdk.so@0x18f6c]		br	x0	X0=0x70225f6eb4
0x70225f6eb4[libsecsdk.so@0x19eb4]		ldr	x2, [x27]	X27=0x708b79f040
0x70225f6eb8[libsecsdk.so@0x19eb8]		mov	x0, x24	X24=0x708a81f3e8
0x70225f6ebc[libsecsdk.so@0x19ebc]		mov	x1, x20	X20=0x708a819500
0x70225f6ec0[libsecsdk.so@0x19ec0]		ldrh	w2, [x2, #2]	X2=0x711b5b7350
0x70225f6ec4[libsecsdk.so@0x19ec4]		bl	#32088	SP=0x708b79ef20
0x70225fec1c[libsecsdk.so@0x21c1c]		sub	sp, sp, #48	SP=0x708b79ef20
0x70225fec20[libsecsdk.so@0x21c20]		stp	x19, x20, [sp]	X19=0x322 X20=0x708a819500 SP=0x708b79eef0
0x70225fec24[libsecsdk.so@0x21c24]		str	x30, [sp, #16]	LR=0x70225f6ec8 SP=0x708b79eef0
0x70225fec28[libsecsdk.so@0x21c28]		ldr	x3, [x0]	X0=0x708a81f3e8
0x70225fec2c[libsecsdk.so@0x21c2c]		ldr	x5, [x3, #24]	X3=0x7022a969c0
0x70225fec30[libsecsdk.so@0x21c30]		ldr	x4, [x3, #16]	X3=0x7022a969c0
0x70225fec34[libsecsdk.so@0x21c34]		ldr	x0, [x3, #88]	X3=0x7022a969c0
0x70225fec38[libsecsdk.so@0x21c38]		ldr	w2, [x5, w2, uxtw #2]	X5=0x702489e35c W2=0x1c
0x70225fec3c[libsecsdk.so@0x21c3c]		ldr	w2, [x4, x2, lsl #2]	X4=0x702489e070 X2=0x37
0x70225fec40[libsecsdk.so@0x21c40]		add	x0, x0, x2	X0=0x702489e000 X2=0x17a3
0x70225fec44[libsecsdk.so@0x21c44]		ldrsb	w2, [x0], #1	X0=0x702489f7a3
0x70225fec48[libsecsdk.so@0x21c48]		tbnz	w2, #31, #-4	W2=0x21
0x70225fec4c[libsecsdk.so@0x21c4c]		str	x1, [sp, #40]	X1=0x708a819500 SP=0x708b79eef0
0x70225fec50[libsecsdk.so@0x21c50]		bl	#-2872	SP=0x708b79eef0
0x70225fe118[libsecsdk.so@0x21118]		sub	sp, sp, #64	SP=0x708b79eef0
0x70225fe11c[libsecsdk.so@0x2111c]		stp	x19, x20, [sp]	X19=0x322 X20=0x708a819500 SP=0x708b79eeb0
0x70225fe120[libsecsdk.so@0x21120]		stp	x21, x22, [sp, #16]	X21=0x7022625000 X22=0x708b79f088 SP=0x708b79eeb0
0x70225fe124[libsecsdk.so@0x21124]		str	x30, [sp, #32]	LR=0x70225fec54 SP=0x708b79eeb0
0x70225fe128[libsecsdk.so@0x21128]		mov	x19, x0	X0=0x702489f7a4
0x70225fe12c[libsecsdk.so@0x2112c]		bl	#-100012	SP=0x708b79eeb0
0x70225e5a80[libsecsdk.so@0x8a80]		adrp	x16, #266240	
0x70225e5a84[libsecsdk.so@0x8a84]		ldr	x17, [x16, #3728]	X16=0x7022626000
0x70225e5a88[libsecsdk.so@0x8a88]		add	x16, x16, #3728	X16=0x7022626000
0x70225e5a8c[libsecsdk.so@0x8a8c]		br	x17	X17=0x711ac12960
0x70225fe130[libsecsdk.so@0x21130]		add	w2, w0, #1	W0=0x21
0x70225fe134[libsecsdk.so@0x21134]		mov	x22, x0	X0=0x21
0x70225fe138[libsecsdk.so@0x21138]		mov	w21, w0	W0=0x21
0x70225fe13c[libsecsdk.so@0x2113c]		mov	x0, x2	X2=0x22
0x70225fe140[libsecsdk.so@0x21140]		str	x2, [sp, #56]	X2=0x22 SP=0x708b79eeb0
0x70225fe144[libsecsdk.so@0x21144]		bl	#31912	SP=0x708b79eeb0
0x7022605dec[libsecsdk.so@0x28dec]		stp	x29, x30, [sp, #-16]!	FP=0x708b79f600 LR=0x70225fe148 SP=0x708b79eeb0
0x7022605df0[libsecsdk.so@0x28df0]		mov	x29, sp	SP=0x708b79eea0
0x7022605df4[libsecsdk.so@0x28df4]		bl	#-212	SP=0x708b79eea0
0x7022605d20[libsecsdk.so@0x28d20]		stp	x29, x30, [sp, #-32]!	FP=0x708b79eea0 LR=0x7022605df8 SP=0x708b79eea0
0x7022605d24[libsecsdk.so@0x28d24]		mov	x29, sp	SP=0x708b79ee80
0x7022605d28[libsecsdk.so@0x28d28]		stp	x19, x20, [sp, #16]	X19=0x702489f7a4 X20=0x708a819500 SP=0x708b79ee80
0x7022605d2c[libsecsdk.so@0x28d2c]		mov	x19, x0	X0=0x22
0x7022605d30[libsecsdk.so@0x28d30]		adrp	x20, #139264	
0x7022605d34[libsecsdk.so@0x28d34]		b	#32	
0x7022605d54[libsecsdk.so@0x28d54]		mov	x0, x19	X19=0x22
0x7022605d58[libsecsdk.so@0x28d58]		bl	#-132552	SP=0x708b79ee80
0x70225e5790[libsecsdk.so@0x8790]		adrp	x16, #266240	
0x70225e5794[libsecsdk.so@0x8794]		ldr	x17, [x16, #3352]	X16=0x7022626000
0x70225e5798[libsecsdk.so@0x8798]		add	x16, x16, #3352	X16=0x7022626000
0x70225e579c[libsecsdk.so@0x879c]		br	x17	X17=0x711abd432c
0x7022605d5c[libsecsdk.so@0x28d5c]		cbz	x0, #-36	X0=0x7022a7d050
0x7022605d60[libsecsdk.so@0x28d60]		ldp	x19, x20, [sp, #16]	SP=0x708b79ee80
0x7022605d64[libsecsdk.so@0x28d64]		ldp	x29, x30, [sp], #32	SP=0x708b79ee80
0x7022605d68[libsecsdk.so@0x28d68]		ret	LR=0x7022605df8
0x7022605df8[libsecsdk.so@0x28df8]		ldp	x29, x30, [sp], #16	SP=0x708b79eea0
0x7022605dfc[libsecsdk.so@0x28dfc]		ret	LR=0x70225fe148
0x70225fe148[libsecsdk.so@0x21148]		mov	x20, x0	X0=0x7022a7d050
0x70225fe14c[libsecsdk.so@0x2114c]		ldr	x2, [sp, #56]	SP=0x708b79eeb0
0x70225fe150[libsecsdk.so@0x21150]		mov	w1, #0	
0x70225fe154[libsecsdk.so@0x21154]		bl	#-100356	SP=0x708b79eeb0
0x70225e5950[libsecsdk.so@0x8950]		adrp	x16, #266240	
0x70225e5954[libsecsdk.so@0x8954]		ldr	x17, [x16, #3576]	X16=0x7022626000
0x70225e5958[libsecsdk.so@0x8958]		add	x16, x16, #3576	X16=0x7022626000
0x70225e595c[libsecsdk.so@0x895c]		br	x17	X17=0x711ac12340
0x70225fe158[libsecsdk.so@0x21158]		ldrb	w0, [x19]	X19=0x702489f7a4
0x70225fe15c[libsecsdk.so@0x2115c]		cmp	w0, #76	W0=0x4c
0x70225fe160[libsecsdk.so@0x21160]		b.eq	#44	
0x70225fe18c[libsecsdk.so@0x2118c]		cmp	w22, #1	W22=0x21
0x70225fe190[libsecsdk.so@0x21190]		b.ls	#-28	
0x70225fe194[libsecsdk.so@0x21194]		ldrb	w3, [x19, #1]	X19=0x702489f7a4
0x70225fe198[libsecsdk.so@0x21198]		mov	x2, #2	
0x70225fe19c[libsecsdk.so@0x2119c]		cmp	w3, #59	W3=0x6a
0x70225fe1a0[libsecsdk.so@0x211a0]		b.ne	#20	
0x70225fe1b4[libsecsdk.so@0x211b4]		add	x4, x20, x2	X20=0x7022a7d050 X2=0x2
0x70225fe1b8[libsecsdk.so@0x211b8]		cmp	w21, w2	W21=0x21 W2=0x2
0x70225fe1bc[libsecsdk.so@0x211bc]		add	x2, x2, #1	X2=0x2
0x70225fe1c0[libsecsdk.so@0x211c0]		add	x5, x19, x2	X19=0x702489f7a4 X2=0x3
0x70225fe1c4[libsecsdk.so@0x211c4]		sturb	w3, [x4, #-2]	W3=0x6a X4=0x7022a7d052
0x70225fe1c8[libsecsdk.so@0x211c8]		b.hi	#-32	
0x70225fe1a8[libsecsdk.so@0x211a8]		ldurb	w3, [x5, #-1]	X5=0x702489f7a7
0x70225fe1ac[libsecsdk.so@0x211ac]		cmp	w3, #59	W3=0x61
0x70225fe1b0[libsecsdk.so@0x211b0]		b.eq	#-60	
0x70225fe1b4[libsecsdk.so@0x211b4]		add	x4, x20, x2	X20=0x7022a7d050 X2=0x3
0x70225fe1b8[libsecsdk.so@0x211b8]		cmp	w21, w2	W21=0x21 W2=0x3
0x70225fe1bc[libsecsdk.so@0x211bc]		add	x2, x2, #1	X2=0x3
0x70225fe1c0[libsecsdk.so@0x211c0]		add	x5, x19, x2	X19=0x702489f7a4 X2=0x4
0x70225fe1c4[libsecsdk.so@0x211c4]		sturb	w3, [x4, #-2]	W3=0x61 X4=0x7022a7d053
0x70225fe1c8[libsecsdk.so@0x211c8]		b.hi	#-32	
0x70225fe1a8[libsecsdk.so@0x211a8]		ldurb	w3, [x5, #-1]	X5=0x702489f7a8
0x70225fe1ac[libsecsdk.so@0x211ac]		cmp	w3, #59	W3=0x76
0x70225fe1b0[libsecsdk.so@0x211b0]		b.eq	#-60	
0x70225fe1b4[libsecsdk.so@0x211b4]		add	x4, x20, x2	X20=0x7022a7d050 X2=0x4
0x70225fe1b8[libsecsdk.so@0x211b8]		cmp	w21, w2	W21=0x21 W2=0x4
0x70225fe1bc[libsecsdk.so@0x211bc]		add	x2, x2, #1	X2=0x4
0x70225fe1c0[libsecsdk.so@0x211c0]		add	x5, x19, x2	X19=0x702489f7a4 X2=0x5
0x70225fe1c4[libsecsdk.so@0x211c4]		sturb	w3, [x4, #-2]	W3=0x76 X4=0x7022a7d054
0x70225fe1c8[libsecsdk.so@0x211c8]		b.hi	#-32	
0x70225fe1a8[libsecsdk.so@0x211a8]		ldurb	w3, [x5, #-1]	X5=0x702489f7a9
0x70225fe1ac[libsecsdk.so@0x211ac]		cmp	w3, #59	W3=0x61
0x70225fe1b0[libsecsdk.so@0x211b0]		b.eq	#-60	
0x70225fe1b4[libsecsdk.so@0x211b4]		add	x4, x20, x2	X20=0x7022a7d050 X2=0x5
0x70225fe1b8[libsecsdk.so@0x211b8]		cmp	w21, w2	W21=0x21 W2=0x5
0x70225fe1bc[libsecsdk.so@0x211bc]		add	x2, x2, #1	X2=0x5
0x70225fe1c0[libsecsdk.so@0x211c0]		add	x5, x19, x2	X19=0x702489f7a4 X2=0x6
0x70225fe1c4[libsecsdk.so@0x211c4]		sturb	w3, [x4, #-2]	W3=0x61 X4=0x7022a7d055
0x70225fe1c8[libsecsdk.so@0x211c8]		b.hi	#-32	
0x70225fe1a8[libsecsdk.so@0x211a8]		ldurb	w3, [x5, #-1]	X5=0x702489f7aa
0x70225fe1ac[libsecsdk.so@0x211ac]		cmp	w3, #59	W3=0x78
0x70225fe1b0[libsecsdk.so@0x211b0]		b.eq	#-60	
0x70225fe1b4[libsecsdk.so@0x211b4]		add	x4, x20, x2	X20=0x7022a7d050 X2=0x6
0x70225fe1b8[libsecsdk.so@0x211b8]		cmp	w21, w2	W21=0x21 W2=0x6
0x70225fe1bc[libsecsdk.so@0x211bc]		add	x2, x2, #1	X2=0x6
0x70225fe1c0[libsecsdk.so@0x211c0]		add	x5, x19, x2	X19=0x702489f7a4 X2=0x7
0x70225fe1c4[libsecsdk.so@0x211c4]		sturb	w3, [x4, #-2]	W3=0x78 X4=0x7022a7d056
0x70225fe1c8[libsecsdk.so@0x211c8]		b.hi	#-32	
0x70225fe1a8[libsecsdk.so@0x211a8]		ldurb	w3, [x5, #-1]	X5=0x702489f7ab
0x70225fe1ac[libsecsdk.so@0x211ac]		cmp	w3, #59	W3=0x2f
0x70225fe1b0[libsecsdk.so@0x211b0]		b.eq	#-60	
0x70225fe1b4[libsecsdk.so@0x211b4]		add	x4, x20, x2	X20=0x7022a7d050 X2=0x7
0x70225fe1b8[libsecsdk.so@0x211b8]		cmp	w21, w2	W21=0x21 W2=0x7
0x70225fe1bc[libsecsdk.so@0x211bc]		add	x2, x2, #1	X2=0x7
0x70225fe1c0[libsecsdk.so@0x211c0]		add	x5, x19, x2	X19=0x702489f7a4 X2=0x8
0x70225fe1c4[libsecsdk.so@0x211c4]		sturb	w3, [x4, #-2]	W3=0x2f X4=0x7022a7d057
0x70225fe1c8[libsecsdk.so@0x211c8]		b.hi	#-32	
0x70225fe1a8[libsecsdk.so@0x211a8]		ldurb	w3, [x5, #-1]	X5=0x702489f7ac
0x70225fe1ac[libsecsdk.so@0x211ac]		cmp	w3, #59	W3=0x63
0x70225fe1b0[libsecsdk.so@0x211b0]		b.eq	#-60	
0x70225fe1b4[libsecsdk.so@0x211b4]		add	x4, x20, x2	X20=0x7022a7d050 X2=0x8
0x70225fe1b8[libsecsdk.so@0x211b8]		cmp	w21, w2	W21=0x21 W2=0x8
0x70225fe1bc[libsecsdk.so@0x211bc]		add	x2, x2, #1	X2=0x8
0x70225fe1c0[libsecsdk.so@0x211c0]		add	x5, x19, x2	X19=0x702489f7a4 X2=0x9
0x70225fe1c4[libsecsdk.so@0x211c4]		sturb	w3, [x4, #-2]	W3=0x63 X4=0x7022a7d058
0x70225fe1c8[libsecsdk.so@0x211c8]		b.hi	#-32	
0x70225fe1a8[libsecsdk.so@0x211a8]		ldurb	w3, [x5, #-1]	X5=0x702489f7ad
0x70225fe1ac[libsecsdk.so@0x211ac]		cmp	w3, #59	W3=0x72
0x70225fe1b0[libsecsdk.so@0x211b0]		b.eq	#-60	
0x70225fe1b4[libsecsdk.so@0x211b4]		add	x4, x20, x2	X20=0x7022a7d050 X2=0x9
0x70225fe1b8[libsecsdk.so@0x211b8]		cmp	w21, w2	W21=0x21 W2=0x9
0x70225fe1bc[libsecsdk.so@0x211bc]		add	x2, x2, #1	X2=0x9
0x70225fe1c0[libsecsdk.so@0x211c0]		add	x5, x19, x2	X19=0x702489f7a4 X2=0xa
0x70225fe1c4[libsecsdk.so@0x211c4]		sturb	w3, [x4, #-2]	W3=0x72 X4=0x7022a7d059
0x70225fe1c8[libsecsdk.so@0x211c8]		b.hi	#-32	
0x70225fe1a8[libsecsdk.so@0x211a8]		ldurb	w3, [x5, #-1]	X5=0x702489f7ae
0x70225fe1ac[libsecsdk.so@0x211ac]		cmp	w3, #59	W3=0x79
0x70225fe1b0[libsecsdk.so@0x211b0]		b.eq	#-60	
0x70225fe1b4[libsecsdk.so@0x211b4]		add	x4, x20, x2	X20=0x7022a7d050 X2=0xa
0x70225fe1b8[libsecsdk.so@0x211b8]		cmp	w21, w2	W21=0x21 W2=0xa
0x70225fe1bc[libsecsdk.so@0x211bc]		add	x2, x2, #1	X2=0xa
0x70225fe1c0[libsecsdk.so@0x211c0]		add	x5, x19, x2	X19=0x702489f7a4 X2=0xb
0x70225fe1c4[libsecsdk.so@0x211c4]		sturb	w3, [x4, #-2]	W3=0x79 X4=0x7022a7d05a
0x70225fe1c8[libsecsdk.so@0x211c8]		b.hi	#-32	
0x70225fe1a8[libsecsdk.so@0x211a8]		ldurb	w3, [x5, #-1]	X5=0x702489f7af
0x70225fe1ac[libsecsdk.so@0x211ac]		cmp	w3, #59	W3=0x70
0x70225fe1b0[libsecsdk.so@0x211b0]		b.eq	#-60	
0x70225fe1b4[libsecsdk.so@0x211b4]		add	x4, x20, x2	X20=0x7022a7d050 X2=0xb
0x70225fe1b8[libsecsdk.so@0x211b8]		cmp	w21, w2	W21=0x21 W2=0xb
0x70225fe1bc[libsecsdk.so@0x211bc]		add	x2, x2, #1	X2=0xb
0x70225fe1c0[libsecsdk.so@0x211c0]		add	x5, x19, x2	X19=0x702489f7a4 X2=0xc
0x70225fe1c4[libsecsdk.so@0x211c4]		sturb	w3, [x4, #-2]	W3=0x70 X4=0x7022a7d05b
0x70225fe1c8[libsecsdk.so@0x211c8]		b.hi	#-32	
0x70225fe1a8[libsecsdk.so@0x211a8]		ldurb	w3, [x5, #-1]	X5=0x702489f7b0
0x70225fe1ac[libsecsdk.so@0x211ac]		cmp	w3, #59	W3=0x74
0x70225fe1b0[libsecsdk.so@0x211b0]		b.eq	#-60	
0x70225fe1b4[libsecsdk.so@0x211b4]		add	x4, x20, x2	X20=0x7022a7d050 X2=0xc
0x70225fe1b8[libsecsdk.so@0x211b8]		cmp	w21, w2	W21=0x21 W2=0xc
0x70225fe1bc[libsecsdk.so@0x211bc]		add	x2, x2, #1	X2=0xc
0x70225fe1c0[libsecsdk.so@0x211c0]		add	x5, x19, x2	X19=0x702489f7a4 X2=0xd
0x70225fe1c4[libsecsdk.so@0x211c4]		sturb	w3, [x4, #-2]	W3=0x74 X4=0x7022a7d05c
0x70225fe1c8[libsecsdk.so@0x211c8]		b.hi	#-32	
0x70225fe1a8[libsecsdk.so@0x211a8]		ldurb	w3, [x5, #-1]	X5=0x702489f7b1
0x70225fe1ac[libsecsdk.so@0x211ac]		cmp	w3, #59	W3=0x6f
0x70225fe1b0[libsecsdk.so@0x211b0]		b.eq	#-60	
0x70225fe1b4[libsecsdk.so@0x211b4]		add	x4, x20, x2	X20=0x7022a7d050 X2=0xd
0x70225fe1b8[libsecsdk.so@0x211b8]		cmp	w21, w2	W21=0x21 W2=0xd
0x70225fe1bc[libsecsdk.so@0x211bc]		add	x2, x2, #1	X2=0xd
0x70225fe1c0[libsecsdk.so@0x211c0]		add	x5, x19, x2	X19=0x702489f7a4 X2=0xe
0x70225fe1c4[libsecsdk.so@0x211c4]		sturb	w3, [x4, #-2]	W3=0x6f X4=0x7022a7d05d
0x70225fe1c8[libsecsdk.so@0x211c8]		b.hi	#-32	
0x70225fe1a8[libsecsdk.so@0x211a8]		ldurb	w3, [x5, #-1]	X5=0x702489f7b2
0x70225fe1ac[libsecsdk.so@0x211ac]		cmp	w3, #59	W3=0x2f
0x70225fe1b0[libsecsdk.so@0x211b0]		b.eq	#-60	
0x70225fe1b4[libsecsdk.so@0x211b4]		add	x4, x20, x2	X20=0x7022a7d050 X2=0xe
0x70225fe1b8[libsecsdk.so@0x211b8]		cmp	w21, w2	W21=0x21 W2=0xe
0x70225fe1bc[libsecsdk.so@0x211bc]		add	x2, x2, #1	X2=0xe
0x70225fe1c0[libsecsdk.so@0x211c0]		add	x5, x19, x2	X19=0x702489f7a4 X2=0xf
0x70225fe1c4[libsecsdk.so@0x211c4]		sturb	w3, [x4, #-2]	W3=0x2f X4=0x7022a7d05e
0x70225fe1c8[libsecsdk.so@0x211c8]		b.hi	#-32	
0x70225fe1a8[libsecsdk.so@0x211a8]		ldurb	w3, [x5, #-1]	X5=0x702489f7b3
0x70225fe1ac[libsecsdk.so@0x211ac]		cmp	w3, #59	W3=0x73
0x70225fe1b0[libsecsdk.so@0x211b0]		b.eq	#-60	
0x70225fe1b4[libsecsdk.so@0x211b4]		add	x4, x20, x2	X20=0x7022a7d050 X2=0xf
0x70225fe1b8[libsecsdk.so@0x211b8]		cmp	w21, w2	W21=0x21 W2=0xf
0x70225fe1bc[libsecsdk.so@0x211bc]		add	x2, x2, #1	X2=0xf
0x70225fe1c0[libsecsdk.so@0x211c0]		add	x5, x19, x2	X19=0x702489f7a4 X2=0x10
0x70225fe1c4[libsecsdk.so@0x211c4]		sturb	w3, [x4, #-2]	W3=0x73 X4=0x7022a7d05f
0x70225fe1c8[libsecsdk.so@0x211c8]		b.hi	#-32	
0x70225fe1a8[libsecsdk.so@0x211a8]		ldurb	w3, [x5, #-1]	X5=0x702489f7b4
0x70225fe1ac[libsecsdk.so@0x211ac]		cmp	w3, #59	W3=0x70
0x70225fe1b0[libsecsdk.so@0x211b0]		b.eq	#-60	
0x70225fe1b4[libsecsdk.so@0x211b4]		add	x4, x20, x2	X20=0x7022a7d050 X2=0x10
0x70225fe1b8[libsecsdk.so@0x211b8]		cmp	w21, w2	W21=0x21 W2=0x10
0x70225fe1bc[libsecsdk.so@0x211bc]		add	x2, x2, #1	X2=0x10
0x70225fe1c0[libsecsdk.so@0x211c0]		add	x5, x19, x2	X19=0x702489f7a4 X2=0x11
0x70225fe1c4[libsecsdk.so@0x211c4]		sturb	w3, [x4, #-2]	W3=0x70 X4=0x7022a7d060
0x70225fe1c8[libsecsdk.so@0x211c8]		b.hi	#-32	
0x70225fe1a8[libsecsdk.so@0x211a8]		ldurb	w3, [x5, #-1]	X5=0x702489f7b5
0x70225fe1ac[libsecsdk.so@0x211ac]		cmp	w3, #59	W3=0x65
0x70225fe1b0[libsecsdk.so@0x211b0]		b.eq	#-60	
0x70225fe1b4[libsecsdk.so@0x211b4]		add	x4, x20, x2	X20=0x7022a7d050 X2=0x11
0x70225fe1b8[libsecsdk.so@0x211b8]		cmp	w21, w2	W21=0x21 W2=0x11
0x70225fe1bc[libsecsdk.so@0x211bc]		add	x2, x2, #1	X2=0x11
0x70225fe1c0[libsecsdk.so@0x211c0]		add	x5, x19, x2	X19=0x702489f7a4 X2=0x12
0x70225fe1c4[libsecsdk.so@0x211c4]		sturb	w3, [x4, #-2]	W3=0x65 X4=0x7022a7d061
0x70225fe1c8[libsecsdk.so@0x211c8]		b.hi	#-32	
0x70225fe1a8[libsecsdk.so@0x211a8]		ldurb	w3, [x5, #-1]	X5=0x702489f7b6
0x70225fe1ac[libsecsdk.so@0x211ac]		cmp	w3, #59	W3=0x63
0x70225fe1b0[libsecsdk.so@0x211b0]		b.eq	#-60	
0x70225fe1b4[libsecsdk.so@0x211b4]		add	x4, x20, x2	X20=0x7022a7d050 X2=0x12
0x70225fe1b8[libsecsdk.so@0x211b8]		cmp	w21, w2	W21=0x21 W2=0x12
0x70225fe1bc[libsecsdk.so@0x211bc]		add	x2, x2, #1	X2=0x12
0x70225fe1c0[libsecsdk.so@0x211c0]		add	x5, x19, x2	X19=0x702489f7a4 X2=0x13
0x70225fe1c4[libsecsdk.so@0x211c4]		sturb	w3, [x4, #-2]	W3=0x63 X4=0x7022a7d062
0x70225fe1c8[libsecsdk.so@0x211c8]		b.hi	#-32	
0x70225fe1a8[libsecsdk.so@0x211a8]		ldurb	w3, [x5, #-1]	X5=0x702489f7b7
0x70225fe1ac[libsecsdk.so@0x211ac]		cmp	w3, #59	W3=0x2f
0x70225fe1b0[libsecsdk.so@0x211b0]		b.eq	#-60	
0x70225fe1b4[libsecsdk.so@0x211b4]		add	x4, x20, x2	X20=0x7022a7d050 X2=0x13
0x70225fe1b8[libsecsdk.so@0x211b8]		cmp	w21, w2	W21=0x21 W2=0x13
0x70225fe1bc[libsecsdk.so@0x211bc]		add	x2, x2, #1	X2=0x13
0x70225fe1c0[libsecsdk.so@0x211c0]		add	x5, x19, x2	X19=0x702489f7a4 X2=0x14
0x70225fe1c4[libsecsdk.so@0x211c4]		sturb	w3, [x4, #-2]	W3=0x2f X4=0x7022a7d063
0x70225fe1c8[libsecsdk.so@0x211c8]		b.hi	#-32	
0x70225fe1a8[libsecsdk.so@0x211a8]		ldurb	w3, [x5, #-1]	X5=0x702489f7b8
0x70225fe1ac[libsecsdk.so@0x211ac]		cmp	w3, #59	W3=0x53
0x70225fe1b0[libsecsdk.so@0x211b0]		b.eq	#-60	
0x70225fe1b4[libsecsdk.so@0x211b4]		add	x4, x20, x2	X20=0x7022a7d050 X2=0x14
0x70225fe1b8[libsecsdk.so@0x211b8]		cmp	w21, w2	W21=0x21 W2=0x14
0x70225fe1bc[libsecsdk.so@0x211bc]		add	x2, x2, #1	X2=0x14
0x70225fe1c0[libsecsdk.so@0x211c0]		add	x5, x19, x2	X19=0x702489f7a4 X2=0x15
0x70225fe1c4[libsecsdk.so@0x211c4]		sturb	w3, [x4, #-2]	W3=0x53 X4=0x7022a7d064
0x70225fe1c8[libsecsdk.so@0x211c8]		b.hi	#-32	
0x70225fe1a8[libsecsdk.so@0x211a8]		ldurb	w3, [x5, #-1]	X5=0x702489f7b9
0x70225fe1ac[libsecsdk.so@0x211ac]		cmp	w3, #59	W3=0x65
0x70225fe1b0[libsecsdk.so@0x211b0]		b.eq	#-60	
0x70225fe1b4[libsecsdk.so@0x211b4]		add	x4, x20, x2	X20=0x7022a7d050 X2=0x15
0x70225fe1b8[libsecsdk.so@0x211b8]		cmp	w21, w2	W21=0x21 W2=0x15
0x70225fe1bc[libsecsdk.so@0x211bc]		add	x2, x2, #1	X2=0x15
0x70225fe1c0[libsecsdk.so@0x211c0]		add	x5, x19, x2	X19=0x702489f7a4 X2=0x16
0x70225fe1c4[libsecsdk.so@0x211c4]		sturb	w3, [x4, #-2]	W3=0x65 X4=0x7022a7d065
0x70225fe1c8[libsecsdk.so@0x211c8]		b.hi	#-32	
0x70225fe1a8[libsecsdk.so@0x211a8]		ldurb	w3, [x5, #-1]	X5=0x702489f7ba
0x70225fe1ac[libsecsdk.so@0x211ac]		cmp	w3, #59	W3=0x63
0x70225fe1b0[libsecsdk.so@0x211b0]		b.eq	#-60	
0x70225fe1b4[libsecsdk.so@0x211b4]		add	x4, x20, x2	X20=0x7022a7d050 X2=0x16
0x70225fe1b8[libsecsdk.so@0x211b8]		cmp	w21, w2	W21=0x21 W2=0x16
0x70225fe1bc[libsecsdk.so@0x211bc]		add	x2, x2, #1	X2=0x16
0x70225fe1c0[libsecsdk.so@0x211c0]		add	x5, x19, x2	X19=0x702489f7a4 X2=0x17
0x70225fe1c4[libsecsdk.so@0x211c4]		sturb	w3, [x4, #-2]	W3=0x63 X4=0x7022a7d066
0x70225fe1c8[libsecsdk.so@0x211c8]		b.hi	#-32	
0x70225fe1a8[libsecsdk.so@0x211a8]		ldurb	w3, [x5, #-1]	X5=0x702489f7bb
0x70225fe1ac[libsecsdk.so@0x211ac]		cmp	w3, #59	W3=0x72
0x70225fe1b0[libsecsdk.so@0x211b0]		b.eq	#-60	
0x70225fe1b4[libsecsdk.so@0x211b4]		add	x4, x20, x2	X20=0x7022a7d050 X2=0x17
0x70225fe1b8[libsecsdk.so@0x211b8]		cmp	w21, w2	W21=0x21 W2=0x17
0x70225fe1bc[libsecsdk.so@0x211bc]		add	x2, x2, #1	X2=0x17
0x70225fe1c0[libsecsdk.so@0x211c0]		add	x5, x19, x2	X19=0x702489f7a4 X2=0x18
0x70225fe1c4[libsecsdk.so@0x211c4]		sturb	w3, [x4, #-2]	W3=0x72 X4=0x7022a7d067
0x70225fe1c8[libsecsdk.so@0x211c8]		b.hi	#-32	
0x70225fe1a8[libsecsdk.so@0x211a8]		ldurb	w3, [x5, #-1]	X5=0x702489f7bc
0x70225fe1ac[libsecsdk.so@0x211ac]		cmp	w3, #59	W3=0x65
0x70225fe1b0[libsecsdk.so@0x211b0]		b.eq	#-60	
0x70225fe1b4[libsecsdk.so@0x211b4]		add	x4, x20, x2	X20=0x7022a7d050 X2=0x18
0x70225fe1b8[libsecsdk.so@0x211b8]		cmp	w21, w2	W21=0x21 W2=0x18
0x70225fe1bc[libsecsdk.so@0x211bc]		add	x2, x2, #1	X2=0x18
0x70225fe1c0[libsecsdk.so@0x211c0]		add	x5, x19, x2	X19=0x702489f7a4 X2=0x19
0x70225fe1c4[libsecsdk.so@0x211c4]		sturb	w3, [x4, #-2]	W3=0x65 X4=0x7022a7d068
0x70225fe1c8[libsecsdk.so@0x211c8]		b.hi	#-32	
0x70225fe1a8[libsecsdk.so@0x211a8]		ldurb	w3, [x5, #-1]	X5=0x702489f7bd
0x70225fe1ac[libsecsdk.so@0x211ac]		cmp	w3, #59	W3=0x74
0x70225fe1b0[libsecsdk.so@0x211b0]		b.eq	#-60	
0x70225fe1b4[libsecsdk.so@0x211b4]		add	x4, x20, x2	X20=0x7022a7d050 X2=0x19
0x70225fe1b8[libsecsdk.so@0x211b8]		cmp	w21, w2	W21=0x21 W2=0x19
0x70225fe1bc[libsecsdk.so@0x211bc]		add	x2, x2, #1	X2=0x19
0x70225fe1c0[libsecsdk.so@0x211c0]		add	x5, x19, x2	X19=0x702489f7a4 X2=0x1a
0x70225fe1c4[libsecsdk.so@0x211c4]		sturb	w3, [x4, #-2]	W3=0x74 X4=0x7022a7d069
0x70225fe1c8[libsecsdk.so@0x211c8]		b.hi	#-32	
0x70225fe1a8[libsecsdk.so@0x211a8]		ldurb	w3, [x5, #-1]	X5=0x702489f7be
0x70225fe1ac[libsecsdk.so@0x211ac]		cmp	w3, #59	W3=0x4b
0x70225fe1b0[libsecsdk.so@0x211b0]		b.eq	#-60	
0x70225fe1b4[libsecsdk.so@0x211b4]		add	x4, x20, x2	X20=0x7022a7d050 X2=0x1a
0x70225fe1b8[libsecsdk.so@0x211b8]		cmp	w21, w2	W21=0x21 W2=0x1a
0x70225fe1bc[libsecsdk.so@0x211bc]		add	x2, x2, #1	X2=0x1a
0x70225fe1c0[libsecsdk.so@0x211c0]		add	x5, x19, x2	X19=0x702489f7a4 X2=0x1b
0x70225fe1c4[libsecsdk.so@0x211c4]		sturb	w3, [x4, #-2]	W3=0x4b X4=0x7022a7d06a
0x70225fe1c8[libsecsdk.so@0x211c8]		b.hi	#-32	
0x70225fe1a8[libsecsdk.so@0x211a8]		ldurb	w3, [x5, #-1]	X5=0x702489f7bf
0x70225fe1ac[libsecsdk.so@0x211ac]		cmp	w3, #59	W3=0x65
0x70225fe1b0[libsecsdk.so@0x211b0]		b.eq	#-60	
0x70225fe1b4[libsecsdk.so@0x211b4]		add	x4, x20, x2	X20=0x7022a7d050 X2=0x1b
0x70225fe1b8[libsecsdk.so@0x211b8]		cmp	w21, w2	W21=0x21 W2=0x1b
0x70225fe1bc[libsecsdk.so@0x211bc]		add	x2, x2, #1	X2=0x1b
0x70225fe1c0[libsecsdk.so@0x211c0]		add	x5, x19, x2	X19=0x702489f7a4 X2=0x1c
0x70225fe1c4[libsecsdk.so@0x211c4]		sturb	w3, [x4, #-2]	W3=0x65 X4=0x7022a7d06b
0x70225fe1c8[libsecsdk.so@0x211c8]		b.hi	#-32	
0x70225fe1a8[libsecsdk.so@0x211a8]		ldurb	w3, [x5, #-1]	X5=0x702489f7c0
0x70225fe1ac[libsecsdk.so@0x211ac]		cmp	w3, #59	W3=0x79
0x70225fe1b0[libsecsdk.so@0x211b0]		b.eq	#-60	
0x70225fe1b4[libsecsdk.so@0x211b4]		add	x4, x20, x2	X20=0x7022a7d050 X2=0x1c
0x70225fe1b8[libsecsdk.so@0x211b8]		cmp	w21, w2	W21=0x21 W2=0x1c
0x70225fe1bc[libsecsdk.so@0x211bc]		add	x2, x2, #1	X2=0x1c
0x70225fe1c0[libsecsdk.so@0x211c0]		add	x5, x19, x2	X19=0x702489f7a4 X2=0x1d
0x70225fe1c4[libsecsdk.so@0x211c4]		sturb	w3, [x4, #-2]	W3=0x79 X4=0x7022a7d06c
0x70225fe1c8[libsecsdk.so@0x211c8]		b.hi	#-32	
0x70225fe1a8[libsecsdk.so@0x211a8]		ldurb	w3, [x5, #-1]	X5=0x702489f7c1
0x70225fe1ac[libsecsdk.so@0x211ac]		cmp	w3, #59	W3=0x53
0x70225fe1b0[libsecsdk.so@0x211b0]		b.eq	#-60	
0x70225fe1b4[libsecsdk.so@0x211b4]		add	x4, x20, x2	X20=0x7022a7d050 X2=0x1d
0x70225fe1b8[libsecsdk.so@0x211b8]		cmp	w21, w2	W21=0x21 W2=0x1d
0x70225fe1bc[libsecsdk.so@0x211bc]		add	x2, x2, #1	X2=0x1d
0x70225fe1c0[libsecsdk.so@0x211c0]		add	x5, x19, x2	X19=0x702489f7a4 X2=0x1e
0x70225fe1c4[libsecsdk.so@0x211c4]		sturb	w3, [x4, #-2]	W3=0x53 X4=0x7022a7d06d
0x70225fe1c8[libsecsdk.so@0x211c8]		b.hi	#-32	
0x70225fe1a8[libsecsdk.so@0x211a8]		ldurb	w3, [x5, #-1]	X5=0x702489f7c2
0x70225fe1ac[libsecsdk.so@0x211ac]		cmp	w3, #59	W3=0x70
0x70225fe1b0[libsecsdk.so@0x211b0]		b.eq	#-60	
0x70225fe1b4[libsecsdk.so@0x211b4]		add	x4, x20, x2	X20=0x7022a7d050 X2=0x1e
0x70225fe1b8[libsecsdk.so@0x211b8]		cmp	w21, w2	W21=0x21 W2=0x1e
0x70225fe1bc[libsecsdk.so@0x211bc]		add	x2, x2, #1	X2=0x1e
0x70225fe1c0[libsecsdk.so@0x211c0]		add	x5, x19, x2	X19=0x702489f7a4 X2=0x1f
0x70225fe1c4[libsecsdk.so@0x211c4]		sturb	w3, [x4, #-2]	W3=0x70 X4=0x7022a7d06e
0x70225fe1c8[libsecsdk.so@0x211c8]		b.hi	#-32	
0x70225fe1a8[libsecsdk.so@0x211a8]		ldurb	w3, [x5, #-1]	X5=0x702489f7c3
0x70225fe1ac[libsecsdk.so@0x211ac]		cmp	w3, #59	W3=0x65
0x70225fe1b0[libsecsdk.so@0x211b0]		b.eq	#-60	
0x70225fe1b4[libsecsdk.so@0x211b4]		add	x4, x20, x2	X20=0x7022a7d050 X2=0x1f
0x70225fe1b8[libsecsdk.so@0x211b8]		cmp	w21, w2	W21=0x21 W2=0x1f
0x70225fe1bc[libsecsdk.so@0x211bc]		add	x2, x2, #1	X2=0x1f
0x70225fe1c0[libsecsdk.so@0x211c0]		add	x5, x19, x2	X19=0x702489f7a4 X2=0x20
0x70225fe1c4[libsecsdk.so@0x211c4]		sturb	w3, [x4, #-2]	W3=0x65 X4=0x7022a7d06f
0x70225fe1c8[libsecsdk.so@0x211c8]		b.hi	#-32	
0x70225fe1a8[libsecsdk.so@0x211a8]		ldurb	w3, [x5, #-1]	X5=0x702489f7c4
0x70225fe1ac[libsecsdk.so@0x211ac]		cmp	w3, #59	W3=0x63
0x70225fe1b0[libsecsdk.so@0x211b0]		b.eq	#-60	
0x70225fe1b4[libsecsdk.so@0x211b4]		add	x4, x20, x2	X20=0x7022a7d050 X2=0x20
0x70225fe1b8[libsecsdk.so@0x211b8]		cmp	w21, w2	W21=0x21 W2=0x20
0x70225fe1bc[libsecsdk.so@0x211bc]		add	x2, x2, #1	X2=0x20
0x70225fe1c0[libsecsdk.so@0x211c0]		add	x5, x19, x2	X19=0x702489f7a4 X2=0x21
0x70225fe1c4[libsecsdk.so@0x211c4]		sturb	w3, [x4, #-2]	W3=0x63 X4=0x7022a7d070
0x70225fe1c8[libsecsdk.so@0x211c8]		b.hi	#-32	
0x70225fe1a8[libsecsdk.so@0x211a8]		ldurb	w3, [x5, #-1]	X5=0x702489f7c5
0x70225fe1ac[libsecsdk.so@0x211ac]		cmp	w3, #59	W3=0x3b
0x70225fe1b0[libsecsdk.so@0x211b0]		b.eq	#-60	
0x70225fe174[libsecsdk.so@0x21174]		mov	x0, x20	X20=0x7022a7d050
0x70225fe178[libsecsdk.so@0x21178]		ldr	x30, [sp, #32]	SP=0x708b79eeb0
0x70225fe17c[libsecsdk.so@0x2117c]		ldp	x19, x20, [sp]	SP=0x708b79eeb0
0x70225fe180[libsecsdk.so@0x21180]		ldp	x21, x22, [sp, #16]	SP=0x708b79eeb0
0x70225fe184[libsecsdk.so@0x21184]		add	sp, sp, #64	SP=0x708b79eeb0
0x70225fe188[libsecsdk.so@0x21188]		ret	LR=0x70225fec54
0x70225fec54[libsecsdk.so@0x21c54]		ldr	x1, [sp, #40]	SP=0x708b79eef0
0x70225fec58[libsecsdk.so@0x21c58]		mov	x19, x0	X0=0x7022a7d050
0x70225fec5c[libsecsdk.so@0x21c5c]		mov	x0, x1	X1=0x708a819500
0x70225fec60[libsecsdk.so@0x21c60]		ldr	x2, [x1]	X1=0x708a819500
0x70225fec64[libsecsdk.so@0x21c64]		mov	x1, x19	X19=0x7022a7d050
0x70225fec68[libsecsdk.so@0x21c68]		ldr	x2, [x2, #48]	X2=0x70967d16a0
0x70225fec6c[libsecsdk.so@0x21c6c]		blr	x2	X2=0x709658f4d0 SP=0x708b79eef0
0x70225fec70[libsecsdk.so@0x21c70]		mov	x20, x0	X0=0x49
0x70225fec74[libsecsdk.so@0x21c74]		cbz	x19, #12	X19=0x7022a7d050
0x70225fec78[libsecsdk.so@0x21c78]		mov	x0, x19	X19=0x7022a7d050
0x70225fec7c[libsecsdk.so@0x21c7c]		bl	#26104	SP=0x708b79eef0
0x7022605274[libsecsdk.so@0x28274]		b	#-12	
0x7022605268[libsecsdk.so@0x28268]		cbz	x0, #8	X0=0x7022a7d050
0x702260526c[libsecsdk.so@0x2826c]		b	#-128940	
0x70225e5ac0[libsecsdk.so@0x8ac0]		adrp	x16, #266240	
0x70225e5ac4[libsecsdk.so@0x8ac4]		ldr	x17, [x16, #3760]	X16=0x7022626000
0x70225e5ac8[libsecsdk.so@0x8ac8]		add	x16, x16, #3760	X16=0x7022626000
0x70225e5acc[libsecsdk.so@0x8acc]		br	x17	X17=0x711abd42bc
0x70225fec80[libsecsdk.so@0x21c80]		mov	x0, x20	X20=0x49
0x70225fec84[libsecsdk.so@0x21c84]		ldr	x30, [sp, #16]	SP=0x708b79eef0
0x70225fec88[libsecsdk.so@0x21c88]		ldp	x19, x20, [sp]	SP=0x708b79eef0
0x70225fec8c[libsecsdk.so@0x21c8c]		add	sp, sp, #48	SP=0x708b79eef0
0x70225fec90[libsecsdk.so@0x21c90]		ret	LR=0x70225f6ec8
0x70225f6ec8[libsecsdk.so@0x19ec8]		mov	x28, x0	X0=0x49
0x70225f6ecc[libsecsdk.so@0x19ecc]		cbz	x0, #-3188	X0=0x49
0x70225f6ed0[libsecsdk.so@0x19ed0]		ldr	x3, [x20]	X20=0x708a819500
0x70225f6ed4[libsecsdk.so@0x19ed4]		mov	x1, x0	X0=0x49
0x70225f6ed8[libsecsdk.so@0x19ed8]		mov	x0, x20	X20=0x708a819500
0x70225f6edc[libsecsdk.so@0x19edc]		ldr	x3, [x3, #216]	X3=0x70967d16a0
0x70225f6ee0[libsecsdk.so@0x19ee0]		blr	x3	X3=0x7096595e98 SP=0x708b79ef20
0x70225f6ee4[libsecsdk.so@0x19ee4]		ldr	x3, [x20]	X20=0x708a819500
0x70225f6ee8[libsecsdk.so@0x19ee8]		mov	x1, x28	X28=0x49
0x70225f6eec[libsecsdk.so@0x19eec]		fmov	d8, x0	X0=0x59
0x70225f6ef0[libsecsdk.so@0x19ef0]		mov	x0, x20	X20=0x708a819500
0x70225f6ef4[libsecsdk.so@0x19ef4]		ldr	x2, [x3, #184]	X3=0x70967d16a0
0x70225f6ef8[libsecsdk.so@0x19ef8]		blr	x2	X2=0x7096594834 SP=0x708b79ef20
0x70225f6efc[libsecsdk.so@0x19efc]		fmov	x0, d8	
0x70225f6f00[libsecsdk.so@0x19f00]		cbz	x0, #-3240	X0=0x59
0x70225f6f04[libsecsdk.so@0x19f04]		ldrsw	x0, [x23, #24]	X23=0x708b79f068
0x70225f6f08[libsecsdk.so@0x19f08]		asr	w28, w19, #8	W19=0x322
0x70225f6f0c[libsecsdk.so@0x19f0c]		lsl	x0, x0, #2	X0=0x8
0x70225f6f10[libsecsdk.so@0x19f10]		add	x0, x0, w28, sxtw #3	X0=0x20 W28=0x3
0x70225f6f14[libsecsdk.so@0x19f14]		ldr	x19, [x25, x0]	X25=0x708a8893c0 X0=0x38
0x70225f6f18[libsecsdk.so@0x19f18]		cbz	x19, #236	X19=0x0
0x70225f7004[libsecsdk.so@0x1a004]		fmov	w0, s9	
0x70225f7008[libsecsdk.so@0x1a008]		mov	x1, x23	X23=0x708b79f068
0x70225f700c[libsecsdk.so@0x1a00c]		fmov	x2, d8	
0x70225f7010[libsecsdk.so@0x1a010]		str	s8, [x25, w28, sxtw #2]	X25=0x708a8893c0 W28=0x3
0x70225f7014[libsecsdk.so@0x1a014]		mov	w3, w0	W0=0x8
0x70225f7018[libsecsdk.so@0x1a018]		add	x3, x3, w28, sxtw #1	X3=0x8 W28=0x3
0x70225f701c[libsecsdk.so@0x1a01c]		lsl	x3, x3, #2	X3=0xe
0x70225f7020[libsecsdk.so@0x1a020]		mov	x0, x20	X20=0x708a819500
0x70225f7024[libsecsdk.so@0x1a024]		str	d8, [x25, x3]	X25=0x708a8893c0 X3=0x38
0x70225f7028[libsecsdk.so@0x1a028]		bl	#28512	SP=0x708b79ef20
0x70225fdf88[libsecsdk.so@0x20f88]		sub	sp, sp, #32	SP=0x708b79ef20
0x70225fdf8c[libsecsdk.so@0x20f8c]		stp	x19, x20, [sp]	X19=0x0 X20=0x708a819500 SP=0x708b79ef00
0x70225fdf90[libsecsdk.so@0x20f90]		stp	x21, x30, [sp, #16]	X21=0x7022625000 LR=0x70225f702c SP=0x708b79ef00
0x70225fdf94[libsecsdk.so@0x20f94]		cbz	x2, #136	X2=0x59
0x70225fdf98[libsecsdk.so@0x20f98]		ldr	x5, [x1]	X1=0x708b79f068
0x70225fdf9c[libsecsdk.so@0x20f9c]		ldr	x0, [x1, #8]	X1=0x708b79f068
0x70225fdfa0[libsecsdk.so@0x20fa0]		mov	x3, x5	X5=0x7022a5e010
0x70225fdfa4[libsecsdk.so@0x20fa4]		b	#16	
0x70225fdfb4[libsecsdk.so@0x20fb4]		sub	x3, x3, #8	X3=0x7022a5e010
0x70225fdfb8[libsecsdk.so@0x20fb8]		cmp	x0, x3	X0=0x7022a5e000 X3=0x7022a5e008
0x70225fdfbc[libsecsdk.so@0x20fbc]		b.ls	#-20	
0x70225fdfa8[libsecsdk.so@0x20fa8]		ldr	x4, [x3]	X3=0x7022a5e008
0x70225fdfac[libsecsdk.so@0x20fac]		cmp	x2, x4	X2=0x59 X4=0x2876
0x70225fdfb0[libsecsdk.so@0x20fb0]		b.eq	#72	
0x70225fdfb4[libsecsdk.so@0x20fb4]		sub	x3, x3, #8	X3=0x7022a5e008
0x70225fdfb8[libsecsdk.so@0x20fb8]		cmp	x0, x3	X0=0x7022a5e000 X3=0x7022a5e000
0x70225fdfbc[libsecsdk.so@0x20fbc]		b.ls	#-20	
0x70225fdfa8[libsecsdk.so@0x20fa8]		ldr	x4, [x3]	X3=0x7022a5e000
0x70225fdfac[libsecsdk.so@0x20fac]		cmp	x2, x4	X2=0x59 X4=0x2866
0x70225fdfb0[libsecsdk.so@0x20fb0]		b.eq	#72	
0x70225fdfb4[libsecsdk.so@0x20fb4]		sub	x3, x3, #8	X3=0x7022a5e000
0x70225fdfb8[libsecsdk.so@0x20fb8]		cmp	x0, x3	X0=0x7022a5e000 X3=0x7022a5dff8
0x70225fdfbc[libsecsdk.so@0x20fbc]		b.ls	#-20	
0x70225fdfc0[libsecsdk.so@0x20fc0]		mov	x19, x1	X1=0x708b79f068
0x70225fdfc4[libsecsdk.so@0x20fc4]		ldr	w1, [x1, #16]	X1=0x708b79f068
0x70225fdfc8[libsecsdk.so@0x20fc8]		add	x3, x0, w1, sxtw #3	X0=0x7022a5e000 W1=0x400
0x70225fdfcc[libsecsdk.so@0x20fcc]		cmp	x3, x5	X3=0x7022a60000 X5=0x7022a5e010
0x70225fdfd0[libsecsdk.so@0x20fd0]		mov	x21, x2	X2=0x59
0x70225fdfd4[libsecsdk.so@0x20fd4]		b.eq	#92	
0x70225fdfd8[libsecsdk.so@0x20fd8]		add	x0, x5, #8	X5=0x7022a5e010
0x70225fdfdc[libsecsdk.so@0x20fdc]		str	x0, [x19]	X0=0x7022a5e018 X19=0x708b79f068
0x70225fdfe0[libsecsdk.so@0x20fe0]		str	x21, [x5]	X21=0x59 X5=0x7022a5e010
0x70225fdfe4[libsecsdk.so@0x20fe4]		mov	w0, #1	
0x70225fdfe8[libsecsdk.so@0x20fe8]		ldp	x19, x20, [sp]	SP=0x708b79ef00
0x70225fdfec[libsecsdk.so@0x20fec]		ldp	x21, x30, [sp, #16]	SP=0x708b79ef00
0x70225fdff0[libsecsdk.so@0x20ff0]		add	sp, sp, #32	SP=0x708b79ef00
0x70225fdff4[libsecsdk.so@0x20ff4]		ret	LR=0x70225f702c
0x70225f702c[libsecsdk.so@0x1a02c]		ldr	x1, [x27]	X27=0x708b79f040
0x70225f7030[libsecsdk.so@0x1a030]		add	x0, x21, #928	X21=0x7022625000
0x70225f7034[libsecsdk.so@0x1a034]		add	x2, x1, #4	X1=0x711b5b7350
0x70225f7038[libsecsdk.so@0x1a038]		str	x2, [x27]	X2=0x711b5b7354 X27=0x708b79f040
0x70225f703c[libsecsdk.so@0x1a03c]		ldrh	w19, [x1, #4]	X1=0x711b5b7350
0x70225f7040[libsecsdk.so@0x1a040]		uxtb	w1, w19	W19=0x106e
0x70225f7044[libsecsdk.so@0x1a044]		ldr	x0, [x0, w1, sxtw #3]	X0=0x70226253a0 W1=0x6e
0x70225f7048[libsecsdk.so@0x1a048]		br	x0	X0=0x70225f6628
0x70225f6628[libsecsdk.so@0x19628]		ldr	x0, [x27]	X27=0x708b79f040
0x70225f662c[libsecsdk.so@0x1962c]		asr	w1, w19, #12	W19=0x106e
0x70225f6630[libsecsdk.so@0x19630]		fmov	w2, s9	
0x70225f6634[libsecsdk.so@0x19634]		str	w1, [sp, #192]	W1=0x1 SP=0x708b79ef20
0x70225f6638[libsecsdk.so@0x19638]		ldrh	w3, [x0, #4]	X0=0x711b5b7354
0x70225f663c[libsecsdk.so@0x1963c]		ldrh	w6, [x0, #2]	X0=0x711b5b7354
0x70225f6640[libsecsdk.so@0x19640]		mov	w7, w2	W2=0x8
0x70225f6644[libsecsdk.so@0x19644]		and	w4, w3, #0xf	W3=0x7
0x70225f6648[libsecsdk.so@0x19648]		asr	w2, w19, #8	W19=0x106e
0x70225f664c[libsecsdk.so@0x1964c]		sxtw	x19, w1	X1=0x1
0x70225f6650[libsecsdk.so@0x19650]		add	x1, x7, w4, uxtw #1	X7=0x8 W4=0x7
0x70225f6654[libsecsdk.so@0x19654]		lsl	x1, x1, #2	X1=0x16
0x70225f6658[libsecsdk.so@0x19658]		fmov	s8, w2	W2=0x10
0x70225f665c[libsecsdk.so@0x1965c]		lsl	x0, x19, #2	X19=0x1
0x70225f6660[libsecsdk.so@0x19660]		str	x6, [sp, #240]	X6=0x31 SP=0x708b79ef20
0x70225f6664[libsecsdk.so@0x19664]		ldr	x12, [x25, x1]	X25=0x708a8893c0 X1=0x58
0x70225f6668[libsecsdk.so@0x19668]		str	x3, [sp, #232]	X3=0x7 SP=0x708b79ef20
0x70225f666c[libsecsdk.so@0x1966c]		str	x7, [sp, #224]	X7=0x8 SP=0x708b79ef20
0x70225f6670[libsecsdk.so@0x19670]		str	x4, [sp, #216]	X4=0x7 SP=0x708b79ef20
0x70225f6674[libsecsdk.so@0x19674]		str	x12, [sp, #208]	X12=0x2876 SP=0x708b79ef20
0x70225f6678[libsecsdk.so@0x19678]		bl	#63348	SP=0x708b79ef20
0x7022605dec[libsecsdk.so@0x28dec]		stp	x29, x30, [sp, #-16]!	FP=0x708b79f600 LR=0x70225f667c SP=0x708b79ef20
0x7022605df0[libsecsdk.so@0x28df0]		mov	x29, sp	SP=0x708b79ef10
0x7022605df4[libsecsdk.so@0x28df4]		bl	#-212	SP=0x708b79ef10
0x7022605d20[libsecsdk.so@0x28d20]		stp	x29, x30, [sp, #-32]!	FP=0x708b79ef10 LR=0x7022605df8 SP=0x708b79ef10
0x7022605d24[libsecsdk.so@0x28d24]		mov	x29, sp	SP=0x708b79eef0
0x7022605d28[libsecsdk.so@0x28d28]		stp	x19, x20, [sp, #16]	X19=0x1 X20=0x708a819500 SP=0x708b79eef0
0x7022605d2c[libsecsdk.so@0x28d2c]		mov	x19, x0	X0=0x4
0x7022605d30[libsecsdk.so@0x28d30]		adrp	x20, #139264	
0x7022605d34[libsecsdk.so@0x28d34]		b	#32	
0x7022605d54[libsecsdk.so@0x28d54]		mov	x0, x19	X19=0x4
0x7022605d58[libsecsdk.so@0x28d58]		bl	#-132552	SP=0x708b79eef0
0x70225e5790[libsecsdk.so@0x8790]		adrp	x16, #266240	
0x70225e5794[libsecsdk.so@0x8794]		ldr	x17, [x16, #3352]	X16=0x7022626000
0x70225e5798[libsecsdk.so@0x8798]		add	x16, x16, #3352	X16=0x7022626000
0x70225e579c[libsecsdk.so@0x879c]		br	x17	X17=0x711abd432c
0x7022605d5c[libsecsdk.so@0x28d5c]		cbz	x0, #-36	X0=0x708a81f758
0x7022605d60[libsecsdk.so@0x28d60]		ldp	x19, x20, [sp, #16]	SP=0x708b79eef0
0x7022605d64[libsecsdk.so@0x28d64]		ldp	x29, x30, [sp], #32	SP=0x708b79eef0
0x7022605d68[libsecsdk.so@0x28d68]		ret	LR=0x7022605df8
0x7022605df8[libsecsdk.so@0x28df8]		ldp	x29, x30, [sp], #16	SP=0x708b79ef10
0x7022605dfc[libsecsdk.so@0x28dfc]		ret	LR=0x70225f667c
0x70225f667c[libsecsdk.so@0x1967c]		mov	x28, x0	X0=0x708a81f758
0x70225f6680[libsecsdk.so@0x19680]		lsl	x0, x19, #3	X19=0x1
0x70225f6684[libsecsdk.so@0x19684]		bl	#63336	SP=0x708b79ef20
0x7022605dec[libsecsdk.so@0x28dec]		stp	x29, x30, [sp, #-16]!	FP=0x708b79f600 LR=0x70225f6688 SP=0x708b79ef20
0x7022605df0[libsecsdk.so@0x28df0]		mov	x29, sp	SP=0x708b79ef10
0x7022605df4[libsecsdk.so@0x28df4]		bl	#-212	SP=0x708b79ef10
0x7022605d20[libsecsdk.so@0x28d20]		stp	x29, x30, [sp, #-32]!	FP=0x708b79ef10 LR=0x7022605df8 SP=0x708b79ef10
0x7022605d24[libsecsdk.so@0x28d24]		mov	x29, sp	SP=0x708b79eef0
0x7022605d28[libsecsdk.so@0x28d28]		stp	x19, x20, [sp, #16]	X19=0x1 X20=0x708a819500 SP=0x708b79eef0
0x7022605d2c[libsecsdk.so@0x28d2c]		mov	x19, x0	X0=0x8
0x7022605d30[libsecsdk.so@0x28d30]		adrp	x20, #139264	
0x7022605d34[libsecsdk.so@0x28d34]		b	#32	
0x7022605d54[libsecsdk.so@0x28d54]		mov	x0, x19	X19=0x8
0x7022605d58[libsecsdk.so@0x28d58]		bl	#-132552	SP=0x708b79eef0
0x70225e5790[libsecsdk.so@0x8790]		adrp	x16, #266240	
0x70225e5794[libsecsdk.so@0x8794]		ldr	x17, [x16, #3352]	X16=0x7022626000
0x70225e5798[libsecsdk.so@0x8798]		add	x16, x16, #3352	X16=0x7022626000
0x70225e579c[libsecsdk.so@0x879c]		br	x17	X17=0x711abd432c
0x7022605d5c[libsecsdk.so@0x28d5c]		cbz	x0, #-36	X0=0x708a81f738
0x7022605d60[libsecsdk.so@0x28d60]		ldp	x19, x20, [sp, #16]	SP=0x708b79eef0
0x7022605d64[libsecsdk.so@0x28d64]		ldp	x29, x30, [sp], #32	SP=0x708b79eef0
0x7022605d68[libsecsdk.so@0x28d68]		ret	LR=0x7022605df8
0x7022605df8[libsecsdk.so@0x28df8]		ldp	x29, x30, [sp], #16	SP=0x708b79ef10
0x7022605dfc[libsecsdk.so@0x28dfc]		ret	LR=0x70225f6688
0x70225f6688[libsecsdk.so@0x19688]		mov	x19, x0	X0=0x708a81f738
0x70225f668c[libsecsdk.so@0x1968c]		ldr	x2, [sp, #192]	SP=0x708b79ef20
0x70225f6690[libsecsdk.so@0x19690]		mov	w1, #0	
0x70225f6694[libsecsdk.so@0x19694]		mov	x0, x28	X28=0x708a81f758
0x70225f6698[libsecsdk.so@0x19698]		ubfiz	x2, x2, #2, #4	X2=0x1
0x70225f669c[libsecsdk.so@0x1969c]		bl	#-68940	SP=0x708b79ef20
0x70225e5950[libsecsdk.so@0x8950]		adrp	x16, #266240	
0x70225e5954[libsecsdk.so@0x8954]		ldr	x17, [x16, #3576]	X16=0x7022626000
0x70225e5958[libsecsdk.so@0x8958]		add	x16, x16, #3576	X16=0x7022626000
0x70225e595c[libsecsdk.so@0x895c]		br	x17	X17=0x711ac12340
0x70225f66a0[libsecsdk.so@0x196a0]		ldr	x2, [sp, #192]	SP=0x708b79ef20
0x70225f66a4[libsecsdk.so@0x196a4]		mov	w1, #0	
0x70225f66a8[libsecsdk.so@0x196a8]		mov	x0, x19	X19=0x708a81f738
0x70225f66ac[libsecsdk.so@0x196ac]		ubfiz	x2, x2, #3, #4	X2=0x1
0x70225f66b0[libsecsdk.so@0x196b0]		bl	#-68960	SP=0x708b79ef20
0x70225e5950[libsecsdk.so@0x8950]		adrp	x16, #266240	
0x70225e5954[libsecsdk.so@0x8954]		ldr	x17, [x16, #3576]	X16=0x7022626000
0x70225e5958[libsecsdk.so@0x8958]		add	x16, x16, #3576	X16=0x7022626000
0x70225e595c[libsecsdk.so@0x895c]		br	x17	X17=0x711ac12340
0x70225f66b4[libsecsdk.so@0x196b4]		ldr	w1, [sp, #192]	SP=0x708b79ef20
0x70225f66b8[libsecsdk.so@0x196b8]		ldr	x12, [sp, #208]	SP=0x708b79ef20
0x70225f66bc[libsecsdk.so@0x196bc]		sub	w0, w1, #1	W1=0x1
0x70225f66c0[libsecsdk.so@0x196c0]		ldr	x4, [sp, #216]	SP=0x708b79ef20
0x70225f66c4[libsecsdk.so@0x196c4]		cmp	w0, #4	W0=0x0
0x70225f66c8[libsecsdk.so@0x196c8]		ldr	x7, [sp, #224]	SP=0x708b79ef20
0x70225f66cc[libsecsdk.so@0x196cc]		ldr	x3, [sp, #232]	SP=0x708b79ef20
0x70225f66d0[libsecsdk.so@0x196d0]		ldr	x6, [sp, #240]	SP=0x708b79ef20
0x70225f66d4[libsecsdk.so@0x196d4]		b.hi	#-364	
0x70225f66d8[libsecsdk.so@0x196d8]		adrp	x1, #94208	
0x70225f66dc[libsecsdk.so@0x196dc]		add	x1, x1, #3436	X1=0x702260d000
0x70225f66e0[libsecsdk.so@0x196e0]		ldrh	w0, [x1, w0, uxtw #1]	X1=0x702260dd6c W0=0x0
0x70225f66e4[libsecsdk.so@0x196e4]		adr	x1, #12	
0x70225f66e8[libsecsdk.so@0x196e8]		add	x0, x1, w0, sxth #2	X1=0x70225f66f0 W0=0x18ba
0x70225f66ec[libsecsdk.so@0x196ec]		br	x0	X0=0x70225fc9d8
0x70225fc9d8[libsecsdk.so@0x1f9d8]		ubfiz	x4, x4, #2, #4	X4=0x7
0x70225fc9dc[libsecsdk.so@0x1f9dc]		ldr	w0, [x25, x4]	X25=0x708a8893c0 X4=0x1c
0x70225fc9e0[libsecsdk.so@0x1f9e0]		str	w0, [x28]	W0=0x2876 X28=0x708a81f758
0x70225fc9e4[libsecsdk.so@0x1f9e4]		str	x12, [x19]	X12=0x2876 X19=0x708a81f738
0x70225fc9e8[libsecsdk.so@0x1f9e8]		b	#-25728	
0x70225f6568[libsecsdk.so@0x19568]		mov	x1, x12	X12=0x2876
0x70225f656c[libsecsdk.so@0x1956c]		cbz	x12, #392	X12=0x2876
0x70225f6570[libsecsdk.so@0x19570]		ldr	w5, [sp, #192]	SP=0x708b79ef20
0x70225f6574[libsecsdk.so@0x19574]		add	x8, sp, #287	SP=0x708b79ef20
0x70225f6578[libsecsdk.so@0x19578]		mov	w7, #0	
0x70225f657c[libsecsdk.so@0x1957c]		str	x8, [sp, #16]	X8=0x708b79f03f SP=0x708b79ef20
0x70225f6580[libsecsdk.so@0x19580]		mov	x1, x20	X20=0x708a819500
0x70225f6584[libsecsdk.so@0x19584]		mov	x2, x12	X12=0x2876
0x70225f6588[libsecsdk.so@0x19588]		mov	x3, x28	X28=0x708a81f758
0x70225f658c[libsecsdk.so@0x1958c]		mov	x4, x19	X19=0x708a81f738
0x70225f6590[libsecsdk.so@0x19590]		strb	w7, [sp]	W7=0x0 SP=0x708b79ef20
0x70225f6594[libsecsdk.so@0x19594]		mov	x0, x24	X24=0x708a81f3e8
0x70225f6598[libsecsdk.so@0x19598]		strb	w7, [sp, #8]	W7=0x0 SP=0x708b79ef20
0x70225f659c[libsecsdk.so@0x1959c]		str	x8, [sp, #192]	X8=0x708b79f03f SP=0x708b79ef20
0x70225f65a0[libsecsdk.so@0x195a0]		strb	w7, [sp, #287]	W7=0x0 SP=0x708b79ef20
0x70225f65a4[libsecsdk.so@0x195a4]		bl	#45624	SP=0x708b79ef20
0x70226017dc[libsecsdk.so@0x247dc]		sub	sp, sp, #160	SP=0x708b79ef20
0x70226017e0[libsecsdk.so@0x247e0]		uxtb	w7, w7	W7=0x0
0x70226017e4[libsecsdk.so@0x247e4]		ubfiz	x6, x6, #3, #32	X6=0x31
0x70226017e8[libsecsdk.so@0x247e8]		stp	d8, d9, [sp, #88]	SP=0x708b79ee80
0x70226017ec[libsecsdk.so@0x247ec]		str	d14, [sp, #136]	SP=0x708b79ee80
0x70226017f0[libsecsdk.so@0x247f0]		stp	d12, d13, [sp, #120]	SP=0x708b79ee80
0x70226017f4[libsecsdk.so@0x247f4]		stp	x19, x20, [sp]	X19=0x708a81f738 X20=0x708a819500 SP=0x708b79ee80
0x70226017f8[libsecsdk.so@0x247f8]		stp	d10, d11, [sp, #104]	SP=0x708b79ee80
0x70226017fc[libsecsdk.so@0x247fc]		stp	x23, x24, [sp, #32]	X23=0x708b79f068 X24=0x708a81f3e8 SP=0x708b79ee80
0x7022601800[libsecsdk.so@0x24800]		stp	x25, x26, [sp, #48]	X25=0x708a8893c0 X26=0x70228b8c00 SP=0x708b79ee80
0x7022601804[libsecsdk.so@0x24804]		stp	x21, x22, [sp, #16]	X21=0x7022625000 X22=0x708b79f088 SP=0x708b79ee80
0x7022601808[libsecsdk.so@0x24808]		stp	x27, x28, [sp, #64]	X27=0x708b79f040 X28=0x708a81f758 SP=0x708b79ee80
0x702260180c[libsecsdk.so@0x2480c]		str	x30, [sp, #80]	LR=0x70225f65a8 SP=0x708b79ee80
0x7022601810[libsecsdk.so@0x24810]		mov	x24, #0	
0x7022601814[libsecsdk.so@0x24814]		fmov	s13, w7	W7=0x0
0x7022601818[libsecsdk.so@0x24818]		ldrb	w7, [sp, #168]	SP=0x708b79ee80
0x702260181c[libsecsdk.so@0x2481c]		ldr	x8, [x0]	X0=0x708a81f3e8
0x7022601820[libsecsdk.so@0x24820]		ldrb	w26, [sp, #160]	SP=0x708b79ee80
0x7022601824[libsecsdk.so@0x24824]		fmov	s8, w7	W7=0x0
0x7022601828[libsecsdk.so@0x24828]		ldr	x7, [x8, #40]	X8=0x7022a969c0
0x702260182c[libsecsdk.so@0x2482c]		adds	x19, x7, x6	X7=0x702489e5f0 X6=0x188
0x7022601830[libsecsdk.so@0x24830]		b.eq	#472	
0x7022601834[libsecsdk.so@0x24834]		ldr	w10, [x19, #4]	X19=0x702489e778
0x7022601838[libsecsdk.so@0x24838]		ldr	x9, [x8, #16]	X8=0x7022a969c0
0x702260183c[libsecsdk.so@0x2483c]		ldr	x20, [x8, #88]	X8=0x7022a969c0
0x7022601840[libsecsdk.so@0x24840]		ldr	w8, [x9, x10, lsl #2]	X9=0x702489e070 X10=0x6c
0x7022601844[libsecsdk.so@0x24844]		add	x20, x20, x8	X20=0x702489e000 X8=0x1a36
0x7022601848[libsecsdk.so@0x24848]		ldrsb	w8, [x20], #1	X20=0x702489fa36
0x702260184c[libsecsdk.so@0x2484c]		tbnz	w8, #31, #-4	W8=0x8
0x7022601850[libsecsdk.so@0x24850]		fmov	d12, x2	X2=0x2876
0x7022601854[libsecsdk.so@0x24854]		mov	x21, x1	X1=0x708a819500
0x7022601858[libsecsdk.so@0x24858]		fmov	s14, w5	W5=0x1
0x702260185c[libsecsdk.so@0x2485c]		ldrh	w1, [x19, #2]	X19=0x702489e778
0x7022601860[libsecsdk.so@0x24860]		fmov	d11, x4	X4=0x708a81f738
0x7022601864[libsecsdk.so@0x24864]		mov	x22, x0	X0=0x708a81f3e8
0x7022601868[libsecsdk.so@0x24868]		fmov	d10, x3	X3=0x708a81f758
0x702260186c[libsecsdk.so@0x2486c]		str	x7, [sp, #152]	X7=0x702489e5f0 SP=0x708b79ee80
0x7022601870[libsecsdk.so@0x24870]		str	x6, [sp, #144]	X6=0x188 SP=0x708b79ee80
0x7022601874[libsecsdk.so@0x24874]		bl	#-9560	SP=0x708b79ee80
0x70225ff31c[libsecsdk.so@0x2231c]		sub	sp, sp, #96	SP=0x708b79ee80
0x70225ff320[libsecsdk.so@0x22320]		mov	w1, w1	W1=0x20
0x70225ff324[libsecsdk.so@0x22324]		add	x1, x1, x1, lsl #1	X1=0x20 X1=0x20
0x70225ff328[libsecsdk.so@0x22328]		stp	x21, x22, [sp, #16]	X21=0x708a819500 X22=0x708a81f3e8 SP=0x708b79ee20
0x70225ff32c[libsecsdk.so@0x2232c]		stp	x19, x20, [sp]	X19=0x702489e778 X20=0x702489fa37 SP=0x708b79ee20
0x70225ff330[libsecsdk.so@0x22330]		stp	x23, x24, [sp, #32]	X23=0x708b79f068 X24=0x0 SP=0x708b79ee20
0x70225ff334[libsecsdk.so@0x22334]		stp	x25, x26, [sp, #48]	X25=0x708a8893c0 X26=0x0 SP=0x708b79ee20
0x70225ff338[libsecsdk.so@0x22338]		stp	x27, x28, [sp, #64]	X27=0x708b79f040 X28=0x708a81f758 SP=0x708b79ee20
0x70225ff33c[libsecsdk.so@0x2233c]		str	x30, [sp, #80]	LR=0x7022601878 SP=0x708b79ee20
0x70225ff340[libsecsdk.so@0x22340]		mov	x22, x0	X0=0x708a81f3e8
0x70225ff344[libsecsdk.so@0x22344]		ldr	x0, [x0]	X0=0x708a81f3e8
0x70225ff348[libsecsdk.so@0x22348]		ldr	x23, [x0, #48]	X0=0x7022a969c0
0x70225ff34c[libsecsdk.so@0x2234c]		add	x23, x23, x1, lsl #2	X23=0x702489e3e4 X1=0x60
0x70225ff350[libsecsdk.so@0x22350]		ldr	w1, [x23, #8]	X23=0x702489e564
0x70225ff354[libsecsdk.so@0x22354]		cbnz	w1, #272	W1=0x0
0x70225ff358[libsecsdk.so@0x22358]		mov	x26, #0	
0x70225ff35c[libsecsdk.so@0x2235c]		ldr	x21, [x0, #88]	X0=0x7022a969c0
0x70225ff360[libsecsdk.so@0x22360]		ldr	x27, [x0, #24]	X0=0x7022a969c0
0x70225ff364[libsecsdk.so@0x22364]		mov	w25, w26	W26=0x0
0x70225ff368[libsecsdk.so@0x22368]		ldr	x28, [x0, #16]	X0=0x7022a969c0
0x70225ff36c[libsecsdk.so@0x2236c]		mov	x20, #3	
0x70225ff370[libsecsdk.so@0x22370]		ldr	w0, [x23, #4]	X23=0x702489e564
0x70225ff374[libsecsdk.so@0x22374]		ldr	w0, [x27, x0, lsl #2]	X27=0x702489e35c X0=0x1f
0x70225ff378[libsecsdk.so@0x22378]		ldr	w1, [x28, x0, lsl #2]	X28=0x702489e070 X0=0x49
0x70225ff37c[libsecsdk.so@0x2237c]		add	x0, x21, x1	X21=0x702489e000 X1=0x1861
0x70225ff380[libsecsdk.so@0x22380]		ldrsb	w2, [x0], #1	X0=0x702489f861
0x70225ff384[libsecsdk.so@0x22384]		tbnz	w2, #31, #-4	W2=0x2
0x70225ff388[libsecsdk.so@0x22388]		bl	#-104712	SP=0x708b79ee20
0x70225e5a80[libsecsdk.so@0x8a80]		adrp	x16, #266240	
0x70225e5a84[libsecsdk.so@0x8a84]		ldr	x17, [x16, #3728]	X16=0x7022626000
0x70225e5a88[libsecsdk.so@0x8a88]		add	x16, x16, #3728	X16=0x7022626000
0x70225e5a8c[libsecsdk.so@0x8a8c]		br	x17	X17=0x711ac12960
0x70225ff38c[libsecsdk.so@0x2238c]		add	x0, x0, x20	X0=0x2 X20=0x3
0x70225ff390[libsecsdk.so@0x22390]		bl	#27228	SP=0x708b79ee20
0x7022605dec[libsecsdk.so@0x28dec]		stp	x29, x30, [sp, #-16]!	FP=0x708b79f600 LR=0x70225ff394 SP=0x708b79ee20
0x7022605df0[libsecsdk.so@0x28df0]		mov	x29, sp	SP=0x708b79ee10
0x7022605df4[libsecsdk.so@0x28df4]		bl	#-212	SP=0x708b79ee10
0x7022605d20[libsecsdk.so@0x28d20]		stp	x29, x30, [sp, #-32]!	FP=0x708b79ee10 LR=0x7022605df8 SP=0x708b79ee10
0x7022605d24[libsecsdk.so@0x28d24]		mov	x29, sp	SP=0x708b79edf0
0x7022605d28[libsecsdk.so@0x28d28]		stp	x19, x20, [sp, #16]	X19=0x702489e778 X20=0x3 SP=0x708b79edf0
0x7022605d2c[libsecsdk.so@0x28d2c]		mov	x19, x0	X0=0x5
0x7022605d30[libsecsdk.so@0x28d30]		adrp	x20, #139264	
0x7022605d34[libsecsdk.so@0x28d34]		b	#32	
0x7022605d54[libsecsdk.so@0x28d54]		mov	x0, x19	X19=0x5
0x7022605d58[libsecsdk.so@0x28d58]		bl	#-132552	SP=0x708b79edf0
0x70225e5790[libsecsdk.so@0x8790]		adrp	x16, #266240	
0x70225e5794[libsecsdk.so@0x8794]		ldr	x17, [x16, #3352]	X16=0x7022626000
0x70225e5798[libsecsdk.so@0x8798]		add	x16, x16, #3352	X16=0x7022626000
0x70225e579c[libsecsdk.so@0x879c]		br	x17	X17=0x711abd432c
0x7022605d5c[libsecsdk.so@0x28d5c]		cbz	x0, #-36	X0=0x708a81f6a8
0x7022605d60[libsecsdk.so@0x28d60]		ldp	x19, x20, [sp, #16]	SP=0x708b79edf0
0x7022605d64[libsecsdk.so@0x28d64]		ldp	x29, x30, [sp], #32	SP=0x708b79edf0
0x7022605d68[libsecsdk.so@0x28d68]		ret	LR=0x7022605df8
0x7022605df8[libsecsdk.so@0x28df8]		ldp	x29, x30, [sp], #16	SP=0x708b79ee10
0x7022605dfc[libsecsdk.so@0x28dfc]		ret	LR=0x70225ff394
0x70225ff394[libsecsdk.so@0x22394]		mov	x24, x0	X0=0x708a81f6a8
0x70225ff398[libsecsdk.so@0x22398]		add	x21, x0, #1	X0=0x708a81f6a8
0x70225ff39c[libsecsdk.so@0x2239c]		mov	w0, #40	
0x70225ff3a0[libsecsdk.so@0x223a0]		strb	w0, [x24]	W0=0x28 X24=0x708a81f6a8
0x70225ff3a4[libsecsdk.so@0x223a4]		cbz	w25, #96	W25=0x0
0x70225ff404[libsecsdk.so@0x22404]		mov	w0, #41	
0x70225ff408[libsecsdk.so@0x22408]		strb	w0, [x21]	W0=0x29 X21=0x708a81f6a9
0x70225ff40c[libsecsdk.so@0x2240c]		add	x21, x21, #1	X21=0x708a81f6a9
0x70225ff410[libsecsdk.so@0x22410]		ldr	x0, [x22]	X22=0x708a81f3e8
0x70225ff414[libsecsdk.so@0x22414]		ldr	w3, [x23, #4]	X23=0x702489e564
0x70225ff418[libsecsdk.so@0x22418]		ldr	x2, [x0, #24]	X0=0x7022a969c0
0x70225ff41c[libsecsdk.so@0x2241c]		ldr	x1, [x0, #16]	X0=0x7022a969c0
0x70225ff420[libsecsdk.so@0x22420]		ldr	x0, [x0, #88]	X0=0x7022a969c0
0x70225ff424[libsecsdk.so@0x22424]		ldr	w2, [x2, x3, lsl #2]	X2=0x702489e35c X3=0x1f
0x70225ff428[libsecsdk.so@0x22428]		ldr	w1, [x1, x2, lsl #2]	X1=0x702489e070 X2=0x49
0x70225ff42c[libsecsdk.so@0x2242c]		add	x1, x0, x1	X0=0x702489e000 X1=0x1861
0x70225ff430[libsecsdk.so@0x22430]		ldrsb	w2, [x1], #1	X1=0x702489f861
0x70225ff434[libsecsdk.so@0x22434]		tbnz	w2, #31, #-4	W2=0x2
0x70225ff438[libsecsdk.so@0x22438]		mov	x0, x21	X21=0x708a81f6aa
0x70225ff43c[libsecsdk.so@0x2243c]		bl	#-105868	SP=0x708b79ee20
0x70225e56b0[libsecsdk.so@0x86b0]		adrp	x16, #266240	
0x70225e56b4[libsecsdk.so@0x86b4]		ldr	x17, [x16, #3240]	X16=0x7022626000
0x70225e56b8[libsecsdk.so@0x86b8]		add	x16, x16, #3240	X16=0x7022626000
0x70225e56bc[libsecsdk.so@0x86bc]		br	x17	X17=0x711ac12830
0x70225ff440[libsecsdk.so@0x22440]		mov	x0, x24	X24=0x708a81f6a8
0x70225ff444[libsecsdk.so@0x22444]		ldr	x30, [sp, #80]	SP=0x708b79ee20
0x70225ff448[libsecsdk.so@0x22448]		ldp	x19, x20, [sp]	SP=0x708b79ee20
0x70225ff44c[libsecsdk.so@0x2244c]		ldp	x21, x22, [sp, #16]	SP=0x708b79ee20
0x70225ff450[libsecsdk.so@0x22450]		ldp	x23, x24, [sp, #32]	SP=0x708b79ee20
0x70225ff454[libsecsdk.so@0x22454]		ldp	x25, x26, [sp, #48]	SP=0x708b79ee20
0x70225ff458[libsecsdk.so@0x22458]		ldp	x27, x28, [sp, #64]	SP=0x708b79ee20
0x70225ff45c[libsecsdk.so@0x2245c]		add	sp, sp, #96	SP=0x708b79ee20
0x70225ff460[libsecsdk.so@0x22460]		ret	LR=0x7022601878
0x7022601878[libsecsdk.so@0x24878]		ldrh	w23, [x19, #2]	X19=0x702489e778
0x702260187c[libsecsdk.so@0x2487c]		mov	x27, x0	X0=0x708a81f6a8
0x7022601880[libsecsdk.so@0x24880]		ldr	x0, [x22]	X22=0x708a81f3e8
0x7022601884[libsecsdk.so@0x24884]		ldr	x7, [sp, #152]	SP=0x708b79ee80
0x7022601888[libsecsdk.so@0x24888]		add	x23, x23, x23, lsl #1	X23=0x20 X23=0x20
0x702260188c[libsecsdk.so@0x2488c]		ldr	x6, [sp, #144]	SP=0x708b79ee80
0x7022601890[libsecsdk.so@0x24890]		ldr	x25, [x0, #48]	X0=0x7022a969c0
0x7022601894[libsecsdk.so@0x24894]		lsl	x23, x23, #2	X23=0x60
0x7022601898[libsecsdk.so@0x24898]		ldr	x2, [x0, #24]	X0=0x7022a969c0
0x702260189c[libsecsdk.so@0x2489c]		ldr	x1, [x0, #16]	X0=0x7022a969c0
0x70226018a0[libsecsdk.so@0x248a0]		ldr	x19, [x0, #88]	X0=0x7022a969c0
0x70226018a4[libsecsdk.so@0x248a4]		add	x0, x25, x23	X25=0x702489e3e4 X23=0x180
0x70226018a8[libsecsdk.so@0x248a8]		ldr	w0, [x0, #4]	X0=0x702489e564
0x70226018ac[libsecsdk.so@0x248ac]		ldr	w0, [x2, x0, lsl #2]	X2=0x702489e35c X0=0x1f
0x70226018b0[libsecsdk.so@0x248b0]		ldr	w0, [x1, x0, lsl #2]	X1=0x702489e070 X0=0x49
0x70226018b4[libsecsdk.so@0x248b4]		add	x19, x19, x0	X19=0x702489e000 X0=0x1861
0x70226018b8[libsecsdk.so@0x248b8]		ldrsb	w8, [x19], #1	X19=0x702489f861
0x70226018bc[libsecsdk.so@0x248bc]		tbnz	w8, #31, #-4	W8=0x2
0x70226018c0[libsecsdk.so@0x248c0]		ldrb	w1, [x19]	X19=0x702489f862
0x70226018c4[libsecsdk.so@0x248c4]		cmp	w1, #91	W1=0x5b
0x70226018c8[libsecsdk.so@0x248c8]		cset	w2, eq	
0x70226018cc[libsecsdk.so@0x248cc]		cmp	w1, #76	W1=0x5b
0x70226018d0[libsecsdk.so@0x248d0]		ldr	x1, [sp, #176]	SP=0x708b79ee80
0x70226018d4[libsecsdk.so@0x248d4]		cset	w0, eq	
0x70226018d8[libsecsdk.so@0x248d8]		orr	w0, w2, w0	W2=0x1 W0=0x0
0x70226018dc[libsecsdk.so@0x248dc]		strb	w0, [x1]	W0=0x1 X1=0x708b79f03f
0x70226018e0[libsecsdk.so@0x248e0]		fmov	w0, s8	
0x70226018e4[libsecsdk.so@0x248e4]		cbnz	w0, #424	W0=0x0
0x70226018e8[libsecsdk.so@0x248e8]		ldrh	w2, [x7, x6]	X7=0x702489e5f0 X6=0x188
0x70226018ec[libsecsdk.so@0x248ec]		mov	x0, x22	X22=0x708a81f3e8
0x70226018f0[libsecsdk.so@0x248f0]		mov	x1, x21	X21=0x708a819500
0x70226018f4[libsecsdk.so@0x248f4]		bl	#-11480	SP=0x708b79ee80
0x70225fec1c[libsecsdk.so@0x21c1c]		sub	sp, sp, #48	SP=0x708b79ee80
0x70225fec20[libsecsdk.so@0x21c20]		stp	x19, x20, [sp]	X19=0x702489f862 X20=0x702489fa37 SP=0x708b79ee50
0x70225fec24[libsecsdk.so@0x21c24]		str	x30, [sp, #16]	LR=0x70226018f8 SP=0x708b79ee50
0x70225fec28[libsecsdk.so@0x21c28]		ldr	x3, [x0]	X0=0x708a81f3e8
0x70225fec2c[libsecsdk.so@0x21c2c]		ldr	x5, [x3, #24]	X3=0x7022a969c0
0x70225fec30[libsecsdk.so@0x21c30]		ldr	x4, [x3, #16]	X3=0x7022a969c0
0x70225fec34[libsecsdk.so@0x21c34]		ldr	x0, [x3, #88]	X3=0x7022a969c0
0x70225fec38[libsecsdk.so@0x21c38]		ldr	w2, [x5, w2, uxtw #2]	X5=0x702489e35c W2=0x13
0x70225fec3c[libsecsdk.so@0x21c3c]		ldr	w2, [x4, x2, lsl #2]	X4=0x702489e070 X2=0x2e
0x70225fec40[libsecsdk.so@0x21c40]		add	x0, x0, x2	X0=0x702489e000 X2=0x16bd
0x70225fec44[libsecsdk.so@0x21c44]		ldrsb	w2, [x0], #1	X0=0x702489f6bd
0x70225fec48[libsecsdk.so@0x21c48]		tbnz	w2, #31, #-4	W2=0x12
0x70225fec4c[libsecsdk.so@0x21c4c]		str	x1, [sp, #40]	X1=0x708a819500 SP=0x708b79ee50
0x70225fec50[libsecsdk.so@0x21c50]		bl	#-2872	SP=0x708b79ee50
0x70225fe118[libsecsdk.so@0x21118]		sub	sp, sp, #64	SP=0x708b79ee50
0x70225fe11c[libsecsdk.so@0x2111c]		stp	x19, x20, [sp]	X19=0x702489f862 X20=0x702489fa37 SP=0x708b79ee10
0x70225fe120[libsecsdk.so@0x21120]		stp	x21, x22, [sp, #16]	X21=0x708a819500 X22=0x708a81f3e8 SP=0x708b79ee10
0x70225fe124[libsecsdk.so@0x21124]		str	x30, [sp, #32]	LR=0x70225fec54 SP=0x708b79ee10
0x70225fe128[libsecsdk.so@0x21128]		mov	x19, x0	X0=0x702489f6be
0x70225fe12c[libsecsdk.so@0x2112c]		bl	#-100012	SP=0x708b79ee10
0x70225e5a80[libsecsdk.so@0x8a80]		adrp	x16, #266240	
0x70225e5a84[libsecsdk.so@0x8a84]		ldr	x17, [x16, #3728]	X16=0x7022626000
0x70225e5a88[libsecsdk.so@0x8a88]		add	x16, x16, #3728	X16=0x7022626000
0x70225e5a8c[libsecsdk.so@0x8a8c]		br	x17	X17=0x711ac12960
0x70225fe130[libsecsdk.so@0x21130]		add	w2, w0, #1	W0=0x12
0x70225fe134[libsecsdk.so@0x21134]		mov	x22, x0	X0=0x12
0x70225fe138[libsecsdk.so@0x21138]		mov	w21, w0	W0=0x12
0x70225fe13c[libsecsdk.so@0x2113c]		mov	x0, x2	X2=0x13
0x70225fe140[libsecsdk.so@0x21140]		str	x2, [sp, #56]	X2=0x13 SP=0x708b79ee10
0x70225fe144[libsecsdk.so@0x21144]		bl	#31912	SP=0x708b79ee10
0x7022605dec[libsecsdk.so@0x28dec]		stp	x29, x30, [sp, #-16]!	FP=0x708b79f600 LR=0x70225fe148 SP=0x708b79ee10
0x7022605df0[libsecsdk.so@0x28df0]		mov	x29, sp	SP=0x708b79ee00
0x7022605df4[libsecsdk.so@0x28df4]		bl	#-212	SP=0x708b79ee00
0x7022605d20[libsecsdk.so@0x28d20]		stp	x29, x30, [sp, #-32]!	FP=0x708b79ee00 LR=0x7022605df8 SP=0x708b79ee00
0x7022605d24[libsecsdk.so@0x28d24]		mov	x29, sp	SP=0x708b79ede0
0x7022605d28[libsecsdk.so@0x28d28]		stp	x19, x20, [sp, #16]	X19=0x702489f6be X20=0x702489fa37 SP=0x708b79ede0
0x7022605d2c[libsecsdk.so@0x28d2c]		mov	x19, x0	X0=0x13
0x7022605d30[libsecsdk.so@0x28d30]		adrp	x20, #139264	
0x7022605d34[libsecsdk.so@0x28d34]		b	#32	
0x7022605d54[libsecsdk.so@0x28d54]		mov	x0, x19	X19=0x13
0x7022605d58[libsecsdk.so@0x28d58]		bl	#-132552	SP=0x708b79ede0
0x70225e5790[libsecsdk.so@0x8790]		adrp	x16, #266240	
0x70225e5794[libsecsdk.so@0x8794]		ldr	x17, [x16, #3352]	X16=0x7022626000
0x70225e5798[libsecsdk.so@0x8798]		add	x16, x16, #3352	X16=0x7022626000
0x70225e579c[libsecsdk.so@0x879c]		br	x17	X17=0x711abd432c
0x7022605d5c[libsecsdk.so@0x28d5c]		cbz	x0, #-36	X0=0x7022a67260
0x7022605d60[libsecsdk.so@0x28d60]		ldp	x19, x20, [sp, #16]	SP=0x708b79ede0
0x7022605d64[libsecsdk.so@0x28d64]		ldp	x29, x30, [sp], #32	SP=0x708b79ede0
0x7022605d68[libsecsdk.so@0x28d68]		ret	LR=0x7022605df8
0x7022605df8[libsecsdk.so@0x28df8]		ldp	x29, x30, [sp], #16	SP=0x708b79ee00
0x7022605dfc[libsecsdk.so@0x28dfc]		ret	LR=0x70225fe148
0x70225fe148[libsecsdk.so@0x21148]		mov	x20, x0	X0=0x7022a67260
0x70225fe14c[libsecsdk.so@0x2114c]		ldr	x2, [sp, #56]	SP=0x708b79ee10
0x70225fe150[libsecsdk.so@0x21150]		mov	w1, #0	
0x70225fe154[libsecsdk.so@0x21154]		bl	#-100356	SP=0x708b79ee10
0x70225e5950[libsecsdk.so@0x8950]		adrp	x16, #266240	
0x70225e5954[libsecsdk.so@0x8954]		ldr	x17, [x16, #3576]	X16=0x7022626000
0x70225e5958[libsecsdk.so@0x8958]		add	x16, x16, #3576	X16=0x7022626000
0x70225e595c[libsecsdk.so@0x895c]		br	x17	X17=0x711ac12340
0x70225fe158[libsecsdk.so@0x21158]		ldrb	w0, [x19]	X19=0x702489f6be
0x70225fe15c[libsecsdk.so@0x2115c]		cmp	w0, #76	W0=0x4c
0x70225fe160[libsecsdk.so@0x21160]		b.eq	#44	
0x70225fe18c[libsecsdk.so@0x2118c]		cmp	w22, #1	W22=0x12
0x70225fe190[libsecsdk.so@0x21190]		b.ls	#-28	
0x70225fe194[libsecsdk.so@0x21194]		ldrb	w3, [x19, #1]	X19=0x702489f6be
0x70225fe198[libsecsdk.so@0x21198]		mov	x2, #2	
0x70225fe19c[libsecsdk.so@0x2119c]		cmp	w3, #59	W3=0x6a
0x70225fe1a0[libsecsdk.so@0x211a0]		b.ne	#20	
0x70225fe1b4[libsecsdk.so@0x211b4]		add	x4, x20, x2	X20=0x7022a67260 X2=0x2
0x70225fe1b8[libsecsdk.so@0x211b8]		cmp	w21, w2	W21=0x12 W2=0x2
0x70225fe1bc[libsecsdk.so@0x211bc]		add	x2, x2, #1	X2=0x2
0x70225fe1c0[libsecsdk.so@0x211c0]		add	x5, x19, x2	X19=0x702489f6be X2=0x3
0x70225fe1c4[libsecsdk.so@0x211c4]		sturb	w3, [x4, #-2]	W3=0x6a X4=0x7022a67262
0x70225fe1c8[libsecsdk.so@0x211c8]		b.hi	#-32	
0x70225fe1a8[libsecsdk.so@0x211a8]		ldurb	w3, [x5, #-1]	X5=0x702489f6c1
0x70225fe1ac[libsecsdk.so@0x211ac]		cmp	w3, #59	W3=0x61
0x70225fe1b0[libsecsdk.so@0x211b0]		b.eq	#-60	
0x70225fe1b4[libsecsdk.so@0x211b4]		add	x4, x20, x2	X20=0x7022a67260 X2=0x3
0x70225fe1b8[libsecsdk.so@0x211b8]		cmp	w21, w2	W21=0x12 W2=0x3
0x70225fe1bc[libsecsdk.so@0x211bc]		add	x2, x2, #1	X2=0x3
0x70225fe1c0[libsecsdk.so@0x211c0]		add	x5, x19, x2	X19=0x702489f6be X2=0x4
0x70225fe1c4[libsecsdk.so@0x211c4]		sturb	w3, [x4, #-2]	W3=0x61 X4=0x7022a67263
0x70225fe1c8[libsecsdk.so@0x211c8]		b.hi	#-32	
0x70225fe1a8[libsecsdk.so@0x211a8]		ldurb	w3, [x5, #-1]	X5=0x702489f6c2
0x70225fe1ac[libsecsdk.so@0x211ac]		cmp	w3, #59	W3=0x76
0x70225fe1b0[libsecsdk.so@0x211b0]		b.eq	#-60	
0x70225fe1b4[libsecsdk.so@0x211b4]		add	x4, x20, x2	X20=0x7022a67260 X2=0x4
0x70225fe1b8[libsecsdk.so@0x211b8]		cmp	w21, w2	W21=0x12 W2=0x4
0x70225fe1bc[libsecsdk.so@0x211bc]		add	x2, x2, #1	X2=0x4
0x70225fe1c0[libsecsdk.so@0x211c0]		add	x5, x19, x2	X19=0x702489f6be X2=0x5
0x70225fe1c4[libsecsdk.so@0x211c4]		sturb	w3, [x4, #-2]	W3=0x76 X4=0x7022a67264
0x70225fe1c8[libsecsdk.so@0x211c8]		b.hi	#-32	
0x70225fe1a8[libsecsdk.so@0x211a8]		ldurb	w3, [x5, #-1]	X5=0x702489f6c3
0x70225fe1ac[libsecsdk.so@0x211ac]		cmp	w3, #59	W3=0x61
0x70225fe1b0[libsecsdk.so@0x211b0]		b.eq	#-60	
0x70225fe1b4[libsecsdk.so@0x211b4]		add	x4, x20, x2	X20=0x7022a67260 X2=0x5
0x70225fe1b8[libsecsdk.so@0x211b8]		cmp	w21, w2	W21=0x12 W2=0x5
0x70225fe1bc[libsecsdk.so@0x211bc]		add	x2, x2, #1	X2=0x5
0x70225fe1c0[libsecsdk.so@0x211c0]		add	x5, x19, x2	X19=0x702489f6be X2=0x6
0x70225fe1c4[libsecsdk.so@0x211c4]		sturb	w3, [x4, #-2]	W3=0x61 X4=0x7022a67265
0x70225fe1c8[libsecsdk.so@0x211c8]		b.hi	#-32	
0x70225fe1a8[libsecsdk.so@0x211a8]		ldurb	w3, [x5, #-1]	X5=0x702489f6c4
0x70225fe1ac[libsecsdk.so@0x211ac]		cmp	w3, #59	W3=0x2f
0x70225fe1b0[libsecsdk.so@0x211b0]		b.eq	#-60	
0x70225fe1b4[libsecsdk.so@0x211b4]		add	x4, x20, x2	X20=0x7022a67260 X2=0x6
0x70225fe1b8[libsecsdk.so@0x211b8]		cmp	w21, w2	W21=0x12 W2=0x6
0x70225fe1bc[libsecsdk.so@0x211bc]		add	x2, x2, #1	X2=0x6
0x70225fe1c0[libsecsdk.so@0x211c0]		add	x5, x19, x2	X19=0x702489f6be X2=0x7
0x70225fe1c4[libsecsdk.so@0x211c4]		sturb	w3, [x4, #-2]	W3=0x2f X4=0x7022a67266
0x70225fe1c8[libsecsdk.so@0x211c8]		b.hi	#-32	
0x70225fe1a8[libsecsdk.so@0x211a8]		ldurb	w3, [x5, #-1]	X5=0x702489f6c5
0x70225fe1ac[libsecsdk.so@0x211ac]		cmp	w3, #59	W3=0x6c
0x70225fe1b0[libsecsdk.so@0x211b0]		b.eq	#-60	
0x70225fe1b4[libsecsdk.so@0x211b4]		add	x4, x20, x2	X20=0x7022a67260 X2=0x7
0x70225fe1b8[libsecsdk.so@0x211b8]		cmp	w21, w2	W21=0x12 W2=0x7
0x70225fe1bc[libsecsdk.so@0x211bc]		add	x2, x2, #1	X2=0x7
0x70225fe1c0[libsecsdk.so@0x211c0]		add	x5, x19, x2	X19=0x702489f6be X2=0x8
0x70225fe1c4[libsecsdk.so@0x211c4]		sturb	w3, [x4, #-2]	W3=0x6c X4=0x7022a67267
0x70225fe1c8[libsecsdk.so@0x211c8]		b.hi	#-32	
0x70225fe1a8[libsecsdk.so@0x211a8]		ldurb	w3, [x5, #-1]	X5=0x702489f6c6
0x70225fe1ac[libsecsdk.so@0x211ac]		cmp	w3, #59	W3=0x61
0x70225fe1b0[libsecsdk.so@0x211b0]		b.eq	#-60	
0x70225fe1b4[libsecsdk.so@0x211b4]		add	x4, x20, x2	X20=0x7022a67260 X2=0x8
0x70225fe1b8[libsecsdk.so@0x211b8]		cmp	w21, w2	W21=0x12 W2=0x8
0x70225fe1bc[libsecsdk.so@0x211bc]		add	x2, x2, #1	X2=0x8
0x70225fe1c0[libsecsdk.so@0x211c0]		add	x5, x19, x2	X19=0x702489f6be X2=0x9
0x70225fe1c4[libsecsdk.so@0x211c4]		sturb	w3, [x4, #-2]	W3=0x61 X4=0x7022a67268
0x70225fe1c8[libsecsdk.so@0x211c8]		b.hi	#-32	
0x70225fe1a8[libsecsdk.so@0x211a8]		ldurb	w3, [x5, #-1]	X5=0x702489f6c7
0x70225fe1ac[libsecsdk.so@0x211ac]		cmp	w3, #59	W3=0x6e
0x70225fe1b0[libsecsdk.so@0x211b0]		b.eq	#-60	
0x70225fe1b4[libsecsdk.so@0x211b4]		add	x4, x20, x2	X20=0x7022a67260 X2=0x9
0x70225fe1b8[libsecsdk.so@0x211b8]		cmp	w21, w2	W21=0x12 W2=0x9
0x70225fe1bc[libsecsdk.so@0x211bc]		add	x2, x2, #1	X2=0x9
0x70225fe1c0[libsecsdk.so@0x211c0]		add	x5, x19, x2	X19=0x702489f6be X2=0xa
0x70225fe1c4[libsecsdk.so@0x211c4]		sturb	w3, [x4, #-2]	W3=0x6e X4=0x7022a67269
0x70225fe1c8[libsecsdk.so@0x211c8]		b.hi	#-32	
0x70225fe1a8[libsecsdk.so@0x211a8]		ldurb	w3, [x5, #-1]	X5=0x702489f6c8
0x70225fe1ac[libsecsdk.so@0x211ac]		cmp	w3, #59	W3=0x67
0x70225fe1b0[libsecsdk.so@0x211b0]		b.eq	#-60	
0x70225fe1b4[libsecsdk.so@0x211b4]		add	x4, x20, x2	X20=0x7022a67260 X2=0xa
0x70225fe1b8[libsecsdk.so@0x211b8]		cmp	w21, w2	W21=0x12 W2=0xa
0x70225fe1bc[libsecsdk.so@0x211bc]		add	x2, x2, #1	X2=0xa
0x70225fe1c0[libsecsdk.so@0x211c0]		add	x5, x19, x2	X19=0x702489f6be X2=0xb
0x70225fe1c4[libsecsdk.so@0x211c4]		sturb	w3, [x4, #-2]	W3=0x67 X4=0x7022a6726a
0x70225fe1c8[libsecsdk.so@0x211c8]		b.hi	#-32	
0x70225fe1a8[libsecsdk.so@0x211a8]		ldurb	w3, [x5, #-1]	X5=0x702489f6c9
0x70225fe1ac[libsecsdk.so@0x211ac]		cmp	w3, #59	W3=0x2f
0x70225fe1b0[libsecsdk.so@0x211b0]		b.eq	#-60	
0x70225fe1b4[libsecsdk.so@0x211b4]		add	x4, x20, x2	X20=0x7022a67260 X2=0xb
0x70225fe1b8[libsecsdk.so@0x211b8]		cmp	w21, w2	W21=0x12 W2=0xb
0x70225fe1bc[libsecsdk.so@0x211bc]		add	x2, x2, #1	X2=0xb
0x70225fe1c0[libsecsdk.so@0x211c0]		add	x5, x19, x2	X19=0x702489f6be X2=0xc
0x70225fe1c4[libsecsdk.so@0x211c4]		sturb	w3, [x4, #-2]	W3=0x2f X4=0x7022a6726b
0x70225fe1c8[libsecsdk.so@0x211c8]		b.hi	#-32	
0x70225fe1a8[libsecsdk.so@0x211a8]		ldurb	w3, [x5, #-1]	X5=0x702489f6ca
0x70225fe1ac[libsecsdk.so@0x211ac]		cmp	w3, #59	W3=0x53
0x70225fe1b0[libsecsdk.so@0x211b0]		b.eq	#-60	
0x70225fe1b4[libsecsdk.so@0x211b4]		add	x4, x20, x2	X20=0x7022a67260 X2=0xc
0x70225fe1b8[libsecsdk.so@0x211b8]		cmp	w21, w2	W21=0x12 W2=0xc
0x70225fe1bc[libsecsdk.so@0x211bc]		add	x2, x2, #1	X2=0xc
0x70225fe1c0[libsecsdk.so@0x211c0]		add	x5, x19, x2	X19=0x702489f6be X2=0xd
0x70225fe1c4[libsecsdk.so@0x211c4]		sturb	w3, [x4, #-2]	W3=0x53 X4=0x7022a6726c
0x70225fe1c8[libsecsdk.so@0x211c8]		b.hi	#-32	
0x70225fe1a8[libsecsdk.so@0x211a8]		ldurb	w3, [x5, #-1]	X5=0x702489f6cb
0x70225fe1ac[libsecsdk.so@0x211ac]		cmp	w3, #59	W3=0x74
0x70225fe1b0[libsecsdk.so@0x211b0]		b.eq	#-60	
0x70225fe1b4[libsecsdk.so@0x211b4]		add	x4, x20, x2	X20=0x7022a67260 X2=0xd
0x70225fe1b8[libsecsdk.so@0x211b8]		cmp	w21, w2	W21=0x12 W2=0xd
0x70225fe1bc[libsecsdk.so@0x211bc]		add	x2, x2, #1	X2=0xd
0x70225fe1c0[libsecsdk.so@0x211c0]		add	x5, x19, x2	X19=0x702489f6be X2=0xe
0x70225fe1c4[libsecsdk.so@0x211c4]		sturb	w3, [x4, #-2]	W3=0x74 X4=0x7022a6726d
0x70225fe1c8[libsecsdk.so@0x211c8]		b.hi	#-32	
0x70225fe1a8[libsecsdk.so@0x211a8]		ldurb	w3, [x5, #-1]	X5=0x702489f6cc
0x70225fe1ac[libsecsdk.so@0x211ac]		cmp	w3, #59	W3=0x72
0x70225fe1b0[libsecsdk.so@0x211b0]		b.eq	#-60	
0x70225fe1b4[libsecsdk.so@0x211b4]		add	x4, x20, x2	X20=0x7022a67260 X2=0xe
0x70225fe1b8[libsecsdk.so@0x211b8]		cmp	w21, w2	W21=0x12 W2=0xe
0x70225fe1bc[libsecsdk.so@0x211bc]		add	x2, x2, #1	X2=0xe
0x70225fe1c0[libsecsdk.so@0x211c0]		add	x5, x19, x2	X19=0x702489f6be X2=0xf
0x70225fe1c4[libsecsdk.so@0x211c4]		sturb	w3, [x4, #-2]	W3=0x72 X4=0x7022a6726e
0x70225fe1c8[libsecsdk.so@0x211c8]		b.hi	#-32	
0x70225fe1a8[libsecsdk.so@0x211a8]		ldurb	w3, [x5, #-1]	X5=0x702489f6cd
0x70225fe1ac[libsecsdk.so@0x211ac]		cmp	w3, #59	W3=0x69
0x70225fe1b0[libsecsdk.so@0x211b0]		b.eq	#-60	
0x70225fe1b4[libsecsdk.so@0x211b4]		add	x4, x20, x2	X20=0x7022a67260 X2=0xf
0x70225fe1b8[libsecsdk.so@0x211b8]		cmp	w21, w2	W21=0x12 W2=0xf
0x70225fe1bc[libsecsdk.so@0x211bc]		add	x2, x2, #1	X2=0xf
0x70225fe1c0[libsecsdk.so@0x211c0]		add	x5, x19, x2	X19=0x702489f6be X2=0x10
0x70225fe1c4[libsecsdk.so@0x211c4]		sturb	w3, [x4, #-2]	W3=0x69 X4=0x7022a6726f
0x70225fe1c8[libsecsdk.so@0x211c8]		b.hi	#-32	
0x70225fe1a8[libsecsdk.so@0x211a8]		ldurb	w3, [x5, #-1]	X5=0x702489f6ce
0x70225fe1ac[libsecsdk.so@0x211ac]		cmp	w3, #59	W3=0x6e
0x70225fe1b0[libsecsdk.so@0x211b0]		b.eq	#-60	
0x70225fe1b4[libsecsdk.so@0x211b4]		add	x4, x20, x2	X20=0x7022a67260 X2=0x10
0x70225fe1b8[libsecsdk.so@0x211b8]		cmp	w21, w2	W21=0x12 W2=0x10
0x70225fe1bc[libsecsdk.so@0x211bc]		add	x2, x2, #1	X2=0x10
0x70225fe1c0[libsecsdk.so@0x211c0]		add	x5, x19, x2	X19=0x702489f6be X2=0x11
0x70225fe1c4[libsecsdk.so@0x211c4]		sturb	w3, [x4, #-2]	W3=0x6e X4=0x7022a67270
0x70225fe1c8[libsecsdk.so@0x211c8]		b.hi	#-32	
0x70225fe1a8[libsecsdk.so@0x211a8]		ldurb	w3, [x5, #-1]	X5=0x702489f6cf
0x70225fe1ac[libsecsdk.so@0x211ac]		cmp	w3, #59	W3=0x67
0x70225fe1b0[libsecsdk.so@0x211b0]		b.eq	#-60	
0x70225fe1b4[libsecsdk.so@0x211b4]		add	x4, x20, x2	X20=0x7022a67260 X2=0x11
0x70225fe1b8[libsecsdk.so@0x211b8]		cmp	w21, w2	W21=0x12 W2=0x11
0x70225fe1bc[libsecsdk.so@0x211bc]		add	x2, x2, #1	X2=0x11
0x70225fe1c0[libsecsdk.so@0x211c0]		add	x5, x19, x2	X19=0x702489f6be X2=0x12
0x70225fe1c4[libsecsdk.so@0x211c4]		sturb	w3, [x4, #-2]	W3=0x67 X4=0x7022a67271
0x70225fe1c8[libsecsdk.so@0x211c8]		b.hi	#-32	
0x70225fe1a8[libsecsdk.so@0x211a8]		ldurb	w3, [x5, #-1]	X5=0x702489f6d0
0x70225fe1ac[libsecsdk.so@0x211ac]		cmp	w3, #59	W3=0x3b
0x70225fe1b0[libsecsdk.so@0x211b0]		b.eq	#-60	
0x70225fe174[libsecsdk.so@0x21174]		mov	x0, x20	X20=0x7022a67260
0x70225fe178[libsecsdk.so@0x21178]		ldr	x30, [sp, #32]	SP=0x708b79ee10
0x70225fe17c[libsecsdk.so@0x2117c]		ldp	x19, x20, [sp]	SP=0x708b79ee10
0x70225fe180[libsecsdk.so@0x21180]		ldp	x21, x22, [sp, #16]	SP=0x708b79ee10
0x70225fe184[libsecsdk.so@0x21184]		add	sp, sp, #64	SP=0x708b79ee10
0x70225fe188[libsecsdk.so@0x21188]		ret	LR=0x70225fec54
0x70225fec54[libsecsdk.so@0x21c54]		ldr	x1, [sp, #40]	SP=0x708b79ee50
0x70225fec58[libsecsdk.so@0x21c58]		mov	x19, x0	X0=0x7022a67260
0x70225fec5c[libsecsdk.so@0x21c5c]		mov	x0, x1	X1=0x708a819500
0x70225fec60[libsecsdk.so@0x21c60]		ldr	x2, [x1]	X1=0x708a819500
0x70225fec64[libsecsdk.so@0x21c64]		mov	x1, x19	X19=0x7022a67260
0x70225fec68[libsecsdk.so@0x21c68]		ldr	x2, [x2, #48]	X2=0x70967d16a0
0x70225fec6c[libsecsdk.so@0x21c6c]		blr	x2	X2=0x709658f4d0 SP=0x708b79ee50
0x70225fec70[libsecsdk.so@0x21c70]		mov	x20, x0	X0=0x41
0x70225fec74[libsecsdk.so@0x21c74]		cbz	x19, #12	X19=0x7022a67260
0x70225fec78[libsecsdk.so@0x21c78]		mov	x0, x19	X19=0x7022a67260
0x70225fec7c[libsecsdk.so@0x21c7c]		bl	#26104	SP=0x708b79ee50
0x7022605274[libsecsdk.so@0x28274]		b	#-12	
0x7022605268[libsecsdk.so@0x28268]		cbz	x0, #8	X0=0x7022a67260
0x702260526c[libsecsdk.so@0x2826c]		b	#-128940	
0x70225e5ac0[libsecsdk.so@0x8ac0]		adrp	x16, #266240	
0x70225e5ac4[libsecsdk.so@0x8ac4]		ldr	x17, [x16, #3760]	X16=0x7022626000
0x70225e5ac8[libsecsdk.so@0x8ac8]		add	x16, x16, #3760	X16=0x7022626000
0x70225e5acc[libsecsdk.so@0x8acc]		br	x17	X17=0x711abd42bc
0x70225fec80[libsecsdk.so@0x21c80]		mov	x0, x20	X20=0x41
0x70225fec84[libsecsdk.so@0x21c84]		ldr	x30, [sp, #16]	SP=0x708b79ee50
0x70225fec88[libsecsdk.so@0x21c88]		ldp	x19, x20, [sp]	SP=0x708b79ee50
0x70225fec8c[libsecsdk.so@0x21c8c]		add	sp, sp, #48	SP=0x708b79ee50
0x70225fec90[libsecsdk.so@0x21c90]		ret	LR=0x70226018f8
0x70226018f8[libsecsdk.so@0x248f8]		mov	x28, x0	X0=0x41
0x70226018fc[libsecsdk.so@0x248fc]		ldr	x4, [x21]	X21=0x708a819500
0x7022601900[libsecsdk.so@0x24900]		mov	x0, x21	X21=0x708a819500
0x7022601904[libsecsdk.so@0x24904]		mov	x1, x28	X28=0x41
0x7022601908[libsecsdk.so@0x24908]		mov	x2, x20	X20=0x702489fa37
0x702260190c[libsecsdk.so@0x2490c]		mov	x3, x27	X27=0x708a81f6a8
0x7022601910[libsecsdk.so@0x24910]		cbnz	w26, #300	W26=0x0
0x7022601914[libsecsdk.so@0x24914]		ldr	x4, [x4, #264]	X4=0x70967d16a0
0x7022601918[libsecsdk.so@0x24918]		blr	x4	X4=0x7096597ea0 SP=0x708b79ee80
0x702260191c[libsecsdk.so@0x2491c]		fmov	d9, x0	X0=0x70385408
0x7022601920[libsecsdk.so@0x24920]		mov	x0, x21	X21=0x708a819500
0x7022601924[libsecsdk.so@0x24924]		bl	#-86432	SP=0x708b79ee80
0x70225ec784[libsecsdk.so@0xf784]		sub	sp, sp, #128	SP=0x708b79ee80
0x70225ec788[libsecsdk.so@0xf788]		stp	x19, x20, [sp]	X19=0x702489f862 X20=0x702489fa37 SP=0x708b79ee00
0x70225ec78c[libsecsdk.so@0xf78c]		adrp	x19, #237568	
0x70225ec790[libsecsdk.so@0xf790]		mov	x20, x0	X0=0x708a819500
0x70225ec794[libsecsdk.so@0xf794]		stp	x21, x22, [sp, #16]	X21=0x708a819500 X22=0x708a81f3e8 SP=0x708b79ee00
0x70225ec798[libsecsdk.so@0xf798]		adrp	x21, #241664	
0x70225ec79c[libsecsdk.so@0xf79c]		ldr	x1, [x19, #3784]	X19=0x7022626000
0x70225ec7a0[libsecsdk.so@0xf7a0]		stp	x23, x30, [sp, #32]	X23=0x180 LR=0x7022601928 SP=0x708b79ee00
0x70225ec7a4[libsecsdk.so@0xf7a4]		ldr	w0, [x21, #2128]	X21=0x7022627000
0x70225ec7a8[libsecsdk.so@0xf7a8]		ldr	x1, [x1]	X1=0x711ac85510
0x70225ec7ac[libsecsdk.so@0xf7ac]		str	x1, [sp, #120]	X1=0xdcf65037242d4fae SP=0x708b79ee00
0x70225ec7b0[libsecsdk.so@0xf7b0]		cbz	w0, #44	W0=0x1d
0x70225ec7b4[libsecsdk.so@0xf7b4]		ldr	x19, [x19, #3784]	X19=0x7022626000
0x70225ec7b8[libsecsdk.so@0xf7b8]		ldr	x2, [sp, #120]	SP=0x708b79ee00
0x70225ec7bc[libsecsdk.so@0xf7bc]		ldr	x1, [x19]	X19=0x711ac85510
0x70225ec7c0[libsecsdk.so@0xf7c0]		cmp	x2, x1	X2=0xdcf65037242d4fae X1=0xdcf65037242d4fae
0x70225ec7c4[libsecsdk.so@0xf7c4]		b.ne	#284	
0x70225ec7c8[libsecsdk.so@0xf7c8]		ldp	x19, x20, [sp]	SP=0x708b79ee00
0x70225ec7cc[libsecsdk.so@0xf7cc]		ldp	x21, x22, [sp, #16]	SP=0x708b79ee00
0x70225ec7d0[libsecsdk.so@0xf7d0]		ldp	x23, x30, [sp, #32]	SP=0x708b79ee00
0x70225ec7d4[libsecsdk.so@0xf7d4]		add	sp, sp, #128	SP=0x708b79ee00
0x70225ec7d8[libsecsdk.so@0xf7d8]		ret	LR=0x7022601928
0x7022601928[libsecsdk.so@0x24928]		cmp	w0, #23	W0=0x1d
0x702260192c[libsecsdk.so@0x2492c]		b.ne	#12	
0x7022601938[libsecsdk.so@0x24938]		mov	w1, #0	
0x702260193c[libsecsdk.so@0x2493c]		fmov	x0, d9	
0x7022601940[libsecsdk.so@0x24940]		cbz	x0, #396	X0=0x70385408
0x7022601944[libsecsdk.so@0x24944]		ldr	x0, [x22]	X22=0x708a81f3e8
0x7022601948[libsecsdk.so@0x24948]		ldr	w3, [x25, x23]	X25=0x702489e3e4 X23=0x180
0x702260194c[libsecsdk.so@0x2494c]		ldr	x2, [x0, #16]	X0=0x7022a969c0
0x7022601950[libsecsdk.so@0x24950]		ldr	x5, [x0, #88]	X0=0x7022a969c0
0x7022601954[libsecsdk.so@0x24954]		ldr	w8, [x2, x3, lsl #2]	X2=0x702489e070 X3=0x15
0x7022601958[libsecsdk.so@0x24958]		add	x5, x5, x8	X5=0x702489e000 X8=0x149e
0x702260195c[libsecsdk.so@0x2495c]		ldrsb	w8, [x5], #1	X5=0x702489f49e
0x7022601960[libsecsdk.so@0x24960]		tbnz	w8, #31, #-4	W8=0x1
0x7022601964[libsecsdk.so@0x24964]		mov	x0, x22	X22=0x708a81f3e8
0x7022601968[libsecsdk.so@0x24968]		cbnz	w1, #260	W1=0x0
0x702260196c[libsecsdk.so@0x2496c]		fmov	x1, d10	
0x7022601970[libsecsdk.so@0x24970]		mov	x4, x5	X5=0x702489f49f
0x7022601974[libsecsdk.so@0x24974]		fmov	x2, d11	
0x7022601978[libsecsdk.so@0x24978]		mov	w5, w26	W26=0x0
0x702260197c[libsecsdk.so@0x2497c]		fmov	w3, s14	
0x7022601980[libsecsdk.so@0x24980]		bl	#-9364	SP=0x708b79ee80
0x70225ff4ec[libsecsdk.so@0x224ec]		sub	sp, sp, #64	SP=0x708b79ee80
0x70225ff4f0[libsecsdk.so@0x224f0]		uxtb	w5, w5	W5=0x0
0x70225ff4f4[libsecsdk.so@0x224f4]		stp	x21, x22, [sp, #16]	X21=0x708a819500 X22=0x708a81f3e8 SP=0x708b79ee40
0x70225ff4f8[libsecsdk.so@0x224f8]		stp	x23, x30, [sp, #32]	X23=0x180 LR=0x7022601984 SP=0x708b79ee40
0x70225ff4fc[libsecsdk.so@0x224fc]		stp	x19, x20, [sp]	X19=0x702489f862 X20=0x702489fa37 SP=0x708b79ee40
0x70225ff500[libsecsdk.so@0x22500]		mov	x21, x1	X1=0x708a81f758
0x70225ff504[libsecsdk.so@0x22504]		mov	x23, x2	X2=0x708a81f738
0x70225ff508[libsecsdk.so@0x22508]		cbz	w5, #220	W5=0x0
0x70225ff5e4[libsecsdk.so@0x225e4]		sub	w3, w3, #1	W3=0x1
0x70225ff5e8[libsecsdk.so@0x225e8]		mov	w19, #1	
0x70225ff5ec[libsecsdk.so@0x225ec]		lsl	w3, w3, #3	W3=0x0
0x70225ff5f0[libsecsdk.so@0x225f0]		b	#-220	
0x70225ff514[libsecsdk.so@0x22514]		cmp	w3, wzr	W3=0x0
0x70225ff518[libsecsdk.so@0x22518]		mov	x20, #8	
0x70225ff51c[libsecsdk.so@0x2251c]		sxtw	x3, w3	X3=0x0
0x70225ff520[libsecsdk.so@0x22520]		str	x4, [sp, #56]	X4=0x702489f49f SP=0x708b79ee40
0x70225ff524[libsecsdk.so@0x22524]		csel	x20, x3, x20, ne	X3=0x0 X20=0x8
0x70225ff528[libsecsdk.so@0x22528]		mov	x0, x20	X20=0x8
0x70225ff52c[libsecsdk.so@0x2252c]		bl	#26816	SP=0x708b79ee40
0x7022605dec[libsecsdk.so@0x28dec]		stp	x29, x30, [sp, #-16]!	FP=0x708b79f600 LR=0x70225ff530 SP=0x708b79ee40
0x7022605df0[libsecsdk.so@0x28df0]		mov	x29, sp	SP=0x708b79ee30
0x7022605df4[libsecsdk.so@0x28df4]		bl	#-212	SP=0x708b79ee30
0x7022605d20[libsecsdk.so@0x28d20]		stp	x29, x30, [sp, #-32]!	FP=0x708b79ee30 LR=0x7022605df8 SP=0x708b79ee30
0x7022605d24[libsecsdk.so@0x28d24]		mov	x29, sp	SP=0x708b79ee10
0x7022605d28[libsecsdk.so@0x28d28]		stp	x19, x20, [sp, #16]	X19=0x1 X20=0x8 SP=0x708b79ee10
0x7022605d2c[libsecsdk.so@0x28d2c]		mov	x19, x0	X0=0x8
0x7022605d30[libsecsdk.so@0x28d30]		adrp	x20, #139264	
0x7022605d34[libsecsdk.so@0x28d34]		b	#32	
0x7022605d54[libsecsdk.so@0x28d54]		mov	x0, x19	X19=0x8
0x7022605d58[libsecsdk.so@0x28d58]		bl	#-132552	SP=0x708b79ee10
0x70225e5790[libsecsdk.so@0x8790]		adrp	x16, #266240	
0x70225e5794[libsecsdk.so@0x8794]		ldr	x17, [x16, #3352]	X16=0x7022626000
0x70225e5798[libsecsdk.so@0x8798]		add	x16, x16, #3352	X16=0x7022626000
0x70225e579c[libsecsdk.so@0x879c]		br	x17	X17=0x711abd432c
0x7022605d5c[libsecsdk.so@0x28d5c]		cbz	x0, #-36	X0=0x708a81f6e8
0x7022605d60[libsecsdk.so@0x28d60]		ldp	x19, x20, [sp, #16]	SP=0x708b79ee10
0x7022605d64[libsecsdk.so@0x28d64]		ldp	x29, x30, [sp], #32	SP=0x708b79ee10
0x7022605d68[libsecsdk.so@0x28d68]		ret	LR=0x7022605df8
0x7022605df8[libsecsdk.so@0x28df8]		ldp	x29, x30, [sp], #16	SP=0x708b79ee30
0x7022605dfc[libsecsdk.so@0x28dfc]		ret	LR=0x70225ff530
0x70225ff530[libsecsdk.so@0x22530]		mov	x22, x0	X0=0x708a81f6e8
0x70225ff534[libsecsdk.so@0x22534]		mov	w1, #0	
0x70225ff538[libsecsdk.so@0x22538]		mov	x2, x20	X20=0x8
0x70225ff53c[libsecsdk.so@0x2253c]		bl	#-105452	SP=0x708b79ee40
0x70225e5950[libsecsdk.so@0x8950]		adrp	x16, #266240	
0x70225e5954[libsecsdk.so@0x8954]		ldr	x17, [x16, #3576]	X16=0x7022626000
0x70225e5958[libsecsdk.so@0x8958]		add	x16, x16, #3576	X16=0x7022626000
0x70225e595c[libsecsdk.so@0x895c]		br	x17	X17=0x711ac12340
0x70225ff540[libsecsdk.so@0x22540]		adrp	x1, #57344	
0x70225ff544[libsecsdk.so@0x22544]		ldr	x4, [sp, #56]	SP=0x708b79ee40
0x70225ff548[libsecsdk.so@0x22548]		mov	x5, x22	X22=0x708a81f6e8
0x70225ff54c[libsecsdk.so@0x2254c]		add	x1, x1, #3760	X1=0x702260d000
0x70225ff550[libsecsdk.so@0x22550]		ldrb	w3, [x4, #1]!	X4=0x702489f49f
0x70225ff554[libsecsdk.so@0x22554]		cbz	w3, #52	W3=0x0
0x70225ff588[libsecsdk.so@0x22588]		mov	x0, x22	X22=0x708a81f6e8
0x70225ff58c[libsecsdk.so@0x2258c]		ldp	x19, x20, [sp]	SP=0x708b79ee40
0x70225ff590[libsecsdk.so@0x22590]		ldp	x21, x22, [sp, #16]	SP=0x708b79ee40
0x70225ff594[libsecsdk.so@0x22594]		ldp	x23, x30, [sp, #32]	SP=0x708b79ee40
0x70225ff598[libsecsdk.so@0x22598]		add	sp, sp, #64	SP=0x708b79ee40
0x70225ff59c[libsecsdk.so@0x2259c]		ret	LR=0x7022601984
0x7022601984[libsecsdk.so@0x24984]		mov	x20, x0	X0=0x708a81f6e8
0x7022601988[libsecsdk.so@0x24988]		ldrb	w1, [x19]	X19=0x702489f862
0x702260198c[libsecsdk.so@0x2498c]		sub	w1, w1, #66	W1=0x5b
0x7022601990[libsecsdk.so@0x24990]		cmp	w1, #25	W1=0x19
0x7022601994[libsecsdk.so@0x24994]		b.hi	#72	
0x7022601998[libsecsdk.so@0x24998]		adrp	x0, #49152	
0x702260199c[libsecsdk.so@0x2499c]		add	x0, x0, #3944	X0=0x702260d000
0x70226019a0[libsecsdk.so@0x249a0]		ldrh	w0, [x0, w1, uxtw #1]	X0=0x702260df68 W1=0x19
0x70226019a4[libsecsdk.so@0x249a4]		adr	x1, #12	
0x70226019a8[libsecsdk.so@0x249a8]		add	x0, x1, w0, sxth #2	X1=0x70226019b0 W0=0xa3
0x70226019ac[libsecsdk.so@0x249ac]		br	x0	X0=0x7022601c3c
0x7022601c3c[libsecsdk.so@0x24c3c]		fmov	w0, s13	
0x7022601c40[libsecsdk.so@0x24c40]		cbnz	w0, #476	W0=0x0
0x7022601c44[libsecsdk.so@0x24c44]		ldr	x4, [x21]	X21=0x708a819500
0x7022601c48[libsecsdk.so@0x24c48]		mov	x0, x21	X21=0x708a819500
0x7022601c4c[libsecsdk.so@0x24c4c]		cbz	w26, #396	W26=0x0
0x7022601dd8[libsecsdk.so@0x24dd8]		fmov	x1, d12	
0x7022601ddc[libsecsdk.so@0x24ddc]		ldr	x4, [x4, #288]	X4=0x70967d16a0
0x7022601de0[libsecsdk.so@0x24de0]		fmov	x2, d9	
0x7022601de4[libsecsdk.so@0x24de4]		mov	x3, x20	X20=0x708a81f6e8
0x7022601de8[libsecsdk.so@0x24de8]		blr	x4	X4=0x709659959c SP=0x708b79ee80
0x7022601dec[libsecsdk.so@0x24dec]		mov	x24, x0	X0=0x69
0x7022601df0[libsecsdk.so@0x24df0]		b	#-1044	
0x70226019dc[libsecsdk.so@0x249dc]		cbz	x20, #12	X20=0x708a81f6e8
0x70226019e0[libsecsdk.so@0x249e0]		mov	x0, x20	X20=0x708a81f6e8
0x70226019e4[libsecsdk.so@0x249e4]		bl	#14480	SP=0x708b79ee80
0x7022605274[libsecsdk.so@0x28274]		b	#-12	
0x7022605268[libsecsdk.so@0x28268]		cbz	x0, #8	X0=0x708a81f6e8
0x702260526c[libsecsdk.so@0x2826c]		b	#-128940	
0x70225e5ac0[libsecsdk.so@0x8ac0]		adrp	x16, #266240	
0x70225e5ac4[libsecsdk.so@0x8ac4]		ldr	x17, [x16, #3760]	X16=0x7022626000
0x70225e5ac8[libsecsdk.so@0x8ac8]		add	x16, x16, #3760	X16=0x7022626000
0x70225e5acc[libsecsdk.so@0x8acc]		br	x17	X17=0x711abd42bc
0x70226019e8[libsecsdk.so@0x249e8]		cbz	x27, #12	X27=0x708a81f6a8
0x70226019ec[libsecsdk.so@0x249ec]		mov	x0, x27	X27=0x708a81f6a8
0x70226019f0[libsecsdk.so@0x249f0]		bl	#14468	SP=0x708b79ee80
0x7022605274[libsecsdk.so@0x28274]		b	#-12	
0x7022605268[libsecsdk.so@0x28268]		cbz	x0, #8	X0=0x708a81f6a8
0x702260526c[libsecsdk.so@0x2826c]		b	#-128940	
0x70225e5ac0[libsecsdk.so@0x8ac0]		adrp	x16, #266240	
0x70225e5ac4[libsecsdk.so@0x8ac4]		ldr	x17, [x16, #3760]	X16=0x7022626000
0x70225e5ac8[libsecsdk.so@0x8ac8]		add	x16, x16, #3760	X16=0x7022626000
0x70225e5acc[libsecsdk.so@0x8acc]		br	x17	X17=0x711abd42bc
0x70226019f4[libsecsdk.so@0x249f4]		ldr	x2, [x21]	X21=0x708a819500
0x70226019f8[libsecsdk.so@0x249f8]		mov	x0, x21	X21=0x708a819500
0x70226019fc[libsecsdk.so@0x249fc]		mov	x1, x28	X28=0x41
0x7022601a00[libsecsdk.so@0x24a00]		ldr	x2, [x2, #184]	X2=0x70967d16a0
0x7022601a04[libsecsdk.so@0x24a04]		blr	x2	X2=0x7096594834 SP=0x708b79ee80
0x7022601a08[libsecsdk.so@0x24a08]		mov	x0, x24	X24=0x69
0x7022601a0c[libsecsdk.so@0x24a0c]		ldp	x19, x20, [sp]	SP=0x708b79ee80
0x7022601a10[libsecsdk.so@0x24a10]		ldp	d8, d9, [sp, #88]	SP=0x708b79ee80
0x7022601a14[libsecsdk.so@0x24a14]		ldp	x21, x22, [sp, #16]	SP=0x708b79ee80
0x7022601a18[libsecsdk.so@0x24a18]		ldp	d10, d11, [sp, #104]	SP=0x708b79ee80
0x7022601a1c[libsecsdk.so@0x24a1c]		ldp	x23, x24, [sp, #32]	SP=0x708b79ee80
0x7022601a20[libsecsdk.so@0x24a20]		ldp	d12, d13, [sp, #120]	SP=0x708b79ee80
0x7022601a24[libsecsdk.so@0x24a24]		ldp	x25, x26, [sp, #48]	SP=0x708b79ee80
0x7022601a28[libsecsdk.so@0x24a28]		ldp	x27, x28, [sp, #64]	SP=0x708b79ee80
0x7022601a2c[libsecsdk.so@0x24a2c]		ldr	x30, [sp, #80]	SP=0x708b79ee80
0x7022601a30[libsecsdk.so@0x24a30]		ldr	d14, [sp, #136]	SP=0x708b79ee80
0x7022601a34[libsecsdk.so@0x24a34]		add	sp, sp, #160	SP=0x708b79ee80
0x7022601a38[libsecsdk.so@0x24a38]		ret	LR=0x70225f65a8
0x70225f65a8[libsecsdk.so@0x195a8]		ldr	x1, [x20]	X20=0x708a819500
0x70225f65ac[libsecsdk.so@0x195ac]		fmov	d11, x0	X0=0x69
0x70225f65b0[libsecsdk.so@0x195b0]		mov	x0, x20	X20=0x708a819500
0x70225f65b4[libsecsdk.so@0x195b4]		ldr	x1, [x1, #1824]	X1=0x70967d16a0
0x70225f65b8[libsecsdk.so@0x195b8]		blr	x1	X1=0x70965ebe7c SP=0x708b79ef20
0x70225f65bc[libsecsdk.so@0x195bc]		uxtb	w0, w0	W0=0x0
0x70225f65c0[libsecsdk.so@0x195c0]		ldr	x8, [sp, #192]	SP=0x708b79ef20
0x70225f65c4[libsecsdk.so@0x195c4]		cbnz	w0, #-876	W0=0x0
0x70225f65c8[libsecsdk.so@0x195c8]		ldrb	w0, [x8]	X8=0x708b79f03f
0x70225f65cc[libsecsdk.so@0x195cc]		cbz	w0, #44	W0=0x1
0x70225f65d0[libsecsdk.so@0x195d0]		ldr	x0, [x27]	X27=0x708b79f040
0x70225f65d4[libsecsdk.so@0x195d4]		ldrb	w0, [x0, #6]	X0=0x711b5b7354
0x70225f65d8[libsecsdk.so@0x195d8]		cmp	w0, #12	W0=0xc
0x70225f65dc[libsecsdk.so@0x195dc]		b.eq	#28	
0x70225f65f8[libsecsdk.so@0x195f8]		mov	x0, x28	X28=0x708a81f758
0x70225f65fc[libsecsdk.so@0x195fc]		bl	#60536	SP=0x708b79ef20
0x7022605274[libsecsdk.so@0x28274]		b	#-12	
0x7022605268[libsecsdk.so@0x28268]		cbz	x0, #8	X0=0x708a81f758
0x702260526c[libsecsdk.so@0x2826c]		b	#-128940	
0x70225e5ac0[libsecsdk.so@0x8ac0]		adrp	x16, #266240	
0x70225e5ac4[libsecsdk.so@0x8ac4]		ldr	x17, [x16, #3760]	X16=0x7022626000
0x70225e5ac8[libsecsdk.so@0x8ac8]		add	x16, x16, #3760	X16=0x7022626000
0x70225e5acc[libsecsdk.so@0x8acc]		br	x17	X17=0x711abd42bc
0x70225f6600[libsecsdk.so@0x19600]		mov	x0, x19	X19=0x708a81f738
0x70225f6604[libsecsdk.so@0x19604]		bl	#60528	SP=0x708b79ef20
0x7022605274[libsecsdk.so@0x28274]		b	#-12	
0x7022605268[libsecsdk.so@0x28268]		cbz	x0, #8	X0=0x708a81f738
0x702260526c[libsecsdk.so@0x2826c]		b	#-128940	
0x70225e5ac0[libsecsdk.so@0x8ac0]		adrp	x16, #266240	
0x70225e5ac4[libsecsdk.so@0x8ac4]		ldr	x17, [x16, #3760]	X16=0x7022626000
0x70225e5ac8[libsecsdk.so@0x8ac8]		add	x16, x16, #3760	X16=0x7022626000
0x70225e5acc[libsecsdk.so@0x8acc]		br	x17	X17=0x711abd42bc
0x70225f6608[libsecsdk.so@0x19608]		ldr	x1, [x27]	X27=0x708b79f040
0x70225f660c[libsecsdk.so@0x1960c]		add	x0, x21, #928	X21=0x7022625000
0x70225f6610[libsecsdk.so@0x19610]		add	x2, x1, #6	X1=0x711b5b7354
0x70225f6614[libsecsdk.so@0x19614]		str	x2, [x27]	X2=0x711b5b735a X27=0x708b79f040
0x70225f6618[libsecsdk.so@0x19618]		ldrh	w19, [x1, #6]	X1=0x711b5b7354
0x70225f661c[libsecsdk.so@0x1961c]		uxtb	w1, w19	W19=0x40c
0x70225f6620[libsecsdk.so@0x19620]		ldr	x0, [x0, w1, sxtw #3]	X0=0x70226253a0 W1=0xc
0x70225f6624[libsecsdk.so@0x19624]		br	x0	X0=0x70225f8314
0x70225f8314[libsecsdk.so@0x1b314]		ldrsw	x0, [x23, #24]	X23=0x708b79f068
0x70225f8318[libsecsdk.so@0x1b318]		asr	w19, w19, #8	W19=0x40c
0x70225f831c[libsecsdk.so@0x1b31c]		lsl	x0, x0, #2	X0=0x8
0x70225f8320[libsecsdk.so@0x1b320]		add	x0, x0, w19, sxtw #3	X0=0x20 W19=0x4
0x70225f8324[libsecsdk.so@0x1b324]		ldr	x28, [x25, x0]	X25=0x708a8893c0 X0=0x40
0x70225f8328[libsecsdk.so@0x1b328]		cbz	x28, #236	X28=0x0
0x70225f8414[libsecsdk.so@0x1b414]		fmov	w0, s9	
0x70225f8418[libsecsdk.so@0x1b418]		mov	x1, x23	X23=0x708b79f068
0x70225f841c[libsecsdk.so@0x1b41c]		fmov	x2, d11	
0x70225f8420[libsecsdk.so@0x1b420]		str	s11, [x25, w19, sxtw #2]	X25=0x708a8893c0 W19=0x4
0x70225f8424[libsecsdk.so@0x1b424]		mov	w3, w0	W0=0x8
0x70225f8428[libsecsdk.so@0x1b428]		add	x3, x3, w19, sxtw #1	X3=0x8 W19=0x4
0x70225f842c[libsecsdk.so@0x1b42c]		lsl	x3, x3, #2	X3=0x10
0x70225f8430[libsecsdk.so@0x1b430]		mov	x0, x20	X20=0x708a819500
0x70225f8434[libsecsdk.so@0x1b434]		str	d11, [x25, x3]	X25=0x708a8893c0 X3=0x40
0x70225f8438[libsecsdk.so@0x1b438]		bl	#23376	SP=0x708b79ef20
0x70225fdf88[libsecsdk.so@0x20f88]		sub	sp, sp, #32	SP=0x708b79ef20
0x70225fdf8c[libsecsdk.so@0x20f8c]		stp	x19, x20, [sp]	X19=0x4 X20=0x708a819500 SP=0x708b79ef00
0x70225fdf90[libsecsdk.so@0x20f90]		stp	x21, x30, [sp, #16]	X21=0x7022625000 LR=0x70225f843c SP=0x708b79ef00
0x70225fdf94[libsecsdk.so@0x20f94]		cbz	x2, #136	X2=0x69
0x70225fdf98[libsecsdk.so@0x20f98]		ldr	x5, [x1]	X1=0x708b79f068
0x70225fdf9c[libsecsdk.so@0x20f9c]		ldr	x0, [x1, #8]	X1=0x708b79f068
0x70225fdfa0[libsecsdk.so@0x20fa0]		mov	x3, x5	X5=0x7022a5e018
0x70225fdfa4[libsecsdk.so@0x20fa4]		b	#16	
0x70225fdfb4[libsecsdk.so@0x20fb4]		sub	x3, x3, #8	X3=0x7022a5e018
0x70225fdfb8[libsecsdk.so@0x20fb8]		cmp	x0, x3	X0=0x7022a5e000 X3=0x7022a5e010
0x70225fdfbc[libsecsdk.so@0x20fbc]		b.ls	#-20	
0x70225fdfa8[libsecsdk.so@0x20fa8]		ldr	x4, [x3]	X3=0x7022a5e010
0x70225fdfac[libsecsdk.so@0x20fac]		cmp	x2, x4	X2=0x69 X4=0x59
0x70225fdfb0[libsecsdk.so@0x20fb0]		b.eq	#72	
0x70225fdfb4[libsecsdk.so@0x20fb4]		sub	x3, x3, #8	X3=0x7022a5e010
0x70225fdfb8[libsecsdk.so@0x20fb8]		cmp	x0, x3	X0=0x7022a5e000 X3=0x7022a5e008
0x70225fdfbc[libsecsdk.so@0x20fbc]		b.ls	#-20	
0x70225fdfa8[libsecsdk.so@0x20fa8]		ldr	x4, [x3]	X3=0x7022a5e008
0x70225fdfac[libsecsdk.so@0x20fac]		cmp	x2, x4	X2=0x69 X4=0x2876
0x70225fdfb0[libsecsdk.so@0x20fb0]		b.eq	#72	
0x70225fdfb4[libsecsdk.so@0x20fb4]		sub	x3, x3, #8	X3=0x7022a5e008
0x70225fdfb8[libsecsdk.so@0x20fb8]		cmp	x0, x3	X0=0x7022a5e000 X3=0x7022a5e000
0x70225fdfbc[libsecsdk.so@0x20fbc]		b.ls	#-20	
0x70225fdfa8[libsecsdk.so@0x20fa8]		ldr	x4, [x3]	X3=0x7022a5e000
0x70225fdfac[libsecsdk.so@0x20fac]		cmp	x2, x4	X2=0x69 X4=0x2866
0x70225fdfb0[libsecsdk.so@0x20fb0]		b.eq	#72	
0x70225fdfb4[libsecsdk.so@0x20fb4]		sub	x3, x3, #8	X3=0x7022a5e000
0x70225fdfb8[libsecsdk.so@0x20fb8]		cmp	x0, x3	X0=0x7022a5e000 X3=0x7022a5dff8
0x70225fdfbc[libsecsdk.so@0x20fbc]		b.ls	#-20	
0x70225fdfc0[libsecsdk.so@0x20fc0]		mov	x19, x1	X1=0x708b79f068
0x70225fdfc4[libsecsdk.so@0x20fc4]		ldr	w1, [x1, #16]	X1=0x708b79f068
0x70225fdfc8[libsecsdk.so@0x20fc8]		add	x3, x0, w1, sxtw #3	X0=0x7022a5e000 W1=0x400
0x70225fdfcc[libsecsdk.so@0x20fcc]		cmp	x3, x5	X3=0x7022a60000 X5=0x7022a5e018
0x70225fdfd0[libsecsdk.so@0x20fd0]		mov	x21, x2	X2=0x69
0x70225fdfd4[libsecsdk.so@0x20fd4]		b.eq	#92	
0x70225fdfd8[libsecsdk.so@0x20fd8]		add	x0, x5, #8	X5=0x7022a5e018
0x70225fdfdc[libsecsdk.so@0x20fdc]		str	x0, [x19]	X0=0x7022a5e020 X19=0x708b79f068
0x70225fdfe0[libsecsdk.so@0x20fe0]		str	x21, [x5]	X21=0x69 X5=0x7022a5e018
0x70225fdfe4[libsecsdk.so@0x20fe4]		mov	w0, #1	
0x70225fdfe8[libsecsdk.so@0x20fe8]		ldp	x19, x20, [sp]	SP=0x708b79ef00
0x70225fdfec[libsecsdk.so@0x20fec]		ldp	x21, x30, [sp, #16]	SP=0x708b79ef00
0x70225fdff0[libsecsdk.so@0x20ff0]		add	sp, sp, #32	SP=0x708b79ef00
0x70225fdff4[libsecsdk.so@0x20ff4]		ret	LR=0x70225f843c
0x70225f843c[libsecsdk.so@0x1b43c]		ldr	x1, [x27]	X27=0x708b79f040
0x70225f8440[libsecsdk.so@0x1b440]		add	x0, x21, #928	X21=0x7022625000
0x70225f8444[libsecsdk.so@0x1b444]		add	x2, x1, #2	X1=0x711b5b735a
0x70225f8448[libsecsdk.so@0x1b448]		str	x2, [x27]	X2=0x711b5b735c X27=0x708b79f040
0x70225f844c[libsecsdk.so@0x1b44c]		ldrh	w19, [x1, #2]	X1=0x711b5b735a
0x70225f8450[libsecsdk.so@0x1b450]		uxtb	w1, w19	W19=0x51a
0x70225f8454[libsecsdk.so@0x1b454]		ldr	x0, [x0, w1, sxtw #3]	X0=0x70226253a0 W1=0x1a
0x70225f8458[libsecsdk.so@0x1b458]		br	x0	X0=0x70225f790c
0x70225f790c[libsecsdk.so@0x1a90c]		ldr	x1, [x27]	X27=0x708b79f040
0x70225f7910[libsecsdk.so@0x1a910]		mov	x0, x24	X24=0x708a81f3e8
0x70225f7914[libsecsdk.so@0x1a914]		asr	w28, w19, #8	W19=0x51a
0x70225f7918[libsecsdk.so@0x1a918]		ldrh	w1, [x1, #2]	X1=0x711b5b735c
0x70225f791c[libsecsdk.so@0x1a91c]		bl	#29600	SP=0x708b79ef20
0x70225fecbc[libsecsdk.so@0x21cbc]		ldr	x0, [x0]	X0=0x708a81f3e8
0x70225fecc0[libsecsdk.so@0x21cc0]		ldr	x3, [x0, #16]	X0=0x7022a969c0
0x70225fecc4[libsecsdk.so@0x21cc4]		ldr	x2, [x0, #88]	X0=0x7022a969c0
0x70225fecc8[libsecsdk.so@0x21cc8]		ldr	w0, [x3, w1, uxtw #2]	X3=0x702489e070 W1=0x9
0x70225feccc[libsecsdk.so@0x21ccc]		add	x0, x2, x0	X2=0x702489e000 X0=0x1435
0x70225fecd0[libsecsdk.so@0x21cd0]		ldrsb	w1, [x0], #1	X0=0x702489f435
0x70225fecd4[libsecsdk.so@0x21cd4]		tbnz	w1, #31, #-4	W1=0x3
0x70225fecd8[libsecsdk.so@0x21cd8]		ret	LR=0x70225f7920
0x70225f7920[libsecsdk.so@0x1a920]		mov	x1, x0	X0=0x702489f436
0x70225f7924[libsecsdk.so@0x1a924]		ldr	x2, [x20]	X20=0x708a819500
0x70225f7928[libsecsdk.so@0x1a928]		mov	x0, x20	X20=0x708a819500
0x70225f792c[libsecsdk.so@0x1a92c]		ldr	x2, [x2, #1336]	X2=0x70967d16a0
0x70225f7930[libsecsdk.so@0x1a930]		blr	x2	X2=0x70965d1ff0 SP=0x708b79ef20
0x70225f7934[libsecsdk.so@0x1a934]		mov	x19, x0	X0=0x45
0x70225f7938[libsecsdk.so@0x1a938]		ldr	x2, [x20]	X20=0x708a819500
0x70225f793c[libsecsdk.so@0x1a93c]		mov	x1, x0	X0=0x45
0x70225f7940[libsecsdk.so@0x1a940]		mov	x0, x20	X20=0x708a819500
0x70225f7944[libsecsdk.so@0x1a944]		ldr	x2, [x2, #168]	X2=0x70967d16a0
0x70225f7948[libsecsdk.so@0x1a948]		blr	x2	X2=0x7096594344 SP=0x708b79ef20
0x70225f794c[libsecsdk.so@0x1a94c]		ldr	x2, [x20]	X20=0x708a819500
0x70225f7950[libsecsdk.so@0x1a950]		mov	x1, x19	X19=0x45
0x70225f7954[libsecsdk.so@0x1a954]		fmov	d8, x0	X0=0x2886
0x70225f7958[libsecsdk.so@0x1a958]		mov	x0, x20	X20=0x708a819500
0x70225f795c[libsecsdk.so@0x1a95c]		ldr	x2, [x2, #184]	X2=0x70967d16a0
0x70225f7960[libsecsdk.so@0x1a960]		blr	x2	X2=0x7096594834 SP=0x708b79ef20
0x70225f7964[libsecsdk.so@0x1a964]		ldrsw	x0, [x23, #24]	X23=0x708b79f068
0x70225f7968[libsecsdk.so@0x1a968]		lsl	x0, x0, #2	X0=0x8
0x70225f796c[libsecsdk.so@0x1a96c]		add	x0, x0, w28, sxtw #3	X0=0x20 W28=0x5
0x70225f7970[libsecsdk.so@0x1a970]		ldr	x19, [x25, x0]	X25=0x708a8893c0 X0=0x48
0x70225f7974[libsecsdk.so@0x1a974]		cbz	x19, #236	X19=0x0
0x70225f7a60[libsecsdk.so@0x1aa60]		fmov	w0, s9	
0x70225f7a64[libsecsdk.so@0x1aa64]		mov	x1, x23	X23=0x708b79f068
0x70225f7a68[libsecsdk.so@0x1aa68]		fmov	x2, d8	
0x70225f7a6c[libsecsdk.so@0x1aa6c]		str	s8, [x25, w28, sxtw #2]	X25=0x708a8893c0 W28=0x5
0x70225f7a70[libsecsdk.so@0x1aa70]		mov	w3, w0	W0=0x8
0x70225f7a74[libsecsdk.so@0x1aa74]		add	x3, x3, w28, sxtw #1	X3=0x8 W28=0x5
0x70225f7a78[libsecsdk.so@0x1aa78]		lsl	x3, x3, #2	X3=0x12
0x70225f7a7c[libsecsdk.so@0x1aa7c]		mov	x0, x20	X20=0x708a819500
0x70225f7a80[libsecsdk.so@0x1aa80]		str	d8, [x25, x3]	X25=0x708a8893c0 X3=0x48
0x70225f7a84[libsecsdk.so@0x1aa84]		bl	#25860	SP=0x708b79ef20
0x70225fdf88[libsecsdk.so@0x20f88]		sub	sp, sp, #32	SP=0x708b79ef20
0x70225fdf8c[libsecsdk.so@0x20f8c]		stp	x19, x20, [sp]	X19=0x0 X20=0x708a819500 SP=0x708b79ef00
0x70225fdf90[libsecsdk.so@0x20f90]		stp	x21, x30, [sp, #16]	X21=0x7022625000 LR=0x70225f7a88 SP=0x708b79ef00
0x70225fdf94[libsecsdk.so@0x20f94]		cbz	x2, #136	X2=0x2886
0x70225fdf98[libsecsdk.so@0x20f98]		ldr	x5, [x1]	X1=0x708b79f068
0x70225fdf9c[libsecsdk.so@0x20f9c]		ldr	x0, [x1, #8]	X1=0x708b79f068
0x70225fdfa0[libsecsdk.so@0x20fa0]		mov	x3, x5	X5=0x7022a5e020
0x70225fdfa4[libsecsdk.so@0x20fa4]		b	#16	
0x70225fdfb4[libsecsdk.so@0x20fb4]		sub	x3, x3, #8	X3=0x7022a5e020
0x70225fdfb8[libsecsdk.so@0x20fb8]		cmp	x0, x3	X0=0x7022a5e000 X3=0x7022a5e018
0x70225fdfbc[libsecsdk.so@0x20fbc]		b.ls	#-20	
0x70225fdfa8[libsecsdk.so@0x20fa8]		ldr	x4, [x3]	X3=0x7022a5e018
0x70225fdfac[libsecsdk.so@0x20fac]		cmp	x2, x4	X2=0x2886 X4=0x69
0x70225fdfb0[libsecsdk.so@0x20fb0]		b.eq	#72	
0x70225fdfb4[libsecsdk.so@0x20fb4]		sub	x3, x3, #8	X3=0x7022a5e018
0x70225fdfb8[libsecsdk.so@0x20fb8]		cmp	x0, x3	X0=0x7022a5e000 X3=0x7022a5e010
0x70225fdfbc[libsecsdk.so@0x20fbc]		b.ls	#-20	
0x70225fdfa8[libsecsdk.so@0x20fa8]		ldr	x4, [x3]	X3=0x7022a5e010
0x70225fdfac[libsecsdk.so@0x20fac]		cmp	x2, x4	X2=0x2886 X4=0x59
0x70225fdfb0[libsecsdk.so@0x20fb0]		b.eq	#72	
0x70225fdfb4[libsecsdk.so@0x20fb4]		sub	x3, x3, #8	X3=0x7022a5e010
0x70225fdfb8[libsecsdk.so@0x20fb8]		cmp	x0, x3	X0=0x7022a5e000 X3=0x7022a5e008
0x70225fdfbc[libsecsdk.so@0x20fbc]		b.ls	#-20	
0x70225fdfa8[libsecsdk.so@0x20fa8]		ldr	x4, [x3]	X3=0x7022a5e008
0x70225fdfac[libsecsdk.so@0x20fac]		cmp	x2, x4	X2=0x2886 X4=0x2876
0x70225fdfb0[libsecsdk.so@0x20fb0]		b.eq	#72	
0x70225fdfb4[libsecsdk.so@0x20fb4]		sub	x3, x3, #8	X3=0x7022a5e008
0x70225fdfb8[libsecsdk.so@0x20fb8]		cmp	x0, x3	X0=0x7022a5e000 X3=0x7022a5e000
0x70225fdfbc[libsecsdk.so@0x20fbc]		b.ls	#-20	
0x70225fdfa8[libsecsdk.so@0x20fa8]		ldr	x4, [x3]	X3=0x7022a5e000
0x70225fdfac[libsecsdk.so@0x20fac]		cmp	x2, x4	X2=0x2886 X4=0x2866
0x70225fdfb0[libsecsdk.so@0x20fb0]		b.eq	#72	
0x70225fdfb4[libsecsdk.so@0x20fb4]		sub	x3, x3, #8	X3=0x7022a5e000
0x70225fdfb8[libsecsdk.so@0x20fb8]		cmp	x0, x3	X0=0x7022a5e000 X3=0x7022a5dff8
0x70225fdfbc[libsecsdk.so@0x20fbc]		b.ls	#-20	
0x70225fdfc0[libsecsdk.so@0x20fc0]		mov	x19, x1	X1=0x708b79f068
0x70225fdfc4[libsecsdk.so@0x20fc4]		ldr	w1, [x1, #16]	X1=0x708b79f068
0x70225fdfc8[libsecsdk.so@0x20fc8]		add	x3, x0, w1, sxtw #3	X0=0x7022a5e000 W1=0x400
0x70225fdfcc[libsecsdk.so@0x20fcc]		cmp	x3, x5	X3=0x7022a60000 X5=0x7022a5e020
0x70225fdfd0[libsecsdk.so@0x20fd0]		mov	x21, x2	X2=0x2886
0x70225fdfd4[libsecsdk.so@0x20fd4]		b.eq	#92	
0x70225fdfd8[libsecsdk.so@0x20fd8]		add	x0, x5, #8	X5=0x7022a5e020
0x70225fdfdc[libsecsdk.so@0x20fdc]		str	x0, [x19]	X0=0x7022a5e028 X19=0x708b79f068
0x70225fdfe0[libsecsdk.so@0x20fe0]		str	x21, [x5]	X21=0x2886 X5=0x7022a5e020
0x70225fdfe4[libsecsdk.so@0x20fe4]		mov	w0, #1	
0x70225fdfe8[libsecsdk.so@0x20fe8]		ldp	x19, x20, [sp]	SP=0x708b79ef00
0x70225fdfec[libsecsdk.so@0x20fec]		ldp	x21, x30, [sp, #16]	SP=0x708b79ef00
0x70225fdff0[libsecsdk.so@0x20ff0]		add	sp, sp, #32	SP=0x708b79ef00
0x70225fdff4[libsecsdk.so@0x20ff4]		ret	LR=0x70225f7a88
0x70225f7a88[libsecsdk.so@0x1aa88]		ldr	x1, [x27]	X27=0x708b79f040
0x70225f7a8c[libsecsdk.so@0x1aa8c]		add	x0, x21, #928	X21=0x7022625000
0x70225f7a90[libsecsdk.so@0x1aa90]		add	x2, x1, #4	X1=0x711b5b735c
0x70225f7a94[libsecsdk.so@0x1aa94]		str	x2, [x27]	X2=0x711b5b7360 X27=0x708b79f040
0x70225f7a98[libsecsdk.so@0x1aa98]		ldrh	w19, [x1, #4]	X1=0x711b5b735c
0x70225f7a9c[libsecsdk.so@0x1aa9c]		uxtb	w1, w19	W19=0x3070
0x70225f7aa0[libsecsdk.so@0x1aaa0]		ldr	x0, [x0, w1, sxtw #3]	X0=0x70226253a0 W1=0x70
0x70225f7aa4[libsecsdk.so@0x1aaa4]		br	x0	X0=0x70225fc304
0x70225fc304[libsecsdk.so@0x1f304]		fmov	w1, s9	
0x70225fc308[libsecsdk.so@0x1f308]		ldr	x0, [x27]	X27=0x708b79f040
0x70225fc30c[libsecsdk.so@0x1f30c]		asr	w5, w19, #12	W19=0x3070
0x70225fc310[libsecsdk.so@0x1f310]		str	x5, [sp, #192]	X5=0x3 SP=0x708b79ef20
0x70225fc314[libsecsdk.so@0x1f314]		ldrh	w3, [x0, #4]	X0=0x711b5b7360
0x70225fc318[libsecsdk.so@0x1f318]		mov	w7, w1	W1=0x8
0x70225fc31c[libsecsdk.so@0x1f31c]		asr	w1, w19, #8	W19=0x3070
0x70225fc320[libsecsdk.so@0x1f320]		and	w4, w3, #0xf	W3=0x543
0x70225fc324[libsecsdk.so@0x1f324]		ldrh	w6, [x0, #2]	X0=0x711b5b7360
0x70225fc328[libsecsdk.so@0x1f328]		fmov	s8, w1	W1=0x30
0x70225fc32c[libsecsdk.so@0x1f32c]		add	x1, x7, w4, uxtw #1	X7=0x8 W4=0x3
0x70225fc330[libsecsdk.so@0x1f330]		lsl	x1, x1, #2	X1=0xe
0x70225fc334[libsecsdk.so@0x1f334]		sxtw	x19, w5	X5=0x3
0x70225fc338[libsecsdk.so@0x1f338]		lsl	x0, x19, #2	X19=0x3
0x70225fc33c[libsecsdk.so@0x1f33c]		str	x6, [sp, #240]	X6=0x49 SP=0x708b79ef20
0x70225fc340[libsecsdk.so@0x1f340]		str	x3, [sp, #232]	X3=0x543 SP=0x708b79ef20
0x70225fc344[libsecsdk.so@0x1f344]		ldr	x11, [x25, x1]	X25=0x708a8893c0 X1=0x38
0x70225fc348[libsecsdk.so@0x1f348]		str	x7, [sp, #224]	X7=0x8 SP=0x708b79ef20
0x70225fc34c[libsecsdk.so@0x1f34c]		str	x4, [sp, #216]	X4=0x3 SP=0x708b79ef20
0x70225fc350[libsecsdk.so@0x1f350]		str	x11, [sp, #208]	X11=0x59 SP=0x708b79ef20
0x70225fc354[libsecsdk.so@0x1f354]		bl	#39576	SP=0x708b79ef20
0x7022605dec[libsecsdk.so@0x28dec]		stp	x29, x30, [sp, #-16]!	FP=0x708b79f600 LR=0x70225fc358 SP=0x708b79ef20
0x7022605df0[libsecsdk.so@0x28df0]		mov	x29, sp	SP=0x708b79ef10
0x7022605df4[libsecsdk.so@0x28df4]		bl	#-212	SP=0x708b79ef10
0x7022605d20[libsecsdk.so@0x28d20]		stp	x29, x30, [sp, #-32]!	FP=0x708b79ef10 LR=0x7022605df8 SP=0x708b79ef10
0x7022605d24[libsecsdk.so@0x28d24]		mov	x29, sp	SP=0x708b79eef0
0x7022605d28[libsecsdk.so@0x28d28]		stp	x19, x20, [sp, #16]	X19=0x3 X20=0x708a819500 SP=0x708b79eef0
0x7022605d2c[libsecsdk.so@0x28d2c]		mov	x19, x0	X0=0xc
0x7022605d30[libsecsdk.so@0x28d30]		adrp	x20, #139264	
0x7022605d34[libsecsdk.so@0x28d34]		b	#32	
0x7022605d54[libsecsdk.so@0x28d54]		mov	x0, x19	X19=0xc
0x7022605d58[libsecsdk.so@0x28d58]		bl	#-132552	SP=0x708b79eef0
0x70225e5790[libsecsdk.so@0x8790]		adrp	x16, #266240	
0x70225e5794[libsecsdk.so@0x8794]		ldr	x17, [x16, #3352]	X16=0x7022626000
0x70225e5798[libsecsdk.so@0x8798]		add	x16, x16, #3352	X16=0x7022626000
0x70225e579c[libsecsdk.so@0x879c]		br	x17	X17=0x711abd432c
0x7022605d5c[libsecsdk.so@0x28d5c]		cbz	x0, #-36	X0=0x7022a69960
0x7022605d60[libsecsdk.so@0x28d60]		ldp	x19, x20, [sp, #16]	SP=0x708b79eef0
0x7022605d64[libsecsdk.so@0x28d64]		ldp	x29, x30, [sp], #32	SP=0x708b79eef0
0x7022605d68[libsecsdk.so@0x28d68]		ret	LR=0x7022605df8
0x7022605df8[libsecsdk.so@0x28df8]		ldp	x29, x30, [sp], #16	SP=0x708b79ef10
0x7022605dfc[libsecsdk.so@0x28dfc]		ret	LR=0x70225fc358
0x70225fc358[libsecsdk.so@0x1f358]		mov	x28, x0	X0=0x7022a69960
0x70225fc35c[libsecsdk.so@0x1f35c]		lsl	x0, x19, #3	X19=0x3
0x70225fc360[libsecsdk.so@0x1f360]		bl	#39564	SP=0x708b79ef20
0x7022605dec[libsecsdk.so@0x28dec]		stp	x29, x30, [sp, #-16]!	FP=0x708b79f600 LR=0x70225fc364 SP=0x708b79ef20
0x7022605df0[libsecsdk.so@0x28df0]		mov	x29, sp	SP=0x708b79ef10
0x7022605df4[libsecsdk.so@0x28df4]		bl	#-212	SP=0x708b79ef10
0x7022605d20[libsecsdk.so@0x28d20]		stp	x29, x30, [sp, #-32]!	FP=0x708b79ef10 LR=0x7022605df8 SP=0x708b79ef10
0x7022605d24[libsecsdk.so@0x28d24]		mov	x29, sp	SP=0x708b79eef0
0x7022605d28[libsecsdk.so@0x28d28]		stp	x19, x20, [sp, #16]	X19=0x3 X20=0x708a819500 SP=0x708b79eef0
0x7022605d2c[libsecsdk.so@0x28d2c]		mov	x19, x0	X0=0x18
0x7022605d30[libsecsdk.so@0x28d30]		adrp	x20, #139264	
0x7022605d34[libsecsdk.so@0x28d34]		b	#32	
0x7022605d54[libsecsdk.so@0x28d54]		mov	x0, x19	X19=0x18
0x7022605d58[libsecsdk.so@0x28d58]		bl	#-132552	SP=0x708b79eef0
0x70225e5790[libsecsdk.so@0x8790]		adrp	x16, #266240	
0x70225e5794[libsecsdk.so@0x8794]		ldr	x17, [x16, #3352]	X16=0x7022626000
0x70225e5798[libsecsdk.so@0x8798]		add	x16, x16, #3352	X16=0x7022626000
0x70225e579c[libsecsdk.so@0x879c]		br	x17	X17=0x711abd432c
0x7022605d5c[libsecsdk.so@0x28d5c]		cbz	x0, #-36	X0=0x7022a702e0
0x7022605d60[libsecsdk.so@0x28d60]		ldp	x19, x20, [sp, #16]	SP=0x708b79eef0
0x7022605d64[libsecsdk.so@0x28d64]		ldp	x29, x30, [sp], #32	SP=0x708b79eef0
0x7022605d68[libsecsdk.so@0x28d68]		ret	LR=0x7022605df8
0x7022605df8[libsecsdk.so@0x28df8]		ldp	x29, x30, [sp], #16	SP=0x708b79ef10
0x7022605dfc[libsecsdk.so@0x28dfc]		ret	LR=0x70225fc364
0x70225fc364[libsecsdk.so@0x1f364]		mov	x19, x0	X0=0x7022a702e0
0x70225fc368[libsecsdk.so@0x1f368]		ldr	x5, [sp, #192]	SP=0x708b79ef20
0x70225fc36c[libsecsdk.so@0x1f36c]		mov	w1, #0	
0x70225fc370[libsecsdk.so@0x1f370]		mov	x0, x28	X28=0x7022a69960
0x70225fc374[libsecsdk.so@0x1f374]		ubfiz	x2, x5, #2, #4	X5=0x3
0x70225fc378[libsecsdk.so@0x1f378]		bl	#-92712	SP=0x708b79ef20
0x70225e5950[libsecsdk.so@0x8950]		adrp	x16, #266240	
0x70225e5954[libsecsdk.so@0x8954]		ldr	x17, [x16, #3576]	X16=0x7022626000
0x70225e5958[libsecsdk.so@0x8958]		add	x16, x16, #3576	X16=0x7022626000
0x70225e595c[libsecsdk.so@0x895c]		br	x17	X17=0x711ac12340
0x70225fc37c[libsecsdk.so@0x1f37c]		ldr	x5, [sp, #192]	SP=0x708b79ef20
0x70225fc380[libsecsdk.so@0x1f380]		mov	x0, x19	X19=0x7022a702e0
0x70225fc384[libsecsdk.so@0x1f384]		mov	w1, #0	
0x70225fc388[libsecsdk.so@0x1f388]		ubfiz	x2, x5, #3, #4	X5=0x3
0x70225fc38c[libsecsdk.so@0x1f38c]		bl	#-92732	SP=0x708b79ef20
0x70225e5950[libsecsdk.so@0x8950]		adrp	x16, #266240	
0x70225e5954[libsecsdk.so@0x8954]		ldr	x17, [x16, #3576]	X16=0x7022626000
0x70225e5958[libsecsdk.so@0x8958]		add	x16, x16, #3576	X16=0x7022626000
0x70225e595c[libsecsdk.so@0x895c]		br	x17	X17=0x711ac12340
0x70225fc390[libsecsdk.so@0x1f390]		ldr	x5, [sp, #192]	SP=0x708b79ef20
0x70225fc394[libsecsdk.so@0x1f394]		ldr	x11, [sp, #208]	SP=0x708b79ef20
0x70225fc398[libsecsdk.so@0x1f398]		sub	w0, w5, #1	W5=0x3
0x70225fc39c[libsecsdk.so@0x1f39c]		ldr	x4, [sp, #216]	SP=0x708b79ef20
0x70225fc3a0[libsecsdk.so@0x1f3a0]		cmp	w0, #4	W0=0x2
0x70225fc3a4[libsecsdk.so@0x1f3a4]		ldr	x7, [sp, #224]	SP=0x708b79ef20
0x70225fc3a8[libsecsdk.so@0x1f3a8]		ldr	x3, [sp, #232]	SP=0x708b79ef20
0x70225fc3ac[libsecsdk.so@0x1f3ac]		ldr	x6, [sp, #240]	SP=0x708b79ef20
0x70225fc3b0[libsecsdk.so@0x1f3b0]		b.hi	#-356	
0x70225fc3b4[libsecsdk.so@0x1f3b4]		fmov	x1, d14	
0x70225fc3b8[libsecsdk.so@0x1f3b8]		ldrh	w0, [x1, w0, uxtw #1]	X1=0x702260dd90 W0=0x2
0x70225fc3bc[libsecsdk.so@0x1f3bc]		adr	x1, #12	
0x70225fc3c0[libsecsdk.so@0x1f3c0]		add	x0, x1, w0, sxth #2	X1=0x70225fc3c8 W0=0x1bc
0x70225fc3c4[libsecsdk.so@0x1f3c4]		br	x0	X0=0x70225fcab8
0x70225fcab8[libsecsdk.so@0x1fab8]		ubfx	x1, x3, #8, #4	X3=0x543
0x70225fcabc[libsecsdk.so@0x1fabc]		add	x0, x7, w1, sxtw #1	X7=0x8 W1=0x5
0x70225fcac0[libsecsdk.so@0x1fac0]		lsl	x0, x0, #2	X0=0x12
0x70225fcac4[libsecsdk.so@0x1fac4]		ldr	w1, [x25, w1, sxtw #2]	X25=0x708a8893c0 W1=0x5
0x70225fcac8[libsecsdk.so@0x1fac8]		str	w1, [x28, #8]	W1=0x2886 X28=0x7022a69960
0x70225fcacc[libsecsdk.so@0x1facc]		ldr	x0, [x25, x0]	X25=0x708a8893c0 X0=0x48
0x70225fcad0[libsecsdk.so@0x1fad0]		str	x0, [x19, #16]	X0=0x2886 X19=0x7022a702e0
0x70225fcad4[libsecsdk.so@0x1fad4]		ubfx	x3, x3, #4, #4	X3=0x543
0x70225fcad8[libsecsdk.so@0x1fad8]		add	x7, x7, w3, sxtw #1	X7=0x8 W3=0x4
0x70225fcadc[libsecsdk.so@0x1fadc]		lsl	x7, x7, #2	X7=0x10
0x70225fcae0[libsecsdk.so@0x1fae0]		ldr	w0, [x25, w3, sxtw #2]	X25=0x708a8893c0 W3=0x4
0x70225fcae4[libsecsdk.so@0x1fae4]		str	w0, [x28, #4]	W0=0x69 X28=0x7022a69960
0x70225fcae8[libsecsdk.so@0x1fae8]		ldr	x0, [x25, x7]	X25=0x708a8893c0 X7=0x40
0x70225fcaec[libsecsdk.so@0x1faec]		str	x0, [x19, #8]	X0=0x69 X19=0x7022a702e0
0x70225fcaf0[libsecsdk.so@0x1faf0]		ubfiz	x4, x4, #2, #4	X4=0x3
0x70225fcaf4[libsecsdk.so@0x1faf4]		ldr	w0, [x25, x4]	X25=0x708a8893c0 X4=0xc
0x70225fcaf8[libsecsdk.so@0x1faf8]		str	w0, [x28]	W0=0x59 X28=0x7022a69960
0x70225fcafc[libsecsdk.so@0x1fafc]		str	x11, [x19]	X11=0x59 X19=0x7022a702e0
0x70225fcb00[libsecsdk.so@0x1fb00]		b	#-2228	
0x70225fc24c[libsecsdk.so@0x1f24c]		cbz	x11, #-23388	X11=0x59
0x70225fc250[libsecsdk.so@0x1f250]		add	x8, sp, #287	SP=0x708b79ef20
0x70225fc254[libsecsdk.so@0x1f254]		mov	w7, #0	
0x70225fc258[libsecsdk.so@0x1f258]		str	x8, [sp, #16]	X8=0x708b79f03f SP=0x708b79ef20
0x70225fc25c[libsecsdk.so@0x1f25c]		mov	x1, x20	X20=0x708a819500
0x70225fc260[libsecsdk.so@0x1f260]		mov	x2, x11	X11=0x59
0x70225fc264[libsecsdk.so@0x1f264]		mov	x3, x28	X28=0x7022a69960
0x70225fc268[libsecsdk.so@0x1f268]		mov	x4, x19	X19=0x7022a702e0
0x70225fc26c[libsecsdk.so@0x1f26c]		strb	w7, [sp]	W7=0x0 SP=0x708b79ef20
0x70225fc270[libsecsdk.so@0x1f270]		strb	w7, [sp, #8]	W7=0x0 SP=0x708b79ef20
0x70225fc274[libsecsdk.so@0x1f274]		mov	x0, x24	X24=0x708a81f3e8
0x70225fc278[libsecsdk.so@0x1f278]		str	x8, [sp, #192]	X8=0x708b79f03f SP=0x708b79ef20
0x70225fc27c[libsecsdk.so@0x1f27c]		strb	w7, [sp, #287]	W7=0x0 SP=0x708b79ef20
0x70225fc280[libsecsdk.so@0x1f280]		bl	#21852	SP=0x708b79ef20
0x70226017dc[libsecsdk.so@0x247dc]		sub	sp, sp, #160	SP=0x708b79ef20
0x70226017e0[libsecsdk.so@0x247e0]		uxtb	w7, w7	W7=0x0
0x70226017e4[libsecsdk.so@0x247e4]		ubfiz	x6, x6, #3, #32	X6=0x49
0x70226017e8[libsecsdk.so@0x247e8]		stp	d8, d9, [sp, #88]	SP=0x708b79ee80
0x70226017ec[libsecsdk.so@0x247ec]		str	d14, [sp, #136]	SP=0x708b79ee80
0x70226017f0[libsecsdk.so@0x247f0]		stp	d12, d13, [sp, #120]	SP=0x708b79ee80
0x70226017f4[libsecsdk.so@0x247f4]		stp	x19, x20, [sp]	X19=0x7022a702e0 X20=0x708a819500 SP=0x708b79ee80
0x70226017f8[libsecsdk.so@0x247f8]		stp	d10, d11, [sp, #104]	SP=0x708b79ee80
0x70226017fc[libsecsdk.so@0x247fc]		stp	x23, x24, [sp, #32]	X23=0x708b79f068 X24=0x708a81f3e8 SP=0x708b79ee80
0x7022601800[libsecsdk.so@0x24800]		stp	x25, x26, [sp, #48]	X25=0x708a8893c0 X26=0x70228b8c00 SP=0x708b79ee80
0x7022601804[libsecsdk.so@0x24804]		stp	x21, x22, [sp, #16]	X21=0x7022625000 X22=0x708b79f088 SP=0x708b79ee80
0x7022601808[libsecsdk.so@0x24808]		stp	x27, x28, [sp, #64]	X27=0x708b79f040 X28=0x7022a69960 SP=0x708b79ee80
0x702260180c[libsecsdk.so@0x2480c]		str	x30, [sp, #80]	LR=0x70225fc284 SP=0x708b79ee80
0x7022601810[libsecsdk.so@0x24810]		mov	x24, #0	
0x7022601814[libsecsdk.so@0x24814]		fmov	s13, w7	W7=0x0
0x7022601818[libsecsdk.so@0x24818]		ldrb	w7, [sp, #168]	SP=0x708b79ee80
0x702260181c[libsecsdk.so@0x2481c]		ldr	x8, [x0]	X0=0x708a81f3e8
0x7022601820[libsecsdk.so@0x24820]		ldrb	w26, [sp, #160]	SP=0x708b79ee80
0x7022601824[libsecsdk.so@0x24824]		fmov	s8, w7	W7=0x0
0x7022601828[libsecsdk.so@0x24828]		ldr	x7, [x8, #40]	X8=0x7022a969c0
0x702260182c[libsecsdk.so@0x2482c]		adds	x19, x7, x6	X7=0x702489e5f0 X6=0x248
0x7022601830[libsecsdk.so@0x24830]		b.eq	#472	
0x7022601834[libsecsdk.so@0x24834]		ldr	w10, [x19, #4]	X19=0x702489e838
0x7022601838[libsecsdk.so@0x24838]		ldr	x9, [x8, #16]	X8=0x7022a969c0
0x702260183c[libsecsdk.so@0x2483c]		ldr	x20, [x8, #88]	X8=0x7022a969c0
0x7022601840[libsecsdk.so@0x24840]		ldr	w8, [x9, x10, lsl #2]	X9=0x702489e070 X10=0x7
0x7022601844[libsecsdk.so@0x24844]		add	x20, x20, x8	X20=0x702489e000 X8=0x141a
0x7022601848[libsecsdk.so@0x24848]		ldrsb	w8, [x20], #1	X20=0x702489f41a
0x702260184c[libsecsdk.so@0x2484c]		tbnz	w8, #31, #-4	W8=0x6
0x7022601850[libsecsdk.so@0x24850]		fmov	d12, x2	X2=0x59
0x7022601854[libsecsdk.so@0x24854]		mov	x21, x1	X1=0x708a819500
0x7022601858[libsecsdk.so@0x24858]		fmov	s14, w5	W5=0x3
0x702260185c[libsecsdk.so@0x2485c]		ldrh	w1, [x19, #2]	X19=0x702489e838
0x7022601860[libsecsdk.so@0x24860]		fmov	d11, x4	X4=0x7022a702e0
0x7022601864[libsecsdk.so@0x24864]		mov	x22, x0	X0=0x708a81f3e8
0x7022601868[libsecsdk.so@0x24868]		fmov	d10, x3	X3=0x7022a69960
0x702260186c[libsecsdk.so@0x2486c]		str	x7, [sp, #152]	X7=0x702489e5f0 SP=0x708b79ee80
0x7022601870[libsecsdk.so@0x24870]		str	x6, [sp, #144]	X6=0x248 SP=0x708b79ee80
0x7022601874[libsecsdk.so@0x24874]		bl	#-9560	SP=0x708b79ee80
0x70225ff31c[libsecsdk.so@0x2231c]		sub	sp, sp, #96	SP=0x708b79ee80
0x70225ff320[libsecsdk.so@0x22320]		mov	w1, w1	W1=0x1b
0x70225ff324[libsecsdk.so@0x22324]		add	x1, x1, x1, lsl #1	X1=0x1b X1=0x1b
0x70225ff328[libsecsdk.so@0x22328]		stp	x21, x22, [sp, #16]	X21=0x708a819500 X22=0x708a81f3e8 SP=0x708b79ee20
0x70225ff32c[libsecsdk.so@0x2232c]		stp	x19, x20, [sp]	X19=0x702489e838 X20=0x702489f41b SP=0x708b79ee20
0x70225ff330[libsecsdk.so@0x22330]		stp	x23, x24, [sp, #32]	X23=0x708b79f068 X24=0x0 SP=0x708b79ee20
0x70225ff334[libsecsdk.so@0x22334]		stp	x25, x26, [sp, #48]	X25=0x708a8893c0 X26=0x0 SP=0x708b79ee20
0x70225ff338[libsecsdk.so@0x22338]		stp	x27, x28, [sp, #64]	X27=0x708b79f040 X28=0x7022a69960 SP=0x708b79ee20
0x70225ff33c[libsecsdk.so@0x2233c]		str	x30, [sp, #80]	LR=0x7022601878 SP=0x708b79ee20
0x70225ff340[libsecsdk.so@0x22340]		mov	x22, x0	X0=0x708a81f3e8
0x70225ff344[libsecsdk.so@0x22344]		ldr	x0, [x0]	X0=0x708a81f3e8
0x70225ff348[libsecsdk.so@0x22348]		ldr	x23, [x0, #48]	X0=0x7022a969c0
0x70225ff34c[libsecsdk.so@0x2234c]		add	x23, x23, x1, lsl #2	X23=0x702489e3e4 X1=0x51
0x70225ff350[libsecsdk.so@0x22350]		ldr	w1, [x23, #8]	X23=0x702489e528
0x70225ff354[libsecsdk.so@0x22354]		cbnz	w1, #272	W1=0x1364
0x70225ff464[libsecsdk.so@0x22464]		ldr	x21, [x0, #88]	X0=0x7022a969c0
0x70225ff468[libsecsdk.so@0x22468]		mov	w1, w1	W1=0x1364
0x70225ff46c[libsecsdk.so@0x2246c]		adds	x26, x21, x1	X21=0x702489e000 X1=0x1364
0x70225ff470[libsecsdk.so@0x22470]		b.eq	#88	
0x70225ff474[libsecsdk.so@0x22474]		ldr	w25, [x21, x1]	X21=0x702489e000 X1=0x1364
0x70225ff478[libsecsdk.so@0x22478]		cbz	w25, #100	W25=0x2
0x70225ff47c[libsecsdk.so@0x2247c]		sub	w24, w25, #1	W25=0x2
0x70225ff480[libsecsdk.so@0x22480]		ldr	x27, [x0, #24]	X0=0x7022a969c0
0x70225ff484[libsecsdk.so@0x22484]		add	x24, x24, #3	X24=0x1
0x70225ff488[libsecsdk.so@0x22488]		ldr	x28, [x0, #16]	X0=0x7022a969c0
0x70225ff48c[libsecsdk.so@0x2248c]		add	x19, x26, #4	X26=0x702489f364
0x70225ff490[libsecsdk.so@0x22490]		mov	x20, #3	
0x70225ff494[libsecsdk.so@0x22494]		add	x24, x26, x24, lsl #1	X26=0x702489f364 X24=0x4
0x70225ff498[libsecsdk.so@0x22498]		ldrh	w2, [x19]	X19=0x702489f368
0x70225ff49c[libsecsdk.so@0x2249c]		ldr	w2, [x27, x2, lsl #2]	X27=0x702489e35c X2=0x1f
0x70225ff4a0[libsecsdk.so@0x224a0]		ldr	w1, [x28, x2, lsl #2]	X28=0x702489e070 X2=0x49
0x70225ff4a4[libsecsdk.so@0x224a4]		add	x0, x21, x1	X21=0x702489e000 X1=0x1861
0x70225ff4a8[libsecsdk.so@0x224a8]		ldrsb	w1, [x0], #1	X0=0x702489f861
0x70225ff4ac[libsecsdk.so@0x224ac]		tbnz	w1, #31, #-4	W1=0x2
0x70225ff4b0[libsecsdk.so@0x224b0]		bl	#-105008	SP=0x708b79ee20
0x70225e5a80[libsecsdk.so@0x8a80]		adrp	x16, #266240	
0x70225e5a84[libsecsdk.so@0x8a84]		ldr	x17, [x16, #3728]	X16=0x7022626000
0x70225e5a88[libsecsdk.so@0x8a88]		add	x16, x16, #3728	X16=0x7022626000
0x70225e5a8c[libsecsdk.so@0x8a8c]		br	x17	X17=0x711ac12960
0x70225ff4b4[libsecsdk.so@0x224b4]		add	x19, x19, #2	X19=0x702489f368
0x70225ff4b8[libsecsdk.so@0x224b8]		cmp	x19, x24	X19=0x702489f36a X24=0x702489f36c
0x70225ff4bc[libsecsdk.so@0x224bc]		add	x20, x20, x0	X20=0x3 X0=0x2
0x70225ff4c0[libsecsdk.so@0x224c0]		b.ne	#-40	
0x70225ff498[libsecsdk.so@0x22498]		ldrh	w2, [x19]	X19=0x702489f36a
0x70225ff49c[libsecsdk.so@0x2249c]		ldr	w2, [x27, x2, lsl #2]	X27=0x702489e35c X2=0x13
0x70225ff4a0[libsecsdk.so@0x224a0]		ldr	w1, [x28, x2, lsl #2]	X28=0x702489e070 X2=0x2e
0x70225ff4a4[libsecsdk.so@0x224a4]		add	x0, x21, x1	X21=0x702489e000 X1=0x16bd
0x70225ff4a8[libsecsdk.so@0x224a8]		ldrsb	w1, [x0], #1	X0=0x702489f6bd
0x70225ff4ac[libsecsdk.so@0x224ac]		tbnz	w1, #31, #-4	W1=0x12
0x70225ff4b0[libsecsdk.so@0x224b0]		bl	#-105008	SP=0x708b79ee20
0x70225e5a80[libsecsdk.so@0x8a80]		adrp	x16, #266240	
0x70225e5a84[libsecsdk.so@0x8a84]		ldr	x17, [x16, #3728]	X16=0x7022626000
0x70225e5a88[libsecsdk.so@0x8a88]		add	x16, x16, #3728	X16=0x7022626000
0x70225e5a8c[libsecsdk.so@0x8a8c]		br	x17	X17=0x711ac12960
0x70225ff4b4[libsecsdk.so@0x224b4]		add	x19, x19, #2	X19=0x702489f36a
0x70225ff4b8[libsecsdk.so@0x224b8]		cmp	x19, x24	X19=0x702489f36c X24=0x702489f36c
0x70225ff4bc[libsecsdk.so@0x224bc]		add	x20, x20, x0	X20=0x5 X0=0x12
0x70225ff4c0[libsecsdk.so@0x224c0]		b.ne	#-40	
0x70225ff4c4[libsecsdk.so@0x224c4]		b	#-340	
0x70225ff370[libsecsdk.so@0x22370]		ldr	w0, [x23, #4]	X23=0x702489e528
0x70225ff374[libsecsdk.so@0x22374]		ldr	w0, [x27, x0, lsl #2]	X27=0x702489e35c X0=0x1d
0x70225ff378[libsecsdk.so@0x22378]		ldr	w1, [x28, x0, lsl #2]	X28=0x702489e070 X0=0x3e
0x70225ff37c[libsecsdk.so@0x2237c]		add	x0, x21, x1	X21=0x702489e000 X1=0x180c
0x70225ff380[libsecsdk.so@0x22380]		ldrsb	w2, [x0], #1	X0=0x702489f80c
0x70225ff384[libsecsdk.so@0x22384]		tbnz	w2, #31, #-4	W2=0x1
0x70225ff388[libsecsdk.so@0x22388]		bl	#-104712	SP=0x708b79ee20
0x70225e5a80[libsecsdk.so@0x8a80]		adrp	x16, #266240	
0x70225e5a84[libsecsdk.so@0x8a84]		ldr	x17, [x16, #3728]	X16=0x7022626000
0x70225e5a88[libsecsdk.so@0x8a88]		add	x16, x16, #3728	X16=0x7022626000
0x70225e5a8c[libsecsdk.so@0x8a8c]		br	x17	X17=0x711ac12960
0x70225ff38c[libsecsdk.so@0x2238c]		add	x0, x0, x20	X0=0x1 X20=0x17
0x70225ff390[libsecsdk.so@0x22390]		bl	#27228	SP=0x708b79ee20
0x7022605dec[libsecsdk.so@0x28dec]		stp	x29, x30, [sp, #-16]!	FP=0x708b79f600 LR=0x70225ff394 SP=0x708b79ee20
0x7022605df0[libsecsdk.so@0x28df0]		mov	x29, sp	SP=0x708b79ee10
0x7022605df4[libsecsdk.so@0x28df4]		bl	#-212	SP=0x708b79ee10
0x7022605d20[libsecsdk.so@0x28d20]		stp	x29, x30, [sp, #-32]!	FP=0x708b79ee10 LR=0x7022605df8 SP=0x708b79ee10
0x7022605d24[libsecsdk.so@0x28d24]		mov	x29, sp	SP=0x708b79edf0
0x7022605d28[libsecsdk.so@0x28d28]		stp	x19, x20, [sp, #16]	X19=0x702489f36c X20=0x17 SP=0x708b79edf0
0x7022605d2c[libsecsdk.so@0x28d2c]		mov	x19, x0	X0=0x18
0x7022605d30[libsecsdk.so@0x28d30]		adrp	x20, #139264	
0x7022605d34[libsecsdk.so@0x28d34]		b	#32	
0x7022605d54[libsecsdk.so@0x28d54]		mov	x0, x19	X19=0x18
0x7022605d58[libsecsdk.so@0x28d58]		bl	#-132552	SP=0x708b79edf0
0x70225e5790[libsecsdk.so@0x8790]		adrp	x16, #266240	
0x70225e5794[libsecsdk.so@0x8794]		ldr	x17, [x16, #3352]	X16=0x7022626000
0x70225e5798[libsecsdk.so@0x8798]		add	x16, x16, #3352	X16=0x7022626000
0x70225e579c[libsecsdk.so@0x879c]		br	x17	X17=0x711abd432c
0x7022605d5c[libsecsdk.so@0x28d5c]		cbz	x0, #-36	X0=0x7022a70580
0x7022605d60[libsecsdk.so@0x28d60]		ldp	x19, x20, [sp, #16]	SP=0x708b79edf0
0x7022605d64[libsecsdk.so@0x28d64]		ldp	x29, x30, [sp], #32	SP=0x708b79edf0
0x7022605d68[libsecsdk.so@0x28d68]		ret	LR=0x7022605df8
0x7022605df8[libsecsdk.so@0x28df8]		ldp	x29, x30, [sp], #16	SP=0x708b79ee10
0x7022605dfc[libsecsdk.so@0x28dfc]		ret	LR=0x70225ff394
0x70225ff394[libsecsdk.so@0x22394]		mov	x24, x0	X0=0x7022a70580
0x70225ff398[libsecsdk.so@0x22398]		add	x21, x0, #1	X0=0x7022a70580
0x70225ff39c[libsecsdk.so@0x2239c]		mov	w0, #40	
0x70225ff3a0[libsecsdk.so@0x223a0]		strb	w0, [x24]	W0=0x28 X24=0x7022a70580
0x70225ff3a4[libsecsdk.so@0x223a4]		cbz	w25, #96	W25=0x2
0x70225ff3a8[libsecsdk.so@0x223a8]		sub	w25, w25, #1	W25=0x2
0x70225ff3ac[libsecsdk.so@0x223ac]		add	x20, x26, #4	X26=0x702489f364
0x70225ff3b0[libsecsdk.so@0x223b0]		add	x25, x25, #3	X25=0x1
0x70225ff3b4[libsecsdk.so@0x223b4]		add	x25, x26, x25, lsl #1	X26=0x702489f364 X25=0x4
0x70225ff3b8[libsecsdk.so@0x223b8]		ldr	x1, [x22]	X22=0x708a81f3e8
0x70225ff3bc[libsecsdk.so@0x223bc]		ldrh	w4, [x20]	X20=0x702489f368
0x70225ff3c0[libsecsdk.so@0x223c0]		ldr	x3, [x1, #24]	X1=0x7022a969c0
0x70225ff3c4[libsecsdk.so@0x223c4]		ldr	x2, [x1, #16]	X1=0x7022a969c0
0x70225ff3c8[libsecsdk.so@0x223c8]		ldr	x19, [x1, #88]	X1=0x7022a969c0
0x70225ff3cc[libsecsdk.so@0x223cc]		ldr	w1, [x3, x4, lsl #2]	X3=0x702489e35c X4=0x1f
0x70225ff3d0[libsecsdk.so@0x223d0]		ldr	w1, [x2, x1, lsl #2]	X2=0x702489e070 X1=0x49
0x70225ff3d4[libsecsdk.so@0x223d4]		add	x19, x19, x1	X19=0x702489e000 X1=0x1861
0x70225ff3d8[libsecsdk.so@0x223d8]		ldrsb	w1, [x19], #1	X19=0x702489f861
0x70225ff3dc[libsecsdk.so@0x223dc]		tbnz	w1, #31, #-4	W1=0x2
0x70225ff3e0[libsecsdk.so@0x223e0]		mov	x0, x21	X21=0x7022a70581
0x70225ff3e4[libsecsdk.so@0x223e4]		mov	x1, x19	X19=0x702489f862
0x70225ff3e8[libsecsdk.so@0x223e8]		add	x20, x20, #2	X20=0x702489f368
0x70225ff3ec[libsecsdk.so@0x223ec]		bl	#-105788	SP=0x708b79ee20
0x70225e56b0[libsecsdk.so@0x86b0]		adrp	x16, #266240	
0x70225e56b4[libsecsdk.so@0x86b4]		ldr	x17, [x16, #3240]	X16=0x7022626000
0x70225e56b8[libsecsdk.so@0x86b8]		add	x16, x16, #3240	X16=0x7022626000
0x70225e56bc[libsecsdk.so@0x86bc]		br	x17	X17=0x711ac12830
0x70225ff3f0[libsecsdk.so@0x223f0]		mov	x0, x19	X19=0x702489f862
0x70225ff3f4[libsecsdk.so@0x223f4]		bl	#-104820	SP=0x708b79ee20
0x70225e5a80[libsecsdk.so@0x8a80]		adrp	x16, #266240	
0x70225e5a84[libsecsdk.so@0x8a84]		ldr	x17, [x16, #3728]	X16=0x7022626000
0x70225e5a88[libsecsdk.so@0x8a88]		add	x16, x16, #3728	X16=0x7022626000
0x70225e5a8c[libsecsdk.so@0x8a8c]		br	x17	X17=0x711ac12960
0x70225ff3f8[libsecsdk.so@0x223f8]		add	x21, x21, x0	X21=0x7022a70581 X0=0x2
0x70225ff3fc[libsecsdk.so@0x223fc]		cmp	x20, x25	X20=0x702489f36a X25=0x702489f36c
0x70225ff400[libsecsdk.so@0x22400]		b.ne	#-72	
0x70225ff3b8[libsecsdk.so@0x223b8]		ldr	x1, [x22]	X22=0x708a81f3e8
0x70225ff3bc[libsecsdk.so@0x223bc]		ldrh	w4, [x20]	X20=0x702489f36a
0x70225ff3c0[libsecsdk.so@0x223c0]		ldr	x3, [x1, #24]	X1=0x7022a969c0
0x70225ff3c4[libsecsdk.so@0x223c4]		ldr	x2, [x1, #16]	X1=0x7022a969c0
0x70225ff3c8[libsecsdk.so@0x223c8]		ldr	x19, [x1, #88]	X1=0x7022a969c0
0x70225ff3cc[libsecsdk.so@0x223cc]		ldr	w1, [x3, x4, lsl #2]	X3=0x702489e35c X4=0x13
0x70225ff3d0[libsecsdk.so@0x223d0]		ldr	w1, [x2, x1, lsl #2]	X2=0x702489e070 X1=0x2e
0x70225ff3d4[libsecsdk.so@0x223d4]		add	x19, x19, x1	X19=0x702489e000 X1=0x16bd
0x70225ff3d8[libsecsdk.so@0x223d8]		ldrsb	w1, [x19], #1	X19=0x702489f6bd
0x70225ff3dc[libsecsdk.so@0x223dc]		tbnz	w1, #31, #-4	W1=0x12
0x70225ff3e0[libsecsdk.so@0x223e0]		mov	x0, x21	X21=0x7022a70583
0x70225ff3e4[libsecsdk.so@0x223e4]		mov	x1, x19	X19=0x702489f6be
0x70225ff3e8[libsecsdk.so@0x223e8]		add	x20, x20, #2	X20=0x702489f36a
0x70225ff3ec[libsecsdk.so@0x223ec]		bl	#-105788	SP=0x708b79ee20
0x70225e56b0[libsecsdk.so@0x86b0]		adrp	x16, #266240	
0x70225e56b4[libsecsdk.so@0x86b4]		ldr	x17, [x16, #3240]	X16=0x7022626000
0x70225e56b8[libsecsdk.so@0x86b8]		add	x16, x16, #3240	X16=0x7022626000
0x70225e56bc[libsecsdk.so@0x86bc]		br	x17	X17=0x711ac12830
0x70225ff3f0[libsecsdk.so@0x223f0]		mov	x0, x19	X19=0x702489f6be
0x70225ff3f4[libsecsdk.so@0x223f4]		bl	#-104820	SP=0x708b79ee20
0x70225e5a80[libsecsdk.so@0x8a80]		adrp	x16, #266240	
0x70225e5a84[libsecsdk.so@0x8a84]		ldr	x17, [x16, #3728]	X16=0x7022626000
0x70225e5a88[libsecsdk.so@0x8a88]		add	x16, x16, #3728	X16=0x7022626000
0x70225e5a8c[libsecsdk.so@0x8a8c]		br	x17	X17=0x711ac12960
0x70225ff3f8[libsecsdk.so@0x223f8]		add	x21, x21, x0	X21=0x7022a70583 X0=0x12
0x70225ff3fc[libsecsdk.so@0x223fc]		cmp	x20, x25	X20=0x702489f36c X25=0x702489f36c
0x70225ff400[libsecsdk.so@0x22400]		b.ne	#-72	
0x70225ff404[libsecsdk.so@0x22404]		mov	w0, #41	
0x70225ff408[libsecsdk.so@0x22408]		strb	w0, [x21]	W0=0x29 X21=0x7022a70595
0x70225ff40c[libsecsdk.so@0x2240c]		add	x21, x21, #1	X21=0x7022a70595
0x70225ff410[libsecsdk.so@0x22410]		ldr	x0, [x22]	X22=0x708a81f3e8
0x70225ff414[libsecsdk.so@0x22414]		ldr	w3, [x23, #4]	X23=0x702489e528
0x70225ff418[libsecsdk.so@0x22418]		ldr	x2, [x0, #24]	X0=0x7022a969c0
0x70225ff41c[libsecsdk.so@0x2241c]		ldr	x1, [x0, #16]	X0=0x7022a969c0
0x70225ff420[libsecsdk.so@0x22420]		ldr	x0, [x0, #88]	X0=0x7022a969c0
0x70225ff424[libsecsdk.so@0x22424]		ldr	w2, [x2, x3, lsl #2]	X2=0x702489e35c X3=0x1d
0x70225ff428[libsecsdk.so@0x22428]		ldr	w1, [x1, x2, lsl #2]	X1=0x702489e070 X2=0x3e
0x70225ff42c[libsecsdk.so@0x2242c]		add	x1, x0, x1	X0=0x702489e000 X1=0x180c
0x70225ff430[libsecsdk.so@0x22430]		ldrsb	w2, [x1], #1	X1=0x702489f80c
0x70225ff434[libsecsdk.so@0x22434]		tbnz	w2, #31, #-4	W2=0x1
0x70225ff438[libsecsdk.so@0x22438]		mov	x0, x21	X21=0x7022a70596
0x70225ff43c[libsecsdk.so@0x2243c]		bl	#-105868	SP=0x708b79ee20
0x70225e56b0[libsecsdk.so@0x86b0]		adrp	x16, #266240	
0x70225e56b4[libsecsdk.so@0x86b4]		ldr	x17, [x16, #3240]	X16=0x7022626000
0x70225e56b8[libsecsdk.so@0x86b8]		add	x16, x16, #3240	X16=0x7022626000
0x70225e56bc[libsecsdk.so@0x86bc]		br	x17	X17=0x711ac12830
0x70225ff440[libsecsdk.so@0x22440]		mov	x0, x24	X24=0x7022a70580
0x70225ff444[libsecsdk.so@0x22444]		ldr	x30, [sp, #80]	SP=0x708b79ee20
0x70225ff448[libsecsdk.so@0x22448]		ldp	x19, x20, [sp]	SP=0x708b79ee20
0x70225ff44c[libsecsdk.so@0x2244c]		ldp	x21, x22, [sp, #16]	SP=0x708b79ee20
0x70225ff450[libsecsdk.so@0x22450]		ldp	x23, x24, [sp, #32]	SP=0x708b79ee20
0x70225ff454[libsecsdk.so@0x22454]		ldp	x25, x26, [sp, #48]	SP=0x708b79ee20
0x70225ff458[libsecsdk.so@0x22458]		ldp	x27, x28, [sp, #64]	SP=0x708b79ee20
0x70225ff45c[libsecsdk.so@0x2245c]		add	sp, sp, #96	SP=0x708b79ee20
0x70225ff460[libsecsdk.so@0x22460]		ret	LR=0x7022601878
0x7022601878[libsecsdk.so@0x24878]		ldrh	w23, [x19, #2]	X19=0x702489e838
0x702260187c[libsecsdk.so@0x2487c]		mov	x27, x0	X0=0x7022a70580
0x7022601880[libsecsdk.so@0x24880]		ldr	x0, [x22]	X22=0x708a81f3e8
0x7022601884[libsecsdk.so@0x24884]		ldr	x7, [sp, #152]	SP=0x708b79ee80
0x7022601888[libsecsdk.so@0x24888]		add	x23, x23, x23, lsl #1	X23=0x1b X23=0x1b
0x702260188c[libsecsdk.so@0x2488c]		ldr	x6, [sp, #144]	SP=0x708b79ee80
0x7022601890[libsecsdk.so@0x24890]		ldr	x25, [x0, #48]	X0=0x7022a969c0
0x7022601894[libsecsdk.so@0x24894]		lsl	x23, x23, #2	X23=0x51
0x7022601898[libsecsdk.so@0x24898]		ldr	x2, [x0, #24]	X0=0x7022a969c0
0x702260189c[libsecsdk.so@0x2489c]		ldr	x1, [x0, #16]	X0=0x7022a969c0
0x70226018a0[libsecsdk.so@0x248a0]		ldr	x19, [x0, #88]	X0=0x7022a969c0
0x70226018a4[libsecsdk.so@0x248a4]		add	x0, x25, x23	X25=0x702489e3e4 X23=0x144
0x70226018a8[libsecsdk.so@0x248a8]		ldr	w0, [x0, #4]	X0=0x702489e528
0x70226018ac[libsecsdk.so@0x248ac]		ldr	w0, [x2, x0, lsl #2]	X2=0x702489e35c X0=0x1d
0x70226018b0[libsecsdk.so@0x248b0]		ldr	w0, [x1, x0, lsl #2]	X1=0x702489e070 X0=0x3e
0x70226018b4[libsecsdk.so@0x248b4]		add	x19, x19, x0	X19=0x702489e000 X0=0x180c
0x70226018b8[libsecsdk.so@0x248b8]		ldrsb	w8, [x19], #1	X19=0x702489f80c
0x70226018bc[libsecsdk.so@0x248bc]		tbnz	w8, #31, #-4	W8=0x1
0x70226018c0[libsecsdk.so@0x248c0]		ldrb	w1, [x19]	X19=0x702489f80d
0x70226018c4[libsecsdk.so@0x248c4]		cmp	w1, #91	W1=0x56
0x70226018c8[libsecsdk.so@0x248c8]		cset	w2, eq	
0x70226018cc[libsecsdk.so@0x248cc]		cmp	w1, #76	W1=0x56
0x70226018d0[libsecsdk.so@0x248d0]		ldr	x1, [sp, #176]	SP=0x708b79ee80
0x70226018d4[libsecsdk.so@0x248d4]		cset	w0, eq	
0x70226018d8[libsecsdk.so@0x248d8]		orr	w0, w2, w0	W2=0x0 W0=0x0
0x70226018dc[libsecsdk.so@0x248dc]		strb	w0, [x1]	W0=0x0 X1=0x708b79f03f
0x70226018e0[libsecsdk.so@0x248e0]		fmov	w0, s8	
0x70226018e4[libsecsdk.so@0x248e4]		cbnz	w0, #424	W0=0x0
0x70226018e8[libsecsdk.so@0x248e8]		ldrh	w2, [x7, x6]	X7=0x702489e5f0 X6=0x248
0x70226018ec[libsecsdk.so@0x248ec]		mov	x0, x22	X22=0x708a81f3e8
0x70226018f0[libsecsdk.so@0x248f0]		mov	x1, x21	X21=0x708a819500
0x70226018f4[libsecsdk.so@0x248f4]		bl	#-11480	SP=0x708b79ee80
0x70225fec1c[libsecsdk.so@0x21c1c]		sub	sp, sp, #48	SP=0x708b79ee80
0x70225fec20[libsecsdk.so@0x21c20]		stp	x19, x20, [sp]	X19=0x702489f80d X20=0x702489f41b SP=0x708b79ee50
0x70225fec24[libsecsdk.so@0x21c24]		str	x30, [sp, #16]	LR=0x70226018f8 SP=0x708b79ee50
0x70225fec28[libsecsdk.so@0x21c28]		ldr	x3, [x0]	X0=0x708a81f3e8
0x70225fec2c[libsecsdk.so@0x21c2c]		ldr	x5, [x3, #24]	X3=0x7022a969c0
0x70225fec30[libsecsdk.so@0x21c30]		ldr	x4, [x3, #16]	X3=0x7022a969c0
0x70225fec34[libsecsdk.so@0x21c34]		ldr	x0, [x3, #88]	X3=0x7022a969c0
0x70225fec38[libsecsdk.so@0x21c38]		ldr	w2, [x5, w2, uxtw #2]	X5=0x702489e35c W2=0x1c
0x70225fec3c[libsecsdk.so@0x21c3c]		ldr	w2, [x4, x2, lsl #2]	X4=0x702489e070 X2=0x37
0x70225fec40[libsecsdk.so@0x21c40]		add	x0, x0, x2	X0=0x702489e000 X2=0x17a3
0x70225fec44[libsecsdk.so@0x21c44]		ldrsb	w2, [x0], #1	X0=0x702489f7a3
0x70225fec48[libsecsdk.so@0x21c48]		tbnz	w2, #31, #-4	W2=0x21
0x70225fec4c[libsecsdk.so@0x21c4c]		str	x1, [sp, #40]	X1=0x708a819500 SP=0x708b79ee50
0x70225fec50[libsecsdk.so@0x21c50]		bl	#-2872	SP=0x708b79ee50
0x70225fe118[libsecsdk.so@0x21118]		sub	sp, sp, #64	SP=0x708b79ee50
0x70225fe11c[libsecsdk.so@0x2111c]		stp	x19, x20, [sp]	X19=0x702489f80d X20=0x702489f41b SP=0x708b79ee10
0x70225fe120[libsecsdk.so@0x21120]		stp	x21, x22, [sp, #16]	X21=0x708a819500 X22=0x708a81f3e8 SP=0x708b79ee10
0x70225fe124[libsecsdk.so@0x21124]		str	x30, [sp, #32]	LR=0x70225fec54 SP=0x708b79ee10
0x70225fe128[libsecsdk.so@0x21128]		mov	x19, x0	X0=0x702489f7a4
0x70225fe12c[libsecsdk.so@0x2112c]		bl	#-100012	SP=0x708b79ee10
0x70225e5a80[libsecsdk.so@0x8a80]		adrp	x16, #266240	
0x70225e5a84[libsecsdk.so@0x8a84]		ldr	x17, [x16, #3728]	X16=0x7022626000
0x70225e5a88[libsecsdk.so@0x8a88]		add	x16, x16, #3728	X16=0x7022626000
0x70225e5a8c[libsecsdk.so@0x8a8c]		br	x17	X17=0x711ac12960
0x70225fe130[libsecsdk.so@0x21130]		add	w2, w0, #1	W0=0x21
0x70225fe134[libsecsdk.so@0x21134]		mov	x22, x0	X0=0x21
0x70225fe138[libsecsdk.so@0x21138]		mov	w21, w0	W0=0x21
0x70225fe13c[libsecsdk.so@0x2113c]		mov	x0, x2	X2=0x22
0x70225fe140[libsecsdk.so@0x21140]		str	x2, [sp, #56]	X2=0x22 SP=0x708b79ee10
0x70225fe144[libsecsdk.so@0x21144]		bl	#31912	SP=0x708b79ee10
0x7022605dec[libsecsdk.so@0x28dec]		stp	x29, x30, [sp, #-16]!	FP=0x708b79f600 LR=0x70225fe148 SP=0x708b79ee10
0x7022605df0[libsecsdk.so@0x28df0]		mov	x29, sp	SP=0x708b79ee00
0x7022605df4[libsecsdk.so@0x28df4]		bl	#-212	SP=0x708b79ee00
0x7022605d20[libsecsdk.so@0x28d20]		stp	x29, x30, [sp, #-32]!	FP=0x708b79ee00 LR=0x7022605df8 SP=0x708b79ee00
0x7022605d24[libsecsdk.so@0x28d24]		mov	x29, sp	SP=0x708b79ede0
0x7022605d28[libsecsdk.so@0x28d28]		stp	x19, x20, [sp, #16]	X19=0x702489f7a4 X20=0x702489f41b SP=0x708b79ede0
0x7022605d2c[libsecsdk.so@0x28d2c]		mov	x19, x0	X0=0x22
0x7022605d30[libsecsdk.so@0x28d30]		adrp	x20, #139264	
0x7022605d34[libsecsdk.so@0x28d34]		b	#32	
0x7022605d54[libsecsdk.so@0x28d54]		mov	x0, x19	X19=0x22
0x7022605d58[libsecsdk.so@0x28d58]		bl	#-132552	SP=0x708b79ede0
0x70225e5790[libsecsdk.so@0x8790]		adrp	x16, #266240	
0x70225e5794[libsecsdk.so@0x8794]		ldr	x17, [x16, #3352]	X16=0x7022626000
0x70225e5798[libsecsdk.so@0x8798]		add	x16, x16, #3352	X16=0x7022626000
0x70225e579c[libsecsdk.so@0x879c]		br	x17	X17=0x711abd432c
0x7022605d5c[libsecsdk.so@0x28d5c]		cbz	x0, #-36	X0=0x7022a7f660
0x7022605d60[libsecsdk.so@0x28d60]		ldp	x19, x20, [sp, #16]	SP=0x708b79ede0
0x7022605d64[libsecsdk.so@0x28d64]		ldp	x29, x30, [sp], #32	SP=0x708b79ede0
0x7022605d68[libsecsdk.so@0x28d68]		ret	LR=0x7022605df8
0x7022605df8[libsecsdk.so@0x28df8]		ldp	x29, x30, [sp], #16	SP=0x708b79ee00
0x7022605dfc[libsecsdk.so@0x28dfc]		ret	LR=0x70225fe148
0x70225fe148[libsecsdk.so@0x21148]		mov	x20, x0	X0=0x7022a7f660
0x70225fe14c[libsecsdk.so@0x2114c]		ldr	x2, [sp, #56]	SP=0x708b79ee10
0x70225fe150[libsecsdk.so@0x21150]		mov	w1, #0	
0x70225fe154[libsecsdk.so@0x21154]		bl	#-100356	SP=0x708b79ee10
0x70225e5950[libsecsdk.so@0x8950]		adrp	x16, #266240	
0x70225e5954[libsecsdk.so@0x8954]		ldr	x17, [x16, #3576]	X16=0x7022626000
0x70225e5958[libsecsdk.so@0x8958]		add	x16, x16, #3576	X16=0x7022626000
0x70225e595c[libsecsdk.so@0x895c]		br	x17	X17=0x711ac12340
0x70225fe158[libsecsdk.so@0x21158]		ldrb	w0, [x19]	X19=0x702489f7a4
0x70225fe15c[libsecsdk.so@0x2115c]		cmp	w0, #76	W0=0x4c
0x70225fe160[libsecsdk.so@0x21160]		b.eq	#44	
0x70225fe18c[libsecsdk.so@0x2118c]		cmp	w22, #1	W22=0x21
0x70225fe190[libsecsdk.so@0x21190]		b.ls	#-28	
0x70225fe194[libsecsdk.so@0x21194]		ldrb	w3, [x19, #1]	X19=0x702489f7a4
0x70225fe198[libsecsdk.so@0x21198]		mov	x2, #2	
0x70225fe19c[libsecsdk.so@0x2119c]		cmp	w3, #59	W3=0x6a
0x70225fe1a0[libsecsdk.so@0x211a0]		b.ne	#20	
0x70225fe1b4[libsecsdk.so@0x211b4]		add	x4, x20, x2	X20=0x7022a7f660 X2=0x2
0x70225fe1b8[libsecsdk.so@0x211b8]		cmp	w21, w2	W21=0x21 W2=0x2
0x70225fe1bc[libsecsdk.so@0x211bc]		add	x2, x2, #1	X2=0x2
0x70225fe1c0[libsecsdk.so@0x211c0]		add	x5, x19, x2	X19=0x702489f7a4 X2=0x3
0x70225fe1c4[libsecsdk.so@0x211c4]		sturb	w3, [x4, #-2]	W3=0x6a X4=0x7022a7f662
0x70225fe1c8[libsecsdk.so@0x211c8]		b.hi	#-32	
0x70225fe1a8[libsecsdk.so@0x211a8]		ldurb	w3, [x5, #-1]	X5=0x702489f7a7
0x70225fe1ac[libsecsdk.so@0x211ac]		cmp	w3, #59	W3=0x61
0x70225fe1b0[libsecsdk.so@0x211b0]		b.eq	#-60	
0x70225fe1b4[libsecsdk.so@0x211b4]		add	x4, x20, x2	X20=0x7022a7f660 X2=0x3
0x70225fe1b8[libsecsdk.so@0x211b8]		cmp	w21, w2	W21=0x21 W2=0x3
0x70225fe1bc[libsecsdk.so@0x211bc]		add	x2, x2, #1	X2=0x3
0x70225fe1c0[libsecsdk.so@0x211c0]		add	x5, x19, x2	X19=0x702489f7a4 X2=0x4
0x70225fe1c4[libsecsdk.so@0x211c4]		sturb	w3, [x4, #-2]	W3=0x61 X4=0x7022a7f663
0x70225fe1c8[libsecsdk.so@0x211c8]		b.hi	#-32	
0x70225fe1a8[libsecsdk.so@0x211a8]		ldurb	w3, [x5, #-1]	X5=0x702489f7a8
0x70225fe1ac[libsecsdk.so@0x211ac]		cmp	w3, #59	W3=0x76
0x70225fe1b0[libsecsdk.so@0x211b0]		b.eq	#-60	
0x70225fe1b4[libsecsdk.so@0x211b4]		add	x4, x20, x2	X20=0x7022a7f660 X2=0x4
0x70225fe1b8[libsecsdk.so@0x211b8]		cmp	w21, w2	W21=0x21 W2=0x4
0x70225fe1bc[libsecsdk.so@0x211bc]		add	x2, x2, #1	X2=0x4
0x70225fe1c0[libsecsdk.so@0x211c0]		add	x5, x19, x2	X19=0x702489f7a4 X2=0x5
0x70225fe1c4[libsecsdk.so@0x211c4]		sturb	w3, [x4, #-2]	W3=0x76 X4=0x7022a7f664
0x70225fe1c8[libsecsdk.so@0x211c8]		b.hi	#-32	
0x70225fe1a8[libsecsdk.so@0x211a8]		ldurb	w3, [x5, #-1]	X5=0x702489f7a9
0x70225fe1ac[libsecsdk.so@0x211ac]		cmp	w3, #59	W3=0x61
0x70225fe1b0[libsecsdk.so@0x211b0]		b.eq	#-60	
0x70225fe1b4[libsecsdk.so@0x211b4]		add	x4, x20, x2	X20=0x7022a7f660 X2=0x5
0x70225fe1b8[libsecsdk.so@0x211b8]		cmp	w21, w2	W21=0x21 W2=0x5
0x70225fe1bc[libsecsdk.so@0x211bc]		add	x2, x2, #1	X2=0x5
0x70225fe1c0[libsecsdk.so@0x211c0]		add	x5, x19, x2	X19=0x702489f7a4 X2=0x6
0x70225fe1c4[libsecsdk.so@0x211c4]		sturb	w3, [x4, #-2]	W3=0x61 X4=0x7022a7f665
0x70225fe1c8[libsecsdk.so@0x211c8]		b.hi	#-32	
0x70225fe1a8[libsecsdk.so@0x211a8]		ldurb	w3, [x5, #-1]	X5=0x702489f7aa
0x70225fe1ac[libsecsdk.so@0x211ac]		cmp	w3, #59	W3=0x78
0x70225fe1b0[libsecsdk.so@0x211b0]		b.eq	#-60	
0x70225fe1b4[libsecsdk.so@0x211b4]		add	x4, x20, x2	X20=0x7022a7f660 X2=0x6
0x70225fe1b8[libsecsdk.so@0x211b8]		cmp	w21, w2	W21=0x21 W2=0x6
0x70225fe1bc[libsecsdk.so@0x211bc]		add	x2, x2, #1	X2=0x6
0x70225fe1c0[libsecsdk.so@0x211c0]		add	x5, x19, x2	X19=0x702489f7a4 X2=0x7
0x70225fe1c4[libsecsdk.so@0x211c4]		sturb	w3, [x4, #-2]	W3=0x78 X4=0x7022a7f666
0x70225fe1c8[libsecsdk.so@0x211c8]		b.hi	#-32	
0x70225fe1a8[libsecsdk.so@0x211a8]		ldurb	w3, [x5, #-1]	X5=0x702489f7ab
0x70225fe1ac[libsecsdk.so@0x211ac]		cmp	w3, #59	W3=0x2f
0x70225fe1b0[libsecsdk.so@0x211b0]		b.eq	#-60	
0x70225fe1b4[libsecsdk.so@0x211b4]		add	x4, x20, x2	X20=0x7022a7f660 X2=0x7
0x70225fe1b8[libsecsdk.so@0x211b8]		cmp	w21, w2	W21=0x21 W2=0x7
0x70225fe1bc[libsecsdk.so@0x211bc]		add	x2, x2, #1	X2=0x7
0x70225fe1c0[libsecsdk.so@0x211c0]		add	x5, x19, x2	X19=0x702489f7a4 X2=0x8
0x70225fe1c4[libsecsdk.so@0x211c4]		sturb	w3, [x4, #-2]	W3=0x2f X4=0x7022a7f667
0x70225fe1c8[libsecsdk.so@0x211c8]		b.hi	#-32	
0x70225fe1a8[libsecsdk.so@0x211a8]		ldurb	w3, [x5, #-1]	X5=0x702489f7ac
0x70225fe1ac[libsecsdk.so@0x211ac]		cmp	w3, #59	W3=0x63
0x70225fe1b0[libsecsdk.so@0x211b0]		b.eq	#-60	
0x70225fe1b4[libsecsdk.so@0x211b4]		add	x4, x20, x2	X20=0x7022a7f660 X2=0x8
0x70225fe1b8[libsecsdk.so@0x211b8]		cmp	w21, w2	W21=0x21 W2=0x8
0x70225fe1bc[libsecsdk.so@0x211bc]		add	x2, x2, #1	X2=0x8
0x70225fe1c0[libsecsdk.so@0x211c0]		add	x5, x19, x2	X19=0x702489f7a4 X2=0x9
0x70225fe1c4[libsecsdk.so@0x211c4]		sturb	w3, [x4, #-2]	W3=0x63 X4=0x7022a7f668
0x70225fe1c8[libsecsdk.so@0x211c8]		b.hi	#-32	
0x70225fe1a8[libsecsdk.so@0x211a8]		ldurb	w3, [x5, #-1]	X5=0x702489f7ad
0x70225fe1ac[libsecsdk.so@0x211ac]		cmp	w3, #59	W3=0x72
0x70225fe1b0[libsecsdk.so@0x211b0]		b.eq	#-60	
0x70225fe1b4[libsecsdk.so@0x211b4]		add	x4, x20, x2	X20=0x7022a7f660 X2=0x9
0x70225fe1b8[libsecsdk.so@0x211b8]		cmp	w21, w2	W21=0x21 W2=0x9
0x70225fe1bc[libsecsdk.so@0x211bc]		add	x2, x2, #1	X2=0x9
0x70225fe1c0[libsecsdk.so@0x211c0]		add	x5, x19, x2	X19=0x702489f7a4 X2=0xa
0x70225fe1c4[libsecsdk.so@0x211c4]		sturb	w3, [x4, #-2]	W3=0x72 X4=0x7022a7f669
0x70225fe1c8[libsecsdk.so@0x211c8]		b.hi	#-32	
0x70225fe1a8[libsecsdk.so@0x211a8]		ldurb	w3, [x5, #-1]	X5=0x702489f7ae
0x70225fe1ac[libsecsdk.so@0x211ac]		cmp	w3, #59	W3=0x79
0x70225fe1b0[libsecsdk.so@0x211b0]		b.eq	#-60	
0x70225fe1b4[libsecsdk.so@0x211b4]		add	x4, x20, x2	X20=0x7022a7f660 X2=0xa
0x70225fe1b8[libsecsdk.so@0x211b8]		cmp	w21, w2	W21=0x21 W2=0xa
0x70225fe1bc[libsecsdk.so@0x211bc]		add	x2, x2, #1	X2=0xa
0x70225fe1c0[libsecsdk.so@0x211c0]		add	x5, x19, x2	X19=0x702489f7a4 X2=0xb
0x70225fe1c4[libsecsdk.so@0x211c4]		sturb	w3, [x4, #-2]	W3=0x79 X4=0x7022a7f66a
0x70225fe1c8[libsecsdk.so@0x211c8]		b.hi	#-32	
0x70225fe1a8[libsecsdk.so@0x211a8]		ldurb	w3, [x5, #-1]	X5=0x702489f7af
0x70225fe1ac[libsecsdk.so@0x211ac]		cmp	w3, #59	W3=0x70
0x70225fe1b0[libsecsdk.so@0x211b0]		b.eq	#-60	
0x70225fe1b4[libsecsdk.so@0x211b4]		add	x4, x20, x2	X20=0x7022a7f660 X2=0xb
0x70225fe1b8[libsecsdk.so@0x211b8]		cmp	w21, w2	W21=0x21 W2=0xb
0x70225fe1bc[libsecsdk.so@0x211bc]		add	x2, x2, #1	X2=0xb
0x70225fe1c0[libsecsdk.so@0x211c0]		add	x5, x19, x2	X19=0x702489f7a4 X2=0xc
0x70225fe1c4[libsecsdk.so@0x211c4]		sturb	w3, [x4, #-2]	W3=0x70 X4=0x7022a7f66b
0x70225fe1c8[libsecsdk.so@0x211c8]		b.hi	#-32	
0x70225fe1a8[libsecsdk.so@0x211a8]		ldurb	w3, [x5, #-1]	X5=0x702489f7b0
0x70225fe1ac[libsecsdk.so@0x211ac]		cmp	w3, #59	W3=0x74
0x70225fe1b0[libsecsdk.so@0x211b0]		b.eq	#-60	
0x70225fe1b4[libsecsdk.so@0x211b4]		add	x4, x20, x2	X20=0x7022a7f660 X2=0xc
0x70225fe1b8[libsecsdk.so@0x211b8]		cmp	w21, w2	W21=0x21 W2=0xc
0x70225fe1bc[libsecsdk.so@0x211bc]		add	x2, x2, #1	X2=0xc
0x70225fe1c0[libsecsdk.so@0x211c0]		add	x5, x19, x2	X19=0x702489f7a4 X2=0xd
0x70225fe1c4[libsecsdk.so@0x211c4]		sturb	w3, [x4, #-2]	W3=0x74 X4=0x7022a7f66c
0x70225fe1c8[libsecsdk.so@0x211c8]		b.hi	#-32	
0x70225fe1a8[libsecsdk.so@0x211a8]		ldurb	w3, [x5, #-1]	X5=0x702489f7b1
0x70225fe1ac[libsecsdk.so@0x211ac]		cmp	w3, #59	W3=0x6f
0x70225fe1b0[libsecsdk.so@0x211b0]		b.eq	#-60	
0x70225fe1b4[libsecsdk.so@0x211b4]		add	x4, x20, x2	X20=0x7022a7f660 X2=0xd
0x70225fe1b8[libsecsdk.so@0x211b8]		cmp	w21, w2	W21=0x21 W2=0xd
0x70225fe1bc[libsecsdk.so@0x211bc]		add	x2, x2, #1	X2=0xd
0x70225fe1c0[libsecsdk.so@0x211c0]		add	x5, x19, x2	X19=0x702489f7a4 X2=0xe
0x70225fe1c4[libsecsdk.so@0x211c4]		sturb	w3, [x4, #-2]	W3=0x6f X4=0x7022a7f66d
0x70225fe1c8[libsecsdk.so@0x211c8]		b.hi	#-32	
0x70225fe1a8[libsecsdk.so@0x211a8]		ldurb	w3, [x5, #-1]	X5=0x702489f7b2
0x70225fe1ac[libsecsdk.so@0x211ac]		cmp	w3, #59	W3=0x2f
0x70225fe1b0[libsecsdk.so@0x211b0]		b.eq	#-60	
0x70225fe1b4[libsecsdk.so@0x211b4]		add	x4, x20, x2	X20=0x7022a7f660 X2=0xe
0x70225fe1b8[libsecsdk.so@0x211b8]		cmp	w21, w2	W21=0x21 W2=0xe
0x70225fe1bc[libsecsdk.so@0x211bc]		add	x2, x2, #1	X2=0xe
0x70225fe1c0[libsecsdk.so@0x211c0]		add	x5, x19, x2	X19=0x702489f7a4 X2=0xf
0x70225fe1c4[libsecsdk.so@0x211c4]		sturb	w3, [x4, #-2]	W3=0x2f X4=0x7022a7f66e
0x70225fe1c8[libsecsdk.so@0x211c8]		b.hi	#-32	
0x70225fe1a8[libsecsdk.so@0x211a8]		ldurb	w3, [x5, #-1]	X5=0x702489f7b3
0x70225fe1ac[libsecsdk.so@0x211ac]		cmp	w3, #59	W3=0x73
0x70225fe1b0[libsecsdk.so@0x211b0]		b.eq	#-60	
0x70225fe1b4[libsecsdk.so@0x211b4]		add	x4, x20, x2	X20=0x7022a7f660 X2=0xf
0x70225fe1b8[libsecsdk.so@0x211b8]		cmp	w21, w2	W21=0x21 W2=0xf
0x70225fe1bc[libsecsdk.so@0x211bc]		add	x2, x2, #1	X2=0xf
0x70225fe1c0[libsecsdk.so@0x211c0]		add	x5, x19, x2	X19=0x702489f7a4 X2=0x10
0x70225fe1c4[libsecsdk.so@0x211c4]		sturb	w3, [x4, #-2]	W3=0x73 X4=0x7022a7f66f
0x70225fe1c8[libsecsdk.so@0x211c8]		b.hi	#-32	
0x70225fe1a8[libsecsdk.so@0x211a8]		ldurb	w3, [x5, #-1]	X5=0x702489f7b4
0x70225fe1ac[libsecsdk.so@0x211ac]		cmp	w3, #59	W3=0x70
0x70225fe1b0[libsecsdk.so@0x211b0]		b.eq	#-60	
0x70225fe1b4[libsecsdk.so@0x211b4]		add	x4, x20, x2	X20=0x7022a7f660 X2=0x10
0x70225fe1b8[libsecsdk.so@0x211b8]		cmp	w21, w2	W21=0x21 W2=0x10
0x70225fe1bc[libsecsdk.so@0x211bc]		add	x2, x2, #1	X2=0x10
0x70225fe1c0[libsecsdk.so@0x211c0]		add	x5, x19, x2	X19=0x702489f7a4 X2=0x11
0x70225fe1c4[libsecsdk.so@0x211c4]		sturb	w3, [x4, #-2]	W3=0x70 X4=0x7022a7f670
0x70225fe1c8[libsecsdk.so@0x211c8]		b.hi	#-32	
0x70225fe1a8[libsecsdk.so@0x211a8]		ldurb	w3, [x5, #-1]	X5=0x702489f7b5
0x70225fe1ac[libsecsdk.so@0x211ac]		cmp	w3, #59	W3=0x65
0x70225fe1b0[libsecsdk.so@0x211b0]		b.eq	#-60	
0x70225fe1b4[libsecsdk.so@0x211b4]		add	x4, x20, x2	X20=0x7022a7f660 X2=0x11
0x70225fe1b8[libsecsdk.so@0x211b8]		cmp	w21, w2	W21=0x21 W2=0x11
0x70225fe1bc[libsecsdk.so@0x211bc]		add	x2, x2, #1	X2=0x11
0x70225fe1c0[libsecsdk.so@0x211c0]		add	x5, x19, x2	X19=0x702489f7a4 X2=0x12
0x70225fe1c4[libsecsdk.so@0x211c4]		sturb	w3, [x4, #-2]	W3=0x65 X4=0x7022a7f671
0x70225fe1c8[libsecsdk.so@0x211c8]		b.hi	#-32	
0x70225fe1a8[libsecsdk.so@0x211a8]		ldurb	w3, [x5, #-1]	X5=0x702489f7b6
0x70225fe1ac[libsecsdk.so@0x211ac]		cmp	w3, #59	W3=0x63
0x70225fe1b0[libsecsdk.so@0x211b0]		b.eq	#-60	
0x70225fe1b4[libsecsdk.so@0x211b4]		add	x4, x20, x2	X20=0x7022a7f660 X2=0x12
0x70225fe1b8[libsecsdk.so@0x211b8]		cmp	w21, w2	W21=0x21 W2=0x12
0x70225fe1bc[libsecsdk.so@0x211bc]		add	x2, x2, #1	X2=0x12
0x70225fe1c0[libsecsdk.so@0x211c0]		add	x5, x19, x2	X19=0x702489f7a4 X2=0x13
0x70225fe1c4[libsecsdk.so@0x211c4]		sturb	w3, [x4, #-2]	W3=0x63 X4=0x7022a7f672
0x70225fe1c8[libsecsdk.so@0x211c8]		b.hi	#-32	
0x70225fe1a8[libsecsdk.so@0x211a8]		ldurb	w3, [x5, #-1]	X5=0x702489f7b7
0x70225fe1ac[libsecsdk.so@0x211ac]		cmp	w3, #59	W3=0x2f
0x70225fe1b0[libsecsdk.so@0x211b0]		b.eq	#-60	
0x70225fe1b4[libsecsdk.so@0x211b4]		add	x4, x20, x2	X20=0x7022a7f660 X2=0x13
0x70225fe1b8[libsecsdk.so@0x211b8]		cmp	w21, w2	W21=0x21 W2=0x13
0x70225fe1bc[libsecsdk.so@0x211bc]		add	x2, x2, #1	X2=0x13
0x70225fe1c0[libsecsdk.so@0x211c0]		add	x5, x19, x2	X19=0x702489f7a4 X2=0x14
0x70225fe1c4[libsecsdk.so@0x211c4]		sturb	w3, [x4, #-2]	W3=0x2f X4=0x7022a7f673
0x70225fe1c8[libsecsdk.so@0x211c8]		b.hi	#-32	
0x70225fe1a8[libsecsdk.so@0x211a8]		ldurb	w3, [x5, #-1]	X5=0x702489f7b8
0x70225fe1ac[libsecsdk.so@0x211ac]		cmp	w3, #59	W3=0x53
0x70225fe1b0[libsecsdk.so@0x211b0]		b.eq	#-60	
0x70225fe1b4[libsecsdk.so@0x211b4]		add	x4, x20, x2	X20=0x7022a7f660 X2=0x14
0x70225fe1b8[libsecsdk.so@0x211b8]		cmp	w21, w2	W21=0x21 W2=0x14
0x70225fe1bc[libsecsdk.so@0x211bc]		add	x2, x2, #1	X2=0x14
0x70225fe1c0[libsecsdk.so@0x211c0]		add	x5, x19, x2	X19=0x702489f7a4 X2=0x15
0x70225fe1c4[libsecsdk.so@0x211c4]		sturb	w3, [x4, #-2]	W3=0x53 X4=0x7022a7f674
0x70225fe1c8[libsecsdk.so@0x211c8]		b.hi	#-32	
0x70225fe1a8[libsecsdk.so@0x211a8]		ldurb	w3, [x5, #-1]	X5=0x702489f7b9
0x70225fe1ac[libsecsdk.so@0x211ac]		cmp	w3, #59	W3=0x65
0x70225fe1b0[libsecsdk.so@0x211b0]		b.eq	#-60	
0x70225fe1b4[libsecsdk.so@0x211b4]		add	x4, x20, x2	X20=0x7022a7f660 X2=0x15
0x70225fe1b8[libsecsdk.so@0x211b8]		cmp	w21, w2	W21=0x21 W2=0x15
0x70225fe1bc[libsecsdk.so@0x211bc]		add	x2, x2, #1	X2=0x15
0x70225fe1c0[libsecsdk.so@0x211c0]		add	x5, x19, x2	X19=0x702489f7a4 X2=0x16
0x70225fe1c4[libsecsdk.so@0x211c4]		sturb	w3, [x4, #-2]	W3=0x65 X4=0x7022a7f675
0x70225fe1c8[libsecsdk.so@0x211c8]		b.hi	#-32	
0x70225fe1a8[libsecsdk.so@0x211a8]		ldurb	w3, [x5, #-1]	X5=0x702489f7ba
0x70225fe1ac[libsecsdk.so@0x211ac]		cmp	w3, #59	W3=0x63
0x70225fe1b0[libsecsdk.so@0x211b0]		b.eq	#-60	
0x70225fe1b4[libsecsdk.so@0x211b4]		add	x4, x20, x2	X20=0x7022a7f660 X2=0x16
0x70225fe1b8[libsecsdk.so@0x211b8]		cmp	w21, w2	W21=0x21 W2=0x16
0x70225fe1bc[libsecsdk.so@0x211bc]		add	x2, x2, #1	X2=0x16
0x70225fe1c0[libsecsdk.so@0x211c0]		add	x5, x19, x2	X19=0x702489f7a4 X2=0x17
0x70225fe1c4[libsecsdk.so@0x211c4]		sturb	w3, [x4, #-2]	W3=0x63 X4=0x7022a7f676
0x70225fe1c8[libsecsdk.so@0x211c8]		b.hi	#-32	
0x70225fe1a8[libsecsdk.so@0x211a8]		ldurb	w3, [x5, #-1]	X5=0x702489f7bb
0x70225fe1ac[libsecsdk.so@0x211ac]		cmp	w3, #59	W3=0x72
0x70225fe1b0[libsecsdk.so@0x211b0]		b.eq	#-60	
0x70225fe1b4[libsecsdk.so@0x211b4]		add	x4, x20, x2	X20=0x7022a7f660 X2=0x17
0x70225fe1b8[libsecsdk.so@0x211b8]		cmp	w21, w2	W21=0x21 W2=0x17
0x70225fe1bc[libsecsdk.so@0x211bc]		add	x2, x2, #1	X2=0x17
0x70225fe1c0[libsecsdk.so@0x211c0]		add	x5, x19, x2	X19=0x702489f7a4 X2=0x18
0x70225fe1c4[libsecsdk.so@0x211c4]		sturb	w3, [x4, #-2]	W3=0x72 X4=0x7022a7f677
0x70225fe1c8[libsecsdk.so@0x211c8]		b.hi	#-32	
0x70225fe1a8[libsecsdk.so@0x211a8]		ldurb	w3, [x5, #-1]	X5=0x702489f7bc
0x70225fe1ac[libsecsdk.so@0x211ac]		cmp	w3, #59	W3=0x65
0x70225fe1b0[libsecsdk.so@0x211b0]		b.eq	#-60	
0x70225fe1b4[libsecsdk.so@0x211b4]		add	x4, x20, x2	X20=0x7022a7f660 X2=0x18
0x70225fe1b8[libsecsdk.so@0x211b8]		cmp	w21, w2	W21=0x21 W2=0x18
0x70225fe1bc[libsecsdk.so@0x211bc]		add	x2, x2, #1	X2=0x18
0x70225fe1c0[libsecsdk.so@0x211c0]		add	x5, x19, x2	X19=0x702489f7a4 X2=0x19
0x70225fe1c4[libsecsdk.so@0x211c4]		sturb	w3, [x4, #-2]	W3=0x65 X4=0x7022a7f678
0x70225fe1c8[libsecsdk.so@0x211c8]		b.hi	#-32	
0x70225fe1a8[libsecsdk.so@0x211a8]		ldurb	w3, [x5, #-1]	X5=0x702489f7bd
0x70225fe1ac[libsecsdk.so@0x211ac]		cmp	w3, #59	W3=0x74
0x70225fe1b0[libsecsdk.so@0x211b0]		b.eq	#-60	
0x70225fe1b4[libsecsdk.so@0x211b4]		add	x4, x20, x2	X20=0x7022a7f660 X2=0x19
0x70225fe1b8[libsecsdk.so@0x211b8]		cmp	w21, w2	W21=0x21 W2=0x19
0x70225fe1bc[libsecsdk.so@0x211bc]		add	x2, x2, #1	X2=0x19
0x70225fe1c0[libsecsdk.so@0x211c0]		add	x5, x19, x2	X19=0x702489f7a4 X2=0x1a
0x70225fe1c4[libsecsdk.so@0x211c4]		sturb	w3, [x4, #-2]	W3=0x74 X4=0x7022a7f679
0x70225fe1c8[libsecsdk.so@0x211c8]		b.hi	#-32	
0x70225fe1a8[libsecsdk.so@0x211a8]		ldurb	w3, [x5, #-1]	X5=0x702489f7be
0x70225fe1ac[libsecsdk.so@0x211ac]		cmp	w3, #59	W3=0x4b
0x70225fe1b0[libsecsdk.so@0x211b0]		b.eq	#-60	
0x70225fe1b4[libsecsdk.so@0x211b4]		add	x4, x20, x2	X20=0x7022a7f660 X2=0x1a
0x70225fe1b8[libsecsdk.so@0x211b8]		cmp	w21, w2	W21=0x21 W2=0x1a
0x70225fe1bc[libsecsdk.so@0x211bc]		add	x2, x2, #1	X2=0x1a
0x70225fe1c0[libsecsdk.so@0x211c0]		add	x5, x19, x2	X19=0x702489f7a4 X2=0x1b
0x70225fe1c4[libsecsdk.so@0x211c4]		sturb	w3, [x4, #-2]	W3=0x4b X4=0x7022a7f67a
0x70225fe1c8[libsecsdk.so@0x211c8]		b.hi	#-32	
0x70225fe1a8[libsecsdk.so@0x211a8]		ldurb	w3, [x5, #-1]	X5=0x702489f7bf
0x70225fe1ac[libsecsdk.so@0x211ac]		cmp	w3, #59	W3=0x65
0x70225fe1b0[libsecsdk.so@0x211b0]		b.eq	#-60	
0x70225fe1b4[libsecsdk.so@0x211b4]		add	x4, x20, x2	X20=0x7022a7f660 X2=0x1b
0x70225fe1b8[libsecsdk.so@0x211b8]		cmp	w21, w2	W21=0x21 W2=0x1b
0x70225fe1bc[libsecsdk.so@0x211bc]		add	x2, x2, #1	X2=0x1b
0x70225fe1c0[libsecsdk.so@0x211c0]		add	x5, x19, x2	X19=0x702489f7a4 X2=0x1c
0x70225fe1c4[libsecsdk.so@0x211c4]		sturb	w3, [x4, #-2]	W3=0x65 X4=0x7022a7f67b
0x70225fe1c8[libsecsdk.so@0x211c8]		b.hi	#-32	
0x70225fe1a8[libsecsdk.so@0x211a8]		ldurb	w3, [x5, #-1]	X5=0x702489f7c0
0x70225fe1ac[libsecsdk.so@0x211ac]		cmp	w3, #59	W3=0x79
0x70225fe1b0[libsecsdk.so@0x211b0]		b.eq	#-60	
0x70225fe1b4[libsecsdk.so@0x211b4]		add	x4, x20, x2	X20=0x7022a7f660 X2=0x1c
0x70225fe1b8[libsecsdk.so@0x211b8]		cmp	w21, w2	W21=0x21 W2=0x1c
0x70225fe1bc[libsecsdk.so@0x211bc]		add	x2, x2, #1	X2=0x1c
0x70225fe1c0[libsecsdk.so@0x211c0]		add	x5, x19, x2	X19=0x702489f7a4 X2=0x1d
0x70225fe1c4[libsecsdk.so@0x211c4]		sturb	w3, [x4, #-2]	W3=0x79 X4=0x7022a7f67c
0x70225fe1c8[libsecsdk.so@0x211c8]		b.hi	#-32	
0x70225fe1a8[libsecsdk.so@0x211a8]		ldurb	w3, [x5, #-1]	X5=0x702489f7c1
0x70225fe1ac[libsecsdk.so@0x211ac]		cmp	w3, #59	W3=0x53
0x70225fe1b0[libsecsdk.so@0x211b0]		b.eq	#-60	
0x70225fe1b4[libsecsdk.so@0x211b4]		add	x4, x20, x2	X20=0x7022a7f660 X2=0x1d
0x70225fe1b8[libsecsdk.so@0x211b8]		cmp	w21, w2	W21=0x21 W2=0x1d
0x70225fe1bc[libsecsdk.so@0x211bc]		add	x2, x2, #1	X2=0x1d
0x70225fe1c0[libsecsdk.so@0x211c0]		add	x5, x19, x2	X19=0x702489f7a4 X2=0x1e
0x70225fe1c4[libsecsdk.so@0x211c4]		sturb	w3, [x4, #-2]	W3=0x53 X4=0x7022a7f67d
0x70225fe1c8[libsecsdk.so@0x211c8]		b.hi	#-32	
0x70225fe1a8[libsecsdk.so@0x211a8]		ldurb	w3, [x5, #-1]	X5=0x702489f7c2
0x70225fe1ac[libsecsdk.so@0x211ac]		cmp	w3, #59	W3=0x70
0x70225fe1b0[libsecsdk.so@0x211b0]		b.eq	#-60	
0x70225fe1b4[libsecsdk.so@0x211b4]		add	x4, x20, x2	X20=0x7022a7f660 X2=0x1e
0x70225fe1b8[libsecsdk.so@0x211b8]		cmp	w21, w2	W21=0x21 W2=0x1e
0x70225fe1bc[libsecsdk.so@0x211bc]		add	x2, x2, #1	X2=0x1e
0x70225fe1c0[libsecsdk.so@0x211c0]		add	x5, x19, x2	X19=0x702489f7a4 X2=0x1f
0x70225fe1c4[libsecsdk.so@0x211c4]		sturb	w3, [x4, #-2]	W3=0x70 X4=0x7022a7f67e
0x70225fe1c8[libsecsdk.so@0x211c8]		b.hi	#-32	
0x70225fe1a8[libsecsdk.so@0x211a8]		ldurb	w3, [x5, #-1]	X5=0x702489f7c3
0x70225fe1ac[libsecsdk.so@0x211ac]		cmp	w3, #59	W3=0x65
0x70225fe1b0[libsecsdk.so@0x211b0]		b.eq	#-60	
0x70225fe1b4[libsecsdk.so@0x211b4]		add	x4, x20, x2	X20=0x7022a7f660 X2=0x1f
0x70225fe1b8[libsecsdk.so@0x211b8]		cmp	w21, w2	W21=0x21 W2=0x1f
0x70225fe1bc[libsecsdk.so@0x211bc]		add	x2, x2, #1	X2=0x1f
0x70225fe1c0[libsecsdk.so@0x211c0]		add	x5, x19, x2	X19=0x702489f7a4 X2=0x20
0x70225fe1c4[libsecsdk.so@0x211c4]		sturb	w3, [x4, #-2]	W3=0x65 X4=0x7022a7f67f
0x70225fe1c8[libsecsdk.so@0x211c8]		b.hi	#-32	
0x70225fe1a8[libsecsdk.so@0x211a8]		ldurb	w3, [x5, #-1]	X5=0x702489f7c4
0x70225fe1ac[libsecsdk.so@0x211ac]		cmp	w3, #59	W3=0x63
0x70225fe1b0[libsecsdk.so@0x211b0]		b.eq	#-60	
0x70225fe1b4[libsecsdk.so@0x211b4]		add	x4, x20, x2	X20=0x7022a7f660 X2=0x20
0x70225fe1b8[libsecsdk.so@0x211b8]		cmp	w21, w2	W21=0x21 W2=0x20
0x70225fe1bc[libsecsdk.so@0x211bc]		add	x2, x2, #1	X2=0x20
0x70225fe1c0[libsecsdk.so@0x211c0]		add	x5, x19, x2	X19=0x702489f7a4 X2=0x21
0x70225fe1c4[libsecsdk.so@0x211c4]		sturb	w3, [x4, #-2]	W3=0x63 X4=0x7022a7f680
0x70225fe1c8[libsecsdk.so@0x211c8]		b.hi	#-32	
0x70225fe1a8[libsecsdk.so@0x211a8]		ldurb	w3, [x5, #-1]	X5=0x702489f7c5
0x70225fe1ac[libsecsdk.so@0x211ac]		cmp	w3, #59	W3=0x3b
0x70225fe1b0[libsecsdk.so@0x211b0]		b.eq	#-60	
0x70225fe174[libsecsdk.so@0x21174]		mov	x0, x20	X20=0x7022a7f660
0x70225fe178[libsecsdk.so@0x21178]		ldr	x30, [sp, #32]	SP=0x708b79ee10
0x70225fe17c[libsecsdk.so@0x2117c]		ldp	x19, x20, [sp]	SP=0x708b79ee10
0x70225fe180[libsecsdk.so@0x21180]		ldp	x21, x22, [sp, #16]	SP=0x708b79ee10
0x70225fe184[libsecsdk.so@0x21184]		add	sp, sp, #64	SP=0x708b79ee10
0x70225fe188[libsecsdk.so@0x21188]		ret	LR=0x70225fec54
0x70225fec54[libsecsdk.so@0x21c54]		ldr	x1, [sp, #40]	SP=0x708b79ee50
0x70225fec58[libsecsdk.so@0x21c58]		mov	x19, x0	X0=0x7022a7f660
0x70225fec5c[libsecsdk.so@0x21c5c]		mov	x0, x1	X1=0x708a819500
0x70225fec60[libsecsdk.so@0x21c60]		ldr	x2, [x1]	X1=0x708a819500
0x70225fec64[libsecsdk.so@0x21c64]		mov	x1, x19	X19=0x7022a7f660
0x70225fec68[libsecsdk.so@0x21c68]		ldr	x2, [x2, #48]	X2=0x70967d16a0
0x70225fec6c[libsecsdk.so@0x21c6c]		blr	x2	X2=0x709658f4d0 SP=0x708b79ee50
0x70225fec70[libsecsdk.so@0x21c70]		mov	x20, x0	X0=0x49
0x70225fec74[libsecsdk.so@0x21c74]		cbz	x19, #12	X19=0x7022a7f660
0x70225fec78[libsecsdk.so@0x21c78]		mov	x0, x19	X19=0x7022a7f660
0x70225fec7c[libsecsdk.so@0x21c7c]		bl	#26104	SP=0x708b79ee50
0x7022605274[libsecsdk.so@0x28274]		b	#-12	
0x7022605268[libsecsdk.so@0x28268]		cbz	x0, #8	X0=0x7022a7f660
0x702260526c[libsecsdk.so@0x2826c]		b	#-128940	
0x70225e5ac0[libsecsdk.so@0x8ac0]		adrp	x16, #266240	
0x70225e5ac4[libsecsdk.so@0x8ac4]		ldr	x17, [x16, #3760]	X16=0x7022626000
0x70225e5ac8[libsecsdk.so@0x8ac8]		add	x16, x16, #3760	X16=0x7022626000
0x70225e5acc[libsecsdk.so@0x8acc]		br	x17	X17=0x711abd42bc
0x70225fec80[libsecsdk.so@0x21c80]		mov	x0, x20	X20=0x49
0x70225fec84[libsecsdk.so@0x21c84]		ldr	x30, [sp, #16]	SP=0x708b79ee50
0x70225fec88[libsecsdk.so@0x21c88]		ldp	x19, x20, [sp]	SP=0x708b79ee50
0x70225fec8c[libsecsdk.so@0x21c8c]		add	sp, sp, #48	SP=0x708b79ee50
0x70225fec90[libsecsdk.so@0x21c90]		ret	LR=0x70226018f8
0x70226018f8[libsecsdk.so@0x248f8]		mov	x28, x0	X0=0x49
0x70226018fc[libsecsdk.so@0x248fc]		ldr	x4, [x21]	X21=0x708a819500
0x7022601900[libsecsdk.so@0x24900]		mov	x0, x21	X21=0x708a819500
0x7022601904[libsecsdk.so@0x24904]		mov	x1, x28	X28=0x49
0x7022601908[libsecsdk.so@0x24908]		mov	x2, x20	X20=0x702489f41b
0x702260190c[libsecsdk.so@0x2490c]		mov	x3, x27	X27=0x7022a70580
0x7022601910[libsecsdk.so@0x24910]		cbnz	w26, #300	W26=0x0
0x7022601914[libsecsdk.so@0x24914]		ldr	x4, [x4, #264]	X4=0x70967d16a0
0x7022601918[libsecsdk.so@0x24918]		blr	x4	X4=0x7096597ea0 SP=0x708b79ee80
0x702260191c[libsecsdk.so@0x2491c]		fmov	d9, x0	X0=0x7031d250
0x7022601920[libsecsdk.so@0x24920]		mov	x0, x21	X21=0x708a819500
0x7022601924[libsecsdk.so@0x24924]		bl	#-86432	SP=0x708b79ee80
0x70225ec784[libsecsdk.so@0xf784]		sub	sp, sp, #128	SP=0x708b79ee80
0x70225ec788[libsecsdk.so@0xf788]		stp	x19, x20, [sp]	X19=0x702489f80d X20=0x702489f41b SP=0x708b79ee00
0x70225ec78c[libsecsdk.so@0xf78c]		adrp	x19, #237568	
0x70225ec790[libsecsdk.so@0xf790]		mov	x20, x0	X0=0x708a819500
0x70225ec794[libsecsdk.so@0xf794]		stp	x21, x22, [sp, #16]	X21=0x708a819500 X22=0x708a81f3e8 SP=0x708b79ee00
0x70225ec798[libsecsdk.so@0xf798]		adrp	x21, #241664	
0x70225ec79c[libsecsdk.so@0xf79c]		ldr	x1, [x19, #3784]	X19=0x7022626000
0x70225ec7a0[libsecsdk.so@0xf7a0]		stp	x23, x30, [sp, #32]	X23=0x144 LR=0x7022601928 SP=0x708b79ee00
0x70225ec7a4[libsecsdk.so@0xf7a4]		ldr	w0, [x21, #2128]	X21=0x7022627000
0x70225ec7a8[libsecsdk.so@0xf7a8]		ldr	x1, [x1]	X1=0x711ac85510
0x70225ec7ac[libsecsdk.so@0xf7ac]		str	x1, [sp, #120]	X1=0xdcf65037242d4fae SP=0x708b79ee00
0x70225ec7b0[libsecsdk.so@0xf7b0]		cbz	w0, #44	W0=0x1d
0x70225ec7b4[libsecsdk.so@0xf7b4]		ldr	x19, [x19, #3784]	X19=0x7022626000
0x70225ec7b8[libsecsdk.so@0xf7b8]		ldr	x2, [sp, #120]	SP=0x708b79ee00
0x70225ec7bc[libsecsdk.so@0xf7bc]		ldr	x1, [x19]	X19=0x711ac85510
0x70225ec7c0[libsecsdk.so@0xf7c0]		cmp	x2, x1	X2=0xdcf65037242d4fae X1=0xdcf65037242d4fae
0x70225ec7c4[libsecsdk.so@0xf7c4]		b.ne	#284	
0x70225ec7c8[libsecsdk.so@0xf7c8]		ldp	x19, x20, [sp]	SP=0x708b79ee00
0x70225ec7cc[libsecsdk.so@0xf7cc]		ldp	x21, x22, [sp, #16]	SP=0x708b79ee00
0x70225ec7d0[libsecsdk.so@0xf7d0]		ldp	x23, x30, [sp, #32]	SP=0x708b79ee00
0x70225ec7d4[libsecsdk.so@0xf7d4]		add	sp, sp, #128	SP=0x708b79ee00
0x70225ec7d8[libsecsdk.so@0xf7d8]		ret	LR=0x7022601928
0x7022601928[libsecsdk.so@0x24928]		cmp	w0, #23	W0=0x1d
0x702260192c[libsecsdk.so@0x2492c]		b.ne	#12	
0x7022601938[libsecsdk.so@0x24938]		mov	w1, #0	
0x702260193c[libsecsdk.so@0x2493c]		fmov	x0, d9	
0x7022601940[libsecsdk.so@0x24940]		cbz	x0, #396	X0=0x7031d250
0x7022601944[libsecsdk.so@0x24944]		ldr	x0, [x22]	X22=0x708a81f3e8
0x7022601948[libsecsdk.so@0x24948]		ldr	w3, [x25, x23]	X25=0x702489e3e4 X23=0x144
0x702260194c[libsecsdk.so@0x2494c]		ldr	x2, [x0, #16]	X0=0x7022a969c0
0x7022601950[libsecsdk.so@0x24950]		ldr	x5, [x0, #88]	X0=0x7022a969c0
0x7022601954[libsecsdk.so@0x24954]		ldr	w8, [x2, x3, lsl #2]	X2=0x702489e070 X3=0x44
0x7022601958[libsecsdk.so@0x24958]		add	x5, x5, x8	X5=0x702489e000 X8=0x1838
0x702260195c[libsecsdk.so@0x2495c]		ldrsb	w8, [x5], #1	X5=0x702489f838
0x7022601960[libsecsdk.so@0x24960]		tbnz	w8, #31, #-4	W8=0x3
0x7022601964[libsecsdk.so@0x24964]		mov	x0, x22	X22=0x708a81f3e8
0x7022601968[libsecsdk.so@0x24968]		cbnz	w1, #260	W1=0x0
0x702260196c[libsecsdk.so@0x2496c]		fmov	x1, d10	
0x7022601970[libsecsdk.so@0x24970]		mov	x4, x5	X5=0x702489f839
0x7022601974[libsecsdk.so@0x24974]		fmov	x2, d11	
0x7022601978[libsecsdk.so@0x24978]		mov	w5, w26	W26=0x0
0x702260197c[libsecsdk.so@0x2497c]		fmov	w3, s14	
0x7022601980[libsecsdk.so@0x24980]		bl	#-9364	SP=0x708b79ee80
0x70225ff4ec[libsecsdk.so@0x224ec]		sub	sp, sp, #64	SP=0x708b79ee80
0x70225ff4f0[libsecsdk.so@0x224f0]		uxtb	w5, w5	W5=0x0
0x70225ff4f4[libsecsdk.so@0x224f4]		stp	x21, x22, [sp, #16]	X21=0x708a819500 X22=0x708a81f3e8 SP=0x708b79ee40
0x70225ff4f8[libsecsdk.so@0x224f8]		stp	x23, x30, [sp, #32]	X23=0x144 LR=0x7022601984 SP=0x708b79ee40
0x70225ff4fc[libsecsdk.so@0x224fc]		stp	x19, x20, [sp]	X19=0x702489f80d X20=0x702489f41b SP=0x708b79ee40
0x70225ff500[libsecsdk.so@0x22500]		mov	x21, x1	X1=0x7022a69960
0x70225ff504[libsecsdk.so@0x22504]		mov	x23, x2	X2=0x7022a702e0
0x70225ff508[libsecsdk.so@0x22508]		cbz	w5, #220	W5=0x0
0x70225ff5e4[libsecsdk.so@0x225e4]		sub	w3, w3, #1	W3=0x3
0x70225ff5e8[libsecsdk.so@0x225e8]		mov	w19, #1	
0x70225ff5ec[libsecsdk.so@0x225ec]		lsl	w3, w3, #3	W3=0x2
0x70225ff5f0[libsecsdk.so@0x225f0]		b	#-220	
0x70225ff514[libsecsdk.so@0x22514]		cmp	w3, wzr	W3=0x10
0x70225ff518[libsecsdk.so@0x22518]		mov	x20, #8	
0x70225ff51c[libsecsdk.so@0x2251c]		sxtw	x3, w3	X3=0x10
0x70225ff520[libsecsdk.so@0x22520]		str	x4, [sp, #56]	X4=0x702489f839 SP=0x708b79ee40
0x70225ff524[libsecsdk.so@0x22524]		csel	x20, x3, x20, ne	X3=0x10 X20=0x8
0x70225ff528[libsecsdk.so@0x22528]		mov	x0, x20	X20=0x10
0x70225ff52c[libsecsdk.so@0x2252c]		bl	#26816	SP=0x708b79ee40
0x7022605dec[libsecsdk.so@0x28dec]		stp	x29, x30, [sp, #-16]!	FP=0x708b79f600 LR=0x70225ff530 SP=0x708b79ee40
0x7022605df0[libsecsdk.so@0x28df0]		mov	x29, sp	SP=0x708b79ee30
0x7022605df4[libsecsdk.so@0x28df4]		bl	#-212	SP=0x708b79ee30
0x7022605d20[libsecsdk.so@0x28d20]		stp	x29, x30, [sp, #-32]!	FP=0x708b79ee30 LR=0x7022605df8 SP=0x708b79ee30
0x7022605d24[libsecsdk.so@0x28d24]		mov	x29, sp	SP=0x708b79ee10
0x7022605d28[libsecsdk.so@0x28d28]		stp	x19, x20, [sp, #16]	X19=0x1 X20=0x10 SP=0x708b79ee10
0x7022605d2c[libsecsdk.so@0x28d2c]		mov	x19, x0	X0=0x10
0x7022605d30[libsecsdk.so@0x28d30]		adrp	x20, #139264	
0x7022605d34[libsecsdk.so@0x28d34]		b	#32	
0x7022605d54[libsecsdk.so@0x28d54]		mov	x0, x19	X19=0x10
0x7022605d58[libsecsdk.so@0x28d58]		bl	#-132552	SP=0x708b79ee10
0x70225e5790[libsecsdk.so@0x8790]		adrp	x16, #266240	
0x70225e5794[libsecsdk.so@0x8794]		ldr	x17, [x16, #3352]	X16=0x7022626000
0x70225e5798[libsecsdk.so@0x8798]		add	x16, x16, #3352	X16=0x7022626000
0x70225e579c[libsecsdk.so@0x879c]		br	x17	X17=0x711abd432c
0x7022605d5c[libsecsdk.so@0x28d5c]		cbz	x0, #-36	X0=0x7022a69b80
0x7022605d60[libsecsdk.so@0x28d60]		ldp	x19, x20, [sp, #16]	SP=0x708b79ee10
0x7022605d64[libsecsdk.so@0x28d64]		ldp	x29, x30, [sp], #32	SP=0x708b79ee10
0x7022605d68[libsecsdk.so@0x28d68]		ret	LR=0x7022605df8
0x7022605df8[libsecsdk.so@0x28df8]		ldp	x29, x30, [sp], #16	SP=0x708b79ee30
0x7022605dfc[libsecsdk.so@0x28dfc]		ret	LR=0x70225ff530
0x70225ff530[libsecsdk.so@0x22530]		mov	x22, x0	X0=0x7022a69b80
0x70225ff534[libsecsdk.so@0x22534]		mov	w1, #0	
0x70225ff538[libsecsdk.so@0x22538]		mov	x2, x20	X20=0x10
0x70225ff53c[libsecsdk.so@0x2253c]		bl	#-105452	SP=0x708b79ee40
0x70225e5950[libsecsdk.so@0x8950]		adrp	x16, #266240	
0x70225e5954[libsecsdk.so@0x8954]		ldr	x17, [x16, #3576]	X16=0x7022626000
0x70225e5958[libsecsdk.so@0x8958]		add	x16, x16, #3576	X16=0x7022626000
0x70225e595c[libsecsdk.so@0x895c]		br	x17	X17=0x711ac12340
0x70225ff540[libsecsdk.so@0x22540]		adrp	x1, #57344	
0x70225ff544[libsecsdk.so@0x22544]		ldr	x4, [sp, #56]	SP=0x708b79ee40
0x70225ff548[libsecsdk.so@0x22548]		mov	x5, x22	X22=0x7022a69b80
0x70225ff54c[libsecsdk.so@0x2254c]		add	x1, x1, #3760	X1=0x702260d000
0x70225ff550[libsecsdk.so@0x22550]		ldrb	w3, [x4, #1]!	X4=0x702489f839
0x70225ff554[libsecsdk.so@0x22554]		cbz	w3, #52	W3=0x4c
0x70225ff558[libsecsdk.so@0x22558]		sub	w3, w3, #66	W3=0x4c
0x70225ff55c[libsecsdk.so@0x2255c]		cmp	w3, #25	W3=0xa
0x70225ff560[libsecsdk.so@0x22560]		b.hi	#-16	
0x70225ff564[libsecsdk.so@0x22564]		ldrb	w0, [x1, w3, uxtw]	X1=0x702260deb0 W3=0xa
0x70225ff568[libsecsdk.so@0x22568]		adr	x2, #12	
0x70225ff56c[libsecsdk.so@0x2256c]		add	x0, x2, w0, sxtb #2	X2=0x70225ff574 W0=0x18
0x70225ff570[libsecsdk.so@0x22570]		br	x0	X0=0x70225ff5d4
0x70225ff5d4[libsecsdk.so@0x225d4]		ldr	x0, [x23, w19, sxtw #3]	X23=0x7022a702e0 W19=0x1
0x70225ff5d8[libsecsdk.so@0x225d8]		add	w19, w19, #1	W19=0x1
0x70225ff5dc[libsecsdk.so@0x225dc]		str	x0, [x5], #8	X0=0x69 X5=0x7022a69b80
0x70225ff5e0[libsecsdk.so@0x225e0]		b	#-144	
0x70225ff550[libsecsdk.so@0x22550]		ldrb	w3, [x4, #1]!	X4=0x702489f83a
0x70225ff554[libsecsdk.so@0x22554]		cbz	w3, #52	W3=0x4c
0x70225ff558[libsecsdk.so@0x22558]		sub	w3, w3, #66	W3=0x4c
0x70225ff55c[libsecsdk.so@0x2255c]		cmp	w3, #25	W3=0xa
0x70225ff560[libsecsdk.so@0x22560]		b.hi	#-16	
0x70225ff564[libsecsdk.so@0x22564]		ldrb	w0, [x1, w3, uxtw]	X1=0x702260deb0 W3=0xa
0x70225ff568[libsecsdk.so@0x22568]		adr	x2, #12	
0x70225ff56c[libsecsdk.so@0x2256c]		add	x0, x2, w0, sxtb #2	X2=0x70225ff574 W0=0x18
0x70225ff570[libsecsdk.so@0x22570]		br	x0	X0=0x70225ff5d4
0x70225ff5d4[libsecsdk.so@0x225d4]		ldr	x0, [x23, w19, sxtw #3]	X23=0x7022a702e0 W19=0x2
0x70225ff5d8[libsecsdk.so@0x225d8]		add	w19, w19, #1	W19=0x2
0x70225ff5dc[libsecsdk.so@0x225dc]		str	x0, [x5], #8	X0=0x2886 X5=0x7022a69b88
0x70225ff5e0[libsecsdk.so@0x225e0]		b	#-144	
0x70225ff550[libsecsdk.so@0x22550]		ldrb	w3, [x4, #1]!	X4=0x702489f83b
0x70225ff554[libsecsdk.so@0x22554]		cbz	w3, #52	W3=0x0
0x70225ff588[libsecsdk.so@0x22588]		mov	x0, x22	X22=0x7022a69b80
0x70225ff58c[libsecsdk.so@0x2258c]		ldp	x19, x20, [sp]	SP=0x708b79ee40
0x70225ff590[libsecsdk.so@0x22590]		ldp	x21, x22, [sp, #16]	SP=0x708b79ee40
0x70225ff594[libsecsdk.so@0x22594]		ldp	x23, x30, [sp, #32]	SP=0x708b79ee40
0x70225ff598[libsecsdk.so@0x22598]		add	sp, sp, #64	SP=0x708b79ee40
0x70225ff59c[libsecsdk.so@0x2259c]		ret	LR=0x7022601984
0x7022601984[libsecsdk.so@0x24984]		mov	x20, x0	X0=0x7022a69b80
0x7022601988[libsecsdk.so@0x24988]		ldrb	w1, [x19]	X19=0x702489f80d
0x702260198c[libsecsdk.so@0x2498c]		sub	w1, w1, #66	W1=0x56
0x7022601990[libsecsdk.so@0x24990]		cmp	w1, #25	W1=0x14
0x7022601994[libsecsdk.so@0x24994]		b.hi	#72	
0x7022601998[libsecsdk.so@0x24998]		adrp	x0, #49152	
0x702260199c[libsecsdk.so@0x2499c]		add	x0, x0, #3944	X0=0x702260d000
0x70226019a0[libsecsdk.so@0x249a0]		ldrh	w0, [x0, w1, uxtw #1]	X0=0x702260df68 W1=0x14
0x70226019a4[libsecsdk.so@0x249a4]		adr	x1, #12	
0x70226019a8[libsecsdk.so@0x249a8]		add	x0, x1, w0, sxth #2	X1=0x70226019b0 W0=0xbc
0x70226019ac[libsecsdk.so@0x249ac]		br	x0	X0=0x7022601ca0
0x7022601ca0[libsecsdk.so@0x24ca0]		fmov	w0, s13	
0x7022601ca4[libsecsdk.so@0x24ca4]		cbnz	w0, #504	W0=0x0
0x7022601ca8[libsecsdk.so@0x24ca8]		ldr	x4, [x21]	X21=0x708a819500
0x7022601cac[libsecsdk.so@0x24cac]		mov	x0, x21	X21=0x708a819500
0x7022601cb0[libsecsdk.so@0x24cb0]		cbz	w26, #28	W26=0x0
0x7022601ccc[libsecsdk.so@0x24ccc]		fmov	x1, d12	
0x7022601cd0[libsecsdk.so@0x24cd0]		ldr	x4, [x4, #504]	X4=0x70967d16a0
0x7022601cd4[libsecsdk.so@0x24cd4]		fmov	x2, d9	
0x7022601cd8[libsecsdk.so@0x24cd8]		mov	x3, x20	X20=0x7022a69b80
0x7022601cdc[libsecsdk.so@0x24cdc]		blr	x4	X4=0x70965a60dc SP=0x708b79ee80
0x7022601ce0[libsecsdk.so@0x24ce0]		b	#-772	
0x70226019dc[libsecsdk.so@0x249dc]		cbz	x20, #12	X20=0x7022a69b80
0x70226019e0[libsecsdk.so@0x249e0]		mov	x0, x20	X20=0x7022a69b80
0x70226019e4[libsecsdk.so@0x249e4]		bl	#14480	SP=0x708b79ee80
0x7022605274[libsecsdk.so@0x28274]		b	#-12	
0x7022605268[libsecsdk.so@0x28268]		cbz	x0, #8	X0=0x7022a69b80
0x702260526c[libsecsdk.so@0x2826c]		b	#-128940	
0x70225e5ac0[libsecsdk.so@0x8ac0]		adrp	x16, #266240	
0x70225e5ac4[libsecsdk.so@0x8ac4]		ldr	x17, [x16, #3760]	X16=0x7022626000
0x70225e5ac8[libsecsdk.so@0x8ac8]		add	x16, x16, #3760	X16=0x7022626000
0x70225e5acc[libsecsdk.so@0x8acc]		br	x17	X17=0x711abd42bc
0x70226019e8[libsecsdk.so@0x249e8]		cbz	x27, #12	X27=0x7022a70580
0x70226019ec[libsecsdk.so@0x249ec]		mov	x0, x27	X27=0x7022a70580
0x70226019f0[libsecsdk.so@0x249f0]		bl	#14468	SP=0x708b79ee80
0x7022605274[libsecsdk.so@0x28274]		b	#-12	
0x7022605268[libsecsdk.so@0x28268]		cbz	x0, #8	X0=0x7022a70580
0x702260526c[libsecsdk.so@0x2826c]		b	#-128940	
0x70225e5ac0[libsecsdk.so@0x8ac0]		adrp	x16, #266240	
0x70225e5ac4[libsecsdk.so@0x8ac4]		ldr	x17, [x16, #3760]	X16=0x7022626000
0x70225e5ac8[libsecsdk.so@0x8ac8]		add	x16, x16, #3760	X16=0x7022626000
0x70225e5acc[libsecsdk.so@0x8acc]		br	x17	X17=0x711abd42bc
0x70226019f4[libsecsdk.so@0x249f4]		ldr	x2, [x21]	X21=0x708a819500
0x70226019f8[libsecsdk.so@0x249f8]		mov	x0, x21	X21=0x708a819500
0x70226019fc[libsecsdk.so@0x249fc]		mov	x1, x28	X28=0x49
0x7022601a00[libsecsdk.so@0x24a00]		ldr	x2, [x2, #184]	X2=0x70967d16a0
0x7022601a04[libsecsdk.so@0x24a04]		blr	x2	X2=0x7096594834 SP=0x708b79ee80
0x7022601a08[libsecsdk.so@0x24a08]		mov	x0, x24	X24=0x0
0x7022601a0c[libsecsdk.so@0x24a0c]		ldp	x19, x20, [sp]	SP=0x708b79ee80
0x7022601a10[libsecsdk.so@0x24a10]		ldp	d8, d9, [sp, #88]	SP=0x708b79ee80
0x7022601a14[libsecsdk.so@0x24a14]		ldp	x21, x22, [sp, #16]	SP=0x708b79ee80
0x7022601a18[libsecsdk.so@0x24a18]		ldp	d10, d11, [sp, #104]	SP=0x708b79ee80
0x7022601a1c[libsecsdk.so@0x24a1c]		ldp	x23, x24, [sp, #32]	SP=0x708b79ee80
0x7022601a20[libsecsdk.so@0x24a20]		ldp	d12, d13, [sp, #120]	SP=0x708b79ee80
0x7022601a24[libsecsdk.so@0x24a24]		ldp	x25, x26, [sp, #48]	SP=0x708b79ee80
0x7022601a28[libsecsdk.so@0x24a28]		ldp	x27, x28, [sp, #64]	SP=0x708b79ee80
0x7022601a2c[libsecsdk.so@0x24a2c]		ldr	x30, [sp, #80]	SP=0x708b79ee80
0x7022601a30[libsecsdk.so@0x24a30]		ldr	d14, [sp, #136]	SP=0x708b79ee80
0x7022601a34[libsecsdk.so@0x24a34]		add	sp, sp, #160	SP=0x708b79ee80
0x7022601a38[libsecsdk.so@0x24a38]		ret	LR=0x70225fc284
0x70225fc284[libsecsdk.so@0x1f284]		ldr	x1, [x20]	X20=0x708a819500
0x70225fc288[libsecsdk.so@0x1f288]		fmov	d11, x0	X0=0x0
0x70225fc28c[libsecsdk.so@0x1f28c]		mov	x0, x20	X20=0x708a819500
0x70225fc290[libsecsdk.so@0x1f290]		ldr	x1, [x1, #1824]	X1=0x70967d16a0
0x70225fc294[libsecsdk.so@0x1f294]		blr	x1	X1=0x70965ebe7c SP=0x708b79ef20
0x70225fc298[libsecsdk.so@0x1f298]		uxtb	w0, w0	W0=0x0
0x70225fc29c[libsecsdk.so@0x1f29c]		ldr	x8, [sp, #192]	SP=0x708b79ef20
0x70225fc2a0[libsecsdk.so@0x1f2a0]		cbnz	w0, #-24648	W0=0x0
0x70225fc2a4[libsecsdk.so@0x1f2a4]		ldrb	w0, [x8]	X8=0x708b79f03f
0x70225fc2a8[libsecsdk.so@0x1f2a8]		cbz	w0, #44	W0=0x0
0x70225fc2d4[libsecsdk.so@0x1f2d4]		mov	x0, x28	X28=0x7022a69960
0x70225fc2d8[libsecsdk.so@0x1f2d8]		bl	#36764	SP=0x708b79ef20
0x7022605274[libsecsdk.so@0x28274]		b	#-12	
0x7022605268[libsecsdk.so@0x28268]		cbz	x0, #8	X0=0x7022a69960
0x702260526c[libsecsdk.so@0x2826c]		b	#-128940	
0x70225e5ac0[libsecsdk.so@0x8ac0]		adrp	x16, #266240	
0x70225e5ac4[libsecsdk.so@0x8ac4]		ldr	x17, [x16, #3760]	X16=0x7022626000
0x70225e5ac8[libsecsdk.so@0x8ac8]		add	x16, x16, #3760	X16=0x7022626000
0x70225e5acc[libsecsdk.so@0x8acc]		br	x17	X17=0x711abd42bc
0x70225fc2dc[libsecsdk.so@0x1f2dc]		mov	x0, x19	X19=0x7022a702e0
0x70225fc2e0[libsecsdk.so@0x1f2e0]		bl	#36756	SP=0x708b79ef20
0x7022605274[libsecsdk.so@0x28274]		b	#-12	
0x7022605268[libsecsdk.so@0x28268]		cbz	x0, #8	X0=0x7022a702e0
0x702260526c[libsecsdk.so@0x2826c]		b	#-128940	
0x70225e5ac0[libsecsdk.so@0x8ac0]		adrp	x16, #266240	
0x70225e5ac4[libsecsdk.so@0x8ac4]		ldr	x17, [x16, #3760]	X16=0x7022626000
0x70225e5ac8[libsecsdk.so@0x8ac8]		add	x16, x16, #3760	X16=0x7022626000
0x70225e5acc[libsecsdk.so@0x8acc]		br	x17	X17=0x711abd42bc
0x70225fc2e4[libsecsdk.so@0x1f2e4]		ldr	x1, [x27]	X27=0x708b79f040
0x70225fc2e8[libsecsdk.so@0x1f2e8]		add	x0, x21, #928	X21=0x7022625000
0x70225fc2ec[libsecsdk.so@0x1f2ec]		add	x2, x1, #6	X1=0x711b5b7360
0x70225fc2f0[libsecsdk.so@0x1f2f0]		str	x2, [x27]	X2=0x711b5b7366 X27=0x708b79f040
0x70225fc2f4[libsecsdk.so@0x1f2f4]		ldrh	w19, [x1, #6]	X1=0x711b5b7360
0x70225fc2f8[libsecsdk.so@0x1f2f8]		uxtb	w1, w19	W19=0x41a
0x70225fc2fc[libsecsdk.so@0x1f2fc]		ldr	x0, [x0, w1, sxtw #3]	X0=0x70226253a0 W1=0x1a
0x70225fc300[libsecsdk.so@0x1f300]		br	x0	X0=0x70225f790c
0x70225f790c[libsecsdk.so@0x1a90c]		ldr	x1, [x27]	X27=0x708b79f040
0x70225f7910[libsecsdk.so@0x1a910]		mov	x0, x24	X24=0x708a81f3e8
0x70225f7914[libsecsdk.so@0x1a914]		asr	w28, w19, #8	W19=0x41a
0x70225f7918[libsecsdk.so@0x1a918]		ldrh	w1, [x1, #2]	X1=0x711b5b7366
0x70225f791c[libsecsdk.so@0x1a91c]		bl	#29600	SP=0x708b79ef20
0x70225fecbc[libsecsdk.so@0x21cbc]		ldr	x0, [x0]	X0=0x708a81f3e8
0x70225fecc0[libsecsdk.so@0x21cc0]		ldr	x3, [x0, #16]	X0=0x7022a969c0
0x70225fecc4[libsecsdk.so@0x21cc4]		ldr	x2, [x0, #88]	X0=0x7022a969c0
0x70225fecc8[libsecsdk.so@0x21cc8]		ldr	w0, [x3, w1, uxtw #2]	X3=0x702489e070 W1=0xa
0x70225feccc[libsecsdk.so@0x21ccc]		add	x0, x2, x0	X2=0x702489e000 X0=0x143a
0x70225fecd0[libsecsdk.so@0x21cd0]		ldrsb	w1, [x0], #1	X0=0x702489f43a
0x70225fecd4[libsecsdk.so@0x21cd4]		tbnz	w1, #31, #-4	W1=0x14
0x70225fecd8[libsecsdk.so@0x21cd8]		ret	LR=0x70225f7920
0x70225f7920[libsecsdk.so@0x1a920]		mov	x1, x0	X0=0x702489f43b
0x70225f7924[libsecsdk.so@0x1a924]		ldr	x2, [x20]	X20=0x708a819500
0x70225f7928[libsecsdk.so@0x1a928]		mov	x0, x20	X20=0x708a819500
0x70225f792c[libsecsdk.so@0x1a92c]		ldr	x2, [x2, #1336]	X2=0x70967d16a0
0x70225f7930[libsecsdk.so@0x1a930]		blr	x2	X2=0x70965d1ff0 SP=0x708b79ef20
0x70225f7934[libsecsdk.so@0x1a934]		mov	x19, x0	X0=0x41
0x70225f7938[libsecsdk.so@0x1a938]		ldr	x2, [x20]	X20=0x708a819500
0x70225f793c[libsecsdk.so@0x1a93c]		mov	x1, x0	X0=0x41
0x70225f7940[libsecsdk.so@0x1a940]		mov	x0, x20	X20=0x708a819500
0x70225f7944[libsecsdk.so@0x1a944]		ldr	x2, [x2, #168]	X2=0x70967d16a0
0x70225f7948[libsecsdk.so@0x1a948]		blr	x2	X2=0x7096594344 SP=0x708b79ef20
0x70225f794c[libsecsdk.so@0x1a94c]		ldr	x2, [x20]	X20=0x708a819500
0x70225f7950[libsecsdk.so@0x1a950]		mov	x1, x19	X19=0x41
0x70225f7954[libsecsdk.so@0x1a954]		fmov	d8, x0	X0=0x2896
0x70225f7958[libsecsdk.so@0x1a958]		mov	x0, x20	X20=0x708a819500
0x70225f795c[libsecsdk.so@0x1a95c]		ldr	x2, [x2, #184]	X2=0x70967d16a0
0x70225f7960[libsecsdk.so@0x1a960]		blr	x2	X2=0x7096594834 SP=0x708b79ef20
0x70225f7964[libsecsdk.so@0x1a964]		ldrsw	x0, [x23, #24]	X23=0x708b79f068
0x70225f7968[libsecsdk.so@0x1a968]		lsl	x0, x0, #2	X0=0x8
0x70225f796c[libsecsdk.so@0x1a96c]		add	x0, x0, w28, sxtw #3	X0=0x20 W28=0x4
0x70225f7970[libsecsdk.so@0x1a970]		ldr	x19, [x25, x0]	X25=0x708a8893c0 X0=0x40
0x70225f7974[libsecsdk.so@0x1a974]		cbz	x19, #236	X19=0x69
0x70225f7978[libsecsdk.so@0x1a978]		ldr	x1, [x23, #8]	X23=0x708b79f068
0x70225f797c[libsecsdk.so@0x1a97c]		mov	x0, x23	X23=0x708b79f068
0x70225f7980[libsecsdk.so@0x1a980]		mov	x2, x19	X19=0x69
0x70225f7984[libsecsdk.so@0x1a984]		bl	#26352	SP=0x708b79ef20
0x70225fe074[libsecsdk.so@0x21074]		ldr	x0, [x0]	X0=0x708b79f068
0x70225fe078[libsecsdk.so@0x21078]		b	#16	
0x70225fe088[libsecsdk.so@0x21088]		sub	x0, x0, #8	X0=0x7022a5e028
0x70225fe08c[libsecsdk.so@0x2108c]		cmp	x0, x1	X0=0x7022a5e020 X1=0x7022a5e000
0x70225fe090[libsecsdk.so@0x21090]		b.hs	#-20	
0x70225fe07c[libsecsdk.so@0x2107c]		ldr	x3, [x0]	X0=0x7022a5e020
0x70225fe080[libsecsdk.so@0x21080]		cmp	x3, x2	X3=0x2886 X2=0x69
0x70225fe084[libsecsdk.so@0x21084]		b.eq	#20	
0x70225fe088[libsecsdk.so@0x21088]		sub	x0, x0, #8	X0=0x7022a5e020
0x70225fe08c[libsecsdk.so@0x2108c]		cmp	x0, x1	X0=0x7022a5e018 X1=0x7022a5e000
0x70225fe090[libsecsdk.so@0x21090]		b.hs	#-20	
0x70225fe07c[libsecsdk.so@0x2107c]		ldr	x3, [x0]	X0=0x7022a5e018
0x70225fe080[libsecsdk.so@0x21080]		cmp	x3, x2	X3=0x69 X2=0x69
0x70225fe084[libsecsdk.so@0x21084]		b.eq	#20	
0x70225fe098[libsecsdk.so@0x21098]		ret	LR=0x70225f7988
0x70225f7988[libsecsdk.so@0x1a988]		cbz	x0, #216	X0=0x7022a5e018
0x70225f798c[libsecsdk.so@0x1a98c]		ldr	w5, [x23, #24]	X23=0x708b79f068
0x70225f7990[libsecsdk.so@0x1a990]		cmp	w5, wzr	W5=0x8
0x70225f7994[libsecsdk.so@0x1a994]		sbfiz	x0, x5, #2, #32	X5=0x8
0x70225f7998[libsecsdk.so@0x1a998]		b.le	#72	
0x70225f799c[libsecsdk.so@0x1a99c]		ldr	x1, [x25, x0]	X25=0x708a8893c0 X0=0x20
0x70225f79a0[libsecsdk.so@0x1a9a0]		add	x0, x25, x0	X25=0x708a8893c0 X0=0x20
0x70225f79a4[libsecsdk.so@0x1a9a4]		cmp	x19, x1	X19=0x69 X1=0x0
0x70225f79a8[libsecsdk.so@0x1a9a8]		b.ne	#8	
0x70225f79b0[libsecsdk.so@0x1a9b0]		mov	w3, #0	
0x70225f79b4[libsecsdk.so@0x1a9b4]		b	#32	
0x70225f79d4[libsecsdk.so@0x1a9d4]		add	w3, w3, #1	W3=0x0
0x70225f79d8[libsecsdk.so@0x1a9d8]		cmp	w3, w5	W3=0x1 W5=0x8
0x70225f79dc[libsecsdk.so@0x1a9dc]		b.ne	#-36	
0x70225f79b8[libsecsdk.so@0x1a9b8]		ldr	x1, [x0, #8]!	X0=0x708a8893e0
0x70225f79bc[libsecsdk.so@0x1a9bc]		cmp	x19, x1	X19=0x69 X1=0x0
0x70225f79c0[libsecsdk.so@0x1a9c0]		cset	w2, eq	
0x70225f79c4[libsecsdk.so@0x1a9c4]		cmp	w28, w3	W28=0x4 W3=0x1
0x70225f79c8[libsecsdk.so@0x1a9c8]		cset	w1, ne	
0x70225f79cc[libsecsdk.so@0x1a9cc]		tst	w2, w1	W2=0x0 W1=0x1
0x70225f79d0[libsecsdk.so@0x1a9d0]		b.ne	#144	
0x70225f79d4[libsecsdk.so@0x1a9d4]		add	w3, w3, #1	W3=0x1
0x70225f79d8[libsecsdk.so@0x1a9d8]		cmp	w3, w5	W3=0x2 W5=0x8
0x70225f79dc[libsecsdk.so@0x1a9dc]		b.ne	#-36	
0x70225f79b8[libsecsdk.so@0x1a9b8]		ldr	x1, [x0, #8]!	X0=0x708a8893e8
0x70225f79bc[libsecsdk.so@0x1a9bc]		cmp	x19, x1	X19=0x69 X1=0x0
0x70225f79c0[libsecsdk.so@0x1a9c0]		cset	w2, eq	
0x70225f79c4[libsecsdk.so@0x1a9c4]		cmp	w28, w3	W28=0x4 W3=0x2
0x70225f79c8[libsecsdk.so@0x1a9c8]		cset	w1, ne	
0x70225f79cc[libsecsdk.so@0x1a9cc]		tst	w2, w1	W2=0x0 W1=0x1
0x70225f79d0[libsecsdk.so@0x1a9d0]		b.ne	#144	
0x70225f79d4[libsecsdk.so@0x1a9d4]		add	w3, w3, #1	W3=0x2
0x70225f79d8[libsecsdk.so@0x1a9d8]		cmp	w3, w5	W3=0x3 W5=0x8
0x70225f79dc[libsecsdk.so@0x1a9dc]		b.ne	#-36	
0x70225f79b8[libsecsdk.so@0x1a9b8]		ldr	x1, [x0, #8]!	X0=0x708a8893f0
0x70225f79bc[libsecsdk.so@0x1a9bc]		cmp	x19, x1	X19=0x69 X1=0x59
0x70225f79c0[libsecsdk.so@0x1a9c0]		cset	w2, eq	
0x70225f79c4[libsecsdk.so@0x1a9c4]		cmp	w28, w3	W28=0x4 W3=0x3
0x70225f79c8[libsecsdk.so@0x1a9c8]		cset	w1, ne	
0x70225f79cc[libsecsdk.so@0x1a9cc]		tst	w2, w1	W2=0x0 W1=0x1
0x70225f79d0[libsecsdk.so@0x1a9d0]		b.ne	#144	
0x70225f79d4[libsecsdk.so@0x1a9d4]		add	w3, w3, #1	W3=0x3
0x70225f79d8[libsecsdk.so@0x1a9d8]		cmp	w3, w5	W3=0x4 W5=0x8
0x70225f79dc[libsecsdk.so@0x1a9dc]		b.ne	#-36	
0x70225f79b8[libsecsdk.so@0x1a9b8]		ldr	x1, [x0, #8]!	X0=0x708a8893f8
0x70225f79bc[libsecsdk.so@0x1a9bc]		cmp	x19, x1	X19=0x69 X1=0x69
0x70225f79c0[libsecsdk.so@0x1a9c0]		cset	w2, eq	
0x70225f79c4[libsecsdk.so@0x1a9c4]		cmp	w28, w3	W28=0x4 W3=0x4
0x70225f79c8[libsecsdk.so@0x1a9c8]		cset	w1, ne	
0x70225f79cc[libsecsdk.so@0x1a9cc]		tst	w2, w1	W2=0x1 W1=0x0
0x70225f79d0[libsecsdk.so@0x1a9d0]		b.ne	#144	
0x70225f79d4[libsecsdk.so@0x1a9d4]		add	w3, w3, #1	W3=0x4
0x70225f79d8[libsecsdk.so@0x1a9d8]		cmp	w3, w5	W3=0x5 W5=0x8
0x70225f79dc[libsecsdk.so@0x1a9dc]		b.ne	#-36	
0x70225f79b8[libsecsdk.so@0x1a9b8]		ldr	x1, [x0, #8]!	X0=0x708a889400
0x70225f79bc[libsecsdk.so@0x1a9bc]		cmp	x19, x1	X19=0x69 X1=0x2886
0x70225f79c0[libsecsdk.so@0x1a9c0]		cset	w2, eq	
0x70225f79c4[libsecsdk.so@0x1a9c4]		cmp	w28, w3	W28=0x4 W3=0x5
0x70225f79c8[libsecsdk.so@0x1a9c8]		cset	w1, ne	
0x70225f79cc[libsecsdk.so@0x1a9cc]		tst	w2, w1	W2=0x0 W1=0x1
0x70225f79d0[libsecsdk.so@0x1a9d0]		b.ne	#144	
0x70225f79d4[libsecsdk.so@0x1a9d4]		add	w3, w3, #1	W3=0x5
0x70225f79d8[libsecsdk.so@0x1a9d8]		cmp	w3, w5	W3=0x6 W5=0x8
0x70225f79dc[libsecsdk.so@0x1a9dc]		b.ne	#-36	
0x70225f79b8[libsecsdk.so@0x1a9b8]		ldr	x1, [x0, #8]!	X0=0x708a889408
0x70225f79bc[libsecsdk.so@0x1a9bc]		cmp	x19, x1	X19=0x69 X1=0x2866
0x70225f79c0[libsecsdk.so@0x1a9c0]		cset	w2, eq	
0x70225f79c4[libsecsdk.so@0x1a9c4]		cmp	w28, w3	W28=0x4 W3=0x6
0x70225f79c8[libsecsdk.so@0x1a9c8]		cset	w1, ne	
0x70225f79cc[libsecsdk.so@0x1a9cc]		tst	w2, w1	W2=0x0 W1=0x1
0x70225f79d0[libsecsdk.so@0x1a9d0]		b.ne	#144	
0x70225f79d4[libsecsdk.so@0x1a9d4]		add	w3, w3, #1	W3=0x6
0x70225f79d8[libsecsdk.so@0x1a9d8]		cmp	w3, w5	W3=0x7 W5=0x8
0x70225f79dc[libsecsdk.so@0x1a9dc]		b.ne	#-36	
0x70225f79b8[libsecsdk.so@0x1a9b8]		ldr	x1, [x0, #8]!	X0=0x708a889410
0x70225f79bc[libsecsdk.so@0x1a9bc]		cmp	x19, x1	X19=0x69 X1=0x2876
0x70225f79c0[libsecsdk.so@0x1a9c0]		cset	w2, eq	
0x70225f79c4[libsecsdk.so@0x1a9c4]		cmp	w28, w3	W28=0x4 W3=0x7
0x70225f79c8[libsecsdk.so@0x1a9c8]		cset	w1, ne	
0x70225f79cc[libsecsdk.so@0x1a9cc]		tst	w2, w1	W2=0x0 W1=0x1
0x70225f79d0[libsecsdk.so@0x1a9d0]		b.ne	#144	
0x70225f79d4[libsecsdk.so@0x1a9d4]		add	w3, w3, #1	W3=0x7
0x70225f79d8[libsecsdk.so@0x1a9d8]		cmp	w3, w5	W3=0x8 W5=0x8
0x70225f79dc[libsecsdk.so@0x1a9dc]		b.ne	#-36	
0x70225f79e0[libsecsdk.so@0x1a9e0]		ldr	x3, [x22, #8]	X22=0x708b79f088
0x70225f79e4[libsecsdk.so@0x1a9e4]		mov	x1, x22	X22=0x708b79f088
0x70225f79e8[libsecsdk.so@0x1a9e8]		cbz	x3, #48	X3=0x7024730400
0x70225f79ec[libsecsdk.so@0x1a9ec]		ldr	x0, [x3, #32]	X3=0x7024730400
0x70225f79f0[libsecsdk.so@0x1a9f0]		cmp	x19, x0	X19=0x69 X0=0x2866
0x70225f79f4[libsecsdk.so@0x1a9f4]		b.hi	#20948	
0x70225f79f8[libsecsdk.so@0x1a9f8]		mov	x1, x3	X3=0x7024730400
0x70225f79fc[libsecsdk.so@0x1a9fc]		ldr	x3, [x3, #16]	X3=0x7024730400
0x70225f7a00[libsecsdk.so@0x1aa00]		cbnz	x3, #-20	X3=0x0
0x70225f7a04[libsecsdk.so@0x1aa04]		cmp	x1, x22	X1=0x7024730400 X22=0x708b79f088
0x70225f7a08[libsecsdk.so@0x1aa08]		b.eq	#16	
0x70225f7a0c[libsecsdk.so@0x1aa0c]		ldr	x0, [x1, #32]	X1=0x7024730400
0x70225f7a10[libsecsdk.so@0x1aa10]		cmp	x19, x0	X19=0x69 X0=0x2866
0x70225f7a14[libsecsdk.so@0x1aa14]		b.hs	#76	
0x70225f7a18[libsecsdk.so@0x1aa18]		ldr	x2, [x20]	X20=0x708a819500
0x70225f7a1c[libsecsdk.so@0x1aa1c]		mov	x1, x19	X19=0x69
0x70225f7a20[libsecsdk.so@0x1aa20]		mov	x0, x20	X20=0x708a819500
0x70225f7a24[libsecsdk.so@0x1aa24]		ldr	x2, [x2, #1856]	X2=0x70967d16a0
0x70225f7a28[libsecsdk.so@0x1aa28]		blr	x2	X2=0x70965ebf84 SP=0x708b79ef20
0x70225f7a2c[libsecsdk.so@0x1aa2c]		cmp	w0, #1	W0=0x1
0x70225f7a30[libsecsdk.so@0x1aa30]		ldr	x2, [x20]	X20=0x708a819500
0x70225f7a34[libsecsdk.so@0x1aa34]		mov	x0, x20	X20=0x708a819500
0x70225f7a38[libsecsdk.so@0x1aa38]		mov	x1, x19	X19=0x69
0x70225f7a3c[libsecsdk.so@0x1aa3c]		b.eq	#24352	
0x70225fd95c[libsecsdk.so@0x2095c]		ldr	x2, [x2, #184]	X2=0x70967d16a0
0x70225fd960[libsecsdk.so@0x20960]		blr	x2	X2=0x7096594834 SP=0x708b79ef20
0x70225fd964[libsecsdk.so@0x20964]		b	#-24340	
0x70225f7a50[libsecsdk.so@0x1aa50]		ldr	x1, [x23, #8]	X23=0x708b79f068
0x70225f7a54[libsecsdk.so@0x1aa54]		mov	x0, x23	X23=0x708b79f068
0x70225f7a58[libsecsdk.so@0x1aa58]		mov	x2, x19	X19=0x69
0x70225f7a5c[libsecsdk.so@0x1aa5c]		bl	#26176	SP=0x708b79ef20
0x70225fe09c[libsecsdk.so@0x2109c]		sub	sp, sp, #16	SP=0x708b79ef20
0x70225fe0a0[libsecsdk.so@0x210a0]		str	x30, [sp]	LR=0x70225f7a60 SP=0x708b79ef10
0x70225fe0a4[libsecsdk.so@0x210a4]		ldr	x6, [x0]	X0=0x708b79f068
0x70225fe0a8[libsecsdk.so@0x210a8]		mov	x4, x6	X6=0x7022a5e028
0x70225fe0ac[libsecsdk.so@0x210ac]		b	#20	
0x70225fe0c0[libsecsdk.so@0x210c0]		sub	x3, x4, #8	X4=0x7022a5e028
0x70225fe0c4[libsecsdk.so@0x210c4]		cmp	x1, x3	X1=0x7022a5e000 X3=0x7022a5e020
0x70225fe0c8[libsecsdk.so@0x210c8]		b.ls	#-24	
0x70225fe0b0[libsecsdk.so@0x210b0]		ldur	x5, [x4, #-8]	X4=0x7022a5e028
0x70225fe0b4[libsecsdk.so@0x210b4]		cmp	x2, x5	X2=0x69 X5=0x2886
0x70225fe0b8[libsecsdk.so@0x210b8]		b.eq	#36	
0x70225fe0bc[libsecsdk.so@0x210bc]		mov	x4, x3	X3=0x7022a5e020
0x70225fe0c0[libsecsdk.so@0x210c0]		sub	x3, x4, #8	X4=0x7022a5e020
0x70225fe0c4[libsecsdk.so@0x210c4]		cmp	x1, x3	X1=0x7022a5e000 X3=0x7022a5e018
0x70225fe0c8[libsecsdk.so@0x210c8]		b.ls	#-24	
0x70225fe0b0[libsecsdk.so@0x210b0]		ldur	x5, [x4, #-8]	X4=0x7022a5e020
0x70225fe0b4[libsecsdk.so@0x210b4]		cmp	x2, x5	X2=0x69 X5=0x69
0x70225fe0b8[libsecsdk.so@0x210b8]		b.eq	#36	
0x70225fe0dc[libsecsdk.so@0x210dc]		sub	x6, x6, #8	X6=0x7022a5e028
0x70225fe0e0[libsecsdk.so@0x210e0]		str	x6, [x0]	X6=0x7022a5e020 X0=0x708b79f068
0x70225fe0e4[libsecsdk.so@0x210e4]		sub	x6, x6, x3	X6=0x7022a5e020 X3=0x7022a5e018
0x70225fe0e8[libsecsdk.so@0x210e8]		asr	x2, x6, #3	X6=0x8
0x70225fe0ec[libsecsdk.so@0x210ec]		cbnz	w2, #20	W2=0x1
0x70225fe100[libsecsdk.so@0x21100]		mov	x0, x3	X3=0x7022a5e018
0x70225fe104[libsecsdk.so@0x21104]		mov	x1, x4	X4=0x7022a5e020
0x70225fe108[libsecsdk.so@0x21108]		sbfiz	x2, x2, #3, #32	X2=0x1
0x70225fe10c[libsecsdk.so@0x2110c]		bl	#-100860	SP=0x708b79ef10
0x70225e5710[libsecsdk.so@0x8710]		adrp	x16, #266240	
0x70225e5714[libsecsdk.so@0x8714]		ldr	x17, [x16, #3288]	X16=0x7022626000
0x70225e5718[libsecsdk.so@0x8718]		add	x16, x16, #3288	X16=0x7022626000
0x70225e571c[libsecsdk.so@0x871c]		br	x17	X17=0x711ac12280
0x70225fe110[libsecsdk.so@0x21110]		mov	w0, #1	
0x70225fe114[libsecsdk.so@0x21114]		b	#-32	
0x70225fe0f4[libsecsdk.so@0x210f4]		ldr	x30, [sp]	SP=0x708b79ef10
0x70225fe0f8[libsecsdk.so@0x210f8]		add	sp, sp, #16	SP=0x708b79ef10
0x70225fe0fc[libsecsdk.so@0x210fc]		ret	LR=0x70225f7a60
0x70225f7a60[libsecsdk.so@0x1aa60]		fmov	w0, s9	
0x70225f7a64[libsecsdk.so@0x1aa64]		mov	x1, x23	X23=0x708b79f068
0x70225f7a68[libsecsdk.so@0x1aa68]		fmov	x2, d8	
0x70225f7a6c[libsecsdk.so@0x1aa6c]		str	s8, [x25, w28, sxtw #2]	X25=0x708a8893c0 W28=0x4
0x70225f7a70[libsecsdk.so@0x1aa70]		mov	w3, w0	W0=0x8
0x70225f7a74[libsecsdk.so@0x1aa74]		add	x3, x3, w28, sxtw #1	X3=0x8 W28=0x4
0x70225f7a78[libsecsdk.so@0x1aa78]		lsl	x3, x3, #2	X3=0x10
0x70225f7a7c[libsecsdk.so@0x1aa7c]		mov	x0, x20	X20=0x708a819500
0x70225f7a80[libsecsdk.so@0x1aa80]		str	d8, [x25, x3]	X25=0x708a8893c0 X3=0x40
0x70225f7a84[libsecsdk.so@0x1aa84]		bl	#25860	SP=0x708b79ef20
0x70225fdf88[libsecsdk.so@0x20f88]		sub	sp, sp, #32	SP=0x708b79ef20
0x70225fdf8c[libsecsdk.so@0x20f8c]		stp	x19, x20, [sp]	X19=0x69 X20=0x708a819500 SP=0x708b79ef00
0x70225fdf90[libsecsdk.so@0x20f90]		stp	x21, x30, [sp, #16]	X21=0x7022625000 LR=0x70225f7a88 SP=0x708b79ef00
0x70225fdf94[libsecsdk.so@0x20f94]		cbz	x2, #136	X2=0x2896
0x70225fdf98[libsecsdk.so@0x20f98]		ldr	x5, [x1]	X1=0x708b79f068
0x70225fdf9c[libsecsdk.so@0x20f9c]		ldr	x0, [x1, #8]	X1=0x708b79f068
0x70225fdfa0[libsecsdk.so@0x20fa0]		mov	x3, x5	X5=0x7022a5e020
0x70225fdfa4[libsecsdk.so@0x20fa4]		b	#16	
0x70225fdfb4[libsecsdk.so@0x20fb4]		sub	x3, x3, #8	X3=0x7022a5e020
0x70225fdfb8[libsecsdk.so@0x20fb8]		cmp	x0, x3	X0=0x7022a5e000 X3=0x7022a5e018
0x70225fdfbc[libsecsdk.so@0x20fbc]		b.ls	#-20	
0x70225fdfa8[libsecsdk.so@0x20fa8]		ldr	x4, [x3]	X3=0x7022a5e018
0x70225fdfac[libsecsdk.so@0x20fac]		cmp	x2, x4	X2=0x2896 X4=0x2886
0x70225fdfb0[libsecsdk.so@0x20fb0]		b.eq	#72	
0x70225fdfb4[libsecsdk.so@0x20fb4]		sub	x3, x3, #8	X3=0x7022a5e018
0x70225fdfb8[libsecsdk.so@0x20fb8]		cmp	x0, x3	X0=0x7022a5e000 X3=0x7022a5e010
0x70225fdfbc[libsecsdk.so@0x20fbc]		b.ls	#-20	
0x70225fdfa8[libsecsdk.so@0x20fa8]		ldr	x4, [x3]	X3=0x7022a5e010
0x70225fdfac[libsecsdk.so@0x20fac]		cmp	x2, x4	X2=0x2896 X4=0x59
0x70225fdfb0[libsecsdk.so@0x20fb0]		b.eq	#72	
0x70225fdfb4[libsecsdk.so@0x20fb4]		sub	x3, x3, #8	X3=0x7022a5e010
0x70225fdfb8[libsecsdk.so@0x20fb8]		cmp	x0, x3	X0=0x7022a5e000 X3=0x7022a5e008
0x70225fdfbc[libsecsdk.so@0x20fbc]		b.ls	#-20	
0x70225fdfa8[libsecsdk.so@0x20fa8]		ldr	x4, [x3]	X3=0x7022a5e008
0x70225fdfac[libsecsdk.so@0x20fac]		cmp	x2, x4	X2=0x2896 X4=0x2876
0x70225fdfb0[libsecsdk.so@0x20fb0]		b.eq	#72	
0x70225fdfb4[libsecsdk.so@0x20fb4]		sub	x3, x3, #8	X3=0x7022a5e008
0x70225fdfb8[libsecsdk.so@0x20fb8]		cmp	x0, x3	X0=0x7022a5e000 X3=0x7022a5e000
0x70225fdfbc[libsecsdk.so@0x20fbc]		b.ls	#-20	
0x70225fdfa8[libsecsdk.so@0x20fa8]		ldr	x4, [x3]	X3=0x7022a5e000
0x70225fdfac[libsecsdk.so@0x20fac]		cmp	x2, x4	X2=0x2896 X4=0x2866
0x70225fdfb0[libsecsdk.so@0x20fb0]		b.eq	#72	
0x70225fdfb4[libsecsdk.so@0x20fb4]		sub	x3, x3, #8	X3=0x7022a5e000
0x70225fdfb8[libsecsdk.so@0x20fb8]		cmp	x0, x3	X0=0x7022a5e000 X3=0x7022a5dff8
0x70225fdfbc[libsecsdk.so@0x20fbc]		b.ls	#-20	
0x70225fdfc0[libsecsdk.so@0x20fc0]		mov	x19, x1	X1=0x708b79f068
0x70225fdfc4[libsecsdk.so@0x20fc4]		ldr	w1, [x1, #16]	X1=0x708b79f068
0x70225fdfc8[libsecsdk.so@0x20fc8]		add	x3, x0, w1, sxtw #3	X0=0x7022a5e000 W1=0x400
0x70225fdfcc[libsecsdk.so@0x20fcc]		cmp	x3, x5	X3=0x7022a60000 X5=0x7022a5e020
0x70225fdfd0[libsecsdk.so@0x20fd0]		mov	x21, x2	X2=0x2896
0x70225fdfd4[libsecsdk.so@0x20fd4]		b.eq	#92	
0x70225fdfd8[libsecsdk.so@0x20fd8]		add	x0, x5, #8	X5=0x7022a5e020
0x70225fdfdc[libsecsdk.so@0x20fdc]		str	x0, [x19]	X0=0x7022a5e028 X19=0x708b79f068
0x70225fdfe0[libsecsdk.so@0x20fe0]		str	x21, [x5]	X21=0x2896 X5=0x7022a5e020
0x70225fdfe4[libsecsdk.so@0x20fe4]		mov	w0, #1	
0x70225fdfe8[libsecsdk.so@0x20fe8]		ldp	x19, x20, [sp]	SP=0x708b79ef00
0x70225fdfec[libsecsdk.so@0x20fec]		ldp	x21, x30, [sp, #16]	SP=0x708b79ef00
0x70225fdff0[libsecsdk.so@0x20ff0]		add	sp, sp, #32	SP=0x708b79ef00
0x70225fdff4[libsecsdk.so@0x20ff4]		ret	LR=0x70225f7a88
0x70225f7a88[libsecsdk.so@0x1aa88]		ldr	x1, [x27]	X27=0x708b79f040
0x70225f7a8c[libsecsdk.so@0x1aa8c]		add	x0, x21, #928	X21=0x7022625000
0x70225f7a90[libsecsdk.so@0x1aa90]		add	x2, x1, #4	X1=0x711b5b7366
0x70225f7a94[libsecsdk.so@0x1aa94]		str	x2, [x27]	X2=0x711b5b736a X27=0x708b79f040
0x70225f7a98[libsecsdk.so@0x1aa98]		ldrh	w19, [x1, #4]	X1=0x711b5b7366
0x70225f7a9c[libsecsdk.so@0x1aa9c]		uxtb	w1, w19	W19=0x1071
0x70225f7aa0[libsecsdk.so@0x1aaa0]		ldr	x0, [x0, w1, sxtw #3]	X0=0x70226253a0 W1=0x71
0x70225f7aa4[libsecsdk.so@0x1aaa4]		br	x0	X0=0x70225fbfe4
0x70225fbfe4[libsecsdk.so@0x1efe4]		ldr	x0, [x27]	X27=0x708b79f040
0x70225fbfe8[libsecsdk.so@0x1efe8]		asr	w1, w19, #8	W19=0x1071
0x70225fbfec[libsecsdk.so@0x1efec]		asr	w5, w19, #12	W19=0x1071
0x70225fbff0[libsecsdk.so@0x1eff0]		str	x5, [sp, #216]	X5=0x1 SP=0x708b79ef20
0x70225fbff4[libsecsdk.so@0x1eff4]		fmov	s8, w1	W1=0x10
0x70225fbff8[libsecsdk.so@0x1eff8]		ldrh	w6, [x0, #2]	X0=0x711b5b736a
0x70225fbffc[libsecsdk.so@0x1effc]		sxtw	x1, w5	X5=0x1
0x70225fc000[libsecsdk.so@0x1f000]		ldrh	w19, [x0, #4]	X0=0x711b5b736a
0x70225fc004[libsecsdk.so@0x1f004]		lsl	x0, x1, #2	X1=0x1
0x70225fc008[libsecsdk.so@0x1f008]		str	x6, [sp, #224]	X6=0x47 SP=0x708b79ef20
0x70225fc00c[libsecsdk.so@0x1f00c]		str	x1, [sp, #192]	X1=0x1 SP=0x708b79ef20
0x70225fc010[libsecsdk.so@0x1f010]		bl	#40412	SP=0x708b79ef20
0x7022605dec[libsecsdk.so@0x28dec]		stp	x29, x30, [sp, #-16]!	FP=0x708b79f600 LR=0x70225fc014 SP=0x708b79ef20
0x7022605df0[libsecsdk.so@0x28df0]		mov	x29, sp	SP=0x708b79ef10
0x7022605df4[libsecsdk.so@0x28df4]		bl	#-212	SP=0x708b79ef10
0x7022605d20[libsecsdk.so@0x28d20]		stp	x29, x30, [sp, #-32]!	FP=0x708b79ef10 LR=0x7022605df8 SP=0x708b79ef10
0x7022605d24[libsecsdk.so@0x28d24]		mov	x29, sp	SP=0x708b79eef0
0x7022605d28[libsecsdk.so@0x28d28]		stp	x19, x20, [sp, #16]	X19=0x4 X20=0x708a819500 SP=0x708b79eef0
0x7022605d2c[libsecsdk.so@0x28d2c]		mov	x19, x0	X0=0x4
0x7022605d30[libsecsdk.so@0x28d30]		adrp	x20, #139264	
0x7022605d34[libsecsdk.so@0x28d34]		b	#32	
0x7022605d54[libsecsdk.so@0x28d54]		mov	x0, x19	X19=0x4
0x7022605d58[libsecsdk.so@0x28d58]		bl	#-132552	SP=0x708b79eef0
0x70225e5790[libsecsdk.so@0x8790]		adrp	x16, #266240	
0x70225e5794[libsecsdk.so@0x8794]		ldr	x17, [x16, #3352]	X16=0x7022626000
0x70225e5798[libsecsdk.so@0x8798]		add	x16, x16, #3352	X16=0x7022626000
0x70225e579c[libsecsdk.so@0x879c]		br	x17	X17=0x711abd432c
0x7022605d5c[libsecsdk.so@0x28d5c]		cbz	x0, #-36	X0=0x708a81f8b8
0x7022605d60[libsecsdk.so@0x28d60]		ldp	x19, x20, [sp, #16]	SP=0x708b79eef0
0x7022605d64[libsecsdk.so@0x28d64]		ldp	x29, x30, [sp], #32	SP=0x708b79eef0
0x7022605d68[libsecsdk.so@0x28d68]		ret	LR=0x7022605df8
0x7022605df8[libsecsdk.so@0x28df8]		ldp	x29, x30, [sp], #16	SP=0x708b79ef10
0x7022605dfc[libsecsdk.so@0x28dfc]		ret	LR=0x70225fc014
0x70225fc014[libsecsdk.so@0x1f014]		ldr	x1, [sp, #192]	SP=0x708b79ef20
0x70225fc018[libsecsdk.so@0x1f018]		mov	x28, x0	X0=0x708a81f8b8
0x70225fc01c[libsecsdk.so@0x1f01c]		lsl	x0, x1, #3	X1=0x1
0x70225fc020[libsecsdk.so@0x1f020]		bl	#40396	SP=0x708b79ef20
0x7022605dec[libsecsdk.so@0x28dec]		stp	x29, x30, [sp, #-16]!	FP=0x708b79f600 LR=0x70225fc024 SP=0x708b79ef20
0x7022605df0[libsecsdk.so@0x28df0]		mov	x29, sp	SP=0x708b79ef10
0x7022605df4[libsecsdk.so@0x28df4]		bl	#-212	SP=0x708b79ef10
0x7022605d20[libsecsdk.so@0x28d20]		stp	x29, x30, [sp, #-32]!	FP=0x708b79ef10 LR=0x7022605df8 SP=0x708b79ef10
0x7022605d24[libsecsdk.so@0x28d24]		mov	x29, sp	SP=0x708b79eef0
0x7022605d28[libsecsdk.so@0x28d28]		stp	x19, x20, [sp, #16]	X19=0x4 X20=0x708a819500 SP=0x708b79eef0
0x7022605d2c[libsecsdk.so@0x28d2c]		mov	x19, x0	X0=0x8
0x7022605d30[libsecsdk.so@0x28d30]		adrp	x20, #139264	
0x7022605d34[libsecsdk.so@0x28d34]		b	#32	
0x7022605d54[libsecsdk.so@0x28d54]		mov	x0, x19	X19=0x8
0x7022605d58[libsecsdk.so@0x28d58]		bl	#-132552	SP=0x708b79eef0
0x70225e5790[libsecsdk.so@0x8790]		adrp	x16, #266240	
0x70225e5794[libsecsdk.so@0x8794]		ldr	x17, [x16, #3352]	X16=0x7022626000
0x70225e5798[libsecsdk.so@0x8798]		add	x16, x16, #3352	X16=0x7022626000
0x70225e579c[libsecsdk.so@0x879c]		br	x17	X17=0x711abd432c
0x7022605d5c[libsecsdk.so@0x28d5c]		cbz	x0, #-36	X0=0x708a81f890
0x7022605d60[libsecsdk.so@0x28d60]		ldp	x19, x20, [sp, #16]	SP=0x708b79eef0
0x7022605d64[libsecsdk.so@0x28d64]		ldp	x29, x30, [sp], #32	SP=0x708b79eef0
0x7022605d68[libsecsdk.so@0x28d68]		ret	LR=0x7022605df8
0x7022605df8[libsecsdk.so@0x28df8]		ldp	x29, x30, [sp], #16	SP=0x708b79ef10
0x7022605dfc[libsecsdk.so@0x28dfc]		ret	LR=0x70225fc024
0x70225fc024[libsecsdk.so@0x1f024]		str	x0, [sp, #208]	X0=0x708a81f890 SP=0x708b79ef20
0x70225fc028[libsecsdk.so@0x1f028]		ldr	x5, [sp, #216]	SP=0x708b79ef20
0x70225fc02c[libsecsdk.so@0x1f02c]		mov	w1, #0	
0x70225fc030[libsecsdk.so@0x1f030]		mov	x0, x28	X28=0x708a81f8b8
0x70225fc034[libsecsdk.so@0x1f034]		str	x5, [sp, #192]	X5=0x1 SP=0x708b79ef20
0x70225fc038[libsecsdk.so@0x1f038]		ubfiz	x2, x5, #2, #4	X5=0x1
0x70225fc03c[libsecsdk.so@0x1f03c]		bl	#-91884	SP=0x708b79ef20
0x70225e5950[libsecsdk.so@0x8950]		adrp	x16, #266240	
0x70225e5954[libsecsdk.so@0x8954]		ldr	x17, [x16, #3576]	X16=0x7022626000
0x70225e5958[libsecsdk.so@0x8958]		add	x16, x16, #3576	X16=0x7022626000
0x70225e595c[libsecsdk.so@0x895c]		br	x17	X17=0x711ac12340
0x70225fc040[libsecsdk.so@0x1f040]		ldr	x8, [sp, #208]	SP=0x708b79ef20
0x70225fc044[libsecsdk.so@0x1f044]		mov	w1, #0	
0x70225fc048[libsecsdk.so@0x1f048]		ldr	x5, [sp, #192]	SP=0x708b79ef20
0x70225fc04c[libsecsdk.so@0x1f04c]		mov	x0, x8	X8=0x708a81f890
0x70225fc050[libsecsdk.so@0x1f050]		ubfiz	x2, x5, #3, #4	X5=0x1
0x70225fc054[libsecsdk.so@0x1f054]		bl	#-91908	SP=0x708b79ef20
0x70225e5950[libsecsdk.so@0x8950]		adrp	x16, #266240	
0x70225e5954[libsecsdk.so@0x8954]		ldr	x17, [x16, #3576]	X16=0x7022626000
0x70225e5958[libsecsdk.so@0x8958]		add	x16, x16, #3576	X16=0x7022626000
0x70225e595c[libsecsdk.so@0x895c]		br	x17	X17=0x711ac12340
0x70225fc058[libsecsdk.so@0x1f058]		ldr	x5, [sp, #192]	SP=0x708b79ef20
0x70225fc05c[libsecsdk.so@0x1f05c]		ldr	x8, [sp, #208]	SP=0x708b79ef20
0x70225fc060[libsecsdk.so@0x1f060]		sub	w0, w5, #1	W5=0x1
0x70225fc064[libsecsdk.so@0x1f064]		ldr	x6, [sp, #224]	SP=0x708b79ef20
0x70225fc068[libsecsdk.so@0x1f068]		cmp	w0, #4	W0=0x0
0x70225fc06c[libsecsdk.so@0x1f06c]		b.hi	#-408	
0x70225fc070[libsecsdk.so@0x1f070]		fmov	x1, d13	
0x70225fc074[libsecsdk.so@0x1f074]		ldrh	w0, [x1, w0, uxtw #1]	X1=0x702260dd84 W0=0x0
0x70225fc078[libsecsdk.so@0x1f078]		adr	x1, #12	
0x70225fc07c[libsecsdk.so@0x1f07c]		add	x0, x1, w0, sxth #2	X1=0x70225fc084 W0=0x585
0x70225fc080[libsecsdk.so@0x1f080]		br	x0	X0=0x70225fd698
0x70225fd698[libsecsdk.so@0x20698]		fmov	w0, s9	
0x70225fd69c[libsecsdk.so@0x2069c]		mov	w0, w0	W0=0x8
0x70225fd6a0[libsecsdk.so@0x206a0]		b	#-56	
0x70225fd668[libsecsdk.so@0x20668]		and	w19, w19, #0xf	W19=0x4
0x70225fd66c[libsecsdk.so@0x2066c]		add	x0, x0, w19, uxtw #1	X0=0x8 W19=0x4
0x70225fd670[libsecsdk.so@0x20670]		ubfiz	x19, x19, #2, #4	X19=0x4
0x70225fd674[libsecsdk.so@0x20674]		lsl	x0, x0, #2	X0=0x10
0x70225fd678[libsecsdk.so@0x20678]		ldr	w1, [x25, x19]	X25=0x708a8893c0 X19=0x10
0x70225fd67c[libsecsdk.so@0x2067c]		str	w1, [x28]	W1=0x2896 X28=0x708a81f8b8
0x70225fd680[libsecsdk.so@0x20680]		ldr	x0, [x25, x0]	X25=0x708a8893c0 X0=0x40
0x70225fd684[libsecsdk.so@0x20684]		str	x0, [x8]	X0=0x2896 X8=0x708a81f890
0x70225fd688[libsecsdk.so@0x20688]		b	#-6068	
0x70225fbed4[libsecsdk.so@0x1eed4]		mov	x2, #0	
0x70225fbed8[libsecsdk.so@0x1eed8]		mov	w0, #1	
0x70225fbedc[libsecsdk.so@0x1eedc]		mov	x4, x8	X8=0x708a81f890
0x70225fbee0[libsecsdk.so@0x1eee0]		mov	x1, x20	X20=0x708a819500
0x70225fbee4[libsecsdk.so@0x1eee4]		mov	x3, x28	X28=0x708a81f8b8
0x70225fbee8[libsecsdk.so@0x1eee8]		mov	w7, w2	W2=0x0
0x70225fbeec[libsecsdk.so@0x1eeec]		strb	w0, [sp]	W0=0x1 SP=0x708b79ef20
0x70225fbef0[libsecsdk.so@0x1eef0]		add	x19, sp, #287	SP=0x708b79ef20
0x70225fbef4[libsecsdk.so@0x1eef4]		strb	wzr, [sp, #8]	SP=0x708b79ef20
0x70225fbef8[libsecsdk.so@0x1eef8]		mov	x0, x24	X24=0x708a81f3e8
0x70225fbefc[libsecsdk.so@0x1eefc]		str	x19, [sp, #16]	X19=0x708b79f03f SP=0x708b79ef20
0x70225fbf00[libsecsdk.so@0x1ef00]		str	x8, [sp, #192]	X8=0x708a81f890 SP=0x708b79ef20
0x70225fbf04[libsecsdk.so@0x1ef04]		strb	wzr, [sp, #287]	SP=0x708b79ef20
0x70225fbf08[libsecsdk.so@0x1ef08]		bl	#22740	SP=0x708b79ef20
0x70226017dc[libsecsdk.so@0x247dc]		sub	sp, sp, #160	SP=0x708b79ef20
0x70226017e0[libsecsdk.so@0x247e0]		uxtb	w7, w7	W7=0x0
0x70226017e4[libsecsdk.so@0x247e4]		ubfiz	x6, x6, #3, #32	X6=0x47
0x70226017e8[libsecsdk.so@0x247e8]		stp	d8, d9, [sp, #88]	SP=0x708b79ee80
0x70226017ec[libsecsdk.so@0x247ec]		str	d14, [sp, #136]	SP=0x708b79ee80
0x70226017f0[libsecsdk.so@0x247f0]		stp	d12, d13, [sp, #120]	SP=0x708b79ee80
0x70226017f4[libsecsdk.so@0x247f4]		stp	x19, x20, [sp]	X19=0x708b79f03f X20=0x708a819500 SP=0x708b79ee80
0x70226017f8[libsecsdk.so@0x247f8]		stp	d10, d11, [sp, #104]	SP=0x708b79ee80
0x70226017fc[libsecsdk.so@0x247fc]		stp	x23, x24, [sp, #32]	X23=0x708b79f068 X24=0x708a81f3e8 SP=0x708b79ee80
0x7022601800[libsecsdk.so@0x24800]		stp	x25, x26, [sp, #48]	X25=0x708a8893c0 X26=0x70228b8c00 SP=0x708b79ee80
0x7022601804[libsecsdk.so@0x24804]		stp	x21, x22, [sp, #16]	X21=0x7022625000 X22=0x708b79f088 SP=0x708b79ee80
0x7022601808[libsecsdk.so@0x24808]		stp	x27, x28, [sp, #64]	X27=0x708b79f040 X28=0x708a81f8b8 SP=0x708b79ee80
0x702260180c[libsecsdk.so@0x2480c]		str	x30, [sp, #80]	LR=0x70225fbf0c SP=0x708b79ee80
0x7022601810[libsecsdk.so@0x24810]		mov	x24, #0	
0x7022601814[libsecsdk.so@0x24814]		fmov	s13, w7	W7=0x0
0x7022601818[libsecsdk.so@0x24818]		ldrb	w7, [sp, #168]	SP=0x708b79ee80
0x702260181c[libsecsdk.so@0x2481c]		ldr	x8, [x0]	X0=0x708a81f3e8
0x7022601820[libsecsdk.so@0x24820]		ldrb	w26, [sp, #160]	SP=0x708b79ee80
0x7022601824[libsecsdk.so@0x24824]		fmov	s8, w7	W7=0x0
0x7022601828[libsecsdk.so@0x24828]		ldr	x7, [x8, #40]	X8=0x7022a969c0
0x702260182c[libsecsdk.so@0x2482c]		adds	x19, x7, x6	X7=0x702489e5f0 X6=0x238
0x7022601830[libsecsdk.so@0x24830]		b.eq	#472	
0x7022601834[libsecsdk.so@0x24834]		ldr	w10, [x19, #4]	X19=0x702489e828
0x7022601838[libsecsdk.so@0x24838]		ldr	x9, [x8, #16]	X8=0x7022a969c0
0x702260183c[libsecsdk.so@0x2483c]		ldr	x20, [x8, #88]	X8=0x7022a969c0
0x7022601840[libsecsdk.so@0x24840]		ldr	w8, [x9, x10, lsl #2]	X9=0x702489e070 X10=0x70
0x7022601844[libsecsdk.so@0x24844]		add	x20, x20, x8	X20=0x702489e000 X8=0x1a70
0x7022601848[libsecsdk.so@0x24848]		ldrsb	w8, [x20], #1	X20=0x702489fa70
0x702260184c[libsecsdk.so@0x2484c]		tbnz	w8, #31, #-4	W8=0xb
0x7022601850[libsecsdk.so@0x24850]		fmov	d12, x2	X2=0x0
0x7022601854[libsecsdk.so@0x24854]		mov	x21, x1	X1=0x708a819500
0x7022601858[libsecsdk.so@0x24858]		fmov	s14, w5	W5=0x1
0x702260185c[libsecsdk.so@0x2485c]		ldrh	w1, [x19, #2]	X19=0x702489e828
0x7022601860[libsecsdk.so@0x24860]		fmov	d11, x4	X4=0x708a81f890
0x7022601864[libsecsdk.so@0x24864]		mov	x22, x0	X0=0x708a81f3e8
0x7022601868[libsecsdk.so@0x24868]		fmov	d10, x3	X3=0x708a81f8b8
0x702260186c[libsecsdk.so@0x2486c]		str	x7, [sp, #152]	X7=0x702489e5f0 SP=0x708b79ee80
0x7022601870[libsecsdk.so@0x24870]		str	x6, [sp, #144]	X6=0x238 SP=0x708b79ee80
0x7022601874[libsecsdk.so@0x24874]		bl	#-9560	SP=0x708b79ee80
0x70225ff31c[libsecsdk.so@0x2231c]		sub	sp, sp, #96	SP=0x708b79ee80
0x70225ff320[libsecsdk.so@0x22320]		mov	w1, w1	W1=0x15
0x70225ff324[libsecsdk.so@0x22324]		add	x1, x1, x1, lsl #1	X1=0x15 X1=0x15
0x70225ff328[libsecsdk.so@0x22328]		stp	x21, x22, [sp, #16]	X21=0x708a819500 X22=0x708a81f3e8 SP=0x708b79ee20
0x70225ff32c[libsecsdk.so@0x2232c]		stp	x19, x20, [sp]	X19=0x702489e828 X20=0x702489fa71 SP=0x708b79ee20
0x70225ff330[libsecsdk.so@0x22330]		stp	x23, x24, [sp, #32]	X23=0x708b79f068 X24=0x0 SP=0x708b79ee20
0x70225ff334[libsecsdk.so@0x22334]		stp	x25, x26, [sp, #48]	X25=0x708a8893c0 X26=0x1 SP=0x708b79ee20
0x70225ff338[libsecsdk.so@0x22338]		stp	x27, x28, [sp, #64]	X27=0x708b79f040 X28=0x708a81f8b8 SP=0x708b79ee20
0x70225ff33c[libsecsdk.so@0x2233c]		str	x30, [sp, #80]	LR=0x7022601878 SP=0x708b79ee20
0x70225ff340[libsecsdk.so@0x22340]		mov	x22, x0	X0=0x708a81f3e8
0x70225ff344[libsecsdk.so@0x22344]		ldr	x0, [x0]	X0=0x708a81f3e8
0x70225ff348[libsecsdk.so@0x22348]		ldr	x23, [x0, #48]	X0=0x7022a969c0
0x70225ff34c[libsecsdk.so@0x2234c]		add	x23, x23, x1, lsl #2	X23=0x702489e3e4 X1=0x3f
0x70225ff350[libsecsdk.so@0x22350]		ldr	w1, [x23, #8]	X23=0x702489e4e0
0x70225ff354[libsecsdk.so@0x22354]		cbnz	w1, #272	W1=0x1334
0x70225ff464[libsecsdk.so@0x22464]		ldr	x21, [x0, #88]	X0=0x7022a969c0
0x70225ff468[libsecsdk.so@0x22468]		mov	w1, w1	W1=0x1334
0x70225ff46c[libsecsdk.so@0x2246c]		adds	x26, x21, x1	X21=0x702489e000 X1=0x1334
0x70225ff470[libsecsdk.so@0x22470]		b.eq	#88	
0x70225ff474[libsecsdk.so@0x22474]		ldr	w25, [x21, x1]	X21=0x702489e000 X1=0x1334
0x70225ff478[libsecsdk.so@0x22478]		cbz	w25, #100	W25=0x1
0x70225ff47c[libsecsdk.so@0x2247c]		sub	w24, w25, #1	W25=0x1
0x70225ff480[libsecsdk.so@0x22480]		ldr	x27, [x0, #24]	X0=0x7022a969c0
0x70225ff484[libsecsdk.so@0x22484]		add	x24, x24, #3	X24=0x0
0x70225ff488[libsecsdk.so@0x22488]		ldr	x28, [x0, #16]	X0=0x7022a969c0
0x70225ff48c[libsecsdk.so@0x2248c]		add	x19, x26, #4	X26=0x702489f334
0x70225ff490[libsecsdk.so@0x22490]		mov	x20, #3	
0x70225ff494[libsecsdk.so@0x22494]		add	x24, x26, x24, lsl #1	X26=0x702489f334 X24=0x3
0x70225ff498[libsecsdk.so@0x22498]		ldrh	w2, [x19]	X19=0x702489f338
0x70225ff49c[libsecsdk.so@0x2249c]		ldr	w2, [x27, x2, lsl #2]	X27=0x702489e35c X2=0x13
0x70225ff4a0[libsecsdk.so@0x224a0]		ldr	w1, [x28, x2, lsl #2]	X28=0x702489e070 X2=0x2e
0x70225ff4a4[libsecsdk.so@0x224a4]		add	x0, x21, x1	X21=0x702489e000 X1=0x16bd
0x70225ff4a8[libsecsdk.so@0x224a8]		ldrsb	w1, [x0], #1	X0=0x702489f6bd
0x70225ff4ac[libsecsdk.so@0x224ac]		tbnz	w1, #31, #-4	W1=0x12
0x70225ff4b0[libsecsdk.so@0x224b0]		bl	#-105008	SP=0x708b79ee20
0x70225e5a80[libsecsdk.so@0x8a80]		adrp	x16, #266240	
0x70225e5a84[libsecsdk.so@0x8a84]		ldr	x17, [x16, #3728]	X16=0x7022626000
0x70225e5a88[libsecsdk.so@0x8a88]		add	x16, x16, #3728	X16=0x7022626000
0x70225e5a8c[libsecsdk.so@0x8a8c]		br	x17	X17=0x711ac12960
0x70225ff4b4[libsecsdk.so@0x224b4]		add	x19, x19, #2	X19=0x702489f338
0x70225ff4b8[libsecsdk.so@0x224b8]		cmp	x19, x24	X19=0x702489f33a X24=0x702489f33a
0x70225ff4bc[libsecsdk.so@0x224bc]		add	x20, x20, x0	X20=0x3 X0=0x12
0x70225ff4c0[libsecsdk.so@0x224c0]		b.ne	#-40	
0x70225ff4c4[libsecsdk.so@0x224c4]		b	#-340	
0x70225ff370[libsecsdk.so@0x22370]		ldr	w0, [x23, #4]	X23=0x702489e4e0
0x70225ff374[libsecsdk.so@0x22374]		ldr	w0, [x27, x0, lsl #2]	X27=0x702489e35c X0=0x1b
0x70225ff378[libsecsdk.so@0x22378]		ldr	w1, [x28, x0, lsl #2]	X28=0x702489e070 X0=0x36
0x70225ff37c[libsecsdk.so@0x2237c]		add	x0, x21, x1	X21=0x702489e000 X1=0x178c
0x70225ff380[libsecsdk.so@0x22380]		ldrsb	w2, [x0], #1	X0=0x702489f78c
0x70225ff384[libsecsdk.so@0x22384]		tbnz	w2, #31, #-4	W2=0x15
0x70225ff388[libsecsdk.so@0x22388]		bl	#-104712	SP=0x708b79ee20
0x70225e5a80[libsecsdk.so@0x8a80]		adrp	x16, #266240	
0x70225e5a84[libsecsdk.so@0x8a84]		ldr	x17, [x16, #3728]	X16=0x7022626000
0x70225e5a88[libsecsdk.so@0x8a88]		add	x16, x16, #3728	X16=0x7022626000
0x70225e5a8c[libsecsdk.so@0x8a8c]		br	x17	X17=0x711ac12960
0x70225ff38c[libsecsdk.so@0x2238c]		add	x0, x0, x20	X0=0x15 X20=0x15
0x70225ff390[libsecsdk.so@0x22390]		bl	#27228	SP=0x708b79ee20
0x7022605dec[libsecsdk.so@0x28dec]		stp	x29, x30, [sp, #-16]!	FP=0x708b79f600 LR=0x70225ff394 SP=0x708b79ee20
0x7022605df0[libsecsdk.so@0x28df0]		mov	x29, sp	SP=0x708b79ee10
0x7022605df4[libsecsdk.so@0x28df4]		bl	#-212	SP=0x708b79ee10
0x7022605d20[libsecsdk.so@0x28d20]		stp	x29, x30, [sp, #-32]!	FP=0x708b79ee10 LR=0x7022605df8 SP=0x708b79ee10
0x7022605d24[libsecsdk.so@0x28d24]		mov	x29, sp	SP=0x708b79edf0
0x7022605d28[libsecsdk.so@0x28d28]		stp	x19, x20, [sp, #16]	X19=0x702489f33a X20=0x15 SP=0x708b79edf0
0x7022605d2c[libsecsdk.so@0x28d2c]		mov	x19, x0	X0=0x2a
0x7022605d30[libsecsdk.so@0x28d30]		adrp	x20, #139264	
0x7022605d34[libsecsdk.so@0x28d34]		b	#32	
0x7022605d54[libsecsdk.so@0x28d54]		mov	x0, x19	X19=0x2a
0x7022605d58[libsecsdk.so@0x28d58]		bl	#-132552	SP=0x708b79edf0
0x70225e5790[libsecsdk.so@0x8790]		adrp	x16, #266240	
0x70225e5794[libsecsdk.so@0x8794]		ldr	x17, [x16, #3352]	X16=0x7022626000
0x70225e5798[libsecsdk.so@0x8798]		add	x16, x16, #3352	X16=0x7022626000
0x70225e579c[libsecsdk.so@0x879c]		br	x17	X17=0x711abd432c
0x7022605d5c[libsecsdk.so@0x28d5c]		cbz	x0, #-36	X0=0x7022a81fa0
0x7022605d60[libsecsdk.so@0x28d60]		ldp	x19, x20, [sp, #16]	SP=0x708b79edf0
0x7022605d64[libsecsdk.so@0x28d64]		ldp	x29, x30, [sp], #32	SP=0x708b79edf0
0x7022605d68[libsecsdk.so@0x28d68]		ret	LR=0x7022605df8
0x7022605df8[libsecsdk.so@0x28df8]		ldp	x29, x30, [sp], #16	SP=0x708b79ee10
0x7022605dfc[libsecsdk.so@0x28dfc]		ret	LR=0x70225ff394
0x70225ff394[libsecsdk.so@0x22394]		mov	x24, x0	X0=0x7022a81fa0
0x70225ff398[libsecsdk.so@0x22398]		add	x21, x0, #1	X0=0x7022a81fa0
0x70225ff39c[libsecsdk.so@0x2239c]		mov	w0, #40	
0x70225ff3a0[libsecsdk.so@0x223a0]		strb	w0, [x24]	W0=0x28 X24=0x7022a81fa0
0x70225ff3a4[libsecsdk.so@0x223a4]		cbz	w25, #96	W25=0x1
0x70225ff3a8[libsecsdk.so@0x223a8]		sub	w25, w25, #1	W25=0x1
0x70225ff3ac[libsecsdk.so@0x223ac]		add	x20, x26, #4	X26=0x702489f334
0x70225ff3b0[libsecsdk.so@0x223b0]		add	x25, x25, #3	X25=0x0
0x70225ff3b4[libsecsdk.so@0x223b4]		add	x25, x26, x25, lsl #1	X26=0x702489f334 X25=0x3
0x70225ff3b8[libsecsdk.so@0x223b8]		ldr	x1, [x22]	X22=0x708a81f3e8
0x70225ff3bc[libsecsdk.so@0x223bc]		ldrh	w4, [x20]	X20=0x702489f338
0x70225ff3c0[libsecsdk.so@0x223c0]		ldr	x3, [x1, #24]	X1=0x7022a969c0
0x70225ff3c4[libsecsdk.so@0x223c4]		ldr	x2, [x1, #16]	X1=0x7022a969c0
0x70225ff3c8[libsecsdk.so@0x223c8]		ldr	x19, [x1, #88]	X1=0x7022a969c0
0x70225ff3cc[libsecsdk.so@0x223cc]		ldr	w1, [x3, x4, lsl #2]	X3=0x702489e35c X4=0x13
0x70225ff3d0[libsecsdk.so@0x223d0]		ldr	w1, [x2, x1, lsl #2]	X2=0x702489e070 X1=0x2e
0x70225ff3d4[libsecsdk.so@0x223d4]		add	x19, x19, x1	X19=0x702489e000 X1=0x16bd
0x70225ff3d8[libsecsdk.so@0x223d8]		ldrsb	w1, [x19], #1	X19=0x702489f6bd
0x70225ff3dc[libsecsdk.so@0x223dc]		tbnz	w1, #31, #-4	W1=0x12
0x70225ff3e0[libsecsdk.so@0x223e0]		mov	x0, x21	X21=0x7022a81fa1
0x70225ff3e4[libsecsdk.so@0x223e4]		mov	x1, x19	X19=0x702489f6be
0x70225ff3e8[libsecsdk.so@0x223e8]		add	x20, x20, #2	X20=0x702489f338
0x70225ff3ec[libsecsdk.so@0x223ec]		bl	#-105788	SP=0x708b79ee20
0x70225e56b0[libsecsdk.so@0x86b0]		adrp	x16, #266240	
0x70225e56b4[libsecsdk.so@0x86b4]		ldr	x17, [x16, #3240]	X16=0x7022626000
0x70225e56b8[libsecsdk.so@0x86b8]		add	x16, x16, #3240	X16=0x7022626000
0x70225e56bc[libsecsdk.so@0x86bc]		br	x17	X17=0x711ac12830
0x70225ff3f0[libsecsdk.so@0x223f0]		mov	x0, x19	X19=0x702489f6be
0x70225ff3f4[libsecsdk.so@0x223f4]		bl	#-104820	SP=0x708b79ee20
0x70225e5a80[libsecsdk.so@0x8a80]		adrp	x16, #266240	
0x70225e5a84[libsecsdk.so@0x8a84]		ldr	x17, [x16, #3728]	X16=0x7022626000
0x70225e5a88[libsecsdk.so@0x8a88]		add	x16, x16, #3728	X16=0x7022626000
0x70225e5a8c[libsecsdk.so@0x8a8c]		br	x17	X17=0x711ac12960
0x70225ff3f8[libsecsdk.so@0x223f8]		add	x21, x21, x0	X21=0x7022a81fa1 X0=0x12
0x70225ff3fc[libsecsdk.so@0x223fc]		cmp	x20, x25	X20=0x702489f33a X25=0x702489f33a
0x70225ff400[libsecsdk.so@0x22400]		b.ne	#-72	
0x70225ff404[libsecsdk.so@0x22404]		mov	w0, #41	
0x70225ff408[libsecsdk.so@0x22408]		strb	w0, [x21]	W0=0x29 X21=0x7022a81fb3
0x70225ff40c[libsecsdk.so@0x2240c]		add	x21, x21, #1	X21=0x7022a81fb3
0x70225ff410[libsecsdk.so@0x22410]		ldr	x0, [x22]	X22=0x708a81f3e8
0x70225ff414[libsecsdk.so@0x22414]		ldr	w3, [x23, #4]	X23=0x702489e4e0
0x70225ff418[libsecsdk.so@0x22418]		ldr	x2, [x0, #24]	X0=0x7022a969c0
0x70225ff41c[libsecsdk.so@0x2241c]		ldr	x1, [x0, #16]	X0=0x7022a969c0
0x70225ff420[libsecsdk.so@0x22420]		ldr	x0, [x0, #88]	X0=0x7022a969c0
0x70225ff424[libsecsdk.so@0x22424]		ldr	w2, [x2, x3, lsl #2]	X2=0x702489e35c X3=0x1b
0x70225ff428[libsecsdk.so@0x22428]		ldr	w1, [x1, x2, lsl #2]	X1=0x702489e070 X2=0x36
0x70225ff42c[libsecsdk.so@0x2242c]		add	x1, x0, x1	X0=0x702489e000 X1=0x178c
0x70225ff430[libsecsdk.so@0x22430]		ldrsb	w2, [x1], #1	X1=0x702489f78c
0x70225ff434[libsecsdk.so@0x22434]		tbnz	w2, #31, #-4	W2=0x15
0x70225ff438[libsecsdk.so@0x22438]		mov	x0, x21	X21=0x7022a81fb4
0x70225ff43c[libsecsdk.so@0x2243c]		bl	#-105868	SP=0x708b79ee20
0x70225e56b0[libsecsdk.so@0x86b0]		adrp	x16, #266240	
0x70225e56b4[libsecsdk.so@0x86b4]		ldr	x17, [x16, #3240]	X16=0x7022626000
0x70225e56b8[libsecsdk.so@0x86b8]		add	x16, x16, #3240	X16=0x7022626000
0x70225e56bc[libsecsdk.so@0x86bc]		br	x17	X17=0x711ac12830
0x70225ff440[libsecsdk.so@0x22440]		mov	x0, x24	X24=0x7022a81fa0
0x70225ff444[libsecsdk.so@0x22444]		ldr	x30, [sp, #80]	SP=0x708b79ee20
0x70225ff448[libsecsdk.so@0x22448]		ldp	x19, x20, [sp]	SP=0x708b79ee20
0x70225ff44c[libsecsdk.so@0x2244c]		ldp	x21, x22, [sp, #16]	SP=0x708b79ee20
0x70225ff450[libsecsdk.so@0x22450]		ldp	x23, x24, [sp, #32]	SP=0x708b79ee20
0x70225ff454[libsecsdk.so@0x22454]		ldp	x25, x26, [sp, #48]	SP=0x708b79ee20
0x70225ff458[libsecsdk.so@0x22458]		ldp	x27, x28, [sp, #64]	SP=0x708b79ee20
0x70225ff45c[libsecsdk.so@0x2245c]		add	sp, sp, #96	SP=0x708b79ee20
0x70225ff460[libsecsdk.so@0x22460]		ret	LR=0x7022601878
0x7022601878[libsecsdk.so@0x24878]		ldrh	w23, [x19, #2]	X19=0x702489e828
0x702260187c[libsecsdk.so@0x2487c]		mov	x27, x0	X0=0x7022a81fa0
0x7022601880[libsecsdk.so@0x24880]		ldr	x0, [x22]	X22=0x708a81f3e8
0x7022601884[libsecsdk.so@0x24884]		ldr	x7, [sp, #152]	SP=0x708b79ee80
0x7022601888[libsecsdk.so@0x24888]		add	x23, x23, x23, lsl #1	X23=0x15 X23=0x15
0x702260188c[libsecsdk.so@0x2488c]		ldr	x6, [sp, #144]	SP=0x708b79ee80
0x7022601890[libsecsdk.so@0x24890]		ldr	x25, [x0, #48]	X0=0x7022a969c0
0x7022601894[libsecsdk.so@0x24894]		lsl	x23, x23, #2	X23=0x3f
0x7022601898[libsecsdk.so@0x24898]		ldr	x2, [x0, #24]	X0=0x7022a969c0
0x702260189c[libsecsdk.so@0x2489c]		ldr	x1, [x0, #16]	X0=0x7022a969c0
0x70226018a0[libsecsdk.so@0x248a0]		ldr	x19, [x0, #88]	X0=0x7022a969c0
0x70226018a4[libsecsdk.so@0x248a4]		add	x0, x25, x23	X25=0x702489e3e4 X23=0xfc
0x70226018a8[libsecsdk.so@0x248a8]		ldr	w0, [x0, #4]	X0=0x702489e4e0
0x70226018ac[libsecsdk.so@0x248ac]		ldr	w0, [x2, x0, lsl #2]	X2=0x702489e35c X0=0x1b
0x70226018b0[libsecsdk.so@0x248b0]		ldr	w0, [x1, x0, lsl #2]	X1=0x702489e070 X0=0x36
0x70226018b4[libsecsdk.so@0x248b4]		add	x19, x19, x0	X19=0x702489e000 X0=0x178c
0x70226018b8[libsecsdk.so@0x248b8]		ldrsb	w8, [x19], #1	X19=0x702489f78c
0x70226018bc[libsecsdk.so@0x248bc]		tbnz	w8, #31, #-4	W8=0x15
0x70226018c0[libsecsdk.so@0x248c0]		ldrb	w1, [x19]	X19=0x702489f78d
0x70226018c4[libsecsdk.so@0x248c4]		cmp	w1, #91	W1=0x4c
0x70226018c8[libsecsdk.so@0x248c8]		cset	w2, eq	
0x70226018cc[libsecsdk.so@0x248cc]		cmp	w1, #76	W1=0x4c
0x70226018d0[libsecsdk.so@0x248d0]		ldr	x1, [sp, #176]	SP=0x708b79ee80
0x70226018d4[libsecsdk.so@0x248d4]		cset	w0, eq	
0x70226018d8[libsecsdk.so@0x248d8]		orr	w0, w2, w0	W2=0x0 W0=0x1
0x70226018dc[libsecsdk.so@0x248dc]		strb	w0, [x1]	W0=0x1 X1=0x708b79f03f
0x70226018e0[libsecsdk.so@0x248e0]		fmov	w0, s8	
0x70226018e4[libsecsdk.so@0x248e4]		cbnz	w0, #424	W0=0x0
0x70226018e8[libsecsdk.so@0x248e8]		ldrh	w2, [x7, x6]	X7=0x702489e5f0 X6=0x238
0x70226018ec[libsecsdk.so@0x248ec]		mov	x0, x22	X22=0x708a81f3e8
0x70226018f0[libsecsdk.so@0x248f0]		mov	x1, x21	X21=0x708a819500
0x70226018f4[libsecsdk.so@0x248f4]		bl	#-11480	SP=0x708b79ee80
0x70225fec1c[libsecsdk.so@0x21c1c]		sub	sp, sp, #48	SP=0x708b79ee80
0x70225fec20[libsecsdk.so@0x21c20]		stp	x19, x20, [sp]	X19=0x702489f78d X20=0x702489fa71 SP=0x708b79ee50
0x70225fec24[libsecsdk.so@0x21c24]		str	x30, [sp, #16]	LR=0x70226018f8 SP=0x708b79ee50
0x70225fec28[libsecsdk.so@0x21c28]		ldr	x3, [x0]	X0=0x708a81f3e8
0x70225fec2c[libsecsdk.so@0x21c2c]		ldr	x5, [x3, #24]	X3=0x7022a969c0
0x70225fec30[libsecsdk.so@0x21c30]		ldr	x4, [x3, #16]	X3=0x7022a969c0
0x70225fec34[libsecsdk.so@0x21c34]		ldr	x0, [x3, #88]	X3=0x7022a969c0
0x70225fec38[libsecsdk.so@0x21c38]		ldr	w2, [x5, w2, uxtw #2]	X5=0x702489e35c W2=0x1b
0x70225fec3c[libsecsdk.so@0x21c3c]		ldr	w2, [x4, x2, lsl #2]	X4=0x702489e070 X2=0x36
0x70225fec40[libsecsdk.so@0x21c40]		add	x0, x0, x2	X0=0x702489e000 X2=0x178c
0x70225fec44[libsecsdk.so@0x21c44]		ldrsb	w2, [x0], #1	X0=0x702489f78c
0x70225fec48[libsecsdk.so@0x21c48]		tbnz	w2, #31, #-4	W2=0x15
0x70225fec4c[libsecsdk.so@0x21c4c]		str	x1, [sp, #40]	X1=0x708a819500 SP=0x708b79ee50
0x70225fec50[libsecsdk.so@0x21c50]		bl	#-2872	SP=0x708b79ee50
0x70225fe118[libsecsdk.so@0x21118]		sub	sp, sp, #64	SP=0x708b79ee50
0x70225fe11c[libsecsdk.so@0x2111c]		stp	x19, x20, [sp]	X19=0x702489f78d X20=0x702489fa71 SP=0x708b79ee10
0x70225fe120[libsecsdk.so@0x21120]		stp	x21, x22, [sp, #16]	X21=0x708a819500 X22=0x708a81f3e8 SP=0x708b79ee10
0x70225fe124[libsecsdk.so@0x21124]		str	x30, [sp, #32]	LR=0x70225fec54 SP=0x708b79ee10
0x70225fe128[libsecsdk.so@0x21128]		mov	x19, x0	X0=0x702489f78d
0x70225fe12c[libsecsdk.so@0x2112c]		bl	#-100012	SP=0x708b79ee10
0x70225e5a80[libsecsdk.so@0x8a80]		adrp	x16, #266240	
0x70225e5a84[libsecsdk.so@0x8a84]		ldr	x17, [x16, #3728]	X16=0x7022626000
0x70225e5a88[libsecsdk.so@0x8a88]		add	x16, x16, #3728	X16=0x7022626000
0x70225e5a8c[libsecsdk.so@0x8a8c]		br	x17	X17=0x711ac12960
0x70225fe130[libsecsdk.so@0x21130]		add	w2, w0, #1	W0=0x15
0x70225fe134[libsecsdk.so@0x21134]		mov	x22, x0	X0=0x15
0x70225fe138[libsecsdk.so@0x21138]		mov	w21, w0	W0=0x15
0x70225fe13c[libsecsdk.so@0x2113c]		mov	x0, x2	X2=0x16
0x70225fe140[libsecsdk.so@0x21140]		str	x2, [sp, #56]	X2=0x16 SP=0x708b79ee10
0x70225fe144[libsecsdk.so@0x21144]		bl	#31912	SP=0x708b79ee10
0x7022605dec[libsecsdk.so@0x28dec]		stp	x29, x30, [sp, #-16]!	FP=0x708b79f600 LR=0x70225fe148 SP=0x708b79ee10
0x7022605df0[libsecsdk.so@0x28df0]		mov	x29, sp	SP=0x708b79ee00
0x7022605df4[libsecsdk.so@0x28df4]		bl	#-212	SP=0x708b79ee00
0x7022605d20[libsecsdk.so@0x28d20]		stp	x29, x30, [sp, #-32]!	FP=0x708b79ee00 LR=0x7022605df8 SP=0x708b79ee00
0x7022605d24[libsecsdk.so@0x28d24]		mov	x29, sp	SP=0x708b79ede0
0x7022605d28[libsecsdk.so@0x28d28]		stp	x19, x20, [sp, #16]	X19=0x702489f78d X20=0x702489fa71 SP=0x708b79ede0
0x7022605d2c[libsecsdk.so@0x28d2c]		mov	x19, x0	X0=0x16
0x7022605d30[libsecsdk.so@0x28d30]		adrp	x20, #139264	
0x7022605d34[libsecsdk.so@0x28d34]		b	#32	
0x7022605d54[libsecsdk.so@0x28d54]		mov	x0, x19	X19=0x16
0x7022605d58[libsecsdk.so@0x28d58]		bl	#-132552	SP=0x708b79ede0
0x70225e5790[libsecsdk.so@0x8790]		adrp	x16, #266240	
0x70225e5794[libsecsdk.so@0x8794]		ldr	x17, [x16, #3352]	X16=0x7022626000
0x70225e5798[libsecsdk.so@0x8798]		add	x16, x16, #3352	X16=0x7022626000
0x70225e579c[libsecsdk.so@0x879c]		br	x17	X17=0x711abd432c
0x7022605d5c[libsecsdk.so@0x28d5c]		cbz	x0, #-36	X0=0x708a9fe000
0x7022605d60[libsecsdk.so@0x28d60]		ldp	x19, x20, [sp, #16]	SP=0x708b79ede0
0x7022605d64[libsecsdk.so@0x28d64]		ldp	x29, x30, [sp], #32	SP=0x708b79ede0
0x7022605d68[libsecsdk.so@0x28d68]		ret	LR=0x7022605df8
0x7022605df8[libsecsdk.so@0x28df8]		ldp	x29, x30, [sp], #16	SP=0x708b79ee00
0x7022605dfc[libsecsdk.so@0x28dfc]		ret	LR=0x70225fe148
0x70225fe148[libsecsdk.so@0x21148]		mov	x20, x0	X0=0x708a9fe000
0x70225fe14c[libsecsdk.so@0x2114c]		ldr	x2, [sp, #56]	SP=0x708b79ee10
0x70225fe150[libsecsdk.so@0x21150]		mov	w1, #0	
0x70225fe154[libsecsdk.so@0x21154]		bl	#-100356	SP=0x708b79ee10
0x70225e5950[libsecsdk.so@0x8950]		adrp	x16, #266240	
0x70225e5954[libsecsdk.so@0x8954]		ldr	x17, [x16, #3576]	X16=0x7022626000
0x70225e5958[libsecsdk.so@0x8958]		add	x16, x16, #3576	X16=0x7022626000
0x70225e595c[libsecsdk.so@0x895c]		br	x17	X17=0x711ac12340
0x70225fe158[libsecsdk.so@0x21158]		ldrb	w0, [x19]	X19=0x702489f78d
0x70225fe15c[libsecsdk.so@0x2115c]		cmp	w0, #76	W0=0x4c
0x70225fe160[libsecsdk.so@0x21160]		b.eq	#44	
0x70225fe18c[libsecsdk.so@0x2118c]		cmp	w22, #1	W22=0x15
0x70225fe190[libsecsdk.so@0x21190]		b.ls	#-28	
0x70225fe194[libsecsdk.so@0x21194]		ldrb	w3, [x19, #1]	X19=0x702489f78d
0x70225fe198[libsecsdk.so@0x21198]		mov	x2, #2	
0x70225fe19c[libsecsdk.so@0x2119c]		cmp	w3, #59	W3=0x6a
0x70225fe1a0[libsecsdk.so@0x211a0]		b.ne	#20	
0x70225fe1b4[libsecsdk.so@0x211b4]		add	x4, x20, x2	X20=0x708a9fe000 X2=0x2
0x70225fe1b8[libsecsdk.so@0x211b8]		cmp	w21, w2	W21=0x15 W2=0x2
0x70225fe1bc[libsecsdk.so@0x211bc]		add	x2, x2, #1	X2=0x2
0x70225fe1c0[libsecsdk.so@0x211c0]		add	x5, x19, x2	X19=0x702489f78d X2=0x3
0x70225fe1c4[libsecsdk.so@0x211c4]		sturb	w3, [x4, #-2]	W3=0x6a X4=0x708a9fe002
0x70225fe1c8[libsecsdk.so@0x211c8]		b.hi	#-32	
0x70225fe1a8[libsecsdk.so@0x211a8]		ldurb	w3, [x5, #-1]	X5=0x702489f790
0x70225fe1ac[libsecsdk.so@0x211ac]		cmp	w3, #59	W3=0x61
0x70225fe1b0[libsecsdk.so@0x211b0]		b.eq	#-60	
0x70225fe1b4[libsecsdk.so@0x211b4]		add	x4, x20, x2	X20=0x708a9fe000 X2=0x3
0x70225fe1b8[libsecsdk.so@0x211b8]		cmp	w21, w2	W21=0x15 W2=0x3
0x70225fe1bc[libsecsdk.so@0x211bc]		add	x2, x2, #1	X2=0x3
0x70225fe1c0[libsecsdk.so@0x211c0]		add	x5, x19, x2	X19=0x702489f78d X2=0x4
0x70225fe1c4[libsecsdk.so@0x211c4]		sturb	w3, [x4, #-2]	W3=0x61 X4=0x708a9fe003
0x70225fe1c8[libsecsdk.so@0x211c8]		b.hi	#-32	
0x70225fe1a8[libsecsdk.so@0x211a8]		ldurb	w3, [x5, #-1]	X5=0x702489f791
0x70225fe1ac[libsecsdk.so@0x211ac]		cmp	w3, #59	W3=0x76
0x70225fe1b0[libsecsdk.so@0x211b0]		b.eq	#-60	
0x70225fe1b4[libsecsdk.so@0x211b4]		add	x4, x20, x2	X20=0x708a9fe000 X2=0x4
0x70225fe1b8[libsecsdk.so@0x211b8]		cmp	w21, w2	W21=0x15 W2=0x4
0x70225fe1bc[libsecsdk.so@0x211bc]		add	x2, x2, #1	X2=0x4
0x70225fe1c0[libsecsdk.so@0x211c0]		add	x5, x19, x2	X19=0x702489f78d X2=0x5
0x70225fe1c4[libsecsdk.so@0x211c4]		sturb	w3, [x4, #-2]	W3=0x76 X4=0x708a9fe004
0x70225fe1c8[libsecsdk.so@0x211c8]		b.hi	#-32	
0x70225fe1a8[libsecsdk.so@0x211a8]		ldurb	w3, [x5, #-1]	X5=0x702489f792
0x70225fe1ac[libsecsdk.so@0x211ac]		cmp	w3, #59	W3=0x61
0x70225fe1b0[libsecsdk.so@0x211b0]		b.eq	#-60	
0x70225fe1b4[libsecsdk.so@0x211b4]		add	x4, x20, x2	X20=0x708a9fe000 X2=0x5
0x70225fe1b8[libsecsdk.so@0x211b8]		cmp	w21, w2	W21=0x15 W2=0x5
0x70225fe1bc[libsecsdk.so@0x211bc]		add	x2, x2, #1	X2=0x5
0x70225fe1c0[libsecsdk.so@0x211c0]		add	x5, x19, x2	X19=0x702489f78d X2=0x6
0x70225fe1c4[libsecsdk.so@0x211c4]		sturb	w3, [x4, #-2]	W3=0x61 X4=0x708a9fe005
0x70225fe1c8[libsecsdk.so@0x211c8]		b.hi	#-32	
0x70225fe1a8[libsecsdk.so@0x211a8]		ldurb	w3, [x5, #-1]	X5=0x702489f793
0x70225fe1ac[libsecsdk.so@0x211ac]		cmp	w3, #59	W3=0x78
0x70225fe1b0[libsecsdk.so@0x211b0]		b.eq	#-60	
0x70225fe1b4[libsecsdk.so@0x211b4]		add	x4, x20, x2	X20=0x708a9fe000 X2=0x6
0x70225fe1b8[libsecsdk.so@0x211b8]		cmp	w21, w2	W21=0x15 W2=0x6
0x70225fe1bc[libsecsdk.so@0x211bc]		add	x2, x2, #1	X2=0x6
0x70225fe1c0[libsecsdk.so@0x211c0]		add	x5, x19, x2	X19=0x702489f78d X2=0x7
0x70225fe1c4[libsecsdk.so@0x211c4]		sturb	w3, [x4, #-2]	W3=0x78 X4=0x708a9fe006
0x70225fe1c8[libsecsdk.so@0x211c8]		b.hi	#-32	
0x70225fe1a8[libsecsdk.so@0x211a8]		ldurb	w3, [x5, #-1]	X5=0x702489f794
0x70225fe1ac[libsecsdk.so@0x211ac]		cmp	w3, #59	W3=0x2f
0x70225fe1b0[libsecsdk.so@0x211b0]		b.eq	#-60	
0x70225fe1b4[libsecsdk.so@0x211b4]		add	x4, x20, x2	X20=0x708a9fe000 X2=0x7
0x70225fe1b8[libsecsdk.so@0x211b8]		cmp	w21, w2	W21=0x15 W2=0x7
0x70225fe1bc[libsecsdk.so@0x211bc]		add	x2, x2, #1	X2=0x7
0x70225fe1c0[libsecsdk.so@0x211c0]		add	x5, x19, x2	X19=0x702489f78d X2=0x8
0x70225fe1c4[libsecsdk.so@0x211c4]		sturb	w3, [x4, #-2]	W3=0x2f X4=0x708a9fe007
0x70225fe1c8[libsecsdk.so@0x211c8]		b.hi	#-32	
0x70225fe1a8[libsecsdk.so@0x211a8]		ldurb	w3, [x5, #-1]	X5=0x702489f795
0x70225fe1ac[libsecsdk.so@0x211ac]		cmp	w3, #59	W3=0x63
0x70225fe1b0[libsecsdk.so@0x211b0]		b.eq	#-60	
0x70225fe1b4[libsecsdk.so@0x211b4]		add	x4, x20, x2	X20=0x708a9fe000 X2=0x8
0x70225fe1b8[libsecsdk.so@0x211b8]		cmp	w21, w2	W21=0x15 W2=0x8
0x70225fe1bc[libsecsdk.so@0x211bc]		add	x2, x2, #1	X2=0x8
0x70225fe1c0[libsecsdk.so@0x211c0]		add	x5, x19, x2	X19=0x702489f78d X2=0x9
0x70225fe1c4[libsecsdk.so@0x211c4]		sturb	w3, [x4, #-2]	W3=0x63 X4=0x708a9fe008
0x70225fe1c8[libsecsdk.so@0x211c8]		b.hi	#-32	
0x70225fe1a8[libsecsdk.so@0x211a8]		ldurb	w3, [x5, #-1]	X5=0x702489f796
0x70225fe1ac[libsecsdk.so@0x211ac]		cmp	w3, #59	W3=0x72
0x70225fe1b0[libsecsdk.so@0x211b0]		b.eq	#-60	
0x70225fe1b4[libsecsdk.so@0x211b4]		add	x4, x20, x2	X20=0x708a9fe000 X2=0x9
0x70225fe1b8[libsecsdk.so@0x211b8]		cmp	w21, w2	W21=0x15 W2=0x9
0x70225fe1bc[libsecsdk.so@0x211bc]		add	x2, x2, #1	X2=0x9
0x70225fe1c0[libsecsdk.so@0x211c0]		add	x5, x19, x2	X19=0x702489f78d X2=0xa
0x70225fe1c4[libsecsdk.so@0x211c4]		sturb	w3, [x4, #-2]	W3=0x72 X4=0x708a9fe009
0x70225fe1c8[libsecsdk.so@0x211c8]		b.hi	#-32	
0x70225fe1a8[libsecsdk.so@0x211a8]		ldurb	w3, [x5, #-1]	X5=0x702489f797
0x70225fe1ac[libsecsdk.so@0x211ac]		cmp	w3, #59	W3=0x79
0x70225fe1b0[libsecsdk.so@0x211b0]		b.eq	#-60	
0x70225fe1b4[libsecsdk.so@0x211b4]		add	x4, x20, x2	X20=0x708a9fe000 X2=0xa
0x70225fe1b8[libsecsdk.so@0x211b8]		cmp	w21, w2	W21=0x15 W2=0xa
0x70225fe1bc[libsecsdk.so@0x211bc]		add	x2, x2, #1	X2=0xa
0x70225fe1c0[libsecsdk.so@0x211c0]		add	x5, x19, x2	X19=0x702489f78d X2=0xb
0x70225fe1c4[libsecsdk.so@0x211c4]		sturb	w3, [x4, #-2]	W3=0x79 X4=0x708a9fe00a
0x70225fe1c8[libsecsdk.so@0x211c8]		b.hi	#-32	
0x70225fe1a8[libsecsdk.so@0x211a8]		ldurb	w3, [x5, #-1]	X5=0x702489f798
0x70225fe1ac[libsecsdk.so@0x211ac]		cmp	w3, #59	W3=0x70
0x70225fe1b0[libsecsdk.so@0x211b0]		b.eq	#-60	
0x70225fe1b4[libsecsdk.so@0x211b4]		add	x4, x20, x2	X20=0x708a9fe000 X2=0xb
0x70225fe1b8[libsecsdk.so@0x211b8]		cmp	w21, w2	W21=0x15 W2=0xb
0x70225fe1bc[libsecsdk.so@0x211bc]		add	x2, x2, #1	X2=0xb
0x70225fe1c0[libsecsdk.so@0x211c0]		add	x5, x19, x2	X19=0x702489f78d X2=0xc
0x70225fe1c4[libsecsdk.so@0x211c4]		sturb	w3, [x4, #-2]	W3=0x70 X4=0x708a9fe00b
0x70225fe1c8[libsecsdk.so@0x211c8]		b.hi	#-32	
0x70225fe1a8[libsecsdk.so@0x211a8]		ldurb	w3, [x5, #-1]	X5=0x702489f799
0x70225fe1ac[libsecsdk.so@0x211ac]		cmp	w3, #59	W3=0x74
0x70225fe1b0[libsecsdk.so@0x211b0]		b.eq	#-60	
0x70225fe1b4[libsecsdk.so@0x211b4]		add	x4, x20, x2	X20=0x708a9fe000 X2=0xc
0x70225fe1b8[libsecsdk.so@0x211b8]		cmp	w21, w2	W21=0x15 W2=0xc
0x70225fe1bc[libsecsdk.so@0x211bc]		add	x2, x2, #1	X2=0xc
0x70225fe1c0[libsecsdk.so@0x211c0]		add	x5, x19, x2	X19=0x702489f78d X2=0xd
0x70225fe1c4[libsecsdk.so@0x211c4]		sturb	w3, [x4, #-2]	W3=0x74 X4=0x708a9fe00c
0x70225fe1c8[libsecsdk.so@0x211c8]		b.hi	#-32	
0x70225fe1a8[libsecsdk.so@0x211a8]		ldurb	w3, [x5, #-1]	X5=0x702489f79a
0x70225fe1ac[libsecsdk.so@0x211ac]		cmp	w3, #59	W3=0x6f
0x70225fe1b0[libsecsdk.so@0x211b0]		b.eq	#-60	
0x70225fe1b4[libsecsdk.so@0x211b4]		add	x4, x20, x2	X20=0x708a9fe000 X2=0xd
0x70225fe1b8[libsecsdk.so@0x211b8]		cmp	w21, w2	W21=0x15 W2=0xd
0x70225fe1bc[libsecsdk.so@0x211bc]		add	x2, x2, #1	X2=0xd
0x70225fe1c0[libsecsdk.so@0x211c0]		add	x5, x19, x2	X19=0x702489f78d X2=0xe
0x70225fe1c4[libsecsdk.so@0x211c4]		sturb	w3, [x4, #-2]	W3=0x6f X4=0x708a9fe00d
0x70225fe1c8[libsecsdk.so@0x211c8]		b.hi	#-32	
0x70225fe1a8[libsecsdk.so@0x211a8]		ldurb	w3, [x5, #-1]	X5=0x702489f79b
0x70225fe1ac[libsecsdk.so@0x211ac]		cmp	w3, #59	W3=0x2f
0x70225fe1b0[libsecsdk.so@0x211b0]		b.eq	#-60	
0x70225fe1b4[libsecsdk.so@0x211b4]		add	x4, x20, x2	X20=0x708a9fe000 X2=0xe
0x70225fe1b8[libsecsdk.so@0x211b8]		cmp	w21, w2	W21=0x15 W2=0xe
0x70225fe1bc[libsecsdk.so@0x211bc]		add	x2, x2, #1	X2=0xe
0x70225fe1c0[libsecsdk.so@0x211c0]		add	x5, x19, x2	X19=0x702489f78d X2=0xf
0x70225fe1c4[libsecsdk.so@0x211c4]		sturb	w3, [x4, #-2]	W3=0x2f X4=0x708a9fe00e
0x70225fe1c8[libsecsdk.so@0x211c8]		b.hi	#-32	
0x70225fe1a8[libsecsdk.so@0x211a8]		ldurb	w3, [x5, #-1]	X5=0x702489f79c
0x70225fe1ac[libsecsdk.so@0x211ac]		cmp	w3, #59	W3=0x43
0x70225fe1b0[libsecsdk.so@0x211b0]		b.eq	#-60	
0x70225fe1b4[libsecsdk.so@0x211b4]		add	x4, x20, x2	X20=0x708a9fe000 X2=0xf
0x70225fe1b8[libsecsdk.so@0x211b8]		cmp	w21, w2	W21=0x15 W2=0xf
0x70225fe1bc[libsecsdk.so@0x211bc]		add	x2, x2, #1	X2=0xf
0x70225fe1c0[libsecsdk.so@0x211c0]		add	x5, x19, x2	X19=0x702489f78d X2=0x10
0x70225fe1c4[libsecsdk.so@0x211c4]		sturb	w3, [x4, #-2]	W3=0x43 X4=0x708a9fe00f
0x70225fe1c8[libsecsdk.so@0x211c8]		b.hi	#-32	
0x70225fe1a8[libsecsdk.so@0x211a8]		ldurb	w3, [x5, #-1]	X5=0x702489f79d
0x70225fe1ac[libsecsdk.so@0x211ac]		cmp	w3, #59	W3=0x69
0x70225fe1b0[libsecsdk.so@0x211b0]		b.eq	#-60	
0x70225fe1b4[libsecsdk.so@0x211b4]		add	x4, x20, x2	X20=0x708a9fe000 X2=0x10
0x70225fe1b8[libsecsdk.so@0x211b8]		cmp	w21, w2	W21=0x15 W2=0x10
0x70225fe1bc[libsecsdk.so@0x211bc]		add	x2, x2, #1	X2=0x10
0x70225fe1c0[libsecsdk.so@0x211c0]		add	x5, x19, x2	X19=0x702489f78d X2=0x11
0x70225fe1c4[libsecsdk.so@0x211c4]		sturb	w3, [x4, #-2]	W3=0x69 X4=0x708a9fe010
0x70225fe1c8[libsecsdk.so@0x211c8]		b.hi	#-32	
0x70225fe1a8[libsecsdk.so@0x211a8]		ldurb	w3, [x5, #-1]	X5=0x702489f79e
0x70225fe1ac[libsecsdk.so@0x211ac]		cmp	w3, #59	W3=0x70
0x70225fe1b0[libsecsdk.so@0x211b0]		b.eq	#-60	
0x70225fe1b4[libsecsdk.so@0x211b4]		add	x4, x20, x2	X20=0x708a9fe000 X2=0x11
0x70225fe1b8[libsecsdk.so@0x211b8]		cmp	w21, w2	W21=0x15 W2=0x11
0x70225fe1bc[libsecsdk.so@0x211bc]		add	x2, x2, #1	X2=0x11
0x70225fe1c0[libsecsdk.so@0x211c0]		add	x5, x19, x2	X19=0x702489f78d X2=0x12
0x70225fe1c4[libsecsdk.so@0x211c4]		sturb	w3, [x4, #-2]	W3=0x70 X4=0x708a9fe011
0x70225fe1c8[libsecsdk.so@0x211c8]		b.hi	#-32	
0x70225fe1a8[libsecsdk.so@0x211a8]		ldurb	w3, [x5, #-1]	X5=0x702489f79f
0x70225fe1ac[libsecsdk.so@0x211ac]		cmp	w3, #59	W3=0x68
0x70225fe1b0[libsecsdk.so@0x211b0]		b.eq	#-60	
0x70225fe1b4[libsecsdk.so@0x211b4]		add	x4, x20, x2	X20=0x708a9fe000 X2=0x12
0x70225fe1b8[libsecsdk.so@0x211b8]		cmp	w21, w2	W21=0x15 W2=0x12
0x70225fe1bc[libsecsdk.so@0x211bc]		add	x2, x2, #1	X2=0x12
0x70225fe1c0[libsecsdk.so@0x211c0]		add	x5, x19, x2	X19=0x702489f78d X2=0x13
0x70225fe1c4[libsecsdk.so@0x211c4]		sturb	w3, [x4, #-2]	W3=0x68 X4=0x708a9fe012
0x70225fe1c8[libsecsdk.so@0x211c8]		b.hi	#-32	
0x70225fe1a8[libsecsdk.so@0x211a8]		ldurb	w3, [x5, #-1]	X5=0x702489f7a0
0x70225fe1ac[libsecsdk.so@0x211ac]		cmp	w3, #59	W3=0x65
0x70225fe1b0[libsecsdk.so@0x211b0]		b.eq	#-60	
0x70225fe1b4[libsecsdk.so@0x211b4]		add	x4, x20, x2	X20=0x708a9fe000 X2=0x13
0x70225fe1b8[libsecsdk.so@0x211b8]		cmp	w21, w2	W21=0x15 W2=0x13
0x70225fe1bc[libsecsdk.so@0x211bc]		add	x2, x2, #1	X2=0x13
0x70225fe1c0[libsecsdk.so@0x211c0]		add	x5, x19, x2	X19=0x702489f78d X2=0x14
0x70225fe1c4[libsecsdk.so@0x211c4]		sturb	w3, [x4, #-2]	W3=0x65 X4=0x708a9fe013
0x70225fe1c8[libsecsdk.so@0x211c8]		b.hi	#-32	
0x70225fe1a8[libsecsdk.so@0x211a8]		ldurb	w3, [x5, #-1]	X5=0x702489f7a1
0x70225fe1ac[libsecsdk.so@0x211ac]		cmp	w3, #59	W3=0x72
0x70225fe1b0[libsecsdk.so@0x211b0]		b.eq	#-60	
0x70225fe1b4[libsecsdk.so@0x211b4]		add	x4, x20, x2	X20=0x708a9fe000 X2=0x14
0x70225fe1b8[libsecsdk.so@0x211b8]		cmp	w21, w2	W21=0x15 W2=0x14
0x70225fe1bc[libsecsdk.so@0x211bc]		add	x2, x2, #1	X2=0x14
0x70225fe1c0[libsecsdk.so@0x211c0]		add	x5, x19, x2	X19=0x702489f78d X2=0x15
0x70225fe1c4[libsecsdk.so@0x211c4]		sturb	w3, [x4, #-2]	W3=0x72 X4=0x708a9fe014
0x70225fe1c8[libsecsdk.so@0x211c8]		b.hi	#-32	
0x70225fe1a8[libsecsdk.so@0x211a8]		ldurb	w3, [x5, #-1]	X5=0x702489f7a2
0x70225fe1ac[libsecsdk.so@0x211ac]		cmp	w3, #59	W3=0x3b
0x70225fe1b0[libsecsdk.so@0x211b0]		b.eq	#-60	
0x70225fe174[libsecsdk.so@0x21174]		mov	x0, x20	X20=0x708a9fe000
0x70225fe178[libsecsdk.so@0x21178]		ldr	x30, [sp, #32]	SP=0x708b79ee10
0x70225fe17c[libsecsdk.so@0x2117c]		ldp	x19, x20, [sp]	SP=0x708b79ee10
0x70225fe180[libsecsdk.so@0x21180]		ldp	x21, x22, [sp, #16]	SP=0x708b79ee10
0x70225fe184[libsecsdk.so@0x21184]		add	sp, sp, #64	SP=0x708b79ee10
0x70225fe188[libsecsdk.so@0x21188]		ret	LR=0x70225fec54
0x70225fec54[libsecsdk.so@0x21c54]		ldr	x1, [sp, #40]	SP=0x708b79ee50
0x70225fec58[libsecsdk.so@0x21c58]		mov	x19, x0	X0=0x708a9fe000
0x70225fec5c[libsecsdk.so@0x21c5c]		mov	x0, x1	X1=0x708a819500
0x70225fec60[libsecsdk.so@0x21c60]		ldr	x2, [x1]	X1=0x708a819500
0x70225fec64[libsecsdk.so@0x21c64]		mov	x1, x19	X19=0x708a9fe000
0x70225fec68[libsecsdk.so@0x21c68]		ldr	x2, [x2, #48]	X2=0x70967d16a0
0x70225fec6c[libsecsdk.so@0x21c6c]		blr	x2	X2=0x709658f4d0 SP=0x708b79ee50
0x70225fec70[libsecsdk.so@0x21c70]		mov	x20, x0	X0=0x45
0x70225fec74[libsecsdk.so@0x21c74]		cbz	x19, #12	X19=0x708a9fe000
0x70225fec78[libsecsdk.so@0x21c78]		mov	x0, x19	X19=0x708a9fe000
0x70225fec7c[libsecsdk.so@0x21c7c]		bl	#26104	SP=0x708b79ee50
0x7022605274[libsecsdk.so@0x28274]		b	#-12	
0x7022605268[libsecsdk.so@0x28268]		cbz	x0, #8	X0=0x708a9fe000
0x702260526c[libsecsdk.so@0x2826c]		b	#-128940	
0x70225e5ac0[libsecsdk.so@0x8ac0]		adrp	x16, #266240	
0x70225e5ac4[libsecsdk.so@0x8ac4]		ldr	x17, [x16, #3760]	X16=0x7022626000
0x70225e5ac8[libsecsdk.so@0x8ac8]		add	x16, x16, #3760	X16=0x7022626000
0x70225e5acc[libsecsdk.so@0x8acc]		br	x17	X17=0x711abd42bc
0x70225fec80[libsecsdk.so@0x21c80]		mov	x0, x20	X20=0x45
0x70225fec84[libsecsdk.so@0x21c84]		ldr	x30, [sp, #16]	SP=0x708b79ee50
0x70225fec88[libsecsdk.so@0x21c88]		ldp	x19, x20, [sp]	SP=0x708b79ee50
0x70225fec8c[libsecsdk.so@0x21c8c]		add	sp, sp, #48	SP=0x708b79ee50
0x70225fec90[libsecsdk.so@0x21c90]		ret	LR=0x70226018f8
0x70226018f8[libsecsdk.so@0x248f8]		mov	x28, x0	X0=0x45
0x70226018fc[libsecsdk.so@0x248fc]		ldr	x4, [x21]	X21=0x708a819500
0x7022601900[libsecsdk.so@0x24900]		mov	x0, x21	X21=0x708a819500
0x7022601904[libsecsdk.so@0x24904]		mov	x1, x28	X28=0x45
0x7022601908[libsecsdk.so@0x24908]		mov	x2, x20	X20=0x702489fa71
0x702260190c[libsecsdk.so@0x2490c]		mov	x3, x27	X27=0x7022a81fa0
0x7022601910[libsecsdk.so@0x24910]		cbnz	w26, #300	W26=0x1
0x7022601a3c[libsecsdk.so@0x24a3c]		ldr	x4, [x4, #904]	X4=0x70967d16a0
0x7022601a40[libsecsdk.so@0x24a40]		blr	x4	X4=0x70965bb7b4 SP=0x708b79ee80
0x7022601a44[libsecsdk.so@0x24a44]		fmov	d9, x0	X0=0x703450d0
0x7022601a48[libsecsdk.so@0x24a48]		b	#-296	
0x7022601920[libsecsdk.so@0x24920]		mov	x0, x21	X21=0x708a819500
0x7022601924[libsecsdk.so@0x24924]		bl	#-86432	SP=0x708b79ee80
0x70225ec784[libsecsdk.so@0xf784]		sub	sp, sp, #128	SP=0x708b79ee80
0x70225ec788[libsecsdk.so@0xf788]		stp	x19, x20, [sp]	X19=0x702489f78d X20=0x702489fa71 SP=0x708b79ee00
0x70225ec78c[libsecsdk.so@0xf78c]		adrp	x19, #237568	
0x70225ec790[libsecsdk.so@0xf790]		mov	x20, x0	X0=0x708a819500
0x70225ec794[libsecsdk.so@0xf794]		stp	x21, x22, [sp, #16]	X21=0x708a819500 X22=0x708a81f3e8 SP=0x708b79ee00
0x70225ec798[libsecsdk.so@0xf798]		adrp	x21, #241664	
0x70225ec79c[libsecsdk.so@0xf79c]		ldr	x1, [x19, #3784]	X19=0x7022626000
0x70225ec7a0[libsecsdk.so@0xf7a0]		stp	x23, x30, [sp, #32]	X23=0xfc LR=0x7022601928 SP=0x708b79ee00
0x70225ec7a4[libsecsdk.so@0xf7a4]		ldr	w0, [x21, #2128]	X21=0x7022627000
0x70225ec7a8[libsecsdk.so@0xf7a8]		ldr	x1, [x1]	X1=0x711ac85510
0x70225ec7ac[libsecsdk.so@0xf7ac]		str	x1, [sp, #120]	X1=0xdcf65037242d4fae SP=0x708b79ee00
0x70225ec7b0[libsecsdk.so@0xf7b0]		cbz	w0, #44	W0=0x1d
0x70225ec7b4[libsecsdk.so@0xf7b4]		ldr	x19, [x19, #3784]	X19=0x7022626000
0x70225ec7b8[libsecsdk.so@0xf7b8]		ldr	x2, [sp, #120]	SP=0x708b79ee00
0x70225ec7bc[libsecsdk.so@0xf7bc]		ldr	x1, [x19]	X19=0x711ac85510
0x70225ec7c0[libsecsdk.so@0xf7c0]		cmp	x2, x1	X2=0xdcf65037242d4fae X1=0xdcf65037242d4fae
0x70225ec7c4[libsecsdk.so@0xf7c4]		b.ne	#284	
0x70225ec7c8[libsecsdk.so@0xf7c8]		ldp	x19, x20, [sp]	SP=0x708b79ee00
0x70225ec7cc[libsecsdk.so@0xf7cc]		ldp	x21, x22, [sp, #16]	SP=0x708b79ee00
0x70225ec7d0[libsecsdk.so@0xf7d0]		ldp	x23, x30, [sp, #32]	SP=0x708b79ee00
0x70225ec7d4[libsecsdk.so@0xf7d4]		add	sp, sp, #128	SP=0x708b79ee00
0x70225ec7d8[libsecsdk.so@0xf7d8]		ret	LR=0x7022601928
0x7022601928[libsecsdk.so@0x24928]		cmp	w0, #23	W0=0x1d
0x702260192c[libsecsdk.so@0x2492c]		b.ne	#12	
0x7022601938[libsecsdk.so@0x24938]		mov	w1, #0	
0x702260193c[libsecsdk.so@0x2493c]		fmov	x0, d9	
0x7022601940[libsecsdk.so@0x24940]		cbz	x0, #396	X0=0x703450d0
0x7022601944[libsecsdk.so@0x24944]		ldr	x0, [x22]	X22=0x708a81f3e8
0x7022601948[libsecsdk.so@0x24948]		ldr	w3, [x25, x23]	X25=0x702489e3e4 X23=0xfc
0x702260194c[libsecsdk.so@0x2494c]		ldr	x2, [x0, #16]	X0=0x7022a969c0
0x7022601950[libsecsdk.so@0x24950]		ldr	x5, [x0, #88]	X0=0x7022a969c0
0x7022601954[libsecsdk.so@0x24954]		ldr	w8, [x2, x3, lsl #2]	X2=0x702489e070 X3=0x19
0x7022601958[libsecsdk.so@0x24958]		add	x5, x5, x8	X5=0x702489e000 X8=0x14ad
0x702260195c[libsecsdk.so@0x2495c]		ldrsb	w8, [x5], #1	X5=0x702489f4ad
0x7022601960[libsecsdk.so@0x24960]		tbnz	w8, #31, #-4	W8=0x2
0x7022601964[libsecsdk.so@0x24964]		mov	x0, x22	X22=0x708a81f3e8
0x7022601968[libsecsdk.so@0x24968]		cbnz	w1, #260	W1=0x0
0x702260196c[libsecsdk.so@0x2496c]		fmov	x1, d10	
0x7022601970[libsecsdk.so@0x24970]		mov	x4, x5	X5=0x702489f4ae
0x7022601974[libsecsdk.so@0x24974]		fmov	x2, d11	
0x7022601978[libsecsdk.so@0x24978]		mov	w5, w26	W26=0x1
0x702260197c[libsecsdk.so@0x2497c]		fmov	w3, s14	
0x7022601980[libsecsdk.so@0x24980]		bl	#-9364	SP=0x708b79ee80
0x70225ff4ec[libsecsdk.so@0x224ec]		sub	sp, sp, #64	SP=0x708b79ee80
0x70225ff4f0[libsecsdk.so@0x224f0]		uxtb	w5, w5	W5=0x1
0x70225ff4f4[libsecsdk.so@0x224f4]		stp	x21, x22, [sp, #16]	X21=0x708a819500 X22=0x708a81f3e8 SP=0x708b79ee40
0x70225ff4f8[libsecsdk.so@0x224f8]		stp	x23, x30, [sp, #32]	X23=0xfc LR=0x7022601984 SP=0x708b79ee40
0x70225ff4fc[libsecsdk.so@0x224fc]		stp	x19, x20, [sp]	X19=0x702489f78d X20=0x702489fa71 SP=0x708b79ee40
0x70225ff500[libsecsdk.so@0x22500]		mov	x21, x1	X1=0x708a81f8b8
0x70225ff504[libsecsdk.so@0x22504]		mov	x23, x2	X2=0x708a81f890
0x70225ff508[libsecsdk.so@0x22508]		cbz	w5, #220	W5=0x1
0x70225ff50c[libsecsdk.so@0x2250c]		lsl	w3, w3, #3	W3=0x1
0x70225ff510[libsecsdk.so@0x22510]		mov	w19, #0	
0x70225ff514[libsecsdk.so@0x22514]		cmp	w3, wzr	W3=0x8
0x70225ff518[libsecsdk.so@0x22518]		mov	x20, #8	
0x70225ff51c[libsecsdk.so@0x2251c]		sxtw	x3, w3	X3=0x8
0x70225ff520[libsecsdk.so@0x22520]		str	x4, [sp, #56]	X4=0x702489f4ae SP=0x708b79ee40
0x70225ff524[libsecsdk.so@0x22524]		csel	x20, x3, x20, ne	X3=0x8 X20=0x8
0x70225ff528[libsecsdk.so@0x22528]		mov	x0, x20	X20=0x8
0x70225ff52c[libsecsdk.so@0x2252c]		bl	#26816	SP=0x708b79ee40
0x7022605dec[libsecsdk.so@0x28dec]		stp	x29, x30, [sp, #-16]!	FP=0x708b79f600 LR=0x70225ff530 SP=0x708b79ee40
0x7022605df0[libsecsdk.so@0x28df0]		mov	x29, sp	SP=0x708b79ee30
0x7022605df4[libsecsdk.so@0x28df4]		bl	#-212	SP=0x708b79ee30
0x7022605d20[libsecsdk.so@0x28d20]		stp	x29, x30, [sp, #-32]!	FP=0x708b79ee30 LR=0x7022605df8 SP=0x708b79ee30
0x7022605d24[libsecsdk.so@0x28d24]		mov	x29, sp	SP=0x708b79ee10
0x7022605d28[libsecsdk.so@0x28d28]		stp	x19, x20, [sp, #16]	X19=0x0 X20=0x8 SP=0x708b79ee10
0x7022605d2c[libsecsdk.so@0x28d2c]		mov	x19, x0	X0=0x8
0x7022605d30[libsecsdk.so@0x28d30]		adrp	x20, #139264	
0x7022605d34[libsecsdk.so@0x28d34]		b	#32	
0x7022605d54[libsecsdk.so@0x28d54]		mov	x0, x19	X19=0x8
0x7022605d58[libsecsdk.so@0x28d58]		bl	#-132552	SP=0x708b79ee10
0x70225e5790[libsecsdk.so@0x8790]		adrp	x16, #266240	
0x70225e5794[libsecsdk.so@0x8794]		ldr	x17, [x16, #3352]	X16=0x7022626000
0x70225e5798[libsecsdk.so@0x8798]		add	x16, x16, #3352	X16=0x7022626000
0x70225e579c[libsecsdk.so@0x879c]		br	x17	X17=0x711abd432c
0x7022605d5c[libsecsdk.so@0x28d5c]		cbz	x0, #-36	X0=0x708a81f880
0x7022605d60[libsecsdk.so@0x28d60]		ldp	x19, x20, [sp, #16]	SP=0x708b79ee10
0x7022605d64[libsecsdk.so@0x28d64]		ldp	x29, x30, [sp], #32	SP=0x708b79ee10
0x7022605d68[libsecsdk.so@0x28d68]		ret	LR=0x7022605df8
0x7022605df8[libsecsdk.so@0x28df8]		ldp	x29, x30, [sp], #16	SP=0x708b79ee30
0x7022605dfc[libsecsdk.so@0x28dfc]		ret	LR=0x70225ff530
0x70225ff530[libsecsdk.so@0x22530]		mov	x22, x0	X0=0x708a81f880
0x70225ff534[libsecsdk.so@0x22534]		mov	w1, #0	
0x70225ff538[libsecsdk.so@0x22538]		mov	x2, x20	X20=0x8
0x70225ff53c[libsecsdk.so@0x2253c]		bl	#-105452	SP=0x708b79ee40
0x70225e5950[libsecsdk.so@0x8950]		adrp	x16, #266240	
0x70225e5954[libsecsdk.so@0x8954]		ldr	x17, [x16, #3576]	X16=0x7022626000
0x70225e5958[libsecsdk.so@0x8958]		add	x16, x16, #3576	X16=0x7022626000
0x70225e595c[libsecsdk.so@0x895c]		br	x17	X17=0x711ac12340
0x70225ff540[libsecsdk.so@0x22540]		adrp	x1, #57344	
0x70225ff544[libsecsdk.so@0x22544]		ldr	x4, [sp, #56]	SP=0x708b79ee40
0x70225ff548[libsecsdk.so@0x22548]		mov	x5, x22	X22=0x708a81f880
0x70225ff54c[libsecsdk.so@0x2254c]		add	x1, x1, #3760	X1=0x702260d000
0x70225ff550[libsecsdk.so@0x22550]		ldrb	w3, [x4, #1]!	X4=0x702489f4ae
0x70225ff554[libsecsdk.so@0x22554]		cbz	w3, #52	W3=0x4c
0x70225ff558[libsecsdk.so@0x22558]		sub	w3, w3, #66	W3=0x4c
0x70225ff55c[libsecsdk.so@0x2255c]		cmp	w3, #25	W3=0xa
0x70225ff560[libsecsdk.so@0x22560]		b.hi	#-16	
0x70225ff564[libsecsdk.so@0x22564]		ldrb	w0, [x1, w3, uxtw]	X1=0x702260deb0 W3=0xa
0x70225ff568[libsecsdk.so@0x22568]		adr	x2, #12	
0x70225ff56c[libsecsdk.so@0x2256c]		add	x0, x2, w0, sxtb #2	X2=0x70225ff574 W0=0x18
0x70225ff570[libsecsdk.so@0x22570]		br	x0	X0=0x70225ff5d4
0x70225ff5d4[libsecsdk.so@0x225d4]		ldr	x0, [x23, w19, sxtw #3]	X23=0x708a81f890 W19=0x0
0x70225ff5d8[libsecsdk.so@0x225d8]		add	w19, w19, #1	W19=0x0
0x70225ff5dc[libsecsdk.so@0x225dc]		str	x0, [x5], #8	X0=0x2896 X5=0x708a81f880
0x70225ff5e0[libsecsdk.so@0x225e0]		b	#-144	
0x70225ff550[libsecsdk.so@0x22550]		ldrb	w3, [x4, #1]!	X4=0x702489f4af
0x70225ff554[libsecsdk.so@0x22554]		cbz	w3, #52	W3=0x0
0x70225ff588[libsecsdk.so@0x22588]		mov	x0, x22	X22=0x708a81f880
0x70225ff58c[libsecsdk.so@0x2258c]		ldp	x19, x20, [sp]	SP=0x708b79ee40
0x70225ff590[libsecsdk.so@0x22590]		ldp	x21, x22, [sp, #16]	SP=0x708b79ee40
0x70225ff594[libsecsdk.so@0x22594]		ldp	x23, x30, [sp, #32]	SP=0x708b79ee40
0x70225ff598[libsecsdk.so@0x22598]		add	sp, sp, #64	SP=0x708b79ee40
0x70225ff59c[libsecsdk.so@0x2259c]		ret	LR=0x7022601984
0x7022601984[libsecsdk.so@0x24984]		mov	x20, x0	X0=0x708a81f880
0x7022601988[libsecsdk.so@0x24988]		ldrb	w1, [x19]	X19=0x702489f78d
0x702260198c[libsecsdk.so@0x2498c]		sub	w1, w1, #66	W1=0x4c
0x7022601990[libsecsdk.so@0x24990]		cmp	w1, #25	W1=0xa
0x7022601994[libsecsdk.so@0x24994]		b.hi	#72	
0x7022601998[libsecsdk.so@0x24998]		adrp	x0, #49152	
0x702260199c[libsecsdk.so@0x2499c]		add	x0, x0, #3944	X0=0x702260d000
0x70226019a0[libsecsdk.so@0x249a0]		ldrh	w0, [x0, w1, uxtw #1]	X0=0x702260df68 W1=0xa
0x70226019a4[libsecsdk.so@0x249a4]		adr	x1, #12	
0x70226019a8[libsecsdk.so@0x249a8]		add	x0, x1, w0, sxth #2	X1=0x70226019b0 W0=0xa3
0x70226019ac[libsecsdk.so@0x249ac]		br	x0	X0=0x7022601c3c
0x7022601c3c[libsecsdk.so@0x24c3c]		fmov	w0, s13	
0x7022601c40[libsecsdk.so@0x24c40]		cbnz	w0, #476	W0=0x0
0x7022601c44[libsecsdk.so@0x24c44]		ldr	x4, [x21]	X21=0x708a819500
0x7022601c48[libsecsdk.so@0x24c48]		mov	x0, x21	X21=0x708a819500
0x7022601c4c[libsecsdk.so@0x24c4c]		cbz	w26, #396	W26=0x1
0x7022601c50[libsecsdk.so@0x24c50]		fmov	x2, d9	
0x7022601c54[libsecsdk.so@0x24c54]		ldr	x4, [x4, #928]	X4=0x70967d16a0
0x7022601c58[libsecsdk.so@0x24c58]		mov	x1, x28	X28=0x45
0x7022601c5c[libsecsdk.so@0x24c5c]		mov	x3, x20	X20=0x708a81f880
0x7022601c60[libsecsdk.so@0x24c60]		blr	x4	X4=0x70965bce64 SP=0x708b79ee80
0x7022601c64[libsecsdk.so@0x24c64]		mov	x24, x0	X0=0x65
0x7022601c68[libsecsdk.so@0x24c68]		b	#-652	
0x70226019dc[libsecsdk.so@0x249dc]		cbz	x20, #12	X20=0x708a81f880
0x70226019e0[libsecsdk.so@0x249e0]		mov	x0, x20	X20=0x708a81f880
0x70226019e4[libsecsdk.so@0x249e4]		bl	#14480	SP=0x708b79ee80
0x7022605274[libsecsdk.so@0x28274]		b	#-12	
0x7022605268[libsecsdk.so@0x28268]		cbz	x0, #8	X0=0x708a81f880
0x702260526c[libsecsdk.so@0x2826c]		b	#-128940	
0x70225e5ac0[libsecsdk.so@0x8ac0]		adrp	x16, #266240	
0x70225e5ac4[libsecsdk.so@0x8ac4]		ldr	x17, [x16, #3760]	X16=0x7022626000
0x70225e5ac8[libsecsdk.so@0x8ac8]		add	x16, x16, #3760	X16=0x7022626000
0x70225e5acc[libsecsdk.so@0x8acc]		br	x17	X17=0x711abd42bc
0x70226019e8[libsecsdk.so@0x249e8]		cbz	x27, #12	X27=0x7022a81fa0
0x70226019ec[libsecsdk.so@0x249ec]		mov	x0, x27	X27=0x7022a81fa0
0x70226019f0[libsecsdk.so@0x249f0]		bl	#14468	SP=0x708b79ee80
0x7022605274[libsecsdk.so@0x28274]		b	#-12	
0x7022605268[libsecsdk.so@0x28268]		cbz	x0, #8	X0=0x7022a81fa0
0x702260526c[libsecsdk.so@0x2826c]		b	#-128940	
0x70225e5ac0[libsecsdk.so@0x8ac0]		adrp	x16, #266240	
0x70225e5ac4[libsecsdk.so@0x8ac4]		ldr	x17, [x16, #3760]	X16=0x7022626000
0x70225e5ac8[libsecsdk.so@0x8ac8]		add	x16, x16, #3760	X16=0x7022626000
0x70225e5acc[libsecsdk.so@0x8acc]		br	x17	X17=0x711abd42bc
0x70226019f4[libsecsdk.so@0x249f4]		ldr	x2, [x21]	X21=0x708a819500
0x70226019f8[libsecsdk.so@0x249f8]		mov	x0, x21	X21=0x708a819500
0x70226019fc[libsecsdk.so@0x249fc]		mov	x1, x28	X28=0x45
0x7022601a00[libsecsdk.so@0x24a00]		ldr	x2, [x2, #184]	X2=0x70967d16a0
0x7022601a04[libsecsdk.so@0x24a04]		blr	x2	X2=0x7096594834 SP=0x708b79ee80
0x7022601a08[libsecsdk.so@0x24a08]		mov	x0, x24	X24=0x65
0x7022601a0c[libsecsdk.so@0x24a0c]		ldp	x19, x20, [sp]	SP=0x708b79ee80
0x7022601a10[libsecsdk.so@0x24a10]		ldp	d8, d9, [sp, #88]	SP=0x708b79ee80
0x7022601a14[libsecsdk.so@0x24a14]		ldp	x21, x22, [sp, #16]	SP=0x708b79ee80
0x7022601a18[libsecsdk.so@0x24a18]		ldp	d10, d11, [sp, #104]	SP=0x708b79ee80
0x7022601a1c[libsecsdk.so@0x24a1c]		ldp	x23, x24, [sp, #32]	SP=0x708b79ee80
0x7022601a20[libsecsdk.so@0x24a20]		ldp	d12, d13, [sp, #120]	SP=0x708b79ee80
0x7022601a24[libsecsdk.so@0x24a24]		ldp	x25, x26, [sp, #48]	SP=0x708b79ee80
0x7022601a28[libsecsdk.so@0x24a28]		ldp	x27, x28, [sp, #64]	SP=0x708b79ee80
0x7022601a2c[libsecsdk.so@0x24a2c]		ldr	x30, [sp, #80]	SP=0x708b79ee80
0x7022601a30[libsecsdk.so@0x24a30]		ldr	d14, [sp, #136]	SP=0x708b79ee80
0x7022601a34[libsecsdk.so@0x24a34]		add	sp, sp, #160	SP=0x708b79ee80
0x7022601a38[libsecsdk.so@0x24a38]		ret	LR=0x70225fbf0c
0x70225fbf0c[libsecsdk.so@0x1ef0c]		ldr	x1, [x20]	X20=0x708a819500
0x70225fbf10[libsecsdk.so@0x1ef10]		fmov	d11, x0	X0=0x65
0x70225fbf14[libsecsdk.so@0x1ef14]		mov	x0, x20	X20=0x708a819500
0x70225fbf18[libsecsdk.so@0x1ef18]		ldr	x1, [x1, #1824]	X1=0x70967d16a0
0x70225fbf1c[libsecsdk.so@0x1ef1c]		blr	x1	X1=0x70965ebe7c SP=0x708b79ef20
0x70225fbf20[libsecsdk.so@0x1ef20]		uxtb	w0, w0	W0=0x0
0x70225fbf24[libsecsdk.so@0x1ef24]		ldr	x8, [sp, #192]	SP=0x708b79ef20
0x70225fbf28[libsecsdk.so@0x1ef28]		cbnz	w0, #-23760	W0=0x0
0x70225fbf2c[libsecsdk.so@0x1ef2c]		ldrb	w0, [x19]	X19=0x708b79f03f
0x70225fbf30[libsecsdk.so@0x1ef30]		cbz	w0, #48	W0=0x1
0x70225fbf34[libsecsdk.so@0x1ef34]		ldr	x0, [x27]	X27=0x708b79f040
0x70225fbf38[libsecsdk.so@0x1ef38]		ldrb	w0, [x0, #6]	X0=0x711b5b736a
0x70225fbf3c[libsecsdk.so@0x1ef3c]		cmp	w0, #12	W0=0xc
0x70225fbf40[libsecsdk.so@0x1ef40]		b.eq	#32	
0x70225fbf60[libsecsdk.so@0x1ef60]		mov	x0, x28	X28=0x708a81f8b8
0x70225fbf64[libsecsdk.so@0x1ef64]		str	x8, [sp, #192]	X8=0x708a81f890 SP=0x708b79ef20
0x70225fbf68[libsecsdk.so@0x1ef68]		bl	#37644	SP=0x708b79ef20
0x7022605274[libsecsdk.so@0x28274]		b	#-12	
0x7022605268[libsecsdk.so@0x28268]		cbz	x0, #8	X0=0x708a81f8b8
0x702260526c[libsecsdk.so@0x2826c]		b	#-128940	
0x70225e5ac0[libsecsdk.so@0x8ac0]		adrp	x16, #266240	
0x70225e5ac4[libsecsdk.so@0x8ac4]		ldr	x17, [x16, #3760]	X16=0x7022626000
0x70225e5ac8[libsecsdk.so@0x8ac8]		add	x16, x16, #3760	X16=0x7022626000
0x70225e5acc[libsecsdk.so@0x8acc]		br	x17	X17=0x711abd42bc
0x70225fbf6c[libsecsdk.so@0x1ef6c]		ldr	x8, [sp, #192]	SP=0x708b79ef20
0x70225fbf70[libsecsdk.so@0x1ef70]		mov	x0, x8	X8=0x708a81f890
0x70225fbf74[libsecsdk.so@0x1ef74]		bl	#37632	SP=0x708b79ef20
0x7022605274[libsecsdk.so@0x28274]		b	#-12	
0x7022605268[libsecsdk.so@0x28268]		cbz	x0, #8	X0=0x708a81f890
0x702260526c[libsecsdk.so@0x2826c]		b	#-128940	
0x70225e5ac0[libsecsdk.so@0x8ac0]		adrp	x16, #266240	
0x70225e5ac4[libsecsdk.so@0x8ac4]		ldr	x17, [x16, #3760]	X16=0x7022626000
0x70225e5ac8[libsecsdk.so@0x8ac8]		add	x16, x16, #3760	X16=0x7022626000
0x70225e5acc[libsecsdk.so@0x8acc]		br	x17	X17=0x711abd42bc
0x70225fbf78[libsecsdk.so@0x1ef78]		ldr	x1, [x27]	X27=0x708b79f040
0x70225fbf7c[libsecsdk.so@0x1ef7c]		add	x0, x21, #928	X21=0x7022625000
0x70225fbf80[libsecsdk.so@0x1ef80]		add	x2, x1, #6	X1=0x711b5b736a
0x70225fbf84[libsecsdk.so@0x1ef84]		str	x2, [x27]	X2=0x711b5b7370 X27=0x708b79f040
0x70225fbf88[libsecsdk.so@0x1ef88]		ldrh	w19, [x1, #6]	X1=0x711b5b736a
0x70225fbf8c[libsecsdk.so@0x1ef8c]		uxtb	w1, w19	W19=0xc
0x70225fbf90[libsecsdk.so@0x1ef90]		ldr	x0, [x0, w1, sxtw #3]	X0=0x70226253a0 W1=0xc
0x70225fbf94[libsecsdk.so@0x1ef94]		br	x0	X0=0x70225f8314
0x70225f8314[libsecsdk.so@0x1b314]		ldrsw	x0, [x23, #24]	X23=0x708b79f068
0x70225f8318[libsecsdk.so@0x1b318]		asr	w19, w19, #8	W19=0xc
0x70225f831c[libsecsdk.so@0x1b31c]		lsl	x0, x0, #2	X0=0x8
0x70225f8320[libsecsdk.so@0x1b320]		add	x0, x0, w19, sxtw #3	X0=0x20 W19=0x0
0x70225f8324[libsecsdk.so@0x1b324]		ldr	x28, [x25, x0]	X25=0x708a8893c0 X0=0x20
0x70225f8328[libsecsdk.so@0x1b328]		cbz	x28, #236	X28=0x0
0x70225f8414[libsecsdk.so@0x1b414]		fmov	w0, s9	
0x70225f8418[libsecsdk.so@0x1b418]		mov	x1, x23	X23=0x708b79f068
0x70225f841c[libsecsdk.so@0x1b41c]		fmov	x2, d11	
0x70225f8420[libsecsdk.so@0x1b420]		str	s11, [x25, w19, sxtw #2]	X25=0x708a8893c0 W19=0x0
0x70225f8424[libsecsdk.so@0x1b424]		mov	w3, w0	W0=0x8
0x70225f8428[libsecsdk.so@0x1b428]		add	x3, x3, w19, sxtw #1	X3=0x8 W19=0x0
0x70225f842c[libsecsdk.so@0x1b42c]		lsl	x3, x3, #2	X3=0x8
0x70225f8430[libsecsdk.so@0x1b430]		mov	x0, x20	X20=0x708a819500
0x70225f8434[libsecsdk.so@0x1b434]		str	d11, [x25, x3]	X25=0x708a8893c0 X3=0x20
0x70225f8438[libsecsdk.so@0x1b438]		bl	#23376	SP=0x708b79ef20
0x70225fdf88[libsecsdk.so@0x20f88]		sub	sp, sp, #32	SP=0x708b79ef20
0x70225fdf8c[libsecsdk.so@0x20f8c]		stp	x19, x20, [sp]	X19=0x0 X20=0x708a819500 SP=0x708b79ef00
0x70225fdf90[libsecsdk.so@0x20f90]		stp	x21, x30, [sp, #16]	X21=0x7022625000 LR=0x70225f843c SP=0x708b79ef00
0x70225fdf94[libsecsdk.so@0x20f94]		cbz	x2, #136	X2=0x65
0x70225fdf98[libsecsdk.so@0x20f98]		ldr	x5, [x1]	X1=0x708b79f068
0x70225fdf9c[libsecsdk.so@0x20f9c]		ldr	x0, [x1, #8]	X1=0x708b79f068
0x70225fdfa0[libsecsdk.so@0x20fa0]		mov	x3, x5	X5=0x7022a5e028
0x70225fdfa4[libsecsdk.so@0x20fa4]		b	#16	
0x70225fdfb4[libsecsdk.so@0x20fb4]		sub	x3, x3, #8	X3=0x7022a5e028
0x70225fdfb8[libsecsdk.so@0x20fb8]		cmp	x0, x3	X0=0x7022a5e000 X3=0x7022a5e020
0x70225fdfbc[libsecsdk.so@0x20fbc]		b.ls	#-20	
0x70225fdfa8[libsecsdk.so@0x20fa8]		ldr	x4, [x3]	X3=0x7022a5e020
0x70225fdfac[libsecsdk.so@0x20fac]		cmp	x2, x4	X2=0x65 X4=0x2896
0x70225fdfb0[libsecsdk.so@0x20fb0]		b.eq	#72	
0x70225fdfb4[libsecsdk.so@0x20fb4]		sub	x3, x3, #8	X3=0x7022a5e020
0x70225fdfb8[libsecsdk.so@0x20fb8]		cmp	x0, x3	X0=0x7022a5e000 X3=0x7022a5e018
0x70225fdfbc[libsecsdk.so@0x20fbc]		b.ls	#-20	
0x70225fdfa8[libsecsdk.so@0x20fa8]		ldr	x4, [x3]	X3=0x7022a5e018
0x70225fdfac[libsecsdk.so@0x20fac]		cmp	x2, x4	X2=0x65 X4=0x2886
0x70225fdfb0[libsecsdk.so@0x20fb0]		b.eq	#72	
0x70225fdfb4[libsecsdk.so@0x20fb4]		sub	x3, x3, #8	X3=0x7022a5e018
0x70225fdfb8[libsecsdk.so@0x20fb8]		cmp	x0, x3	X0=0x7022a5e000 X3=0x7022a5e010
0x70225fdfbc[libsecsdk.so@0x20fbc]		b.ls	#-20	
0x70225fdfa8[libsecsdk.so@0x20fa8]		ldr	x4, [x3]	X3=0x7022a5e010
0x70225fdfac[libsecsdk.so@0x20fac]		cmp	x2, x4	X2=0x65 X4=0x59
0x70225fdfb0[libsecsdk.so@0x20fb0]		b.eq	#72	
0x70225fdfb4[libsecsdk.so@0x20fb4]		sub	x3, x3, #8	X3=0x7022a5e010
0x70225fdfb8[libsecsdk.so@0x20fb8]		cmp	x0, x3	X0=0x7022a5e000 X3=0x7022a5e008
0x70225fdfbc[libsecsdk.so@0x20fbc]		b.ls	#-20	
0x70225fdfa8[libsecsdk.so@0x20fa8]		ldr	x4, [x3]	X3=0x7022a5e008
0x70225fdfac[libsecsdk.so@0x20fac]		cmp	x2, x4	X2=0x65 X4=0x2876
0x70225fdfb0[libsecsdk.so@0x20fb0]		b.eq	#72	
0x70225fdfb4[libsecsdk.so@0x20fb4]		sub	x3, x3, #8	X3=0x7022a5e008
0x70225fdfb8[libsecsdk.so@0x20fb8]		cmp	x0, x3	X0=0x7022a5e000 X3=0x7022a5e000
0x70225fdfbc[libsecsdk.so@0x20fbc]		b.ls	#-20	
0x70225fdfa8[libsecsdk.so@0x20fa8]		ldr	x4, [x3]	X3=0x7022a5e000
0x70225fdfac[libsecsdk.so@0x20fac]		cmp	x2, x4	X2=0x65 X4=0x2866
0x70225fdfb0[libsecsdk.so@0x20fb0]		b.eq	#72	
0x70225fdfb4[libsecsdk.so@0x20fb4]		sub	x3, x3, #8	X3=0x7022a5e000
0x70225fdfb8[libsecsdk.so@0x20fb8]		cmp	x0, x3	X0=0x7022a5e000 X3=0x7022a5dff8
0x70225fdfbc[libsecsdk.so@0x20fbc]		b.ls	#-20	
0x70225fdfc0[libsecsdk.so@0x20fc0]		mov	x19, x1	X1=0x708b79f068
0x70225fdfc4[libsecsdk.so@0x20fc4]		ldr	w1, [x1, #16]	X1=0x708b79f068
0x70225fdfc8[libsecsdk.so@0x20fc8]		add	x3, x0, w1, sxtw #3	X0=0x7022a5e000 W1=0x400
0x70225fdfcc[libsecsdk.so@0x20fcc]		cmp	x3, x5	X3=0x7022a60000 X5=0x7022a5e028
0x70225fdfd0[libsecsdk.so@0x20fd0]		mov	x21, x2	X2=0x65
0x70225fdfd4[libsecsdk.so@0x20fd4]		b.eq	#92	
0x70225fdfd8[libsecsdk.so@0x20fd8]		add	x0, x5, #8	X5=0x7022a5e028
0x70225fdfdc[libsecsdk.so@0x20fdc]		str	x0, [x19]	X0=0x7022a5e030 X19=0x708b79f068
0x70225fdfe0[libsecsdk.so@0x20fe0]		str	x21, [x5]	X21=0x65 X5=0x7022a5e028
0x70225fdfe4[libsecsdk.so@0x20fe4]		mov	w0, #1	
0x70225fdfe8[libsecsdk.so@0x20fe8]		ldp	x19, x20, [sp]	SP=0x708b79ef00
0x70225fdfec[libsecsdk.so@0x20fec]		ldp	x21, x30, [sp, #16]	SP=0x708b79ef00
0x70225fdff0[libsecsdk.so@0x20ff0]		add	sp, sp, #32	SP=0x708b79ef00
0x70225fdff4[libsecsdk.so@0x20ff4]		ret	LR=0x70225f843c
0x70225f843c[libsecsdk.so@0x1b43c]		ldr	x1, [x27]	X27=0x708b79f040
0x70225f8440[libsecsdk.so@0x1b440]		add	x0, x21, #928	X21=0x7022625000
0x70225f8444[libsecsdk.so@0x1b444]		add	x2, x1, #2	X1=0x711b5b7370
0x70225f8448[libsecsdk.so@0x1b448]		str	x2, [x27]	X2=0x711b5b7372 X27=0x708b79f040
0x70225f844c[libsecsdk.so@0x1b44c]		ldrh	w19, [x1, #2]	X1=0x711b5b7370
0x70225f8450[libsecsdk.so@0x1b450]		uxtb	w1, w19	W19=0x1412
0x70225f8454[libsecsdk.so@0x1b454]		ldr	x0, [x0, w1, sxtw #3]	X0=0x70226253a0 W1=0x12
0x70225f8458[libsecsdk.so@0x1b458]		br	x0	X0=0x70225f7538
0x70225f7538[libsecsdk.so@0x1a538]		ubfx	x28, x19, #8, #4	X19=0x1412
0x70225f753c[libsecsdk.so@0x1a53c]		asr	w19, w19, #12	W19=0x1412
0x70225f7540[libsecsdk.so@0x1a540]		ubfiz	x0, x28, #2, #4	X28=0x4
0x70225f7544[libsecsdk.so@0x1a544]		sbfx	x19, x19, #0, #4	X19=0x1
0x70225f7548[libsecsdk.so@0x1a548]		fmov	d8, x0	X0=0x10
0x70225f754c[libsecsdk.so@0x1a54c]		str	w19, [x25, x0]	W19=0x1 X25=0x708a8893c0 X0=0x10
0x70225f7550[libsecsdk.so@0x1a550]		cbz	w19, #23692	W19=0x1
0x70225f7554[libsecsdk.so@0x1a554]		ldr	x1, [x27]	X27=0x708b79f040
0x70225f7558[libsecsdk.so@0x1a558]		add	x0, x21, #928	X21=0x7022625000
0x70225f755c[libsecsdk.so@0x1a55c]		add	x2, x1, #2	X1=0x711b5b7372
0x70225f7560[libsecsdk.so@0x1a560]		str	x2, [x27]	X2=0x711b5b7374 X27=0x708b79f040
0x70225f7564[libsecsdk.so@0x1a564]		ldrh	w19, [x1, #2]	X1=0x711b5b7372
0x70225f7568[libsecsdk.so@0x1a568]		uxtb	w1, w19	W19=0x306e
0x70225f756c[libsecsdk.so@0x1a56c]		ldr	x0, [x0, w1, sxtw #3]	X0=0x70226253a0 W1=0x6e
0x70225f7570[libsecsdk.so@0x1a570]		br	x0	X0=0x70225f6628
0x70225f6628[libsecsdk.so@0x19628]		ldr	x0, [x27]	X27=0x708b79f040
0x70225f662c[libsecsdk.so@0x1962c]		asr	w1, w19, #12	W19=0x306e
0x70225f6630[libsecsdk.so@0x19630]		fmov	w2, s9	
0x70225f6634[libsecsdk.so@0x19634]		str	w1, [sp, #192]	W1=0x3 SP=0x708b79ef20
0x70225f6638[libsecsdk.so@0x19638]		ldrh	w3, [x0, #4]	X0=0x711b5b7374
0x70225f663c[libsecsdk.so@0x1963c]		ldrh	w6, [x0, #2]	X0=0x711b5b7374
0x70225f6640[libsecsdk.so@0x19640]		mov	w7, w2	W2=0x8
0x70225f6644[libsecsdk.so@0x19644]		and	w4, w3, #0xf	W3=0x340
0x70225f6648[libsecsdk.so@0x19648]		asr	w2, w19, #8	W19=0x306e
0x70225f664c[libsecsdk.so@0x1964c]		sxtw	x19, w1	X1=0x3
0x70225f6650[libsecsdk.so@0x19650]		add	x1, x7, w4, uxtw #1	X7=0x8 W4=0x0
0x70225f6654[libsecsdk.so@0x19654]		lsl	x1, x1, #2	X1=0x8
0x70225f6658[libsecsdk.so@0x19658]		fmov	s8, w2	W2=0x30
0x70225f665c[libsecsdk.so@0x1965c]		lsl	x0, x19, #2	X19=0x3
0x70225f6660[libsecsdk.so@0x19660]		str	x6, [sp, #240]	X6=0x48 SP=0x708b79ef20
0x70225f6664[libsecsdk.so@0x19664]		ldr	x12, [x25, x1]	X25=0x708a8893c0 X1=0x20
0x70225f6668[libsecsdk.so@0x19668]		str	x3, [sp, #232]	X3=0x340 SP=0x708b79ef20
0x70225f666c[libsecsdk.so@0x1966c]		str	x7, [sp, #224]	X7=0x8 SP=0x708b79ef20
0x70225f6670[libsecsdk.so@0x19670]		str	x4, [sp, #216]	X4=0x0 SP=0x708b79ef20
0x70225f6674[libsecsdk.so@0x19674]		str	x12, [sp, #208]	X12=0x65 SP=0x708b79ef20
0x70225f6678[libsecsdk.so@0x19678]		bl	#63348	SP=0x708b79ef20
0x7022605dec[libsecsdk.so@0x28dec]		stp	x29, x30, [sp, #-16]!	FP=0x708b79f600 LR=0x70225f667c SP=0x708b79ef20
0x7022605df0[libsecsdk.so@0x28df0]		mov	x29, sp	SP=0x708b79ef10
0x7022605df4[libsecsdk.so@0x28df4]		bl	#-212	SP=0x708b79ef10
0x7022605d20[libsecsdk.so@0x28d20]		stp	x29, x30, [sp, #-32]!	FP=0x708b79ef10 LR=0x7022605df8 SP=0x708b79ef10
0x7022605d24[libsecsdk.so@0x28d24]		mov	x29, sp	SP=0x708b79eef0
0x7022605d28[libsecsdk.so@0x28d28]		stp	x19, x20, [sp, #16]	X19=0x3 X20=0x708a819500 SP=0x708b79eef0
0x7022605d2c[libsecsdk.so@0x28d2c]		mov	x19, x0	X0=0xc
0x7022605d30[libsecsdk.so@0x28d30]		adrp	x20, #139264	
0x7022605d34[libsecsdk.so@0x28d34]		b	#32	
0x7022605d54[libsecsdk.so@0x28d54]		mov	x0, x19	X19=0xc
0x7022605d58[libsecsdk.so@0x28d58]		bl	#-132552	SP=0x708b79eef0
0x70225e5790[libsecsdk.so@0x8790]		adrp	x16, #266240	
0x70225e5794[libsecsdk.so@0x8794]		ldr	x17, [x16, #3352]	X16=0x7022626000
0x70225e5798[libsecsdk.so@0x8798]		add	x16, x16, #3352	X16=0x7022626000
0x70225e579c[libsecsdk.so@0x879c]		br	x17	X17=0x711abd432c
0x7022605d5c[libsecsdk.so@0x28d5c]		cbz	x0, #-36	X0=0x7022b26650
0x7022605d60[libsecsdk.so@0x28d60]		ldp	x19, x20, [sp, #16]	SP=0x708b79eef0
0x7022605d64[libsecsdk.so@0x28d64]		ldp	x29, x30, [sp], #32	SP=0x708b79eef0
0x7022605d68[libsecsdk.so@0x28d68]		ret	LR=0x7022605df8
0x7022605df8[libsecsdk.so@0x28df8]		ldp	x29, x30, [sp], #16	SP=0x708b79ef10
0x7022605dfc[libsecsdk.so@0x28dfc]		ret	LR=0x70225f667c
0x70225f667c[libsecsdk.so@0x1967c]		mov	x28, x0	X0=0x7022b26650
0x70225f6680[libsecsdk.so@0x19680]		lsl	x0, x19, #3	X19=0x3
0x70225f6684[libsecsdk.so@0x19684]		bl	#63336	SP=0x708b79ef20
0x7022605dec[libsecsdk.so@0x28dec]		stp	x29, x30, [sp, #-16]!	FP=0x708b79f600 LR=0x70225f6688 SP=0x708b79ef20
0x7022605df0[libsecsdk.so@0x28df0]		mov	x29, sp	SP=0x708b79ef10
0x7022605df4[libsecsdk.so@0x28df4]		bl	#-212	SP=0x708b79ef10
0x7022605d20[libsecsdk.so@0x28d20]		stp	x29, x30, [sp, #-32]!	FP=0x708b79ef10 LR=0x7022605df8 SP=0x708b79ef10
0x7022605d24[libsecsdk.so@0x28d24]		mov	x29, sp	SP=0x708b79eef0
0x7022605d28[libsecsdk.so@0x28d28]		stp	x19, x20, [sp, #16]	X19=0x3 X20=0x708a819500 SP=0x708b79eef0
0x7022605d2c[libsecsdk.so@0x28d2c]		mov	x19, x0	X0=0x18
0x7022605d30[libsecsdk.so@0x28d30]		adrp	x20, #139264	
0x7022605d34[libsecsdk.so@0x28d34]		b	#32	
0x7022605d54[libsecsdk.so@0x28d54]		mov	x0, x19	X19=0x18
0x7022605d58[libsecsdk.so@0x28d58]		bl	#-132552	SP=0x708b79eef0
0x70225e5790[libsecsdk.so@0x8790]		adrp	x16, #266240	
0x70225e5794[libsecsdk.so@0x8794]		ldr	x17, [x16, #3352]	X16=0x7022626000
0x70225e5798[libsecsdk.so@0x8798]		add	x16, x16, #3352	X16=0x7022626000
0x70225e579c[libsecsdk.so@0x879c]		br	x17	X17=0x711abd432c
0x7022605d5c[libsecsdk.so@0x28d5c]		cbz	x0, #-36	X0=0x708a9fe560
0x7022605d60[libsecsdk.so@0x28d60]		ldp	x19, x20, [sp, #16]	SP=0x708b79eef0
0x7022605d64[libsecsdk.so@0x28d64]		ldp	x29, x30, [sp], #32	SP=0x708b79eef0
0x7022605d68[libsecsdk.so@0x28d68]		ret	LR=0x7022605df8
0x7022605df8[libsecsdk.so@0x28df8]		ldp	x29, x30, [sp], #16	SP=0x708b79ef10
0x7022605dfc[libsecsdk.so@0x28dfc]		ret	LR=0x70225f6688
0x70225f6688[libsecsdk.so@0x19688]		mov	x19, x0	X0=0x708a9fe560
0x70225f668c[libsecsdk.so@0x1968c]		ldr	x2, [sp, #192]	SP=0x708b79ef20
0x70225f6690[libsecsdk.so@0x19690]		mov	w1, #0	
0x70225f6694[libsecsdk.so@0x19694]		mov	x0, x28	X28=0x7022b26650
0x70225f6698[libsecsdk.so@0x19698]		ubfiz	x2, x2, #2, #4	X2=0x7000000003
0x70225f669c[libsecsdk.so@0x1969c]		bl	#-68940	SP=0x708b79ef20
0x70225e5950[libsecsdk.so@0x8950]		adrp	x16, #266240	
0x70225e5954[libsecsdk.so@0x8954]		ldr	x17, [x16, #3576]	X16=0x7022626000
0x70225e5958[libsecsdk.so@0x8958]		add	x16, x16, #3576	X16=0x7022626000
0x70225e595c[libsecsdk.so@0x895c]		br	x17	X17=0x711ac12340
0x70225f66a0[libsecsdk.so@0x196a0]		ldr	x2, [sp, #192]	SP=0x708b79ef20
0x70225f66a4[libsecsdk.so@0x196a4]		mov	w1, #0	
0x70225f66a8[libsecsdk.so@0x196a8]		mov	x0, x19	X19=0x708a9fe560
0x70225f66ac[libsecsdk.so@0x196ac]		ubfiz	x2, x2, #3, #4	X2=0x7000000003
0x70225f66b0[libsecsdk.so@0x196b0]		bl	#-68960	SP=0x708b79ef20
0x70225e5950[libsecsdk.so@0x8950]		adrp	x16, #266240	
0x70225e5954[libsecsdk.so@0x8954]		ldr	x17, [x16, #3576]	X16=0x7022626000
0x70225e5958[libsecsdk.so@0x8958]		add	x16, x16, #3576	X16=0x7022626000
0x70225e595c[libsecsdk.so@0x895c]		br	x17	X17=0x711ac12340
0x70225f66b4[libsecsdk.so@0x196b4]		ldr	w1, [sp, #192]	SP=0x708b79ef20
0x70225f66b8[libsecsdk.so@0x196b8]		ldr	x12, [sp, #208]	SP=0x708b79ef20
0x70225f66bc[libsecsdk.so@0x196bc]		sub	w0, w1, #1	W1=0x3
0x70225f66c0[libsecsdk.so@0x196c0]		ldr	x4, [sp, #216]	SP=0x708b79ef20
0x70225f66c4[libsecsdk.so@0x196c4]		cmp	w0, #4	W0=0x2
0x70225f66c8[libsecsdk.so@0x196c8]		ldr	x7, [sp, #224]	SP=0x708b79ef20
0x70225f66cc[libsecsdk.so@0x196cc]		ldr	x3, [sp, #232]	SP=0x708b79ef20
0x70225f66d0[libsecsdk.so@0x196d0]		ldr	x6, [sp, #240]	SP=0x708b79ef20
0x70225f66d4[libsecsdk.so@0x196d4]		b.hi	#-364	
0x70225f66d8[libsecsdk.so@0x196d8]		adrp	x1, #94208	
0x70225f66dc[libsecsdk.so@0x196dc]		add	x1, x1, #3436	X1=0x702260d000
0x70225f66e0[libsecsdk.so@0x196e0]		ldrh	w0, [x1, w0, uxtw #1]	X1=0x702260dd6c W0=0x2
0x70225f66e4[libsecsdk.so@0x196e4]		adr	x1, #12	
0x70225f66e8[libsecsdk.so@0x196e8]		add	x0, x1, w0, sxth #2	X1=0x70225f66f0 W0=0x18ac
0x70225f66ec[libsecsdk.so@0x196ec]		br	x0	X0=0x70225fc9a0
0x70225fc9a0[libsecsdk.so@0x1f9a0]		ubfx	x1, x3, #8, #4	X3=0x340
0x70225fc9a4[libsecsdk.so@0x1f9a4]		add	x0, x7, w1, sxtw #1	X7=0x8 W1=0x3
0x70225fc9a8[libsecsdk.so@0x1f9a8]		lsl	x0, x0, #2	X0=0xe
0x70225fc9ac[libsecsdk.so@0x1f9ac]		ldr	w1, [x25, w1, sxtw #2]	X25=0x708a8893c0 W1=0x3
0x70225fc9b0[libsecsdk.so@0x1f9b0]		str	w1, [x28, #8]	W1=0x59 X28=0x7022b26650
0x70225fc9b4[libsecsdk.so@0x1f9b4]		ldr	x0, [x25, x0]	X25=0x708a8893c0 X0=0x38
0x70225fc9b8[libsecsdk.so@0x1f9b8]		str	x0, [x19, #16]	X0=0x59 X19=0x708a9fe560
0x70225fc9bc[libsecsdk.so@0x1f9bc]		ubfx	x3, x3, #4, #4	X3=0x340
0x70225fc9c0[libsecsdk.so@0x1f9c0]		add	x7, x7, w3, sxtw #1	X7=0x8 W3=0x4
0x70225fc9c4[libsecsdk.so@0x1f9c4]		lsl	x7, x7, #2	X7=0x10
0x70225fc9c8[libsecsdk.so@0x1f9c8]		ldr	w0, [x25, w3, sxtw #2]	X25=0x708a8893c0 W3=0x4
0x70225fc9cc[libsecsdk.so@0x1f9cc]		str	w0, [x28, #4]	W0=0x1 X28=0x7022b26650
0x70225fc9d0[libsecsdk.so@0x1f9d0]		ldr	x0, [x25, x7]	X25=0x708a8893c0 X7=0x40
0x70225fc9d4[libsecsdk.so@0x1f9d4]		str	x0, [x19, #8]	X0=0x2896 X19=0x708a9fe560
0x70225fc9d8[libsecsdk.so@0x1f9d8]		ubfiz	x4, x4, #2, #4	X4=0x0
0x70225fc9dc[libsecsdk.so@0x1f9dc]		ldr	w0, [x25, x4]	X25=0x708a8893c0 X4=0x0
0x70225fc9e0[libsecsdk.so@0x1f9e0]		str	w0, [x28]	W0=0x65 X28=0x7022b26650
0x70225fc9e4[libsecsdk.so@0x1f9e4]		str	x12, [x19]	X12=0x65 X19=0x708a9fe560
0x70225fc9e8[libsecsdk.so@0x1f9e8]		b	#-25728	
0x70225f6568[libsecsdk.so@0x19568]		mov	x1, x12	X12=0x65
0x70225f656c[libsecsdk.so@0x1956c]		cbz	x12, #392	X12=0x65
0x70225f6570[libsecsdk.so@0x19570]		ldr	w5, [sp, #192]	SP=0x708b79ef20
0x70225f6574[libsecsdk.so@0x19574]		add	x8, sp, #287	SP=0x708b79ef20
0x70225f6578[libsecsdk.so@0x19578]		mov	w7, #0	
0x70225f657c[libsecsdk.so@0x1957c]		str	x8, [sp, #16]	X8=0x708b79f03f SP=0x708b79ef20
0x70225f6580[libsecsdk.so@0x19580]		mov	x1, x20	X20=0x708a819500
0x70225f6584[libsecsdk.so@0x19584]		mov	x2, x12	X12=0x65
0x70225f6588[libsecsdk.so@0x19588]		mov	x3, x28	X28=0x7022b26650
0x70225f658c[libsecsdk.so@0x1958c]		mov	x4, x19	X19=0x708a9fe560
0x70225f6590[libsecsdk.so@0x19590]		strb	w7, [sp]	W7=0x0 SP=0x708b79ef20
0x70225f6594[libsecsdk.so@0x19594]		mov	x0, x24	X24=0x708a81f3e8
0x70225f6598[libsecsdk.so@0x19598]		strb	w7, [sp, #8]	W7=0x0 SP=0x708b79ef20
0x70225f659c[libsecsdk.so@0x1959c]		str	x8, [sp, #192]	X8=0x708b79f03f SP=0x708b79ef20
0x70225f65a0[libsecsdk.so@0x195a0]		strb	w7, [sp, #287]	W7=0x0 SP=0x708b79ef20
0x70225f65a4[libsecsdk.so@0x195a4]		bl	#45624	SP=0x708b79ef20
0x70226017dc[libsecsdk.so@0x247dc]		sub	sp, sp, #160	SP=0x708b79ef20
0x70226017e0[libsecsdk.so@0x247e0]		uxtb	w7, w7	W7=0x0
0x70226017e4[libsecsdk.so@0x247e4]		ubfiz	x6, x6, #3, #32	X6=0x48
0x70226017e8[libsecsdk.so@0x247e8]		stp	d8, d9, [sp, #88]	SP=0x708b79ee80
0x70226017ec[libsecsdk.so@0x247ec]		str	d14, [sp, #136]	SP=0x708b79ee80
0x70226017f0[libsecsdk.so@0x247f0]		stp	d12, d13, [sp, #120]	SP=0x708b79ee80
0x70226017f4[libsecsdk.so@0x247f4]		stp	x19, x20, [sp]	X19=0x708a9fe560 X20=0x708a819500 SP=0x708b79ee80
0x70226017f8[libsecsdk.so@0x247f8]		stp	d10, d11, [sp, #104]	SP=0x708b79ee80
0x70226017fc[libsecsdk.so@0x247fc]		stp	x23, x24, [sp, #32]	X23=0x708b79f068 X24=0x708a81f3e8 SP=0x708b79ee80
0x7022601800[libsecsdk.so@0x24800]		stp	x25, x26, [sp, #48]	X25=0x708a8893c0 X26=0x70228b8c00 SP=0x708b79ee80
0x7022601804[libsecsdk.so@0x24804]		stp	x21, x22, [sp, #16]	X21=0x7022625000 X22=0x708b79f088 SP=0x708b79ee80
0x7022601808[libsecsdk.so@0x24808]		stp	x27, x28, [sp, #64]	X27=0x708b79f040 X28=0x7022b26650 SP=0x708b79ee80
0x702260180c[libsecsdk.so@0x2480c]		str	x30, [sp, #80]	LR=0x70225f65a8 SP=0x708b79ee80
0x7022601810[libsecsdk.so@0x24810]		mov	x24, #0	
0x7022601814[libsecsdk.so@0x24814]		fmov	s13, w7	W7=0x0
0x7022601818[libsecsdk.so@0x24818]		ldrb	w7, [sp, #168]	SP=0x708b79ee80
0x702260181c[libsecsdk.so@0x2481c]		ldr	x8, [x0]	X0=0x708a81f3e8
0x7022601820[libsecsdk.so@0x24820]		ldrb	w26, [sp, #160]	SP=0x708b79ee80
0x7022601824[libsecsdk.so@0x24824]		fmov	s8, w7	W7=0x0
0x7022601828[libsecsdk.so@0x24828]		ldr	x7, [x8, #40]	X8=0x7022a969c0
0x702260182c[libsecsdk.so@0x2482c]		adds	x19, x7, x6	X7=0x702489e5f0 X6=0x240
0x7022601830[libsecsdk.so@0x24830]		b.eq	#472	
0x7022601834[libsecsdk.so@0x24834]		ldr	w10, [x19, #4]	X19=0x702489e830
0x7022601838[libsecsdk.so@0x24838]		ldr	x9, [x8, #16]	X8=0x7022a969c0
0x702260183c[libsecsdk.so@0x2483c]		ldr	x20, [x8, #88]	X8=0x7022a969c0
0x7022601840[libsecsdk.so@0x24840]		ldr	w8, [x9, x10, lsl #2]	X9=0x702489e070 X10=0x87
0x7022601844[libsecsdk.so@0x24844]		add	x20, x20, x8	X20=0x702489e000 X8=0x1bf2
0x7022601848[libsecsdk.so@0x24848]		ldrsb	w8, [x20], #1	X20=0x702489fbf2
0x702260184c[libsecsdk.so@0x2484c]		tbnz	w8, #31, #-4	W8=0x4
0x7022601850[libsecsdk.so@0x24850]		fmov	d12, x2	X2=0x65
0x7022601854[libsecsdk.so@0x24854]		mov	x21, x1	X1=0x708a819500
0x7022601858[libsecsdk.so@0x24858]		fmov	s14, w5	W5=0x3
0x702260185c[libsecsdk.so@0x2485c]		ldrh	w1, [x19, #2]	X19=0x702489e830
0x7022601860[libsecsdk.so@0x24860]		fmov	d11, x4	X4=0x708a9fe560
0x7022601864[libsecsdk.so@0x24864]		mov	x22, x0	X0=0x708a81f3e8
0x7022601868[libsecsdk.so@0x24868]		fmov	d10, x3	X3=0x7022b26650
0x702260186c[libsecsdk.so@0x2486c]		str	x7, [sp, #152]	X7=0x702489e5f0 SP=0x708b79ee80
0x7022601870[libsecsdk.so@0x24870]		str	x6, [sp, #144]	X6=0x240 SP=0x708b79ee80
0x7022601874[libsecsdk.so@0x24874]		bl	#-9560	SP=0x708b79ee80
0x70225ff31c[libsecsdk.so@0x2231c]		sub	sp, sp, #96	SP=0x708b79ee80
0x70225ff320[libsecsdk.so@0x22320]		mov	w1, w1	W1=0x18
0x70225ff324[libsecsdk.so@0x22324]		add	x1, x1, x1, lsl #1	X1=0x18 X1=0x18
0x70225ff328[libsecsdk.so@0x22328]		stp	x21, x22, [sp, #16]	X21=0x708a819500 X22=0x708a81f3e8 SP=0x708b79ee20
0x70225ff32c[libsecsdk.so@0x2232c]		stp	x19, x20, [sp]	X19=0x702489e830 X20=0x702489fbf3 SP=0x708b79ee20
0x70225ff330[libsecsdk.so@0x22330]		stp	x23, x24, [sp, #32]	X23=0x708b79f068 X24=0x0 SP=0x708b79ee20
0x70225ff334[libsecsdk.so@0x22334]		stp	x25, x26, [sp, #48]	X25=0x708a8893c0 X26=0x0 SP=0x708b79ee20
0x70225ff338[libsecsdk.so@0x22338]		stp	x27, x28, [sp, #64]	X27=0x708b79f040 X28=0x7022b26650 SP=0x708b79ee20
0x70225ff33c[libsecsdk.so@0x2233c]		str	x30, [sp, #80]	LR=0x7022601878 SP=0x708b79ee20
0x70225ff340[libsecsdk.so@0x22340]		mov	x22, x0	X0=0x708a81f3e8
0x70225ff344[libsecsdk.so@0x22344]		ldr	x0, [x0]	X0=0x708a81f3e8
0x70225ff348[libsecsdk.so@0x22348]		ldr	x23, [x0, #48]	X0=0x7022a969c0
0x70225ff34c[libsecsdk.so@0x2234c]		add	x23, x23, x1, lsl #2	X23=0x702489e3e4 X1=0x48
0x70225ff350[libsecsdk.so@0x22350]		ldr	w1, [x23, #8]	X23=0x702489e504
0x70225ff354[libsecsdk.so@0x22354]		cbnz	w1, #272	W1=0x135c
0x70225ff464[libsecsdk.so@0x22464]		ldr	x21, [x0, #88]	X0=0x7022a969c0
0x70225ff468[libsecsdk.so@0x22468]		mov	w1, w1	W1=0x135c
0x70225ff46c[libsecsdk.so@0x2246c]		adds	x26, x21, x1	X21=0x702489e000 X1=0x135c
0x70225ff470[libsecsdk.so@0x22470]		b.eq	#88	
0x70225ff474[libsecsdk.so@0x22474]		ldr	w25, [x21, x1]	X21=0x702489e000 X1=0x135c
0x70225ff478[libsecsdk.so@0x22478]		cbz	w25, #100	W25=0x2
0x70225ff47c[libsecsdk.so@0x2247c]		sub	w24, w25, #1	W25=0x2
0x70225ff480[libsecsdk.so@0x22480]		ldr	x27, [x0, #24]	X0=0x7022a969c0
0x70225ff484[libsecsdk.so@0x22484]		add	x24, x24, #3	X24=0x1
0x70225ff488[libsecsdk.so@0x22488]		ldr	x28, [x0, #16]	X0=0x7022a969c0
0x70225ff48c[libsecsdk.so@0x2248c]		add	x19, x26, #4	X26=0x702489f35c
0x70225ff490[libsecsdk.so@0x22490]		mov	x20, #3	
0x70225ff494[libsecsdk.so@0x22494]		add	x24, x26, x24, lsl #1	X26=0x702489f35c X24=0x4
0x70225ff498[libsecsdk.so@0x22498]		ldrh	w2, [x19]	X19=0x702489f360
0x70225ff49c[libsecsdk.so@0x2249c]		ldr	w2, [x27, x2, lsl #2]	X27=0x702489e35c X2=0x1
0x70225ff4a0[libsecsdk.so@0x224a0]		ldr	w1, [x28, x2, lsl #2]	X28=0x702489e070 X2=0x12
0x70225ff4a4[libsecsdk.so@0x224a4]		add	x0, x21, x1	X21=0x702489e000 X1=0x1494
0x70225ff4a8[libsecsdk.so@0x224a8]		ldrsb	w1, [x0], #1	X0=0x702489f494
0x70225ff4ac[libsecsdk.so@0x224ac]		tbnz	w1, #31, #-4	W1=0x1
0x70225ff4b0[libsecsdk.so@0x224b0]		bl	#-105008	SP=0x708b79ee20
0x70225e5a80[libsecsdk.so@0x8a80]		adrp	x16, #266240	
0x70225e5a84[libsecsdk.so@0x8a84]		ldr	x17, [x16, #3728]	X16=0x7022626000
0x70225e5a88[libsecsdk.so@0x8a88]		add	x16, x16, #3728	X16=0x7022626000
0x70225e5a8c[libsecsdk.so@0x8a8c]		br	x17	X17=0x711ac12960
0x70225ff4b4[libsecsdk.so@0x224b4]		add	x19, x19, #2	X19=0x702489f360
0x70225ff4b8[libsecsdk.so@0x224b8]		cmp	x19, x24	X19=0x702489f362 X24=0x702489f364
0x70225ff4bc[libsecsdk.so@0x224bc]		add	x20, x20, x0	X20=0x3 X0=0x1
0x70225ff4c0[libsecsdk.so@0x224c0]		b.ne	#-40	
0x70225ff498[libsecsdk.so@0x22498]		ldrh	w2, [x19]	X19=0x702489f362
0x70225ff49c[libsecsdk.so@0x2249c]		ldr	w2, [x27, x2, lsl #2]	X27=0x702489e35c X2=0x17
0x70225ff4a0[libsecsdk.so@0x224a0]		ldr	w1, [x28, x2, lsl #2]	X28=0x702489e070 X2=0x32
0x70225ff4a4[libsecsdk.so@0x224a4]		add	x0, x21, x1	X21=0x702489e000 X1=0x171a
0x70225ff4a8[libsecsdk.so@0x224a8]		ldrsb	w1, [x0], #1	X0=0x702489f71a
0x70225ff4ac[libsecsdk.so@0x224ac]		tbnz	w1, #31, #-4	W1=0x13
0x70225ff4b0[libsecsdk.so@0x224b0]		bl	#-105008	SP=0x708b79ee20
0x70225e5a80[libsecsdk.so@0x8a80]		adrp	x16, #266240	
0x70225e5a84[libsecsdk.so@0x8a84]		ldr	x17, [x16, #3728]	X16=0x7022626000
0x70225e5a88[libsecsdk.so@0x8a88]		add	x16, x16, #3728	X16=0x7022626000
0x70225e5a8c[libsecsdk.so@0x8a8c]		br	x17	X17=0x711ac12960
0x70225ff4b4[libsecsdk.so@0x224b4]		add	x19, x19, #2	X19=0x702489f362
0x70225ff4b8[libsecsdk.so@0x224b8]		cmp	x19, x24	X19=0x702489f364 X24=0x702489f364
0x70225ff4bc[libsecsdk.so@0x224bc]		add	x20, x20, x0	X20=0x4 X0=0x13
0x70225ff4c0[libsecsdk.so@0x224c0]		b.ne	#-40	
0x70225ff4c4[libsecsdk.so@0x224c4]		b	#-340	
0x70225ff370[libsecsdk.so@0x22370]		ldr	w0, [x23, #4]	X23=0x702489e504
0x70225ff374[libsecsdk.so@0x22374]		ldr	w0, [x27, x0, lsl #2]	X27=0x702489e35c X0=0x1d
0x70225ff378[libsecsdk.so@0x22378]		ldr	w1, [x28, x0, lsl #2]	X28=0x702489e070 X0=0x3e
0x70225ff37c[libsecsdk.so@0x2237c]		add	x0, x21, x1	X21=0x702489e000 X1=0x180c
0x70225ff380[libsecsdk.so@0x22380]		ldrsb	w2, [x0], #1	X0=0x702489f80c
0x70225ff384[libsecsdk.so@0x22384]		tbnz	w2, #31, #-4	W2=0x1
0x70225ff388[libsecsdk.so@0x22388]		bl	#-104712	SP=0x708b79ee20
0x70225e5a80[libsecsdk.so@0x8a80]		adrp	x16, #266240	
0x70225e5a84[libsecsdk.so@0x8a84]		ldr	x17, [x16, #3728]	X16=0x7022626000
0x70225e5a88[libsecsdk.so@0x8a88]		add	x16, x16, #3728	X16=0x7022626000
0x70225e5a8c[libsecsdk.so@0x8a8c]		br	x17	X17=0x711ac12960
0x70225ff38c[libsecsdk.so@0x2238c]		add	x0, x0, x20	X0=0x1 X20=0x17
0x70225ff390[libsecsdk.so@0x22390]		bl	#27228	SP=0x708b79ee20
0x7022605dec[libsecsdk.so@0x28dec]		stp	x29, x30, [sp, #-16]!	FP=0x708b79f600 LR=0x70225ff394 SP=0x708b79ee20
0x7022605df0[libsecsdk.so@0x28df0]		mov	x29, sp	SP=0x708b79ee10
0x7022605df4[libsecsdk.so@0x28df4]		bl	#-212	SP=0x708b79ee10
0x7022605d20[libsecsdk.so@0x28d20]		stp	x29, x30, [sp, #-32]!	FP=0x708b79ee10 LR=0x7022605df8 SP=0x708b79ee10
0x7022605d24[libsecsdk.so@0x28d24]		mov	x29, sp	SP=0x708b79edf0
0x7022605d28[libsecsdk.so@0x28d28]		stp	x19, x20, [sp, #16]	X19=0x702489f364 X20=0x17 SP=0x708b79edf0
0x7022605d2c[libsecsdk.so@0x28d2c]		mov	x19, x0	X0=0x18
0x7022605d30[libsecsdk.so@0x28d30]		adrp	x20, #139264	
0x7022605d34[libsecsdk.so@0x28d34]		b	#32	
0x7022605d54[libsecsdk.so@0x28d54]		mov	x0, x19	X19=0x18
0x7022605d58[libsecsdk.so@0x28d58]		bl	#-132552	SP=0x708b79edf0
0x70225e5790[libsecsdk.so@0x8790]		adrp	x16, #266240	
0x70225e5794[libsecsdk.so@0x8794]		ldr	x17, [x16, #3352]	X16=0x7022626000
0x70225e5798[libsecsdk.so@0x8798]		add	x16, x16, #3352	X16=0x7022626000
0x70225e579c[libsecsdk.so@0x879c]		br	x17	X17=0x711abd432c
0x7022605d5c[libsecsdk.so@0x28d5c]		cbz	x0, #-36	X0=0x708a9fe280
0x7022605d60[libsecsdk.so@0x28d60]		ldp	x19, x20, [sp, #16]	SP=0x708b79edf0
0x7022605d64[libsecsdk.so@0x28d64]		ldp	x29, x30, [sp], #32	SP=0x708b79edf0
0x7022605d68[libsecsdk.so@0x28d68]		ret	LR=0x7022605df8
0x7022605df8[libsecsdk.so@0x28df8]		ldp	x29, x30, [sp], #16	SP=0x708b79ee10
0x7022605dfc[libsecsdk.so@0x28dfc]		ret	LR=0x70225ff394
0x70225ff394[libsecsdk.so@0x22394]		mov	x24, x0	X0=0x708a9fe280
0x70225ff398[libsecsdk.so@0x22398]		add	x21, x0, #1	X0=0x708a9fe280
0x70225ff39c[libsecsdk.so@0x2239c]		mov	w0, #40	
0x70225ff3a0[libsecsdk.so@0x223a0]		strb	w0, [x24]	W0=0x28 X24=0x708a9fe280
0x70225ff3a4[libsecsdk.so@0x223a4]		cbz	w25, #96	W25=0x2
0x70225ff3a8[libsecsdk.so@0x223a8]		sub	w25, w25, #1	W25=0x2
0x70225ff3ac[libsecsdk.so@0x223ac]		add	x20, x26, #4	X26=0x702489f35c
0x70225ff3b0[libsecsdk.so@0x223b0]		add	x25, x25, #3	X25=0x1
0x70225ff3b4[libsecsdk.so@0x223b4]		add	x25, x26, x25, lsl #1	X26=0x702489f35c X25=0x4
0x70225ff3b8[libsecsdk.so@0x223b8]		ldr	x1, [x22]	X22=0x708a81f3e8
0x70225ff3bc[libsecsdk.so@0x223bc]		ldrh	w4, [x20]	X20=0x702489f360
0x70225ff3c0[libsecsdk.so@0x223c0]		ldr	x3, [x1, #24]	X1=0x7022a969c0
0x70225ff3c4[libsecsdk.so@0x223c4]		ldr	x2, [x1, #16]	X1=0x7022a969c0
0x70225ff3c8[libsecsdk.so@0x223c8]		ldr	x19, [x1, #88]	X1=0x7022a969c0
0x70225ff3cc[libsecsdk.so@0x223cc]		ldr	w1, [x3, x4, lsl #2]	X3=0x702489e35c X4=0x1
0x70225ff3d0[libsecsdk.so@0x223d0]		ldr	w1, [x2, x1, lsl #2]	X2=0x702489e070 X1=0x12
0x70225ff3d4[libsecsdk.so@0x223d4]		add	x19, x19, x1	X19=0x702489e000 X1=0x1494
0x70225ff3d8[libsecsdk.so@0x223d8]		ldrsb	w1, [x19], #1	X19=0x702489f494
0x70225ff3dc[libsecsdk.so@0x223dc]		tbnz	w1, #31, #-4	W1=0x1
0x70225ff3e0[libsecsdk.so@0x223e0]		mov	x0, x21	X21=0x708a9fe281
0x70225ff3e4[libsecsdk.so@0x223e4]		mov	x1, x19	X19=0x702489f495
0x70225ff3e8[libsecsdk.so@0x223e8]		add	x20, x20, #2	X20=0x702489f360
0x70225ff3ec[libsecsdk.so@0x223ec]		bl	#-105788	SP=0x708b79ee20
0x70225e56b0[libsecsdk.so@0x86b0]		adrp	x16, #266240	
0x70225e56b4[libsecsdk.so@0x86b4]		ldr	x17, [x16, #3240]	X16=0x7022626000
0x70225e56b8[libsecsdk.so@0x86b8]		add	x16, x16, #3240	X16=0x7022626000
0x70225e56bc[libsecsdk.so@0x86bc]		br	x17	X17=0x711ac12830
0x70225ff3f0[libsecsdk.so@0x223f0]		mov	x0, x19	X19=0x702489f495
0x70225ff3f4[libsecsdk.so@0x223f4]		bl	#-104820	SP=0x708b79ee20
0x70225e5a80[libsecsdk.so@0x8a80]		adrp	x16, #266240	
0x70225e5a84[libsecsdk.so@0x8a84]		ldr	x17, [x16, #3728]	X16=0x7022626000
0x70225e5a88[libsecsdk.so@0x8a88]		add	x16, x16, #3728	X16=0x7022626000
0x70225e5a8c[libsecsdk.so@0x8a8c]		br	x17	X17=0x711ac12960
0x70225ff3f8[libsecsdk.so@0x223f8]		add	x21, x21, x0	X21=0x708a9fe281 X0=0x1
0x70225ff3fc[libsecsdk.so@0x223fc]		cmp	x20, x25	X20=0x702489f362 X25=0x702489f364
0x70225ff400[libsecsdk.so@0x22400]		b.ne	#-72	
0x70225ff3b8[libsecsdk.so@0x223b8]		ldr	x1, [x22]	X22=0x708a81f3e8
0x70225ff3bc[libsecsdk.so@0x223bc]		ldrh	w4, [x20]	X20=0x702489f362
0x70225ff3c0[libsecsdk.so@0x223c0]		ldr	x3, [x1, #24]	X1=0x7022a969c0
0x70225ff3c4[libsecsdk.so@0x223c4]		ldr	x2, [x1, #16]	X1=0x7022a969c0
0x70225ff3c8[libsecsdk.so@0x223c8]		ldr	x19, [x1, #88]	X1=0x7022a969c0
0x70225ff3cc[libsecsdk.so@0x223cc]		ldr	w1, [x3, x4, lsl #2]	X3=0x702489e35c X4=0x17
0x70225ff3d0[libsecsdk.so@0x223d0]		ldr	w1, [x2, x1, lsl #2]	X2=0x702489e070 X1=0x32
0x70225ff3d4[libsecsdk.so@0x223d4]		add	x19, x19, x1	X19=0x702489e000 X1=0x171a
0x70225ff3d8[libsecsdk.so@0x223d8]		ldrsb	w1, [x19], #1	X19=0x702489f71a
0x70225ff3dc[libsecsdk.so@0x223dc]		tbnz	w1, #31, #-4	W1=0x13
0x70225ff3e0[libsecsdk.so@0x223e0]		mov	x0, x21	X21=0x708a9fe282
0x70225ff3e4[libsecsdk.so@0x223e4]		mov	x1, x19	X19=0x702489f71b
0x70225ff3e8[libsecsdk.so@0x223e8]		add	x20, x20, #2	X20=0x702489f362
0x70225ff3ec[libsecsdk.so@0x223ec]		bl	#-105788	SP=0x708b79ee20
0x70225e56b0[libsecsdk.so@0x86b0]		adrp	x16, #266240	
0x70225e56b4[libsecsdk.so@0x86b4]		ldr	x17, [x16, #3240]	X16=0x7022626000
0x70225e56b8[libsecsdk.so@0x86b8]		add	x16, x16, #3240	X16=0x7022626000
0x70225e56bc[libsecsdk.so@0x86bc]		br	x17	X17=0x711ac12830
0x70225ff3f0[libsecsdk.so@0x223f0]		mov	x0, x19	X19=0x702489f71b
0x70225ff3f4[libsecsdk.so@0x223f4]		bl	#-104820	SP=0x708b79ee20
0x70225e5a80[libsecsdk.so@0x8a80]		adrp	x16, #266240	
0x70225e5a84[libsecsdk.so@0x8a84]		ldr	x17, [x16, #3728]	X16=0x7022626000
0x70225e5a88[libsecsdk.so@0x8a88]		add	x16, x16, #3728	X16=0x7022626000
0x70225e5a8c[libsecsdk.so@0x8a8c]		br	x17	X17=0x711ac12960
0x70225ff3f8[libsecsdk.so@0x223f8]		add	x21, x21, x0	X21=0x708a9fe282 X0=0x13
0x70225ff3fc[libsecsdk.so@0x223fc]		cmp	x20, x25	X20=0x702489f364 X25=0x702489f364
0x70225ff400[libsecsdk.so@0x22400]		b.ne	#-72	
0x70225ff404[libsecsdk.so@0x22404]		mov	w0, #41	
0x70225ff408[libsecsdk.so@0x22408]		strb	w0, [x21]	W0=0x29 X21=0x708a9fe295
0x70225ff40c[libsecsdk.so@0x2240c]		add	x21, x21, #1	X21=0x708a9fe295
0x70225ff410[libsecsdk.so@0x22410]		ldr	x0, [x22]	X22=0x708a81f3e8
0x70225ff414[libsecsdk.so@0x22414]		ldr	w3, [x23, #4]	X23=0x702489e504
0x70225ff418[libsecsdk.so@0x22418]		ldr	x2, [x0, #24]	X0=0x7022a969c0
0x70225ff41c[libsecsdk.so@0x2241c]		ldr	x1, [x0, #16]	X0=0x7022a969c0
0x70225ff420[libsecsdk.so@0x22420]		ldr	x0, [x0, #88]	X0=0x7022a969c0
0x70225ff424[libsecsdk.so@0x22424]		ldr	w2, [x2, x3, lsl #2]	X2=0x702489e35c X3=0x1d
0x70225ff428[libsecsdk.so@0x22428]		ldr	w1, [x1, x2, lsl #2]	X1=0x702489e070 X2=0x3e
0x70225ff42c[libsecsdk.so@0x2242c]		add	x1, x0, x1	X0=0x702489e000 X1=0x180c
0x70225ff430[libsecsdk.so@0x22430]		ldrsb	w2, [x1], #1	X1=0x702489f80c
0x70225ff434[libsecsdk.so@0x22434]		tbnz	w2, #31, #-4	W2=0x1
0x70225ff438[libsecsdk.so@0x22438]		mov	x0, x21	X21=0x708a9fe296
0x70225ff43c[libsecsdk.so@0x2243c]		bl	#-105868	SP=0x708b79ee20
0x70225e56b0[libsecsdk.so@0x86b0]		adrp	x16, #266240	
0x70225e56b4[libsecsdk.so@0x86b4]		ldr	x17, [x16, #3240]	X16=0x7022626000
0x70225e56b8[libsecsdk.so@0x86b8]		add	x16, x16, #3240	X16=0x7022626000
0x70225e56bc[libsecsdk.so@0x86bc]		br	x17	X17=0x711ac12830
0x70225ff440[libsecsdk.so@0x22440]		mov	x0, x24	X24=0x708a9fe280
0x70225ff444[libsecsdk.so@0x22444]		ldr	x30, [sp, #80]	SP=0x708b79ee20
0x70225ff448[libsecsdk.so@0x22448]		ldp	x19, x20, [sp]	SP=0x708b79ee20
0x70225ff44c[libsecsdk.so@0x2244c]		ldp	x21, x22, [sp, #16]	SP=0x708b79ee20
0x70225ff450[libsecsdk.so@0x22450]		ldp	x23, x24, [sp, #32]	SP=0x708b79ee20
0x70225ff454[libsecsdk.so@0x22454]		ldp	x25, x26, [sp, #48]	SP=0x708b79ee20
0x70225ff458[libsecsdk.so@0x22458]		ldp	x27, x28, [sp, #64]	SP=0x708b79ee20
0x70225ff45c[libsecsdk.so@0x2245c]		add	sp, sp, #96	SP=0x708b79ee20
0x70225ff460[libsecsdk.so@0x22460]		ret	LR=0x7022601878
0x7022601878[libsecsdk.so@0x24878]		ldrh	w23, [x19, #2]	X19=0x702489e830
0x702260187c[libsecsdk.so@0x2487c]		mov	x27, x0	X0=0x708a9fe280
0x7022601880[libsecsdk.so@0x24880]		ldr	x0, [x22]	X22=0x708a81f3e8
0x7022601884[libsecsdk.so@0x24884]		ldr	x7, [sp, #152]	SP=0x708b79ee80
0x7022601888[libsecsdk.so@0x24888]		add	x23, x23, x23, lsl #1	X23=0x18 X23=0x18
0x702260188c[libsecsdk.so@0x2488c]		ldr	x6, [sp, #144]	SP=0x708b79ee80
0x7022601890[libsecsdk.so@0x24890]		ldr	x25, [x0, #48]	X0=0x7022a969c0
0x7022601894[libsecsdk.so@0x24894]		lsl	x23, x23, #2	X23=0x48
0x7022601898[libsecsdk.so@0x24898]		ldr	x2, [x0, #24]	X0=0x7022a969c0
0x702260189c[libsecsdk.so@0x2489c]		ldr	x1, [x0, #16]	X0=0x7022a969c0
0x70226018a0[libsecsdk.so@0x248a0]		ldr	x19, [x0, #88]	X0=0x7022a969c0
0x70226018a4[libsecsdk.so@0x248a4]		add	x0, x25, x23	X25=0x702489e3e4 X23=0x120
0x70226018a8[libsecsdk.so@0x248a8]		ldr	w0, [x0, #4]	X0=0x702489e504
0x70226018ac[libsecsdk.so@0x248ac]		ldr	w0, [x2, x0, lsl #2]	X2=0x702489e35c X0=0x1d
0x70226018b0[libsecsdk.so@0x248b0]		ldr	w0, [x1, x0, lsl #2]	X1=0x702489e070 X0=0x3e
0x70226018b4[libsecsdk.so@0x248b4]		add	x19, x19, x0	X19=0x702489e000 X0=0x180c
0x70226018b8[libsecsdk.so@0x248b8]		ldrsb	w8, [x19], #1	X19=0x702489f80c
0x70226018bc[libsecsdk.so@0x248bc]		tbnz	w8, #31, #-4	W8=0x1
0x70226018c0[libsecsdk.so@0x248c0]		ldrb	w1, [x19]	X19=0x702489f80d
0x70226018c4[libsecsdk.so@0x248c4]		cmp	w1, #91	W1=0x56
0x70226018c8[libsecsdk.so@0x248c8]		cset	w2, eq	
0x70226018cc[libsecsdk.so@0x248cc]		cmp	w1, #76	W1=0x56
0x70226018d0[libsecsdk.so@0x248d0]		ldr	x1, [sp, #176]	SP=0x708b79ee80
0x70226018d4[libsecsdk.so@0x248d4]		cset	w0, eq	
0x70226018d8[libsecsdk.so@0x248d8]		orr	w0, w2, w0	W2=0x0 W0=0x0
0x70226018dc[libsecsdk.so@0x248dc]		strb	w0, [x1]	W0=0x0 X1=0x708b79f03f
0x70226018e0[libsecsdk.so@0x248e0]		fmov	w0, s8	
0x70226018e4[libsecsdk.so@0x248e4]		cbnz	w0, #424	W0=0x0
0x70226018e8[libsecsdk.so@0x248e8]		ldrh	w2, [x7, x6]	X7=0x702489e5f0 X6=0x240
0x70226018ec[libsecsdk.so@0x248ec]		mov	x0, x22	X22=0x708a81f3e8
0x70226018f0[libsecsdk.so@0x248f0]		mov	x1, x21	X21=0x708a819500
0x70226018f4[libsecsdk.so@0x248f4]		bl	#-11480	SP=0x708b79ee80
0x70225fec1c[libsecsdk.so@0x21c1c]		sub	sp, sp, #48	SP=0x708b79ee80
0x70225fec20[libsecsdk.so@0x21c20]		stp	x19, x20, [sp]	X19=0x702489f80d X20=0x702489fbf3 SP=0x708b79ee50
0x70225fec24[libsecsdk.so@0x21c24]		str	x30, [sp, #16]	LR=0x70226018f8 SP=0x708b79ee50
0x70225fec28[libsecsdk.so@0x21c28]		ldr	x3, [x0]	X0=0x708a81f3e8
0x70225fec2c[libsecsdk.so@0x21c2c]		ldr	x5, [x3, #24]	X3=0x7022a969c0
0x70225fec30[libsecsdk.so@0x21c30]		ldr	x4, [x3, #16]	X3=0x7022a969c0
0x70225fec34[libsecsdk.so@0x21c34]		ldr	x0, [x3, #88]	X3=0x7022a969c0
0x70225fec38[libsecsdk.so@0x21c38]		ldr	w2, [x5, w2, uxtw #2]	X5=0x702489e35c W2=0x1b
0x70225fec3c[libsecsdk.so@0x21c3c]		ldr	w2, [x4, x2, lsl #2]	X4=0x702489e070 X2=0x36
0x70225fec40[libsecsdk.so@0x21c40]		add	x0, x0, x2	X0=0x702489e000 X2=0x178c
0x70225fec44[libsecsdk.so@0x21c44]		ldrsb	w2, [x0], #1	X0=0x702489f78c
0x70225fec48[libsecsdk.so@0x21c48]		tbnz	w2, #31, #-4	W2=0x15
0x70225fec4c[libsecsdk.so@0x21c4c]		str	x1, [sp, #40]	X1=0x708a819500 SP=0x708b79ee50
0x70225fec50[libsecsdk.so@0x21c50]		bl	#-2872	SP=0x708b79ee50
0x70225fe118[libsecsdk.so@0x21118]		sub	sp, sp, #64	SP=0x708b79ee50
0x70225fe11c[libsecsdk.so@0x2111c]		stp	x19, x20, [sp]	X19=0x702489f80d X20=0x702489fbf3 SP=0x708b79ee10
0x70225fe120[libsecsdk.so@0x21120]		stp	x21, x22, [sp, #16]	X21=0x708a819500 X22=0x708a81f3e8 SP=0x708b79ee10
0x70225fe124[libsecsdk.so@0x21124]		str	x30, [sp, #32]	LR=0x70225fec54 SP=0x708b79ee10
0x70225fe128[libsecsdk.so@0x21128]		mov	x19, x0	X0=0x702489f78d
0x70225fe12c[libsecsdk.so@0x2112c]		bl	#-100012	SP=0x708b79ee10
0x70225e5a80[libsecsdk.so@0x8a80]		adrp	x16, #266240	
0x70225e5a84[libsecsdk.so@0x8a84]		ldr	x17, [x16, #3728]	X16=0x7022626000
0x70225e5a88[libsecsdk.so@0x8a88]		add	x16, x16, #3728	X16=0x7022626000
0x70225e5a8c[libsecsdk.so@0x8a8c]		br	x17	X17=0x711ac12960
0x70225fe130[libsecsdk.so@0x21130]		add	w2, w0, #1	W0=0x15
0x70225fe134[libsecsdk.so@0x21134]		mov	x22, x0	X0=0x15
0x70225fe138[libsecsdk.so@0x21138]		mov	w21, w0	W0=0x15
0x70225fe13c[libsecsdk.so@0x2113c]		mov	x0, x2	X2=0x16
0x70225fe140[libsecsdk.so@0x21140]		str	x2, [sp, #56]	X2=0x16 SP=0x708b79ee10
0x70225fe144[libsecsdk.so@0x21144]		bl	#31912	SP=0x708b79ee10
0x7022605dec[libsecsdk.so@0x28dec]		stp	x29, x30, [sp, #-16]!	FP=0x708b79f600 LR=0x70225fe148 SP=0x708b79ee10
0x7022605df0[libsecsdk.so@0x28df0]		mov	x29, sp	SP=0x708b79ee00
0x7022605df4[libsecsdk.so@0x28df4]		bl	#-212	SP=0x708b79ee00
0x7022605d20[libsecsdk.so@0x28d20]		stp	x29, x30, [sp, #-32]!	FP=0x708b79ee00 LR=0x7022605df8 SP=0x708b79ee00
0x7022605d24[libsecsdk.so@0x28d24]		mov	x29, sp	SP=0x708b79ede0
0x7022605d28[libsecsdk.so@0x28d28]		stp	x19, x20, [sp, #16]	X19=0x702489f78d X20=0x702489fbf3 SP=0x708b79ede0
0x7022605d2c[libsecsdk.so@0x28d2c]		mov	x19, x0	X0=0x16
0x7022605d30[libsecsdk.so@0x28d30]		adrp	x20, #139264	
0x7022605d34[libsecsdk.so@0x28d34]		b	#32	
0x7022605d54[libsecsdk.so@0x28d54]		mov	x0, x19	X19=0x16
0x7022605d58[libsecsdk.so@0x28d58]		bl	#-132552	SP=0x708b79ede0
0x70225e5790[libsecsdk.so@0x8790]		adrp	x16, #266240	
0x70225e5794[libsecsdk.so@0x8794]		ldr	x17, [x16, #3352]	X16=0x7022626000
0x70225e5798[libsecsdk.so@0x8798]		add	x16, x16, #3352	X16=0x7022626000
0x70225e579c[libsecsdk.so@0x879c]		br	x17	X17=0x711abd432c
0x7022605d5c[libsecsdk.so@0x28d5c]		cbz	x0, #-36	X0=0x708a9fe3e0
0x7022605d60[libsecsdk.so@0x28d60]		ldp	x19, x20, [sp, #16]	SP=0x708b79ede0
0x7022605d64[libsecsdk.so@0x28d64]		ldp	x29, x30, [sp], #32	SP=0x708b79ede0
0x7022605d68[libsecsdk.so@0x28d68]		ret	LR=0x7022605df8
0x7022605df8[libsecsdk.so@0x28df8]		ldp	x29, x30, [sp], #16	SP=0x708b79ee00
0x7022605dfc[libsecsdk.so@0x28dfc]		ret	LR=0x70225fe148
0x70225fe148[libsecsdk.so@0x21148]		mov	x20, x0	X0=0x708a9fe3e0
0x70225fe14c[libsecsdk.so@0x2114c]		ldr	x2, [sp, #56]	SP=0x708b79ee10
0x70225fe150[libsecsdk.so@0x21150]		mov	w1, #0	
0x70225fe154[libsecsdk.so@0x21154]		bl	#-100356	SP=0x708b79ee10
0x70225e5950[libsecsdk.so@0x8950]		adrp	x16, #266240	
0x70225e5954[libsecsdk.so@0x8954]		ldr	x17, [x16, #3576]	X16=0x7022626000
0x70225e5958[libsecsdk.so@0x8958]		add	x16, x16, #3576	X16=0x7022626000
0x70225e595c[libsecsdk.so@0x895c]		br	x17	X17=0x711ac12340
0x70225fe158[libsecsdk.so@0x21158]		ldrb	w0, [x19]	X19=0x702489f78d
0x70225fe15c[libsecsdk.so@0x2115c]		cmp	w0, #76	W0=0x4c
0x70225fe160[libsecsdk.so@0x21160]		b.eq	#44	
0x70225fe18c[libsecsdk.so@0x2118c]		cmp	w22, #1	W22=0x15
0x70225fe190[libsecsdk.so@0x21190]		b.ls	#-28	
0x70225fe194[libsecsdk.so@0x21194]		ldrb	w3, [x19, #1]	X19=0x702489f78d
0x70225fe198[libsecsdk.so@0x21198]		mov	x2, #2	
0x70225fe19c[libsecsdk.so@0x2119c]		cmp	w3, #59	W3=0x6a
0x70225fe1a0[libsecsdk.so@0x211a0]		b.ne	#20	
0x70225fe1b4[libsecsdk.so@0x211b4]		add	x4, x20, x2	X20=0x708a9fe3e0 X2=0x2
0x70225fe1b8[libsecsdk.so@0x211b8]		cmp	w21, w2	W21=0x15 W2=0x2
0x70225fe1bc[libsecsdk.so@0x211bc]		add	x2, x2, #1	X2=0x2
0x70225fe1c0[libsecsdk.so@0x211c0]		add	x5, x19, x2	X19=0x702489f78d X2=0x3
0x70225fe1c4[libsecsdk.so@0x211c4]		sturb	w3, [x4, #-2]	W3=0x6a X4=0x708a9fe3e2
0x70225fe1c8[libsecsdk.so@0x211c8]		b.hi	#-32	
0x70225fe1a8[libsecsdk.so@0x211a8]		ldurb	w3, [x5, #-1]	X5=0x702489f790
0x70225fe1ac[libsecsdk.so@0x211ac]		cmp	w3, #59	W3=0x61
0x70225fe1b0[libsecsdk.so@0x211b0]		b.eq	#-60	
0x70225fe1b4[libsecsdk.so@0x211b4]		add	x4, x20, x2	X20=0x708a9fe3e0 X2=0x3
0x70225fe1b8[libsecsdk.so@0x211b8]		cmp	w21, w2	W21=0x15 W2=0x3
0x70225fe1bc[libsecsdk.so@0x211bc]		add	x2, x2, #1	X2=0x3
0x70225fe1c0[libsecsdk.so@0x211c0]		add	x5, x19, x2	X19=0x702489f78d X2=0x4
0x70225fe1c4[libsecsdk.so@0x211c4]		sturb	w3, [x4, #-2]	W3=0x61 X4=0x708a9fe3e3
0x70225fe1c8[libsecsdk.so@0x211c8]		b.hi	#-32	
0x70225fe1a8[libsecsdk.so@0x211a8]		ldurb	w3, [x5, #-1]	X5=0x702489f791
0x70225fe1ac[libsecsdk.so@0x211ac]		cmp	w3, #59	W3=0x76
0x70225fe1b0[libsecsdk.so@0x211b0]		b.eq	#-60	
0x70225fe1b4[libsecsdk.so@0x211b4]		add	x4, x20, x2	X20=0x708a9fe3e0 X2=0x4
0x70225fe1b8[libsecsdk.so@0x211b8]		cmp	w21, w2	W21=0x15 W2=0x4
0x70225fe1bc[libsecsdk.so@0x211bc]		add	x2, x2, #1	X2=0x4
0x70225fe1c0[libsecsdk.so@0x211c0]		add	x5, x19, x2	X19=0x702489f78d X2=0x5
0x70225fe1c4[libsecsdk.so@0x211c4]		sturb	w3, [x4, #-2]	W3=0x76 X4=0x708a9fe3e4
0x70225fe1c8[libsecsdk.so@0x211c8]		b.hi	#-32	
0x70225fe1a8[libsecsdk.so@0x211a8]		ldurb	w3, [x5, #-1]	X5=0x702489f792
0x70225fe1ac[libsecsdk.so@0x211ac]		cmp	w3, #59	W3=0x61
0x70225fe1b0[libsecsdk.so@0x211b0]		b.eq	#-60	
0x70225fe1b4[libsecsdk.so@0x211b4]		add	x4, x20, x2	X20=0x708a9fe3e0 X2=0x5
0x70225fe1b8[libsecsdk.so@0x211b8]		cmp	w21, w2	W21=0x15 W2=0x5
0x70225fe1bc[libsecsdk.so@0x211bc]		add	x2, x2, #1	X2=0x5
0x70225fe1c0[libsecsdk.so@0x211c0]		add	x5, x19, x2	X19=0x702489f78d X2=0x6
0x70225fe1c4[libsecsdk.so@0x211c4]		sturb	w3, [x4, #-2]	W3=0x61 X4=0x708a9fe3e5
0x70225fe1c8[libsecsdk.so@0x211c8]		b.hi	#-32	
0x70225fe1a8[libsecsdk.so@0x211a8]		ldurb	w3, [x5, #-1]	X5=0x702489f793
0x70225fe1ac[libsecsdk.so@0x211ac]		cmp	w3, #59	W3=0x78
0x70225fe1b0[libsecsdk.so@0x211b0]		b.eq	#-60	
0x70225fe1b4[libsecsdk.so@0x211b4]		add	x4, x20, x2	X20=0x708a9fe3e0 X2=0x6
0x70225fe1b8[libsecsdk.so@0x211b8]		cmp	w21, w2	W21=0x15 W2=0x6
0x70225fe1bc[libsecsdk.so@0x211bc]		add	x2, x2, #1	X2=0x6
0x70225fe1c0[libsecsdk.so@0x211c0]		add	x5, x19, x2	X19=0x702489f78d X2=0x7
0x70225fe1c4[libsecsdk.so@0x211c4]		sturb	w3, [x4, #-2]	W3=0x78 X4=0x708a9fe3e6
0x70225fe1c8[libsecsdk.so@0x211c8]		b.hi	#-32	
0x70225fe1a8[libsecsdk.so@0x211a8]		ldurb	w3, [x5, #-1]	X5=0x702489f794
0x70225fe1ac[libsecsdk.so@0x211ac]		cmp	w3, #59	W3=0x2f
0x70225fe1b0[libsecsdk.so@0x211b0]		b.eq	#-60	
0x70225fe1b4[libsecsdk.so@0x211b4]		add	x4, x20, x2	X20=0x708a9fe3e0 X2=0x7
0x70225fe1b8[libsecsdk.so@0x211b8]		cmp	w21, w2	W21=0x15 W2=0x7
0x70225fe1bc[libsecsdk.so@0x211bc]		add	x2, x2, #1	X2=0x7
0x70225fe1c0[libsecsdk.so@0x211c0]		add	x5, x19, x2	X19=0x702489f78d X2=0x8
0x70225fe1c4[libsecsdk.so@0x211c4]		sturb	w3, [x4, #-2]	W3=0x2f X4=0x708a9fe3e7
0x70225fe1c8[libsecsdk.so@0x211c8]		b.hi	#-32	
0x70225fe1a8[libsecsdk.so@0x211a8]		ldurb	w3, [x5, #-1]	X5=0x702489f795
0x70225fe1ac[libsecsdk.so@0x211ac]		cmp	w3, #59	W3=0x63
0x70225fe1b0[libsecsdk.so@0x211b0]		b.eq	#-60	
0x70225fe1b4[libsecsdk.so@0x211b4]		add	x4, x20, x2	X20=0x708a9fe3e0 X2=0x8
0x70225fe1b8[libsecsdk.so@0x211b8]		cmp	w21, w2	W21=0x15 W2=0x8
0x70225fe1bc[libsecsdk.so@0x211bc]		add	x2, x2, #1	X2=0x8
0x70225fe1c0[libsecsdk.so@0x211c0]		add	x5, x19, x2	X19=0x702489f78d X2=0x9
0x70225fe1c4[libsecsdk.so@0x211c4]		sturb	w3, [x4, #-2]	W3=0x63 X4=0x708a9fe3e8
0x70225fe1c8[libsecsdk.so@0x211c8]		b.hi	#-32	
0x70225fe1a8[libsecsdk.so@0x211a8]		ldurb	w3, [x5, #-1]	X5=0x702489f796
0x70225fe1ac[libsecsdk.so@0x211ac]		cmp	w3, #59	W3=0x72
0x70225fe1b0[libsecsdk.so@0x211b0]		b.eq	#-60	
0x70225fe1b4[libsecsdk.so@0x211b4]		add	x4, x20, x2	X20=0x708a9fe3e0 X2=0x9
0x70225fe1b8[libsecsdk.so@0x211b8]		cmp	w21, w2	W21=0x15 W2=0x9
0x70225fe1bc[libsecsdk.so@0x211bc]		add	x2, x2, #1	X2=0x9
0x70225fe1c0[libsecsdk.so@0x211c0]		add	x5, x19, x2	X19=0x702489f78d X2=0xa
0x70225fe1c4[libsecsdk.so@0x211c4]		sturb	w3, [x4, #-2]	W3=0x72 X4=0x708a9fe3e9
0x70225fe1c8[libsecsdk.so@0x211c8]		b.hi	#-32	
0x70225fe1a8[libsecsdk.so@0x211a8]		ldurb	w3, [x5, #-1]	X5=0x702489f797
0x70225fe1ac[libsecsdk.so@0x211ac]		cmp	w3, #59	W3=0x79
0x70225fe1b0[libsecsdk.so@0x211b0]		b.eq	#-60	
0x70225fe1b4[libsecsdk.so@0x211b4]		add	x4, x20, x2	X20=0x708a9fe3e0 X2=0xa
0x70225fe1b8[libsecsdk.so@0x211b8]		cmp	w21, w2	W21=0x15 W2=0xa
0x70225fe1bc[libsecsdk.so@0x211bc]		add	x2, x2, #1	X2=0xa
0x70225fe1c0[libsecsdk.so@0x211c0]		add	x5, x19, x2	X19=0x702489f78d X2=0xb
0x70225fe1c4[libsecsdk.so@0x211c4]		sturb	w3, [x4, #-2]	W3=0x79 X4=0x708a9fe3ea
0x70225fe1c8[libsecsdk.so@0x211c8]		b.hi	#-32	
0x70225fe1a8[libsecsdk.so@0x211a8]		ldurb	w3, [x5, #-1]	X5=0x702489f798
0x70225fe1ac[libsecsdk.so@0x211ac]		cmp	w3, #59	W3=0x70
0x70225fe1b0[libsecsdk.so@0x211b0]		b.eq	#-60	
0x70225fe1b4[libsecsdk.so@0x211b4]		add	x4, x20, x2	X20=0x708a9fe3e0 X2=0xb
0x70225fe1b8[libsecsdk.so@0x211b8]		cmp	w21, w2	W21=0x15 W2=0xb
0x70225fe1bc[libsecsdk.so@0x211bc]		add	x2, x2, #1	X2=0xb
0x70225fe1c0[libsecsdk.so@0x211c0]		add	x5, x19, x2	X19=0x702489f78d X2=0xc
0x70225fe1c4[libsecsdk.so@0x211c4]		sturb	w3, [x4, #-2]	W3=0x70 X4=0x708a9fe3eb
0x70225fe1c8[libsecsdk.so@0x211c8]		b.hi	#-32	
0x70225fe1a8[libsecsdk.so@0x211a8]		ldurb	w3, [x5, #-1]	X5=0x702489f799
0x70225fe1ac[libsecsdk.so@0x211ac]		cmp	w3, #59	W3=0x74
0x70225fe1b0[libsecsdk.so@0x211b0]		b.eq	#-60	
0x70225fe1b4[libsecsdk.so@0x211b4]		add	x4, x20, x2	X20=0x708a9fe3e0 X2=0xc
0x70225fe1b8[libsecsdk.so@0x211b8]		cmp	w21, w2	W21=0x15 W2=0xc
0x70225fe1bc[libsecsdk.so@0x211bc]		add	x2, x2, #1	X2=0xc
0x70225fe1c0[libsecsdk.so@0x211c0]		add	x5, x19, x2	X19=0x702489f78d X2=0xd
0x70225fe1c4[libsecsdk.so@0x211c4]		sturb	w3, [x4, #-2]	W3=0x74 X4=0x708a9fe3ec
0x70225fe1c8[libsecsdk.so@0x211c8]		b.hi	#-32	
0x70225fe1a8[libsecsdk.so@0x211a8]		ldurb	w3, [x5, #-1]	X5=0x702489f79a
0x70225fe1ac[libsecsdk.so@0x211ac]		cmp	w3, #59	W3=0x6f
0x70225fe1b0[libsecsdk.so@0x211b0]		b.eq	#-60	
0x70225fe1b4[libsecsdk.so@0x211b4]		add	x4, x20, x2	X20=0x708a9fe3e0 X2=0xd
0x70225fe1b8[libsecsdk.so@0x211b8]		cmp	w21, w2	W21=0x15 W2=0xd
0x70225fe1bc[libsecsdk.so@0x211bc]		add	x2, x2, #1	X2=0xd
0x70225fe1c0[libsecsdk.so@0x211c0]		add	x5, x19, x2	X19=0x702489f78d X2=0xe
0x70225fe1c4[libsecsdk.so@0x211c4]		sturb	w3, [x4, #-2]	W3=0x6f X4=0x708a9fe3ed
0x70225fe1c8[libsecsdk.so@0x211c8]		b.hi	#-32	
0x70225fe1a8[libsecsdk.so@0x211a8]		ldurb	w3, [x5, #-1]	X5=0x702489f79b
0x70225fe1ac[libsecsdk.so@0x211ac]		cmp	w3, #59	W3=0x2f
0x70225fe1b0[libsecsdk.so@0x211b0]		b.eq	#-60	
0x70225fe1b4[libsecsdk.so@0x211b4]		add	x4, x20, x2	X20=0x708a9fe3e0 X2=0xe
0x70225fe1b8[libsecsdk.so@0x211b8]		cmp	w21, w2	W21=0x15 W2=0xe
0x70225fe1bc[libsecsdk.so@0x211bc]		add	x2, x2, #1	X2=0xe
0x70225fe1c0[libsecsdk.so@0x211c0]		add	x5, x19, x2	X19=0x702489f78d X2=0xf
0x70225fe1c4[libsecsdk.so@0x211c4]		sturb	w3, [x4, #-2]	W3=0x2f X4=0x708a9fe3ee
0x70225fe1c8[libsecsdk.so@0x211c8]		b.hi	#-32	
0x70225fe1a8[libsecsdk.so@0x211a8]		ldurb	w3, [x5, #-1]	X5=0x702489f79c
0x70225fe1ac[libsecsdk.so@0x211ac]		cmp	w3, #59	W3=0x43
0x70225fe1b0[libsecsdk.so@0x211b0]		b.eq	#-60	
0x70225fe1b4[libsecsdk.so@0x211b4]		add	x4, x20, x2	X20=0x708a9fe3e0 X2=0xf
0x70225fe1b8[libsecsdk.so@0x211b8]		cmp	w21, w2	W21=0x15 W2=0xf
0x70225fe1bc[libsecsdk.so@0x211bc]		add	x2, x2, #1	X2=0xf
0x70225fe1c0[libsecsdk.so@0x211c0]		add	x5, x19, x2	X19=0x702489f78d X2=0x10
0x70225fe1c4[libsecsdk.so@0x211c4]		sturb	w3, [x4, #-2]	W3=0x43 X4=0x708a9fe3ef
0x70225fe1c8[libsecsdk.so@0x211c8]		b.hi	#-32	
0x70225fe1a8[libsecsdk.so@0x211a8]		ldurb	w3, [x5, #-1]	X5=0x702489f79d
0x70225fe1ac[libsecsdk.so@0x211ac]		cmp	w3, #59	W3=0x69
0x70225fe1b0[libsecsdk.so@0x211b0]		b.eq	#-60	
0x70225fe1b4[libsecsdk.so@0x211b4]		add	x4, x20, x2	X20=0x708a9fe3e0 X2=0x10
0x70225fe1b8[libsecsdk.so@0x211b8]		cmp	w21, w2	W21=0x15 W2=0x10
0x70225fe1bc[libsecsdk.so@0x211bc]		add	x2, x2, #1	X2=0x10
0x70225fe1c0[libsecsdk.so@0x211c0]		add	x5, x19, x2	X19=0x702489f78d X2=0x11
0x70225fe1c4[libsecsdk.so@0x211c4]		sturb	w3, [x4, #-2]	W3=0x69 X4=0x708a9fe3f0
0x70225fe1c8[libsecsdk.so@0x211c8]		b.hi	#-32	
0x70225fe1a8[libsecsdk.so@0x211a8]		ldurb	w3, [x5, #-1]	X5=0x702489f79e
0x70225fe1ac[libsecsdk.so@0x211ac]		cmp	w3, #59	W3=0x70
0x70225fe1b0[libsecsdk.so@0x211b0]		b.eq	#-60	
0x70225fe1b4[libsecsdk.so@0x211b4]		add	x4, x20, x2	X20=0x708a9fe3e0 X2=0x11
0x70225fe1b8[libsecsdk.so@0x211b8]		cmp	w21, w2	W21=0x15 W2=0x11
0x70225fe1bc[libsecsdk.so@0x211bc]		add	x2, x2, #1	X2=0x11
0x70225fe1c0[libsecsdk.so@0x211c0]		add	x5, x19, x2	X19=0x702489f78d X2=0x12
0x70225fe1c4[libsecsdk.so@0x211c4]		sturb	w3, [x4, #-2]	W3=0x70 X4=0x708a9fe3f1
0x70225fe1c8[libsecsdk.so@0x211c8]		b.hi	#-32	
0x70225fe1a8[libsecsdk.so@0x211a8]		ldurb	w3, [x5, #-1]	X5=0x702489f79f
0x70225fe1ac[libsecsdk.so@0x211ac]		cmp	w3, #59	W3=0x68
0x70225fe1b0[libsecsdk.so@0x211b0]		b.eq	#-60	
0x70225fe1b4[libsecsdk.so@0x211b4]		add	x4, x20, x2	X20=0x708a9fe3e0 X2=0x12
0x70225fe1b8[libsecsdk.so@0x211b8]		cmp	w21, w2	W21=0x15 W2=0x12
0x70225fe1bc[libsecsdk.so@0x211bc]		add	x2, x2, #1	X2=0x12
0x70225fe1c0[libsecsdk.so@0x211c0]		add	x5, x19, x2	X19=0x702489f78d X2=0x13
0x70225fe1c4[libsecsdk.so@0x211c4]		sturb	w3, [x4, #-2]	W3=0x68 X4=0x708a9fe3f2
0x70225fe1c8[libsecsdk.so@0x211c8]		b.hi	#-32	
0x70225fe1a8[libsecsdk.so@0x211a8]		ldurb	w3, [x5, #-1]	X5=0x702489f7a0
0x70225fe1ac[libsecsdk.so@0x211ac]		cmp	w3, #59	W3=0x65
0x70225fe1b0[libsecsdk.so@0x211b0]		b.eq	#-60	
0x70225fe1b4[libsecsdk.so@0x211b4]		add	x4, x20, x2	X20=0x708a9fe3e0 X2=0x13
0x70225fe1b8[libsecsdk.so@0x211b8]		cmp	w21, w2	W21=0x15 W2=0x13
0x70225fe1bc[libsecsdk.so@0x211bc]		add	x2, x2, #1	X2=0x13
0x70225fe1c0[libsecsdk.so@0x211c0]		add	x5, x19, x2	X19=0x702489f78d X2=0x14
0x70225fe1c4[libsecsdk.so@0x211c4]		sturb	w3, [x4, #-2]	W3=0x65 X4=0x708a9fe3f3
0x70225fe1c8[libsecsdk.so@0x211c8]		b.hi	#-32	
0x70225fe1a8[libsecsdk.so@0x211a8]		ldurb	w3, [x5, #-1]	X5=0x702489f7a1
0x70225fe1ac[libsecsdk.so@0x211ac]		cmp	w3, #59	W3=0x72
0x70225fe1b0[libsecsdk.so@0x211b0]		b.eq	#-60	
0x70225fe1b4[libsecsdk.so@0x211b4]		add	x4, x20, x2	X20=0x708a9fe3e0 X2=0x14
0x70225fe1b8[libsecsdk.so@0x211b8]		cmp	w21, w2	W21=0x15 W2=0x14
0x70225fe1bc[libsecsdk.so@0x211bc]		add	x2, x2, #1	X2=0x14
0x70225fe1c0[libsecsdk.so@0x211c0]		add	x5, x19, x2	X19=0x702489f78d X2=0x15
0x70225fe1c4[libsecsdk.so@0x211c4]		sturb	w3, [x4, #-2]	W3=0x72 X4=0x708a9fe3f4
0x70225fe1c8[libsecsdk.so@0x211c8]		b.hi	#-32	
0x70225fe1a8[libsecsdk.so@0x211a8]		ldurb	w3, [x5, #-1]	X5=0x702489f7a2
0x70225fe1ac[libsecsdk.so@0x211ac]		cmp	w3, #59	W3=0x3b
0x70225fe1b0[libsecsdk.so@0x211b0]		b.eq	#-60	
0x70225fe174[libsecsdk.so@0x21174]		mov	x0, x20	X20=0x708a9fe3e0
0x70225fe178[libsecsdk.so@0x21178]		ldr	x30, [sp, #32]	SP=0x708b79ee10
0x70225fe17c[libsecsdk.so@0x2117c]		ldp	x19, x20, [sp]	SP=0x708b79ee10
0x70225fe180[libsecsdk.so@0x21180]		ldp	x21, x22, [sp, #16]	SP=0x708b79ee10
0x70225fe184[libsecsdk.so@0x21184]		add	sp, sp, #64	SP=0x708b79ee10
0x70225fe188[libsecsdk.so@0x21188]		ret	LR=0x70225fec54
0x70225fec54[libsecsdk.so@0x21c54]		ldr	x1, [sp, #40]	SP=0x708b79ee50
0x70225fec58[libsecsdk.so@0x21c58]		mov	x19, x0	X0=0x708a9fe3e0
0x70225fec5c[libsecsdk.so@0x21c5c]		mov	x0, x1	X1=0x708a819500
0x70225fec60[libsecsdk.so@0x21c60]		ldr	x2, [x1]	X1=0x708a819500
0x70225fec64[libsecsdk.so@0x21c64]		mov	x1, x19	X19=0x708a9fe3e0
0x70225fec68[libsecsdk.so@0x21c68]		ldr	x2, [x2, #48]	X2=0x70967d16a0
0x70225fec6c[libsecsdk.so@0x21c6c]		blr	x2	X2=0x709658f4d0 SP=0x708b79ee50
0x70225fec70[libsecsdk.so@0x21c70]		mov	x20, x0	X0=0x49
0x70225fec74[libsecsdk.so@0x21c74]		cbz	x19, #12	X19=0x708a9fe3e0
0x70225fec78[libsecsdk.so@0x21c78]		mov	x0, x19	X19=0x708a9fe3e0
0x70225fec7c[libsecsdk.so@0x21c7c]		bl	#26104	SP=0x708b79ee50
0x7022605274[libsecsdk.so@0x28274]		b	#-12	
0x7022605268[libsecsdk.so@0x28268]		cbz	x0, #8	X0=0x708a9fe3e0
0x702260526c[libsecsdk.so@0x2826c]		b	#-128940	
0x70225e5ac0[libsecsdk.so@0x8ac0]		adrp	x16, #266240	
0x70225e5ac4[libsecsdk.so@0x8ac4]		ldr	x17, [x16, #3760]	X16=0x7022626000
0x70225e5ac8[libsecsdk.so@0x8ac8]		add	x16, x16, #3760	X16=0x7022626000
0x70225e5acc[libsecsdk.so@0x8acc]		br	x17	X17=0x711abd42bc
0x70225fec80[libsecsdk.so@0x21c80]		mov	x0, x20	X20=0x49
0x70225fec84[libsecsdk.so@0x21c84]		ldr	x30, [sp, #16]	SP=0x708b79ee50
0x70225fec88[libsecsdk.so@0x21c88]		ldp	x19, x20, [sp]	SP=0x708b79ee50
0x70225fec8c[libsecsdk.so@0x21c8c]		add	sp, sp, #48	SP=0x708b79ee50
0x70225fec90[libsecsdk.so@0x21c90]		ret	LR=0x70226018f8
0x70226018f8[libsecsdk.so@0x248f8]		mov	x28, x0	X0=0x49
0x70226018fc[libsecsdk.so@0x248fc]		ldr	x4, [x21]	X21=0x708a819500
0x7022601900[libsecsdk.so@0x24900]		mov	x0, x21	X21=0x708a819500
0x7022601904[libsecsdk.so@0x24904]		mov	x1, x28	X28=0x49
0x7022601908[libsecsdk.so@0x24908]		mov	x2, x20	X20=0x702489fbf3
0x702260190c[libsecsdk.so@0x2490c]		mov	x3, x27	X27=0x708a9fe280
0x7022601910[libsecsdk.so@0x24910]		cbnz	w26, #300	W26=0x0
0x7022601914[libsecsdk.so@0x24914]		ldr	x4, [x4, #264]	X4=0x70967d16a0
0x7022601918[libsecsdk.so@0x24918]		blr	x4	X4=0x7096597ea0 SP=0x708b79ee80
0x702260191c[libsecsdk.so@0x2491c]		fmov	d9, x0	X0=0x703454b8
0x7022601920[libsecsdk.so@0x24920]		mov	x0, x21	X21=0x708a819500
0x7022601924[libsecsdk.so@0x24924]		bl	#-86432	SP=0x708b79ee80
0x70225ec784[libsecsdk.so@0xf784]		sub	sp, sp, #128	SP=0x708b79ee80
0x70225ec788[libsecsdk.so@0xf788]		stp	x19, x20, [sp]	X19=0x702489f80d X20=0x702489fbf3 SP=0x708b79ee00
0x70225ec78c[libsecsdk.so@0xf78c]		adrp	x19, #237568	
0x70225ec790[libsecsdk.so@0xf790]		mov	x20, x0	X0=0x708a819500
0x70225ec794[libsecsdk.so@0xf794]		stp	x21, x22, [sp, #16]	X21=0x708a819500 X22=0x708a81f3e8 SP=0x708b79ee00
0x70225ec798[libsecsdk.so@0xf798]		adrp	x21, #241664	
0x70225ec79c[libsecsdk.so@0xf79c]		ldr	x1, [x19, #3784]	X19=0x7022626000
0x70225ec7a0[libsecsdk.so@0xf7a0]		stp	x23, x30, [sp, #32]	X23=0x120 LR=0x7022601928 SP=0x708b79ee00
0x70225ec7a4[libsecsdk.so@0xf7a4]		ldr	w0, [x21, #2128]	X21=0x7022627000
0x70225ec7a8[libsecsdk.so@0xf7a8]		ldr	x1, [x1]	X1=0x711ac85510
0x70225ec7ac[libsecsdk.so@0xf7ac]		str	x1, [sp, #120]	X1=0xdcf65037242d4fae SP=0x708b79ee00
0x70225ec7b0[libsecsdk.so@0xf7b0]		cbz	w0, #44	W0=0x1d
0x70225ec7b4[libsecsdk.so@0xf7b4]		ldr	x19, [x19, #3784]	X19=0x7022626000
0x70225ec7b8[libsecsdk.so@0xf7b8]		ldr	x2, [sp, #120]	SP=0x708b79ee00
0x70225ec7bc[libsecsdk.so@0xf7bc]		ldr	x1, [x19]	X19=0x711ac85510
0x70225ec7c0[libsecsdk.so@0xf7c0]		cmp	x2, x1	X2=0xdcf65037242d4fae X1=0xdcf65037242d4fae
0x70225ec7c4[libsecsdk.so@0xf7c4]		b.ne	#284	
0x70225ec7c8[libsecsdk.so@0xf7c8]		ldp	x19, x20, [sp]	SP=0x708b79ee00
0x70225ec7cc[libsecsdk.so@0xf7cc]		ldp	x21, x22, [sp, #16]	SP=0x708b79ee00
0x70225ec7d0[libsecsdk.so@0xf7d0]		ldp	x23, x30, [sp, #32]	SP=0x708b79ee00
0x70225ec7d4[libsecsdk.so@0xf7d4]		add	sp, sp, #128	SP=0x708b79ee00
0x70225ec7d8[libsecsdk.so@0xf7d8]		ret	LR=0x7022601928
0x7022601928[libsecsdk.so@0x24928]		cmp	w0, #23	W0=0x1d
0x702260192c[libsecsdk.so@0x2492c]		b.ne	#12	
0x7022601938[libsecsdk.so@0x24938]		mov	w1, #0	
0x702260193c[libsecsdk.so@0x2493c]		fmov	x0, d9	
0x7022601940[libsecsdk.so@0x24940]		cbz	x0, #396	X0=0x703454b8
0x7022601944[libsecsdk.so@0x24944]		ldr	x0, [x22]	X22=0x708a81f3e8
0x7022601948[libsecsdk.so@0x24948]		ldr	w3, [x25, x23]	X25=0x702489e3e4 X23=0x120
0x702260194c[libsecsdk.so@0x2494c]		ldr	x2, [x0, #16]	X0=0x7022a969c0
0x7022601950[libsecsdk.so@0x24950]		ldr	x5, [x0, #88]	X0=0x7022a969c0
0x7022601954[libsecsdk.so@0x24954]		ldr	w8, [x2, x3, lsl #2]	X2=0x702489e070 X3=0x42
0x7022601958[libsecsdk.so@0x24958]		add	x5, x5, x8	X5=0x702489e000 X8=0x182f
0x702260195c[libsecsdk.so@0x2495c]		ldrsb	w8, [x5], #1	X5=0x702489f82f
0x7022601960[libsecsdk.so@0x24960]		tbnz	w8, #31, #-4	W8=0x3
0x7022601964[libsecsdk.so@0x24964]		mov	x0, x22	X22=0x708a81f3e8
0x7022601968[libsecsdk.so@0x24968]		cbnz	w1, #260	W1=0x0
0x702260196c[libsecsdk.so@0x2496c]		fmov	x1, d10	
0x7022601970[libsecsdk.so@0x24970]		mov	x4, x5	X5=0x702489f830
0x7022601974[libsecsdk.so@0x24974]		fmov	x2, d11	
0x7022601978[libsecsdk.so@0x24978]		mov	w5, w26	W26=0x0
0x702260197c[libsecsdk.so@0x2497c]		fmov	w3, s14	
0x7022601980[libsecsdk.so@0x24980]		bl	#-9364	SP=0x708b79ee80
0x70225ff4ec[libsecsdk.so@0x224ec]		sub	sp, sp, #64	SP=0x708b79ee80
0x70225ff4f0[libsecsdk.so@0x224f0]		uxtb	w5, w5	W5=0x0
0x70225ff4f4[libsecsdk.so@0x224f4]		stp	x21, x22, [sp, #16]	X21=0x708a819500 X22=0x708a81f3e8 SP=0x708b79ee40
0x70225ff4f8[libsecsdk.so@0x224f8]		stp	x23, x30, [sp, #32]	X23=0x120 LR=0x7022601984 SP=0x708b79ee40
0x70225ff4fc[libsecsdk.so@0x224fc]		stp	x19, x20, [sp]	X19=0x702489f80d X20=0x702489fbf3 SP=0x708b79ee40
0x70225ff500[libsecsdk.so@0x22500]		mov	x21, x1	X1=0x7022b26650
0x70225ff504[libsecsdk.so@0x22504]		mov	x23, x2	X2=0x708a9fe560
0x70225ff508[libsecsdk.so@0x22508]		cbz	w5, #220	W5=0x0
0x70225ff5e4[libsecsdk.so@0x225e4]		sub	w3, w3, #1	W3=0x3
0x70225ff5e8[libsecsdk.so@0x225e8]		mov	w19, #1	
0x70225ff5ec[libsecsdk.so@0x225ec]		lsl	w3, w3, #3	W3=0x2
0x70225ff5f0[libsecsdk.so@0x225f0]		b	#-220	
0x70225ff514[libsecsdk.so@0x22514]		cmp	w3, wzr	W3=0x10
0x70225ff518[libsecsdk.so@0x22518]		mov	x20, #8	
0x70225ff51c[libsecsdk.so@0x2251c]		sxtw	x3, w3	X3=0x10
0x70225ff520[libsecsdk.so@0x22520]		str	x4, [sp, #56]	X4=0x702489f830 SP=0x708b79ee40
0x70225ff524[libsecsdk.so@0x22524]		csel	x20, x3, x20, ne	X3=0x10 X20=0x8
0x70225ff528[libsecsdk.so@0x22528]		mov	x0, x20	X20=0x10
0x70225ff52c[libsecsdk.so@0x2252c]		bl	#26816	SP=0x708b79ee40
0x7022605dec[libsecsdk.so@0x28dec]		stp	x29, x30, [sp, #-16]!	FP=0x708b79f600 LR=0x70225ff530 SP=0x708b79ee40
0x7022605df0[libsecsdk.so@0x28df0]		mov	x29, sp	SP=0x708b79ee30
0x7022605df4[libsecsdk.so@0x28df4]		bl	#-212	SP=0x708b79ee30
0x7022605d20[libsecsdk.so@0x28d20]		stp	x29, x30, [sp, #-32]!	FP=0x708b79ee30 LR=0x7022605df8 SP=0x708b79ee30
0x7022605d24[libsecsdk.so@0x28d24]		mov	x29, sp	SP=0x708b79ee10
0x7022605d28[libsecsdk.so@0x28d28]		stp	x19, x20, [sp, #16]	X19=0x1 X20=0x10 SP=0x708b79ee10
0x7022605d2c[libsecsdk.so@0x28d2c]		mov	x19, x0	X0=0x10
0x7022605d30[libsecsdk.so@0x28d30]		adrp	x20, #139264	
0x7022605d34[libsecsdk.so@0x28d34]		b	#32	
0x7022605d54[libsecsdk.so@0x28d54]		mov	x0, x19	X19=0x10
0x7022605d58[libsecsdk.so@0x28d58]		bl	#-132552	SP=0x708b79ee10
0x70225e5790[libsecsdk.so@0x8790]		adrp	x16, #266240	
0x70225e5794[libsecsdk.so@0x8794]		ldr	x17, [x16, #3352]	X16=0x7022626000
0x70225e5798[libsecsdk.so@0x8798]		add	x16, x16, #3352	X16=0x7022626000
0x70225e579c[libsecsdk.so@0x879c]		br	x17	X17=0x711abd432c
0x7022605d5c[libsecsdk.so@0x28d5c]		cbz	x0, #-36	X0=0x7022b26630
0x7022605d60[libsecsdk.so@0x28d60]		ldp	x19, x20, [sp, #16]	SP=0x708b79ee10
0x7022605d64[libsecsdk.so@0x28d64]		ldp	x29, x30, [sp], #32	SP=0x708b79ee10
0x7022605d68[libsecsdk.so@0x28d68]		ret	LR=0x7022605df8
0x7022605df8[libsecsdk.so@0x28df8]		ldp	x29, x30, [sp], #16	SP=0x708b79ee30
0x7022605dfc[libsecsdk.so@0x28dfc]		ret	LR=0x70225ff530
0x70225ff530[libsecsdk.so@0x22530]		mov	x22, x0	X0=0x7022b26630
0x70225ff534[libsecsdk.so@0x22534]		mov	w1, #0	
0x70225ff538[libsecsdk.so@0x22538]		mov	x2, x20	X20=0x10
0x70225ff53c[libsecsdk.so@0x2253c]		bl	#-105452	SP=0x708b79ee40
0x70225e5950[libsecsdk.so@0x8950]		adrp	x16, #266240	
0x70225e5954[libsecsdk.so@0x8954]		ldr	x17, [x16, #3576]	X16=0x7022626000
0x70225e5958[libsecsdk.so@0x8958]		add	x16, x16, #3576	X16=0x7022626000
0x70225e595c[libsecsdk.so@0x895c]		br	x17	X17=0x711ac12340
0x70225ff540[libsecsdk.so@0x22540]		adrp	x1, #57344	
0x70225ff544[libsecsdk.so@0x22544]		ldr	x4, [sp, #56]	SP=0x708b79ee40
0x70225ff548[libsecsdk.so@0x22548]		mov	x5, x22	X22=0x7022b26630
0x70225ff54c[libsecsdk.so@0x2254c]		add	x1, x1, #3760	X1=0x702260d000
0x70225ff550[libsecsdk.so@0x22550]		ldrb	w3, [x4, #1]!	X4=0x702489f830
0x70225ff554[libsecsdk.so@0x22554]		cbz	w3, #52	W3=0x49
0x70225ff558[libsecsdk.so@0x22558]		sub	w3, w3, #66	W3=0x49
0x70225ff55c[libsecsdk.so@0x2255c]		cmp	w3, #25	W3=0x7
0x70225ff560[libsecsdk.so@0x22560]		b.hi	#-16	
0x70225ff564[libsecsdk.so@0x22564]		ldrb	w0, [x1, w3, uxtw]	X1=0x702260deb0 W3=0x7
0x70225ff568[libsecsdk.so@0x22568]		adr	x2, #12	
0x70225ff56c[libsecsdk.so@0x2256c]		add	x0, x2, w0, sxtb #2	X2=0x70225ff574 W0=0x0
0x70225ff570[libsecsdk.so@0x22570]		br	x0	X0=0x70225ff574
0x70225ff574[libsecsdk.so@0x22574]		ldr	w0, [x21, w19, sxtw #2]	X21=0x7022b26650 W19=0x1
0x70225ff578[libsecsdk.so@0x22578]		add	w19, w19, #1	W19=0x1
0x70225ff57c[libsecsdk.so@0x2257c]		str	w0, [x5], #8	W0=0x1 X5=0x7022b26630
0x70225ff580[libsecsdk.so@0x22580]		ldrb	w3, [x4, #1]!	X4=0x702489f831
0x70225ff584[libsecsdk.so@0x22584]		cbnz	w3, #-44	W3=0x4c
0x70225ff558[libsecsdk.so@0x22558]		sub	w3, w3, #66	W3=0x4c
0x70225ff55c[libsecsdk.so@0x2255c]		cmp	w3, #25	W3=0xa
0x70225ff560[libsecsdk.so@0x22560]		b.hi	#-16	
0x70225ff564[libsecsdk.so@0x22564]		ldrb	w0, [x1, w3, uxtw]	X1=0x702260deb0 W3=0xa
0x70225ff568[libsecsdk.so@0x22568]		adr	x2, #12	
0x70225ff56c[libsecsdk.so@0x2256c]		add	x0, x2, w0, sxtb #2	X2=0x70225ff574 W0=0x18
0x70225ff570[libsecsdk.so@0x22570]		br	x0	X0=0x70225ff5d4
0x70225ff5d4[libsecsdk.so@0x225d4]		ldr	x0, [x23, w19, sxtw #3]	X23=0x708a9fe560 W19=0x2
0x70225ff5d8[libsecsdk.so@0x225d8]		add	w19, w19, #1	W19=0x2
0x70225ff5dc[libsecsdk.so@0x225dc]		str	x0, [x5], #8	X0=0x59 X5=0x7022b26638
0x70225ff5e0[libsecsdk.so@0x225e0]		b	#-144	
0x70225ff550[libsecsdk.so@0x22550]		ldrb	w3, [x4, #1]!	X4=0x702489f832
0x70225ff554[libsecsdk.so@0x22554]		cbz	w3, #52	W3=0x0
0x70225ff588[libsecsdk.so@0x22588]		mov	x0, x22	X22=0x7022b26630
0x70225ff58c[libsecsdk.so@0x2258c]		ldp	x19, x20, [sp]	SP=0x708b79ee40
0x70225ff590[libsecsdk.so@0x22590]		ldp	x21, x22, [sp, #16]	SP=0x708b79ee40
0x70225ff594[libsecsdk.so@0x22594]		ldp	x23, x30, [sp, #32]	SP=0x708b79ee40
0x70225ff598[libsecsdk.so@0x22598]		add	sp, sp, #64	SP=0x708b79ee40
0x70225ff59c[libsecsdk.so@0x2259c]		ret	LR=0x7022601984
0x7022601984[libsecsdk.so@0x24984]		mov	x20, x0	X0=0x7022b26630
0x7022601988[libsecsdk.so@0x24988]		ldrb	w1, [x19]	X19=0x702489f80d
0x702260198c[libsecsdk.so@0x2498c]		sub	w1, w1, #66	W1=0x56
0x7022601990[libsecsdk.so@0x24990]		cmp	w1, #25	W1=0x14
0x7022601994[libsecsdk.so@0x24994]		b.hi	#72	
0x7022601998[libsecsdk.so@0x24998]		adrp	x0, #49152	
0x702260199c[libsecsdk.so@0x2499c]		add	x0, x0, #3944	X0=0x702260d000
0x70226019a0[libsecsdk.so@0x249a0]		ldrh	w0, [x0, w1, uxtw #1]	X0=0x702260df68 W1=0x14
0x70226019a4[libsecsdk.so@0x249a4]		adr	x1, #12	
0x70226019a8[libsecsdk.so@0x249a8]		add	x0, x1, w0, sxth #2	X1=0x70226019b0 W0=0xbc
0x70226019ac[libsecsdk.so@0x249ac]		br	x0	X0=0x7022601ca0
0x7022601ca0[libsecsdk.so@0x24ca0]		fmov	w0, s13	
0x7022601ca4[libsecsdk.so@0x24ca4]		cbnz	w0, #504	W0=0x0
0x7022601ca8[libsecsdk.so@0x24ca8]		ldr	x4, [x21]	X21=0x708a819500
0x7022601cac[libsecsdk.so@0x24cac]		mov	x0, x21	X21=0x708a819500
0x7022601cb0[libsecsdk.so@0x24cb0]		cbz	w26, #28	W26=0x0
0x7022601ccc[libsecsdk.so@0x24ccc]		fmov	x1, d12	
0x7022601cd0[libsecsdk.so@0x24cd0]		ldr	x4, [x4, #504]	X4=0x70967d16a0
0x7022601cd4[libsecsdk.so@0x24cd4]		fmov	x2, d9	
0x7022601cd8[libsecsdk.so@0x24cd8]		mov	x3, x20	X20=0x7022b26630
0x7022601cdc[libsecsdk.so@0x24cdc]		blr	x4	X4=0x70965a60dc SP=0x708b79ee80
0x7022601ce0[libsecsdk.so@0x24ce0]		b	#-772	
0x70226019dc[libsecsdk.so@0x249dc]		cbz	x20, #12	X20=0x7022b26630
0x70226019e0[libsecsdk.so@0x249e0]		mov	x0, x20	X20=0x7022b26630
0x70226019e4[libsecsdk.so@0x249e4]		bl	#14480	SP=0x708b79ee80
0x7022605274[libsecsdk.so@0x28274]		b	#-12	
0x7022605268[libsecsdk.so@0x28268]		cbz	x0, #8	X0=0x7022b26630
0x702260526c[libsecsdk.so@0x2826c]		b	#-128940	
0x70225e5ac0[libsecsdk.so@0x8ac0]		adrp	x16, #266240	
0x70225e5ac4[libsecsdk.so@0x8ac4]		ldr	x17, [x16, #3760]	X16=0x7022626000
0x70225e5ac8[libsecsdk.so@0x8ac8]		add	x16, x16, #3760	X16=0x7022626000
0x70225e5acc[libsecsdk.so@0x8acc]		br	x17	X17=0x711abd42bc
0x70226019e8[libsecsdk.so@0x249e8]		cbz	x27, #12	X27=0x708a9fe280
0x70226019ec[libsecsdk.so@0x249ec]		mov	x0, x27	X27=0x708a9fe280
0x70226019f0[libsecsdk.so@0x249f0]		bl	#14468	SP=0x708b79ee80
0x7022605274[libsecsdk.so@0x28274]		b	#-12	
0x7022605268[libsecsdk.so@0x28268]		cbz	x0, #8	X0=0x708a9fe280
0x702260526c[libsecsdk.so@0x2826c]		b	#-128940	
0x70225e5ac0[libsecsdk.so@0x8ac0]		adrp	x16, #266240	
0x70225e5ac4[libsecsdk.so@0x8ac4]		ldr	x17, [x16, #3760]	X16=0x7022626000
0x70225e5ac8[libsecsdk.so@0x8ac8]		add	x16, x16, #3760	X16=0x7022626000
0x70225e5acc[libsecsdk.so@0x8acc]		br	x17	X17=0x711abd42bc
0x70226019f4[libsecsdk.so@0x249f4]		ldr	x2, [x21]	X21=0x708a819500
0x70226019f8[libsecsdk.so@0x249f8]		mov	x0, x21	X21=0x708a819500
0x70226019fc[libsecsdk.so@0x249fc]		mov	x1, x28	X28=0x49
0x7022601a00[libsecsdk.so@0x24a00]		ldr	x2, [x2, #184]	X2=0x70967d16a0
0x7022601a04[libsecsdk.so@0x24a04]		blr	x2	X2=0x7096594834 SP=0x708b79ee80
0x7022601a08[libsecsdk.so@0x24a08]		mov	x0, x24	X24=0x0
0x7022601a0c[libsecsdk.so@0x24a0c]		ldp	x19, x20, [sp]	SP=0x708b79ee80
0x7022601a10[libsecsdk.so@0x24a10]		ldp	d8, d9, [sp, #88]	SP=0x708b79ee80
0x7022601a14[libsecsdk.so@0x24a14]		ldp	x21, x22, [sp, #16]	SP=0x708b79ee80
0x7022601a18[libsecsdk.so@0x24a18]		ldp	d10, d11, [sp, #104]	SP=0x708b79ee80
0x7022601a1c[libsecsdk.so@0x24a1c]		ldp	x23, x24, [sp, #32]	SP=0x708b79ee80
0x7022601a20[libsecsdk.so@0x24a20]		ldp	d12, d13, [sp, #120]	SP=0x708b79ee80
0x7022601a24[libsecsdk.so@0x24a24]		ldp	x25, x26, [sp, #48]	SP=0x708b79ee80
0x7022601a28[libsecsdk.so@0x24a28]		ldp	x27, x28, [sp, #64]	SP=0x708b79ee80
0x7022601a2c[libsecsdk.so@0x24a2c]		ldr	x30, [sp, #80]	SP=0x708b79ee80
0x7022601a30[libsecsdk.so@0x24a30]		ldr	d14, [sp, #136]	SP=0x708b79ee80
0x7022601a34[libsecsdk.so@0x24a34]		add	sp, sp, #160	SP=0x708b79ee80
0x7022601a38[libsecsdk.so@0x24a38]		ret	LR=0x70225f65a8
0x70225f65a8[libsecsdk.so@0x195a8]		ldr	x1, [x20]	X20=0x708a819500
0x70225f65ac[libsecsdk.so@0x195ac]		fmov	d11, x0	X0=0x0
0x70225f65b0[libsecsdk.so@0x195b0]		mov	x0, x20	X20=0x708a819500
0x70225f65b4[libsecsdk.so@0x195b4]		ldr	x1, [x1, #1824]	X1=0x70967d16a0
0x70225f65b8[libsecsdk.so@0x195b8]		blr	x1	X1=0x70965ebe7c SP=0x708b79ef20
0x70225f65bc[libsecsdk.so@0x195bc]		uxtb	w0, w0	W0=0x0
0x70225f65c0[libsecsdk.so@0x195c0]		ldr	x8, [sp, #192]	SP=0x708b79ef20
0x70225f65c4[libsecsdk.so@0x195c4]		cbnz	w0, #-876	W0=0x0
0x70225f65c8[libsecsdk.so@0x195c8]		ldrb	w0, [x8]	X8=0x708b79f03f
0x70225f65cc[libsecsdk.so@0x195cc]		cbz	w0, #44	W0=0x0
0x70225f65f8[libsecsdk.so@0x195f8]		mov	x0, x28	X28=0x7022b26650
0x70225f65fc[libsecsdk.so@0x195fc]		bl	#60536	SP=0x708b79ef20
0x7022605274[libsecsdk.so@0x28274]		b	#-12	
0x7022605268[libsecsdk.so@0x28268]		cbz	x0, #8	X0=0x7022b26650
0x702260526c[libsecsdk.so@0x2826c]		b	#-128940	
0x70225e5ac0[libsecsdk.so@0x8ac0]		adrp	x16, #266240	
0x70225e5ac4[libsecsdk.so@0x8ac4]		ldr	x17, [x16, #3760]	X16=0x7022626000
0x70225e5ac8[libsecsdk.so@0x8ac8]		add	x16, x16, #3760	X16=0x7022626000
0x70225e5acc[libsecsdk.so@0x8acc]		br	x17	X17=0x711abd42bc
0x70225f6600[libsecsdk.so@0x19600]		mov	x0, x19	X19=0x708a9fe560
0x70225f6604[libsecsdk.so@0x19604]		bl	#60528	SP=0x708b79ef20
0x7022605274[libsecsdk.so@0x28274]		b	#-12	
0x7022605268[libsecsdk.so@0x28268]		cbz	x0, #8	X0=0x708a9fe560
0x702260526c[libsecsdk.so@0x2826c]		b	#-128940	
0x70225e5ac0[libsecsdk.so@0x8ac0]		adrp	x16, #266240	
0x70225e5ac4[libsecsdk.so@0x8ac4]		ldr	x17, [x16, #3760]	X16=0x7022626000
0x70225e5ac8[libsecsdk.so@0x8ac8]		add	x16, x16, #3760	X16=0x7022626000
0x70225e5acc[libsecsdk.so@0x8acc]		br	x17	X17=0x711abd42bc
0x70225f6608[libsecsdk.so@0x19608]		ldr	x1, [x27]	X27=0x708b79f040
0x70225f660c[libsecsdk.so@0x1960c]		add	x0, x21, #928	X21=0x7022625000
0x70225f6610[libsecsdk.so@0x19610]		add	x2, x1, #6	X1=0x711b5b7374
0x70225f6614[libsecsdk.so@0x19614]		str	x2, [x27]	X2=0x711b5b737a X27=0x708b79f040
0x70225f6618[libsecsdk.so@0x19618]		ldrh	w19, [x1, #6]	X1=0x711b5b7374
0x70225f661c[libsecsdk.so@0x1961c]		uxtb	w1, w19	W19=0x106e
0x70225f6620[libsecsdk.so@0x19620]		ldr	x0, [x0, w1, sxtw #3]	X0=0x70226253a0 W1=0x6e
0x70225f6624[libsecsdk.so@0x19624]		br	x0	X0=0x70225f6628
0x70225f6628[libsecsdk.so@0x19628]		ldr	x0, [x27]	X27=0x708b79f040
0x70225f662c[libsecsdk.so@0x1962c]		asr	w1, w19, #12	W19=0x106e
0x70225f6630[libsecsdk.so@0x19630]		fmov	w2, s9	
0x70225f6634[libsecsdk.so@0x19634]		str	w1, [sp, #192]	W1=0x1 SP=0x708b79ef20
0x70225f6638[libsecsdk.so@0x19638]		ldrh	w3, [x0, #4]	X0=0x711b5b737a
0x70225f663c[libsecsdk.so@0x1963c]		ldrh	w6, [x0, #2]	X0=0x711b5b737a
0x70225f6640[libsecsdk.so@0x19640]		mov	w7, w2	W2=0x8
0x70225f6644[libsecsdk.so@0x19644]		and	w4, w3, #0xf	W3=0x6
0x70225f6648[libsecsdk.so@0x19648]		asr	w2, w19, #8	W19=0x106e
0x70225f664c[libsecsdk.so@0x1964c]		sxtw	x19, w1	X1=0x1
0x70225f6650[libsecsdk.so@0x19650]		add	x1, x7, w4, uxtw #1	X7=0x8 W4=0x6
0x70225f6654[libsecsdk.so@0x19654]		lsl	x1, x1, #2	X1=0x14
0x70225f6658[libsecsdk.so@0x19658]		fmov	s8, w2	W2=0x10
0x70225f665c[libsecsdk.so@0x1965c]		lsl	x0, x19, #2	X19=0x1
0x70225f6660[libsecsdk.so@0x19660]		str	x6, [sp, #240]	X6=0x31 SP=0x708b79ef20
0x70225f6664[libsecsdk.so@0x19664]		ldr	x12, [x25, x1]	X25=0x708a8893c0 X1=0x50
0x70225f6668[libsecsdk.so@0x19668]		str	x3, [sp, #232]	X3=0x6 SP=0x708b79ef20
0x70225f666c[libsecsdk.so@0x1966c]		str	x7, [sp, #224]	X7=0x8 SP=0x708b79ef20
0x70225f6670[libsecsdk.so@0x19670]		str	x4, [sp, #216]	X4=0x6 SP=0x708b79ef20
0x70225f6674[libsecsdk.so@0x19674]		str	x12, [sp, #208]	X12=0x2866 SP=0x708b79ef20
0x70225f6678[libsecsdk.so@0x19678]		bl	#63348	SP=0x708b79ef20
0x7022605dec[libsecsdk.so@0x28dec]		stp	x29, x30, [sp, #-16]!	FP=0x708b79f600 LR=0x70225f667c SP=0x708b79ef20
0x7022605df0[libsecsdk.so@0x28df0]		mov	x29, sp	SP=0x708b79ef10
0x7022605df4[libsecsdk.so@0x28df4]		bl	#-212	SP=0x708b79ef10
0x7022605d20[libsecsdk.so@0x28d20]		stp	x29, x30, [sp, #-32]!	FP=0x708b79ef10 LR=0x7022605df8 SP=0x708b79ef10
0x7022605d24[libsecsdk.so@0x28d24]		mov	x29, sp	SP=0x708b79eef0
0x7022605d28[libsecsdk.so@0x28d28]		stp	x19, x20, [sp, #16]	X19=0x1 X20=0x708a819500 SP=0x708b79eef0
0x7022605d2c[libsecsdk.so@0x28d2c]		mov	x19, x0	X0=0x4
0x7022605d30[libsecsdk.so@0x28d30]		adrp	x20, #139264	
0x7022605d34[libsecsdk.so@0x28d34]		b	#32	
0x7022605d54[libsecsdk.so@0x28d54]		mov	x0, x19	X19=0x4
0x7022605d58[libsecsdk.so@0x28d58]		bl	#-132552	SP=0x708b79eef0
0x70225e5790[libsecsdk.so@0x8790]		adrp	x16, #266240	
0x70225e5794[libsecsdk.so@0x8794]		ldr	x17, [x16, #3352]	X16=0x7022626000
0x70225e5798[libsecsdk.so@0x8798]		add	x16, x16, #3352	X16=0x7022626000
0x70225e579c[libsecsdk.so@0x879c]		br	x17	X17=0x711abd432c
0x7022605d5c[libsecsdk.so@0x28d5c]		cbz	x0, #-36	X0=0x708a81f930
0x7022605d60[libsecsdk.so@0x28d60]		ldp	x19, x20, [sp, #16]	SP=0x708b79eef0
0x7022605d64[libsecsdk.so@0x28d64]		ldp	x29, x30, [sp], #32	SP=0x708b79eef0
0x7022605d68[libsecsdk.so@0x28d68]		ret	LR=0x7022605df8
0x7022605df8[libsecsdk.so@0x28df8]		ldp	x29, x30, [sp], #16	SP=0x708b79ef10
0x7022605dfc[libsecsdk.so@0x28dfc]		ret	LR=0x70225f667c
0x70225f667c[libsecsdk.so@0x1967c]		mov	x28, x0	X0=0x708a81f930
0x70225f6680[libsecsdk.so@0x19680]		lsl	x0, x19, #3	X19=0x1
0x70225f6684[libsecsdk.so@0x19684]		bl	#63336	SP=0x708b79ef20
0x7022605dec[libsecsdk.so@0x28dec]		stp	x29, x30, [sp, #-16]!	FP=0x708b79f600 LR=0x70225f6688 SP=0x708b79ef20
0x7022605df0[libsecsdk.so@0x28df0]		mov	x29, sp	SP=0x708b79ef10
0x7022605df4[libsecsdk.so@0x28df4]		bl	#-212	SP=0x708b79ef10
0x7022605d20[libsecsdk.so@0x28d20]		stp	x29, x30, [sp, #-32]!	FP=0x708b79ef10 LR=0x7022605df8 SP=0x708b79ef10
0x7022605d24[libsecsdk.so@0x28d24]		mov	x29, sp	SP=0x708b79eef0
0x7022605d28[libsecsdk.so@0x28d28]		stp	x19, x20, [sp, #16]	X19=0x1 X20=0x708a819500 SP=0x708b79eef0
0x7022605d2c[libsecsdk.so@0x28d2c]		mov	x19, x0	X0=0x8
0x7022605d30[libsecsdk.so@0x28d30]		adrp	x20, #139264	
0x7022605d34[libsecsdk.so@0x28d34]		b	#32	
0x7022605d54[libsecsdk.so@0x28d54]		mov	x0, x19	X19=0x8
0x7022605d58[libsecsdk.so@0x28d58]		bl	#-132552	SP=0x708b79eef0
0x70225e5790[libsecsdk.so@0x8790]		adrp	x16, #266240	
0x70225e5794[libsecsdk.so@0x8794]		ldr	x17, [x16, #3352]	X16=0x7022626000
0x70225e5798[libsecsdk.so@0x8798]		add	x16, x16, #3352	X16=0x7022626000
0x70225e579c[libsecsdk.so@0x879c]		br	x17	X17=0x711abd432c
0x7022605d5c[libsecsdk.so@0x28d5c]		cbz	x0, #-36	X0=0x708a81f910
0x7022605d60[libsecsdk.so@0x28d60]		ldp	x19, x20, [sp, #16]	SP=0x708b79eef0
0x7022605d64[libsecsdk.so@0x28d64]		ldp	x29, x30, [sp], #32	SP=0x708b79eef0
0x7022605d68[libsecsdk.so@0x28d68]		ret	LR=0x7022605df8
0x7022605df8[libsecsdk.so@0x28df8]		ldp	x29, x30, [sp], #16	SP=0x708b79ef10
0x7022605dfc[libsecsdk.so@0x28dfc]		ret	LR=0x70225f6688
0x70225f6688[libsecsdk.so@0x19688]		mov	x19, x0	X0=0x708a81f910
0x70225f668c[libsecsdk.so@0x1968c]		ldr	x2, [sp, #192]	SP=0x708b79ef20
0x70225f6690[libsecsdk.so@0x19690]		mov	w1, #0	
0x70225f6694[libsecsdk.so@0x19694]		mov	x0, x28	X28=0x708a81f930
0x70225f6698[libsecsdk.so@0x19698]		ubfiz	x2, x2, #2, #4	X2=0x7000000001
0x70225f669c[libsecsdk.so@0x1969c]		bl	#-68940	SP=0x708b79ef20
0x70225e5950[libsecsdk.so@0x8950]		adrp	x16, #266240	
0x70225e5954[libsecsdk.so@0x8954]		ldr	x17, [x16, #3576]	X16=0x7022626000
0x70225e5958[libsecsdk.so@0x8958]		add	x16, x16, #3576	X16=0x7022626000
0x70225e595c[libsecsdk.so@0x895c]		br	x17	X17=0x711ac12340
0x70225f66a0[libsecsdk.so@0x196a0]		ldr	x2, [sp, #192]	SP=0x708b79ef20
0x70225f66a4[libsecsdk.so@0x196a4]		mov	w1, #0	
0x70225f66a8[libsecsdk.so@0x196a8]		mov	x0, x19	X19=0x708a81f910
0x70225f66ac[libsecsdk.so@0x196ac]		ubfiz	x2, x2, #3, #4	X2=0x7000000001
0x70225f66b0[libsecsdk.so@0x196b0]		bl	#-68960	SP=0x708b79ef20
0x70225e5950[libsecsdk.so@0x8950]		adrp	x16, #266240	
0x70225e5954[libsecsdk.so@0x8954]		ldr	x17, [x16, #3576]	X16=0x7022626000
0x70225e5958[libsecsdk.so@0x8958]		add	x16, x16, #3576	X16=0x7022626000
0x70225e595c[libsecsdk.so@0x895c]		br	x17	X17=0x711ac12340
0x70225f66b4[libsecsdk.so@0x196b4]		ldr	w1, [sp, #192]	SP=0x708b79ef20
0x70225f66b8[libsecsdk.so@0x196b8]		ldr	x12, [sp, #208]	SP=0x708b79ef20
0x70225f66bc[libsecsdk.so@0x196bc]		sub	w0, w1, #1	W1=0x1
0x70225f66c0[libsecsdk.so@0x196c0]		ldr	x4, [sp, #216]	SP=0x708b79ef20
0x70225f66c4[libsecsdk.so@0x196c4]		cmp	w0, #4	W0=0x0
0x70225f66c8[libsecsdk.so@0x196c8]		ldr	x7, [sp, #224]	SP=0x708b79ef20
0x70225f66cc[libsecsdk.so@0x196cc]		ldr	x3, [sp, #232]	SP=0x708b79ef20
0x70225f66d0[libsecsdk.so@0x196d0]		ldr	x6, [sp, #240]	SP=0x708b79ef20
0x70225f66d4[libsecsdk.so@0x196d4]		b.hi	#-364	
0x70225f66d8[libsecsdk.so@0x196d8]		adrp	x1, #94208	
0x70225f66dc[libsecsdk.so@0x196dc]		add	x1, x1, #3436	X1=0x702260d000
0x70225f66e0[libsecsdk.so@0x196e0]		ldrh	w0, [x1, w0, uxtw #1]	X1=0x702260dd6c W0=0x0
0x70225f66e4[libsecsdk.so@0x196e4]		adr	x1, #12	
0x70225f66e8[libsecsdk.so@0x196e8]		add	x0, x1, w0, sxth #2	X1=0x70225f66f0 W0=0x18ba
0x70225f66ec[libsecsdk.so@0x196ec]		br	x0	X0=0x70225fc9d8
0x70225fc9d8[libsecsdk.so@0x1f9d8]		ubfiz	x4, x4, #2, #4	X4=0x6
0x70225fc9dc[libsecsdk.so@0x1f9dc]		ldr	w0, [x25, x4]	X25=0x708a8893c0 X4=0x18
0x70225fc9e0[libsecsdk.so@0x1f9e0]		str	w0, [x28]	W0=0x2866 X28=0x708a81f930
0x70225fc9e4[libsecsdk.so@0x1f9e4]		str	x12, [x19]	X12=0x2866 X19=0x708a81f910
0x70225fc9e8[libsecsdk.so@0x1f9e8]		b	#-25728	
0x70225f6568[libsecsdk.so@0x19568]		mov	x1, x12	X12=0x2866
0x70225f656c[libsecsdk.so@0x1956c]		cbz	x12, #392	X12=0x2866
0x70225f6570[libsecsdk.so@0x19570]		ldr	w5, [sp, #192]	SP=0x708b79ef20
0x70225f6574[libsecsdk.so@0x19574]		add	x8, sp, #287	SP=0x708b79ef20
0x70225f6578[libsecsdk.so@0x19578]		mov	w7, #0	
0x70225f657c[libsecsdk.so@0x1957c]		str	x8, [sp, #16]	X8=0x708b79f03f SP=0x708b79ef20
0x70225f6580[libsecsdk.so@0x19580]		mov	x1, x20	X20=0x708a819500
0x70225f6584[libsecsdk.so@0x19584]		mov	x2, x12	X12=0x2866
0x70225f6588[libsecsdk.so@0x19588]		mov	x3, x28	X28=0x708a81f930
0x70225f658c[libsecsdk.so@0x1958c]		mov	x4, x19	X19=0x708a81f910
0x70225f6590[libsecsdk.so@0x19590]		strb	w7, [sp]	W7=0x0 SP=0x708b79ef20
0x70225f6594[libsecsdk.so@0x19594]		mov	x0, x24	X24=0x708a81f3e8
0x70225f6598[libsecsdk.so@0x19598]		strb	w7, [sp, #8]	W7=0x0 SP=0x708b79ef20
0x70225f659c[libsecsdk.so@0x1959c]		str	x8, [sp, #192]	X8=0x708b79f03f SP=0x708b79ef20
0x70225f65a0[libsecsdk.so@0x195a0]		strb	w7, [sp, #287]	W7=0x0 SP=0x708b79ef20
0x70225f65a4[libsecsdk.so@0x195a4]		bl	#45624	SP=0x708b79ef20
0x70226017dc[libsecsdk.so@0x247dc]		sub	sp, sp, #160	SP=0x708b79ef20
0x70226017e0[libsecsdk.so@0x247e0]		uxtb	w7, w7	W7=0x0
0x70226017e4[libsecsdk.so@0x247e4]		ubfiz	x6, x6, #3, #32	X6=0x31
0x70226017e8[libsecsdk.so@0x247e8]		stp	d8, d9, [sp, #88]	SP=0x708b79ee80
0x70226017ec[libsecsdk.so@0x247ec]		str	d14, [sp, #136]	SP=0x708b79ee80
0x70226017f0[libsecsdk.so@0x247f0]		stp	d12, d13, [sp, #120]	SP=0x708b79ee80
0x70226017f4[libsecsdk.so@0x247f4]		stp	x19, x20, [sp]	X19=0x708a81f910 X20=0x708a819500 SP=0x708b79ee80
0x70226017f8[libsecsdk.so@0x247f8]		stp	d10, d11, [sp, #104]	SP=0x708b79ee80
0x70226017fc[libsecsdk.so@0x247fc]		stp	x23, x24, [sp, #32]	X23=0x708b79f068 X24=0x708a81f3e8 SP=0x708b79ee80
0x7022601800[libsecsdk.so@0x24800]		stp	x25, x26, [sp, #48]	X25=0x708a8893c0 X26=0x70228b8c00 SP=0x708b79ee80
0x7022601804[libsecsdk.so@0x24804]		stp	x21, x22, [sp, #16]	X21=0x7022625000 X22=0x708b79f088 SP=0x708b79ee80
0x7022601808[libsecsdk.so@0x24808]		stp	x27, x28, [sp, #64]	X27=0x708b79f040 X28=0x708a81f930 SP=0x708b79ee80
0x702260180c[libsecsdk.so@0x2480c]		str	x30, [sp, #80]	LR=0x70225f65a8 SP=0x708b79ee80
0x7022601810[libsecsdk.so@0x24810]		mov	x24, #0	
0x7022601814[libsecsdk.so@0x24814]		fmov	s13, w7	W7=0x0
0x7022601818[libsecsdk.so@0x24818]		ldrb	w7, [sp, #168]	SP=0x708b79ee80
0x702260181c[libsecsdk.so@0x2481c]		ldr	x8, [x0]	X0=0x708a81f3e8
0x7022601820[libsecsdk.so@0x24820]		ldrb	w26, [sp, #160]	SP=0x708b79ee80
0x7022601824[libsecsdk.so@0x24824]		fmov	s8, w7	W7=0x0
0x7022601828[libsecsdk.so@0x24828]		ldr	x7, [x8, #40]	X8=0x7022a969c0
0x702260182c[libsecsdk.so@0x2482c]		adds	x19, x7, x6	X7=0x702489e5f0 X6=0x188
0x7022601830[libsecsdk.so@0x24830]		b.eq	#472	
0x7022601834[libsecsdk.so@0x24834]		ldr	w10, [x19, #4]	X19=0x702489e778
0x7022601838[libsecsdk.so@0x24838]		ldr	x9, [x8, #16]	X8=0x7022a969c0
0x702260183c[libsecsdk.so@0x2483c]		ldr	x20, [x8, #88]	X8=0x7022a969c0
0x7022601840[libsecsdk.so@0x24840]		ldr	w8, [x9, x10, lsl #2]	X9=0x702489e070 X10=0x6c
0x7022601844[libsecsdk.so@0x24844]		add	x20, x20, x8	X20=0x702489e000 X8=0x1a36
0x7022601848[libsecsdk.so@0x24848]		ldrsb	w8, [x20], #1	X20=0x702489fa36
0x702260184c[libsecsdk.so@0x2484c]		tbnz	w8, #31, #-4	W8=0x8
0x7022601850[libsecsdk.so@0x24850]		fmov	d12, x2	X2=0x2866
0x7022601854[libsecsdk.so@0x24854]		mov	x21, x1	X1=0x708a819500
0x7022601858[libsecsdk.so@0x24858]		fmov	s14, w5	W5=0x1
0x702260185c[libsecsdk.so@0x2485c]		ldrh	w1, [x19, #2]	X19=0x702489e778
0x7022601860[libsecsdk.so@0x24860]		fmov	d11, x4	X4=0x708a81f910
0x7022601864[libsecsdk.so@0x24864]		mov	x22, x0	X0=0x708a81f3e8
0x7022601868[libsecsdk.so@0x24868]		fmov	d10, x3	X3=0x708a81f930
0x702260186c[libsecsdk.so@0x2486c]		str	x7, [sp, #152]	X7=0x702489e5f0 SP=0x708b79ee80
0x7022601870[libsecsdk.so@0x24870]		str	x6, [sp, #144]	X6=0x188 SP=0x708b79ee80
0x7022601874[libsecsdk.so@0x24874]		bl	#-9560	SP=0x708b79ee80
0x70225ff31c[libsecsdk.so@0x2231c]		sub	sp, sp, #96	SP=0x708b79ee80
0x70225ff320[libsecsdk.so@0x22320]		mov	w1, w1	W1=0x20
0x70225ff324[libsecsdk.so@0x22324]		add	x1, x1, x1, lsl #1	X1=0x20 X1=0x20
0x70225ff328[libsecsdk.so@0x22328]		stp	x21, x22, [sp, #16]	X21=0x708a819500 X22=0x708a81f3e8 SP=0x708b79ee20
0x70225ff32c[libsecsdk.so@0x2232c]		stp	x19, x20, [sp]	X19=0x702489e778 X20=0x702489fa37 SP=0x708b79ee20
0x70225ff330[libsecsdk.so@0x22330]		stp	x23, x24, [sp, #32]	X23=0x708b79f068 X24=0x0 SP=0x708b79ee20
0x70225ff334[libsecsdk.so@0x22334]		stp	x25, x26, [sp, #48]	X25=0x708a8893c0 X26=0x0 SP=0x708b79ee20
0x70225ff338[libsecsdk.so@0x22338]		stp	x27, x28, [sp, #64]	X27=0x708b79f040 X28=0x708a81f930 SP=0x708b79ee20
0x70225ff33c[libsecsdk.so@0x2233c]		str	x30, [sp, #80]	LR=0x7022601878 SP=0x708b79ee20
0x70225ff340[libsecsdk.so@0x22340]		mov	x22, x0	X0=0x708a81f3e8
0x70225ff344[libsecsdk.so@0x22344]		ldr	x0, [x0]	X0=0x708a81f3e8
0x70225ff348[libsecsdk.so@0x22348]		ldr	x23, [x0, #48]	X0=0x7022a969c0
0x70225ff34c[libsecsdk.so@0x2234c]		add	x23, x23, x1, lsl #2	X23=0x702489e3e4 X1=0x60
0x70225ff350[libsecsdk.so@0x22350]		ldr	w1, [x23, #8]	X23=0x702489e564
0x70225ff354[libsecsdk.so@0x22354]		cbnz	w1, #272	W1=0x0
0x70225ff358[libsecsdk.so@0x22358]		mov	x26, #0	
0x70225ff35c[libsecsdk.so@0x2235c]		ldr	x21, [x0, #88]	X0=0x7022a969c0
0x70225ff360[libsecsdk.so@0x22360]		ldr	x27, [x0, #24]	X0=0x7022a969c0
0x70225ff364[libsecsdk.so@0x22364]		mov	w25, w26	W26=0x0
0x70225ff368[libsecsdk.so@0x22368]		ldr	x28, [x0, #16]	X0=0x7022a969c0
0x70225ff36c[libsecsdk.so@0x2236c]		mov	x20, #3	
0x70225ff370[libsecsdk.so@0x22370]		ldr	w0, [x23, #4]	X23=0x702489e564
0x70225ff374[libsecsdk.so@0x22374]		ldr	w0, [x27, x0, lsl #2]	X27=0x702489e35c X0=0x1f
0x70225ff378[libsecsdk.so@0x22378]		ldr	w1, [x28, x0, lsl #2]	X28=0x702489e070 X0=0x49
0x70225ff37c[libsecsdk.so@0x2237c]		add	x0, x21, x1	X21=0x702489e000 X1=0x1861
0x70225ff380[libsecsdk.so@0x22380]		ldrsb	w2, [x0], #1	X0=0x702489f861
0x70225ff384[libsecsdk.so@0x22384]		tbnz	w2, #31, #-4	W2=0x2
0x70225ff388[libsecsdk.so@0x22388]		bl	#-104712	SP=0x708b79ee20
0x70225e5a80[libsecsdk.so@0x8a80]		adrp	x16, #266240	
0x70225e5a84[libsecsdk.so@0x8a84]		ldr	x17, [x16, #3728]	X16=0x7022626000
0x70225e5a88[libsecsdk.so@0x8a88]		add	x16, x16, #3728	X16=0x7022626000
0x70225e5a8c[libsecsdk.so@0x8a8c]		br	x17	X17=0x711ac12960
0x70225ff38c[libsecsdk.so@0x2238c]		add	x0, x0, x20	X0=0x2 X20=0x3
0x70225ff390[libsecsdk.so@0x22390]		bl	#27228	SP=0x708b79ee20
0x7022605dec[libsecsdk.so@0x28dec]		stp	x29, x30, [sp, #-16]!	FP=0x708b79f600 LR=0x70225ff394 SP=0x708b79ee20
0x7022605df0[libsecsdk.so@0x28df0]		mov	x29, sp	SP=0x708b79ee10
0x7022605df4[libsecsdk.so@0x28df4]		bl	#-212	SP=0x708b79ee10
0x7022605d20[libsecsdk.so@0x28d20]		stp	x29, x30, [sp, #-32]!	FP=0x708b79ee10 LR=0x7022605df8 SP=0x708b79ee10
0x7022605d24[libsecsdk.so@0x28d24]		mov	x29, sp	SP=0x708b79edf0
0x7022605d28[libsecsdk.so@0x28d28]		stp	x19, x20, [sp, #16]	X19=0x702489e778 X20=0x3 SP=0x708b79edf0
0x7022605d2c[libsecsdk.so@0x28d2c]		mov	x19, x0	X0=0x5
0x7022605d30[libsecsdk.so@0x28d30]		adrp	x20, #139264	
0x7022605d34[libsecsdk.so@0x28d34]		b	#32	
0x7022605d54[libsecsdk.so@0x28d54]		mov	x0, x19	X19=0x5
0x7022605d58[libsecsdk.so@0x28d58]		bl	#-132552	SP=0x708b79edf0
0x70225e5790[libsecsdk.so@0x8790]		adrp	x16, #266240	
0x70225e5794[libsecsdk.so@0x8794]		ldr	x17, [x16, #3352]	X16=0x7022626000
0x70225e5798[libsecsdk.so@0x8798]		add	x16, x16, #3352	X16=0x7022626000
0x70225e579c[libsecsdk.so@0x879c]		br	x17	X17=0x711abd432c
0x7022605d5c[libsecsdk.so@0x28d5c]		cbz	x0, #-36	X0=0x708a81f890
0x7022605d60[libsecsdk.so@0x28d60]		ldp	x19, x20, [sp, #16]	SP=0x708b79edf0
0x7022605d64[libsecsdk.so@0x28d64]		ldp	x29, x30, [sp], #32	SP=0x708b79edf0
0x7022605d68[libsecsdk.so@0x28d68]		ret	LR=0x7022605df8
0x7022605df8[libsecsdk.so@0x28df8]		ldp	x29, x30, [sp], #16	SP=0x708b79ee10
0x7022605dfc[libsecsdk.so@0x28dfc]		ret	LR=0x70225ff394
0x70225ff394[libsecsdk.so@0x22394]		mov	x24, x0	X0=0x708a81f890
0x70225ff398[libsecsdk.so@0x22398]		add	x21, x0, #1	X0=0x708a81f890
0x70225ff39c[libsecsdk.so@0x2239c]		mov	w0, #40	
0x70225ff3a0[libsecsdk.so@0x223a0]		strb	w0, [x24]	W0=0x28 X24=0x708a81f890
0x70225ff3a4[libsecsdk.so@0x223a4]		cbz	w25, #96	W25=0x0
0x70225ff404[libsecsdk.so@0x22404]		mov	w0, #41	
0x70225ff408[libsecsdk.so@0x22408]		strb	w0, [x21]	W0=0x29 X21=0x708a81f891
0x70225ff40c[libsecsdk.so@0x2240c]		add	x21, x21, #1	X21=0x708a81f891
0x70225ff410[libsecsdk.so@0x22410]		ldr	x0, [x22]	X22=0x708a81f3e8
0x70225ff414[libsecsdk.so@0x22414]		ldr	w3, [x23, #4]	X23=0x702489e564
0x70225ff418[libsecsdk.so@0x22418]		ldr	x2, [x0, #24]	X0=0x7022a969c0
0x70225ff41c[libsecsdk.so@0x2241c]		ldr	x1, [x0, #16]	X0=0x7022a969c0
0x70225ff420[libsecsdk.so@0x22420]		ldr	x0, [x0, #88]	X0=0x7022a969c0
0x70225ff424[libsecsdk.so@0x22424]		ldr	w2, [x2, x3, lsl #2]	X2=0x702489e35c X3=0x1f
0x70225ff428[libsecsdk.so@0x22428]		ldr	w1, [x1, x2, lsl #2]	X1=0x702489e070 X2=0x49
0x70225ff42c[libsecsdk.so@0x2242c]		add	x1, x0, x1	X0=0x702489e000 X1=0x1861
0x70225ff430[libsecsdk.so@0x22430]		ldrsb	w2, [x1], #1	X1=0x702489f861
0x70225ff434[libsecsdk.so@0x22434]		tbnz	w2, #31, #-4	W2=0x2
0x70225ff438[libsecsdk.so@0x22438]		mov	x0, x21	X21=0x708a81f892
0x70225ff43c[libsecsdk.so@0x2243c]		bl	#-105868	SP=0x708b79ee20
0x70225e56b0[libsecsdk.so@0x86b0]		adrp	x16, #266240	
0x70225e56b4[libsecsdk.so@0x86b4]		ldr	x17, [x16, #3240]	X16=0x7022626000
0x70225e56b8[libsecsdk.so@0x86b8]		add	x16, x16, #3240	X16=0x7022626000
0x70225e56bc[libsecsdk.so@0x86bc]		br	x17	X17=0x711ac12830
0x70225ff440[libsecsdk.so@0x22440]		mov	x0, x24	X24=0x708a81f890
0x70225ff444[libsecsdk.so@0x22444]		ldr	x30, [sp, #80]	SP=0x708b79ee20
0x70225ff448[libsecsdk.so@0x22448]		ldp	x19, x20, [sp]	SP=0x708b79ee20
0x70225ff44c[libsecsdk.so@0x2244c]		ldp	x21, x22, [sp, #16]	SP=0x708b79ee20
0x70225ff450[libsecsdk.so@0x22450]		ldp	x23, x24, [sp, #32]	SP=0x708b79ee20
0x70225ff454[libsecsdk.so@0x22454]		ldp	x25, x26, [sp, #48]	SP=0x708b79ee20
0x70225ff458[libsecsdk.so@0x22458]		ldp	x27, x28, [sp, #64]	SP=0x708b79ee20
0x70225ff45c[libsecsdk.so@0x2245c]		add	sp, sp, #96	SP=0x708b79ee20
0x70225ff460[libsecsdk.so@0x22460]		ret	LR=0x7022601878
0x7022601878[libsecsdk.so@0x24878]		ldrh	w23, [x19, #2]	X19=0x702489e778
0x702260187c[libsecsdk.so@0x2487c]		mov	x27, x0	X0=0x708a81f890
0x7022601880[libsecsdk.so@0x24880]		ldr	x0, [x22]	X22=0x708a81f3e8
0x7022601884[libsecsdk.so@0x24884]		ldr	x7, [sp, #152]	SP=0x708b79ee80
0x7022601888[libsecsdk.so@0x24888]		add	x23, x23, x23, lsl #1	X23=0x20 X23=0x20
0x702260188c[libsecsdk.so@0x2488c]		ldr	x6, [sp, #144]	SP=0x708b79ee80
0x7022601890[libsecsdk.so@0x24890]		ldr	x25, [x0, #48]	X0=0x7022a969c0
0x7022601894[libsecsdk.so@0x24894]		lsl	x23, x23, #2	X23=0x60
0x7022601898[libsecsdk.so@0x24898]		ldr	x2, [x0, #24]	X0=0x7022a969c0
0x702260189c[libsecsdk.so@0x2489c]		ldr	x1, [x0, #16]	X0=0x7022a969c0
0x70226018a0[libsecsdk.so@0x248a0]		ldr	x19, [x0, #88]	X0=0x7022a969c0
0x70226018a4[libsecsdk.so@0x248a4]		add	x0, x25, x23	X25=0x702489e3e4 X23=0x180
0x70226018a8[libsecsdk.so@0x248a8]		ldr	w0, [x0, #4]	X0=0x702489e564
0x70226018ac[libsecsdk.so@0x248ac]		ldr	w0, [x2, x0, lsl #2]	X2=0x702489e35c X0=0x1f
0x70226018b0[libsecsdk.so@0x248b0]		ldr	w0, [x1, x0, lsl #2]	X1=0x702489e070 X0=0x49
0x70226018b4[libsecsdk.so@0x248b4]		add	x19, x19, x0	X19=0x702489e000 X0=0x1861
0x70226018b8[libsecsdk.so@0x248b8]		ldrsb	w8, [x19], #1	X19=0x702489f861
0x70226018bc[libsecsdk.so@0x248bc]		tbnz	w8, #31, #-4	W8=0x2
0x70226018c0[libsecsdk.so@0x248c0]		ldrb	w1, [x19]	X19=0x702489f862
0x70226018c4[libsecsdk.so@0x248c4]		cmp	w1, #91	W1=0x5b
0x70226018c8[libsecsdk.so@0x248c8]		cset	w2, eq	
0x70226018cc[libsecsdk.so@0x248cc]		cmp	w1, #76	W1=0x5b
0x70226018d0[libsecsdk.so@0x248d0]		ldr	x1, [sp, #176]	SP=0x708b79ee80
0x70226018d4[libsecsdk.so@0x248d4]		cset	w0, eq	
0x70226018d8[libsecsdk.so@0x248d8]		orr	w0, w2, w0	W2=0x1 W0=0x0
0x70226018dc[libsecsdk.so@0x248dc]		strb	w0, [x1]	W0=0x1 X1=0x708b79f03f
0x70226018e0[libsecsdk.so@0x248e0]		fmov	w0, s8	
0x70226018e4[libsecsdk.so@0x248e4]		cbnz	w0, #424	W0=0x0
0x70226018e8[libsecsdk.so@0x248e8]		ldrh	w2, [x7, x6]	X7=0x702489e5f0 X6=0x188
0x70226018ec[libsecsdk.so@0x248ec]		mov	x0, x22	X22=0x708a81f3e8
0x70226018f0[libsecsdk.so@0x248f0]		mov	x1, x21	X21=0x708a819500
0x70226018f4[libsecsdk.so@0x248f4]		bl	#-11480	SP=0x708b79ee80
0x70225fec1c[libsecsdk.so@0x21c1c]		sub	sp, sp, #48	SP=0x708b79ee80
0x70225fec20[libsecsdk.so@0x21c20]		stp	x19, x20, [sp]	X19=0x702489f862 X20=0x702489fa37 SP=0x708b79ee50
0x70225fec24[libsecsdk.so@0x21c24]		str	x30, [sp, #16]	LR=0x70226018f8 SP=0x708b79ee50
0x70225fec28[libsecsdk.so@0x21c28]		ldr	x3, [x0]	X0=0x708a81f3e8
0x70225fec2c[libsecsdk.so@0x21c2c]		ldr	x5, [x3, #24]	X3=0x7022a969c0
0x70225fec30[libsecsdk.so@0x21c30]		ldr	x4, [x3, #16]	X3=0x7022a969c0
0x70225fec34[libsecsdk.so@0x21c34]		ldr	x0, [x3, #88]	X3=0x7022a969c0
0x70225fec38[libsecsdk.so@0x21c38]		ldr	w2, [x5, w2, uxtw #2]	X5=0x702489e35c W2=0x13
0x70225fec3c[libsecsdk.so@0x21c3c]		ldr	w2, [x4, x2, lsl #2]	X4=0x702489e070 X2=0x2e
0x70225fec40[libsecsdk.so@0x21c40]		add	x0, x0, x2	X0=0x702489e000 X2=0x16bd
0x70225fec44[libsecsdk.so@0x21c44]		ldrsb	w2, [x0], #1	X0=0x702489f6bd
0x70225fec48[libsecsdk.so@0x21c48]		tbnz	w2, #31, #-4	W2=0x12
0x70225fec4c[libsecsdk.so@0x21c4c]		str	x1, [sp, #40]	X1=0x708a819500 SP=0x708b79ee50
0x70225fec50[libsecsdk.so@0x21c50]		bl	#-2872	SP=0x708b79ee50
0x70225fe118[libsecsdk.so@0x21118]		sub	sp, sp, #64	SP=0x708b79ee50
0x70225fe11c[libsecsdk.so@0x2111c]		stp	x19, x20, [sp]	X19=0x702489f862 X20=0x702489fa37 SP=0x708b79ee10
0x70225fe120[libsecsdk.so@0x21120]		stp	x21, x22, [sp, #16]	X21=0x708a819500 X22=0x708a81f3e8 SP=0x708b79ee10
0x70225fe124[libsecsdk.so@0x21124]		str	x30, [sp, #32]	LR=0x70225fec54 SP=0x708b79ee10
0x70225fe128[libsecsdk.so@0x21128]		mov	x19, x0	X0=0x702489f6be
0x70225fe12c[libsecsdk.so@0x2112c]		bl	#-100012	SP=0x708b79ee10
0x70225e5a80[libsecsdk.so@0x8a80]		adrp	x16, #266240	
0x70225e5a84[libsecsdk.so@0x8a84]		ldr	x17, [x16, #3728]	X16=0x7022626000
0x70225e5a88[libsecsdk.so@0x8a88]		add	x16, x16, #3728	X16=0x7022626000
0x70225e5a8c[libsecsdk.so@0x8a8c]		br	x17	X17=0x711ac12960
0x70225fe130[libsecsdk.so@0x21130]		add	w2, w0, #1	W0=0x12
0x70225fe134[libsecsdk.so@0x21134]		mov	x22, x0	X0=0x12
0x70225fe138[libsecsdk.so@0x21138]		mov	w21, w0	W0=0x12
0x70225fe13c[libsecsdk.so@0x2113c]		mov	x0, x2	X2=0x13
0x70225fe140[libsecsdk.so@0x21140]		str	x2, [sp, #56]	X2=0x13 SP=0x708b79ee10
0x70225fe144[libsecsdk.so@0x21144]		bl	#31912	SP=0x708b79ee10
0x7022605dec[libsecsdk.so@0x28dec]		stp	x29, x30, [sp, #-16]!	FP=0x708b79f600 LR=0x70225fe148 SP=0x708b79ee10
0x7022605df0[libsecsdk.so@0x28df0]		mov	x29, sp	SP=0x708b79ee00
0x7022605df4[libsecsdk.so@0x28df4]		bl	#-212	SP=0x708b79ee00
0x7022605d20[libsecsdk.so@0x28d20]		stp	x29, x30, [sp, #-32]!	FP=0x708b79ee00 LR=0x7022605df8 SP=0x708b79ee00
0x7022605d24[libsecsdk.so@0x28d24]		mov	x29, sp	SP=0x708b79ede0
0x7022605d28[libsecsdk.so@0x28d28]		stp	x19, x20, [sp, #16]	X19=0x702489f6be X20=0x702489fa37 SP=0x708b79ede0
0x7022605d2c[libsecsdk.so@0x28d2c]		mov	x19, x0	X0=0x13
0x7022605d30[libsecsdk.so@0x28d30]		adrp	x20, #139264	
0x7022605d34[libsecsdk.so@0x28d34]		b	#32	
0x7022605d54[libsecsdk.so@0x28d54]		mov	x0, x19	X19=0x13
0x7022605d58[libsecsdk.so@0x28d58]		bl	#-132552	SP=0x708b79ede0
0x70225e5790[libsecsdk.so@0x8790]		adrp	x16, #266240	
0x70225e5794[libsecsdk.so@0x8794]		ldr	x17, [x16, #3352]	X16=0x7022626000
0x70225e5798[libsecsdk.so@0x8798]		add	x16, x16, #3352	X16=0x7022626000
0x70225e579c[libsecsdk.so@0x879c]		br	x17	X17=0x711abd432c
0x7022605d5c[libsecsdk.so@0x28d5c]		cbz	x0, #-36	X0=0x708a9fe560
0x7022605d60[libsecsdk.so@0x28d60]		ldp	x19, x20, [sp, #16]	SP=0x708b79ede0
0x7022605d64[libsecsdk.so@0x28d64]		ldp	x29, x30, [sp], #32	SP=0x708b79ede0
0x7022605d68[libsecsdk.so@0x28d68]		ret	LR=0x7022605df8
0x7022605df8[libsecsdk.so@0x28df8]		ldp	x29, x30, [sp], #16	SP=0x708b79ee00
0x7022605dfc[libsecsdk.so@0x28dfc]		ret	LR=0x70225fe148
0x70225fe148[libsecsdk.so@0x21148]		mov	x20, x0	X0=0x708a9fe560
0x70225fe14c[libsecsdk.so@0x2114c]		ldr	x2, [sp, #56]	SP=0x708b79ee10
0x70225fe150[libsecsdk.so@0x21150]		mov	w1, #0	
0x70225fe154[libsecsdk.so@0x21154]		bl	#-100356	SP=0x708b79ee10
0x70225e5950[libsecsdk.so@0x8950]		adrp	x16, #266240	
0x70225e5954[libsecsdk.so@0x8954]		ldr	x17, [x16, #3576]	X16=0x7022626000
0x70225e5958[libsecsdk.so@0x8958]		add	x16, x16, #3576	X16=0x7022626000
0x70225e595c[libsecsdk.so@0x895c]		br	x17	X17=0x711ac12340
0x70225fe158[libsecsdk.so@0x21158]		ldrb	w0, [x19]	X19=0x702489f6be
0x70225fe15c[libsecsdk.so@0x2115c]		cmp	w0, #76	W0=0x4c
0x70225fe160[libsecsdk.so@0x21160]		b.eq	#44	
0x70225fe18c[libsecsdk.so@0x2118c]		cmp	w22, #1	W22=0x12
0x70225fe190[libsecsdk.so@0x21190]		b.ls	#-28	
0x70225fe194[libsecsdk.so@0x21194]		ldrb	w3, [x19, #1]	X19=0x702489f6be
0x70225fe198[libsecsdk.so@0x21198]		mov	x2, #2	
0x70225fe19c[libsecsdk.so@0x2119c]		cmp	w3, #59	W3=0x6a
0x70225fe1a0[libsecsdk.so@0x211a0]		b.ne	#20	
0x70225fe1b4[libsecsdk.so@0x211b4]		add	x4, x20, x2	X20=0x708a9fe560 X2=0x2
0x70225fe1b8[libsecsdk.so@0x211b8]		cmp	w21, w2	W21=0x12 W2=0x2
0x70225fe1bc[libsecsdk.so@0x211bc]		add	x2, x2, #1	X2=0x2
0x70225fe1c0[libsecsdk.so@0x211c0]		add	x5, x19, x2	X19=0x702489f6be X2=0x3
0x70225fe1c4[libsecsdk.so@0x211c4]		sturb	w3, [x4, #-2]	W3=0x6a X4=0x708a9fe562
0x70225fe1c8[libsecsdk.so@0x211c8]		b.hi	#-32	
0x70225fe1a8[libsecsdk.so@0x211a8]		ldurb	w3, [x5, #-1]	X5=0x702489f6c1
0x70225fe1ac[libsecsdk.so@0x211ac]		cmp	w3, #59	W3=0x61
0x70225fe1b0[libsecsdk.so@0x211b0]		b.eq	#-60	
0x70225fe1b4[libsecsdk.so@0x211b4]		add	x4, x20, x2	X20=0x708a9fe560 X2=0x3
0x70225fe1b8[libsecsdk.so@0x211b8]		cmp	w21, w2	W21=0x12 W2=0x3
0x70225fe1bc[libsecsdk.so@0x211bc]		add	x2, x2, #1	X2=0x3
0x70225fe1c0[libsecsdk.so@0x211c0]		add	x5, x19, x2	X19=0x702489f6be X2=0x4
0x70225fe1c4[libsecsdk.so@0x211c4]		sturb	w3, [x4, #-2]	W3=0x61 X4=0x708a9fe563
0x70225fe1c8[libsecsdk.so@0x211c8]		b.hi	#-32	
0x70225fe1a8[libsecsdk.so@0x211a8]		ldurb	w3, [x5, #-1]	X5=0x702489f6c2
0x70225fe1ac[libsecsdk.so@0x211ac]		cmp	w3, #59	W3=0x76
0x70225fe1b0[libsecsdk.so@0x211b0]		b.eq	#-60	
0x70225fe1b4[libsecsdk.so@0x211b4]		add	x4, x20, x2	X20=0x708a9fe560 X2=0x4
0x70225fe1b8[libsecsdk.so@0x211b8]		cmp	w21, w2	W21=0x12 W2=0x4
0x70225fe1bc[libsecsdk.so@0x211bc]		add	x2, x2, #1	X2=0x4
0x70225fe1c0[libsecsdk.so@0x211c0]		add	x5, x19, x2	X19=0x702489f6be X2=0x5
0x70225fe1c4[libsecsdk.so@0x211c4]		sturb	w3, [x4, #-2]	W3=0x76 X4=0x708a9fe564
0x70225fe1c8[libsecsdk.so@0x211c8]		b.hi	#-32	
0x70225fe1a8[libsecsdk.so@0x211a8]		ldurb	w3, [x5, #-1]	X5=0x702489f6c3
0x70225fe1ac[libsecsdk.so@0x211ac]		cmp	w3, #59	W3=0x61
0x70225fe1b0[libsecsdk.so@0x211b0]		b.eq	#-60	
0x70225fe1b4[libsecsdk.so@0x211b4]		add	x4, x20, x2	X20=0x708a9fe560 X2=0x5
0x70225fe1b8[libsecsdk.so@0x211b8]		cmp	w21, w2	W21=0x12 W2=0x5
0x70225fe1bc[libsecsdk.so@0x211bc]		add	x2, x2, #1	X2=0x5
0x70225fe1c0[libsecsdk.so@0x211c0]		add	x5, x19, x2	X19=0x702489f6be X2=0x6
0x70225fe1c4[libsecsdk.so@0x211c4]		sturb	w3, [x4, #-2]	W3=0x61 X4=0x708a9fe565
0x70225fe1c8[libsecsdk.so@0x211c8]		b.hi	#-32	
0x70225fe1a8[libsecsdk.so@0x211a8]		ldurb	w3, [x5, #-1]	X5=0x702489f6c4
0x70225fe1ac[libsecsdk.so@0x211ac]		cmp	w3, #59	W3=0x2f
0x70225fe1b0[libsecsdk.so@0x211b0]		b.eq	#-60	
0x70225fe1b4[libsecsdk.so@0x211b4]		add	x4, x20, x2	X20=0x708a9fe560 X2=0x6
0x70225fe1b8[libsecsdk.so@0x211b8]		cmp	w21, w2	W21=0x12 W2=0x6
0x70225fe1bc[libsecsdk.so@0x211bc]		add	x2, x2, #1	X2=0x6
0x70225fe1c0[libsecsdk.so@0x211c0]		add	x5, x19, x2	X19=0x702489f6be X2=0x7
0x70225fe1c4[libsecsdk.so@0x211c4]		sturb	w3, [x4, #-2]	W3=0x2f X4=0x708a9fe566
0x70225fe1c8[libsecsdk.so@0x211c8]		b.hi	#-32	
0x70225fe1a8[libsecsdk.so@0x211a8]		ldurb	w3, [x5, #-1]	X5=0x702489f6c5
0x70225fe1ac[libsecsdk.so@0x211ac]		cmp	w3, #59	W3=0x6c
0x70225fe1b0[libsecsdk.so@0x211b0]		b.eq	#-60	
0x70225fe1b4[libsecsdk.so@0x211b4]		add	x4, x20, x2	X20=0x708a9fe560 X2=0x7
0x70225fe1b8[libsecsdk.so@0x211b8]		cmp	w21, w2	W21=0x12 W2=0x7
0x70225fe1bc[libsecsdk.so@0x211bc]		add	x2, x2, #1	X2=0x7
0x70225fe1c0[libsecsdk.so@0x211c0]		add	x5, x19, x2	X19=0x702489f6be X2=0x8
0x70225fe1c4[libsecsdk.so@0x211c4]		sturb	w3, [x4, #-2]	W3=0x6c X4=0x708a9fe567
0x70225fe1c8[libsecsdk.so@0x211c8]		b.hi	#-32	
0x70225fe1a8[libsecsdk.so@0x211a8]		ldurb	w3, [x5, #-1]	X5=0x702489f6c6
0x70225fe1ac[libsecsdk.so@0x211ac]		cmp	w3, #59	W3=0x61
0x70225fe1b0[libsecsdk.so@0x211b0]		b.eq	#-60	
0x70225fe1b4[libsecsdk.so@0x211b4]		add	x4, x20, x2	X20=0x708a9fe560 X2=0x8
0x70225fe1b8[libsecsdk.so@0x211b8]		cmp	w21, w2	W21=0x12 W2=0x8
0x70225fe1bc[libsecsdk.so@0x211bc]		add	x2, x2, #1	X2=0x8
0x70225fe1c0[libsecsdk.so@0x211c0]		add	x5, x19, x2	X19=0x702489f6be X2=0x9
0x70225fe1c4[libsecsdk.so@0x211c4]		sturb	w3, [x4, #-2]	W3=0x61 X4=0x708a9fe568
0x70225fe1c8[libsecsdk.so@0x211c8]		b.hi	#-32	
0x70225fe1a8[libsecsdk.so@0x211a8]		ldurb	w3, [x5, #-1]	X5=0x702489f6c7
0x70225fe1ac[libsecsdk.so@0x211ac]		cmp	w3, #59	W3=0x6e
0x70225fe1b0[libsecsdk.so@0x211b0]		b.eq	#-60	
0x70225fe1b4[libsecsdk.so@0x211b4]		add	x4, x20, x2	X20=0x708a9fe560 X2=0x9
0x70225fe1b8[libsecsdk.so@0x211b8]		cmp	w21, w2	W21=0x12 W2=0x9
0x70225fe1bc[libsecsdk.so@0x211bc]		add	x2, x2, #1	X2=0x9
0x70225fe1c0[libsecsdk.so@0x211c0]		add	x5, x19, x2	X19=0x702489f6be X2=0xa
0x70225fe1c4[libsecsdk.so@0x211c4]		sturb	w3, [x4, #-2]	W3=0x6e X4=0x708a9fe569
0x70225fe1c8[libsecsdk.so@0x211c8]		b.hi	#-32	
0x70225fe1a8[libsecsdk.so@0x211a8]		ldurb	w3, [x5, #-1]	X5=0x702489f6c8
0x70225fe1ac[libsecsdk.so@0x211ac]		cmp	w3, #59	W3=0x67
0x70225fe1b0[libsecsdk.so@0x211b0]		b.eq	#-60	
0x70225fe1b4[libsecsdk.so@0x211b4]		add	x4, x20, x2	X20=0x708a9fe560 X2=0xa
0x70225fe1b8[libsecsdk.so@0x211b8]		cmp	w21, w2	W21=0x12 W2=0xa
0x70225fe1bc[libsecsdk.so@0x211bc]		add	x2, x2, #1	X2=0xa
0x70225fe1c0[libsecsdk.so@0x211c0]		add	x5, x19, x2	X19=0x702489f6be X2=0xb
0x70225fe1c4[libsecsdk.so@0x211c4]		sturb	w3, [x4, #-2]	W3=0x67 X4=0x708a9fe56a
0x70225fe1c8[libsecsdk.so@0x211c8]		b.hi	#-32	
0x70225fe1a8[libsecsdk.so@0x211a8]		ldurb	w3, [x5, #-1]	X5=0x702489f6c9
0x70225fe1ac[libsecsdk.so@0x211ac]		cmp	w3, #59	W3=0x2f
0x70225fe1b0[libsecsdk.so@0x211b0]		b.eq	#-60	
0x70225fe1b4[libsecsdk.so@0x211b4]		add	x4, x20, x2	X20=0x708a9fe560 X2=0xb
0x70225fe1b8[libsecsdk.so@0x211b8]		cmp	w21, w2	W21=0x12 W2=0xb
0x70225fe1bc[libsecsdk.so@0x211bc]		add	x2, x2, #1	X2=0xb
0x70225fe1c0[libsecsdk.so@0x211c0]		add	x5, x19, x2	X19=0x702489f6be X2=0xc
0x70225fe1c4[libsecsdk.so@0x211c4]		sturb	w3, [x4, #-2]	W3=0x2f X4=0x708a9fe56b
0x70225fe1c8[libsecsdk.so@0x211c8]		b.hi	#-32	
0x70225fe1a8[libsecsdk.so@0x211a8]		ldurb	w3, [x5, #-1]	X5=0x702489f6ca
0x70225fe1ac[libsecsdk.so@0x211ac]		cmp	w3, #59	W3=0x53
0x70225fe1b0[libsecsdk.so@0x211b0]		b.eq	#-60	
0x70225fe1b4[libsecsdk.so@0x211b4]		add	x4, x20, x2	X20=0x708a9fe560 X2=0xc
0x70225fe1b8[libsecsdk.so@0x211b8]		cmp	w21, w2	W21=0x12 W2=0xc
0x70225fe1bc[libsecsdk.so@0x211bc]		add	x2, x2, #1	X2=0xc
0x70225fe1c0[libsecsdk.so@0x211c0]		add	x5, x19, x2	X19=0x702489f6be X2=0xd
0x70225fe1c4[libsecsdk.so@0x211c4]		sturb	w3, [x4, #-2]	W3=0x53 X4=0x708a9fe56c
0x70225fe1c8[libsecsdk.so@0x211c8]		b.hi	#-32	
0x70225fe1a8[libsecsdk.so@0x211a8]		ldurb	w3, [x5, #-1]	X5=0x702489f6cb
0x70225fe1ac[libsecsdk.so@0x211ac]		cmp	w3, #59	W3=0x74
0x70225fe1b0[libsecsdk.so@0x211b0]		b.eq	#-60	
0x70225fe1b4[libsecsdk.so@0x211b4]		add	x4, x20, x2	X20=0x708a9fe560 X2=0xd
0x70225fe1b8[libsecsdk.so@0x211b8]		cmp	w21, w2	W21=0x12 W2=0xd
0x70225fe1bc[libsecsdk.so@0x211bc]		add	x2, x2, #1	X2=0xd
0x70225fe1c0[libsecsdk.so@0x211c0]		add	x5, x19, x2	X19=0x702489f6be X2=0xe
0x70225fe1c4[libsecsdk.so@0x211c4]		sturb	w3, [x4, #-2]	W3=0x74 X4=0x708a9fe56d
0x70225fe1c8[libsecsdk.so@0x211c8]		b.hi	#-32	
0x70225fe1a8[libsecsdk.so@0x211a8]		ldurb	w3, [x5, #-1]	X5=0x702489f6cc
0x70225fe1ac[libsecsdk.so@0x211ac]		cmp	w3, #59	W3=0x72
0x70225fe1b0[libsecsdk.so@0x211b0]		b.eq	#-60	
0x70225fe1b4[libsecsdk.so@0x211b4]		add	x4, x20, x2	X20=0x708a9fe560 X2=0xe
0x70225fe1b8[libsecsdk.so@0x211b8]		cmp	w21, w2	W21=0x12 W2=0xe
0x70225fe1bc[libsecsdk.so@0x211bc]		add	x2, x2, #1	X2=0xe
0x70225fe1c0[libsecsdk.so@0x211c0]		add	x5, x19, x2	X19=0x702489f6be X2=0xf
0x70225fe1c4[libsecsdk.so@0x211c4]		sturb	w3, [x4, #-2]	W3=0x72 X4=0x708a9fe56e
0x70225fe1c8[libsecsdk.so@0x211c8]		b.hi	#-32	
0x70225fe1a8[libsecsdk.so@0x211a8]		ldurb	w3, [x5, #-1]	X5=0x702489f6cd
0x70225fe1ac[libsecsdk.so@0x211ac]		cmp	w3, #59	W3=0x69
0x70225fe1b0[libsecsdk.so@0x211b0]		b.eq	#-60	
0x70225fe1b4[libsecsdk.so@0x211b4]		add	x4, x20, x2	X20=0x708a9fe560 X2=0xf
0x70225fe1b8[libsecsdk.so@0x211b8]		cmp	w21, w2	W21=0x12 W2=0xf
0x70225fe1bc[libsecsdk.so@0x211bc]		add	x2, x2, #1	X2=0xf
0x70225fe1c0[libsecsdk.so@0x211c0]		add	x5, x19, x2	X19=0x702489f6be X2=0x10
0x70225fe1c4[libsecsdk.so@0x211c4]		sturb	w3, [x4, #-2]	W3=0x69 X4=0x708a9fe56f
0x70225fe1c8[libsecsdk.so@0x211c8]		b.hi	#-32	
0x70225fe1a8[libsecsdk.so@0x211a8]		ldurb	w3, [x5, #-1]	X5=0x702489f6ce
0x70225fe1ac[libsecsdk.so@0x211ac]		cmp	w3, #59	W3=0x6e
0x70225fe1b0[libsecsdk.so@0x211b0]		b.eq	#-60	
0x70225fe1b4[libsecsdk.so@0x211b4]		add	x4, x20, x2	X20=0x708a9fe560 X2=0x10
0x70225fe1b8[libsecsdk.so@0x211b8]		cmp	w21, w2	W21=0x12 W2=0x10
0x70225fe1bc[libsecsdk.so@0x211bc]		add	x2, x2, #1	X2=0x10
0x70225fe1c0[libsecsdk.so@0x211c0]		add	x5, x19, x2	X19=0x702489f6be X2=0x11
0x70225fe1c4[libsecsdk.so@0x211c4]		sturb	w3, [x4, #-2]	W3=0x6e X4=0x708a9fe570
0x70225fe1c8[libsecsdk.so@0x211c8]		b.hi	#-32	
0x70225fe1a8[libsecsdk.so@0x211a8]		ldurb	w3, [x5, #-1]	X5=0x702489f6cf
0x70225fe1ac[libsecsdk.so@0x211ac]		cmp	w3, #59	W3=0x67
0x70225fe1b0[libsecsdk.so@0x211b0]		b.eq	#-60	
0x70225fe1b4[libsecsdk.so@0x211b4]		add	x4, x20, x2	X20=0x708a9fe560 X2=0x11
0x70225fe1b8[libsecsdk.so@0x211b8]		cmp	w21, w2	W21=0x12 W2=0x11
0x70225fe1bc[libsecsdk.so@0x211bc]		add	x2, x2, #1	X2=0x11
0x70225fe1c0[libsecsdk.so@0x211c0]		add	x5, x19, x2	X19=0x702489f6be X2=0x12
0x70225fe1c4[libsecsdk.so@0x211c4]		sturb	w3, [x4, #-2]	W3=0x67 X4=0x708a9fe571
0x70225fe1c8[libsecsdk.so@0x211c8]		b.hi	#-32	
0x70225fe1a8[libsecsdk.so@0x211a8]		ldurb	w3, [x5, #-1]	X5=0x702489f6d0
0x70225fe1ac[libsecsdk.so@0x211ac]		cmp	w3, #59	W3=0x3b
0x70225fe1b0[libsecsdk.so@0x211b0]		b.eq	#-60	
0x70225fe174[libsecsdk.so@0x21174]		mov	x0, x20	X20=0x708a9fe560
0x70225fe178[libsecsdk.so@0x21178]		ldr	x30, [sp, #32]	SP=0x708b79ee10
0x70225fe17c[libsecsdk.so@0x2117c]		ldp	x19, x20, [sp]	SP=0x708b79ee10
0x70225fe180[libsecsdk.so@0x21180]		ldp	x21, x22, [sp, #16]	SP=0x708b79ee10
0x70225fe184[libsecsdk.so@0x21184]		add	sp, sp, #64	SP=0x708b79ee10
0x70225fe188[libsecsdk.so@0x21188]		ret	LR=0x70225fec54
0x70225fec54[libsecsdk.so@0x21c54]		ldr	x1, [sp, #40]	SP=0x708b79ee50
0x70225fec58[libsecsdk.so@0x21c58]		mov	x19, x0	X0=0x708a9fe560
0x70225fec5c[libsecsdk.so@0x21c5c]		mov	x0, x1	X1=0x708a819500
0x70225fec60[libsecsdk.so@0x21c60]		ldr	x2, [x1]	X1=0x708a819500
0x70225fec64[libsecsdk.so@0x21c64]		mov	x1, x19	X19=0x708a9fe560
0x70225fec68[libsecsdk.so@0x21c68]		ldr	x2, [x2, #48]	X2=0x70967d16a0
0x70225fec6c[libsecsdk.so@0x21c6c]		blr	x2	X2=0x709658f4d0 SP=0x708b79ee50
0x70225fec70[libsecsdk.so@0x21c70]		mov	x20, x0	X0=0x41
0x70225fec74[libsecsdk.so@0x21c74]		cbz	x19, #12	X19=0x708a9fe560
0x70225fec78[libsecsdk.so@0x21c78]		mov	x0, x19	X19=0x708a9fe560
0x70225fec7c[libsecsdk.so@0x21c7c]		bl	#26104	SP=0x708b79ee50
0x7022605274[libsecsdk.so@0x28274]		b	#-12	
0x7022605268[libsecsdk.so@0x28268]		cbz	x0, #8	X0=0x708a9fe560
0x702260526c[libsecsdk.so@0x2826c]		b	#-128940	
0x70225e5ac0[libsecsdk.so@0x8ac0]		adrp	x16, #266240	
0x70225e5ac4[libsecsdk.so@0x8ac4]		ldr	x17, [x16, #3760]	X16=0x7022626000
0x70225e5ac8[libsecsdk.so@0x8ac8]		add	x16, x16, #3760	X16=0x7022626000
0x70225e5acc[libsecsdk.so@0x8acc]		br	x17	X17=0x711abd42bc
0x70225fec80[libsecsdk.so@0x21c80]		mov	x0, x20	X20=0x41
0x70225fec84[libsecsdk.so@0x21c84]		ldr	x30, [sp, #16]	SP=0x708b79ee50
0x70225fec88[libsecsdk.so@0x21c88]		ldp	x19, x20, [sp]	SP=0x708b79ee50
0x70225fec8c[libsecsdk.so@0x21c8c]		add	sp, sp, #48	SP=0x708b79ee50
0x70225fec90[libsecsdk.so@0x21c90]		ret	LR=0x70226018f8
0x70226018f8[libsecsdk.so@0x248f8]		mov	x28, x0	X0=0x41
0x70226018fc[libsecsdk.so@0x248fc]		ldr	x4, [x21]	X21=0x708a819500
0x7022601900[libsecsdk.so@0x24900]		mov	x0, x21	X21=0x708a819500
0x7022601904[libsecsdk.so@0x24904]		mov	x1, x28	X28=0x41
0x7022601908[libsecsdk.so@0x24908]		mov	x2, x20	X20=0x702489fa37
0x702260190c[libsecsdk.so@0x2490c]		mov	x3, x27	X27=0x708a81f890
0x7022601910[libsecsdk.so@0x24910]		cbnz	w26, #300	W26=0x0
0x7022601914[libsecsdk.so@0x24914]		ldr	x4, [x4, #264]	X4=0x70967d16a0
0x7022601918[libsecsdk.so@0x24918]		blr	x4	X4=0x7096597ea0 SP=0x708b79ee80
0x702260191c[libsecsdk.so@0x2491c]		fmov	d9, x0	X0=0x70385408
0x7022601920[libsecsdk.so@0x24920]		mov	x0, x21	X21=0x708a819500
0x7022601924[libsecsdk.so@0x24924]		bl	#-86432	SP=0x708b79ee80
0x70225ec784[libsecsdk.so@0xf784]		sub	sp, sp, #128	SP=0x708b79ee80
0x70225ec788[libsecsdk.so@0xf788]		stp	x19, x20, [sp]	X19=0x702489f862 X20=0x702489fa37 SP=0x708b79ee00
0x70225ec78c[libsecsdk.so@0xf78c]		adrp	x19, #237568	
0x70225ec790[libsecsdk.so@0xf790]		mov	x20, x0	X0=0x708a819500
0x70225ec794[libsecsdk.so@0xf794]		stp	x21, x22, [sp, #16]	X21=0x708a819500 X22=0x708a81f3e8 SP=0x708b79ee00
0x70225ec798[libsecsdk.so@0xf798]		adrp	x21, #241664	
0x70225ec79c[libsecsdk.so@0xf79c]		ldr	x1, [x19, #3784]	X19=0x7022626000
0x70225ec7a0[libsecsdk.so@0xf7a0]		stp	x23, x30, [sp, #32]	X23=0x180 LR=0x7022601928 SP=0x708b79ee00
0x70225ec7a4[libsecsdk.so@0xf7a4]		ldr	w0, [x21, #2128]	X21=0x7022627000
0x70225ec7a8[libsecsdk.so@0xf7a8]		ldr	x1, [x1]	X1=0x711ac85510
0x70225ec7ac[libsecsdk.so@0xf7ac]		str	x1, [sp, #120]	X1=0xdcf65037242d4fae SP=0x708b79ee00
0x70225ec7b0[libsecsdk.so@0xf7b0]		cbz	w0, #44	W0=0x1d
0x70225ec7b4[libsecsdk.so@0xf7b4]		ldr	x19, [x19, #3784]	X19=0x7022626000
0x70225ec7b8[libsecsdk.so@0xf7b8]		ldr	x2, [sp, #120]	SP=0x708b79ee00
0x70225ec7bc[libsecsdk.so@0xf7bc]		ldr	x1, [x19]	X19=0x711ac85510
0x70225ec7c0[libsecsdk.so@0xf7c0]		cmp	x2, x1	X2=0xdcf65037242d4fae X1=0xdcf65037242d4fae
0x70225ec7c4[libsecsdk.so@0xf7c4]		b.ne	#284	
0x70225ec7c8[libsecsdk.so@0xf7c8]		ldp	x19, x20, [sp]	SP=0x708b79ee00
0x70225ec7cc[libsecsdk.so@0xf7cc]		ldp	x21, x22, [sp, #16]	SP=0x708b79ee00
0x70225ec7d0[libsecsdk.so@0xf7d0]		ldp	x23, x30, [sp, #32]	SP=0x708b79ee00
0x70225ec7d4[libsecsdk.so@0xf7d4]		add	sp, sp, #128	SP=0x708b79ee00
0x70225ec7d8[libsecsdk.so@0xf7d8]		ret	LR=0x7022601928
0x7022601928[libsecsdk.so@0x24928]		cmp	w0, #23	W0=0x1d
0x702260192c[libsecsdk.so@0x2492c]		b.ne	#12	
0x7022601938[libsecsdk.so@0x24938]		mov	w1, #0	
0x702260193c[libsecsdk.so@0x2493c]		fmov	x0, d9	
0x7022601940[libsecsdk.so@0x24940]		cbz	x0, #396	X0=0x70385408
0x7022601944[libsecsdk.so@0x24944]		ldr	x0, [x22]	X22=0x708a81f3e8
0x7022601948[libsecsdk.so@0x24948]		ldr	w3, [x25, x23]	X25=0x702489e3e4 X23=0x180
0x702260194c[libsecsdk.so@0x2494c]		ldr	x2, [x0, #16]	X0=0x7022a969c0
0x7022601950[libsecsdk.so@0x24950]		ldr	x5, [x0, #88]	X0=0x7022a969c0
0x7022601954[libsecsdk.so@0x24954]		ldr	w8, [x2, x3, lsl #2]	X2=0x702489e070 X3=0x15
0x7022601958[libsecsdk.so@0x24958]		add	x5, x5, x8	X5=0x702489e000 X8=0x149e
0x702260195c[libsecsdk.so@0x2495c]		ldrsb	w8, [x5], #1	X5=0x702489f49e
0x7022601960[libsecsdk.so@0x24960]		tbnz	w8, #31, #-4	W8=0x1
0x7022601964[libsecsdk.so@0x24964]		mov	x0, x22	X22=0x708a81f3e8
0x7022601968[libsecsdk.so@0x24968]		cbnz	w1, #260	W1=0x0
0x702260196c[libsecsdk.so@0x2496c]		fmov	x1, d10	
0x7022601970[libsecsdk.so@0x24970]		mov	x4, x5	X5=0x702489f49f
0x7022601974[libsecsdk.so@0x24974]		fmov	x2, d11	
0x7022601978[libsecsdk.so@0x24978]		mov	w5, w26	W26=0x0
0x702260197c[libsecsdk.so@0x2497c]		fmov	w3, s14	
0x7022601980[libsecsdk.so@0x24980]		bl	#-9364	SP=0x708b79ee80
0x70225ff4ec[libsecsdk.so@0x224ec]		sub	sp, sp, #64	SP=0x708b79ee80
0x70225ff4f0[libsecsdk.so@0x224f0]		uxtb	w5, w5	W5=0x0
0x70225ff4f4[libsecsdk.so@0x224f4]		stp	x21, x22, [sp, #16]	X21=0x708a819500 X22=0x708a81f3e8 SP=0x708b79ee40
0x70225ff4f8[libsecsdk.so@0x224f8]		stp	x23, x30, [sp, #32]	X23=0x180 LR=0x7022601984 SP=0x708b79ee40
0x70225ff4fc[libsecsdk.so@0x224fc]		stp	x19, x20, [sp]	X19=0x702489f862 X20=0x702489fa37 SP=0x708b79ee40
0x70225ff500[libsecsdk.so@0x22500]		mov	x21, x1	X1=0x708a81f930
0x70225ff504[libsecsdk.so@0x22504]		mov	x23, x2	X2=0x708a81f910
0x70225ff508[libsecsdk.so@0x22508]		cbz	w5, #220	W5=0x0
0x70225ff5e4[libsecsdk.so@0x225e4]		sub	w3, w3, #1	W3=0x1
0x70225ff5e8[libsecsdk.so@0x225e8]		mov	w19, #1	
0x70225ff5ec[libsecsdk.so@0x225ec]		lsl	w3, w3, #3	W3=0x0
0x70225ff5f0[libsecsdk.so@0x225f0]		b	#-220	
0x70225ff514[libsecsdk.so@0x22514]		cmp	w3, wzr	W3=0x0
0x70225ff518[libsecsdk.so@0x22518]		mov	x20, #8	
0x70225ff51c[libsecsdk.so@0x2251c]		sxtw	x3, w3	X3=0x0
0x70225ff520[libsecsdk.so@0x22520]		str	x4, [sp, #56]	X4=0x702489f49f SP=0x708b79ee40
0x70225ff524[libsecsdk.so@0x22524]		csel	x20, x3, x20, ne	X3=0x0 X20=0x8
0x70225ff528[libsecsdk.so@0x22528]		mov	x0, x20	X20=0x8
0x70225ff52c[libsecsdk.so@0x2252c]		bl	#26816	SP=0x708b79ee40
0x7022605dec[libsecsdk.so@0x28dec]		stp	x29, x30, [sp, #-16]!	FP=0x708b79f600 LR=0x70225ff530 SP=0x708b79ee40
0x7022605df0[libsecsdk.so@0x28df0]		mov	x29, sp	SP=0x708b79ee30
0x7022605df4[libsecsdk.so@0x28df4]		bl	#-212	SP=0x708b79ee30
0x7022605d20[libsecsdk.so@0x28d20]		stp	x29, x30, [sp, #-32]!	FP=0x708b79ee30 LR=0x7022605df8 SP=0x708b79ee30
0x7022605d24[libsecsdk.so@0x28d24]		mov	x29, sp	SP=0x708b79ee10
0x7022605d28[libsecsdk.so@0x28d28]		stp	x19, x20, [sp, #16]	X19=0x1 X20=0x8 SP=0x708b79ee10
0x7022605d2c[libsecsdk.so@0x28d2c]		mov	x19, x0	X0=0x8
0x7022605d30[libsecsdk.so@0x28d30]		adrp	x20, #139264	
0x7022605d34[libsecsdk.so@0x28d34]		b	#32	
0x7022605d54[libsecsdk.so@0x28d54]		mov	x0, x19	X19=0x8
0x7022605d58[libsecsdk.so@0x28d58]		bl	#-132552	SP=0x708b79ee10
0x70225e5790[libsecsdk.so@0x8790]		adrp	x16, #266240	
0x70225e5794[libsecsdk.so@0x8794]		ldr	x17, [x16, #3352]	X16=0x7022626000
0x70225e5798[libsecsdk.so@0x8798]		add	x16, x16, #3352	X16=0x7022626000
0x70225e579c[libsecsdk.so@0x879c]		br	x17	X17=0x711abd432c
0x7022605d5c[libsecsdk.so@0x28d5c]		cbz	x0, #-36	X0=0x708a81f928
0x7022605d60[libsecsdk.so@0x28d60]		ldp	x19, x20, [sp, #16]	SP=0x708b79ee10
0x7022605d64[libsecsdk.so@0x28d64]		ldp	x29, x30, [sp], #32	SP=0x708b79ee10
0x7022605d68[libsecsdk.so@0x28d68]		ret	LR=0x7022605df8
0x7022605df8[libsecsdk.so@0x28df8]		ldp	x29, x30, [sp], #16	SP=0x708b79ee30
0x7022605dfc[libsecsdk.so@0x28dfc]		ret	LR=0x70225ff530
0x70225ff530[libsecsdk.so@0x22530]		mov	x22, x0	X0=0x708a81f928
0x70225ff534[libsecsdk.so@0x22534]		mov	w1, #0	
0x70225ff538[libsecsdk.so@0x22538]		mov	x2, x20	X20=0x8
0x70225ff53c[libsecsdk.so@0x2253c]		bl	#-105452	SP=0x708b79ee40
0x70225e5950[libsecsdk.so@0x8950]		adrp	x16, #266240	
0x70225e5954[libsecsdk.so@0x8954]		ldr	x17, [x16, #3576]	X16=0x7022626000
0x70225e5958[libsecsdk.so@0x8958]		add	x16, x16, #3576	X16=0x7022626000
0x70225e595c[libsecsdk.so@0x895c]		br	x17	X17=0x711ac12340
0x70225ff540[libsecsdk.so@0x22540]		adrp	x1, #57344	
0x70225ff544[libsecsdk.so@0x22544]		ldr	x4, [sp, #56]	SP=0x708b79ee40
0x70225ff548[libsecsdk.so@0x22548]		mov	x5, x22	X22=0x708a81f928
0x70225ff54c[libsecsdk.so@0x2254c]		add	x1, x1, #3760	X1=0x702260d000
0x70225ff550[libsecsdk.so@0x22550]		ldrb	w3, [x4, #1]!	X4=0x702489f49f
0x70225ff554[libsecsdk.so@0x22554]		cbz	w3, #52	W3=0x0
0x70225ff588[libsecsdk.so@0x22588]		mov	x0, x22	X22=0x708a81f928
0x70225ff58c[libsecsdk.so@0x2258c]		ldp	x19, x20, [sp]	SP=0x708b79ee40
0x70225ff590[libsecsdk.so@0x22590]		ldp	x21, x22, [sp, #16]	SP=0x708b79ee40
0x70225ff594[libsecsdk.so@0x22594]		ldp	x23, x30, [sp, #32]	SP=0x708b79ee40
0x70225ff598[libsecsdk.so@0x22598]		add	sp, sp, #64	SP=0x708b79ee40
0x70225ff59c[libsecsdk.so@0x2259c]		ret	LR=0x7022601984
0x7022601984[libsecsdk.so@0x24984]		mov	x20, x0	X0=0x708a81f928
0x7022601988[libsecsdk.so@0x24988]		ldrb	w1, [x19]	X19=0x702489f862
0x702260198c[libsecsdk.so@0x2498c]		sub	w1, w1, #66	W1=0x5b
0x7022601990[libsecsdk.so@0x24990]		cmp	w1, #25	W1=0x19
0x7022601994[libsecsdk.so@0x24994]		b.hi	#72	
0x7022601998[libsecsdk.so@0x24998]		adrp	x0, #49152	
0x702260199c[libsecsdk.so@0x2499c]		add	x0, x0, #3944	X0=0x702260d000
0x70226019a0[libsecsdk.so@0x249a0]		ldrh	w0, [x0, w1, uxtw #1]	X0=0x702260df68 W1=0x19
0x70226019a4[libsecsdk.so@0x249a4]		adr	x1, #12	
0x70226019a8[libsecsdk.so@0x249a8]		add	x0, x1, w0, sxth #2	X1=0x70226019b0 W0=0xa3
0x70226019ac[libsecsdk.so@0x249ac]		br	x0	X0=0x7022601c3c
0x7022601c3c[libsecsdk.so@0x24c3c]		fmov	w0, s13	
0x7022601c40[libsecsdk.so@0x24c40]		cbnz	w0, #476	W0=0x0
0x7022601c44[libsecsdk.so@0x24c44]		ldr	x4, [x21]	X21=0x708a819500
0x7022601c48[libsecsdk.so@0x24c48]		mov	x0, x21	X21=0x708a819500
0x7022601c4c[libsecsdk.so@0x24c4c]		cbz	w26, #396	W26=0x0
0x7022601dd8[libsecsdk.so@0x24dd8]		fmov	x1, d12	
0x7022601ddc[libsecsdk.so@0x24ddc]		ldr	x4, [x4, #288]	X4=0x70967d16a0
0x7022601de0[libsecsdk.so@0x24de0]		fmov	x2, d9	
0x7022601de4[libsecsdk.so@0x24de4]		mov	x3, x20	X20=0x708a81f928
0x7022601de8[libsecsdk.so@0x24de8]		blr	x4	X4=0x709659959c SP=0x708b79ee80
0x7022601dec[libsecsdk.so@0x24dec]		mov	x24, x0	X0=0x79
0x7022601df0[libsecsdk.so@0x24df0]		b	#-1044	
0x70226019dc[libsecsdk.so@0x249dc]		cbz	x20, #12	X20=0x708a81f928
0x70226019e0[libsecsdk.so@0x249e0]		mov	x0, x20	X20=0x708a81f928
0x70226019e4[libsecsdk.so@0x249e4]		bl	#14480	SP=0x708b79ee80
0x7022605274[libsecsdk.so@0x28274]		b	#-12	
0x7022605268[libsecsdk.so@0x28268]		cbz	x0, #8	X0=0x708a81f928
0x702260526c[libsecsdk.so@0x2826c]		b	#-128940	
0x70225e5ac0[libsecsdk.so@0x8ac0]		adrp	x16, #266240	
0x70225e5ac4[libsecsdk.so@0x8ac4]		ldr	x17, [x16, #3760]	X16=0x7022626000
0x70225e5ac8[libsecsdk.so@0x8ac8]		add	x16, x16, #3760	X16=0x7022626000
0x70225e5acc[libsecsdk.so@0x8acc]		br	x17	X17=0x711abd42bc
0x70226019e8[libsecsdk.so@0x249e8]		cbz	x27, #12	X27=0x708a81f890
0x70226019ec[libsecsdk.so@0x249ec]		mov	x0, x27	X27=0x708a81f890
0x70226019f0[libsecsdk.so@0x249f0]		bl	#14468	SP=0x708b79ee80
0x7022605274[libsecsdk.so@0x28274]		b	#-12	
0x7022605268[libsecsdk.so@0x28268]		cbz	x0, #8	X0=0x708a81f890
0x702260526c[libsecsdk.so@0x2826c]		b	#-128940	
0x70225e5ac0[libsecsdk.so@0x8ac0]		adrp	x16, #266240	
0x70225e5ac4[libsecsdk.so@0x8ac4]		ldr	x17, [x16, #3760]	X16=0x7022626000
0x70225e5ac8[libsecsdk.so@0x8ac8]		add	x16, x16, #3760	X16=0x7022626000
0x70225e5acc[libsecsdk.so@0x8acc]		br	x17	X17=0x711abd42bc
0x70226019f4[libsecsdk.so@0x249f4]		ldr	x2, [x21]	X21=0x708a819500
0x70226019f8[libsecsdk.so@0x249f8]		mov	x0, x21	X21=0x708a819500
0x70226019fc[libsecsdk.so@0x249fc]		mov	x1, x28	X28=0x41
0x7022601a00[libsecsdk.so@0x24a00]		ldr	x2, [x2, #184]	X2=0x70967d16a0
0x7022601a04[libsecsdk.so@0x24a04]		blr	x2	X2=0x7096594834 SP=0x708b79ee80
0x7022601a08[libsecsdk.so@0x24a08]		mov	x0, x24	X24=0x79
0x7022601a0c[libsecsdk.so@0x24a0c]		ldp	x19, x20, [sp]	SP=0x708b79ee80
0x7022601a10[libsecsdk.so@0x24a10]		ldp	d8, d9, [sp, #88]	SP=0x708b79ee80
0x7022601a14[libsecsdk.so@0x24a14]		ldp	x21, x22, [sp, #16]	SP=0x708b79ee80
0x7022601a18[libsecsdk.so@0x24a18]		ldp	d10, d11, [sp, #104]	SP=0x708b79ee80
0x7022601a1c[libsecsdk.so@0x24a1c]		ldp	x23, x24, [sp, #32]	SP=0x708b79ee80
0x7022601a20[libsecsdk.so@0x24a20]		ldp	d12, d13, [sp, #120]	SP=0x708b79ee80
0x7022601a24[libsecsdk.so@0x24a24]		ldp	x25, x26, [sp, #48]	SP=0x708b79ee80
0x7022601a28[libsecsdk.so@0x24a28]		ldp	x27, x28, [sp, #64]	SP=0x708b79ee80
0x7022601a2c[libsecsdk.so@0x24a2c]		ldr	x30, [sp, #80]	SP=0x708b79ee80
0x7022601a30[libsecsdk.so@0x24a30]		ldr	d14, [sp, #136]	SP=0x708b79ee80
0x7022601a34[libsecsdk.so@0x24a34]		add	sp, sp, #160	SP=0x708b79ee80
0x7022601a38[libsecsdk.so@0x24a38]		ret	LR=0x70225f65a8
0x70225f65a8[libsecsdk.so@0x195a8]		ldr	x1, [x20]	X20=0x708a819500
0x70225f65ac[libsecsdk.so@0x195ac]		fmov	d11, x0	X0=0x79
0x70225f65b0[libsecsdk.so@0x195b0]		mov	x0, x20	X20=0x708a819500
0x70225f65b4[libsecsdk.so@0x195b4]		ldr	x1, [x1, #1824]	X1=0x70967d16a0
0x70225f65b8[libsecsdk.so@0x195b8]		blr	x1	X1=0x70965ebe7c SP=0x708b79ef20
0x70225f65bc[libsecsdk.so@0x195bc]		uxtb	w0, w0	W0=0x0
0x70225f65c0[libsecsdk.so@0x195c0]		ldr	x8, [sp, #192]	SP=0x708b79ef20
0x70225f65c4[libsecsdk.so@0x195c4]		cbnz	w0, #-876	W0=0x0
0x70225f65c8[libsecsdk.so@0x195c8]		ldrb	w0, [x8]	X8=0x708b79f03f
0x70225f65cc[libsecsdk.so@0x195cc]		cbz	w0, #44	W0=0x1
0x70225f65d0[libsecsdk.so@0x195d0]		ldr	x0, [x27]	X27=0x708b79f040
0x70225f65d4[libsecsdk.so@0x195d4]		ldrb	w0, [x0, #6]	X0=0x711b5b737a
0x70225f65d8[libsecsdk.so@0x195d8]		cmp	w0, #12	W0=0xc
0x70225f65dc[libsecsdk.so@0x195dc]		b.eq	#28	
0x70225f65f8[libsecsdk.so@0x195f8]		mov	x0, x28	X28=0x708a81f930
0x70225f65fc[libsecsdk.so@0x195fc]		bl	#60536	SP=0x708b79ef20
0x7022605274[libsecsdk.so@0x28274]		b	#-12	
0x7022605268[libsecsdk.so@0x28268]		cbz	x0, #8	X0=0x708a81f930
0x702260526c[libsecsdk.so@0x2826c]		b	#-128940	
0x70225e5ac0[libsecsdk.so@0x8ac0]		adrp	x16, #266240	
0x70225e5ac4[libsecsdk.so@0x8ac4]		ldr	x17, [x16, #3760]	X16=0x7022626000
0x70225e5ac8[libsecsdk.so@0x8ac8]		add	x16, x16, #3760	X16=0x7022626000
0x70225e5acc[libsecsdk.so@0x8acc]		br	x17	X17=0x711abd42bc
0x70225f6600[libsecsdk.so@0x19600]		mov	x0, x19	X19=0x708a81f910
0x70225f6604[libsecsdk.so@0x19604]		bl	#60528	SP=0x708b79ef20
0x7022605274[libsecsdk.so@0x28274]		b	#-12	
0x7022605268[libsecsdk.so@0x28268]		cbz	x0, #8	X0=0x708a81f910
0x702260526c[libsecsdk.so@0x2826c]		b	#-128940	
0x70225e5ac0[libsecsdk.so@0x8ac0]		adrp	x16, #266240	
0x70225e5ac4[libsecsdk.so@0x8ac4]		ldr	x17, [x16, #3760]	X16=0x7022626000
0x70225e5ac8[libsecsdk.so@0x8ac8]		add	x16, x16, #3760	X16=0x7022626000
0x70225e5acc[libsecsdk.so@0x8acc]		br	x17	X17=0x711abd42bc
0x70225f6608[libsecsdk.so@0x19608]		ldr	x1, [x27]	X27=0x708b79f040
0x70225f660c[libsecsdk.so@0x1960c]		add	x0, x21, #928	X21=0x7022625000
0x70225f6610[libsecsdk.so@0x19610]		add	x2, x1, #6	X1=0x711b5b737a
0x70225f6614[libsecsdk.so@0x19614]		str	x2, [x27]	X2=0x711b5b7380 X27=0x708b79f040
0x70225f6618[libsecsdk.so@0x19618]		ldrh	w19, [x1, #6]	X1=0x711b5b737a
0x70225f661c[libsecsdk.so@0x1961c]		uxtb	w1, w19	W19=0x40c
0x70225f6620[libsecsdk.so@0x19620]		ldr	x0, [x0, w1, sxtw #3]	X0=0x70226253a0 W1=0xc
0x70225f6624[libsecsdk.so@0x19624]		br	x0	X0=0x70225f8314
0x70225f8314[libsecsdk.so@0x1b314]		ldrsw	x0, [x23, #24]	X23=0x708b79f068
0x70225f8318[libsecsdk.so@0x1b318]		asr	w19, w19, #8	W19=0x40c
0x70225f831c[libsecsdk.so@0x1b31c]		lsl	x0, x0, #2	X0=0x8
0x70225f8320[libsecsdk.so@0x1b320]		add	x0, x0, w19, sxtw #3	X0=0x20 W19=0x4
0x70225f8324[libsecsdk.so@0x1b324]		ldr	x28, [x25, x0]	X25=0x708a8893c0 X0=0x40
0x70225f8328[libsecsdk.so@0x1b328]		cbz	x28, #236	X28=0x2896
0x70225f832c[libsecsdk.so@0x1b32c]		ldr	x1, [x23, #8]	X23=0x708b79f068
0x70225f8330[libsecsdk.so@0x1b330]		mov	x0, x23	X23=0x708b79f068
0x70225f8334[libsecsdk.so@0x1b334]		mov	x2, x28	X28=0x2896
0x70225f8338[libsecsdk.so@0x1b338]		bl	#23868	SP=0x708b79ef20
0x70225fe074[libsecsdk.so@0x21074]		ldr	x0, [x0]	X0=0x708b79f068
0x70225fe078[libsecsdk.so@0x21078]		b	#16	
0x70225fe088[libsecsdk.so@0x21088]		sub	x0, x0, #8	X0=0x7022a5e030
0x70225fe08c[libsecsdk.so@0x2108c]		cmp	x0, x1	X0=0x7022a5e028 X1=0x7022a5e000
0x70225fe090[libsecsdk.so@0x21090]		b.hs	#-20	
0x70225fe07c[libsecsdk.so@0x2107c]		ldr	x3, [x0]	X0=0x7022a5e028
0x70225fe080[libsecsdk.so@0x21080]		cmp	x3, x2	X3=0x65 X2=0x2896
0x70225fe084[libsecsdk.so@0x21084]		b.eq	#20	
0x70225fe088[libsecsdk.so@0x21088]		sub	x0, x0, #8	X0=0x7022a5e028
0x70225fe08c[libsecsdk.so@0x2108c]		cmp	x0, x1	X0=0x7022a5e020 X1=0x7022a5e000
0x70225fe090[libsecsdk.so@0x21090]		b.hs	#-20	
0x70225fe07c[libsecsdk.so@0x2107c]		ldr	x3, [x0]	X0=0x7022a5e020
0x70225fe080[libsecsdk.so@0x21080]		cmp	x3, x2	X3=0x2896 X2=0x2896
0x70225fe084[libsecsdk.so@0x21084]		b.eq	#20	
0x70225fe098[libsecsdk.so@0x21098]		ret	LR=0x70225f833c
0x70225f833c[libsecsdk.so@0x1b33c]		cbz	x0, #216	X0=0x7022a5e020
0x70225f8340[libsecsdk.so@0x1b340]		ldr	w4, [x23, #24]	X23=0x708b79f068
0x70225f8344[libsecsdk.so@0x1b344]		cmp	w4, wzr	W4=0x8
0x70225f8348[libsecsdk.so@0x1b348]		sbfiz	x3, x4, #2, #32	X4=0x8
0x70225f834c[libsecsdk.so@0x1b34c]		b.le	#72	
0x70225f8350[libsecsdk.so@0x1b350]		ldr	x0, [x25, x3]	X25=0x708a8893c0 X3=0x20
0x70225f8354[libsecsdk.so@0x1b354]		add	x3, x25, x3	X25=0x708a8893c0 X3=0x20
0x70225f8358[libsecsdk.so@0x1b358]		cmp	x28, x0	X28=0x2896 X0=0x65
0x70225f835c[libsecsdk.so@0x1b35c]		b.ne	#8	
0x70225f8364[libsecsdk.so@0x1b364]		mov	w0, #0	
0x70225f8368[libsecsdk.so@0x1b368]		b	#32	
0x70225f8388[libsecsdk.so@0x1b388]		add	w0, w0, #1	W0=0x0
0x70225f838c[libsecsdk.so@0x1b38c]		cmp	w0, w4	W0=0x1 W4=0x8
0x70225f8390[libsecsdk.so@0x1b390]		b.ne	#-36	
0x70225f836c[libsecsdk.so@0x1b36c]		ldr	x1, [x3, #8]!	X3=0x708a8893e0
0x70225f8370[libsecsdk.so@0x1b370]		cmp	x28, x1	X28=0x2896 X1=0x0
0x70225f8374[libsecsdk.so@0x1b374]		cset	w2, eq	
0x70225f8378[libsecsdk.so@0x1b378]		cmp	w19, w0	W19=0x4 W0=0x1
0x70225f837c[libsecsdk.so@0x1b37c]		cset	w1, ne	
0x70225f8380[libsecsdk.so@0x1b380]		tst	w2, w1	W2=0x0 W1=0x1
0x70225f8384[libsecsdk.so@0x1b384]		b.ne	#144	
0x70225f8388[libsecsdk.so@0x1b388]		add	w0, w0, #1	W0=0x1
0x70225f838c[libsecsdk.so@0x1b38c]		cmp	w0, w4	W0=0x2 W4=0x8
0x70225f8390[libsecsdk.so@0x1b390]		b.ne	#-36	
0x70225f836c[libsecsdk.so@0x1b36c]		ldr	x1, [x3, #8]!	X3=0x708a8893e8
0x70225f8370[libsecsdk.so@0x1b370]		cmp	x28, x1	X28=0x2896 X1=0x0
0x70225f8374[libsecsdk.so@0x1b374]		cset	w2, eq	
0x70225f8378[libsecsdk.so@0x1b378]		cmp	w19, w0	W19=0x4 W0=0x2
0x70225f837c[libsecsdk.so@0x1b37c]		cset	w1, ne	
0x70225f8380[libsecsdk.so@0x1b380]		tst	w2, w1	W2=0x0 W1=0x1
0x70225f8384[libsecsdk.so@0x1b384]		b.ne	#144	
0x70225f8388[libsecsdk.so@0x1b388]		add	w0, w0, #1	W0=0x2
0x70225f838c[libsecsdk.so@0x1b38c]		cmp	w0, w4	W0=0x3 W4=0x8
0x70225f8390[libsecsdk.so@0x1b390]		b.ne	#-36	
0x70225f836c[libsecsdk.so@0x1b36c]		ldr	x1, [x3, #8]!	X3=0x708a8893f0
0x70225f8370[libsecsdk.so@0x1b370]		cmp	x28, x1	X28=0x2896 X1=0x59
0x70225f8374[libsecsdk.so@0x1b374]		cset	w2, eq	
0x70225f8378[libsecsdk.so@0x1b378]		cmp	w19, w0	W19=0x4 W0=0x3
0x70225f837c[libsecsdk.so@0x1b37c]		cset	w1, ne	
0x70225f8380[libsecsdk.so@0x1b380]		tst	w2, w1	W2=0x0 W1=0x1
0x70225f8384[libsecsdk.so@0x1b384]		b.ne	#144	
0x70225f8388[libsecsdk.so@0x1b388]		add	w0, w0, #1	W0=0x3
0x70225f838c[libsecsdk.so@0x1b38c]		cmp	w0, w4	W0=0x4 W4=0x8
0x70225f8390[libsecsdk.so@0x1b390]		b.ne	#-36	
0x70225f836c[libsecsdk.so@0x1b36c]		ldr	x1, [x3, #8]!	X3=0x708a8893f8
0x70225f8370[libsecsdk.so@0x1b370]		cmp	x28, x1	X28=0x2896 X1=0x2896
0x70225f8374[libsecsdk.so@0x1b374]		cset	w2, eq	
0x70225f8378[libsecsdk.so@0x1b378]		cmp	w19, w0	W19=0x4 W0=0x4
0x70225f837c[libsecsdk.so@0x1b37c]		cset	w1, ne	
0x70225f8380[libsecsdk.so@0x1b380]		tst	w2, w1	W2=0x1 W1=0x0
0x70225f8384[libsecsdk.so@0x1b384]		b.ne	#144	
0x70225f8388[libsecsdk.so@0x1b388]		add	w0, w0, #1	W0=0x4
0x70225f838c[libsecsdk.so@0x1b38c]		cmp	w0, w4	W0=0x5 W4=0x8
0x70225f8390[libsecsdk.so@0x1b390]		b.ne	#-36	
0x70225f836c[libsecsdk.so@0x1b36c]		ldr	x1, [x3, #8]!	X3=0x708a889400
0x70225f8370[libsecsdk.so@0x1b370]		cmp	x28, x1	X28=0x2896 X1=0x2886
0x70225f8374[libsecsdk.so@0x1b374]		cset	w2, eq	
0x70225f8378[libsecsdk.so@0x1b378]		cmp	w19, w0	W19=0x4 W0=0x5
0x70225f837c[libsecsdk.so@0x1b37c]		cset	w1, ne	
0x70225f8380[libsecsdk.so@0x1b380]		tst	w2, w1	W2=0x0 W1=0x1
0x70225f8384[libsecsdk.so@0x1b384]		b.ne	#144	
0x70225f8388[libsecsdk.so@0x1b388]		add	w0, w0, #1	W0=0x5
0x70225f838c[libsecsdk.so@0x1b38c]		cmp	w0, w4	W0=0x6 W4=0x8
0x70225f8390[libsecsdk.so@0x1b390]		b.ne	#-36	
0x70225f836c[libsecsdk.so@0x1b36c]		ldr	x1, [x3, #8]!	X3=0x708a889408
0x70225f8370[libsecsdk.so@0x1b370]		cmp	x28, x1	X28=0x2896 X1=0x2866
0x70225f8374[libsecsdk.so@0x1b374]		cset	w2, eq	
0x70225f8378[libsecsdk.so@0x1b378]		cmp	w19, w0	W19=0x4 W0=0x6
0x70225f837c[libsecsdk.so@0x1b37c]		cset	w1, ne	
0x70225f8380[libsecsdk.so@0x1b380]		tst	w2, w1	W2=0x0 W1=0x1
0x70225f8384[libsecsdk.so@0x1b384]		b.ne	#144	
0x70225f8388[libsecsdk.so@0x1b388]		add	w0, w0, #1	W0=0x6
0x70225f838c[libsecsdk.so@0x1b38c]		cmp	w0, w4	W0=0x7 W4=0x8
0x70225f8390[libsecsdk.so@0x1b390]		b.ne	#-36	
0x70225f836c[libsecsdk.so@0x1b36c]		ldr	x1, [x3, #8]!	X3=0x708a889410
0x70225f8370[libsecsdk.so@0x1b370]		cmp	x28, x1	X28=0x2896 X1=0x2876
0x70225f8374[libsecsdk.so@0x1b374]		cset	w2, eq	
0x70225f8378[libsecsdk.so@0x1b378]		cmp	w19, w0	W19=0x4 W0=0x7
0x70225f837c[libsecsdk.so@0x1b37c]		cset	w1, ne	
0x70225f8380[libsecsdk.so@0x1b380]		tst	w2, w1	W2=0x0 W1=0x1
0x70225f8384[libsecsdk.so@0x1b384]		b.ne	#144	
0x70225f8388[libsecsdk.so@0x1b388]		add	w0, w0, #1	W0=0x7
0x70225f838c[libsecsdk.so@0x1b38c]		cmp	w0, w4	W0=0x8 W4=0x8
0x70225f8390[libsecsdk.so@0x1b390]		b.ne	#-36	
0x70225f8394[libsecsdk.so@0x1b394]		ldr	x0, [x22, #8]	X22=0x708b79f088
0x70225f8398[libsecsdk.so@0x1b398]		mov	x2, x22	X22=0x708b79f088
0x70225f839c[libsecsdk.so@0x1b39c]		cbz	x0, #48	X0=0x7024730400
0x70225f83a0[libsecsdk.so@0x1b3a0]		ldr	x1, [x0, #32]	X0=0x7024730400
0x70225f83a4[libsecsdk.so@0x1b3a4]		cmp	x28, x1	X28=0x2896 X1=0x2866
0x70225f83a8[libsecsdk.so@0x1b3a8]		b.hi	#18440	
0x70225fcbb0[libsecsdk.so@0x1fbb0]		ldr	x0, [x0, #24]	X0=0x7024730400
0x70225fcbb4[libsecsdk.so@0x1fbb4]		cbnz	x0, #-18452	X0=0x7024730430
0x70225f83a0[libsecsdk.so@0x1b3a0]		ldr	x1, [x0, #32]	X0=0x7024730430
0x70225f83a4[libsecsdk.so@0x1b3a4]		cmp	x28, x1	X28=0x2896 X1=0x2876
0x70225f83a8[libsecsdk.so@0x1b3a8]		b.hi	#18440	
0x70225fcbb0[libsecsdk.so@0x1fbb0]		ldr	x0, [x0, #24]	X0=0x7024730430
0x70225fcbb4[libsecsdk.so@0x1fbb4]		cbnz	x0, #-18452	X0=0x0
0x70225fcbb8[libsecsdk.so@0x1fbb8]		b	#-18432	
0x70225f83b8[libsecsdk.so@0x1b3b8]		cmp	x2, x22	X2=0x708b79f088 X22=0x708b79f088
0x70225f83bc[libsecsdk.so@0x1b3bc]		b.eq	#16	
0x70225f83cc[libsecsdk.so@0x1b3cc]		ldr	x2, [x20]	X20=0x708a819500
0x70225f83d0[libsecsdk.so@0x1b3d0]		mov	x1, x28	X28=0x2896
0x70225f83d4[libsecsdk.so@0x1b3d4]		mov	x0, x20	X20=0x708a819500
0x70225f83d8[libsecsdk.so@0x1b3d8]		ldr	x2, [x2, #1856]	X2=0x70967d16a0
0x70225f83dc[libsecsdk.so@0x1b3dc]		blr	x2	X2=0x70965ebf84 SP=0x708b79ef20
0x70225f83e0[libsecsdk.so@0x1b3e0]		cmp	w0, #1	W0=0x2
0x70225f83e4[libsecsdk.so@0x1b3e4]		ldr	x2, [x20]	X20=0x708a819500
0x70225f83e8[libsecsdk.so@0x1b3e8]		mov	x0, x20	X20=0x708a819500
0x70225f83ec[libsecsdk.so@0x1b3ec]		mov	x1, x28	X28=0x2896
0x70225f83f0[libsecsdk.so@0x1b3f0]		b.eq	#21844	
0x70225f83f4[libsecsdk.so@0x1b3f4]		ldr	x2, [x2, #1856]	X2=0x70967d16a0
0x70225f83f8[libsecsdk.so@0x1b3f8]		blr	x2	X2=0x70965ebf84 SP=0x708b79ef20
0x70225f83fc[libsecsdk.so@0x1b3fc]		cmp	w0, #2	W0=0x2
0x70225f8400[libsecsdk.so@0x1b400]		b.eq	#22164	
0x70225fda94[libsecsdk.so@0x20a94]		ldr	x2, [x20]	X20=0x708a819500
0x70225fda98[libsecsdk.so@0x20a98]		mov	x0, x20	X20=0x708a819500
0x70225fda9c[libsecsdk.so@0x20a9c]		mov	x1, x28	X28=0x2896
0x70225fdaa0[libsecsdk.so@0x20aa0]		ldr	x2, [x2, #176]	X2=0x70967d16a0
0x70225fdaa4[libsecsdk.so@0x20aa4]		blr	x2	X2=0x7096594820 SP=0x708b79ef20
0x70225fdaa8[libsecsdk.so@0x20aa8]		b	#-22180	
0x70225f8404[libsecsdk.so@0x1b404]		ldr	x1, [x23, #8]	X23=0x708b79f068
0x70225f8408[libsecsdk.so@0x1b408]		mov	x0, x23	X23=0x708b79f068
0x70225f840c[libsecsdk.so@0x1b40c]		mov	x2, x28	X28=0x2896
0x70225f8410[libsecsdk.so@0x1b410]		bl	#23692	SP=0x708b79ef20
0x70225fe09c[libsecsdk.so@0x2109c]		sub	sp, sp, #16	SP=0x708b79ef20
0x70225fe0a0[libsecsdk.so@0x210a0]		str	x30, [sp]	LR=0x70225f8414 SP=0x708b79ef10
0x70225fe0a4[libsecsdk.so@0x210a4]		ldr	x6, [x0]	X0=0x708b79f068
0x70225fe0a8[libsecsdk.so@0x210a8]		mov	x4, x6	X6=0x7022a5e030
0x70225fe0ac[libsecsdk.so@0x210ac]		b	#20	
0x70225fe0c0[libsecsdk.so@0x210c0]		sub	x3, x4, #8	X4=0x7022a5e030
0x70225fe0c4[libsecsdk.so@0x210c4]		cmp	x1, x3	X1=0x7022a5e000 X3=0x7022a5e028
0x70225fe0c8[libsecsdk.so@0x210c8]		b.ls	#-24	
0x70225fe0b0[libsecsdk.so@0x210b0]		ldur	x5, [x4, #-8]	X4=0x7022a5e030
0x70225fe0b4[libsecsdk.so@0x210b4]		cmp	x2, x5	X2=0x2896 X5=0x65
0x70225fe0b8[libsecsdk.so@0x210b8]		b.eq	#36	
0x70225fe0bc[libsecsdk.so@0x210bc]		mov	x4, x3	X3=0x7022a5e028
0x70225fe0c0[libsecsdk.so@0x210c0]		sub	x3, x4, #8	X4=0x7022a5e028
0x70225fe0c4[libsecsdk.so@0x210c4]		cmp	x1, x3	X1=0x7022a5e000 X3=0x7022a5e020
0x70225fe0c8[libsecsdk.so@0x210c8]		b.ls	#-24	
0x70225fe0b0[libsecsdk.so@0x210b0]		ldur	x5, [x4, #-8]	X4=0x7022a5e028
0x70225fe0b4[libsecsdk.so@0x210b4]		cmp	x2, x5	X2=0x2896 X5=0x2896
0x70225fe0b8[libsecsdk.so@0x210b8]		b.eq	#36	
0x70225fe0dc[libsecsdk.so@0x210dc]		sub	x6, x6, #8	X6=0x7022a5e030
0x70225fe0e0[libsecsdk.so@0x210e0]		str	x6, [x0]	X6=0x7022a5e028 X0=0x708b79f068
0x70225fe0e4[libsecsdk.so@0x210e4]		sub	x6, x6, x3	X6=0x7022a5e028 X3=0x7022a5e020
0x70225fe0e8[libsecsdk.so@0x210e8]		asr	x2, x6, #3	X6=0x8
0x70225fe0ec[libsecsdk.so@0x210ec]		cbnz	w2, #20	W2=0x1
0x70225fe100[libsecsdk.so@0x21100]		mov	x0, x3	X3=0x7022a5e020
0x70225fe104[libsecsdk.so@0x21104]		mov	x1, x4	X4=0x7022a5e028
0x70225fe108[libsecsdk.so@0x21108]		sbfiz	x2, x2, #3, #32	X2=0x1
0x70225fe10c[libsecsdk.so@0x2110c]		bl	#-100860	SP=0x708b79ef10
0x70225e5710[libsecsdk.so@0x8710]		adrp	x16, #266240	
0x70225e5714[libsecsdk.so@0x8714]		ldr	x17, [x16, #3288]	X16=0x7022626000
0x70225e5718[libsecsdk.so@0x8718]		add	x16, x16, #3288	X16=0x7022626000
0x70225e571c[libsecsdk.so@0x871c]		br	x17	X17=0x711ac12280
0x70225fe110[libsecsdk.so@0x21110]		mov	w0, #1	
0x70225fe114[libsecsdk.so@0x21114]		b	#-32	
0x70225fe0f4[libsecsdk.so@0x210f4]		ldr	x30, [sp]	SP=0x708b79ef10
0x70225fe0f8[libsecsdk.so@0x210f8]		add	sp, sp, #16	SP=0x708b79ef10
0x70225fe0fc[libsecsdk.so@0x210fc]		ret	LR=0x70225f8414
0x70225f8414[libsecsdk.so@0x1b414]		fmov	w0, s9	
0x70225f8418[libsecsdk.so@0x1b418]		mov	x1, x23	X23=0x708b79f068
0x70225f841c[libsecsdk.so@0x1b41c]		fmov	x2, d11	
0x70225f8420[libsecsdk.so@0x1b420]		str	s11, [x25, w19, sxtw #2]	X25=0x708a8893c0 W19=0x4
0x70225f8424[libsecsdk.so@0x1b424]		mov	w3, w0	W0=0x8
0x70225f8428[libsecsdk.so@0x1b428]		add	x3, x3, w19, sxtw #1	X3=0x8 W19=0x4
0x70225f842c[libsecsdk.so@0x1b42c]		lsl	x3, x3, #2	X3=0x10
0x70225f8430[libsecsdk.so@0x1b430]		mov	x0, x20	X20=0x708a819500
0x70225f8434[libsecsdk.so@0x1b434]		str	d11, [x25, x3]	X25=0x708a8893c0 X3=0x40
0x70225f8438[libsecsdk.so@0x1b438]		bl	#23376	SP=0x708b79ef20
0x70225fdf88[libsecsdk.so@0x20f88]		sub	sp, sp, #32	SP=0x708b79ef20
0x70225fdf8c[libsecsdk.so@0x20f8c]		stp	x19, x20, [sp]	X19=0x4 X20=0x708a819500 SP=0x708b79ef00
0x70225fdf90[libsecsdk.so@0x20f90]		stp	x21, x30, [sp, #16]	X21=0x7022625000 LR=0x70225f843c SP=0x708b79ef00
0x70225fdf94[libsecsdk.so@0x20f94]		cbz	x2, #136	X2=0x79
0x70225fdf98[libsecsdk.so@0x20f98]		ldr	x5, [x1]	X1=0x708b79f068
0x70225fdf9c[libsecsdk.so@0x20f9c]		ldr	x0, [x1, #8]	X1=0x708b79f068
0x70225fdfa0[libsecsdk.so@0x20fa0]		mov	x3, x5	X5=0x7022a5e028
0x70225fdfa4[libsecsdk.so@0x20fa4]		b	#16	
0x70225fdfb4[libsecsdk.so@0x20fb4]		sub	x3, x3, #8	X3=0x7022a5e028
0x70225fdfb8[libsecsdk.so@0x20fb8]		cmp	x0, x3	X0=0x7022a5e000 X3=0x7022a5e020
0x70225fdfbc[libsecsdk.so@0x20fbc]		b.ls	#-20	
0x70225fdfa8[libsecsdk.so@0x20fa8]		ldr	x4, [x3]	X3=0x7022a5e020
0x70225fdfac[libsecsdk.so@0x20fac]		cmp	x2, x4	X2=0x79 X4=0x65
0x70225fdfb0[libsecsdk.so@0x20fb0]		b.eq	#72	
0x70225fdfb4[libsecsdk.so@0x20fb4]		sub	x3, x3, #8	X3=0x7022a5e020
0x70225fdfb8[libsecsdk.so@0x20fb8]		cmp	x0, x3	X0=0x7022a5e000 X3=0x7022a5e018
0x70225fdfbc[libsecsdk.so@0x20fbc]		b.ls	#-20	
0x70225fdfa8[libsecsdk.so@0x20fa8]		ldr	x4, [x3]	X3=0x7022a5e018
0x70225fdfac[libsecsdk.so@0x20fac]		cmp	x2, x4	X2=0x79 X4=0x2886
0x70225fdfb0[libsecsdk.so@0x20fb0]		b.eq	#72	
0x70225fdfb4[libsecsdk.so@0x20fb4]		sub	x3, x3, #8	X3=0x7022a5e018
0x70225fdfb8[libsecsdk.so@0x20fb8]		cmp	x0, x3	X0=0x7022a5e000 X3=0x7022a5e010
0x70225fdfbc[libsecsdk.so@0x20fbc]		b.ls	#-20	
0x70225fdfa8[libsecsdk.so@0x20fa8]		ldr	x4, [x3]	X3=0x7022a5e010
0x70225fdfac[libsecsdk.so@0x20fac]		cmp	x2, x4	X2=0x79 X4=0x59
0x70225fdfb0[libsecsdk.so@0x20fb0]		b.eq	#72	
0x70225fdfb4[libsecsdk.so@0x20fb4]		sub	x3, x3, #8	X3=0x7022a5e010
0x70225fdfb8[libsecsdk.so@0x20fb8]		cmp	x0, x3	X0=0x7022a5e000 X3=0x7022a5e008
0x70225fdfbc[libsecsdk.so@0x20fbc]		b.ls	#-20	
0x70225fdfa8[libsecsdk.so@0x20fa8]		ldr	x4, [x3]	X3=0x7022a5e008
0x70225fdfac[libsecsdk.so@0x20fac]		cmp	x2, x4	X2=0x79 X4=0x2876
0x70225fdfb0[libsecsdk.so@0x20fb0]		b.eq	#72	
0x70225fdfb4[libsecsdk.so@0x20fb4]		sub	x3, x3, #8	X3=0x7022a5e008
0x70225fdfb8[libsecsdk.so@0x20fb8]		cmp	x0, x3	X0=0x7022a5e000 X3=0x7022a5e000
0x70225fdfbc[libsecsdk.so@0x20fbc]		b.ls	#-20	
0x70225fdfa8[libsecsdk.so@0x20fa8]		ldr	x4, [x3]	X3=0x7022a5e000
0x70225fdfac[libsecsdk.so@0x20fac]		cmp	x2, x4	X2=0x79 X4=0x2866
0x70225fdfb0[libsecsdk.so@0x20fb0]		b.eq	#72	
0x70225fdfb4[libsecsdk.so@0x20fb4]		sub	x3, x3, #8	X3=0x7022a5e000
0x70225fdfb8[libsecsdk.so@0x20fb8]		cmp	x0, x3	X0=0x7022a5e000 X3=0x7022a5dff8
0x70225fdfbc[libsecsdk.so@0x20fbc]		b.ls	#-20	
0x70225fdfc0[libsecsdk.so@0x20fc0]		mov	x19, x1	X1=0x708b79f068
0x70225fdfc4[libsecsdk.so@0x20fc4]		ldr	w1, [x1, #16]	X1=0x708b79f068
0x70225fdfc8[libsecsdk.so@0x20fc8]		add	x3, x0, w1, sxtw #3	X0=0x7022a5e000 W1=0x400
0x70225fdfcc[libsecsdk.so@0x20fcc]		cmp	x3, x5	X3=0x7022a60000 X5=0x7022a5e028
0x70225fdfd0[libsecsdk.so@0x20fd0]		mov	x21, x2	X2=0x79
0x70225fdfd4[libsecsdk.so@0x20fd4]		b.eq	#92	
0x70225fdfd8[libsecsdk.so@0x20fd8]		add	x0, x5, #8	X5=0x7022a5e028
0x70225fdfdc[libsecsdk.so@0x20fdc]		str	x0, [x19]	X0=0x7022a5e030 X19=0x708b79f068
0x70225fdfe0[libsecsdk.so@0x20fe0]		str	x21, [x5]	X21=0x79 X5=0x7022a5e028
0x70225fdfe4[libsecsdk.so@0x20fe4]		mov	w0, #1	
0x70225fdfe8[libsecsdk.so@0x20fe8]		ldp	x19, x20, [sp]	SP=0x708b79ef00
0x70225fdfec[libsecsdk.so@0x20fec]		ldp	x21, x30, [sp, #16]	SP=0x708b79ef00
0x70225fdff0[libsecsdk.so@0x20ff0]		add	sp, sp, #32	SP=0x708b79ef00
0x70225fdff4[libsecsdk.so@0x20ff4]		ret	LR=0x70225f843c
0x70225f843c[libsecsdk.so@0x1b43c]		ldr	x1, [x27]	X27=0x708b79f040
0x70225f8440[libsecsdk.so@0x1b440]		add	x0, x21, #928	X21=0x7022625000
0x70225f8444[libsecsdk.so@0x1b444]		add	x2, x1, #2	X1=0x711b5b7380
0x70225f8448[libsecsdk.so@0x1b448]		str	x2, [x27]	X2=0x711b5b7382 X27=0x708b79f040
0x70225f844c[libsecsdk.so@0x1b44c]		ldrh	w19, [x1, #2]	X1=0x711b5b7380
0x70225f8450[libsecsdk.so@0x1b450]		uxtb	w1, w19	W19=0x206e
0x70225f8454[libsecsdk.so@0x1b454]		ldr	x0, [x0, w1, sxtw #3]	X0=0x70226253a0 W1=0x6e
0x70225f8458[libsecsdk.so@0x1b458]		br	x0	X0=0x70225f6628
0x70225f6628[libsecsdk.so@0x19628]		ldr	x0, [x27]	X27=0x708b79f040
0x70225f662c[libsecsdk.so@0x1962c]		asr	w1, w19, #12	W19=0x206e
0x70225f6630[libsecsdk.so@0x19630]		fmov	w2, s9	
0x70225f6634[libsecsdk.so@0x19634]		str	w1, [sp, #192]	W1=0x2 SP=0x708b79ef20
0x70225f6638[libsecsdk.so@0x19638]		ldrh	w3, [x0, #4]	X0=0x711b5b7382
0x70225f663c[libsecsdk.so@0x1963c]		ldrh	w6, [x0, #2]	X0=0x711b5b7382
0x70225f6640[libsecsdk.so@0x19640]		mov	w7, w2	W2=0x8
0x70225f6644[libsecsdk.so@0x19644]		and	w4, w3, #0xf	W3=0x40
0x70225f6648[libsecsdk.so@0x19648]		asr	w2, w19, #8	W19=0x206e
0x70225f664c[libsecsdk.so@0x1964c]		sxtw	x19, w1	X1=0x2
0x70225f6650[libsecsdk.so@0x19650]		add	x1, x7, w4, uxtw #1	X7=0x8 W4=0x0
0x70225f6654[libsecsdk.so@0x19654]		lsl	x1, x1, #2	X1=0x8
0x70225f6658[libsecsdk.so@0x19658]		fmov	s8, w2	W2=0x20
0x70225f665c[libsecsdk.so@0x1965c]		lsl	x0, x19, #2	X19=0x2
0x70225f6660[libsecsdk.so@0x19660]		str	x6, [sp, #240]	X6=0x46 SP=0x708b79ef20
0x70225f6664[libsecsdk.so@0x19664]		ldr	x12, [x25, x1]	X25=0x708a8893c0 X1=0x20
0x70225f6668[libsecsdk.so@0x19668]		str	x3, [sp, #232]	X3=0x40 SP=0x708b79ef20
0x70225f666c[libsecsdk.so@0x1966c]		str	x7, [sp, #224]	X7=0x8 SP=0x708b79ef20
0x70225f6670[libsecsdk.so@0x19670]		str	x4, [sp, #216]	X4=0x0 SP=0x708b79ef20
0x70225f6674[libsecsdk.so@0x19674]		str	x12, [sp, #208]	X12=0x65 SP=0x708b79ef20
0x70225f6678[libsecsdk.so@0x19678]		bl	#63348	SP=0x708b79ef20
0x7022605dec[libsecsdk.so@0x28dec]		stp	x29, x30, [sp, #-16]!	FP=0x708b79f600 LR=0x70225f667c SP=0x708b79ef20
0x7022605df0[libsecsdk.so@0x28df0]		mov	x29, sp	SP=0x708b79ef10
0x7022605df4[libsecsdk.so@0x28df4]		bl	#-212	SP=0x708b79ef10
0x7022605d20[libsecsdk.so@0x28d20]		stp	x29, x30, [sp, #-32]!	FP=0x708b79ef10 LR=0x7022605df8 SP=0x708b79ef10
0x7022605d24[libsecsdk.so@0x28d24]		mov	x29, sp	SP=0x708b79eef0
0x7022605d28[libsecsdk.so@0x28d28]		stp	x19, x20, [sp, #16]	X19=0x2 X20=0x708a819500 SP=0x708b79eef0
0x7022605d2c[libsecsdk.so@0x28d2c]		mov	x19, x0	X0=0x8
0x7022605d30[libsecsdk.so@0x28d30]		adrp	x20, #139264	
0x7022605d34[libsecsdk.so@0x28d34]		b	#32	
0x7022605d54[libsecsdk.so@0x28d54]		mov	x0, x19	X19=0x8
0x7022605d58[libsecsdk.so@0x28d58]		bl	#-132552	SP=0x708b79eef0
0x70225e5790[libsecsdk.so@0x8790]		adrp	x16, #266240	
0x70225e5794[libsecsdk.so@0x8794]		ldr	x17, [x16, #3352]	X16=0x7022626000
0x70225e5798[libsecsdk.so@0x8798]		add	x16, x16, #3352	X16=0x7022626000
0x70225e579c[libsecsdk.so@0x879c]		br	x17	X17=0x711abd432c
0x7022605d5c[libsecsdk.so@0x28d5c]		cbz	x0, #-36	X0=0x708a81f8f8
0x7022605d60[libsecsdk.so@0x28d60]		ldp	x19, x20, [sp, #16]	SP=0x708b79eef0
0x7022605d64[libsecsdk.so@0x28d64]		ldp	x29, x30, [sp], #32	SP=0x708b79eef0
0x7022605d68[libsecsdk.so@0x28d68]		ret	LR=0x7022605df8
0x7022605df8[libsecsdk.so@0x28df8]		ldp	x29, x30, [sp], #16	SP=0x708b79ef10
0x7022605dfc[libsecsdk.so@0x28dfc]		ret	LR=0x70225f667c
0x70225f667c[libsecsdk.so@0x1967c]		mov	x28, x0	X0=0x708a81f8f8
0x70225f6680[libsecsdk.so@0x19680]		lsl	x0, x19, #3	X19=0x2
0x70225f6684[libsecsdk.so@0x19684]		bl	#63336	SP=0x708b79ef20
0x7022605dec[libsecsdk.so@0x28dec]		stp	x29, x30, [sp, #-16]!	FP=0x708b79f600 LR=0x70225f6688 SP=0x708b79ef20
0x7022605df0[libsecsdk.so@0x28df0]		mov	x29, sp	SP=0x708b79ef10
0x7022605df4[libsecsdk.so@0x28df4]		bl	#-212	SP=0x708b79ef10
0x7022605d20[libsecsdk.so@0x28d20]		stp	x29, x30, [sp, #-32]!	FP=0x708b79ef10 LR=0x7022605df8 SP=0x708b79ef10
0x7022605d24[libsecsdk.so@0x28d24]		mov	x29, sp	SP=0x708b79eef0
0x7022605d28[libsecsdk.so@0x28d28]		stp	x19, x20, [sp, #16]	X19=0x2 X20=0x708a819500 SP=0x708b79eef0
0x7022605d2c[libsecsdk.so@0x28d2c]		mov	x19, x0	X0=0x10
0x7022605d30[libsecsdk.so@0x28d30]		adrp	x20, #139264	
0x7022605d34[libsecsdk.so@0x28d34]		b	#32	
0x7022605d54[libsecsdk.so@0x28d54]		mov	x0, x19	X19=0x10
0x7022605d58[libsecsdk.so@0x28d58]		bl	#-132552	SP=0x708b79eef0
0x70225e5790[libsecsdk.so@0x8790]		adrp	x16, #266240	
0x70225e5794[libsecsdk.so@0x8794]		ldr	x17, [x16, #3352]	X16=0x7022626000
0x70225e5798[libsecsdk.so@0x8798]		add	x16, x16, #3352	X16=0x7022626000
0x70225e579c[libsecsdk.so@0x879c]		br	x17	X17=0x711abd432c
0x7022605d5c[libsecsdk.so@0x28d5c]		cbz	x0, #-36	X0=0x7022b26a20
0x7022605d60[libsecsdk.so@0x28d60]		ldp	x19, x20, [sp, #16]	SP=0x708b79eef0
0x7022605d64[libsecsdk.so@0x28d64]		ldp	x29, x30, [sp], #32	SP=0x708b79eef0
0x7022605d68[libsecsdk.so@0x28d68]		ret	LR=0x7022605df8
0x7022605df8[libsecsdk.so@0x28df8]		ldp	x29, x30, [sp], #16	SP=0x708b79ef10
0x7022605dfc[libsecsdk.so@0x28dfc]		ret	LR=0x70225f6688
0x70225f6688[libsecsdk.so@0x19688]		mov	x19, x0	X0=0x7022b26a20
0x70225f668c[libsecsdk.so@0x1968c]		ldr	x2, [sp, #192]	SP=0x708b79ef20
0x70225f6690[libsecsdk.so@0x19690]		mov	w1, #0	
0x70225f6694[libsecsdk.so@0x19694]		mov	x0, x28	X28=0x708a81f8f8
0x70225f6698[libsecsdk.so@0x19698]		ubfiz	x2, x2, #2, #4	X2=0x7000000002
0x70225f669c[libsecsdk.so@0x1969c]		bl	#-68940	SP=0x708b79ef20
0x70225e5950[libsecsdk.so@0x8950]		adrp	x16, #266240	
0x70225e5954[libsecsdk.so@0x8954]		ldr	x17, [x16, #3576]	X16=0x7022626000
0x70225e5958[libsecsdk.so@0x8958]		add	x16, x16, #3576	X16=0x7022626000
0x70225e595c[libsecsdk.so@0x895c]		br	x17	X17=0x711ac12340
0x70225f66a0[libsecsdk.so@0x196a0]		ldr	x2, [sp, #192]	SP=0x708b79ef20
0x70225f66a4[libsecsdk.so@0x196a4]		mov	w1, #0	
0x70225f66a8[libsecsdk.so@0x196a8]		mov	x0, x19	X19=0x7022b26a20
0x70225f66ac[libsecsdk.so@0x196ac]		ubfiz	x2, x2, #3, #4	X2=0x7000000002
0x70225f66b0[libsecsdk.so@0x196b0]		bl	#-68960	SP=0x708b79ef20
0x70225e5950[libsecsdk.so@0x8950]		adrp	x16, #266240	
0x70225e5954[libsecsdk.so@0x8954]		ldr	x17, [x16, #3576]	X16=0x7022626000
0x70225e5958[libsecsdk.so@0x8958]		add	x16, x16, #3576	X16=0x7022626000
0x70225e595c[libsecsdk.so@0x895c]		br	x17	X17=0x711ac12340
0x70225f66b4[libsecsdk.so@0x196b4]		ldr	w1, [sp, #192]	SP=0x708b79ef20
0x70225f66b8[libsecsdk.so@0x196b8]		ldr	x12, [sp, #208]	SP=0x708b79ef20
0x70225f66bc[libsecsdk.so@0x196bc]		sub	w0, w1, #1	W1=0x2
0x70225f66c0[libsecsdk.so@0x196c0]		ldr	x4, [sp, #216]	SP=0x708b79ef20
0x70225f66c4[libsecsdk.so@0x196c4]		cmp	w0, #4	W0=0x1
0x70225f66c8[libsecsdk.so@0x196c8]		ldr	x7, [sp, #224]	SP=0x708b79ef20
0x70225f66cc[libsecsdk.so@0x196cc]		ldr	x3, [sp, #232]	SP=0x708b79ef20
0x70225f66d0[libsecsdk.so@0x196d0]		ldr	x6, [sp, #240]	SP=0x708b79ef20
0x70225f66d4[libsecsdk.so@0x196d4]		b.hi	#-364	
0x70225f66d8[libsecsdk.so@0x196d8]		adrp	x1, #94208	
0x70225f66dc[libsecsdk.so@0x196dc]		add	x1, x1, #3436	X1=0x702260d000
0x70225f66e0[libsecsdk.so@0x196e0]		ldrh	w0, [x1, w0, uxtw #1]	X1=0x702260dd6c W0=0x1
0x70225f66e4[libsecsdk.so@0x196e4]		adr	x1, #12	
0x70225f66e8[libsecsdk.so@0x196e8]		add	x0, x1, w0, sxth #2	X1=0x70225f66f0 W0=0x18b3
0x70225f66ec[libsecsdk.so@0x196ec]		br	x0	X0=0x70225fc9bc
0x70225fc9bc[libsecsdk.so@0x1f9bc]		ubfx	x3, x3, #4, #4	X3=0x40
0x70225fc9c0[libsecsdk.so@0x1f9c0]		add	x7, x7, w3, sxtw #1	X7=0x8 W3=0x4
0x70225fc9c4[libsecsdk.so@0x1f9c4]		lsl	x7, x7, #2	X7=0x10
0x70225fc9c8[libsecsdk.so@0x1f9c8]		ldr	w0, [x25, w3, sxtw #2]	X25=0x708a8893c0 W3=0x4
0x70225fc9cc[libsecsdk.so@0x1f9cc]		str	w0, [x28, #4]	W0=0x79 X28=0x708a81f8f8
0x70225fc9d0[libsecsdk.so@0x1f9d0]		ldr	x0, [x25, x7]	X25=0x708a8893c0 X7=0x40
0x70225fc9d4[libsecsdk.so@0x1f9d4]		str	x0, [x19, #8]	X0=0x79 X19=0x7022b26a20
0x70225fc9d8[libsecsdk.so@0x1f9d8]		ubfiz	x4, x4, #2, #4	X4=0x0
0x70225fc9dc[libsecsdk.so@0x1f9dc]		ldr	w0, [x25, x4]	X25=0x708a8893c0 X4=0x0
0x70225fc9e0[libsecsdk.so@0x1f9e0]		str	w0, [x28]	W0=0x65 X28=0x708a81f8f8
0x70225fc9e4[libsecsdk.so@0x1f9e4]		str	x12, [x19]	X12=0x65 X19=0x7022b26a20
0x70225fc9e8[libsecsdk.so@0x1f9e8]		b	#-25728	
0x70225f6568[libsecsdk.so@0x19568]		mov	x1, x12	X12=0x65
0x70225f656c[libsecsdk.so@0x1956c]		cbz	x12, #392	X12=0x65
0x70225f6570[libsecsdk.so@0x19570]		ldr	w5, [sp, #192]	SP=0x708b79ef20
0x70225f6574[libsecsdk.so@0x19574]		add	x8, sp, #287	SP=0x708b79ef20
0x70225f6578[libsecsdk.so@0x19578]		mov	w7, #0	
0x70225f657c[libsecsdk.so@0x1957c]		str	x8, [sp, #16]	X8=0x708b79f03f SP=0x708b79ef20
0x70225f6580[libsecsdk.so@0x19580]		mov	x1, x20	X20=0x708a819500
0x70225f6584[libsecsdk.so@0x19584]		mov	x2, x12	X12=0x65
0x70225f6588[libsecsdk.so@0x19588]		mov	x3, x28	X28=0x708a81f8f8
0x70225f658c[libsecsdk.so@0x1958c]		mov	x4, x19	X19=0x7022b26a20
0x70225f6590[libsecsdk.so@0x19590]		strb	w7, [sp]	W7=0x0 SP=0x708b79ef20
0x70225f6594[libsecsdk.so@0x19594]		mov	x0, x24	X24=0x708a81f3e8
0x70225f6598[libsecsdk.so@0x19598]		strb	w7, [sp, #8]	W7=0x0 SP=0x708b79ef20
0x70225f659c[libsecsdk.so@0x1959c]		str	x8, [sp, #192]	X8=0x708b79f03f SP=0x708b79ef20
0x70225f65a0[libsecsdk.so@0x195a0]		strb	w7, [sp, #287]	W7=0x0 SP=0x708b79ef20
0x70225f65a4[libsecsdk.so@0x195a4]		bl	#45624	SP=0x708b79ef20
0x70226017dc[libsecsdk.so@0x247dc]		sub	sp, sp, #160	SP=0x708b79ef20
0x70226017e0[libsecsdk.so@0x247e0]		uxtb	w7, w7	W7=0x0
0x70226017e4[libsecsdk.so@0x247e4]		ubfiz	x6, x6, #3, #32	X6=0x46
0x70226017e8[libsecsdk.so@0x247e8]		stp	d8, d9, [sp, #88]	SP=0x708b79ee80
0x70226017ec[libsecsdk.so@0x247ec]		str	d14, [sp, #136]	SP=0x708b79ee80
0x70226017f0[libsecsdk.so@0x247f0]		stp	d12, d13, [sp, #120]	SP=0x708b79ee80
0x70226017f4[libsecsdk.so@0x247f4]		stp	x19, x20, [sp]	X19=0x7022b26a20 X20=0x708a819500 SP=0x708b79ee80
0x70226017f8[libsecsdk.so@0x247f8]		stp	d10, d11, [sp, #104]	SP=0x708b79ee80
0x70226017fc[libsecsdk.so@0x247fc]		stp	x23, x24, [sp, #32]	X23=0x708b79f068 X24=0x708a81f3e8 SP=0x708b79ee80
0x7022601800[libsecsdk.so@0x24800]		stp	x25, x26, [sp, #48]	X25=0x708a8893c0 X26=0x70228b8c00 SP=0x708b79ee80
0x7022601804[libsecsdk.so@0x24804]		stp	x21, x22, [sp, #16]	X21=0x7022625000 X22=0x708b79f088 SP=0x708b79ee80
0x7022601808[libsecsdk.so@0x24808]		stp	x27, x28, [sp, #64]	X27=0x708b79f040 X28=0x708a81f8f8 SP=0x708b79ee80
0x702260180c[libsecsdk.so@0x2480c]		str	x30, [sp, #80]	LR=0x70225f65a8 SP=0x708b79ee80
0x7022601810[libsecsdk.so@0x24810]		mov	x24, #0	
0x7022601814[libsecsdk.so@0x24814]		fmov	s13, w7	W7=0x0
0x7022601818[libsecsdk.so@0x24818]		ldrb	w7, [sp, #168]	SP=0x708b79ee80
0x702260181c[libsecsdk.so@0x2481c]		ldr	x8, [x0]	X0=0x708a81f3e8
0x7022601820[libsecsdk.so@0x24820]		ldrb	w26, [sp, #160]	SP=0x708b79ee80
0x7022601824[libsecsdk.so@0x24824]		fmov	s8, w7	W7=0x0
0x7022601828[libsecsdk.so@0x24828]		ldr	x7, [x8, #40]	X8=0x7022a969c0
0x702260182c[libsecsdk.so@0x2482c]		adds	x19, x7, x6	X7=0x702489e5f0 X6=0x230
0x7022601830[libsecsdk.so@0x24830]		b.eq	#472	
0x7022601834[libsecsdk.so@0x24834]		ldr	w10, [x19, #4]	X19=0x702489e820
0x7022601838[libsecsdk.so@0x24838]		ldr	x9, [x8, #16]	X8=0x7022a969c0
0x702260183c[libsecsdk.so@0x2483c]		ldr	x20, [x8, #88]	X8=0x7022a969c0
0x7022601840[libsecsdk.so@0x24840]		ldr	w8, [x9, x10, lsl #2]	X9=0x702489e070 X10=0x60
0x7022601844[libsecsdk.so@0x24844]		add	x20, x20, x8	X20=0x702489e000 X8=0x1983
0x7022601848[libsecsdk.so@0x24848]		ldrsb	w8, [x20], #1	X20=0x702489f983
0x702260184c[libsecsdk.so@0x2484c]		tbnz	w8, #31, #-4	W8=0x7
0x7022601850[libsecsdk.so@0x24850]		fmov	d12, x2	X2=0x65
0x7022601854[libsecsdk.so@0x24854]		mov	x21, x1	X1=0x708a819500
0x7022601858[libsecsdk.so@0x24858]		fmov	s14, w5	W5=0x2
0x702260185c[libsecsdk.so@0x2485c]		ldrh	w1, [x19, #2]	X19=0x702489e820
0x7022601860[libsecsdk.so@0x24860]		fmov	d11, x4	X4=0x7022b26a20
0x7022601864[libsecsdk.so@0x24864]		mov	x22, x0	X0=0x708a81f3e8
0x7022601868[libsecsdk.so@0x24868]		fmov	d10, x3	X3=0x708a81f8f8
0x702260186c[libsecsdk.so@0x2486c]		str	x7, [sp, #152]	X7=0x702489e5f0 SP=0x708b79ee80
0x7022601870[libsecsdk.so@0x24870]		str	x6, [sp, #144]	X6=0x230 SP=0x708b79ee80
0x7022601874[libsecsdk.so@0x24874]		bl	#-9560	SP=0x708b79ee80
0x70225ff31c[libsecsdk.so@0x2231c]		sub	sp, sp, #96	SP=0x708b79ee80
0x70225ff320[libsecsdk.so@0x22320]		mov	w1, w1	W1=0x22
0x70225ff324[libsecsdk.so@0x22324]		add	x1, x1, x1, lsl #1	X1=0x22 X1=0x22
0x70225ff328[libsecsdk.so@0x22328]		stp	x21, x22, [sp, #16]	X21=0x708a819500 X22=0x708a81f3e8 SP=0x708b79ee20
0x70225ff32c[libsecsdk.so@0x2232c]		stp	x19, x20, [sp]	X19=0x702489e820 X20=0x702489f984 SP=0x708b79ee20
0x70225ff330[libsecsdk.so@0x22330]		stp	x23, x24, [sp, #32]	X23=0x708b79f068 X24=0x0 SP=0x708b79ee20
0x70225ff334[libsecsdk.so@0x22334]		stp	x25, x26, [sp, #48]	X25=0x708a8893c0 X26=0x0 SP=0x708b79ee20
0x70225ff338[libsecsdk.so@0x22338]		stp	x27, x28, [sp, #64]	X27=0x708b79f040 X28=0x708a81f8f8 SP=0x708b79ee20
0x70225ff33c[libsecsdk.so@0x2233c]		str	x30, [sp, #80]	LR=0x7022601878 SP=0x708b79ee20
0x70225ff340[libsecsdk.so@0x22340]		mov	x22, x0	X0=0x708a81f3e8
0x70225ff344[libsecsdk.so@0x22344]		ldr	x0, [x0]	X0=0x708a81f3e8
0x70225ff348[libsecsdk.so@0x22348]		ldr	x23, [x0, #48]	X0=0x7022a969c0
0x70225ff34c[libsecsdk.so@0x2234c]		add	x23, x23, x1, lsl #2	X23=0x702489e3e4 X1=0x66
0x70225ff350[libsecsdk.so@0x22350]		ldr	w1, [x23, #8]	X23=0x702489e57c
0x70225ff354[libsecsdk.so@0x22354]		cbnz	w1, #272	W1=0x1344
0x70225ff464[libsecsdk.so@0x22464]		ldr	x21, [x0, #88]	X0=0x7022a969c0
0x70225ff468[libsecsdk.so@0x22468]		mov	w1, w1	W1=0x1344
0x70225ff46c[libsecsdk.so@0x2246c]		adds	x26, x21, x1	X21=0x702489e000 X1=0x1344
0x70225ff470[libsecsdk.so@0x22470]		b.eq	#88	
0x70225ff474[libsecsdk.so@0x22474]		ldr	w25, [x21, x1]	X21=0x702489e000 X1=0x1344
0x70225ff478[libsecsdk.so@0x22478]		cbz	w25, #100	W25=0x1
0x70225ff47c[libsecsdk.so@0x2247c]		sub	w24, w25, #1	W25=0x1
0x70225ff480[libsecsdk.so@0x22480]		ldr	x27, [x0, #24]	X0=0x7022a969c0
0x70225ff484[libsecsdk.so@0x22484]		add	x24, x24, #3	X24=0x0
0x70225ff488[libsecsdk.so@0x22488]		ldr	x28, [x0, #16]	X0=0x7022a969c0
0x70225ff48c[libsecsdk.so@0x2248c]		add	x19, x26, #4	X26=0x702489f344
0x70225ff490[libsecsdk.so@0x22490]		mov	x20, #3	
0x70225ff494[libsecsdk.so@0x22494]		add	x24, x26, x24, lsl #1	X26=0x702489f344 X24=0x3
0x70225ff498[libsecsdk.so@0x22498]		ldrh	w2, [x19]	X19=0x702489f348
0x70225ff49c[libsecsdk.so@0x2249c]		ldr	w2, [x27, x2, lsl #2]	X27=0x702489e35c X2=0x1f
0x70225ff4a0[libsecsdk.so@0x224a0]		ldr	w1, [x28, x2, lsl #2]	X28=0x702489e070 X2=0x49
0x70225ff4a4[libsecsdk.so@0x224a4]		add	x0, x21, x1	X21=0x702489e000 X1=0x1861
0x70225ff4a8[libsecsdk.so@0x224a8]		ldrsb	w1, [x0], #1	X0=0x702489f861
0x70225ff4ac[libsecsdk.so@0x224ac]		tbnz	w1, #31, #-4	W1=0x2
0x70225ff4b0[libsecsdk.so@0x224b0]		bl	#-105008	SP=0x708b79ee20
0x70225e5a80[libsecsdk.so@0x8a80]		adrp	x16, #266240	
0x70225e5a84[libsecsdk.so@0x8a84]		ldr	x17, [x16, #3728]	X16=0x7022626000
0x70225e5a88[libsecsdk.so@0x8a88]		add	x16, x16, #3728	X16=0x7022626000
0x70225e5a8c[libsecsdk.so@0x8a8c]		br	x17	X17=0x711ac12960
0x70225ff4b4[libsecsdk.so@0x224b4]		add	x19, x19, #2	X19=0x702489f348
0x70225ff4b8[libsecsdk.so@0x224b8]		cmp	x19, x24	X19=0x702489f34a X24=0x702489f34a
0x70225ff4bc[libsecsdk.so@0x224bc]		add	x20, x20, x0	X20=0x3 X0=0x2
0x70225ff4c0[libsecsdk.so@0x224c0]		b.ne	#-40	
0x70225ff4c4[libsecsdk.so@0x224c4]		b	#-340	
0x70225ff370[libsecsdk.so@0x22370]		ldr	w0, [x23, #4]	X23=0x702489e57c
0x70225ff374[libsecsdk.so@0x22374]		ldr	w0, [x27, x0, lsl #2]	X27=0x702489e35c X0=0x1f
0x70225ff378[libsecsdk.so@0x22378]		ldr	w1, [x28, x0, lsl #2]	X28=0x702489e070 X0=0x49
0x70225ff37c[libsecsdk.so@0x2237c]		add	x0, x21, x1	X21=0x702489e000 X1=0x1861
0x70225ff380[libsecsdk.so@0x22380]		ldrsb	w2, [x0], #1	X0=0x702489f861
0x70225ff384[libsecsdk.so@0x22384]		tbnz	w2, #31, #-4	W2=0x2
0x70225ff388[libsecsdk.so@0x22388]		bl	#-104712	SP=0x708b79ee20
0x70225e5a80[libsecsdk.so@0x8a80]		adrp	x16, #266240	
0x70225e5a84[libsecsdk.so@0x8a84]		ldr	x17, [x16, #3728]	X16=0x7022626000
0x70225e5a88[libsecsdk.so@0x8a88]		add	x16, x16, #3728	X16=0x7022626000
0x70225e5a8c[libsecsdk.so@0x8a8c]		br	x17	X17=0x711ac12960
0x70225ff38c[libsecsdk.so@0x2238c]		add	x0, x0, x20	X0=0x2 X20=0x5
0x70225ff390[libsecsdk.so@0x22390]		bl	#27228	SP=0x708b79ee20
0x7022605dec[libsecsdk.so@0x28dec]		stp	x29, x30, [sp, #-16]!	FP=0x708b79f600 LR=0x70225ff394 SP=0x708b79ee20
0x7022605df0[libsecsdk.so@0x28df0]		mov	x29, sp	SP=0x708b79ee10
0x7022605df4[libsecsdk.so@0x28df4]		bl	#-212	SP=0x708b79ee10
0x7022605d20[libsecsdk.so@0x28d20]		stp	x29, x30, [sp, #-32]!	FP=0x708b79ee10 LR=0x7022605df8 SP=0x708b79ee10
0x7022605d24[libsecsdk.so@0x28d24]		mov	x29, sp	SP=0x708b79edf0
0x7022605d28[libsecsdk.so@0x28d28]		stp	x19, x20, [sp, #16]	X19=0x702489f34a X20=0x5 SP=0x708b79edf0
0x7022605d2c[libsecsdk.so@0x28d2c]		mov	x19, x0	X0=0x7
0x7022605d30[libsecsdk.so@0x28d30]		adrp	x20, #139264	
0x7022605d34[libsecsdk.so@0x28d34]		b	#32	
0x7022605d54[libsecsdk.so@0x28d54]		mov	x0, x19	X19=0x7
0x7022605d58[libsecsdk.so@0x28d58]		bl	#-132552	SP=0x708b79edf0
0x70225e5790[libsecsdk.so@0x8790]		adrp	x16, #266240	
0x70225e5794[libsecsdk.so@0x8794]		ldr	x17, [x16, #3352]	X16=0x7022626000
0x70225e5798[libsecsdk.so@0x8798]		add	x16, x16, #3352	X16=0x7022626000
0x70225e579c[libsecsdk.so@0x879c]		br	x17	X17=0x711abd432c
0x7022605d5c[libsecsdk.so@0x28d5c]		cbz	x0, #-36	X0=0x708a81f880
0x7022605d60[libsecsdk.so@0x28d60]		ldp	x19, x20, [sp, #16]	SP=0x708b79edf0
0x7022605d64[libsecsdk.so@0x28d64]		ldp	x29, x30, [sp], #32	SP=0x708b79edf0
0x7022605d68[libsecsdk.so@0x28d68]		ret	LR=0x7022605df8
0x7022605df8[libsecsdk.so@0x28df8]		ldp	x29, x30, [sp], #16	SP=0x708b79ee10
0x7022605dfc[libsecsdk.so@0x28dfc]		ret	LR=0x70225ff394
0x70225ff394[libsecsdk.so@0x22394]		mov	x24, x0	X0=0x708a81f880
0x70225ff398[libsecsdk.so@0x22398]		add	x21, x0, #1	X0=0x708a81f880
0x70225ff39c[libsecsdk.so@0x2239c]		mov	w0, #40	
0x70225ff3a0[libsecsdk.so@0x223a0]		strb	w0, [x24]	W0=0x28 X24=0x708a81f880
0x70225ff3a4[libsecsdk.so@0x223a4]		cbz	w25, #96	W25=0x1
0x70225ff3a8[libsecsdk.so@0x223a8]		sub	w25, w25, #1	W25=0x1
0x70225ff3ac[libsecsdk.so@0x223ac]		add	x20, x26, #4	X26=0x702489f344
0x70225ff3b0[libsecsdk.so@0x223b0]		add	x25, x25, #3	X25=0x0
0x70225ff3b4[libsecsdk.so@0x223b4]		add	x25, x26, x25, lsl #1	X26=0x702489f344 X25=0x3
0x70225ff3b8[libsecsdk.so@0x223b8]		ldr	x1, [x22]	X22=0x708a81f3e8
0x70225ff3bc[libsecsdk.so@0x223bc]		ldrh	w4, [x20]	X20=0x702489f348
0x70225ff3c0[libsecsdk.so@0x223c0]		ldr	x3, [x1, #24]	X1=0x7022a969c0
0x70225ff3c4[libsecsdk.so@0x223c4]		ldr	x2, [x1, #16]	X1=0x7022a969c0
0x70225ff3c8[libsecsdk.so@0x223c8]		ldr	x19, [x1, #88]	X1=0x7022a969c0
0x70225ff3cc[libsecsdk.so@0x223cc]		ldr	w1, [x3, x4, lsl #2]	X3=0x702489e35c X4=0x1f
0x70225ff3d0[libsecsdk.so@0x223d0]		ldr	w1, [x2, x1, lsl #2]	X2=0x702489e070 X1=0x49
0x70225ff3d4[libsecsdk.so@0x223d4]		add	x19, x19, x1	X19=0x702489e000 X1=0x1861
0x70225ff3d8[libsecsdk.so@0x223d8]		ldrsb	w1, [x19], #1	X19=0x702489f861
0x70225ff3dc[libsecsdk.so@0x223dc]		tbnz	w1, #31, #-4	W1=0x2
0x70225ff3e0[libsecsdk.so@0x223e0]		mov	x0, x21	X21=0x708a81f881
0x70225ff3e4[libsecsdk.so@0x223e4]		mov	x1, x19	X19=0x702489f862
0x70225ff3e8[libsecsdk.so@0x223e8]		add	x20, x20, #2	X20=0x702489f348
0x70225ff3ec[libsecsdk.so@0x223ec]		bl	#-105788	SP=0x708b79ee20
0x70225e56b0[libsecsdk.so@0x86b0]		adrp	x16, #266240	
0x70225e56b4[libsecsdk.so@0x86b4]		ldr	x17, [x16, #3240]	X16=0x7022626000
0x70225e56b8[libsecsdk.so@0x86b8]		add	x16, x16, #3240	X16=0x7022626000
0x70225e56bc[libsecsdk.so@0x86bc]		br	x17	X17=0x711ac12830
0x70225ff3f0[libsecsdk.so@0x223f0]		mov	x0, x19	X19=0x702489f862
0x70225ff3f4[libsecsdk.so@0x223f4]		bl	#-104820	SP=0x708b79ee20
0x70225e5a80[libsecsdk.so@0x8a80]		adrp	x16, #266240	
0x70225e5a84[libsecsdk.so@0x8a84]		ldr	x17, [x16, #3728]	X16=0x7022626000
0x70225e5a88[libsecsdk.so@0x8a88]		add	x16, x16, #3728	X16=0x7022626000
0x70225e5a8c[libsecsdk.so@0x8a8c]		br	x17	X17=0x711ac12960
0x70225ff3f8[libsecsdk.so@0x223f8]		add	x21, x21, x0	X21=0x708a81f881 X0=0x2
0x70225ff3fc[libsecsdk.so@0x223fc]		cmp	x20, x25	X20=0x702489f34a X25=0x702489f34a
0x70225ff400[libsecsdk.so@0x22400]		b.ne	#-72	
0x70225ff404[libsecsdk.so@0x22404]		mov	w0, #41	
0x70225ff408[libsecsdk.so@0x22408]		strb	w0, [x21]	W0=0x29 X21=0x708a81f883
0x70225ff40c[libsecsdk.so@0x2240c]		add	x21, x21, #1	X21=0x708a81f883
0x70225ff410[libsecsdk.so@0x22410]		ldr	x0, [x22]	X22=0x708a81f3e8
0x70225ff414[libsecsdk.so@0x22414]		ldr	w3, [x23, #4]	X23=0x702489e57c
0x70225ff418[libsecsdk.so@0x22418]		ldr	x2, [x0, #24]	X0=0x7022a969c0
0x70225ff41c[libsecsdk.so@0x2241c]		ldr	x1, [x0, #16]	X0=0x7022a969c0
0x70225ff420[libsecsdk.so@0x22420]		ldr	x0, [x0, #88]	X0=0x7022a969c0
0x70225ff424[libsecsdk.so@0x22424]		ldr	w2, [x2, x3, lsl #2]	X2=0x702489e35c X3=0x1f
0x70225ff428[libsecsdk.so@0x22428]		ldr	w1, [x1, x2, lsl #2]	X1=0x702489e070 X2=0x49
0x70225ff42c[libsecsdk.so@0x2242c]		add	x1, x0, x1	X0=0x702489e000 X1=0x1861
0x70225ff430[libsecsdk.so@0x22430]		ldrsb	w2, [x1], #1	X1=0x702489f861
0x70225ff434[libsecsdk.so@0x22434]		tbnz	w2, #31, #-4	W2=0x2
0x70225ff438[libsecsdk.so@0x22438]		mov	x0, x21	X21=0x708a81f884
0x70225ff43c[libsecsdk.so@0x2243c]		bl	#-105868	SP=0x708b79ee20
0x70225e56b0[libsecsdk.so@0x86b0]		adrp	x16, #266240	
0x70225e56b4[libsecsdk.so@0x86b4]		ldr	x17, [x16, #3240]	X16=0x7022626000
0x70225e56b8[libsecsdk.so@0x86b8]		add	x16, x16, #3240	X16=0x7022626000
0x70225e56bc[libsecsdk.so@0x86bc]		br	x17	X17=0x711ac12830
0x70225ff440[libsecsdk.so@0x22440]		mov	x0, x24	X24=0x708a81f880
0x70225ff444[libsecsdk.so@0x22444]		ldr	x30, [sp, #80]	SP=0x708b79ee20
0x70225ff448[libsecsdk.so@0x22448]		ldp	x19, x20, [sp]	SP=0x708b79ee20
0x70225ff44c[libsecsdk.so@0x2244c]		ldp	x21, x22, [sp, #16]	SP=0x708b79ee20
0x70225ff450[libsecsdk.so@0x22450]		ldp	x23, x24, [sp, #32]	SP=0x708b79ee20
0x70225ff454[libsecsdk.so@0x22454]		ldp	x25, x26, [sp, #48]	SP=0x708b79ee20
0x70225ff458[libsecsdk.so@0x22458]		ldp	x27, x28, [sp, #64]	SP=0x708b79ee20
0x70225ff45c[libsecsdk.so@0x2245c]		add	sp, sp, #96	SP=0x708b79ee20
0x70225ff460[libsecsdk.so@0x22460]		ret	LR=0x7022601878
0x7022601878[libsecsdk.so@0x24878]		ldrh	w23, [x19, #2]	X19=0x702489e820
0x702260187c[libsecsdk.so@0x2487c]		mov	x27, x0	X0=0x708a81f880
0x7022601880[libsecsdk.so@0x24880]		ldr	x0, [x22]	X22=0x708a81f3e8
0x7022601884[libsecsdk.so@0x24884]		ldr	x7, [sp, #152]	SP=0x708b79ee80
0x7022601888[libsecsdk.so@0x24888]		add	x23, x23, x23, lsl #1	X23=0x22 X23=0x22
0x702260188c[libsecsdk.so@0x2488c]		ldr	x6, [sp, #144]	SP=0x708b79ee80
0x7022601890[libsecsdk.so@0x24890]		ldr	x25, [x0, #48]	X0=0x7022a969c0
0x7022601894[libsecsdk.so@0x24894]		lsl	x23, x23, #2	X23=0x66
0x7022601898[libsecsdk.so@0x24898]		ldr	x2, [x0, #24]	X0=0x7022a969c0
0x702260189c[libsecsdk.so@0x2489c]		ldr	x1, [x0, #16]	X0=0x7022a969c0
0x70226018a0[libsecsdk.so@0x248a0]		ldr	x19, [x0, #88]	X0=0x7022a969c0
0x70226018a4[libsecsdk.so@0x248a4]		add	x0, x25, x23	X25=0x702489e3e4 X23=0x198
0x70226018a8[libsecsdk.so@0x248a8]		ldr	w0, [x0, #4]	X0=0x702489e57c
0x70226018ac[libsecsdk.so@0x248ac]		ldr	w0, [x2, x0, lsl #2]	X2=0x702489e35c X0=0x1f
0x70226018b0[libsecsdk.so@0x248b0]		ldr	w0, [x1, x0, lsl #2]	X1=0x702489e070 X0=0x49
0x70226018b4[libsecsdk.so@0x248b4]		add	x19, x19, x0	X19=0x702489e000 X0=0x1861
0x70226018b8[libsecsdk.so@0x248b8]		ldrsb	w8, [x19], #1	X19=0x702489f861
0x70226018bc[libsecsdk.so@0x248bc]		tbnz	w8, #31, #-4	W8=0x2
0x70226018c0[libsecsdk.so@0x248c0]		ldrb	w1, [x19]	X19=0x702489f862
0x70226018c4[libsecsdk.so@0x248c4]		cmp	w1, #91	W1=0x5b
0x70226018c8[libsecsdk.so@0x248c8]		cset	w2, eq	
0x70226018cc[libsecsdk.so@0x248cc]		cmp	w1, #76	W1=0x5b
0x70226018d0[libsecsdk.so@0x248d0]		ldr	x1, [sp, #176]	SP=0x708b79ee80
0x70226018d4[libsecsdk.so@0x248d4]		cset	w0, eq	
0x70226018d8[libsecsdk.so@0x248d8]		orr	w0, w2, w0	W2=0x1 W0=0x0
0x70226018dc[libsecsdk.so@0x248dc]		strb	w0, [x1]	W0=0x1 X1=0x708b79f03f
0x70226018e0[libsecsdk.so@0x248e0]		fmov	w0, s8	
0x70226018e4[libsecsdk.so@0x248e4]		cbnz	w0, #424	W0=0x0
0x70226018e8[libsecsdk.so@0x248e8]		ldrh	w2, [x7, x6]	X7=0x702489e5f0 X6=0x230
0x70226018ec[libsecsdk.so@0x248ec]		mov	x0, x22	X22=0x708a81f3e8
0x70226018f0[libsecsdk.so@0x248f0]		mov	x1, x21	X21=0x708a819500
0x70226018f4[libsecsdk.so@0x248f4]		bl	#-11480	SP=0x708b79ee80
0x70225fec1c[libsecsdk.so@0x21c1c]		sub	sp, sp, #48	SP=0x708b79ee80
0x70225fec20[libsecsdk.so@0x21c20]		stp	x19, x20, [sp]	X19=0x702489f862 X20=0x702489f984 SP=0x708b79ee50
0x70225fec24[libsecsdk.so@0x21c24]		str	x30, [sp, #16]	LR=0x70226018f8 SP=0x708b79ee50
0x70225fec28[libsecsdk.so@0x21c28]		ldr	x3, [x0]	X0=0x708a81f3e8
0x70225fec2c[libsecsdk.so@0x21c2c]		ldr	x5, [x3, #24]	X3=0x7022a969c0
0x70225fec30[libsecsdk.so@0x21c30]		ldr	x4, [x3, #16]	X3=0x7022a969c0
0x70225fec34[libsecsdk.so@0x21c34]		ldr	x0, [x3, #88]	X3=0x7022a969c0
0x70225fec38[libsecsdk.so@0x21c38]		ldr	w2, [x5, w2, uxtw #2]	X5=0x702489e35c W2=0x1b
0x70225fec3c[libsecsdk.so@0x21c3c]		ldr	w2, [x4, x2, lsl #2]	X4=0x702489e070 X2=0x36
0x70225fec40[libsecsdk.so@0x21c40]		add	x0, x0, x2	X0=0x702489e000 X2=0x178c
0x70225fec44[libsecsdk.so@0x21c44]		ldrsb	w2, [x0], #1	X0=0x702489f78c
0x70225fec48[libsecsdk.so@0x21c48]		tbnz	w2, #31, #-4	W2=0x15
0x70225fec4c[libsecsdk.so@0x21c4c]		str	x1, [sp, #40]	X1=0x708a819500 SP=0x708b79ee50
0x70225fec50[libsecsdk.so@0x21c50]		bl	#-2872	SP=0x708b79ee50
0x70225fe118[libsecsdk.so@0x21118]		sub	sp, sp, #64	SP=0x708b79ee50
0x70225fe11c[libsecsdk.so@0x2111c]		stp	x19, x20, [sp]	X19=0x702489f862 X20=0x702489f984 SP=0x708b79ee10
0x70225fe120[libsecsdk.so@0x21120]		stp	x21, x22, [sp, #16]	X21=0x708a819500 X22=0x708a81f3e8 SP=0x708b79ee10
0x70225fe124[libsecsdk.so@0x21124]		str	x30, [sp, #32]	LR=0x70225fec54 SP=0x708b79ee10
0x70225fe128[libsecsdk.so@0x21128]		mov	x19, x0	X0=0x702489f78d
0x70225fe12c[libsecsdk.so@0x2112c]		bl	#-100012	SP=0x708b79ee10
0x70225e5a80[libsecsdk.so@0x8a80]		adrp	x16, #266240	
0x70225e5a84[libsecsdk.so@0x8a84]		ldr	x17, [x16, #3728]	X16=0x7022626000
0x70225e5a88[libsecsdk.so@0x8a88]		add	x16, x16, #3728	X16=0x7022626000
0x70225e5a8c[libsecsdk.so@0x8a8c]		br	x17	X17=0x711ac12960
0x70225fe130[libsecsdk.so@0x21130]		add	w2, w0, #1	W0=0x15
0x70225fe134[libsecsdk.so@0x21134]		mov	x22, x0	X0=0x15
0x70225fe138[libsecsdk.so@0x21138]		mov	w21, w0	W0=0x15
0x70225fe13c[libsecsdk.so@0x2113c]		mov	x0, x2	X2=0x16
0x70225fe140[libsecsdk.so@0x21140]		str	x2, [sp, #56]	X2=0x16 SP=0x708b79ee10
0x70225fe144[libsecsdk.so@0x21144]		bl	#31912	SP=0x708b79ee10
0x7022605dec[libsecsdk.so@0x28dec]		stp	x29, x30, [sp, #-16]!	FP=0x708b79f600 LR=0x70225fe148 SP=0x708b79ee10
0x7022605df0[libsecsdk.so@0x28df0]		mov	x29, sp	SP=0x708b79ee00
0x7022605df4[libsecsdk.so@0x28df4]		bl	#-212	SP=0x708b79ee00
0x7022605d20[libsecsdk.so@0x28d20]		stp	x29, x30, [sp, #-32]!	FP=0x708b79ee00 LR=0x7022605df8 SP=0x708b79ee00
0x7022605d24[libsecsdk.so@0x28d24]		mov	x29, sp	SP=0x708b79ede0
0x7022605d28[libsecsdk.so@0x28d28]		stp	x19, x20, [sp, #16]	X19=0x702489f78d X20=0x702489f984 SP=0x708b79ede0
0x7022605d2c[libsecsdk.so@0x28d2c]		mov	x19, x0	X0=0x16
0x7022605d30[libsecsdk.so@0x28d30]		adrp	x20, #139264	
0x7022605d34[libsecsdk.so@0x28d34]		b	#32	
0x7022605d54[libsecsdk.so@0x28d54]		mov	x0, x19	X19=0x16
0x7022605d58[libsecsdk.so@0x28d58]		bl	#-132552	SP=0x708b79ede0
0x70225e5790[libsecsdk.so@0x8790]		adrp	x16, #266240	
0x70225e5794[libsecsdk.so@0x8794]		ldr	x17, [x16, #3352]	X16=0x7022626000
0x70225e5798[libsecsdk.so@0x8798]		add	x16, x16, #3352	X16=0x7022626000
0x70225e579c[libsecsdk.so@0x879c]		br	x17	X17=0x711abd432c
0x7022605d5c[libsecsdk.so@0x28d5c]		cbz	x0, #-36	X0=0x7022b808a0
0x7022605d60[libsecsdk.so@0x28d60]		ldp	x19, x20, [sp, #16]	SP=0x708b79ede0
0x7022605d64[libsecsdk.so@0x28d64]		ldp	x29, x30, [sp], #32	SP=0x708b79ede0
0x7022605d68[libsecsdk.so@0x28d68]		ret	LR=0x7022605df8
0x7022605df8[libsecsdk.so@0x28df8]		ldp	x29, x30, [sp], #16	SP=0x708b79ee00
0x7022605dfc[libsecsdk.so@0x28dfc]		ret	LR=0x70225fe148
0x70225fe148[libsecsdk.so@0x21148]		mov	x20, x0	X0=0x7022b808a0
0x70225fe14c[libsecsdk.so@0x2114c]		ldr	x2, [sp, #56]	SP=0x708b79ee10
0x70225fe150[libsecsdk.so@0x21150]		mov	w1, #0	
0x70225fe154[libsecsdk.so@0x21154]		bl	#-100356	SP=0x708b79ee10
0x70225e5950[libsecsdk.so@0x8950]		adrp	x16, #266240	
0x70225e5954[libsecsdk.so@0x8954]		ldr	x17, [x16, #3576]	X16=0x7022626000
0x70225e5958[libsecsdk.so@0x8958]		add	x16, x16, #3576	X16=0x7022626000
0x70225e595c[libsecsdk.so@0x895c]		br	x17	X17=0x711ac12340
0x70225fe158[libsecsdk.so@0x21158]		ldrb	w0, [x19]	X19=0x702489f78d
0x70225fe15c[libsecsdk.so@0x2115c]		cmp	w0, #76	W0=0x4c
0x70225fe160[libsecsdk.so@0x21160]		b.eq	#44	
0x70225fe18c[libsecsdk.so@0x2118c]		cmp	w22, #1	W22=0x15
0x70225fe190[libsecsdk.so@0x21190]		b.ls	#-28	
0x70225fe194[libsecsdk.so@0x21194]		ldrb	w3, [x19, #1]	X19=0x702489f78d
0x70225fe198[libsecsdk.so@0x21198]		mov	x2, #2	
0x70225fe19c[libsecsdk.so@0x2119c]		cmp	w3, #59	W3=0x6a
0x70225fe1a0[libsecsdk.so@0x211a0]		b.ne	#20	
0x70225fe1b4[libsecsdk.so@0x211b4]		add	x4, x20, x2	X20=0x7022b808a0 X2=0x2
0x70225fe1b8[libsecsdk.so@0x211b8]		cmp	w21, w2	W21=0x15 W2=0x2
0x70225fe1bc[libsecsdk.so@0x211bc]		add	x2, x2, #1	X2=0x2
0x70225fe1c0[libsecsdk.so@0x211c0]		add	x5, x19, x2	X19=0x702489f78d X2=0x3
0x70225fe1c4[libsecsdk.so@0x211c4]		sturb	w3, [x4, #-2]	W3=0x6a X4=0x7022b808a2
0x70225fe1c8[libsecsdk.so@0x211c8]		b.hi	#-32	
0x70225fe1a8[libsecsdk.so@0x211a8]		ldurb	w3, [x5, #-1]	X5=0x702489f790
0x70225fe1ac[libsecsdk.so@0x211ac]		cmp	w3, #59	W3=0x61
0x70225fe1b0[libsecsdk.so@0x211b0]		b.eq	#-60	
0x70225fe1b4[libsecsdk.so@0x211b4]		add	x4, x20, x2	X20=0x7022b808a0 X2=0x3
0x70225fe1b8[libsecsdk.so@0x211b8]		cmp	w21, w2	W21=0x15 W2=0x3
0x70225fe1bc[libsecsdk.so@0x211bc]		add	x2, x2, #1	X2=0x3
0x70225fe1c0[libsecsdk.so@0x211c0]		add	x5, x19, x2	X19=0x702489f78d X2=0x4
0x70225fe1c4[libsecsdk.so@0x211c4]		sturb	w3, [x4, #-2]	W3=0x61 X4=0x7022b808a3
0x70225fe1c8[libsecsdk.so@0x211c8]		b.hi	#-32	
0x70225fe1a8[libsecsdk.so@0x211a8]		ldurb	w3, [x5, #-1]	X5=0x702489f791
0x70225fe1ac[libsecsdk.so@0x211ac]		cmp	w3, #59	W3=0x76
0x70225fe1b0[libsecsdk.so@0x211b0]		b.eq	#-60	
0x70225fe1b4[libsecsdk.so@0x211b4]		add	x4, x20, x2	X20=0x7022b808a0 X2=0x4
0x70225fe1b8[libsecsdk.so@0x211b8]		cmp	w21, w2	W21=0x15 W2=0x4
0x70225fe1bc[libsecsdk.so@0x211bc]		add	x2, x2, #1	X2=0x4
0x70225fe1c0[libsecsdk.so@0x211c0]		add	x5, x19, x2	X19=0x702489f78d X2=0x5
0x70225fe1c4[libsecsdk.so@0x211c4]		sturb	w3, [x4, #-2]	W3=0x76 X4=0x7022b808a4
0x70225fe1c8[libsecsdk.so@0x211c8]		b.hi	#-32	
0x70225fe1a8[libsecsdk.so@0x211a8]		ldurb	w3, [x5, #-1]	X5=0x702489f792
0x70225fe1ac[libsecsdk.so@0x211ac]		cmp	w3, #59	W3=0x61
0x70225fe1b0[libsecsdk.so@0x211b0]		b.eq	#-60	
0x70225fe1b4[libsecsdk.so@0x211b4]		add	x4, x20, x2	X20=0x7022b808a0 X2=0x5
0x70225fe1b8[libsecsdk.so@0x211b8]		cmp	w21, w2	W21=0x15 W2=0x5
0x70225fe1bc[libsecsdk.so@0x211bc]		add	x2, x2, #1	X2=0x5
0x70225fe1c0[libsecsdk.so@0x211c0]		add	x5, x19, x2	X19=0x702489f78d X2=0x6
0x70225fe1c4[libsecsdk.so@0x211c4]		sturb	w3, [x4, #-2]	W3=0x61 X4=0x7022b808a5
0x70225fe1c8[libsecsdk.so@0x211c8]		b.hi	#-32	
0x70225fe1a8[libsecsdk.so@0x211a8]		ldurb	w3, [x5, #-1]	X5=0x702489f793
0x70225fe1ac[libsecsdk.so@0x211ac]		cmp	w3, #59	W3=0x78
0x70225fe1b0[libsecsdk.so@0x211b0]		b.eq	#-60	
0x70225fe1b4[libsecsdk.so@0x211b4]		add	x4, x20, x2	X20=0x7022b808a0 X2=0x6
0x70225fe1b8[libsecsdk.so@0x211b8]		cmp	w21, w2	W21=0x15 W2=0x6
0x70225fe1bc[libsecsdk.so@0x211bc]		add	x2, x2, #1	X2=0x6
0x70225fe1c0[libsecsdk.so@0x211c0]		add	x5, x19, x2	X19=0x702489f78d X2=0x7
0x70225fe1c4[libsecsdk.so@0x211c4]		sturb	w3, [x4, #-2]	W3=0x78 X4=0x7022b808a6
0x70225fe1c8[libsecsdk.so@0x211c8]		b.hi	#-32	
0x70225fe1a8[libsecsdk.so@0x211a8]		ldurb	w3, [x5, #-1]	X5=0x702489f794
0x70225fe1ac[libsecsdk.so@0x211ac]		cmp	w3, #59	W3=0x2f
0x70225fe1b0[libsecsdk.so@0x211b0]		b.eq	#-60	
0x70225fe1b4[libsecsdk.so@0x211b4]		add	x4, x20, x2	X20=0x7022b808a0 X2=0x7
0x70225fe1b8[libsecsdk.so@0x211b8]		cmp	w21, w2	W21=0x15 W2=0x7
0x70225fe1bc[libsecsdk.so@0x211bc]		add	x2, x2, #1	X2=0x7
0x70225fe1c0[libsecsdk.so@0x211c0]		add	x5, x19, x2	X19=0x702489f78d X2=0x8
0x70225fe1c4[libsecsdk.so@0x211c4]		sturb	w3, [x4, #-2]	W3=0x2f X4=0x7022b808a7
0x70225fe1c8[libsecsdk.so@0x211c8]		b.hi	#-32	
0x70225fe1a8[libsecsdk.so@0x211a8]		ldurb	w3, [x5, #-1]	X5=0x702489f795
0x70225fe1ac[libsecsdk.so@0x211ac]		cmp	w3, #59	W3=0x63
0x70225fe1b0[libsecsdk.so@0x211b0]		b.eq	#-60	
0x70225fe1b4[libsecsdk.so@0x211b4]		add	x4, x20, x2	X20=0x7022b808a0 X2=0x8
0x70225fe1b8[libsecsdk.so@0x211b8]		cmp	w21, w2	W21=0x15 W2=0x8
0x70225fe1bc[libsecsdk.so@0x211bc]		add	x2, x2, #1	X2=0x8
0x70225fe1c0[libsecsdk.so@0x211c0]		add	x5, x19, x2	X19=0x702489f78d X2=0x9
0x70225fe1c4[libsecsdk.so@0x211c4]		sturb	w3, [x4, #-2]	W3=0x63 X4=0x7022b808a8
0x70225fe1c8[libsecsdk.so@0x211c8]		b.hi	#-32	
0x70225fe1a8[libsecsdk.so@0x211a8]		ldurb	w3, [x5, #-1]	X5=0x702489f796
0x70225fe1ac[libsecsdk.so@0x211ac]		cmp	w3, #59	W3=0x72
0x70225fe1b0[libsecsdk.so@0x211b0]		b.eq	#-60	
0x70225fe1b4[libsecsdk.so@0x211b4]		add	x4, x20, x2	X20=0x7022b808a0 X2=0x9
0x70225fe1b8[libsecsdk.so@0x211b8]		cmp	w21, w2	W21=0x15 W2=0x9
0x70225fe1bc[libsecsdk.so@0x211bc]		add	x2, x2, #1	X2=0x9
0x70225fe1c0[libsecsdk.so@0x211c0]		add	x5, x19, x2	X19=0x702489f78d X2=0xa
0x70225fe1c4[libsecsdk.so@0x211c4]		sturb	w3, [x4, #-2]	W3=0x72 X4=0x7022b808a9
0x70225fe1c8[libsecsdk.so@0x211c8]		b.hi	#-32	
0x70225fe1a8[libsecsdk.so@0x211a8]		ldurb	w3, [x5, #-1]	X5=0x702489f797
0x70225fe1ac[libsecsdk.so@0x211ac]		cmp	w3, #59	W3=0x79
0x70225fe1b0[libsecsdk.so@0x211b0]		b.eq	#-60	
0x70225fe1b4[libsecsdk.so@0x211b4]		add	x4, x20, x2	X20=0x7022b808a0 X2=0xa
0x70225fe1b8[libsecsdk.so@0x211b8]		cmp	w21, w2	W21=0x15 W2=0xa
0x70225fe1bc[libsecsdk.so@0x211bc]		add	x2, x2, #1	X2=0xa
0x70225fe1c0[libsecsdk.so@0x211c0]		add	x5, x19, x2	X19=0x702489f78d X2=0xb
0x70225fe1c4[libsecsdk.so@0x211c4]		sturb	w3, [x4, #-2]	W3=0x79 X4=0x7022b808aa
0x70225fe1c8[libsecsdk.so@0x211c8]		b.hi	#-32	
0x70225fe1a8[libsecsdk.so@0x211a8]		ldurb	w3, [x5, #-1]	X5=0x702489f798
0x70225fe1ac[libsecsdk.so@0x211ac]		cmp	w3, #59	W3=0x70
0x70225fe1b0[libsecsdk.so@0x211b0]		b.eq	#-60	
0x70225fe1b4[libsecsdk.so@0x211b4]		add	x4, x20, x2	X20=0x7022b808a0 X2=0xb
0x70225fe1b8[libsecsdk.so@0x211b8]		cmp	w21, w2	W21=0x15 W2=0xb
0x70225fe1bc[libsecsdk.so@0x211bc]		add	x2, x2, #1	X2=0xb
0x70225fe1c0[libsecsdk.so@0x211c0]		add	x5, x19, x2	X19=0x702489f78d X2=0xc
0x70225fe1c4[libsecsdk.so@0x211c4]		sturb	w3, [x4, #-2]	W3=0x70 X4=0x7022b808ab
0x70225fe1c8[libsecsdk.so@0x211c8]		b.hi	#-32	
0x70225fe1a8[libsecsdk.so@0x211a8]		ldurb	w3, [x5, #-1]	X5=0x702489f799
0x70225fe1ac[libsecsdk.so@0x211ac]		cmp	w3, #59	W3=0x74
0x70225fe1b0[libsecsdk.so@0x211b0]		b.eq	#-60	
0x70225fe1b4[libsecsdk.so@0x211b4]		add	x4, x20, x2	X20=0x7022b808a0 X2=0xc
0x70225fe1b8[libsecsdk.so@0x211b8]		cmp	w21, w2	W21=0x15 W2=0xc
0x70225fe1bc[libsecsdk.so@0x211bc]		add	x2, x2, #1	X2=0xc
0x70225fe1c0[libsecsdk.so@0x211c0]		add	x5, x19, x2	X19=0x702489f78d X2=0xd
0x70225fe1c4[libsecsdk.so@0x211c4]		sturb	w3, [x4, #-2]	W3=0x74 X4=0x7022b808ac
0x70225fe1c8[libsecsdk.so@0x211c8]		b.hi	#-32	
0x70225fe1a8[libsecsdk.so@0x211a8]		ldurb	w3, [x5, #-1]	X5=0x702489f79a
0x70225fe1ac[libsecsdk.so@0x211ac]		cmp	w3, #59	W3=0x6f
0x70225fe1b0[libsecsdk.so@0x211b0]		b.eq	#-60	
0x70225fe1b4[libsecsdk.so@0x211b4]		add	x4, x20, x2	X20=0x7022b808a0 X2=0xd
0x70225fe1b8[libsecsdk.so@0x211b8]		cmp	w21, w2	W21=0x15 W2=0xd
0x70225fe1bc[libsecsdk.so@0x211bc]		add	x2, x2, #1	X2=0xd
0x70225fe1c0[libsecsdk.so@0x211c0]		add	x5, x19, x2	X19=0x702489f78d X2=0xe
0x70225fe1c4[libsecsdk.so@0x211c4]		sturb	w3, [x4, #-2]	W3=0x6f X4=0x7022b808ad
0x70225fe1c8[libsecsdk.so@0x211c8]		b.hi	#-32	
0x70225fe1a8[libsecsdk.so@0x211a8]		ldurb	w3, [x5, #-1]	X5=0x702489f79b
0x70225fe1ac[libsecsdk.so@0x211ac]		cmp	w3, #59	W3=0x2f
0x70225fe1b0[libsecsdk.so@0x211b0]		b.eq	#-60	
0x70225fe1b4[libsecsdk.so@0x211b4]		add	x4, x20, x2	X20=0x7022b808a0 X2=0xe
0x70225fe1b8[libsecsdk.so@0x211b8]		cmp	w21, w2	W21=0x15 W2=0xe
0x70225fe1bc[libsecsdk.so@0x211bc]		add	x2, x2, #1	X2=0xe
0x70225fe1c0[libsecsdk.so@0x211c0]		add	x5, x19, x2	X19=0x702489f78d X2=0xf
0x70225fe1c4[libsecsdk.so@0x211c4]		sturb	w3, [x4, #-2]	W3=0x2f X4=0x7022b808ae
0x70225fe1c8[libsecsdk.so@0x211c8]		b.hi	#-32	
0x70225fe1a8[libsecsdk.so@0x211a8]		ldurb	w3, [x5, #-1]	X5=0x702489f79c
0x70225fe1ac[libsecsdk.so@0x211ac]		cmp	w3, #59	W3=0x43
0x70225fe1b0[libsecsdk.so@0x211b0]		b.eq	#-60	
0x70225fe1b4[libsecsdk.so@0x211b4]		add	x4, x20, x2	X20=0x7022b808a0 X2=0xf
0x70225fe1b8[libsecsdk.so@0x211b8]		cmp	w21, w2	W21=0x15 W2=0xf
0x70225fe1bc[libsecsdk.so@0x211bc]		add	x2, x2, #1	X2=0xf
0x70225fe1c0[libsecsdk.so@0x211c0]		add	x5, x19, x2	X19=0x702489f78d X2=0x10
0x70225fe1c4[libsecsdk.so@0x211c4]		sturb	w3, [x4, #-2]	W3=0x43 X4=0x7022b808af
0x70225fe1c8[libsecsdk.so@0x211c8]		b.hi	#-32	
0x70225fe1a8[libsecsdk.so@0x211a8]		ldurb	w3, [x5, #-1]	X5=0x702489f79d
0x70225fe1ac[libsecsdk.so@0x211ac]		cmp	w3, #59	W3=0x69
0x70225fe1b0[libsecsdk.so@0x211b0]		b.eq	#-60	
0x70225fe1b4[libsecsdk.so@0x211b4]		add	x4, x20, x2	X20=0x7022b808a0 X2=0x10
0x70225fe1b8[libsecsdk.so@0x211b8]		cmp	w21, w2	W21=0x15 W2=0x10
0x70225fe1bc[libsecsdk.so@0x211bc]		add	x2, x2, #1	X2=0x10
0x70225fe1c0[libsecsdk.so@0x211c0]		add	x5, x19, x2	X19=0x702489f78d X2=0x11
0x70225fe1c4[libsecsdk.so@0x211c4]		sturb	w3, [x4, #-2]	W3=0x69 X4=0x7022b808b0
0x70225fe1c8[libsecsdk.so@0x211c8]		b.hi	#-32	
0x70225fe1a8[libsecsdk.so@0x211a8]		ldurb	w3, [x5, #-1]	X5=0x702489f79e
0x70225fe1ac[libsecsdk.so@0x211ac]		cmp	w3, #59	W3=0x70
0x70225fe1b0[libsecsdk.so@0x211b0]		b.eq	#-60	
0x70225fe1b4[libsecsdk.so@0x211b4]		add	x4, x20, x2	X20=0x7022b808a0 X2=0x11
0x70225fe1b8[libsecsdk.so@0x211b8]		cmp	w21, w2	W21=0x15 W2=0x11
0x70225fe1bc[libsecsdk.so@0x211bc]		add	x2, x2, #1	X2=0x11
0x70225fe1c0[libsecsdk.so@0x211c0]		add	x5, x19, x2	X19=0x702489f78d X2=0x12
0x70225fe1c4[libsecsdk.so@0x211c4]		sturb	w3, [x4, #-2]	W3=0x70 X4=0x7022b808b1
0x70225fe1c8[libsecsdk.so@0x211c8]		b.hi	#-32	
0x70225fe1a8[libsecsdk.so@0x211a8]		ldurb	w3, [x5, #-1]	X5=0x702489f79f
0x70225fe1ac[libsecsdk.so@0x211ac]		cmp	w3, #59	W3=0x68
0x70225fe1b0[libsecsdk.so@0x211b0]		b.eq	#-60	
0x70225fe1b4[libsecsdk.so@0x211b4]		add	x4, x20, x2	X20=0x7022b808a0 X2=0x12
0x70225fe1b8[libsecsdk.so@0x211b8]		cmp	w21, w2	W21=0x15 W2=0x12
0x70225fe1bc[libsecsdk.so@0x211bc]		add	x2, x2, #1	X2=0x12
0x70225fe1c0[libsecsdk.so@0x211c0]		add	x5, x19, x2	X19=0x702489f78d X2=0x13
0x70225fe1c4[libsecsdk.so@0x211c4]		sturb	w3, [x4, #-2]	W3=0x68 X4=0x7022b808b2
0x70225fe1c8[libsecsdk.so@0x211c8]		b.hi	#-32	
0x70225fe1a8[libsecsdk.so@0x211a8]		ldurb	w3, [x5, #-1]	X5=0x702489f7a0
0x70225fe1ac[libsecsdk.so@0x211ac]		cmp	w3, #59	W3=0x65
0x70225fe1b0[libsecsdk.so@0x211b0]		b.eq	#-60	
0x70225fe1b4[libsecsdk.so@0x211b4]		add	x4, x20, x2	X20=0x7022b808a0 X2=0x13
0x70225fe1b8[libsecsdk.so@0x211b8]		cmp	w21, w2	W21=0x15 W2=0x13
0x70225fe1bc[libsecsdk.so@0x211bc]		add	x2, x2, #1	X2=0x13
0x70225fe1c0[libsecsdk.so@0x211c0]		add	x5, x19, x2	X19=0x702489f78d X2=0x14
0x70225fe1c4[libsecsdk.so@0x211c4]		sturb	w3, [x4, #-2]	W3=0x65 X4=0x7022b808b3
0x70225fe1c8[libsecsdk.so@0x211c8]		b.hi	#-32	
0x70225fe1a8[libsecsdk.so@0x211a8]		ldurb	w3, [x5, #-1]	X5=0x702489f7a1
0x70225fe1ac[libsecsdk.so@0x211ac]		cmp	w3, #59	W3=0x72
0x70225fe1b0[libsecsdk.so@0x211b0]		b.eq	#-60	
0x70225fe1b4[libsecsdk.so@0x211b4]		add	x4, x20, x2	X20=0x7022b808a0 X2=0x14
0x70225fe1b8[libsecsdk.so@0x211b8]		cmp	w21, w2	W21=0x15 W2=0x14
0x70225fe1bc[libsecsdk.so@0x211bc]		add	x2, x2, #1	X2=0x14
0x70225fe1c0[libsecsdk.so@0x211c0]		add	x5, x19, x2	X19=0x702489f78d X2=0x15
0x70225fe1c4[libsecsdk.so@0x211c4]		sturb	w3, [x4, #-2]	W3=0x72 X4=0x7022b808b4
0x70225fe1c8[libsecsdk.so@0x211c8]		b.hi	#-32	
0x70225fe1a8[libsecsdk.so@0x211a8]		ldurb	w3, [x5, #-1]	X5=0x702489f7a2
0x70225fe1ac[libsecsdk.so@0x211ac]		cmp	w3, #59	W3=0x3b
0x70225fe1b0[libsecsdk.so@0x211b0]		b.eq	#-60	
0x70225fe174[libsecsdk.so@0x21174]		mov	x0, x20	X20=0x7022b808a0
0x70225fe178[libsecsdk.so@0x21178]		ldr	x30, [sp, #32]	SP=0x708b79ee10
0x70225fe17c[libsecsdk.so@0x2117c]		ldp	x19, x20, [sp]	SP=0x708b79ee10
0x70225fe180[libsecsdk.so@0x21180]		ldp	x21, x22, [sp, #16]	SP=0x708b79ee10
0x70225fe184[libsecsdk.so@0x21184]		add	sp, sp, #64	SP=0x708b79ee10
0x70225fe188[libsecsdk.so@0x21188]		ret	LR=0x70225fec54
0x70225fec54[libsecsdk.so@0x21c54]		ldr	x1, [sp, #40]	SP=0x708b79ee50
0x70225fec58[libsecsdk.so@0x21c58]		mov	x19, x0	X0=0x7022b808a0
0x70225fec5c[libsecsdk.so@0x21c5c]		mov	x0, x1	X1=0x708a819500
0x70225fec60[libsecsdk.so@0x21c60]		ldr	x2, [x1]	X1=0x708a819500
0x70225fec64[libsecsdk.so@0x21c64]		mov	x1, x19	X19=0x7022b808a0
0x70225fec68[libsecsdk.so@0x21c68]		ldr	x2, [x2, #48]	X2=0x70967d16a0
0x70225fec6c[libsecsdk.so@0x21c6c]		blr	x2	X2=0x709658f4d0 SP=0x708b79ee50
0x70225fec70[libsecsdk.so@0x21c70]		mov	x20, x0	X0=0x45
0x70225fec74[libsecsdk.so@0x21c74]		cbz	x19, #12	X19=0x7022b808a0
0x70225fec78[libsecsdk.so@0x21c78]		mov	x0, x19	X19=0x7022b808a0
0x70225fec7c[libsecsdk.so@0x21c7c]		bl	#26104	SP=0x708b79ee50
0x7022605274[libsecsdk.so@0x28274]		b	#-12	
0x7022605268[libsecsdk.so@0x28268]		cbz	x0, #8	X0=0x7022b808a0
0x702260526c[libsecsdk.so@0x2826c]		b	#-128940	
0x70225e5ac0[libsecsdk.so@0x8ac0]		adrp	x16, #266240	
0x70225e5ac4[libsecsdk.so@0x8ac4]		ldr	x17, [x16, #3760]	X16=0x7022626000
0x70225e5ac8[libsecsdk.so@0x8ac8]		add	x16, x16, #3760	X16=0x7022626000
0x70225e5acc[libsecsdk.so@0x8acc]		br	x17	X17=0x711abd42bc
0x70225fec80[libsecsdk.so@0x21c80]		mov	x0, x20	X20=0x45
0x70225fec84[libsecsdk.so@0x21c84]		ldr	x30, [sp, #16]	SP=0x708b79ee50
0x70225fec88[libsecsdk.so@0x21c88]		ldp	x19, x20, [sp]	SP=0x708b79ee50
0x70225fec8c[libsecsdk.so@0x21c8c]		add	sp, sp, #48	SP=0x708b79ee50
0x70225fec90[libsecsdk.so@0x21c90]		ret	LR=0x70226018f8
0x70226018f8[libsecsdk.so@0x248f8]		mov	x28, x0	X0=0x45
0x70226018fc[libsecsdk.so@0x248fc]		ldr	x4, [x21]	X21=0x708a819500
0x7022601900[libsecsdk.so@0x24900]		mov	x0, x21	X21=0x708a819500
0x7022601904[libsecsdk.so@0x24904]		mov	x1, x28	X28=0x45
0x7022601908[libsecsdk.so@0x24908]		mov	x2, x20	X20=0x702489f984
0x702260190c[libsecsdk.so@0x2490c]		mov	x3, x27	X27=0x708a81f880
0x7022601910[libsecsdk.so@0x24910]		cbnz	w26, #300	W26=0x0
0x7022601914[libsecsdk.so@0x24914]		ldr	x4, [x4, #264]	X4=0x70967d16a0
0x7022601918[libsecsdk.so@0x24918]		blr	x4	X4=0x7096597ea0 SP=0x708b79ee80
0x702260191c[libsecsdk.so@0x2491c]		fmov	d9, x0	X0=0x70345328
0x7022601920[libsecsdk.so@0x24920]		mov	x0, x21	X21=0x708a819500
0x7022601924[libsecsdk.so@0x24924]		bl	#-86432	SP=0x708b79ee80
0x70225ec784[libsecsdk.so@0xf784]		sub	sp, sp, #128	SP=0x708b79ee80
0x70225ec788[libsecsdk.so@0xf788]		stp	x19, x20, [sp]	X19=0x702489f862 X20=0x702489f984 SP=0x708b79ee00
0x70225ec78c[libsecsdk.so@0xf78c]		adrp	x19, #237568	
0x70225ec790[libsecsdk.so@0xf790]		mov	x20, x0	X0=0x708a819500
0x70225ec794[libsecsdk.so@0xf794]		stp	x21, x22, [sp, #16]	X21=0x708a819500 X22=0x708a81f3e8 SP=0x708b79ee00
0x70225ec798[libsecsdk.so@0xf798]		adrp	x21, #241664	
0x70225ec79c[libsecsdk.so@0xf79c]		ldr	x1, [x19, #3784]	X19=0x7022626000
0x70225ec7a0[libsecsdk.so@0xf7a0]		stp	x23, x30, [sp, #32]	X23=0x198 LR=0x7022601928 SP=0x708b79ee00
0x70225ec7a4[libsecsdk.so@0xf7a4]		ldr	w0, [x21, #2128]	X21=0x7022627000
0x70225ec7a8[libsecsdk.so@0xf7a8]		ldr	x1, [x1]	X1=0x711ac85510
0x70225ec7ac[libsecsdk.so@0xf7ac]		str	x1, [sp, #120]	X1=0xdcf65037242d4fae SP=0x708b79ee00
0x70225ec7b0[libsecsdk.so@0xf7b0]		cbz	w0, #44	W0=0x1d
0x70225ec7b4[libsecsdk.so@0xf7b4]		ldr	x19, [x19, #3784]	X19=0x7022626000
0x70225ec7b8[libsecsdk.so@0xf7b8]		ldr	x2, [sp, #120]	SP=0x708b79ee00
0x70225ec7bc[libsecsdk.so@0xf7bc]		ldr	x1, [x19]	X19=0x711ac85510
0x70225ec7c0[libsecsdk.so@0xf7c0]		cmp	x2, x1	X2=0xdcf65037242d4fae X1=0xdcf65037242d4fae
0x70225ec7c4[libsecsdk.so@0xf7c4]		b.ne	#284	
0x70225ec7c8[libsecsdk.so@0xf7c8]		ldp	x19, x20, [sp]	SP=0x708b79ee00
0x70225ec7cc[libsecsdk.so@0xf7cc]		ldp	x21, x22, [sp, #16]	SP=0x708b79ee00
0x70225ec7d0[libsecsdk.so@0xf7d0]		ldp	x23, x30, [sp, #32]	SP=0x708b79ee00
0x70225ec7d4[libsecsdk.so@0xf7d4]		add	sp, sp, #128	SP=0x708b79ee00
0x70225ec7d8[libsecsdk.so@0xf7d8]		ret	LR=0x7022601928
0x7022601928[libsecsdk.so@0x24928]		cmp	w0, #23	W0=0x1d
0x702260192c[libsecsdk.so@0x2492c]		b.ne	#12	
0x7022601938[libsecsdk.so@0x24938]		mov	w1, #0	
0x702260193c[libsecsdk.so@0x2493c]		fmov	x0, d9	
0x7022601940[libsecsdk.so@0x24940]		cbz	x0, #396	X0=0x70345328
0x7022601944[libsecsdk.so@0x24944]		ldr	x0, [x22]	X22=0x708a81f3e8
0x7022601948[libsecsdk.so@0x24948]		ldr	w3, [x25, x23]	X25=0x702489e3e4 X23=0x198
0x702260194c[libsecsdk.so@0x2494c]		ldr	x2, [x0, #16]	X0=0x7022a969c0
0x7022601950[libsecsdk.so@0x24950]		ldr	x5, [x0, #88]	X0=0x7022a969c0
0x7022601954[libsecsdk.so@0x24954]		ldr	w8, [x2, x3, lsl #2]	X2=0x702489e070 X3=0x19
0x7022601958[libsecsdk.so@0x24958]		add	x5, x5, x8	X5=0x702489e000 X8=0x14ad
0x702260195c[libsecsdk.so@0x2495c]		ldrsb	w8, [x5], #1	X5=0x702489f4ad
0x7022601960[libsecsdk.so@0x24960]		tbnz	w8, #31, #-4	W8=0x2
0x7022601964[libsecsdk.so@0x24964]		mov	x0, x22	X22=0x708a81f3e8
0x7022601968[libsecsdk.so@0x24968]		cbnz	w1, #260	W1=0x0
0x702260196c[libsecsdk.so@0x2496c]		fmov	x1, d10	
0x7022601970[libsecsdk.so@0x24970]		mov	x4, x5	X5=0x702489f4ae
0x7022601974[libsecsdk.so@0x24974]		fmov	x2, d11	
0x7022601978[libsecsdk.so@0x24978]		mov	w5, w26	W26=0x0
0x702260197c[libsecsdk.so@0x2497c]		fmov	w3, s14	
0x7022601980[libsecsdk.so@0x24980]		bl	#-9364	SP=0x708b79ee80
0x70225ff4ec[libsecsdk.so@0x224ec]		sub	sp, sp, #64	SP=0x708b79ee80
0x70225ff4f0[libsecsdk.so@0x224f0]		uxtb	w5, w5	W5=0x0
0x70225ff4f4[libsecsdk.so@0x224f4]		stp	x21, x22, [sp, #16]	X21=0x708a819500 X22=0x708a81f3e8 SP=0x708b79ee40
0x70225ff4f8[libsecsdk.so@0x224f8]		stp	x23, x30, [sp, #32]	X23=0x198 LR=0x7022601984 SP=0x708b79ee40
0x70225ff4fc[libsecsdk.so@0x224fc]		stp	x19, x20, [sp]	X19=0x702489f862 X20=0x702489f984 SP=0x708b79ee40
0x70225ff500[libsecsdk.so@0x22500]		mov	x21, x1	X1=0x708a81f8f8
0x70225ff504[libsecsdk.so@0x22504]		mov	x23, x2	X2=0x7022b26a20
0x70225ff508[libsecsdk.so@0x22508]		cbz	w5, #220	W5=0x0
0x70225ff5e4[libsecsdk.so@0x225e4]		sub	w3, w3, #1	W3=0x2
0x70225ff5e8[libsecsdk.so@0x225e8]		mov	w19, #1	
0x70225ff5ec[libsecsdk.so@0x225ec]		lsl	w3, w3, #3	W3=0x1
0x70225ff5f0[libsecsdk.so@0x225f0]		b	#-220	
0x70225ff514[libsecsdk.so@0x22514]		cmp	w3, wzr	W3=0x8
0x70225ff518[libsecsdk.so@0x22518]		mov	x20, #8	
0x70225ff51c[libsecsdk.so@0x2251c]		sxtw	x3, w3	X3=0x8
0x70225ff520[libsecsdk.so@0x22520]		str	x4, [sp, #56]	X4=0x702489f4ae SP=0x708b79ee40
0x70225ff524[libsecsdk.so@0x22524]		csel	x20, x3, x20, ne	X3=0x8 X20=0x8
0x70225ff528[libsecsdk.so@0x22528]		mov	x0, x20	X20=0x8
0x70225ff52c[libsecsdk.so@0x2252c]		bl	#26816	SP=0x708b79ee40
0x7022605dec[libsecsdk.so@0x28dec]		stp	x29, x30, [sp, #-16]!	FP=0x708b79f600 LR=0x70225ff530 SP=0x708b79ee40
0x7022605df0[libsecsdk.so@0x28df0]		mov	x29, sp	SP=0x708b79ee30
0x7022605df4[libsecsdk.so@0x28df4]		bl	#-212	SP=0x708b79ee30
0x7022605d20[libsecsdk.so@0x28d20]		stp	x29, x30, [sp, #-32]!	FP=0x708b79ee30 LR=0x7022605df8 SP=0x708b79ee30
0x7022605d24[libsecsdk.so@0x28d24]		mov	x29, sp	SP=0x708b79ee10
0x7022605d28[libsecsdk.so@0x28d28]		stp	x19, x20, [sp, #16]	X19=0x1 X20=0x8 SP=0x708b79ee10
0x7022605d2c[libsecsdk.so@0x28d2c]		mov	x19, x0	X0=0x8
0x7022605d30[libsecsdk.so@0x28d30]		adrp	x20, #139264	
0x7022605d34[libsecsdk.so@0x28d34]		b	#32	
0x7022605d54[libsecsdk.so@0x28d54]		mov	x0, x19	X19=0x8
0x7022605d58[libsecsdk.so@0x28d58]		bl	#-132552	SP=0x708b79ee10
0x70225e5790[libsecsdk.so@0x8790]		adrp	x16, #266240	
0x70225e5794[libsecsdk.so@0x8794]		ldr	x17, [x16, #3352]	X16=0x7022626000
0x70225e5798[libsecsdk.so@0x8798]		add	x16, x16, #3352	X16=0x7022626000
0x70225e579c[libsecsdk.so@0x879c]		br	x17	X17=0x711abd432c
0x7022605d5c[libsecsdk.so@0x28d5c]		cbz	x0, #-36	X0=0x708a81f8d8
0x7022605d60[libsecsdk.so@0x28d60]		ldp	x19, x20, [sp, #16]	SP=0x708b79ee10
0x7022605d64[libsecsdk.so@0x28d64]		ldp	x29, x30, [sp], #32	SP=0x708b79ee10
0x7022605d68[libsecsdk.so@0x28d68]		ret	LR=0x7022605df8
0x7022605df8[libsecsdk.so@0x28df8]		ldp	x29, x30, [sp], #16	SP=0x708b79ee30
0x7022605dfc[libsecsdk.so@0x28dfc]		ret	LR=0x70225ff530
0x70225ff530[libsecsdk.so@0x22530]		mov	x22, x0	X0=0x708a81f8d8
0x70225ff534[libsecsdk.so@0x22534]		mov	w1, #0	
0x70225ff538[libsecsdk.so@0x22538]		mov	x2, x20	X20=0x8
0x70225ff53c[libsecsdk.so@0x2253c]		bl	#-105452	SP=0x708b79ee40
0x70225e5950[libsecsdk.so@0x8950]		adrp	x16, #266240	
0x70225e5954[libsecsdk.so@0x8954]		ldr	x17, [x16, #3576]	X16=0x7022626000
0x70225e5958[libsecsdk.so@0x8958]		add	x16, x16, #3576	X16=0x7022626000
0x70225e595c[libsecsdk.so@0x895c]		br	x17	X17=0x711ac12340
0x70225ff540[libsecsdk.so@0x22540]		adrp	x1, #57344	
0x70225ff544[libsecsdk.so@0x22544]		ldr	x4, [sp, #56]	SP=0x708b79ee40
0x70225ff548[libsecsdk.so@0x22548]		mov	x5, x22	X22=0x708a81f8d8
0x70225ff54c[libsecsdk.so@0x2254c]		add	x1, x1, #3760	X1=0x702260d000
0x70225ff550[libsecsdk.so@0x22550]		ldrb	w3, [x4, #1]!	X4=0x702489f4ae
0x70225ff554[libsecsdk.so@0x22554]		cbz	w3, #52	W3=0x4c
0x70225ff558[libsecsdk.so@0x22558]		sub	w3, w3, #66	W3=0x4c
0x70225ff55c[libsecsdk.so@0x2255c]		cmp	w3, #25	W3=0xa
0x70225ff560[libsecsdk.so@0x22560]		b.hi	#-16	
0x70225ff564[libsecsdk.so@0x22564]		ldrb	w0, [x1, w3, uxtw]	X1=0x702260deb0 W3=0xa
0x70225ff568[libsecsdk.so@0x22568]		adr	x2, #12	
0x70225ff56c[libsecsdk.so@0x2256c]		add	x0, x2, w0, sxtb #2	X2=0x70225ff574 W0=0x18
0x70225ff570[libsecsdk.so@0x22570]		br	x0	X0=0x70225ff5d4
0x70225ff5d4[libsecsdk.so@0x225d4]		ldr	x0, [x23, w19, sxtw #3]	X23=0x7022b26a20 W19=0x1
0x70225ff5d8[libsecsdk.so@0x225d8]		add	w19, w19, #1	W19=0x1
0x70225ff5dc[libsecsdk.so@0x225dc]		str	x0, [x5], #8	X0=0x79 X5=0x708a81f8d8
0x70225ff5e0[libsecsdk.so@0x225e0]		b	#-144	
0x70225ff550[libsecsdk.so@0x22550]		ldrb	w3, [x4, #1]!	X4=0x702489f4af
0x70225ff554[libsecsdk.so@0x22554]		cbz	w3, #52	W3=0x0
0x70225ff588[libsecsdk.so@0x22588]		mov	x0, x22	X22=0x708a81f8d8
0x70225ff58c[libsecsdk.so@0x2258c]		ldp	x19, x20, [sp]	SP=0x708b79ee40
0x70225ff590[libsecsdk.so@0x22590]		ldp	x21, x22, [sp, #16]	SP=0x708b79ee40
0x70225ff594[libsecsdk.so@0x22594]		ldp	x23, x30, [sp, #32]	SP=0x708b79ee40
0x70225ff598[libsecsdk.so@0x22598]		add	sp, sp, #64	SP=0x708b79ee40
0x70225ff59c[libsecsdk.so@0x2259c]		ret	LR=0x7022601984
0x7022601984[libsecsdk.so@0x24984]		mov	x20, x0	X0=0x708a81f8d8
0x7022601988[libsecsdk.so@0x24988]		ldrb	w1, [x19]	X19=0x702489f862
0x702260198c[libsecsdk.so@0x2498c]		sub	w1, w1, #66	W1=0x5b
0x7022601990[libsecsdk.so@0x24990]		cmp	w1, #25	W1=0x19
0x7022601994[libsecsdk.so@0x24994]		b.hi	#72	
0x7022601998[libsecsdk.so@0x24998]		adrp	x0, #49152	
0x702260199c[libsecsdk.so@0x2499c]		add	x0, x0, #3944	X0=0x702260d000
0x70226019a0[libsecsdk.so@0x249a0]		ldrh	w0, [x0, w1, uxtw #1]	X0=0x702260df68 W1=0x19
0x70226019a4[libsecsdk.so@0x249a4]		adr	x1, #12	
0x70226019a8[libsecsdk.so@0x249a8]		add	x0, x1, w0, sxth #2	X1=0x70226019b0 W0=0xa3
0x70226019ac[libsecsdk.so@0x249ac]		br	x0	X0=0x7022601c3c
0x7022601c3c[libsecsdk.so@0x24c3c]		fmov	w0, s13	
0x7022601c40[libsecsdk.so@0x24c40]		cbnz	w0, #476	W0=0x0
0x7022601c44[libsecsdk.so@0x24c44]		ldr	x4, [x21]	X21=0x708a819500
0x7022601c48[libsecsdk.so@0x24c48]		mov	x0, x21	X21=0x708a819500
0x7022601c4c[libsecsdk.so@0x24c4c]		cbz	w26, #396	W26=0x0
0x7022601dd8[libsecsdk.so@0x24dd8]		fmov	x1, d12	
0x7022601ddc[libsecsdk.so@0x24ddc]		ldr	x4, [x4, #288]	X4=0x70967d16a0
0x7022601de0[libsecsdk.so@0x24de0]		fmov	x2, d9	
0x7022601de4[libsecsdk.so@0x24de4]		mov	x3, x20	X20=0x708a81f8d8
0x7022601de8[libsecsdk.so@0x24de8]		blr	x4	X4=0x709659959c SP=0x708b79ee80
0x7022601dec[libsecsdk.so@0x24dec]		mov	x24, x0	X0=0x89
0x7022601df0[libsecsdk.so@0x24df0]		b	#-1044	
0x70226019dc[libsecsdk.so@0x249dc]		cbz	x20, #12	X20=0x708a81f8d8
0x70226019e0[libsecsdk.so@0x249e0]		mov	x0, x20	X20=0x708a81f8d8
0x70226019e4[libsecsdk.so@0x249e4]		bl	#14480	SP=0x708b79ee80
0x7022605274[libsecsdk.so@0x28274]		b	#-12	
0x7022605268[libsecsdk.so@0x28268]		cbz	x0, #8	X0=0x708a81f8d8
0x702260526c[libsecsdk.so@0x2826c]		b	#-128940	
0x70225e5ac0[libsecsdk.so@0x8ac0]		adrp	x16, #266240	
0x70225e5ac4[libsecsdk.so@0x8ac4]		ldr	x17, [x16, #3760]	X16=0x7022626000
0x70225e5ac8[libsecsdk.so@0x8ac8]		add	x16, x16, #3760	X16=0x7022626000
0x70225e5acc[libsecsdk.so@0x8acc]		br	x17	X17=0x711abd42bc
0x70226019e8[libsecsdk.so@0x249e8]		cbz	x27, #12	X27=0x708a81f880
0x70226019ec[libsecsdk.so@0x249ec]		mov	x0, x27	X27=0x708a81f880
0x70226019f0[libsecsdk.so@0x249f0]		bl	#14468	SP=0x708b79ee80
0x7022605274[libsecsdk.so@0x28274]		b	#-12	
0x7022605268[libsecsdk.so@0x28268]		cbz	x0, #8	X0=0x708a81f880
0x702260526c[libsecsdk.so@0x2826c]		b	#-128940	
0x70225e5ac0[libsecsdk.so@0x8ac0]		adrp	x16, #266240	
0x70225e5ac4[libsecsdk.so@0x8ac4]		ldr	x17, [x16, #3760]	X16=0x7022626000
0x70225e5ac8[libsecsdk.so@0x8ac8]		add	x16, x16, #3760	X16=0x7022626000
0x70225e5acc[libsecsdk.so@0x8acc]		br	x17	X17=0x711abd42bc
0x70226019f4[libsecsdk.so@0x249f4]		ldr	x2, [x21]	X21=0x708a819500
0x70226019f8[libsecsdk.so@0x249f8]		mov	x0, x21	X21=0x708a819500
0x70226019fc[libsecsdk.so@0x249fc]		mov	x1, x28	X28=0x45
0x7022601a00[libsecsdk.so@0x24a00]		ldr	x2, [x2, #184]	X2=0x70967d16a0
0x7022601a04[libsecsdk.so@0x24a04]		blr	x2	X2=0x7096594834 SP=0x708b79ee80
0x7022601a08[libsecsdk.so@0x24a08]		mov	x0, x24	X24=0x89
0x7022601a0c[libsecsdk.so@0x24a0c]		ldp	x19, x20, [sp]	SP=0x708b79ee80
0x7022601a10[libsecsdk.so@0x24a10]		ldp	d8, d9, [sp, #88]	SP=0x708b79ee80
0x7022601a14[libsecsdk.so@0x24a14]		ldp	x21, x22, [sp, #16]	SP=0x708b79ee80
0x7022601a18[libsecsdk.so@0x24a18]		ldp	d10, d11, [sp, #104]	SP=0x708b79ee80
0x7022601a1c[libsecsdk.so@0x24a1c]		ldp	x23, x24, [sp, #32]	SP=0x708b79ee80
0x7022601a20[libsecsdk.so@0x24a20]		ldp	d12, d13, [sp, #120]	SP=0x708b79ee80
0x7022601a24[libsecsdk.so@0x24a24]		ldp	x25, x26, [sp, #48]	SP=0x708b79ee80
0x7022601a28[libsecsdk.so@0x24a28]		ldp	x27, x28, [sp, #64]	SP=0x708b79ee80
0x7022601a2c[libsecsdk.so@0x24a2c]		ldr	x30, [sp, #80]	SP=0x708b79ee80
0x7022601a30[libsecsdk.so@0x24a30]		ldr	d14, [sp, #136]	SP=0x708b79ee80
0x7022601a34[libsecsdk.so@0x24a34]		add	sp, sp, #160	SP=0x708b79ee80
0x7022601a38[libsecsdk.so@0x24a38]		ret	LR=0x70225f65a8
0x70225f65a8[libsecsdk.so@0x195a8]		ldr	x1, [x20]	X20=0x708a819500
0x70225f65ac[libsecsdk.so@0x195ac]		fmov	d11, x0	X0=0x89
0x70225f65b0[libsecsdk.so@0x195b0]		mov	x0, x20	X20=0x708a819500
0x70225f65b4[libsecsdk.so@0x195b4]		ldr	x1, [x1, #1824]	X1=0x70967d16a0
0x70225f65b8[libsecsdk.so@0x195b8]		blr	x1	X1=0x70965ebe7c SP=0x708b79ef20
0x70225f65bc[libsecsdk.so@0x195bc]		uxtb	w0, w0	W0=0x0
0x70225f65c0[libsecsdk.so@0x195c0]		ldr	x8, [sp, #192]	SP=0x708b79ef20
0x70225f65c4[libsecsdk.so@0x195c4]		cbnz	w0, #-876	W0=0x0
0x70225f65c8[libsecsdk.so@0x195c8]		ldrb	w0, [x8]	X8=0x708b79f03f
0x70225f65cc[libsecsdk.so@0x195cc]		cbz	w0, #44	W0=0x1
0x70225f65d0[libsecsdk.so@0x195d0]		ldr	x0, [x27]	X27=0x708b79f040
0x70225f65d4[libsecsdk.so@0x195d4]		ldrb	w0, [x0, #6]	X0=0x711b5b7382
0x70225f65d8[libsecsdk.so@0x195d8]		cmp	w0, #12	W0=0xc
0x70225f65dc[libsecsdk.so@0x195dc]		b.eq	#28	
0x70225f65f8[libsecsdk.so@0x195f8]		mov	x0, x28	X28=0x708a81f8f8
0x70225f65fc[libsecsdk.so@0x195fc]		bl	#60536	SP=0x708b79ef20
0x7022605274[libsecsdk.so@0x28274]		b	#-12	
0x7022605268[libsecsdk.so@0x28268]		cbz	x0, #8	X0=0x708a81f8f8
0x702260526c[libsecsdk.so@0x2826c]		b	#-128940	
0x70225e5ac0[libsecsdk.so@0x8ac0]		adrp	x16, #266240	
0x70225e5ac4[libsecsdk.so@0x8ac4]		ldr	x17, [x16, #3760]	X16=0x7022626000
0x70225e5ac8[libsecsdk.so@0x8ac8]		add	x16, x16, #3760	X16=0x7022626000
0x70225e5acc[libsecsdk.so@0x8acc]		br	x17	X17=0x711abd42bc
0x70225f6600[libsecsdk.so@0x19600]		mov	x0, x19	X19=0x7022b26a20
0x70225f6604[libsecsdk.so@0x19604]		bl	#60528	SP=0x708b79ef20
0x7022605274[libsecsdk.so@0x28274]		b	#-12	
0x7022605268[libsecsdk.so@0x28268]		cbz	x0, #8	X0=0x7022b26a20
0x702260526c[libsecsdk.so@0x2826c]		b	#-128940	
0x70225e5ac0[libsecsdk.so@0x8ac0]		adrp	x16, #266240	
0x70225e5ac4[libsecsdk.so@0x8ac4]		ldr	x17, [x16, #3760]	X16=0x7022626000
0x70225e5ac8[libsecsdk.so@0x8ac8]		add	x16, x16, #3760	X16=0x7022626000
0x70225e5acc[libsecsdk.so@0x8acc]		br	x17	X17=0x711abd42bc
0x70225f6608[libsecsdk.so@0x19608]		ldr	x1, [x27]	X27=0x708b79f040
0x70225f660c[libsecsdk.so@0x1960c]		add	x0, x21, #928	X21=0x7022625000
0x70225f6610[libsecsdk.so@0x19610]		add	x2, x1, #6	X1=0x711b5b7382
0x70225f6614[libsecsdk.so@0x19614]		str	x2, [x27]	X2=0x711b5b7388 X27=0x708b79f040
0x70225f6618[libsecsdk.so@0x19618]		ldrh	w19, [x1, #6]	X1=0x711b5b7382
0x70225f661c[libsecsdk.so@0x1961c]		uxtb	w1, w19	W19=0x10c
0x70225f6620[libsecsdk.so@0x19620]		ldr	x0, [x0, w1, sxtw #3]	X0=0x70226253a0 W1=0xc
0x70225f6624[libsecsdk.so@0x19624]		br	x0	X0=0x70225f8314
0x70225f8314[libsecsdk.so@0x1b314]		ldrsw	x0, [x23, #24]	X23=0x708b79f068
0x70225f8318[libsecsdk.so@0x1b318]		asr	w19, w19, #8	W19=0x10c
0x70225f831c[libsecsdk.so@0x1b31c]		lsl	x0, x0, #2	X0=0x8
0x70225f8320[libsecsdk.so@0x1b320]		add	x0, x0, w19, sxtw #3	X0=0x20 W19=0x1
0x70225f8324[libsecsdk.so@0x1b324]		ldr	x28, [x25, x0]	X25=0x708a8893c0 X0=0x28
0x70225f8328[libsecsdk.so@0x1b328]		cbz	x28, #236	X28=0x0
0x70225f8414[libsecsdk.so@0x1b414]		fmov	w0, s9	
0x70225f8418[libsecsdk.so@0x1b418]		mov	x1, x23	X23=0x708b79f068
0x70225f841c[libsecsdk.so@0x1b41c]		fmov	x2, d11	
0x70225f8420[libsecsdk.so@0x1b420]		str	s11, [x25, w19, sxtw #2]	X25=0x708a8893c0 W19=0x1
0x70225f8424[libsecsdk.so@0x1b424]		mov	w3, w0	W0=0x8
0x70225f8428[libsecsdk.so@0x1b428]		add	x3, x3, w19, sxtw #1	X3=0x8 W19=0x1
0x70225f842c[libsecsdk.so@0x1b42c]		lsl	x3, x3, #2	X3=0xa
0x70225f8430[libsecsdk.so@0x1b430]		mov	x0, x20	X20=0x708a819500
0x70225f8434[libsecsdk.so@0x1b434]		str	d11, [x25, x3]	X25=0x708a8893c0 X3=0x28
0x70225f8438[libsecsdk.so@0x1b438]		bl	#23376	SP=0x708b79ef20
0x70225fdf88[libsecsdk.so@0x20f88]		sub	sp, sp, #32	SP=0x708b79ef20
0x70225fdf8c[libsecsdk.so@0x20f8c]		stp	x19, x20, [sp]	X19=0x1 X20=0x708a819500 SP=0x708b79ef00
0x70225fdf90[libsecsdk.so@0x20f90]		stp	x21, x30, [sp, #16]	X21=0x7022625000 LR=0x70225f843c SP=0x708b79ef00
0x70225fdf94[libsecsdk.so@0x20f94]		cbz	x2, #136	X2=0x89
0x70225fdf98[libsecsdk.so@0x20f98]		ldr	x5, [x1]	X1=0x708b79f068
0x70225fdf9c[libsecsdk.so@0x20f9c]		ldr	x0, [x1, #8]	X1=0x708b79f068
0x70225fdfa0[libsecsdk.so@0x20fa0]		mov	x3, x5	X5=0x7022a5e030
0x70225fdfa4[libsecsdk.so@0x20fa4]		b	#16	
0x70225fdfb4[libsecsdk.so@0x20fb4]		sub	x3, x3, #8	X3=0x7022a5e030
0x70225fdfb8[libsecsdk.so@0x20fb8]		cmp	x0, x3	X0=0x7022a5e000 X3=0x7022a5e028
0x70225fdfbc[libsecsdk.so@0x20fbc]		b.ls	#-20	
0x70225fdfa8[libsecsdk.so@0x20fa8]		ldr	x4, [x3]	X3=0x7022a5e028
0x70225fdfac[libsecsdk.so@0x20fac]		cmp	x2, x4	X2=0x89 X4=0x79
0x70225fdfb0[libsecsdk.so@0x20fb0]		b.eq	#72	
0x70225fdfb4[libsecsdk.so@0x20fb4]		sub	x3, x3, #8	X3=0x7022a5e028
0x70225fdfb8[libsecsdk.so@0x20fb8]		cmp	x0, x3	X0=0x7022a5e000 X3=0x7022a5e020
0x70225fdfbc[libsecsdk.so@0x20fbc]		b.ls	#-20	
0x70225fdfa8[libsecsdk.so@0x20fa8]		ldr	x4, [x3]	X3=0x7022a5e020
0x70225fdfac[libsecsdk.so@0x20fac]		cmp	x2, x4	X2=0x89 X4=0x65
0x70225fdfb0[libsecsdk.so@0x20fb0]		b.eq	#72	
0x70225fdfb4[libsecsdk.so@0x20fb4]		sub	x3, x3, #8	X3=0x7022a5e020
0x70225fdfb8[libsecsdk.so@0x20fb8]		cmp	x0, x3	X0=0x7022a5e000 X3=0x7022a5e018
0x70225fdfbc[libsecsdk.so@0x20fbc]		b.ls	#-20	
0x70225fdfa8[libsecsdk.so@0x20fa8]		ldr	x4, [x3]	X3=0x7022a5e018
0x70225fdfac[libsecsdk.so@0x20fac]		cmp	x2, x4	X2=0x89 X4=0x2886
0x70225fdfb0[libsecsdk.so@0x20fb0]		b.eq	#72	
0x70225fdfb4[libsecsdk.so@0x20fb4]		sub	x3, x3, #8	X3=0x7022a5e018
0x70225fdfb8[libsecsdk.so@0x20fb8]		cmp	x0, x3	X0=0x7022a5e000 X3=0x7022a5e010
0x70225fdfbc[libsecsdk.so@0x20fbc]		b.ls	#-20	
0x70225fdfa8[libsecsdk.so@0x20fa8]		ldr	x4, [x3]	X3=0x7022a5e010
0x70225fdfac[libsecsdk.so@0x20fac]		cmp	x2, x4	X2=0x89 X4=0x59
0x70225fdfb0[libsecsdk.so@0x20fb0]		b.eq	#72	
0x70225fdfb4[libsecsdk.so@0x20fb4]		sub	x3, x3, #8	X3=0x7022a5e010
0x70225fdfb8[libsecsdk.so@0x20fb8]		cmp	x0, x3	X0=0x7022a5e000 X3=0x7022a5e008
0x70225fdfbc[libsecsdk.so@0x20fbc]		b.ls	#-20	
0x70225fdfa8[libsecsdk.so@0x20fa8]		ldr	x4, [x3]	X3=0x7022a5e008
0x70225fdfac[libsecsdk.so@0x20fac]		cmp	x2, x4	X2=0x89 X4=0x2876
0x70225fdfb0[libsecsdk.so@0x20fb0]		b.eq	#72	
0x70225fdfb4[libsecsdk.so@0x20fb4]		sub	x3, x3, #8	X3=0x7022a5e008
0x70225fdfb8[libsecsdk.so@0x20fb8]		cmp	x0, x3	X0=0x7022a5e000 X3=0x7022a5e000
0x70225fdfbc[libsecsdk.so@0x20fbc]		b.ls	#-20	
0x70225fdfa8[libsecsdk.so@0x20fa8]		ldr	x4, [x3]	X3=0x7022a5e000
0x70225fdfac[libsecsdk.so@0x20fac]		cmp	x2, x4	X2=0x89 X4=0x2866
0x70225fdfb0[libsecsdk.so@0x20fb0]		b.eq	#72	
0x70225fdfb4[libsecsdk.so@0x20fb4]		sub	x3, x3, #8	X3=0x7022a5e000
0x70225fdfb8[libsecsdk.so@0x20fb8]		cmp	x0, x3	X0=0x7022a5e000 X3=0x7022a5dff8
0x70225fdfbc[libsecsdk.so@0x20fbc]		b.ls	#-20	
0x70225fdfc0[libsecsdk.so@0x20fc0]		mov	x19, x1	X1=0x708b79f068
0x70225fdfc4[libsecsdk.so@0x20fc4]		ldr	w1, [x1, #16]	X1=0x708b79f068
0x70225fdfc8[libsecsdk.so@0x20fc8]		add	x3, x0, w1, sxtw #3	X0=0x7022a5e000 W1=0x400
0x70225fdfcc[libsecsdk.so@0x20fcc]		cmp	x3, x5	X3=0x7022a60000 X5=0x7022a5e030
0x70225fdfd0[libsecsdk.so@0x20fd0]		mov	x21, x2	X2=0x89
0x70225fdfd4[libsecsdk.so@0x20fd4]		b.eq	#92	
0x70225fdfd8[libsecsdk.so@0x20fd8]		add	x0, x5, #8	X5=0x7022a5e030
0x70225fdfdc[libsecsdk.so@0x20fdc]		str	x0, [x19]	X0=0x7022a5e038 X19=0x708b79f068
0x70225fdfe0[libsecsdk.so@0x20fe0]		str	x21, [x5]	X21=0x89 X5=0x7022a5e030
0x70225fdfe4[libsecsdk.so@0x20fe4]		mov	w0, #1	
0x70225fdfe8[libsecsdk.so@0x20fe8]		ldp	x19, x20, [sp]	SP=0x708b79ef00
0x70225fdfec[libsecsdk.so@0x20fec]		ldp	x21, x30, [sp, #16]	SP=0x708b79ef00
0x70225fdff0[libsecsdk.so@0x20ff0]		add	sp, sp, #32	SP=0x708b79ef00
0x70225fdff4[libsecsdk.so@0x20ff4]		ret	LR=0x70225f843c
0x70225f843c[libsecsdk.so@0x1b43c]		ldr	x1, [x27]	X27=0x708b79f040
0x70225f8440[libsecsdk.so@0x1b440]		add	x0, x21, #928	X21=0x7022625000
0x70225f8444[libsecsdk.so@0x1b444]		add	x2, x1, #2	X1=0x711b5b7388
0x70225f8448[libsecsdk.so@0x1b448]		str	x2, [x27]	X2=0x711b5b738a X27=0x708b79f040
0x70225f844c[libsecsdk.so@0x1b44c]		ldrh	w19, [x1, #2]	X1=0x711b5b7388
0x70225f8450[libsecsdk.so@0x1b450]		uxtb	w1, w19	W19=0x422
0x70225f8454[libsecsdk.so@0x1b454]		ldr	x0, [x0, w1, sxtw #3]	X0=0x70226253a0 W1=0x22
0x70225f8458[libsecsdk.so@0x1b458]		br	x0	X0=0x70225f6eb4
0x70225f6eb4[libsecsdk.so@0x19eb4]		ldr	x2, [x27]	X27=0x708b79f040
0x70225f6eb8[libsecsdk.so@0x19eb8]		mov	x0, x24	X24=0x708a81f3e8
0x70225f6ebc[libsecsdk.so@0x19ebc]		mov	x1, x20	X20=0x708a819500
0x70225f6ec0[libsecsdk.so@0x19ec0]		ldrh	w2, [x2, #2]	X2=0x711b5b738a
0x70225f6ec4[libsecsdk.so@0x19ec4]		bl	#32088	SP=0x708b79ef20
0x70225fec1c[libsecsdk.so@0x21c1c]		sub	sp, sp, #48	SP=0x708b79ef20
0x70225fec20[libsecsdk.so@0x21c20]		stp	x19, x20, [sp]	X19=0x422 X20=0x708a819500 SP=0x708b79eef0
0x70225fec24[libsecsdk.so@0x21c24]		str	x30, [sp, #16]	LR=0x70225f6ec8 SP=0x708b79eef0
0x70225fec28[libsecsdk.so@0x21c28]		ldr	x3, [x0]	X0=0x708a81f3e8
0x70225fec2c[libsecsdk.so@0x21c2c]		ldr	x5, [x3, #24]	X3=0x7022a969c0
0x70225fec30[libsecsdk.so@0x21c30]		ldr	x4, [x3, #16]	X3=0x7022a969c0
0x70225fec34[libsecsdk.so@0x21c34]		ldr	x0, [x3, #88]	X3=0x7022a969c0
0x70225fec38[libsecsdk.so@0x21c38]		ldr	w2, [x5, w2, uxtw #2]	X5=0x702489e35c W2=0x13
0x70225fec3c[libsecsdk.so@0x21c3c]		ldr	w2, [x4, x2, lsl #2]	X4=0x702489e070 X2=0x2e
0x70225fec40[libsecsdk.so@0x21c40]		add	x0, x0, x2	X0=0x702489e000 X2=0x16bd
0x70225fec44[libsecsdk.so@0x21c44]		ldrsb	w2, [x0], #1	X0=0x702489f6bd
0x70225fec48[libsecsdk.so@0x21c48]		tbnz	w2, #31, #-4	W2=0x12
0x70225fec4c[libsecsdk.so@0x21c4c]		str	x1, [sp, #40]	X1=0x708a819500 SP=0x708b79eef0
0x70225fec50[libsecsdk.so@0x21c50]		bl	#-2872	SP=0x708b79eef0
0x70225fe118[libsecsdk.so@0x21118]		sub	sp, sp, #64	SP=0x708b79eef0
0x70225fe11c[libsecsdk.so@0x2111c]		stp	x19, x20, [sp]	X19=0x422 X20=0x708a819500 SP=0x708b79eeb0
0x70225fe120[libsecsdk.so@0x21120]		stp	x21, x22, [sp, #16]	X21=0x7022625000 X22=0x708b79f088 SP=0x708b79eeb0
0x70225fe124[libsecsdk.so@0x21124]		str	x30, [sp, #32]	LR=0x70225fec54 SP=0x708b79eeb0
0x70225fe128[libsecsdk.so@0x21128]		mov	x19, x0	X0=0x702489f6be
0x70225fe12c[libsecsdk.so@0x2112c]		bl	#-100012	SP=0x708b79eeb0
0x70225e5a80[libsecsdk.so@0x8a80]		adrp	x16, #266240	
0x70225e5a84[libsecsdk.so@0x8a84]		ldr	x17, [x16, #3728]	X16=0x7022626000
0x70225e5a88[libsecsdk.so@0x8a88]		add	x16, x16, #3728	X16=0x7022626000
0x70225e5a8c[libsecsdk.so@0x8a8c]		br	x17	X17=0x711ac12960
0x70225fe130[libsecsdk.so@0x21130]		add	w2, w0, #1	W0=0x12
0x70225fe134[libsecsdk.so@0x21134]		mov	x22, x0	X0=0x12
0x70225fe138[libsecsdk.so@0x21138]		mov	w21, w0	W0=0x12
0x70225fe13c[libsecsdk.so@0x2113c]		mov	x0, x2	X2=0x13
0x70225fe140[libsecsdk.so@0x21140]		str	x2, [sp, #56]	X2=0x13 SP=0x708b79eeb0
0x70225fe144[libsecsdk.so@0x21144]		bl	#31912	SP=0x708b79eeb0
0x7022605dec[libsecsdk.so@0x28dec]		stp	x29, x30, [sp, #-16]!	FP=0x708b79f600 LR=0x70225fe148 SP=0x708b79eeb0
0x7022605df0[libsecsdk.so@0x28df0]		mov	x29, sp	SP=0x708b79eea0
0x7022605df4[libsecsdk.so@0x28df4]		bl	#-212	SP=0x708b79eea0
0x7022605d20[libsecsdk.so@0x28d20]		stp	x29, x30, [sp, #-32]!	FP=0x708b79eea0 LR=0x7022605df8 SP=0x708b79eea0
0x7022605d24[libsecsdk.so@0x28d24]		mov	x29, sp	SP=0x708b79ee80
0x7022605d28[libsecsdk.so@0x28d28]		stp	x19, x20, [sp, #16]	X19=0x702489f6be X20=0x708a819500 SP=0x708b79ee80
0x7022605d2c[libsecsdk.so@0x28d2c]		mov	x19, x0	X0=0x13
0x7022605d30[libsecsdk.so@0x28d30]		adrp	x20, #139264	
0x7022605d34[libsecsdk.so@0x28d34]		b	#32	
0x7022605d54[libsecsdk.so@0x28d54]		mov	x0, x19	X19=0x13
0x7022605d58[libsecsdk.so@0x28d58]		bl	#-132552	SP=0x708b79ee80
0x70225e5790[libsecsdk.so@0x8790]		adrp	x16, #266240	
0x70225e5794[libsecsdk.so@0x8794]		ldr	x17, [x16, #3352]	X16=0x7022626000
0x70225e5798[libsecsdk.so@0x8798]		add	x16, x16, #3352	X16=0x7022626000
0x70225e579c[libsecsdk.so@0x879c]		br	x17	X17=0x711abd432c
0x7022605d5c[libsecsdk.so@0x28d5c]		cbz	x0, #-36	X0=0x7022b808a0
0x7022605d60[libsecsdk.so@0x28d60]		ldp	x19, x20, [sp, #16]	SP=0x708b79ee80
0x7022605d64[libsecsdk.so@0x28d64]		ldp	x29, x30, [sp], #32	SP=0x708b79ee80
0x7022605d68[libsecsdk.so@0x28d68]		ret	LR=0x7022605df8
0x7022605df8[libsecsdk.so@0x28df8]		ldp	x29, x30, [sp], #16	SP=0x708b79eea0
0x7022605dfc[libsecsdk.so@0x28dfc]		ret	LR=0x70225fe148
0x70225fe148[libsecsdk.so@0x21148]		mov	x20, x0	X0=0x7022b808a0
0x70225fe14c[libsecsdk.so@0x2114c]		ldr	x2, [sp, #56]	SP=0x708b79eeb0
0x70225fe150[libsecsdk.so@0x21150]		mov	w1, #0	
0x70225fe154[libsecsdk.so@0x21154]		bl	#-100356	SP=0x708b79eeb0
0x70225e5950[libsecsdk.so@0x8950]		adrp	x16, #266240	
0x70225e5954[libsecsdk.so@0x8954]		ldr	x17, [x16, #3576]	X16=0x7022626000
0x70225e5958[libsecsdk.so@0x8958]		add	x16, x16, #3576	X16=0x7022626000
0x70225e595c[libsecsdk.so@0x895c]		br	x17	X17=0x711ac12340
0x70225fe158[libsecsdk.so@0x21158]		ldrb	w0, [x19]	X19=0x702489f6be
0x70225fe15c[libsecsdk.so@0x2115c]		cmp	w0, #76	W0=0x4c
0x70225fe160[libsecsdk.so@0x21160]		b.eq	#44	
0x70225fe18c[libsecsdk.so@0x2118c]		cmp	w22, #1	W22=0x12
0x70225fe190[libsecsdk.so@0x21190]		b.ls	#-28	
0x70225fe194[libsecsdk.so@0x21194]		ldrb	w3, [x19, #1]	X19=0x702489f6be
0x70225fe198[libsecsdk.so@0x21198]		mov	x2, #2	
0x70225fe19c[libsecsdk.so@0x2119c]		cmp	w3, #59	W3=0x6a
0x70225fe1a0[libsecsdk.so@0x211a0]		b.ne	#20	
0x70225fe1b4[libsecsdk.so@0x211b4]		add	x4, x20, x2	X20=0x7022b808a0 X2=0x2
0x70225fe1b8[libsecsdk.so@0x211b8]		cmp	w21, w2	W21=0x12 W2=0x2
0x70225fe1bc[libsecsdk.so@0x211bc]		add	x2, x2, #1	X2=0x2
0x70225fe1c0[libsecsdk.so@0x211c0]		add	x5, x19, x2	X19=0x702489f6be X2=0x3
0x70225fe1c4[libsecsdk.so@0x211c4]		sturb	w3, [x4, #-2]	W3=0x6a X4=0x7022b808a2
0x70225fe1c8[libsecsdk.so@0x211c8]		b.hi	#-32	
0x70225fe1a8[libsecsdk.so@0x211a8]		ldurb	w3, [x5, #-1]	X5=0x702489f6c1
0x70225fe1ac[libsecsdk.so@0x211ac]		cmp	w3, #59	W3=0x61
0x70225fe1b0[libsecsdk.so@0x211b0]		b.eq	#-60	
0x70225fe1b4[libsecsdk.so@0x211b4]		add	x4, x20, x2	X20=0x7022b808a0 X2=0x3
0x70225fe1b8[libsecsdk.so@0x211b8]		cmp	w21, w2	W21=0x12 W2=0x3
0x70225fe1bc[libsecsdk.so@0x211bc]		add	x2, x2, #1	X2=0x3
0x70225fe1c0[libsecsdk.so@0x211c0]		add	x5, x19, x2	X19=0x702489f6be X2=0x4
0x70225fe1c4[libsecsdk.so@0x211c4]		sturb	w3, [x4, #-2]	W3=0x61 X4=0x7022b808a3
0x70225fe1c8[libsecsdk.so@0x211c8]		b.hi	#-32	
0x70225fe1a8[libsecsdk.so@0x211a8]		ldurb	w3, [x5, #-1]	X5=0x702489f6c2
0x70225fe1ac[libsecsdk.so@0x211ac]		cmp	w3, #59	W3=0x76
0x70225fe1b0[libsecsdk.so@0x211b0]		b.eq	#-60	
0x70225fe1b4[libsecsdk.so@0x211b4]		add	x4, x20, x2	X20=0x7022b808a0 X2=0x4
0x70225fe1b8[libsecsdk.so@0x211b8]		cmp	w21, w2	W21=0x12 W2=0x4
0x70225fe1bc[libsecsdk.so@0x211bc]		add	x2, x2, #1	X2=0x4
0x70225fe1c0[libsecsdk.so@0x211c0]		add	x5, x19, x2	X19=0x702489f6be X2=0x5
0x70225fe1c4[libsecsdk.so@0x211c4]		sturb	w3, [x4, #-2]	W3=0x76 X4=0x7022b808a4
0x70225fe1c8[libsecsdk.so@0x211c8]		b.hi	#-32	
0x70225fe1a8[libsecsdk.so@0x211a8]		ldurb	w3, [x5, #-1]	X5=0x702489f6c3
0x70225fe1ac[libsecsdk.so@0x211ac]		cmp	w3, #59	W3=0x61
0x70225fe1b0[libsecsdk.so@0x211b0]		b.eq	#-60	
0x70225fe1b4[libsecsdk.so@0x211b4]		add	x4, x20, x2	X20=0x7022b808a0 X2=0x5
0x70225fe1b8[libsecsdk.so@0x211b8]		cmp	w21, w2	W21=0x12 W2=0x5
0x70225fe1bc[libsecsdk.so@0x211bc]		add	x2, x2, #1	X2=0x5
0x70225fe1c0[libsecsdk.so@0x211c0]		add	x5, x19, x2	X19=0x702489f6be X2=0x6
0x70225fe1c4[libsecsdk.so@0x211c4]		sturb	w3, [x4, #-2]	W3=0x61 X4=0x7022b808a5
0x70225fe1c8[libsecsdk.so@0x211c8]		b.hi	#-32	
0x70225fe1a8[libsecsdk.so@0x211a8]		ldurb	w3, [x5, #-1]	X5=0x702489f6c4
0x70225fe1ac[libsecsdk.so@0x211ac]		cmp	w3, #59	W3=0x2f
0x70225fe1b0[libsecsdk.so@0x211b0]		b.eq	#-60	
0x70225fe1b4[libsecsdk.so@0x211b4]		add	x4, x20, x2	X20=0x7022b808a0 X2=0x6
0x70225fe1b8[libsecsdk.so@0x211b8]		cmp	w21, w2	W21=0x12 W2=0x6
0x70225fe1bc[libsecsdk.so@0x211bc]		add	x2, x2, #1	X2=0x6
0x70225fe1c0[libsecsdk.so@0x211c0]		add	x5, x19, x2	X19=0x702489f6be X2=0x7
0x70225fe1c4[libsecsdk.so@0x211c4]		sturb	w3, [x4, #-2]	W3=0x2f X4=0x7022b808a6
0x70225fe1c8[libsecsdk.so@0x211c8]		b.hi	#-32	
0x70225fe1a8[libsecsdk.so@0x211a8]		ldurb	w3, [x5, #-1]	X5=0x702489f6c5
0x70225fe1ac[libsecsdk.so@0x211ac]		cmp	w3, #59	W3=0x6c
0x70225fe1b0[libsecsdk.so@0x211b0]		b.eq	#-60	
0x70225fe1b4[libsecsdk.so@0x211b4]		add	x4, x20, x2	X20=0x7022b808a0 X2=0x7
0x70225fe1b8[libsecsdk.so@0x211b8]		cmp	w21, w2	W21=0x12 W2=0x7
0x70225fe1bc[libsecsdk.so@0x211bc]		add	x2, x2, #1	X2=0x7
0x70225fe1c0[libsecsdk.so@0x211c0]		add	x5, x19, x2	X19=0x702489f6be X2=0x8
0x70225fe1c4[libsecsdk.so@0x211c4]		sturb	w3, [x4, #-2]	W3=0x6c X4=0x7022b808a7
0x70225fe1c8[libsecsdk.so@0x211c8]		b.hi	#-32	
0x70225fe1a8[libsecsdk.so@0x211a8]		ldurb	w3, [x5, #-1]	X5=0x702489f6c6
0x70225fe1ac[libsecsdk.so@0x211ac]		cmp	w3, #59	W3=0x61
0x70225fe1b0[libsecsdk.so@0x211b0]		b.eq	#-60	
0x70225fe1b4[libsecsdk.so@0x211b4]		add	x4, x20, x2	X20=0x7022b808a0 X2=0x8
0x70225fe1b8[libsecsdk.so@0x211b8]		cmp	w21, w2	W21=0x12 W2=0x8
0x70225fe1bc[libsecsdk.so@0x211bc]		add	x2, x2, #1	X2=0x8
0x70225fe1c0[libsecsdk.so@0x211c0]		add	x5, x19, x2	X19=0x702489f6be X2=0x9
0x70225fe1c4[libsecsdk.so@0x211c4]		sturb	w3, [x4, #-2]	W3=0x61 X4=0x7022b808a8
0x70225fe1c8[libsecsdk.so@0x211c8]		b.hi	#-32	
0x70225fe1a8[libsecsdk.so@0x211a8]		ldurb	w3, [x5, #-1]	X5=0x702489f6c7
0x70225fe1ac[libsecsdk.so@0x211ac]		cmp	w3, #59	W3=0x6e
0x70225fe1b0[libsecsdk.so@0x211b0]		b.eq	#-60	
0x70225fe1b4[libsecsdk.so@0x211b4]		add	x4, x20, x2	X20=0x7022b808a0 X2=0x9
0x70225fe1b8[libsecsdk.so@0x211b8]		cmp	w21, w2	W21=0x12 W2=0x9
0x70225fe1bc[libsecsdk.so@0x211bc]		add	x2, x2, #1	X2=0x9
0x70225fe1c0[libsecsdk.so@0x211c0]		add	x5, x19, x2	X19=0x702489f6be X2=0xa
0x70225fe1c4[libsecsdk.so@0x211c4]		sturb	w3, [x4, #-2]	W3=0x6e X4=0x7022b808a9
0x70225fe1c8[libsecsdk.so@0x211c8]		b.hi	#-32	
0x70225fe1a8[libsecsdk.so@0x211a8]		ldurb	w3, [x5, #-1]	X5=0x702489f6c8
0x70225fe1ac[libsecsdk.so@0x211ac]		cmp	w3, #59	W3=0x67
0x70225fe1b0[libsecsdk.so@0x211b0]		b.eq	#-60	
0x70225fe1b4[libsecsdk.so@0x211b4]		add	x4, x20, x2	X20=0x7022b808a0 X2=0xa
0x70225fe1b8[libsecsdk.so@0x211b8]		cmp	w21, w2	W21=0x12 W2=0xa
0x70225fe1bc[libsecsdk.so@0x211bc]		add	x2, x2, #1	X2=0xa
0x70225fe1c0[libsecsdk.so@0x211c0]		add	x5, x19, x2	X19=0x702489f6be X2=0xb
0x70225fe1c4[libsecsdk.so@0x211c4]		sturb	w3, [x4, #-2]	W3=0x67 X4=0x7022b808aa
0x70225fe1c8[libsecsdk.so@0x211c8]		b.hi	#-32	
0x70225fe1a8[libsecsdk.so@0x211a8]		ldurb	w3, [x5, #-1]	X5=0x702489f6c9
0x70225fe1ac[libsecsdk.so@0x211ac]		cmp	w3, #59	W3=0x2f
0x70225fe1b0[libsecsdk.so@0x211b0]		b.eq	#-60	
0x70225fe1b4[libsecsdk.so@0x211b4]		add	x4, x20, x2	X20=0x7022b808a0 X2=0xb
0x70225fe1b8[libsecsdk.so@0x211b8]		cmp	w21, w2	W21=0x12 W2=0xb
0x70225fe1bc[libsecsdk.so@0x211bc]		add	x2, x2, #1	X2=0xb
0x70225fe1c0[libsecsdk.so@0x211c0]		add	x5, x19, x2	X19=0x702489f6be X2=0xc
0x70225fe1c4[libsecsdk.so@0x211c4]		sturb	w3, [x4, #-2]	W3=0x2f X4=0x7022b808ab
0x70225fe1c8[libsecsdk.so@0x211c8]		b.hi	#-32	
0x70225fe1a8[libsecsdk.so@0x211a8]		ldurb	w3, [x5, #-1]	X5=0x702489f6ca
0x70225fe1ac[libsecsdk.so@0x211ac]		cmp	w3, #59	W3=0x53
0x70225fe1b0[libsecsdk.so@0x211b0]		b.eq	#-60	
0x70225fe1b4[libsecsdk.so@0x211b4]		add	x4, x20, x2	X20=0x7022b808a0 X2=0xc
0x70225fe1b8[libsecsdk.so@0x211b8]		cmp	w21, w2	W21=0x12 W2=0xc
0x70225fe1bc[libsecsdk.so@0x211bc]		add	x2, x2, #1	X2=0xc
0x70225fe1c0[libsecsdk.so@0x211c0]		add	x5, x19, x2	X19=0x702489f6be X2=0xd
0x70225fe1c4[libsecsdk.so@0x211c4]		sturb	w3, [x4, #-2]	W3=0x53 X4=0x7022b808ac
0x70225fe1c8[libsecsdk.so@0x211c8]		b.hi	#-32	
0x70225fe1a8[libsecsdk.so@0x211a8]		ldurb	w3, [x5, #-1]	X5=0x702489f6cb
0x70225fe1ac[libsecsdk.so@0x211ac]		cmp	w3, #59	W3=0x74
0x70225fe1b0[libsecsdk.so@0x211b0]		b.eq	#-60	
0x70225fe1b4[libsecsdk.so@0x211b4]		add	x4, x20, x2	X20=0x7022b808a0 X2=0xd
0x70225fe1b8[libsecsdk.so@0x211b8]		cmp	w21, w2	W21=0x12 W2=0xd
0x70225fe1bc[libsecsdk.so@0x211bc]		add	x2, x2, #1	X2=0xd
0x70225fe1c0[libsecsdk.so@0x211c0]		add	x5, x19, x2	X19=0x702489f6be X2=0xe
0x70225fe1c4[libsecsdk.so@0x211c4]		sturb	w3, [x4, #-2]	W3=0x74 X4=0x7022b808ad
0x70225fe1c8[libsecsdk.so@0x211c8]		b.hi	#-32	
0x70225fe1a8[libsecsdk.so@0x211a8]		ldurb	w3, [x5, #-1]	X5=0x702489f6cc
0x70225fe1ac[libsecsdk.so@0x211ac]		cmp	w3, #59	W3=0x72
0x70225fe1b0[libsecsdk.so@0x211b0]		b.eq	#-60	
0x70225fe1b4[libsecsdk.so@0x211b4]		add	x4, x20, x2	X20=0x7022b808a0 X2=0xe
0x70225fe1b8[libsecsdk.so@0x211b8]		cmp	w21, w2	W21=0x12 W2=0xe
0x70225fe1bc[libsecsdk.so@0x211bc]		add	x2, x2, #1	X2=0xe
0x70225fe1c0[libsecsdk.so@0x211c0]		add	x5, x19, x2	X19=0x702489f6be X2=0xf
0x70225fe1c4[libsecsdk.so@0x211c4]		sturb	w3, [x4, #-2]	W3=0x72 X4=0x7022b808ae
0x70225fe1c8[libsecsdk.so@0x211c8]		b.hi	#-32	
0x70225fe1a8[libsecsdk.so@0x211a8]		ldurb	w3, [x5, #-1]	X5=0x702489f6cd
0x70225fe1ac[libsecsdk.so@0x211ac]		cmp	w3, #59	W3=0x69
0x70225fe1b0[libsecsdk.so@0x211b0]		b.eq	#-60	
0x70225fe1b4[libsecsdk.so@0x211b4]		add	x4, x20, x2	X20=0x7022b808a0 X2=0xf
0x70225fe1b8[libsecsdk.so@0x211b8]		cmp	w21, w2	W21=0x12 W2=0xf
0x70225fe1bc[libsecsdk.so@0x211bc]		add	x2, x2, #1	X2=0xf
0x70225fe1c0[libsecsdk.so@0x211c0]		add	x5, x19, x2	X19=0x702489f6be X2=0x10
0x70225fe1c4[libsecsdk.so@0x211c4]		sturb	w3, [x4, #-2]	W3=0x69 X4=0x7022b808af
0x70225fe1c8[libsecsdk.so@0x211c8]		b.hi	#-32	
0x70225fe1a8[libsecsdk.so@0x211a8]		ldurb	w3, [x5, #-1]	X5=0x702489f6ce
0x70225fe1ac[libsecsdk.so@0x211ac]		cmp	w3, #59	W3=0x6e
0x70225fe1b0[libsecsdk.so@0x211b0]		b.eq	#-60	
0x70225fe1b4[libsecsdk.so@0x211b4]		add	x4, x20, x2	X20=0x7022b808a0 X2=0x10
0x70225fe1b8[libsecsdk.so@0x211b8]		cmp	w21, w2	W21=0x12 W2=0x10
0x70225fe1bc[libsecsdk.so@0x211bc]		add	x2, x2, #1	X2=0x10
0x70225fe1c0[libsecsdk.so@0x211c0]		add	x5, x19, x2	X19=0x702489f6be X2=0x11
0x70225fe1c4[libsecsdk.so@0x211c4]		sturb	w3, [x4, #-2]	W3=0x6e X4=0x7022b808b0
0x70225fe1c8[libsecsdk.so@0x211c8]		b.hi	#-32	
0x70225fe1a8[libsecsdk.so@0x211a8]		ldurb	w3, [x5, #-1]	X5=0x702489f6cf
0x70225fe1ac[libsecsdk.so@0x211ac]		cmp	w3, #59	W3=0x67
0x70225fe1b0[libsecsdk.so@0x211b0]		b.eq	#-60	
0x70225fe1b4[libsecsdk.so@0x211b4]		add	x4, x20, x2	X20=0x7022b808a0 X2=0x11
0x70225fe1b8[libsecsdk.so@0x211b8]		cmp	w21, w2	W21=0x12 W2=0x11
0x70225fe1bc[libsecsdk.so@0x211bc]		add	x2, x2, #1	X2=0x11
0x70225fe1c0[libsecsdk.so@0x211c0]		add	x5, x19, x2	X19=0x702489f6be X2=0x12
0x70225fe1c4[libsecsdk.so@0x211c4]		sturb	w3, [x4, #-2]	W3=0x67 X4=0x7022b808b1
0x70225fe1c8[libsecsdk.so@0x211c8]		b.hi	#-32	
0x70225fe1a8[libsecsdk.so@0x211a8]		ldurb	w3, [x5, #-1]	X5=0x702489f6d0
0x70225fe1ac[libsecsdk.so@0x211ac]		cmp	w3, #59	W3=0x3b
0x70225fe1b0[libsecsdk.so@0x211b0]		b.eq	#-60	
0x70225fe174[libsecsdk.so@0x21174]		mov	x0, x20	X20=0x7022b808a0
0x70225fe178[libsecsdk.so@0x21178]		ldr	x30, [sp, #32]	SP=0x708b79eeb0
0x70225fe17c[libsecsdk.so@0x2117c]		ldp	x19, x20, [sp]	SP=0x708b79eeb0
0x70225fe180[libsecsdk.so@0x21180]		ldp	x21, x22, [sp, #16]	SP=0x708b79eeb0
0x70225fe184[libsecsdk.so@0x21184]		add	sp, sp, #64	SP=0x708b79eeb0
0x70225fe188[libsecsdk.so@0x21188]		ret	LR=0x70225fec54
0x70225fec54[libsecsdk.so@0x21c54]		ldr	x1, [sp, #40]	SP=0x708b79eef0
0x70225fec58[libsecsdk.so@0x21c58]		mov	x19, x0	X0=0x7022b808a0
0x70225fec5c[libsecsdk.so@0x21c5c]		mov	x0, x1	X1=0x708a819500
0x70225fec60[libsecsdk.so@0x21c60]		ldr	x2, [x1]	X1=0x708a819500
0x70225fec64[libsecsdk.so@0x21c64]		mov	x1, x19	X19=0x7022b808a0
0x70225fec68[libsecsdk.so@0x21c68]		ldr	x2, [x2, #48]	X2=0x70967d16a0
0x70225fec6c[libsecsdk.so@0x21c6c]		blr	x2	X2=0x709658f4d0 SP=0x708b79eef0
0x70225fec70[libsecsdk.so@0x21c70]		mov	x20, x0	X0=0x49
0x70225fec74[libsecsdk.so@0x21c74]		cbz	x19, #12	X19=0x7022b808a0
0x70225fec78[libsecsdk.so@0x21c78]		mov	x0, x19	X19=0x7022b808a0
0x70225fec7c[libsecsdk.so@0x21c7c]		bl	#26104	SP=0x708b79eef0
0x7022605274[libsecsdk.so@0x28274]		b	#-12	
0x7022605268[libsecsdk.so@0x28268]		cbz	x0, #8	X0=0x7022b808a0
0x702260526c[libsecsdk.so@0x2826c]		b	#-128940	
0x70225e5ac0[libsecsdk.so@0x8ac0]		adrp	x16, #266240	
0x70225e5ac4[libsecsdk.so@0x8ac4]		ldr	x17, [x16, #3760]	X16=0x7022626000
0x70225e5ac8[libsecsdk.so@0x8ac8]		add	x16, x16, #3760	X16=0x7022626000
0x70225e5acc[libsecsdk.so@0x8acc]		br	x17	X17=0x711abd42bc
0x70225fec80[libsecsdk.so@0x21c80]		mov	x0, x20	X20=0x49
0x70225fec84[libsecsdk.so@0x21c84]		ldr	x30, [sp, #16]	SP=0x708b79eef0
0x70225fec88[libsecsdk.so@0x21c88]		ldp	x19, x20, [sp]	SP=0x708b79eef0
0x70225fec8c[libsecsdk.so@0x21c8c]		add	sp, sp, #48	SP=0x708b79eef0
0x70225fec90[libsecsdk.so@0x21c90]		ret	LR=0x70225f6ec8
0x70225f6ec8[libsecsdk.so@0x19ec8]		mov	x28, x0	X0=0x49
0x70225f6ecc[libsecsdk.so@0x19ecc]		cbz	x0, #-3188	X0=0x49
0x70225f6ed0[libsecsdk.so@0x19ed0]		ldr	x3, [x20]	X20=0x708a819500
0x70225f6ed4[libsecsdk.so@0x19ed4]		mov	x1, x0	X0=0x49
0x70225f6ed8[libsecsdk.so@0x19ed8]		mov	x0, x20	X20=0x708a819500
0x70225f6edc[libsecsdk.so@0x19edc]		ldr	x3, [x3, #216]	X3=0x70967d16a0
0x70225f6ee0[libsecsdk.so@0x19ee0]		blr	x3	X3=0x7096595e98 SP=0x708b79ef20
0x70225f6ee4[libsecsdk.so@0x19ee4]		ldr	x3, [x20]	X20=0x708a819500
0x70225f6ee8[libsecsdk.so@0x19ee8]		mov	x1, x28	X28=0x49
0x70225f6eec[libsecsdk.so@0x19eec]		fmov	d8, x0	X0=0x95
0x70225f6ef0[libsecsdk.so@0x19ef0]		mov	x0, x20	X20=0x708a819500
0x70225f6ef4[libsecsdk.so@0x19ef4]		ldr	x2, [x3, #184]	X3=0x70967d16a0
0x70225f6ef8[libsecsdk.so@0x19ef8]		blr	x2	X2=0x7096594834 SP=0x708b79ef20
0x70225f6efc[libsecsdk.so@0x19efc]		fmov	x0, d8	
0x70225f6f00[libsecsdk.so@0x19f00]		cbz	x0, #-3240	X0=0x95
0x70225f6f04[libsecsdk.so@0x19f04]		ldrsw	x0, [x23, #24]	X23=0x708b79f068
0x70225f6f08[libsecsdk.so@0x19f08]		asr	w28, w19, #8	W19=0x422
0x70225f6f0c[libsecsdk.so@0x19f0c]		lsl	x0, x0, #2	X0=0x8
0x70225f6f10[libsecsdk.so@0x19f10]		add	x0, x0, w28, sxtw #3	X0=0x20 W28=0x4
0x70225f6f14[libsecsdk.so@0x19f14]		ldr	x19, [x25, x0]	X25=0x708a8893c0 X0=0x40
0x70225f6f18[libsecsdk.so@0x19f18]		cbz	x19, #236	X19=0x79
0x70225f6f1c[libsecsdk.so@0x19f1c]		ldr	x1, [x23, #8]	X23=0x708b79f068
0x70225f6f20[libsecsdk.so@0x19f20]		mov	x0, x23	X23=0x708b79f068
0x70225f6f24[libsecsdk.so@0x19f24]		mov	x2, x19	X19=0x79
0x70225f6f28[libsecsdk.so@0x19f28]		bl	#29004	SP=0x708b79ef20
0x70225fe074[libsecsdk.so@0x21074]		ldr	x0, [x0]	X0=0x708b79f068
0x70225fe078[libsecsdk.so@0x21078]		b	#16	
0x70225fe088[libsecsdk.so@0x21088]		sub	x0, x0, #8	X0=0x7022a5e038
0x70225fe08c[libsecsdk.so@0x2108c]		cmp	x0, x1	X0=0x7022a5e030 X1=0x7022a5e000
0x70225fe090[libsecsdk.so@0x21090]		b.hs	#-20	
0x70225fe07c[libsecsdk.so@0x2107c]		ldr	x3, [x0]	X0=0x7022a5e030
0x70225fe080[libsecsdk.so@0x21080]		cmp	x3, x2	X3=0x89 X2=0x79
0x70225fe084[libsecsdk.so@0x21084]		b.eq	#20	
0x70225fe088[libsecsdk.so@0x21088]		sub	x0, x0, #8	X0=0x7022a5e030
0x70225fe08c[libsecsdk.so@0x2108c]		cmp	x0, x1	X0=0x7022a5e028 X1=0x7022a5e000
0x70225fe090[libsecsdk.so@0x21090]		b.hs	#-20	
0x70225fe07c[libsecsdk.so@0x2107c]		ldr	x3, [x0]	X0=0x7022a5e028
0x70225fe080[libsecsdk.so@0x21080]		cmp	x3, x2	X3=0x79 X2=0x79
0x70225fe084[libsecsdk.so@0x21084]		b.eq	#20	
0x70225fe098[libsecsdk.so@0x21098]		ret	LR=0x70225f6f2c
0x70225f6f2c[libsecsdk.so@0x19f2c]		cbz	x0, #216	X0=0x7022a5e028
0x70225f6f30[libsecsdk.so@0x19f30]		ldr	w5, [x23, #24]	X23=0x708b79f068
0x70225f6f34[libsecsdk.so@0x19f34]		cmp	w5, wzr	W5=0x8
0x70225f6f38[libsecsdk.so@0x19f38]		sbfiz	x0, x5, #2, #32	X5=0x8
0x70225f6f3c[libsecsdk.so@0x19f3c]		b.le	#72	
0x70225f6f40[libsecsdk.so@0x19f40]		ldr	x1, [x25, x0]	X25=0x708a8893c0 X0=0x20
0x70225f6f44[libsecsdk.so@0x19f44]		add	x0, x25, x0	X25=0x708a8893c0 X0=0x20
0x70225f6f48[libsecsdk.so@0x19f48]		cmp	x19, x1	X19=0x79 X1=0x65
0x70225f6f4c[libsecsdk.so@0x19f4c]		b.ne	#8	
0x70225f6f54[libsecsdk.so@0x19f54]		mov	w3, #0	
0x70225f6f58[libsecsdk.so@0x19f58]		b	#32	
0x70225f6f78[libsecsdk.so@0x19f78]		add	w3, w3, #1	W3=0x0
0x70225f6f7c[libsecsdk.so@0x19f7c]		cmp	w3, w5	W3=0x1 W5=0x8
0x70225f6f80[libsecsdk.so@0x19f80]		b.ne	#-36	
0x70225f6f5c[libsecsdk.so@0x19f5c]		ldr	x1, [x0, #8]!	X0=0x708a8893e0
0x70225f6f60[libsecsdk.so@0x19f60]		cmp	x19, x1	X19=0x79 X1=0x89
0x70225f6f64[libsecsdk.so@0x19f64]		cset	w2, eq	
0x70225f6f68[libsecsdk.so@0x19f68]		cmp	w28, w3	W28=0x4 W3=0x1
0x70225f6f6c[libsecsdk.so@0x19f6c]		cset	w1, ne	
0x70225f6f70[libsecsdk.so@0x19f70]		tst	w2, w1	W2=0x0 W1=0x1
0x70225f6f74[libsecsdk.so@0x19f74]		b.ne	#144	
0x70225f6f78[libsecsdk.so@0x19f78]		add	w3, w3, #1	W3=0x1
0x70225f6f7c[libsecsdk.so@0x19f7c]		cmp	w3, w5	W3=0x2 W5=0x8
0x70225f6f80[libsecsdk.so@0x19f80]		b.ne	#-36	
0x70225f6f5c[libsecsdk.so@0x19f5c]		ldr	x1, [x0, #8]!	X0=0x708a8893e8
0x70225f6f60[libsecsdk.so@0x19f60]		cmp	x19, x1	X19=0x79 X1=0x0
0x70225f6f64[libsecsdk.so@0x19f64]		cset	w2, eq	
0x70225f6f68[libsecsdk.so@0x19f68]		cmp	w28, w3	W28=0x4 W3=0x2
0x70225f6f6c[libsecsdk.so@0x19f6c]		cset	w1, ne	
0x70225f6f70[libsecsdk.so@0x19f70]		tst	w2, w1	W2=0x0 W1=0x1
0x70225f6f74[libsecsdk.so@0x19f74]		b.ne	#144	
0x70225f6f78[libsecsdk.so@0x19f78]		add	w3, w3, #1	W3=0x2
0x70225f6f7c[libsecsdk.so@0x19f7c]		cmp	w3, w5	W3=0x3 W5=0x8
0x70225f6f80[libsecsdk.so@0x19f80]		b.ne	#-36	
0x70225f6f5c[libsecsdk.so@0x19f5c]		ldr	x1, [x0, #8]!	X0=0x708a8893f0
0x70225f6f60[libsecsdk.so@0x19f60]		cmp	x19, x1	X19=0x79 X1=0x59
0x70225f6f64[libsecsdk.so@0x19f64]		cset	w2, eq	
0x70225f6f68[libsecsdk.so@0x19f68]		cmp	w28, w3	W28=0x4 W3=0x3
0x70225f6f6c[libsecsdk.so@0x19f6c]		cset	w1, ne	
0x70225f6f70[libsecsdk.so@0x19f70]		tst	w2, w1	W2=0x0 W1=0x1
0x70225f6f74[libsecsdk.so@0x19f74]		b.ne	#144	
0x70225f6f78[libsecsdk.so@0x19f78]		add	w3, w3, #1	W3=0x3
0x70225f6f7c[libsecsdk.so@0x19f7c]		cmp	w3, w5	W3=0x4 W5=0x8
0x70225f6f80[libsecsdk.so@0x19f80]		b.ne	#-36	
0x70225f6f5c[libsecsdk.so@0x19f5c]		ldr	x1, [x0, #8]!	X0=0x708a8893f8
0x70225f6f60[libsecsdk.so@0x19f60]		cmp	x19, x1	X19=0x79 X1=0x79
0x70225f6f64[libsecsdk.so@0x19f64]		cset	w2, eq	
0x70225f6f68[libsecsdk.so@0x19f68]		cmp	w28, w3	W28=0x4 W3=0x4
0x70225f6f6c[libsecsdk.so@0x19f6c]		cset	w1, ne	
0x70225f6f70[libsecsdk.so@0x19f70]		tst	w2, w1	W2=0x1 W1=0x0
0x70225f6f74[libsecsdk.so@0x19f74]		b.ne	#144	
0x70225f6f78[libsecsdk.so@0x19f78]		add	w3, w3, #1	W3=0x4
0x70225f6f7c[libsecsdk.so@0x19f7c]		cmp	w3, w5	W3=0x5 W5=0x8
0x70225f6f80[libsecsdk.so@0x19f80]		b.ne	#-36	
0x70225f6f5c[libsecsdk.so@0x19f5c]		ldr	x1, [x0, #8]!	X0=0x708a889400
0x70225f6f60[libsecsdk.so@0x19f60]		cmp	x19, x1	X19=0x79 X1=0x2886
0x70225f6f64[libsecsdk.so@0x19f64]		cset	w2, eq	
0x70225f6f68[libsecsdk.so@0x19f68]		cmp	w28, w3	W28=0x4 W3=0x5
0x70225f6f6c[libsecsdk.so@0x19f6c]		cset	w1, ne	
0x70225f6f70[libsecsdk.so@0x19f70]		tst	w2, w1	W2=0x0 W1=0x1
0x70225f6f74[libsecsdk.so@0x19f74]		b.ne	#144	
0x70225f6f78[libsecsdk.so@0x19f78]		add	w3, w3, #1	W3=0x5
0x70225f6f7c[libsecsdk.so@0x19f7c]		cmp	w3, w5	W3=0x6 W5=0x8
0x70225f6f80[libsecsdk.so@0x19f80]		b.ne	#-36	
0x70225f6f5c[libsecsdk.so@0x19f5c]		ldr	x1, [x0, #8]!	X0=0x708a889408
0x70225f6f60[libsecsdk.so@0x19f60]		cmp	x19, x1	X19=0x79 X1=0x2866
0x70225f6f64[libsecsdk.so@0x19f64]		cset	w2, eq	
0x70225f6f68[libsecsdk.so@0x19f68]		cmp	w28, w3	W28=0x4 W3=0x6
0x70225f6f6c[libsecsdk.so@0x19f6c]		cset	w1, ne	
0x70225f6f70[libsecsdk.so@0x19f70]		tst	w2, w1	W2=0x0 W1=0x1
0x70225f6f74[libsecsdk.so@0x19f74]		b.ne	#144	
0x70225f6f78[libsecsdk.so@0x19f78]		add	w3, w3, #1	W3=0x6
0x70225f6f7c[libsecsdk.so@0x19f7c]		cmp	w3, w5	W3=0x7 W5=0x8
0x70225f6f80[libsecsdk.so@0x19f80]		b.ne	#-36	
0x70225f6f5c[libsecsdk.so@0x19f5c]		ldr	x1, [x0, #8]!	X0=0x708a889410
0x70225f6f60[libsecsdk.so@0x19f60]		cmp	x19, x1	X19=0x79 X1=0x2876
0x70225f6f64[libsecsdk.so@0x19f64]		cset	w2, eq	
0x70225f6f68[libsecsdk.so@0x19f68]		cmp	w28, w3	W28=0x4 W3=0x7
0x70225f6f6c[libsecsdk.so@0x19f6c]		cset	w1, ne	
0x70225f6f70[libsecsdk.so@0x19f70]		tst	w2, w1	W2=0x0 W1=0x1
0x70225f6f74[libsecsdk.so@0x19f74]		b.ne	#144	
0x70225f6f78[libsecsdk.so@0x19f78]		add	w3, w3, #1	W3=0x7
0x70225f6f7c[libsecsdk.so@0x19f7c]		cmp	w3, w5	W3=0x8 W5=0x8
0x70225f6f80[libsecsdk.so@0x19f80]		b.ne	#-36	
0x70225f6f84[libsecsdk.so@0x19f84]		ldr	x0, [x22, #8]	X22=0x708b79f088
0x70225f6f88[libsecsdk.so@0x19f88]		mov	x2, x22	X22=0x708b79f088
0x70225f6f8c[libsecsdk.so@0x19f8c]		cbz	x0, #48	X0=0x7024730400
0x70225f6f90[libsecsdk.so@0x19f90]		ldr	x1, [x0, #32]	X0=0x7024730400
0x70225f6f94[libsecsdk.so@0x19f94]		cmp	x19, x1	X19=0x79 X1=0x2866
0x70225f6f98[libsecsdk.so@0x19f98]		b.hi	#23684	
0x70225f6f9c[libsecsdk.so@0x19f9c]		mov	x2, x0	X0=0x7024730400
0x70225f6fa0[libsecsdk.so@0x19fa0]		ldr	x0, [x0, #16]	X0=0x7024730400
0x70225f6fa4[libsecsdk.so@0x19fa4]		cbnz	x0, #-20	X0=0x0
0x70225f6fa8[libsecsdk.so@0x19fa8]		cmp	x2, x22	X2=0x7024730400 X22=0x708b79f088
0x70225f6fac[libsecsdk.so@0x19fac]		b.eq	#16	
0x70225f6fb0[libsecsdk.so@0x19fb0]		ldr	x0, [x2, #32]	X2=0x7024730400
0x70225f6fb4[libsecsdk.so@0x19fb4]		cmp	x19, x0	X19=0x79 X0=0x2866
0x70225f6fb8[libsecsdk.so@0x19fb8]		b.hs	#76	
0x70225f6fbc[libsecsdk.so@0x19fbc]		ldr	x2, [x20]	X20=0x708a819500
0x70225f6fc0[libsecsdk.so@0x19fc0]		mov	x1, x19	X19=0x79
0x70225f6fc4[libsecsdk.so@0x19fc4]		mov	x0, x20	X20=0x708a819500
0x70225f6fc8[libsecsdk.so@0x19fc8]		ldr	x2, [x2, #1856]	X2=0x70967d16a0
0x70225f6fcc[libsecsdk.so@0x19fcc]		blr	x2	X2=0x70965ebf84 SP=0x708b79ef20
0x70225f6fd0[libsecsdk.so@0x19fd0]		cmp	w0, #1	W0=0x1
0x70225f6fd4[libsecsdk.so@0x19fd4]		ldr	x2, [x20]	X20=0x708a819500
0x70225f6fd8[libsecsdk.so@0x19fd8]		mov	x0, x20	X20=0x708a819500
0x70225f6fdc[libsecsdk.so@0x19fdc]		mov	x1, x19	X19=0x79
0x70225f6fe0[libsecsdk.so@0x19fe0]		b.eq	#27588	
0x70225fdba4[libsecsdk.so@0x20ba4]		ldr	x2, [x2, #184]	X2=0x70967d16a0
0x70225fdba8[libsecsdk.so@0x20ba8]		blr	x2	X2=0x7096594834 SP=0x708b79ef20
0x70225fdbac[libsecsdk.so@0x20bac]		b	#-27576	
0x70225f6ff4[libsecsdk.so@0x19ff4]		ldr	x1, [x23, #8]	X23=0x708b79f068
0x70225f6ff8[libsecsdk.so@0x19ff8]		mov	x0, x23	X23=0x708b79f068
0x70225f6ffc[libsecsdk.so@0x19ffc]		mov	x2, x19	X19=0x79
0x70225f7000[libsecsdk.so@0x1a000]		bl	#28828	SP=0x708b79ef20
0x70225fe09c[libsecsdk.so@0x2109c]		sub	sp, sp, #16	SP=0x708b79ef20
0x70225fe0a0[libsecsdk.so@0x210a0]		str	x30, [sp]	LR=0x70225f7004 SP=0x708b79ef10
0x70225fe0a4[libsecsdk.so@0x210a4]		ldr	x6, [x0]	X0=0x708b79f068
0x70225fe0a8[libsecsdk.so@0x210a8]		mov	x4, x6	X6=0x7022a5e038
0x70225fe0ac[libsecsdk.so@0x210ac]		b	#20	
0x70225fe0c0[libsecsdk.so@0x210c0]		sub	x3, x4, #8	X4=0x7022a5e038
0x70225fe0c4[libsecsdk.so@0x210c4]		cmp	x1, x3	X1=0x7022a5e000 X3=0x7022a5e030
0x70225fe0c8[libsecsdk.so@0x210c8]		b.ls	#-24	
0x70225fe0b0[libsecsdk.so@0x210b0]		ldur	x5, [x4, #-8]	X4=0x7022a5e038
0x70225fe0b4[libsecsdk.so@0x210b4]		cmp	x2, x5	X2=0x79 X5=0x89
0x70225fe0b8[libsecsdk.so@0x210b8]		b.eq	#36	
0x70225fe0bc[libsecsdk.so@0x210bc]		mov	x4, x3	X3=0x7022a5e030
0x70225fe0c0[libsecsdk.so@0x210c0]		sub	x3, x4, #8	X4=0x7022a5e030
0x70225fe0c4[libsecsdk.so@0x210c4]		cmp	x1, x3	X1=0x7022a5e000 X3=0x7022a5e028
0x70225fe0c8[libsecsdk.so@0x210c8]		b.ls	#-24	
0x70225fe0b0[libsecsdk.so@0x210b0]		ldur	x5, [x4, #-8]	X4=0x7022a5e030
0x70225fe0b4[libsecsdk.so@0x210b4]		cmp	x2, x5	X2=0x79 X5=0x79
0x70225fe0b8[libsecsdk.so@0x210b8]		b.eq	#36	
0x70225fe0dc[libsecsdk.so@0x210dc]		sub	x6, x6, #8	X6=0x7022a5e038
0x70225fe0e0[libsecsdk.so@0x210e0]		str	x6, [x0]	X6=0x7022a5e030 X0=0x708b79f068
0x70225fe0e4[libsecsdk.so@0x210e4]		sub	x6, x6, x3	X6=0x7022a5e030 X3=0x7022a5e028
0x70225fe0e8[libsecsdk.so@0x210e8]		asr	x2, x6, #3	X6=0x8
0x70225fe0ec[libsecsdk.so@0x210ec]		cbnz	w2, #20	W2=0x1
0x70225fe100[libsecsdk.so@0x21100]		mov	x0, x3	X3=0x7022a5e028
0x70225fe104[libsecsdk.so@0x21104]		mov	x1, x4	X4=0x7022a5e030
0x70225fe108[libsecsdk.so@0x21108]		sbfiz	x2, x2, #3, #32	X2=0x1
0x70225fe10c[libsecsdk.so@0x2110c]		bl	#-100860	SP=0x708b79ef10
0x70225e5710[libsecsdk.so@0x8710]		adrp	x16, #266240	
0x70225e5714[libsecsdk.so@0x8714]		ldr	x17, [x16, #3288]	X16=0x7022626000
0x70225e5718[libsecsdk.so@0x8718]		add	x16, x16, #3288	X16=0x7022626000
0x70225e571c[libsecsdk.so@0x871c]		br	x17	X17=0x711ac12280
0x70225fe110[libsecsdk.so@0x21110]		mov	w0, #1	
0x70225fe114[libsecsdk.so@0x21114]		b	#-32	
0x70225fe0f4[libsecsdk.so@0x210f4]		ldr	x30, [sp]	SP=0x708b79ef10
0x70225fe0f8[libsecsdk.so@0x210f8]		add	sp, sp, #16	SP=0x708b79ef10
0x70225fe0fc[libsecsdk.so@0x210fc]		ret	LR=0x70225f7004
0x70225f7004[libsecsdk.so@0x1a004]		fmov	w0, s9	
0x70225f7008[libsecsdk.so@0x1a008]		mov	x1, x23	X23=0x708b79f068
0x70225f700c[libsecsdk.so@0x1a00c]		fmov	x2, d8	
0x70225f7010[libsecsdk.so@0x1a010]		str	s8, [x25, w28, sxtw #2]	X25=0x708a8893c0 W28=0x4
0x70225f7014[libsecsdk.so@0x1a014]		mov	w3, w0	W0=0x8
0x70225f7018[libsecsdk.so@0x1a018]		add	x3, x3, w28, sxtw #1	X3=0x8 W28=0x4
0x70225f701c[libsecsdk.so@0x1a01c]		lsl	x3, x3, #2	X3=0x10
0x70225f7020[libsecsdk.so@0x1a020]		mov	x0, x20	X20=0x708a819500
0x70225f7024[libsecsdk.so@0x1a024]		str	d8, [x25, x3]	X25=0x708a8893c0 X3=0x40
0x70225f7028[libsecsdk.so@0x1a028]		bl	#28512	SP=0x708b79ef20
0x70225fdf88[libsecsdk.so@0x20f88]		sub	sp, sp, #32	SP=0x708b79ef20
0x70225fdf8c[libsecsdk.so@0x20f8c]		stp	x19, x20, [sp]	X19=0x79 X20=0x708a819500 SP=0x708b79ef00
0x70225fdf90[libsecsdk.so@0x20f90]		stp	x21, x30, [sp, #16]	X21=0x7022625000 LR=0x70225f702c SP=0x708b79ef00
0x70225fdf94[libsecsdk.so@0x20f94]		cbz	x2, #136	X2=0x95
0x70225fdf98[libsecsdk.so@0x20f98]		ldr	x5, [x1]	X1=0x708b79f068
0x70225fdf9c[libsecsdk.so@0x20f9c]		ldr	x0, [x1, #8]	X1=0x708b79f068
0x70225fdfa0[libsecsdk.so@0x20fa0]		mov	x3, x5	X5=0x7022a5e030
0x70225fdfa4[libsecsdk.so@0x20fa4]		b	#16	
0x70225fdfb4[libsecsdk.so@0x20fb4]		sub	x3, x3, #8	X3=0x7022a5e030
0x70225fdfb8[libsecsdk.so@0x20fb8]		cmp	x0, x3	X0=0x7022a5e000 X3=0x7022a5e028
0x70225fdfbc[libsecsdk.so@0x20fbc]		b.ls	#-20	
0x70225fdfa8[libsecsdk.so@0x20fa8]		ldr	x4, [x3]	X3=0x7022a5e028
0x70225fdfac[libsecsdk.so@0x20fac]		cmp	x2, x4	X2=0x95 X4=0x89
0x70225fdfb0[libsecsdk.so@0x20fb0]		b.eq	#72	
0x70225fdfb4[libsecsdk.so@0x20fb4]		sub	x3, x3, #8	X3=0x7022a5e028
0x70225fdfb8[libsecsdk.so@0x20fb8]		cmp	x0, x3	X0=0x7022a5e000 X3=0x7022a5e020
0x70225fdfbc[libsecsdk.so@0x20fbc]		b.ls	#-20	
0x70225fdfa8[libsecsdk.so@0x20fa8]		ldr	x4, [x3]	X3=0x7022a5e020
0x70225fdfac[libsecsdk.so@0x20fac]		cmp	x2, x4	X2=0x95 X4=0x65
0x70225fdfb0[libsecsdk.so@0x20fb0]		b.eq	#72	
0x70225fdfb4[libsecsdk.so@0x20fb4]		sub	x3, x3, #8	X3=0x7022a5e020
0x70225fdfb8[libsecsdk.so@0x20fb8]		cmp	x0, x3	X0=0x7022a5e000 X3=0x7022a5e018
0x70225fdfbc[libsecsdk.so@0x20fbc]		b.ls	#-20	
0x70225fdfa8[libsecsdk.so@0x20fa8]		ldr	x4, [x3]	X3=0x7022a5e018
0x70225fdfac[libsecsdk.so@0x20fac]		cmp	x2, x4	X2=0x95 X4=0x2886
0x70225fdfb0[libsecsdk.so@0x20fb0]		b.eq	#72	
0x70225fdfb4[libsecsdk.so@0x20fb4]		sub	x3, x3, #8	X3=0x7022a5e018
0x70225fdfb8[libsecsdk.so@0x20fb8]		cmp	x0, x3	X0=0x7022a5e000 X3=0x7022a5e010
0x70225fdfbc[libsecsdk.so@0x20fbc]		b.ls	#-20	
0x70225fdfa8[libsecsdk.so@0x20fa8]		ldr	x4, [x3]	X3=0x7022a5e010
0x70225fdfac[libsecsdk.so@0x20fac]		cmp	x2, x4	X2=0x95 X4=0x59
0x70225fdfb0[libsecsdk.so@0x20fb0]		b.eq	#72	
0x70225fdfb4[libsecsdk.so@0x20fb4]		sub	x3, x3, #8	X3=0x7022a5e010
0x70225fdfb8[libsecsdk.so@0x20fb8]		cmp	x0, x3	X0=0x7022a5e000 X3=0x7022a5e008
0x70225fdfbc[libsecsdk.so@0x20fbc]		b.ls	#-20	
0x70225fdfa8[libsecsdk.so@0x20fa8]		ldr	x4, [x3]	X3=0x7022a5e008
0x70225fdfac[libsecsdk.so@0x20fac]		cmp	x2, x4	X2=0x95 X4=0x2876
0x70225fdfb0[libsecsdk.so@0x20fb0]		b.eq	#72	
0x70225fdfb4[libsecsdk.so@0x20fb4]		sub	x3, x3, #8	X3=0x7022a5e008
0x70225fdfb8[libsecsdk.so@0x20fb8]		cmp	x0, x3	X0=0x7022a5e000 X3=0x7022a5e000
0x70225fdfbc[libsecsdk.so@0x20fbc]		b.ls	#-20	
0x70225fdfa8[libsecsdk.so@0x20fa8]		ldr	x4, [x3]	X3=0x7022a5e000
0x70225fdfac[libsecsdk.so@0x20fac]		cmp	x2, x4	X2=0x95 X4=0x2866
0x70225fdfb0[libsecsdk.so@0x20fb0]		b.eq	#72	
0x70225fdfb4[libsecsdk.so@0x20fb4]		sub	x3, x3, #8	X3=0x7022a5e000
0x70225fdfb8[libsecsdk.so@0x20fb8]		cmp	x0, x3	X0=0x7022a5e000 X3=0x7022a5dff8
0x70225fdfbc[libsecsdk.so@0x20fbc]		b.ls	#-20	
0x70225fdfc0[libsecsdk.so@0x20fc0]		mov	x19, x1	X1=0x708b79f068
0x70225fdfc4[libsecsdk.so@0x20fc4]		ldr	w1, [x1, #16]	X1=0x708b79f068
0x70225fdfc8[libsecsdk.so@0x20fc8]		add	x3, x0, w1, sxtw #3	X0=0x7022a5e000 W1=0x400
0x70225fdfcc[libsecsdk.so@0x20fcc]		cmp	x3, x5	X3=0x7022a60000 X5=0x7022a5e030
0x70225fdfd0[libsecsdk.so@0x20fd0]		mov	x21, x2	X2=0x95
0x70225fdfd4[libsecsdk.so@0x20fd4]		b.eq	#92	
0x70225fdfd8[libsecsdk.so@0x20fd8]		add	x0, x5, #8	X5=0x7022a5e030
0x70225fdfdc[libsecsdk.so@0x20fdc]		str	x0, [x19]	X0=0x7022a5e038 X19=0x708b79f068
0x70225fdfe0[libsecsdk.so@0x20fe0]		str	x21, [x5]	X21=0x95 X5=0x7022a5e030
0x70225fdfe4[libsecsdk.so@0x20fe4]		mov	w0, #1	
0x70225fdfe8[libsecsdk.so@0x20fe8]		ldp	x19, x20, [sp]	SP=0x708b79ef00
0x70225fdfec[libsecsdk.so@0x20fec]		ldp	x21, x30, [sp, #16]	SP=0x708b79ef00
0x70225fdff0[libsecsdk.so@0x20ff0]		add	sp, sp, #32	SP=0x708b79ef00
0x70225fdff4[libsecsdk.so@0x20ff4]		ret	LR=0x70225f702c
0x70225f702c[libsecsdk.so@0x1a02c]		ldr	x1, [x27]	X27=0x708b79f040
0x70225f7030[libsecsdk.so@0x1a030]		add	x0, x21, #928	X21=0x7022625000
0x70225f7034[libsecsdk.so@0x1a034]		add	x2, x1, #4	X1=0x711b5b738a
0x70225f7038[libsecsdk.so@0x1a038]		str	x2, [x27]	X2=0x711b5b738e X27=0x708b79f040
0x70225f703c[libsecsdk.so@0x1a03c]		ldrh	w19, [x1, #4]	X1=0x711b5b738a
0x70225f7040[libsecsdk.so@0x1a040]		uxtb	w1, w19	W19=0x512
0x70225f7044[libsecsdk.so@0x1a044]		ldr	x0, [x0, w1, sxtw #3]	X0=0x70226253a0 W1=0x12
0x70225f7048[libsecsdk.so@0x1a048]		br	x0	X0=0x70225f7538
0x70225f7538[libsecsdk.so@0x1a538]		ubfx	x28, x19, #8, #4	X19=0x512
0x70225f753c[libsecsdk.so@0x1a53c]		asr	w19, w19, #12	W19=0x512
0x70225f7540[libsecsdk.so@0x1a540]		ubfiz	x0, x28, #2, #4	X28=0x5
0x70225f7544[libsecsdk.so@0x1a544]		sbfx	x19, x19, #0, #4	X19=0x0
0x70225f7548[libsecsdk.so@0x1a548]		fmov	d8, x0	X0=0x14
0x70225f754c[libsecsdk.so@0x1a54c]		str	w19, [x25, x0]	W19=0x0 X25=0x708a8893c0 X0=0x14
0x70225f7550[libsecsdk.so@0x1a550]		cbz	w19, #23692	W19=0x0
0x70225fd1dc[libsecsdk.so@0x201dc]		ldrsw	x0, [x23, #24]	X23=0x708b79f068
0x70225fd1e0[libsecsdk.so@0x201e0]		lsl	x0, x0, #2	X0=0x8
0x70225fd1e4[libsecsdk.so@0x201e4]		add	x0, x0, w28, uxtw #3	X0=0x20 W28=0x5
0x70225fd1e8[libsecsdk.so@0x201e8]		ldr	x19, [x25, x0]	X25=0x708a8893c0 X0=0x48
0x70225fd1ec[libsecsdk.so@0x201ec]		cbz	x19, #236	X19=0x2886
0x70225fd1f0[libsecsdk.so@0x201f0]		ldr	x1, [x23, #8]	X23=0x708b79f068
0x70225fd1f4[libsecsdk.so@0x201f4]		mov	x0, x23	X23=0x708b79f068
0x70225fd1f8[libsecsdk.so@0x201f8]		mov	x2, x19	X19=0x2886
0x70225fd1fc[libsecsdk.so@0x201fc]		bl	#3704	SP=0x708b79ef20
0x70225fe074[libsecsdk.so@0x21074]		ldr	x0, [x0]	X0=0x708b79f068
0x70225fe078[libsecsdk.so@0x21078]		b	#16	
0x70225fe088[libsecsdk.so@0x21088]		sub	x0, x0, #8	X0=0x7022a5e038
0x70225fe08c[libsecsdk.so@0x2108c]		cmp	x0, x1	X0=0x7022a5e030 X1=0x7022a5e000
0x70225fe090[libsecsdk.so@0x21090]		b.hs	#-20	
0x70225fe07c[libsecsdk.so@0x2107c]		ldr	x3, [x0]	X0=0x7022a5e030
0x70225fe080[libsecsdk.so@0x21080]		cmp	x3, x2	X3=0x95 X2=0x2886
0x70225fe084[libsecsdk.so@0x21084]		b.eq	#20	
0x70225fe088[libsecsdk.so@0x21088]		sub	x0, x0, #8	X0=0x7022a5e030
0x70225fe08c[libsecsdk.so@0x2108c]		cmp	x0, x1	X0=0x7022a5e028 X1=0x7022a5e000
0x70225fe090[libsecsdk.so@0x21090]		b.hs	#-20	
0x70225fe07c[libsecsdk.so@0x2107c]		ldr	x3, [x0]	X0=0x7022a5e028
0x70225fe080[libsecsdk.so@0x21080]		cmp	x3, x2	X3=0x89 X2=0x2886
0x70225fe084[libsecsdk.so@0x21084]		b.eq	#20	
0x70225fe088[libsecsdk.so@0x21088]		sub	x0, x0, #8	X0=0x7022a5e028
0x70225fe08c[libsecsdk.so@0x2108c]		cmp	x0, x1	X0=0x7022a5e020 X1=0x7022a5e000
0x70225fe090[libsecsdk.so@0x21090]		b.hs	#-20	
0x70225fe07c[libsecsdk.so@0x2107c]		ldr	x3, [x0]	X0=0x7022a5e020
0x70225fe080[libsecsdk.so@0x21080]		cmp	x3, x2	X3=0x65 X2=0x2886
0x70225fe084[libsecsdk.so@0x21084]		b.eq	#20	
0x70225fe088[libsecsdk.so@0x21088]		sub	x0, x0, #8	X0=0x7022a5e020
0x70225fe08c[libsecsdk.so@0x2108c]		cmp	x0, x1	X0=0x7022a5e018 X1=0x7022a5e000
0x70225fe090[libsecsdk.so@0x21090]		b.hs	#-20	
0x70225fe07c[libsecsdk.so@0x2107c]		ldr	x3, [x0]	X0=0x7022a5e018
0x70225fe080[libsecsdk.so@0x21080]		cmp	x3, x2	X3=0x2886 X2=0x2886
0x70225fe084[libsecsdk.so@0x21084]		b.eq	#20	
0x70225fe098[libsecsdk.so@0x21098]		ret	LR=0x70225fd200
0x70225fd200[libsecsdk.so@0x20200]		cbz	x0, #216	X0=0x7022a5e018
0x70225fd204[libsecsdk.so@0x20204]		ldr	w4, [x23, #24]	X23=0x708b79f068
0x70225fd208[libsecsdk.so@0x20208]		cmp	w4, wzr	W4=0x8
0x70225fd20c[libsecsdk.so@0x2020c]		sbfiz	x1, x4, #2, #32	X4=0x8
0x70225fd210[libsecsdk.so@0x20210]		b.le	#72	
0x70225fd214[libsecsdk.so@0x20214]		ldr	x0, [x25, x1]	X25=0x708a8893c0 X1=0x20
0x70225fd218[libsecsdk.so@0x20218]		add	x1, x25, x1	X25=0x708a8893c0 X1=0x20
0x70225fd21c[libsecsdk.so@0x2021c]		cmp	x19, x0	X19=0x2886 X0=0x65
0x70225fd220[libsecsdk.so@0x20220]		b.ne	#8	
0x70225fd228[libsecsdk.so@0x20228]		mov	w0, #0	
0x70225fd22c[libsecsdk.so@0x2022c]		b	#32	
0x70225fd24c[libsecsdk.so@0x2024c]		add	w0, w0, #1	W0=0x0
0x70225fd250[libsecsdk.so@0x20250]		cmp	w0, w4	W0=0x1 W4=0x8
0x70225fd254[libsecsdk.so@0x20254]		b.ne	#-36	
0x70225fd230[libsecsdk.so@0x20230]		ldr	x2, [x1, #8]!	X1=0x708a8893e0
0x70225fd234[libsecsdk.so@0x20234]		cmp	x19, x2	X19=0x2886 X2=0x89
0x70225fd238[libsecsdk.so@0x20238]		cset	w3, eq	
0x70225fd23c[libsecsdk.so@0x2023c]		cmp	w28, w0	W28=0x5 W0=0x1
0x70225fd240[libsecsdk.so@0x20240]		cset	w2, ne	
0x70225fd244[libsecsdk.so@0x20244]		tst	w3, w2	W3=0x0 W2=0x1
0x70225fd248[libsecsdk.so@0x20248]		b.ne	#144	
0x70225fd24c[libsecsdk.so@0x2024c]		add	w0, w0, #1	W0=0x1
0x70225fd250[libsecsdk.so@0x20250]		cmp	w0, w4	W0=0x2 W4=0x8
0x70225fd254[libsecsdk.so@0x20254]		b.ne	#-36	
0x70225fd230[libsecsdk.so@0x20230]		ldr	x2, [x1, #8]!	X1=0x708a8893e8
0x70225fd234[libsecsdk.so@0x20234]		cmp	x19, x2	X19=0x2886 X2=0x0
0x70225fd238[libsecsdk.so@0x20238]		cset	w3, eq	
0x70225fd23c[libsecsdk.so@0x2023c]		cmp	w28, w0	W28=0x5 W0=0x2
0x70225fd240[libsecsdk.so@0x20240]		cset	w2, ne	
0x70225fd244[libsecsdk.so@0x20244]		tst	w3, w2	W3=0x0 W2=0x1
0x70225fd248[libsecsdk.so@0x20248]		b.ne	#144	
0x70225fd24c[libsecsdk.so@0x2024c]		add	w0, w0, #1	W0=0x2
0x70225fd250[libsecsdk.so@0x20250]		cmp	w0, w4	W0=0x3 W4=0x8
0x70225fd254[libsecsdk.so@0x20254]		b.ne	#-36	
0x70225fd230[libsecsdk.so@0x20230]		ldr	x2, [x1, #8]!	X1=0x708a8893f0
0x70225fd234[libsecsdk.so@0x20234]		cmp	x19, x2	X19=0x2886 X2=0x59
0x70225fd238[libsecsdk.so@0x20238]		cset	w3, eq	
0x70225fd23c[libsecsdk.so@0x2023c]		cmp	w28, w0	W28=0x5 W0=0x3
0x70225fd240[libsecsdk.so@0x20240]		cset	w2, ne	
0x70225fd244[libsecsdk.so@0x20244]		tst	w3, w2	W3=0x0 W2=0x1
0x70225fd248[libsecsdk.so@0x20248]		b.ne	#144	
0x70225fd24c[libsecsdk.so@0x2024c]		add	w0, w0, #1	W0=0x3
0x70225fd250[libsecsdk.so@0x20250]		cmp	w0, w4	W0=0x4 W4=0x8
0x70225fd254[libsecsdk.so@0x20254]		b.ne	#-36	
0x70225fd230[libsecsdk.so@0x20230]		ldr	x2, [x1, #8]!	X1=0x708a8893f8
0x70225fd234[libsecsdk.so@0x20234]		cmp	x19, x2	X19=0x2886 X2=0x95
0x70225fd238[libsecsdk.so@0x20238]		cset	w3, eq	
0x70225fd23c[libsecsdk.so@0x2023c]		cmp	w28, w0	W28=0x5 W0=0x4
0x70225fd240[libsecsdk.so@0x20240]		cset	w2, ne	
0x70225fd244[libsecsdk.so@0x20244]		tst	w3, w2	W3=0x0 W2=0x1
0x70225fd248[libsecsdk.so@0x20248]		b.ne	#144	
0x70225fd24c[libsecsdk.so@0x2024c]		add	w0, w0, #1	W0=0x4
0x70225fd250[libsecsdk.so@0x20250]		cmp	w0, w4	W0=0x5 W4=0x8
0x70225fd254[libsecsdk.so@0x20254]		b.ne	#-36	
0x70225fd230[libsecsdk.so@0x20230]		ldr	x2, [x1, #8]!	X1=0x708a889400
0x70225fd234[libsecsdk.so@0x20234]		cmp	x19, x2	X19=0x2886 X2=0x2886
0x70225fd238[libsecsdk.so@0x20238]		cset	w3, eq	
0x70225fd23c[libsecsdk.so@0x2023c]		cmp	w28, w0	W28=0x5 W0=0x5
0x70225fd240[libsecsdk.so@0x20240]		cset	w2, ne	
0x70225fd244[libsecsdk.so@0x20244]		tst	w3, w2	W3=0x1 W2=0x0
0x70225fd248[libsecsdk.so@0x20248]		b.ne	#144	
0x70225fd24c[libsecsdk.so@0x2024c]		add	w0, w0, #1	W0=0x5
0x70225fd250[libsecsdk.so@0x20250]		cmp	w0, w4	W0=0x6 W4=0x8
0x70225fd254[libsecsdk.so@0x20254]		b.ne	#-36	
0x70225fd230[libsecsdk.so@0x20230]		ldr	x2, [x1, #8]!	X1=0x708a889408
0x70225fd234[libsecsdk.so@0x20234]		cmp	x19, x2	X19=0x2886 X2=0x2866
0x70225fd238[libsecsdk.so@0x20238]		cset	w3, eq	
0x70225fd23c[libsecsdk.so@0x2023c]		cmp	w28, w0	W28=0x5 W0=0x6
0x70225fd240[libsecsdk.so@0x20240]		cset	w2, ne	
0x70225fd244[libsecsdk.so@0x20244]		tst	w3, w2	W3=0x0 W2=0x1
0x70225fd248[libsecsdk.so@0x20248]		b.ne	#144	
0x70225fd24c[libsecsdk.so@0x2024c]		add	w0, w0, #1	W0=0x6
0x70225fd250[libsecsdk.so@0x20250]		cmp	w0, w4	W0=0x7 W4=0x8
0x70225fd254[libsecsdk.so@0x20254]		b.ne	#-36	
0x70225fd230[libsecsdk.so@0x20230]		ldr	x2, [x1, #8]!	X1=0x708a889410
0x70225fd234[libsecsdk.so@0x20234]		cmp	x19, x2	X19=0x2886 X2=0x2876
0x70225fd238[libsecsdk.so@0x20238]		cset	w3, eq	
0x70225fd23c[libsecsdk.so@0x2023c]		cmp	w28, w0	W28=0x5 W0=0x7
0x70225fd240[libsecsdk.so@0x20240]		cset	w2, ne	
0x70225fd244[libsecsdk.so@0x20244]		tst	w3, w2	W3=0x0 W2=0x1
0x70225fd248[libsecsdk.so@0x20248]		b.ne	#144	
0x70225fd24c[libsecsdk.so@0x2024c]		add	w0, w0, #1	W0=0x7
0x70225fd250[libsecsdk.so@0x20250]		cmp	w0, w4	W0=0x8 W4=0x8
0x70225fd254[libsecsdk.so@0x20254]		b.ne	#-36	
0x70225fd258[libsecsdk.so@0x20258]		ldr	x0, [x22, #8]	X22=0x708b79f088
0x70225fd25c[libsecsdk.so@0x2025c]		mov	x2, x22	X22=0x708b79f088
0x70225fd260[libsecsdk.so@0x20260]		cbz	x0, #48	X0=0x7024730400
0x70225fd264[libsecsdk.so@0x20264]		ldr	x1, [x0, #32]	X0=0x7024730400
0x70225fd268[libsecsdk.so@0x20268]		cmp	x19, x1	X19=0x2886 X1=0x2866
0x70225fd26c[libsecsdk.so@0x2026c]		b.hi	#1172	
0x70225fd700[libsecsdk.so@0x20700]		ldr	x0, [x0, #24]	X0=0x7024730400
0x70225fd704[libsecsdk.so@0x20704]		b	#-1164	
0x70225fd278[libsecsdk.so@0x20278]		cbnz	x0, #-20	X0=0x7024730430
0x70225fd264[libsecsdk.so@0x20264]		ldr	x1, [x0, #32]	X0=0x7024730430
0x70225fd268[libsecsdk.so@0x20268]		cmp	x19, x1	X19=0x2886 X1=0x2876
0x70225fd26c[libsecsdk.so@0x2026c]		b.hi	#1172	
0x70225fd700[libsecsdk.so@0x20700]		ldr	x0, [x0, #24]	X0=0x7024730430
0x70225fd704[libsecsdk.so@0x20704]		b	#-1164	
0x70225fd278[libsecsdk.so@0x20278]		cbnz	x0, #-20	X0=0x0
0x70225fd27c[libsecsdk.so@0x2027c]		cmp	x2, x22	X2=0x708b79f088 X22=0x708b79f088
0x70225fd280[libsecsdk.so@0x20280]		b.eq	#16	
0x70225fd290[libsecsdk.so@0x20290]		ldr	x2, [x20]	X20=0x708a819500
0x70225fd294[libsecsdk.so@0x20294]		mov	x1, x19	X19=0x2886
0x70225fd298[libsecsdk.so@0x20298]		mov	x0, x20	X20=0x708a819500
0x70225fd29c[libsecsdk.so@0x2029c]		ldr	x2, [x2, #1856]	X2=0x70967d16a0
0x70225fd2a0[libsecsdk.so@0x202a0]		blr	x2	X2=0x70965ebf84 SP=0x708b79ef20
0x70225fd2a4[libsecsdk.so@0x202a4]		cmp	w0, #1	W0=0x2
0x70225fd2a8[libsecsdk.so@0x202a8]		ldr	x2, [x20]	X20=0x708a819500
0x70225fd2ac[libsecsdk.so@0x202ac]		mov	x0, x20	X20=0x708a819500
0x70225fd2b0[libsecsdk.so@0x202b0]		mov	x1, x19	X19=0x2886
0x70225fd2b4[libsecsdk.so@0x202b4]		b.eq	#2216	
0x70225fd2b8[libsecsdk.so@0x202b8]		ldr	x2, [x2, #1856]	X2=0x70967d16a0
0x70225fd2bc[libsecsdk.so@0x202bc]		blr	x2	X2=0x70965ebf84 SP=0x708b79ef20
0x70225fd2c0[libsecsdk.so@0x202c0]		cmp	w0, #2	W0=0x2
0x70225fd2c4[libsecsdk.so@0x202c4]		b.eq	#2176	
0x70225fdb44[libsecsdk.so@0x20b44]		ldr	x2, [x20]	X20=0x708a819500
0x70225fdb48[libsecsdk.so@0x20b48]		mov	x0, x20	X20=0x708a819500
0x70225fdb4c[libsecsdk.so@0x20b4c]		mov	x1, x19	X19=0x2886
0x70225fdb50[libsecsdk.so@0x20b50]		ldr	x2, [x2, #176]	X2=0x70967d16a0
0x70225fdb54[libsecsdk.so@0x20b54]		blr	x2	X2=0x7096594820 SP=0x708b79ef20
0x70225fdb58[libsecsdk.so@0x20b58]		b	#-2192	
0x70225fd2c8[libsecsdk.so@0x202c8]		ldr	x1, [x23, #8]	X23=0x708b79f068
0x70225fd2cc[libsecsdk.so@0x202cc]		mov	x0, x23	X23=0x708b79f068
0x70225fd2d0[libsecsdk.so@0x202d0]		mov	x2, x19	X19=0x2886
0x70225fd2d4[libsecsdk.so@0x202d4]		bl	#3528	SP=0x708b79ef20
0x70225fe09c[libsecsdk.so@0x2109c]		sub	sp, sp, #16	SP=0x708b79ef20
0x70225fe0a0[libsecsdk.so@0x210a0]		str	x30, [sp]	LR=0x70225fd2d8 SP=0x708b79ef10
0x70225fe0a4[libsecsdk.so@0x210a4]		ldr	x6, [x0]	X0=0x708b79f068
0x70225fe0a8[libsecsdk.so@0x210a8]		mov	x4, x6	X6=0x7022a5e038
0x70225fe0ac[libsecsdk.so@0x210ac]		b	#20	
0x70225fe0c0[libsecsdk.so@0x210c0]		sub	x3, x4, #8	X4=0x7022a5e038
0x70225fe0c4[libsecsdk.so@0x210c4]		cmp	x1, x3	X1=0x7022a5e000 X3=0x7022a5e030
0x70225fe0c8[libsecsdk.so@0x210c8]		b.ls	#-24	
0x70225fe0b0[libsecsdk.so@0x210b0]		ldur	x5, [x4, #-8]	X4=0x7022a5e038
0x70225fe0b4[libsecsdk.so@0x210b4]		cmp	x2, x5	X2=0x2886 X5=0x95
0x70225fe0b8[libsecsdk.so@0x210b8]		b.eq	#36	
0x70225fe0bc[libsecsdk.so@0x210bc]		mov	x4, x3	X3=0x7022a5e030
0x70225fe0c0[libsecsdk.so@0x210c0]		sub	x3, x4, #8	X4=0x7022a5e030
0x70225fe0c4[libsecsdk.so@0x210c4]		cmp	x1, x3	X1=0x7022a5e000 X3=0x7022a5e028
0x70225fe0c8[libsecsdk.so@0x210c8]		b.ls	#-24	
0x70225fe0b0[libsecsdk.so@0x210b0]		ldur	x5, [x4, #-8]	X4=0x7022a5e030
0x70225fe0b4[libsecsdk.so@0x210b4]		cmp	x2, x5	X2=0x2886 X5=0x89
0x70225fe0b8[libsecsdk.so@0x210b8]		b.eq	#36	
0x70225fe0bc[libsecsdk.so@0x210bc]		mov	x4, x3	X3=0x7022a5e028
0x70225fe0c0[libsecsdk.so@0x210c0]		sub	x3, x4, #8	X4=0x7022a5e028
0x70225fe0c4[libsecsdk.so@0x210c4]		cmp	x1, x3	X1=0x7022a5e000 X3=0x7022a5e020
0x70225fe0c8[libsecsdk.so@0x210c8]		b.ls	#-24	
0x70225fe0b0[libsecsdk.so@0x210b0]		ldur	x5, [x4, #-8]	X4=0x7022a5e028
0x70225fe0b4[libsecsdk.so@0x210b4]		cmp	x2, x5	X2=0x2886 X5=0x65
0x70225fe0b8[libsecsdk.so@0x210b8]		b.eq	#36	
0x70225fe0bc[libsecsdk.so@0x210bc]		mov	x4, x3	X3=0x7022a5e020
0x70225fe0c0[libsecsdk.so@0x210c0]		sub	x3, x4, #8	X4=0x7022a5e020
0x70225fe0c4[libsecsdk.so@0x210c4]		cmp	x1, x3	X1=0x7022a5e000 X3=0x7022a5e018
0x70225fe0c8[libsecsdk.so@0x210c8]		b.ls	#-24	
0x70225fe0b0[libsecsdk.so@0x210b0]		ldur	x5, [x4, #-8]	X4=0x7022a5e020
0x70225fe0b4[libsecsdk.so@0x210b4]		cmp	x2, x5	X2=0x2886 X5=0x2886
0x70225fe0b8[libsecsdk.so@0x210b8]		b.eq	#36	
0x70225fe0dc[libsecsdk.so@0x210dc]		sub	x6, x6, #8	X6=0x7022a5e038
0x70225fe0e0[libsecsdk.so@0x210e0]		str	x6, [x0]	X6=0x7022a5e030 X0=0x708b79f068
0x70225fe0e4[libsecsdk.so@0x210e4]		sub	x6, x6, x3	X6=0x7022a5e030 X3=0x7022a5e018
0x70225fe0e8[libsecsdk.so@0x210e8]		asr	x2, x6, #3	X6=0x18
0x70225fe0ec[libsecsdk.so@0x210ec]		cbnz	w2, #20	W2=0x3
0x70225fe100[libsecsdk.so@0x21100]		mov	x0, x3	X3=0x7022a5e018
0x70225fe104[libsecsdk.so@0x21104]		mov	x1, x4	X4=0x7022a5e020
0x70225fe108[libsecsdk.so@0x21108]		sbfiz	x2, x2, #3, #32	X2=0x3
0x70225fe10c[libsecsdk.so@0x2110c]		bl	#-100860	SP=0x708b79ef10
0x70225e5710[libsecsdk.so@0x8710]		adrp	x16, #266240	
0x70225e5714[libsecsdk.so@0x8714]		ldr	x17, [x16, #3288]	X16=0x7022626000
0x70225e5718[libsecsdk.so@0x8718]		add	x16, x16, #3288	X16=0x7022626000
0x70225e571c[libsecsdk.so@0x871c]		br	x17	X17=0x711ac12280
0x70225fe110[libsecsdk.so@0x21110]		mov	w0, #1	
0x70225fe114[libsecsdk.so@0x21114]		b	#-32	
0x70225fe0f4[libsecsdk.so@0x210f4]		ldr	x30, [sp]	SP=0x708b79ef10
0x70225fe0f8[libsecsdk.so@0x210f8]		add	sp, sp, #16	SP=0x708b79ef10
0x70225fe0fc[libsecsdk.so@0x210fc]		ret	LR=0x70225fd2d8
0x70225fd2d8[libsecsdk.so@0x202d8]		fmov	w0, s9	
0x70225fd2dc[libsecsdk.so@0x202dc]		mov	w0, w0	W0=0x8
0x70225fd2e0[libsecsdk.so@0x202e0]		add	x5, x0, w28, uxtw #1	X0=0x8 W28=0x5
0x70225fd2e4[libsecsdk.so@0x202e4]		fmov	x0, d8	
0x70225fd2e8[libsecsdk.so@0x202e8]		lsl	x5, x5, #2	X5=0x12
0x70225fd2ec[libsecsdk.so@0x202ec]		str	wzr, [x25, x0]	X25=0x708a8893c0 X0=0x14
0x70225fd2f0[libsecsdk.so@0x202f0]		str	xzr, [x25, x5]	X25=0x708a8893c0 X5=0x48
0x70225fd2f4[libsecsdk.so@0x202f4]		b	#-23968	
0x70225f7554[libsecsdk.so@0x1a554]		ldr	x1, [x27]	X27=0x708b79f040
0x70225f7558[libsecsdk.so@0x1a558]		add	x0, x21, #928	X21=0x7022625000
0x70225f755c[libsecsdk.so@0x1a55c]		add	x2, x1, #2	X1=0x711b5b738e
0x70225f7560[libsecsdk.so@0x1a560]		str	x2, [x27]	X2=0x711b5b7390 X27=0x708b79f040
0x70225f7564[libsecsdk.so@0x1a564]		ldrh	w19, [x1, #2]	X1=0x711b5b738e
0x70225f7568[libsecsdk.so@0x1a568]		uxtb	w1, w19	W19=0x2071
0x70225f756c[libsecsdk.so@0x1a56c]		ldr	x0, [x0, w1, sxtw #3]	X0=0x70226253a0 W1=0x71
0x70225f7570[libsecsdk.so@0x1a570]		br	x0	X0=0x70225fbfe4
0x70225fbfe4[libsecsdk.so@0x1efe4]		ldr	x0, [x27]	X27=0x708b79f040
0x70225fbfe8[libsecsdk.so@0x1efe8]		asr	w1, w19, #8	W19=0x2071
0x70225fbfec[libsecsdk.so@0x1efec]		asr	w5, w19, #12	W19=0x2071
0x70225fbff0[libsecsdk.so@0x1eff0]		str	x5, [sp, #216]	X5=0x2 SP=0x708b79ef20
0x70225fbff4[libsecsdk.so@0x1eff4]		fmov	s8, w1	W1=0x20
0x70225fbff8[libsecsdk.so@0x1eff8]		ldrh	w6, [x0, #2]	X0=0x711b5b7390
0x70225fbffc[libsecsdk.so@0x1effc]		sxtw	x1, w5	X5=0x2
0x70225fc000[libsecsdk.so@0x1f000]		ldrh	w19, [x0, #4]	X0=0x711b5b7390
0x70225fc004[libsecsdk.so@0x1f004]		lsl	x0, x1, #2	X1=0x2
0x70225fc008[libsecsdk.so@0x1f008]		str	x6, [sp, #224]	X6=0x7 SP=0x708b79ef20
0x70225fc00c[libsecsdk.so@0x1f00c]		str	x1, [sp, #192]	X1=0x2 SP=0x708b79ef20
0x70225fc010[libsecsdk.so@0x1f010]		bl	#40412	SP=0x708b79ef20
0x7022605dec[libsecsdk.so@0x28dec]		stp	x29, x30, [sp, #-16]!	FP=0x708b79f600 LR=0x70225fc014 SP=0x708b79ef20
0x7022605df0[libsecsdk.so@0x28df0]		mov	x29, sp	SP=0x708b79ef10
0x7022605df4[libsecsdk.so@0x28df4]		bl	#-212	SP=0x708b79ef10
0x7022605d20[libsecsdk.so@0x28d20]		stp	x29, x30, [sp, #-32]!	FP=0x708b79ef10 LR=0x7022605df8 SP=0x708b79ef10
0x7022605d24[libsecsdk.so@0x28d24]		mov	x29, sp	SP=0x708b79eef0
0x7022605d28[libsecsdk.so@0x28d28]		stp	x19, x20, [sp, #16]	X19=0x51 X20=0x708a819500 SP=0x708b79eef0
0x7022605d2c[libsecsdk.so@0x28d2c]		mov	x19, x0	X0=0x8
0x7022605d30[libsecsdk.so@0x28d30]		adrp	x20, #139264	
0x7022605d34[libsecsdk.so@0x28d34]		b	#32	
0x7022605d54[libsecsdk.so@0x28d54]		mov	x0, x19	X19=0x8
0x7022605d58[libsecsdk.so@0x28d58]		bl	#-132552	SP=0x708b79eef0
0x70225e5790[libsecsdk.so@0x8790]		adrp	x16, #266240	
0x70225e5794[libsecsdk.so@0x8794]		ldr	x17, [x16, #3352]	X16=0x7022626000
0x70225e5798[libsecsdk.so@0x8798]		add	x16, x16, #3352	X16=0x7022626000
0x70225e579c[libsecsdk.so@0x879c]		br	x17	X17=0x711abd432c
0x7022605d5c[libsecsdk.so@0x28d5c]		cbz	x0, #-36	X0=0x708a81f938
0x7022605d60[libsecsdk.so@0x28d60]		ldp	x19, x20, [sp, #16]	SP=0x708b79eef0
0x7022605d64[libsecsdk.so@0x28d64]		ldp	x29, x30, [sp], #32	SP=0x708b79eef0
0x7022605d68[libsecsdk.so@0x28d68]		ret	LR=0x7022605df8
0x7022605df8[libsecsdk.so@0x28df8]		ldp	x29, x30, [sp], #16	SP=0x708b79ef10
0x7022605dfc[libsecsdk.so@0x28dfc]		ret	LR=0x70225fc014
0x70225fc014[libsecsdk.so@0x1f014]		ldr	x1, [sp, #192]	SP=0x708b79ef20
0x70225fc018[libsecsdk.so@0x1f018]		mov	x28, x0	X0=0x708a81f938
0x70225fc01c[libsecsdk.so@0x1f01c]		lsl	x0, x1, #3	X1=0x2
0x70225fc020[libsecsdk.so@0x1f020]		bl	#40396	SP=0x708b79ef20
0x7022605dec[libsecsdk.so@0x28dec]		stp	x29, x30, [sp, #-16]!	FP=0x708b79f600 LR=0x70225fc024 SP=0x708b79ef20
0x7022605df0[libsecsdk.so@0x28df0]		mov	x29, sp	SP=0x708b79ef10
0x7022605df4[libsecsdk.so@0x28df4]		bl	#-212	SP=0x708b79ef10
0x7022605d20[libsecsdk.so@0x28d20]		stp	x29, x30, [sp, #-32]!	FP=0x708b79ef10 LR=0x7022605df8 SP=0x708b79ef10
0x7022605d24[libsecsdk.so@0x28d24]		mov	x29, sp	SP=0x708b79eef0
0x7022605d28[libsecsdk.so@0x28d28]		stp	x19, x20, [sp, #16]	X19=0x51 X20=0x708a819500 SP=0x708b79eef0
0x7022605d2c[libsecsdk.so@0x28d2c]		mov	x19, x0	X0=0x10
0x7022605d30[libsecsdk.so@0x28d30]		adrp	x20, #139264	
0x7022605d34[libsecsdk.so@0x28d34]		b	#32	
0x7022605d54[libsecsdk.so@0x28d54]		mov	x0, x19	X19=0x10
0x7022605d58[libsecsdk.so@0x28d58]		bl	#-132552	SP=0x708b79eef0
0x70225e5790[libsecsdk.so@0x8790]		adrp	x16, #266240	
0x70225e5794[libsecsdk.so@0x8794]		ldr	x17, [x16, #3352]	X16=0x7022626000
0x70225e5798[libsecsdk.so@0x8798]		add	x16, x16, #3352	X16=0x7022626000
0x70225e579c[libsecsdk.so@0x879c]		br	x17	X17=0x711abd432c
0x7022605d5c[libsecsdk.so@0x28d5c]		cbz	x0, #-36	X0=0x7022b26ea0
0x7022605d60[libsecsdk.so@0x28d60]		ldp	x19, x20, [sp, #16]	SP=0x708b79eef0
0x7022605d64[libsecsdk.so@0x28d64]		ldp	x29, x30, [sp], #32	SP=0x708b79eef0
0x7022605d68[libsecsdk.so@0x28d68]		ret	LR=0x7022605df8
0x7022605df8[libsecsdk.so@0x28df8]		ldp	x29, x30, [sp], #16	SP=0x708b79ef10
0x7022605dfc[libsecsdk.so@0x28dfc]		ret	LR=0x70225fc024
0x70225fc024[libsecsdk.so@0x1f024]		str	x0, [sp, #208]	X0=0x7022b26ea0 SP=0x708b79ef20
0x70225fc028[libsecsdk.so@0x1f028]		ldr	x5, [sp, #216]	SP=0x708b79ef20
0x70225fc02c[libsecsdk.so@0x1f02c]		mov	w1, #0	
0x70225fc030[libsecsdk.so@0x1f030]		mov	x0, x28	X28=0x708a81f938
0x70225fc034[libsecsdk.so@0x1f034]		str	x5, [sp, #192]	X5=0x2 SP=0x708b79ef20
0x70225fc038[libsecsdk.so@0x1f038]		ubfiz	x2, x5, #2, #4	X5=0x2
0x70225fc03c[libsecsdk.so@0x1f03c]		bl	#-91884	SP=0x708b79ef20
0x70225e5950[libsecsdk.so@0x8950]		adrp	x16, #266240	
0x70225e5954[libsecsdk.so@0x8954]		ldr	x17, [x16, #3576]	X16=0x7022626000
0x70225e5958[libsecsdk.so@0x8958]		add	x16, x16, #3576	X16=0x7022626000
0x70225e595c[libsecsdk.so@0x895c]		br	x17	X17=0x711ac12340
0x70225fc040[libsecsdk.so@0x1f040]		ldr	x8, [sp, #208]	SP=0x708b79ef20
0x70225fc044[libsecsdk.so@0x1f044]		mov	w1, #0	
0x70225fc048[libsecsdk.so@0x1f048]		ldr	x5, [sp, #192]	SP=0x708b79ef20
0x70225fc04c[libsecsdk.so@0x1f04c]		mov	x0, x8	X8=0x7022b26ea0
0x70225fc050[libsecsdk.so@0x1f050]		ubfiz	x2, x5, #3, #4	X5=0x2
0x70225fc054[libsecsdk.so@0x1f054]		bl	#-91908	SP=0x708b79ef20
0x70225e5950[libsecsdk.so@0x8950]		adrp	x16, #266240	
0x70225e5954[libsecsdk.so@0x8954]		ldr	x17, [x16, #3576]	X16=0x7022626000
0x70225e5958[libsecsdk.so@0x8958]		add	x16, x16, #3576	X16=0x7022626000
0x70225e595c[libsecsdk.so@0x895c]		br	x17	X17=0x711ac12340
0x70225fc058[libsecsdk.so@0x1f058]		ldr	x5, [sp, #192]	SP=0x708b79ef20
0x70225fc05c[libsecsdk.so@0x1f05c]		ldr	x8, [sp, #208]	SP=0x708b79ef20
0x70225fc060[libsecsdk.so@0x1f060]		sub	w0, w5, #1	W5=0x2
0x70225fc064[libsecsdk.so@0x1f064]		ldr	x6, [sp, #224]	SP=0x708b79ef20
0x70225fc068[libsecsdk.so@0x1f068]		cmp	w0, #4	W0=0x1
0x70225fc06c[libsecsdk.so@0x1f06c]		b.hi	#-408	
0x70225fc070[libsecsdk.so@0x1f070]		fmov	x1, d13	
0x70225fc074[libsecsdk.so@0x1f074]		ldrh	w0, [x1, w0, uxtw #1]	X1=0x702260dd84 W0=0x1
0x70225fc078[libsecsdk.so@0x1f078]		adr	x1, #12	
0x70225fc07c[libsecsdk.so@0x1f07c]		add	x0, x1, w0, sxth #2	X1=0x70225fc084 W0=0x582
0x70225fc080[libsecsdk.so@0x1f080]		br	x0	X0=0x70225fd68c
0x70225fd68c[libsecsdk.so@0x2068c]		fmov	w0, s9	
0x70225fd690[libsecsdk.so@0x20690]		mov	w0, w0	W0=0x8
0x70225fd694[libsecsdk.so@0x20694]		b	#-72	
0x70225fd64c[libsecsdk.so@0x2064c]		ubfx	x2, x19, #4, #4	X19=0x51
0x70225fd650[libsecsdk.so@0x20650]		add	x1, x0, w2, sxtw #1	X0=0x8 W2=0x5
0x70225fd654[libsecsdk.so@0x20654]		lsl	x1, x1, #2	X1=0x12
0x70225fd658[libsecsdk.so@0x20658]		ldr	w2, [x25, w2, sxtw #2]	X25=0x708a8893c0 W2=0x5
0x70225fd65c[libsecsdk.so@0x2065c]		str	w2, [x28, #4]	W2=0x0 X28=0x708a81f938
0x70225fd660[libsecsdk.so@0x20660]		ldr	x1, [x25, x1]	X25=0x708a8893c0 X1=0x48
0x70225fd664[libsecsdk.so@0x20664]		str	x1, [x8, #8]	X1=0x0 X8=0x7022b26ea0
0x70225fd668[libsecsdk.so@0x20668]		and	w19, w19, #0xf	W19=0x51
0x70225fd66c[libsecsdk.so@0x2066c]		add	x0, x0, w19, uxtw #1	X0=0x8 W19=0x1
0x70225fd670[libsecsdk.so@0x20670]		ubfiz	x19, x19, #2, #4	X19=0x1
0x70225fd674[libsecsdk.so@0x20674]		lsl	x0, x0, #2	X0=0xa
0x70225fd678[libsecsdk.so@0x20678]		ldr	w1, [x25, x19]	X25=0x708a8893c0 X19=0x4
0x70225fd67c[libsecsdk.so@0x2067c]		str	w1, [x28]	W1=0x89 X28=0x708a81f938
0x70225fd680[libsecsdk.so@0x20680]		ldr	x0, [x25, x0]	X25=0x708a8893c0 X0=0x28
0x70225fd684[libsecsdk.so@0x20684]		str	x0, [x8]	X0=0x89 X8=0x7022b26ea0
0x70225fd688[libsecsdk.so@0x20688]		b	#-6068	
0x70225fbed4[libsecsdk.so@0x1eed4]		mov	x2, #0	
0x70225fbed8[libsecsdk.so@0x1eed8]		mov	w0, #1	
0x70225fbedc[libsecsdk.so@0x1eedc]		mov	x4, x8	X8=0x7022b26ea0
0x70225fbee0[libsecsdk.so@0x1eee0]		mov	x1, x20	X20=0x708a819500
0x70225fbee4[libsecsdk.so@0x1eee4]		mov	x3, x28	X28=0x708a81f938
0x70225fbee8[libsecsdk.so@0x1eee8]		mov	w7, w2	W2=0x0
0x70225fbeec[libsecsdk.so@0x1eeec]		strb	w0, [sp]	W0=0x1 SP=0x708b79ef20
0x70225fbef0[libsecsdk.so@0x1eef0]		add	x19, sp, #287	SP=0x708b79ef20
0x70225fbef4[libsecsdk.so@0x1eef4]		strb	wzr, [sp, #8]	SP=0x708b79ef20
0x70225fbef8[libsecsdk.so@0x1eef8]		mov	x0, x24	X24=0x708a81f3e8
0x70225fbefc[libsecsdk.so@0x1eefc]		str	x19, [sp, #16]	X19=0x708b79f03f SP=0x708b79ef20
0x70225fbf00[libsecsdk.so@0x1ef00]		str	x8, [sp, #192]	X8=0x7022b26ea0 SP=0x708b79ef20
0x70225fbf04[libsecsdk.so@0x1ef04]		strb	wzr, [sp, #287]	SP=0x708b79ef20
0x70225fbf08[libsecsdk.so@0x1ef08]		bl	#22740	SP=0x708b79ef20
0x70226017dc[libsecsdk.so@0x247dc]		sub	sp, sp, #160	SP=0x708b79ef20
0x70226017e0[libsecsdk.so@0x247e0]		uxtb	w7, w7	W7=0x0
0x70226017e4[libsecsdk.so@0x247e4]		ubfiz	x6, x6, #3, #32	X6=0x7
0x70226017e8[libsecsdk.so@0x247e8]		stp	d8, d9, [sp, #88]	SP=0x708b79ee80
0x70226017ec[libsecsdk.so@0x247ec]		str	d14, [sp, #136]	SP=0x708b79ee80
0x70226017f0[libsecsdk.so@0x247f0]		stp	d12, d13, [sp, #120]	SP=0x708b79ee80
0x70226017f4[libsecsdk.so@0x247f4]		stp	x19, x20, [sp]	X19=0x708b79f03f X20=0x708a819500 SP=0x708b79ee80
0x70226017f8[libsecsdk.so@0x247f8]		stp	d10, d11, [sp, #104]	SP=0x708b79ee80
0x70226017fc[libsecsdk.so@0x247fc]		stp	x23, x24, [sp, #32]	X23=0x708b79f068 X24=0x708a81f3e8 SP=0x708b79ee80
0x7022601800[libsecsdk.so@0x24800]		stp	x25, x26, [sp, #48]	X25=0x708a8893c0 X26=0x70228b8c00 SP=0x708b79ee80
0x7022601804[libsecsdk.so@0x24804]		stp	x21, x22, [sp, #16]	X21=0x7022625000 X22=0x708b79f088 SP=0x708b79ee80
0x7022601808[libsecsdk.so@0x24808]		stp	x27, x28, [sp, #64]	X27=0x708b79f040 X28=0x708a81f938 SP=0x708b79ee80
0x702260180c[libsecsdk.so@0x2480c]		str	x30, [sp, #80]	LR=0x70225fbf0c SP=0x708b79ee80
0x7022601810[libsecsdk.so@0x24810]		mov	x24, #0	
0x7022601814[libsecsdk.so@0x24814]		fmov	s13, w7	W7=0x0
0x7022601818[libsecsdk.so@0x24818]		ldrb	w7, [sp, #168]	SP=0x708b79ee80
0x702260181c[libsecsdk.so@0x2481c]		ldr	x8, [x0]	X0=0x708a81f3e8
0x7022601820[libsecsdk.so@0x24820]		ldrb	w26, [sp, #160]	SP=0x708b79ee80
0x7022601824[libsecsdk.so@0x24824]		fmov	s8, w7	W7=0x0
0x7022601828[libsecsdk.so@0x24828]		ldr	x7, [x8, #40]	X8=0x7022a969c0
0x702260182c[libsecsdk.so@0x2482c]		adds	x19, x7, x6	X7=0x702489e5f0 X6=0x38
0x7022601830[libsecsdk.so@0x24830]		b.eq	#472	
0x7022601834[libsecsdk.so@0x24834]		ldr	w10, [x19, #4]	X19=0x702489e628
0x7022601838[libsecsdk.so@0x24838]		ldr	x9, [x8, #16]	X8=0x7022a969c0
0x702260183c[libsecsdk.so@0x2483c]		ldr	x20, [x8, #88]	X8=0x7022a969c0
0x7022601840[libsecsdk.so@0x24840]		ldr	w8, [x9, x10, lsl #2]	X9=0x702489e070 X10=0x62
0x7022601844[libsecsdk.so@0x24844]		add	x20, x20, x8	X20=0x702489e000 X8=0x198f
0x7022601848[libsecsdk.so@0x24848]		ldrsb	w8, [x20], #1	X20=0x702489f98f
0x702260184c[libsecsdk.so@0x2484c]		tbnz	w8, #31, #-4	W8=0x6
0x7022601850[libsecsdk.so@0x24850]		fmov	d12, x2	X2=0x0
0x7022601854[libsecsdk.so@0x24854]		mov	x21, x1	X1=0x708a819500
0x7022601858[libsecsdk.so@0x24858]		fmov	s14, w5	W5=0x2
0x702260185c[libsecsdk.so@0x2485c]		ldrh	w1, [x19, #2]	X19=0x702489e628
0x7022601860[libsecsdk.so@0x24860]		fmov	d11, x4	X4=0x7022b26ea0
0x7022601864[libsecsdk.so@0x24864]		mov	x22, x0	X0=0x708a81f3e8
0x7022601868[libsecsdk.so@0x24868]		fmov	d10, x3	X3=0x708a81f938
0x702260186c[libsecsdk.so@0x2486c]		str	x7, [sp, #152]	X7=0x702489e5f0 SP=0x708b79ee80
0x7022601870[libsecsdk.so@0x24870]		str	x6, [sp, #144]	X6=0x38 SP=0x708b79ee80
0x7022601874[libsecsdk.so@0x24874]		bl	#-9560	SP=0x708b79ee80
0x70225ff31c[libsecsdk.so@0x2231c]		sub	sp, sp, #96	SP=0x708b79ee80
0x70225ff320[libsecsdk.so@0x22320]		mov	w1, w1	W1=0x23
0x70225ff324[libsecsdk.so@0x22324]		add	x1, x1, x1, lsl #1	X1=0x23 X1=0x23
0x70225ff328[libsecsdk.so@0x22328]		stp	x21, x22, [sp, #16]	X21=0x708a819500 X22=0x708a81f3e8 SP=0x708b79ee20
0x70225ff32c[libsecsdk.so@0x2232c]		stp	x19, x20, [sp]	X19=0x702489e628 X20=0x702489f990 SP=0x708b79ee20
0x70225ff330[libsecsdk.so@0x22330]		stp	x23, x24, [sp, #32]	X23=0x708b79f068 X24=0x0 SP=0x708b79ee20
0x70225ff334[libsecsdk.so@0x22334]		stp	x25, x26, [sp, #48]	X25=0x708a8893c0 X26=0x1 SP=0x708b79ee20
0x70225ff338[libsecsdk.so@0x22338]		stp	x27, x28, [sp, #64]	X27=0x708b79f040 X28=0x708a81f938 SP=0x708b79ee20
0x70225ff33c[libsecsdk.so@0x2233c]		str	x30, [sp, #80]	LR=0x7022601878 SP=0x708b79ee20
0x70225ff340[libsecsdk.so@0x22340]		mov	x22, x0	X0=0x708a81f3e8
0x70225ff344[libsecsdk.so@0x22344]		ldr	x0, [x0]	X0=0x708a81f3e8
0x70225ff348[libsecsdk.so@0x22348]		ldr	x23, [x0, #48]	X0=0x7022a969c0
0x70225ff34c[libsecsdk.so@0x2234c]		add	x23, x23, x1, lsl #2	X23=0x702489e3e4 X1=0x69
0x70225ff350[libsecsdk.so@0x22350]		ldr	w1, [x23, #8]	X23=0x702489e588
0x70225ff354[libsecsdk.so@0x22354]		cbnz	w1, #272	W1=0x1384
0x70225ff464[libsecsdk.so@0x22464]		ldr	x21, [x0, #88]	X0=0x7022a969c0
0x70225ff468[libsecsdk.so@0x22468]		mov	w1, w1	W1=0x1384
0x70225ff46c[libsecsdk.so@0x2246c]		adds	x26, x21, x1	X21=0x702489e000 X1=0x1384
0x70225ff470[libsecsdk.so@0x22470]		b.eq	#88	
0x70225ff474[libsecsdk.so@0x22474]		ldr	w25, [x21, x1]	X21=0x702489e000 X1=0x1384
0x70225ff478[libsecsdk.so@0x22478]		cbz	w25, #100	W25=0x2
0x70225ff47c[libsecsdk.so@0x2247c]		sub	w24, w25, #1	W25=0x2
0x70225ff480[libsecsdk.so@0x22480]		ldr	x27, [x0, #24]	X0=0x7022a969c0
0x70225ff484[libsecsdk.so@0x22484]		add	x24, x24, #3	X24=0x1
0x70225ff488[libsecsdk.so@0x22488]		ldr	x28, [x0, #16]	X0=0x7022a969c0
0x70225ff48c[libsecsdk.so@0x2248c]		add	x19, x26, #4	X26=0x702489f384
0x70225ff490[libsecsdk.so@0x22490]		mov	x20, #3	
0x70225ff494[libsecsdk.so@0x22494]		add	x24, x26, x24, lsl #1	X26=0x702489f384 X24=0x4
0x70225ff498[libsecsdk.so@0x22498]		ldrh	w2, [x19]	X19=0x702489f388
0x70225ff49c[libsecsdk.so@0x2249c]		ldr	w2, [x27, x2, lsl #2]	X27=0x702489e35c X2=0x1f
0x70225ff4a0[libsecsdk.so@0x224a0]		ldr	w1, [x28, x2, lsl #2]	X28=0x702489e070 X2=0x49
0x70225ff4a4[libsecsdk.so@0x224a4]		add	x0, x21, x1	X21=0x702489e000 X1=0x1861
0x70225ff4a8[libsecsdk.so@0x224a8]		ldrsb	w1, [x0], #1	X0=0x702489f861
0x70225ff4ac[libsecsdk.so@0x224ac]		tbnz	w1, #31, #-4	W1=0x2
0x70225ff4b0[libsecsdk.so@0x224b0]		bl	#-105008	SP=0x708b79ee20
0x70225e5a80[libsecsdk.so@0x8a80]		adrp	x16, #266240	
0x70225e5a84[libsecsdk.so@0x8a84]		ldr	x17, [x16, #3728]	X16=0x7022626000
0x70225e5a88[libsecsdk.so@0x8a88]		add	x16, x16, #3728	X16=0x7022626000
0x70225e5a8c[libsecsdk.so@0x8a8c]		br	x17	X17=0x711ac12960
0x70225ff4b4[libsecsdk.so@0x224b4]		add	x19, x19, #2	X19=0x702489f388
0x70225ff4b8[libsecsdk.so@0x224b8]		cmp	x19, x24	X19=0x702489f38a X24=0x702489f38c
0x70225ff4bc[libsecsdk.so@0x224bc]		add	x20, x20, x0	X20=0x3 X0=0x2
0x70225ff4c0[libsecsdk.so@0x224c0]		b.ne	#-40	
0x70225ff498[libsecsdk.so@0x22498]		ldrh	w2, [x19]	X19=0x702489f38a
0x70225ff49c[libsecsdk.so@0x2249c]		ldr	w2, [x27, x2, lsl #2]	X27=0x702489e35c X2=0x1
0x70225ff4a0[libsecsdk.so@0x224a0]		ldr	w1, [x28, x2, lsl #2]	X28=0x702489e070 X2=0x12
0x70225ff4a4[libsecsdk.so@0x224a4]		add	x0, x21, x1	X21=0x702489e000 X1=0x1494
0x70225ff4a8[libsecsdk.so@0x224a8]		ldrsb	w1, [x0], #1	X0=0x702489f494
0x70225ff4ac[libsecsdk.so@0x224ac]		tbnz	w1, #31, #-4	W1=0x1
0x70225ff4b0[libsecsdk.so@0x224b0]		bl	#-105008	SP=0x708b79ee20
0x70225e5a80[libsecsdk.so@0x8a80]		adrp	x16, #266240	
0x70225e5a84[libsecsdk.so@0x8a84]		ldr	x17, [x16, #3728]	X16=0x7022626000
0x70225e5a88[libsecsdk.so@0x8a88]		add	x16, x16, #3728	X16=0x7022626000
0x70225e5a8c[libsecsdk.so@0x8a8c]		br	x17	X17=0x711ac12960
0x70225ff4b4[libsecsdk.so@0x224b4]		add	x19, x19, #2	X19=0x702489f38a
0x70225ff4b8[libsecsdk.so@0x224b8]		cmp	x19, x24	X19=0x702489f38c X24=0x702489f38c
0x70225ff4bc[libsecsdk.so@0x224bc]		add	x20, x20, x0	X20=0x5 X0=0x1
0x70225ff4c0[libsecsdk.so@0x224c0]		b.ne	#-40	
0x70225ff4c4[libsecsdk.so@0x224c4]		b	#-340	
0x70225ff370[libsecsdk.so@0x22370]		ldr	w0, [x23, #4]	X23=0x702489e588
0x70225ff374[libsecsdk.so@0x22374]		ldr	w0, [x27, x0, lsl #2]	X27=0x702489e35c X0=0x1f
0x70225ff378[libsecsdk.so@0x22378]		ldr	w1, [x28, x0, lsl #2]	X28=0x702489e070 X0=0x49
0x70225ff37c[libsecsdk.so@0x2237c]		add	x0, x21, x1	X21=0x702489e000 X1=0x1861
0x70225ff380[libsecsdk.so@0x22380]		ldrsb	w2, [x0], #1	X0=0x702489f861
0x70225ff384[libsecsdk.so@0x22384]		tbnz	w2, #31, #-4	W2=0x2
0x70225ff388[libsecsdk.so@0x22388]		bl	#-104712	SP=0x708b79ee20
0x70225e5a80[libsecsdk.so@0x8a80]		adrp	x16, #266240	
0x70225e5a84[libsecsdk.so@0x8a84]		ldr	x17, [x16, #3728]	X16=0x7022626000
0x70225e5a88[libsecsdk.so@0x8a88]		add	x16, x16, #3728	X16=0x7022626000
0x70225e5a8c[libsecsdk.so@0x8a8c]		br	x17	X17=0x711ac12960
0x70225ff38c[libsecsdk.so@0x2238c]		add	x0, x0, x20	X0=0x2 X20=0x6
0x70225ff390[libsecsdk.so@0x22390]		bl	#27228	SP=0x708b79ee20
0x7022605dec[libsecsdk.so@0x28dec]		stp	x29, x30, [sp, #-16]!	FP=0x708b79f600 LR=0x70225ff394 SP=0x708b79ee20
0x7022605df0[libsecsdk.so@0x28df0]		mov	x29, sp	SP=0x708b79ee10
0x7022605df4[libsecsdk.so@0x28df4]		bl	#-212	SP=0x708b79ee10
0x7022605d20[libsecsdk.so@0x28d20]		stp	x29, x30, [sp, #-32]!	FP=0x708b79ee10 LR=0x7022605df8 SP=0x708b79ee10
0x7022605d24[libsecsdk.so@0x28d24]		mov	x29, sp	SP=0x708b79edf0
0x7022605d28[libsecsdk.so@0x28d28]		stp	x19, x20, [sp, #16]	X19=0x702489f38c X20=0x6 SP=0x708b79edf0
0x7022605d2c[libsecsdk.so@0x28d2c]		mov	x19, x0	X0=0x8
0x7022605d30[libsecsdk.so@0x28d30]		adrp	x20, #139264	
0x7022605d34[libsecsdk.so@0x28d34]		b	#32	
0x7022605d54[libsecsdk.so@0x28d54]		mov	x0, x19	X19=0x8
0x7022605d58[libsecsdk.so@0x28d58]		bl	#-132552	SP=0x708b79edf0
0x70225e5790[libsecsdk.so@0x8790]		adrp	x16, #266240	
0x70225e5794[libsecsdk.so@0x8794]		ldr	x17, [x16, #3352]	X16=0x7022626000
0x70225e5798[libsecsdk.so@0x8798]		add	x16, x16, #3352	X16=0x7022626000
0x70225e579c[libsecsdk.so@0x879c]		br	x17	X17=0x711abd432c
0x7022605d5c[libsecsdk.so@0x28d5c]		cbz	x0, #-36	X0=0x708a81f950
0x7022605d60[libsecsdk.so@0x28d60]		ldp	x19, x20, [sp, #16]	SP=0x708b79edf0
0x7022605d64[libsecsdk.so@0x28d64]		ldp	x29, x30, [sp], #32	SP=0x708b79edf0
0x7022605d68[libsecsdk.so@0x28d68]		ret	LR=0x7022605df8
0x7022605df8[libsecsdk.so@0x28df8]		ldp	x29, x30, [sp], #16	SP=0x708b79ee10
0x7022605dfc[libsecsdk.so@0x28dfc]		ret	LR=0x70225ff394
0x70225ff394[libsecsdk.so@0x22394]		mov	x24, x0	X0=0x708a81f950
0x70225ff398[libsecsdk.so@0x22398]		add	x21, x0, #1	X0=0x708a81f950
0x70225ff39c[libsecsdk.so@0x2239c]		mov	w0, #40	
0x70225ff3a0[libsecsdk.so@0x223a0]		strb	w0, [x24]	W0=0x28 X24=0x708a81f950
0x70225ff3a4[libsecsdk.so@0x223a4]		cbz	w25, #96	W25=0x2
0x70225ff3a8[libsecsdk.so@0x223a8]		sub	w25, w25, #1	W25=0x2
0x70225ff3ac[libsecsdk.so@0x223ac]		add	x20, x26, #4	X26=0x702489f384
0x70225ff3b0[libsecsdk.so@0x223b0]		add	x25, x25, #3	X25=0x1
0x70225ff3b4[libsecsdk.so@0x223b4]		add	x25, x26, x25, lsl #1	X26=0x702489f384 X25=0x4
0x70225ff3b8[libsecsdk.so@0x223b8]		ldr	x1, [x22]	X22=0x708a81f3e8
0x70225ff3bc[libsecsdk.so@0x223bc]		ldrh	w4, [x20]	X20=0x702489f388
0x70225ff3c0[libsecsdk.so@0x223c0]		ldr	x3, [x1, #24]	X1=0x7022a969c0
0x70225ff3c4[libsecsdk.so@0x223c4]		ldr	x2, [x1, #16]	X1=0x7022a969c0
0x70225ff3c8[libsecsdk.so@0x223c8]		ldr	x19, [x1, #88]	X1=0x7022a969c0
0x70225ff3cc[libsecsdk.so@0x223cc]		ldr	w1, [x3, x4, lsl #2]	X3=0x702489e35c X4=0x1f
0x70225ff3d0[libsecsdk.so@0x223d0]		ldr	w1, [x2, x1, lsl #2]	X2=0x702489e070 X1=0x49
0x70225ff3d4[libsecsdk.so@0x223d4]		add	x19, x19, x1	X19=0x702489e000 X1=0x1861
0x70225ff3d8[libsecsdk.so@0x223d8]		ldrsb	w1, [x19], #1	X19=0x702489f861
0x70225ff3dc[libsecsdk.so@0x223dc]		tbnz	w1, #31, #-4	W1=0x2
0x70225ff3e0[libsecsdk.so@0x223e0]		mov	x0, x21	X21=0x708a81f951
0x70225ff3e4[libsecsdk.so@0x223e4]		mov	x1, x19	X19=0x702489f862
0x70225ff3e8[libsecsdk.so@0x223e8]		add	x20, x20, #2	X20=0x702489f388
0x70225ff3ec[libsecsdk.so@0x223ec]		bl	#-105788	SP=0x708b79ee20
0x70225e56b0[libsecsdk.so@0x86b0]		adrp	x16, #266240	
0x70225e56b4[libsecsdk.so@0x86b4]		ldr	x17, [x16, #3240]	X16=0x7022626000
0x70225e56b8[libsecsdk.so@0x86b8]		add	x16, x16, #3240	X16=0x7022626000
0x70225e56bc[libsecsdk.so@0x86bc]		br	x17	X17=0x711ac12830
0x70225ff3f0[libsecsdk.so@0x223f0]		mov	x0, x19	X19=0x702489f862
0x70225ff3f4[libsecsdk.so@0x223f4]		bl	#-104820	SP=0x708b79ee20
0x70225e5a80[libsecsdk.so@0x8a80]		adrp	x16, #266240	
0x70225e5a84[libsecsdk.so@0x8a84]		ldr	x17, [x16, #3728]	X16=0x7022626000
0x70225e5a88[libsecsdk.so@0x8a88]		add	x16, x16, #3728	X16=0x7022626000
0x70225e5a8c[libsecsdk.so@0x8a8c]		br	x17	X17=0x711ac12960
0x70225ff3f8[libsecsdk.so@0x223f8]		add	x21, x21, x0	X21=0x708a81f951 X0=0x2
0x70225ff3fc[libsecsdk.so@0x223fc]		cmp	x20, x25	X20=0x702489f38a X25=0x702489f38c
0x70225ff400[libsecsdk.so@0x22400]		b.ne	#-72	
0x70225ff3b8[libsecsdk.so@0x223b8]		ldr	x1, [x22]	X22=0x708a81f3e8
0x70225ff3bc[libsecsdk.so@0x223bc]		ldrh	w4, [x20]	X20=0x702489f38a
0x70225ff3c0[libsecsdk.so@0x223c0]		ldr	x3, [x1, #24]	X1=0x7022a969c0
0x70225ff3c4[libsecsdk.so@0x223c4]		ldr	x2, [x1, #16]	X1=0x7022a969c0
0x70225ff3c8[libsecsdk.so@0x223c8]		ldr	x19, [x1, #88]	X1=0x7022a969c0
0x70225ff3cc[libsecsdk.so@0x223cc]		ldr	w1, [x3, x4, lsl #2]	X3=0x702489e35c X4=0x1
0x70225ff3d0[libsecsdk.so@0x223d0]		ldr	w1, [x2, x1, lsl #2]	X2=0x702489e070 X1=0x12
0x70225ff3d4[libsecsdk.so@0x223d4]		add	x19, x19, x1	X19=0x702489e000 X1=0x1494
0x70225ff3d8[libsecsdk.so@0x223d8]		ldrsb	w1, [x19], #1	X19=0x702489f494
0x70225ff3dc[libsecsdk.so@0x223dc]		tbnz	w1, #31, #-4	W1=0x1
0x70225ff3e0[libsecsdk.so@0x223e0]		mov	x0, x21	X21=0x708a81f953
0x70225ff3e4[libsecsdk.so@0x223e4]		mov	x1, x19	X19=0x702489f495
0x70225ff3e8[libsecsdk.so@0x223e8]		add	x20, x20, #2	X20=0x702489f38a
0x70225ff3ec[libsecsdk.so@0x223ec]		bl	#-105788	SP=0x708b79ee20
0x70225e56b0[libsecsdk.so@0x86b0]		adrp	x16, #266240	
0x70225e56b4[libsecsdk.so@0x86b4]		ldr	x17, [x16, #3240]	X16=0x7022626000
0x70225e56b8[libsecsdk.so@0x86b8]		add	x16, x16, #3240	X16=0x7022626000
0x70225e56bc[libsecsdk.so@0x86bc]		br	x17	X17=0x711ac12830
0x70225ff3f0[libsecsdk.so@0x223f0]		mov	x0, x19	X19=0x702489f495
0x70225ff3f4[libsecsdk.so@0x223f4]		bl	#-104820	SP=0x708b79ee20
0x70225e5a80[libsecsdk.so@0x8a80]		adrp	x16, #266240	
0x70225e5a84[libsecsdk.so@0x8a84]		ldr	x17, [x16, #3728]	X16=0x7022626000
0x70225e5a88[libsecsdk.so@0x8a88]		add	x16, x16, #3728	X16=0x7022626000
0x70225e5a8c[libsecsdk.so@0x8a8c]		br	x17	X17=0x711ac12960
0x70225ff3f8[libsecsdk.so@0x223f8]		add	x21, x21, x0	X21=0x708a81f953 X0=0x1
0x70225ff3fc[libsecsdk.so@0x223fc]		cmp	x20, x25	X20=0x702489f38c X25=0x702489f38c
0x70225ff400[libsecsdk.so@0x22400]		b.ne	#-72	
0x70225ff404[libsecsdk.so@0x22404]		mov	w0, #41	
0x70225ff408[libsecsdk.so@0x22408]		strb	w0, [x21]	W0=0x29 X21=0x708a81f954
0x70225ff40c[libsecsdk.so@0x2240c]		add	x21, x21, #1	X21=0x708a81f954
0x70225ff410[libsecsdk.so@0x22410]		ldr	x0, [x22]	X22=0x708a81f3e8
0x70225ff414[libsecsdk.so@0x22414]		ldr	w3, [x23, #4]	X23=0x702489e588
0x70225ff418[libsecsdk.so@0x22418]		ldr	x2, [x0, #24]	X0=0x7022a969c0
0x70225ff41c[libsecsdk.so@0x2241c]		ldr	x1, [x0, #16]	X0=0x7022a969c0
0x70225ff420[libsecsdk.so@0x22420]		ldr	x0, [x0, #88]	X0=0x7022a969c0
0x70225ff424[libsecsdk.so@0x22424]		ldr	w2, [x2, x3, lsl #2]	X2=0x702489e35c X3=0x1f
0x70225ff428[libsecsdk.so@0x22428]		ldr	w1, [x1, x2, lsl #2]	X1=0x702489e070 X2=0x49
0x70225ff42c[libsecsdk.so@0x2242c]		add	x1, x0, x1	X0=0x702489e000 X1=0x1861
0x70225ff430[libsecsdk.so@0x22430]		ldrsb	w2, [x1], #1	X1=0x702489f861
0x70225ff434[libsecsdk.so@0x22434]		tbnz	w2, #31, #-4	W2=0x2
0x70225ff438[libsecsdk.so@0x22438]		mov	x0, x21	X21=0x708a81f955
0x70225ff43c[libsecsdk.so@0x2243c]		bl	#-105868	SP=0x708b79ee20
0x70225e56b0[libsecsdk.so@0x86b0]		adrp	x16, #266240	
0x70225e56b4[libsecsdk.so@0x86b4]		ldr	x17, [x16, #3240]	X16=0x7022626000
0x70225e56b8[libsecsdk.so@0x86b8]		add	x16, x16, #3240	X16=0x7022626000
0x70225e56bc[libsecsdk.so@0x86bc]		br	x17	X17=0x711ac12830
0x70225ff440[libsecsdk.so@0x22440]		mov	x0, x24	X24=0x708a81f950
0x70225ff444[libsecsdk.so@0x22444]		ldr	x30, [sp, #80]	SP=0x708b79ee20
0x70225ff448[libsecsdk.so@0x22448]		ldp	x19, x20, [sp]	SP=0x708b79ee20
0x70225ff44c[libsecsdk.so@0x2244c]		ldp	x21, x22, [sp, #16]	SP=0x708b79ee20
0x70225ff450[libsecsdk.so@0x22450]		ldp	x23, x24, [sp, #32]	SP=0x708b79ee20
0x70225ff454[libsecsdk.so@0x22454]		ldp	x25, x26, [sp, #48]	SP=0x708b79ee20
0x70225ff458[libsecsdk.so@0x22458]		ldp	x27, x28, [sp, #64]	SP=0x708b79ee20
0x70225ff45c[libsecsdk.so@0x2245c]		add	sp, sp, #96	SP=0x708b79ee20
0x70225ff460[libsecsdk.so@0x22460]		ret	LR=0x7022601878
0x7022601878[libsecsdk.so@0x24878]		ldrh	w23, [x19, #2]	X19=0x702489e628
0x702260187c[libsecsdk.so@0x2487c]		mov	x27, x0	X0=0x708a81f950
0x7022601880[libsecsdk.so@0x24880]		ldr	x0, [x22]	X22=0x708a81f3e8
0x7022601884[libsecsdk.so@0x24884]		ldr	x7, [sp, #152]	SP=0x708b79ee80
0x7022601888[libsecsdk.so@0x24888]		add	x23, x23, x23, lsl #1	X23=0x23 X23=0x23
0x702260188c[libsecsdk.so@0x2488c]		ldr	x6, [sp, #144]	SP=0x708b79ee80
0x7022601890[libsecsdk.so@0x24890]		ldr	x25, [x0, #48]	X0=0x7022a969c0
0x7022601894[libsecsdk.so@0x24894]		lsl	x23, x23, #2	X23=0x69
0x7022601898[libsecsdk.so@0x24898]		ldr	x2, [x0, #24]	X0=0x7022a969c0
0x702260189c[libsecsdk.so@0x2489c]		ldr	x1, [x0, #16]	X0=0x7022a969c0
0x70226018a0[libsecsdk.so@0x248a0]		ldr	x19, [x0, #88]	X0=0x7022a969c0
0x70226018a4[libsecsdk.so@0x248a4]		add	x0, x25, x23	X25=0x702489e3e4 X23=0x1a4
0x70226018a8[libsecsdk.so@0x248a8]		ldr	w0, [x0, #4]	X0=0x702489e588
0x70226018ac[libsecsdk.so@0x248ac]		ldr	w0, [x2, x0, lsl #2]	X2=0x702489e35c X0=0x1f
0x70226018b0[libsecsdk.so@0x248b0]		ldr	w0, [x1, x0, lsl #2]	X1=0x702489e070 X0=0x49
0x70226018b4[libsecsdk.so@0x248b4]		add	x19, x19, x0	X19=0x702489e000 X0=0x1861
0x70226018b8[libsecsdk.so@0x248b8]		ldrsb	w8, [x19], #1	X19=0x702489f861
0x70226018bc[libsecsdk.so@0x248bc]		tbnz	w8, #31, #-4	W8=0x2
0x70226018c0[libsecsdk.so@0x248c0]		ldrb	w1, [x19]	X19=0x702489f862
0x70226018c4[libsecsdk.so@0x248c4]		cmp	w1, #91	W1=0x5b
0x70226018c8[libsecsdk.so@0x248c8]		cset	w2, eq	
0x70226018cc[libsecsdk.so@0x248cc]		cmp	w1, #76	W1=0x5b
0x70226018d0[libsecsdk.so@0x248d0]		ldr	x1, [sp, #176]	SP=0x708b79ee80
0x70226018d4[libsecsdk.so@0x248d4]		cset	w0, eq	
0x70226018d8[libsecsdk.so@0x248d8]		orr	w0, w2, w0	W2=0x1 W0=0x0
0x70226018dc[libsecsdk.so@0x248dc]		strb	w0, [x1]	W0=0x1 X1=0x708b79f03f
0x70226018e0[libsecsdk.so@0x248e0]		fmov	w0, s8	
0x70226018e4[libsecsdk.so@0x248e4]		cbnz	w0, #424	W0=0x0
0x70226018e8[libsecsdk.so@0x248e8]		ldrh	w2, [x7, x6]	X7=0x702489e5f0 X6=0x38
0x70226018ec[libsecsdk.so@0x248ec]		mov	x0, x22	X22=0x708a81f3e8
0x70226018f0[libsecsdk.so@0x248f0]		mov	x1, x21	X21=0x708a819500
0x70226018f4[libsecsdk.so@0x248f4]		bl	#-11480	SP=0x708b79ee80
0x70225fec1c[libsecsdk.so@0x21c1c]		sub	sp, sp, #48	SP=0x708b79ee80
0x70225fec20[libsecsdk.so@0x21c20]		stp	x19, x20, [sp]	X19=0x702489f862 X20=0x702489f990 SP=0x708b79ee50
0x70225fec24[libsecsdk.so@0x21c24]		str	x30, [sp, #16]	LR=0x70226018f8 SP=0x708b79ee50
0x70225fec28[libsecsdk.so@0x21c28]		ldr	x3, [x0]	X0=0x708a81f3e8
0x70225fec2c[libsecsdk.so@0x21c2c]		ldr	x5, [x3, #24]	X3=0x7022a969c0
0x70225fec30[libsecsdk.so@0x21c30]		ldr	x4, [x3, #16]	X3=0x7022a969c0
0x70225fec34[libsecsdk.so@0x21c34]		ldr	x0, [x3, #88]	X3=0x7022a969c0
0x70225fec38[libsecsdk.so@0x21c38]		ldr	w2, [x5, w2, uxtw #2]	X5=0x702489e35c W2=0x9
0x70225fec3c[libsecsdk.so@0x21c3c]		ldr	w2, [x4, x2, lsl #2]	X4=0x702489e070 X2=0x24
0x70225fec40[libsecsdk.so@0x21c40]		add	x0, x0, x2	X0=0x702489e000 X2=0x159d
0x70225fec44[libsecsdk.so@0x21c44]		ldrsb	w2, [x0], #1	X0=0x702489f59d
0x70225fec48[libsecsdk.so@0x21c48]		tbnz	w2, #31, #-4	W2=0x15
0x70225fec4c[libsecsdk.so@0x21c4c]		str	x1, [sp, #40]	X1=0x708a819500 SP=0x708b79ee50
0x70225fec50[libsecsdk.so@0x21c50]		bl	#-2872	SP=0x708b79ee50
0x70225fe118[libsecsdk.so@0x21118]		sub	sp, sp, #64	SP=0x708b79ee50
0x70225fe11c[libsecsdk.so@0x2111c]		stp	x19, x20, [sp]	X19=0x702489f862 X20=0x702489f990 SP=0x708b79ee10
0x70225fe120[libsecsdk.so@0x21120]		stp	x21, x22, [sp, #16]	X21=0x708a819500 X22=0x708a81f3e8 SP=0x708b79ee10
0x70225fe124[libsecsdk.so@0x21124]		str	x30, [sp, #32]	LR=0x70225fec54 SP=0x708b79ee10
0x70225fe128[libsecsdk.so@0x21128]		mov	x19, x0	X0=0x702489f59e
0x70225fe12c[libsecsdk.so@0x2112c]		bl	#-100012	SP=0x708b79ee10
0x70225e5a80[libsecsdk.so@0x8a80]		adrp	x16, #266240	
0x70225e5a84[libsecsdk.so@0x8a84]		ldr	x17, [x16, #3728]	X16=0x7022626000
0x70225e5a88[libsecsdk.so@0x8a88]		add	x16, x16, #3728	X16=0x7022626000
0x70225e5a8c[libsecsdk.so@0x8a8c]		br	x17	X17=0x711ac12960
0x70225fe130[libsecsdk.so@0x21130]		add	w2, w0, #1	W0=0x15
0x70225fe134[libsecsdk.so@0x21134]		mov	x22, x0	X0=0x15
0x70225fe138[libsecsdk.so@0x21138]		mov	w21, w0	W0=0x15
0x70225fe13c[libsecsdk.so@0x2113c]		mov	x0, x2	X2=0x16
0x70225fe140[libsecsdk.so@0x21140]		str	x2, [sp, #56]	X2=0x16 SP=0x708b79ee10
0x70225fe144[libsecsdk.so@0x21144]		bl	#31912	SP=0x708b79ee10
0x7022605dec[libsecsdk.so@0x28dec]		stp	x29, x30, [sp, #-16]!	FP=0x708b79f600 LR=0x70225fe148 SP=0x708b79ee10
0x7022605df0[libsecsdk.so@0x28df0]		mov	x29, sp	SP=0x708b79ee00
0x7022605df4[libsecsdk.so@0x28df4]		bl	#-212	SP=0x708b79ee00
0x7022605d20[libsecsdk.so@0x28d20]		stp	x29, x30, [sp, #-32]!	FP=0x708b79ee00 LR=0x7022605df8 SP=0x708b79ee00
0x7022605d24[libsecsdk.so@0x28d24]		mov	x29, sp	SP=0x708b79ede0
0x7022605d28[libsecsdk.so@0x28d28]		stp	x19, x20, [sp, #16]	X19=0x702489f59e X20=0x702489f990 SP=0x708b79ede0
0x7022605d2c[libsecsdk.so@0x28d2c]		mov	x19, x0	X0=0x16
0x7022605d30[libsecsdk.so@0x28d30]		adrp	x20, #139264	
0x7022605d34[libsecsdk.so@0x28d34]		b	#32	
0x7022605d54[libsecsdk.so@0x28d54]		mov	x0, x19	X19=0x16
0x7022605d58[libsecsdk.so@0x28d58]		bl	#-132552	SP=0x708b79ede0
0x70225e5790[libsecsdk.so@0x8790]		adrp	x16, #266240	
0x70225e5794[libsecsdk.so@0x8794]		ldr	x17, [x16, #3352]	X16=0x7022626000
0x70225e5798[libsecsdk.so@0x8798]		add	x16, x16, #3352	X16=0x7022626000
0x70225e579c[libsecsdk.so@0x879c]		br	x17	X17=0x711abd432c
0x7022605d5c[libsecsdk.so@0x28d5c]		cbz	x0, #-36	X0=0x7022a57e40
0x7022605d60[libsecsdk.so@0x28d60]		ldp	x19, x20, [sp, #16]	SP=0x708b79ede0
0x7022605d64[libsecsdk.so@0x28d64]		ldp	x29, x30, [sp], #32	SP=0x708b79ede0
0x7022605d68[libsecsdk.so@0x28d68]		ret	LR=0x7022605df8
0x7022605df8[libsecsdk.so@0x28df8]		ldp	x29, x30, [sp], #16	SP=0x708b79ee00
0x7022605dfc[libsecsdk.so@0x28dfc]		ret	LR=0x70225fe148
0x70225fe148[libsecsdk.so@0x21148]		mov	x20, x0	X0=0x7022a57e40
0x70225fe14c[libsecsdk.so@0x2114c]		ldr	x2, [sp, #56]	SP=0x708b79ee10
0x70225fe150[libsecsdk.so@0x21150]		mov	w1, #0	
0x70225fe154[libsecsdk.so@0x21154]		bl	#-100356	SP=0x708b79ee10
0x70225e5950[libsecsdk.so@0x8950]		adrp	x16, #266240	
0x70225e5954[libsecsdk.so@0x8954]		ldr	x17, [x16, #3576]	X16=0x7022626000
0x70225e5958[libsecsdk.so@0x8958]		add	x16, x16, #3576	X16=0x7022626000
0x70225e595c[libsecsdk.so@0x895c]		br	x17	X17=0x711ac12340
0x70225fe158[libsecsdk.so@0x21158]		ldrb	w0, [x19]	X19=0x702489f59e
0x70225fe15c[libsecsdk.so@0x2115c]		cmp	w0, #76	W0=0x4c
0x70225fe160[libsecsdk.so@0x21160]		b.eq	#44	
0x70225fe18c[libsecsdk.so@0x2118c]		cmp	w22, #1	W22=0x15
0x70225fe190[libsecsdk.so@0x21190]		b.ls	#-28	
0x70225fe194[libsecsdk.so@0x21194]		ldrb	w3, [x19, #1]	X19=0x702489f59e
0x70225fe198[libsecsdk.so@0x21198]		mov	x2, #2	
0x70225fe19c[libsecsdk.so@0x2119c]		cmp	w3, #59	W3=0x61
0x70225fe1a0[libsecsdk.so@0x211a0]		b.ne	#20	
0x70225fe1b4[libsecsdk.so@0x211b4]		add	x4, x20, x2	X20=0x7022a57e40 X2=0x2
0x70225fe1b8[libsecsdk.so@0x211b8]		cmp	w21, w2	W21=0x15 W2=0x2
0x70225fe1bc[libsecsdk.so@0x211bc]		add	x2, x2, #1	X2=0x2
0x70225fe1c0[libsecsdk.so@0x211c0]		add	x5, x19, x2	X19=0x702489f59e X2=0x3
0x70225fe1c4[libsecsdk.so@0x211c4]		sturb	w3, [x4, #-2]	W3=0x61 X4=0x7022a57e42
0x70225fe1c8[libsecsdk.so@0x211c8]		b.hi	#-32	
0x70225fe1a8[libsecsdk.so@0x211a8]		ldurb	w3, [x5, #-1]	X5=0x702489f5a1
0x70225fe1ac[libsecsdk.so@0x211ac]		cmp	w3, #59	W3=0x6e
0x70225fe1b0[libsecsdk.so@0x211b0]		b.eq	#-60	
0x70225fe1b4[libsecsdk.so@0x211b4]		add	x4, x20, x2	X20=0x7022a57e40 X2=0x3
0x70225fe1b8[libsecsdk.so@0x211b8]		cmp	w21, w2	W21=0x15 W2=0x3
0x70225fe1bc[libsecsdk.so@0x211bc]		add	x2, x2, #1	X2=0x3
0x70225fe1c0[libsecsdk.so@0x211c0]		add	x5, x19, x2	X19=0x702489f59e X2=0x4
0x70225fe1c4[libsecsdk.so@0x211c4]		sturb	w3, [x4, #-2]	W3=0x6e X4=0x7022a57e43
0x70225fe1c8[libsecsdk.so@0x211c8]		b.hi	#-32	
0x70225fe1a8[libsecsdk.so@0x211a8]		ldurb	w3, [x5, #-1]	X5=0x702489f5a2
0x70225fe1ac[libsecsdk.so@0x211ac]		cmp	w3, #59	W3=0x64
0x70225fe1b0[libsecsdk.so@0x211b0]		b.eq	#-60	
0x70225fe1b4[libsecsdk.so@0x211b4]		add	x4, x20, x2	X20=0x7022a57e40 X2=0x4
0x70225fe1b8[libsecsdk.so@0x211b8]		cmp	w21, w2	W21=0x15 W2=0x4
0x70225fe1bc[libsecsdk.so@0x211bc]		add	x2, x2, #1	X2=0x4
0x70225fe1c0[libsecsdk.so@0x211c0]		add	x5, x19, x2	X19=0x702489f59e X2=0x5
0x70225fe1c4[libsecsdk.so@0x211c4]		sturb	w3, [x4, #-2]	W3=0x64 X4=0x7022a57e44
0x70225fe1c8[libsecsdk.so@0x211c8]		b.hi	#-32	
0x70225fe1a8[libsecsdk.so@0x211a8]		ldurb	w3, [x5, #-1]	X5=0x702489f5a3
0x70225fe1ac[libsecsdk.so@0x211ac]		cmp	w3, #59	W3=0x72
0x70225fe1b0[libsecsdk.so@0x211b0]		b.eq	#-60	
0x70225fe1b4[libsecsdk.so@0x211b4]		add	x4, x20, x2	X20=0x7022a57e40 X2=0x5
0x70225fe1b8[libsecsdk.so@0x211b8]		cmp	w21, w2	W21=0x15 W2=0x5
0x70225fe1bc[libsecsdk.so@0x211bc]		add	x2, x2, #1	X2=0x5
0x70225fe1c0[libsecsdk.so@0x211c0]		add	x5, x19, x2	X19=0x702489f59e X2=0x6
0x70225fe1c4[libsecsdk.so@0x211c4]		sturb	w3, [x4, #-2]	W3=0x72 X4=0x7022a57e45
0x70225fe1c8[libsecsdk.so@0x211c8]		b.hi	#-32	
0x70225fe1a8[libsecsdk.so@0x211a8]		ldurb	w3, [x5, #-1]	X5=0x702489f5a4
0x70225fe1ac[libsecsdk.so@0x211ac]		cmp	w3, #59	W3=0x6f
0x70225fe1b0[libsecsdk.so@0x211b0]		b.eq	#-60	
0x70225fe1b4[libsecsdk.so@0x211b4]		add	x4, x20, x2	X20=0x7022a57e40 X2=0x6
0x70225fe1b8[libsecsdk.so@0x211b8]		cmp	w21, w2	W21=0x15 W2=0x6
0x70225fe1bc[libsecsdk.so@0x211bc]		add	x2, x2, #1	X2=0x6
0x70225fe1c0[libsecsdk.so@0x211c0]		add	x5, x19, x2	X19=0x702489f59e X2=0x7
0x70225fe1c4[libsecsdk.so@0x211c4]		sturb	w3, [x4, #-2]	W3=0x6f X4=0x7022a57e46
0x70225fe1c8[libsecsdk.so@0x211c8]		b.hi	#-32	
0x70225fe1a8[libsecsdk.so@0x211a8]		ldurb	w3, [x5, #-1]	X5=0x702489f5a5
0x70225fe1ac[libsecsdk.so@0x211ac]		cmp	w3, #59	W3=0x69
0x70225fe1b0[libsecsdk.so@0x211b0]		b.eq	#-60	
0x70225fe1b4[libsecsdk.so@0x211b4]		add	x4, x20, x2	X20=0x7022a57e40 X2=0x7
0x70225fe1b8[libsecsdk.so@0x211b8]		cmp	w21, w2	W21=0x15 W2=0x7
0x70225fe1bc[libsecsdk.so@0x211bc]		add	x2, x2, #1	X2=0x7
0x70225fe1c0[libsecsdk.so@0x211c0]		add	x5, x19, x2	X19=0x702489f59e X2=0x8
0x70225fe1c4[libsecsdk.so@0x211c4]		sturb	w3, [x4, #-2]	W3=0x69 X4=0x7022a57e47
0x70225fe1c8[libsecsdk.so@0x211c8]		b.hi	#-32	
0x70225fe1a8[libsecsdk.so@0x211a8]		ldurb	w3, [x5, #-1]	X5=0x702489f5a6
0x70225fe1ac[libsecsdk.so@0x211ac]		cmp	w3, #59	W3=0x64
0x70225fe1b0[libsecsdk.so@0x211b0]		b.eq	#-60	
0x70225fe1b4[libsecsdk.so@0x211b4]		add	x4, x20, x2	X20=0x7022a57e40 X2=0x8
0x70225fe1b8[libsecsdk.so@0x211b8]		cmp	w21, w2	W21=0x15 W2=0x8
0x70225fe1bc[libsecsdk.so@0x211bc]		add	x2, x2, #1	X2=0x8
0x70225fe1c0[libsecsdk.so@0x211c0]		add	x5, x19, x2	X19=0x702489f59e X2=0x9
0x70225fe1c4[libsecsdk.so@0x211c4]		sturb	w3, [x4, #-2]	W3=0x64 X4=0x7022a57e48
0x70225fe1c8[libsecsdk.so@0x211c8]		b.hi	#-32	
0x70225fe1a8[libsecsdk.so@0x211a8]		ldurb	w3, [x5, #-1]	X5=0x702489f5a7
0x70225fe1ac[libsecsdk.so@0x211ac]		cmp	w3, #59	W3=0x2f
0x70225fe1b0[libsecsdk.so@0x211b0]		b.eq	#-60	
0x70225fe1b4[libsecsdk.so@0x211b4]		add	x4, x20, x2	X20=0x7022a57e40 X2=0x9
0x70225fe1b8[libsecsdk.so@0x211b8]		cmp	w21, w2	W21=0x15 W2=0x9
0x70225fe1bc[libsecsdk.so@0x211bc]		add	x2, x2, #1	X2=0x9
0x70225fe1c0[libsecsdk.so@0x211c0]		add	x5, x19, x2	X19=0x702489f59e X2=0xa
0x70225fe1c4[libsecsdk.so@0x211c4]		sturb	w3, [x4, #-2]	W3=0x2f X4=0x7022a57e49
0x70225fe1c8[libsecsdk.so@0x211c8]		b.hi	#-32	
0x70225fe1a8[libsecsdk.so@0x211a8]		ldurb	w3, [x5, #-1]	X5=0x702489f5a8
0x70225fe1ac[libsecsdk.so@0x211ac]		cmp	w3, #59	W3=0x75
0x70225fe1b0[libsecsdk.so@0x211b0]		b.eq	#-60	
0x70225fe1b4[libsecsdk.so@0x211b4]		add	x4, x20, x2	X20=0x7022a57e40 X2=0xa
0x70225fe1b8[libsecsdk.so@0x211b8]		cmp	w21, w2	W21=0x15 W2=0xa
0x70225fe1bc[libsecsdk.so@0x211bc]		add	x2, x2, #1	X2=0xa
0x70225fe1c0[libsecsdk.so@0x211c0]		add	x5, x19, x2	X19=0x702489f59e X2=0xb
0x70225fe1c4[libsecsdk.so@0x211c4]		sturb	w3, [x4, #-2]	W3=0x75 X4=0x7022a57e4a
0x70225fe1c8[libsecsdk.so@0x211c8]		b.hi	#-32	
0x70225fe1a8[libsecsdk.so@0x211a8]		ldurb	w3, [x5, #-1]	X5=0x702489f5a9
0x70225fe1ac[libsecsdk.so@0x211ac]		cmp	w3, #59	W3=0x74
0x70225fe1b0[libsecsdk.so@0x211b0]		b.eq	#-60	
0x70225fe1b4[libsecsdk.so@0x211b4]		add	x4, x20, x2	X20=0x7022a57e40 X2=0xb
0x70225fe1b8[libsecsdk.so@0x211b8]		cmp	w21, w2	W21=0x15 W2=0xb
0x70225fe1bc[libsecsdk.so@0x211bc]		add	x2, x2, #1	X2=0xb
0x70225fe1c0[libsecsdk.so@0x211c0]		add	x5, x19, x2	X19=0x702489f59e X2=0xc
0x70225fe1c4[libsecsdk.so@0x211c4]		sturb	w3, [x4, #-2]	W3=0x74 X4=0x7022a57e4b
0x70225fe1c8[libsecsdk.so@0x211c8]		b.hi	#-32	
0x70225fe1a8[libsecsdk.so@0x211a8]		ldurb	w3, [x5, #-1]	X5=0x702489f5aa
0x70225fe1ac[libsecsdk.so@0x211ac]		cmp	w3, #59	W3=0x69
0x70225fe1b0[libsecsdk.so@0x211b0]		b.eq	#-60	
0x70225fe1b4[libsecsdk.so@0x211b4]		add	x4, x20, x2	X20=0x7022a57e40 X2=0xc
0x70225fe1b8[libsecsdk.so@0x211b8]		cmp	w21, w2	W21=0x15 W2=0xc
0x70225fe1bc[libsecsdk.so@0x211bc]		add	x2, x2, #1	X2=0xc
0x70225fe1c0[libsecsdk.so@0x211c0]		add	x5, x19, x2	X19=0x702489f59e X2=0xd
0x70225fe1c4[libsecsdk.so@0x211c4]		sturb	w3, [x4, #-2]	W3=0x69 X4=0x7022a57e4c
0x70225fe1c8[libsecsdk.so@0x211c8]		b.hi	#-32	
0x70225fe1a8[libsecsdk.so@0x211a8]		ldurb	w3, [x5, #-1]	X5=0x702489f5ab
0x70225fe1ac[libsecsdk.so@0x211ac]		cmp	w3, #59	W3=0x6c
0x70225fe1b0[libsecsdk.so@0x211b0]		b.eq	#-60	
0x70225fe1b4[libsecsdk.so@0x211b4]		add	x4, x20, x2	X20=0x7022a57e40 X2=0xd
0x70225fe1b8[libsecsdk.so@0x211b8]		cmp	w21, w2	W21=0x15 W2=0xd
0x70225fe1bc[libsecsdk.so@0x211bc]		add	x2, x2, #1	X2=0xd
0x70225fe1c0[libsecsdk.so@0x211c0]		add	x5, x19, x2	X19=0x702489f59e X2=0xe
0x70225fe1c4[libsecsdk.so@0x211c4]		sturb	w3, [x4, #-2]	W3=0x6c X4=0x7022a57e4d
0x70225fe1c8[libsecsdk.so@0x211c8]		b.hi	#-32	
0x70225fe1a8[libsecsdk.so@0x211a8]		ldurb	w3, [x5, #-1]	X5=0x702489f5ac
0x70225fe1ac[libsecsdk.so@0x211ac]		cmp	w3, #59	W3=0x2f
0x70225fe1b0[libsecsdk.so@0x211b0]		b.eq	#-60	
0x70225fe1b4[libsecsdk.so@0x211b4]		add	x4, x20, x2	X20=0x7022a57e40 X2=0xe
0x70225fe1b8[libsecsdk.so@0x211b8]		cmp	w21, w2	W21=0x15 W2=0xe
0x70225fe1bc[libsecsdk.so@0x211bc]		add	x2, x2, #1	X2=0xe
0x70225fe1c0[libsecsdk.so@0x211c0]		add	x5, x19, x2	X19=0x702489f59e X2=0xf
0x70225fe1c4[libsecsdk.so@0x211c4]		sturb	w3, [x4, #-2]	W3=0x2f X4=0x7022a57e4e
0x70225fe1c8[libsecsdk.so@0x211c8]		b.hi	#-32	
0x70225fe1a8[libsecsdk.so@0x211a8]		ldurb	w3, [x5, #-1]	X5=0x702489f5ad
0x70225fe1ac[libsecsdk.so@0x211ac]		cmp	w3, #59	W3=0x42
0x70225fe1b0[libsecsdk.so@0x211b0]		b.eq	#-60	
0x70225fe1b4[libsecsdk.so@0x211b4]		add	x4, x20, x2	X20=0x7022a57e40 X2=0xf
0x70225fe1b8[libsecsdk.so@0x211b8]		cmp	w21, w2	W21=0x15 W2=0xf
0x70225fe1bc[libsecsdk.so@0x211bc]		add	x2, x2, #1	X2=0xf
0x70225fe1c0[libsecsdk.so@0x211c0]		add	x5, x19, x2	X19=0x702489f59e X2=0x10
0x70225fe1c4[libsecsdk.so@0x211c4]		sturb	w3, [x4, #-2]	W3=0x42 X4=0x7022a57e4f
0x70225fe1c8[libsecsdk.so@0x211c8]		b.hi	#-32	
0x70225fe1a8[libsecsdk.so@0x211a8]		ldurb	w3, [x5, #-1]	X5=0x702489f5ae
0x70225fe1ac[libsecsdk.so@0x211ac]		cmp	w3, #59	W3=0x61
0x70225fe1b0[libsecsdk.so@0x211b0]		b.eq	#-60	
0x70225fe1b4[libsecsdk.so@0x211b4]		add	x4, x20, x2	X20=0x7022a57e40 X2=0x10
0x70225fe1b8[libsecsdk.so@0x211b8]		cmp	w21, w2	W21=0x15 W2=0x10
0x70225fe1bc[libsecsdk.so@0x211bc]		add	x2, x2, #1	X2=0x10
0x70225fe1c0[libsecsdk.so@0x211c0]		add	x5, x19, x2	X19=0x702489f59e X2=0x11
0x70225fe1c4[libsecsdk.so@0x211c4]		sturb	w3, [x4, #-2]	W3=0x61 X4=0x7022a57e50
0x70225fe1c8[libsecsdk.so@0x211c8]		b.hi	#-32	
0x70225fe1a8[libsecsdk.so@0x211a8]		ldurb	w3, [x5, #-1]	X5=0x702489f5af
0x70225fe1ac[libsecsdk.so@0x211ac]		cmp	w3, #59	W3=0x73
0x70225fe1b0[libsecsdk.so@0x211b0]		b.eq	#-60	
0x70225fe1b4[libsecsdk.so@0x211b4]		add	x4, x20, x2	X20=0x7022a57e40 X2=0x11
0x70225fe1b8[libsecsdk.so@0x211b8]		cmp	w21, w2	W21=0x15 W2=0x11
0x70225fe1bc[libsecsdk.so@0x211bc]		add	x2, x2, #1	X2=0x11
0x70225fe1c0[libsecsdk.so@0x211c0]		add	x5, x19, x2	X19=0x702489f59e X2=0x12
0x70225fe1c4[libsecsdk.so@0x211c4]		sturb	w3, [x4, #-2]	W3=0x73 X4=0x7022a57e51
0x70225fe1c8[libsecsdk.so@0x211c8]		b.hi	#-32	
0x70225fe1a8[libsecsdk.so@0x211a8]		ldurb	w3, [x5, #-1]	X5=0x702489f5b0
0x70225fe1ac[libsecsdk.so@0x211ac]		cmp	w3, #59	W3=0x65
0x70225fe1b0[libsecsdk.so@0x211b0]		b.eq	#-60	
0x70225fe1b4[libsecsdk.so@0x211b4]		add	x4, x20, x2	X20=0x7022a57e40 X2=0x12
0x70225fe1b8[libsecsdk.so@0x211b8]		cmp	w21, w2	W21=0x15 W2=0x12
0x70225fe1bc[libsecsdk.so@0x211bc]		add	x2, x2, #1	X2=0x12
0x70225fe1c0[libsecsdk.so@0x211c0]		add	x5, x19, x2	X19=0x702489f59e X2=0x13
0x70225fe1c4[libsecsdk.so@0x211c4]		sturb	w3, [x4, #-2]	W3=0x65 X4=0x7022a57e52
0x70225fe1c8[libsecsdk.so@0x211c8]		b.hi	#-32	
0x70225fe1a8[libsecsdk.so@0x211a8]		ldurb	w3, [x5, #-1]	X5=0x702489f5b1
0x70225fe1ac[libsecsdk.so@0x211ac]		cmp	w3, #59	W3=0x36
0x70225fe1b0[libsecsdk.so@0x211b0]		b.eq	#-60	
0x70225fe1b4[libsecsdk.so@0x211b4]		add	x4, x20, x2	X20=0x7022a57e40 X2=0x13
0x70225fe1b8[libsecsdk.so@0x211b8]		cmp	w21, w2	W21=0x15 W2=0x13
0x70225fe1bc[libsecsdk.so@0x211bc]		add	x2, x2, #1	X2=0x13
0x70225fe1c0[libsecsdk.so@0x211c0]		add	x5, x19, x2	X19=0x702489f59e X2=0x14
0x70225fe1c4[libsecsdk.so@0x211c4]		sturb	w3, [x4, #-2]	W3=0x36 X4=0x7022a57e53
0x70225fe1c8[libsecsdk.so@0x211c8]		b.hi	#-32	
0x70225fe1a8[libsecsdk.so@0x211a8]		ldurb	w3, [x5, #-1]	X5=0x702489f5b2
0x70225fe1ac[libsecsdk.so@0x211ac]		cmp	w3, #59	W3=0x34
0x70225fe1b0[libsecsdk.so@0x211b0]		b.eq	#-60	
0x70225fe1b4[libsecsdk.so@0x211b4]		add	x4, x20, x2	X20=0x7022a57e40 X2=0x14
0x70225fe1b8[libsecsdk.so@0x211b8]		cmp	w21, w2	W21=0x15 W2=0x14
0x70225fe1bc[libsecsdk.so@0x211bc]		add	x2, x2, #1	X2=0x14
0x70225fe1c0[libsecsdk.so@0x211c0]		add	x5, x19, x2	X19=0x702489f59e X2=0x15
0x70225fe1c4[libsecsdk.so@0x211c4]		sturb	w3, [x4, #-2]	W3=0x34 X4=0x7022a57e54
0x70225fe1c8[libsecsdk.so@0x211c8]		b.hi	#-32	
0x70225fe1a8[libsecsdk.so@0x211a8]		ldurb	w3, [x5, #-1]	X5=0x702489f5b3
0x70225fe1ac[libsecsdk.so@0x211ac]		cmp	w3, #59	W3=0x3b
0x70225fe1b0[libsecsdk.so@0x211b0]		b.eq	#-60	
0x70225fe174[libsecsdk.so@0x21174]		mov	x0, x20	X20=0x7022a57e40
0x70225fe178[libsecsdk.so@0x21178]		ldr	x30, [sp, #32]	SP=0x708b79ee10
0x70225fe17c[libsecsdk.so@0x2117c]		ldp	x19, x20, [sp]	SP=0x708b79ee10
0x70225fe180[libsecsdk.so@0x21180]		ldp	x21, x22, [sp, #16]	SP=0x708b79ee10
0x70225fe184[libsecsdk.so@0x21184]		add	sp, sp, #64	SP=0x708b79ee10
0x70225fe188[libsecsdk.so@0x21188]		ret	LR=0x70225fec54
0x70225fec54[libsecsdk.so@0x21c54]		ldr	x1, [sp, #40]	SP=0x708b79ee50
0x70225fec58[libsecsdk.so@0x21c58]		mov	x19, x0	X0=0x7022a57e40
0x70225fec5c[libsecsdk.so@0x21c5c]		mov	x0, x1	X1=0x708a819500
0x70225fec60[libsecsdk.so@0x21c60]		ldr	x2, [x1]	X1=0x708a819500
0x70225fec64[libsecsdk.so@0x21c64]		mov	x1, x19	X19=0x7022a57e40
0x70225fec68[libsecsdk.so@0x21c68]		ldr	x2, [x2, #48]	X2=0x70967d16a0
0x70225fec6c[libsecsdk.so@0x21c6c]		blr	x2	X2=0x709658f4d0 SP=0x708b79ee50
0x70225fec70[libsecsdk.so@0x21c70]		mov	x20, x0	X0=0x71
0x70225fec74[libsecsdk.so@0x21c74]		cbz	x19, #12	X19=0x7022a57e40
0x70225fec78[libsecsdk.so@0x21c78]		mov	x0, x19	X19=0x7022a57e40
0x70225fec7c[libsecsdk.so@0x21c7c]		bl	#26104	SP=0x708b79ee50
0x7022605274[libsecsdk.so@0x28274]		b	#-12	
0x7022605268[libsecsdk.so@0x28268]		cbz	x0, #8	X0=0x7022a57e40
0x702260526c[libsecsdk.so@0x2826c]		b	#-128940	
0x70225e5ac0[libsecsdk.so@0x8ac0]		adrp	x16, #266240	
0x70225e5ac4[libsecsdk.so@0x8ac4]		ldr	x17, [x16, #3760]	X16=0x7022626000
0x70225e5ac8[libsecsdk.so@0x8ac8]		add	x16, x16, #3760	X16=0x7022626000
0x70225e5acc[libsecsdk.so@0x8acc]		br	x17	X17=0x711abd42bc
0x70225fec80[libsecsdk.so@0x21c80]		mov	x0, x20	X20=0x71
0x70225fec84[libsecsdk.so@0x21c84]		ldr	x30, [sp, #16]	SP=0x708b79ee50
0x70225fec88[libsecsdk.so@0x21c88]		ldp	x19, x20, [sp]	SP=0x708b79ee50
0x70225fec8c[libsecsdk.so@0x21c8c]		add	sp, sp, #48	SP=0x708b79ee50
0x70225fec90[libsecsdk.so@0x21c90]		ret	LR=0x70226018f8
0x70226018f8[libsecsdk.so@0x248f8]		mov	x28, x0	X0=0x71
0x70226018fc[libsecsdk.so@0x248fc]		ldr	x4, [x21]	X21=0x708a819500
0x7022601900[libsecsdk.so@0x24900]		mov	x0, x21	X21=0x708a819500
0x7022601904[libsecsdk.so@0x24904]		mov	x1, x28	X28=0x71
0x7022601908[libsecsdk.so@0x24908]		mov	x2, x20	X20=0x702489f990
0x702260190c[libsecsdk.so@0x2490c]		mov	x3, x27	X27=0x708a81f950
0x7022601910[libsecsdk.so@0x24910]		cbnz	w26, #300	W26=0x1
0x7022601a3c[libsecsdk.so@0x24a3c]		ldr	x4, [x4, #904]	X4=0x70967d16a0
0x7022601a40[libsecsdk.so@0x24a40]		blr	x4	X4=0x70965bb7b4 SP=0x708b79ee80
0x7022601a44[libsecsdk.so@0x24a44]		fmov	d9, x0	X0=0x70b73288
0x7022601a48[libsecsdk.so@0x24a48]		b	#-296	
0x7022601920[libsecsdk.so@0x24920]		mov	x0, x21	X21=0x708a819500
0x7022601924[libsecsdk.so@0x24924]		bl	#-86432	SP=0x708b79ee80
0x70225ec784[libsecsdk.so@0xf784]		sub	sp, sp, #128	SP=0x708b79ee80
0x70225ec788[libsecsdk.so@0xf788]		stp	x19, x20, [sp]	X19=0x702489f862 X20=0x702489f990 SP=0x708b79ee00
0x70225ec78c[libsecsdk.so@0xf78c]		adrp	x19, #237568	
0x70225ec790[libsecsdk.so@0xf790]		mov	x20, x0	X0=0x708a819500
0x70225ec794[libsecsdk.so@0xf794]		stp	x21, x22, [sp, #16]	X21=0x708a819500 X22=0x708a81f3e8 SP=0x708b79ee00
0x70225ec798[libsecsdk.so@0xf798]		adrp	x21, #241664	
0x70225ec79c[libsecsdk.so@0xf79c]		ldr	x1, [x19, #3784]	X19=0x7022626000
0x70225ec7a0[libsecsdk.so@0xf7a0]		stp	x23, x30, [sp, #32]	X23=0x1a4 LR=0x7022601928 SP=0x708b79ee00
0x70225ec7a4[libsecsdk.so@0xf7a4]		ldr	w0, [x21, #2128]	X21=0x7022627000
0x70225ec7a8[libsecsdk.so@0xf7a8]		ldr	x1, [x1]	X1=0x711ac85510
0x70225ec7ac[libsecsdk.so@0xf7ac]		str	x1, [sp, #120]	X1=0xdcf65037242d4fae SP=0x708b79ee00
0x70225ec7b0[libsecsdk.so@0xf7b0]		cbz	w0, #44	W0=0x1d
0x70225ec7b4[libsecsdk.so@0xf7b4]		ldr	x19, [x19, #3784]	X19=0x7022626000
0x70225ec7b8[libsecsdk.so@0xf7b8]		ldr	x2, [sp, #120]	SP=0x708b79ee00
0x70225ec7bc[libsecsdk.so@0xf7bc]		ldr	x1, [x19]	X19=0x711ac85510
0x70225ec7c0[libsecsdk.so@0xf7c0]		cmp	x2, x1	X2=0xdcf65037242d4fae X1=0xdcf65037242d4fae
0x70225ec7c4[libsecsdk.so@0xf7c4]		b.ne	#284	
0x70225ec7c8[libsecsdk.so@0xf7c8]		ldp	x19, x20, [sp]	SP=0x708b79ee00
0x70225ec7cc[libsecsdk.so@0xf7cc]		ldp	x21, x22, [sp, #16]	SP=0x708b79ee00
0x70225ec7d0[libsecsdk.so@0xf7d0]		ldp	x23, x30, [sp, #32]	SP=0x708b79ee00
0x70225ec7d4[libsecsdk.so@0xf7d4]		add	sp, sp, #128	SP=0x708b79ee00
0x70225ec7d8[libsecsdk.so@0xf7d8]		ret	LR=0x7022601928
0x7022601928[libsecsdk.so@0x24928]		cmp	w0, #23	W0=0x1d
0x702260192c[libsecsdk.so@0x2492c]		b.ne	#12	
0x7022601938[libsecsdk.so@0x24938]		mov	w1, #0	
0x702260193c[libsecsdk.so@0x2493c]		fmov	x0, d9	
0x7022601940[libsecsdk.so@0x24940]		cbz	x0, #396	X0=0x70b73288
0x7022601944[libsecsdk.so@0x24944]		ldr	x0, [x22]	X22=0x708a81f3e8
0x7022601948[libsecsdk.so@0x24948]		ldr	w3, [x25, x23]	X25=0x702489e3e4 X23=0x1a4
0x702260194c[libsecsdk.so@0x2494c]		ldr	x2, [x0, #16]	X0=0x7022a969c0
0x7022601950[libsecsdk.so@0x24950]		ldr	x5, [x0, #88]	X0=0x7022a969c0
0x7022601954[libsecsdk.so@0x24954]		ldr	w8, [x2, x3, lsl #2]	X2=0x702489e070 X3=0x1a
0x7022601958[libsecsdk.so@0x24958]		add	x5, x5, x8	X5=0x702489e000 X8=0x14b1
0x702260195c[libsecsdk.so@0x2495c]		ldrsb	w8, [x5], #1	X5=0x702489f4b1
0x7022601960[libsecsdk.so@0x24960]		tbnz	w8, #31, #-4	W8=0x3
0x7022601964[libsecsdk.so@0x24964]		mov	x0, x22	X22=0x708a81f3e8
0x7022601968[libsecsdk.so@0x24968]		cbnz	w1, #260	W1=0x0
0x702260196c[libsecsdk.so@0x2496c]		fmov	x1, d10	
0x7022601970[libsecsdk.so@0x24970]		mov	x4, x5	X5=0x702489f4b2
0x7022601974[libsecsdk.so@0x24974]		fmov	x2, d11	
0x7022601978[libsecsdk.so@0x24978]		mov	w5, w26	W26=0x1
0x702260197c[libsecsdk.so@0x2497c]		fmov	w3, s14	
0x7022601980[libsecsdk.so@0x24980]		bl	#-9364	SP=0x708b79ee80
0x70225ff4ec[libsecsdk.so@0x224ec]		sub	sp, sp, #64	SP=0x708b79ee80
0x70225ff4f0[libsecsdk.so@0x224f0]		uxtb	w5, w5	W5=0x1
0x70225ff4f4[libsecsdk.so@0x224f4]		stp	x21, x22, [sp, #16]	X21=0x708a819500 X22=0x708a81f3e8 SP=0x708b79ee40
0x70225ff4f8[libsecsdk.so@0x224f8]		stp	x23, x30, [sp, #32]	X23=0x1a4 LR=0x7022601984 SP=0x708b79ee40
0x70225ff4fc[libsecsdk.so@0x224fc]		stp	x19, x20, [sp]	X19=0x702489f862 X20=0x702489f990 SP=0x708b79ee40
0x70225ff500[libsecsdk.so@0x22500]		mov	x21, x1	X1=0x708a81f938
0x70225ff504[libsecsdk.so@0x22504]		mov	x23, x2	X2=0x7022b26ea0
0x70225ff508[libsecsdk.so@0x22508]		cbz	w5, #220	W5=0x1
0x70225ff50c[libsecsdk.so@0x2250c]		lsl	w3, w3, #3	W3=0x2
0x70225ff510[libsecsdk.so@0x22510]		mov	w19, #0	
0x70225ff514[libsecsdk.so@0x22514]		cmp	w3, wzr	W3=0x10
0x70225ff518[libsecsdk.so@0x22518]		mov	x20, #8	
0x70225ff51c[libsecsdk.so@0x2251c]		sxtw	x3, w3	X3=0x10
0x70225ff520[libsecsdk.so@0x22520]		str	x4, [sp, #56]	X4=0x702489f4b2 SP=0x708b79ee40
0x70225ff524[libsecsdk.so@0x22524]		csel	x20, x3, x20, ne	X3=0x10 X20=0x8
0x70225ff528[libsecsdk.so@0x22528]		mov	x0, x20	X20=0x10
0x70225ff52c[libsecsdk.so@0x2252c]		bl	#26816	SP=0x708b79ee40
0x7022605dec[libsecsdk.so@0x28dec]		stp	x29, x30, [sp, #-16]!	FP=0x708b79f600 LR=0x70225ff530 SP=0x708b79ee40
0x7022605df0[libsecsdk.so@0x28df0]		mov	x29, sp	SP=0x708b79ee30
0x7022605df4[libsecsdk.so@0x28df4]		bl	#-212	SP=0x708b79ee30
0x7022605d20[libsecsdk.so@0x28d20]		stp	x29, x30, [sp, #-32]!	FP=0x708b79ee30 LR=0x7022605df8 SP=0x708b79ee30
0x7022605d24[libsecsdk.so@0x28d24]		mov	x29, sp	SP=0x708b79ee10
0x7022605d28[libsecsdk.so@0x28d28]		stp	x19, x20, [sp, #16]	X19=0x0 X20=0x10 SP=0x708b79ee10
0x7022605d2c[libsecsdk.so@0x28d2c]		mov	x19, x0	X0=0x10
0x7022605d30[libsecsdk.so@0x28d30]		adrp	x20, #139264	
0x7022605d34[libsecsdk.so@0x28d34]		b	#32	
0x7022605d54[libsecsdk.so@0x28d54]		mov	x0, x19	X19=0x10
0x7022605d58[libsecsdk.so@0x28d58]		bl	#-132552	SP=0x708b79ee10
0x70225e5790[libsecsdk.so@0x8790]		adrp	x16, #266240	
0x70225e5794[libsecsdk.so@0x8794]		ldr	x17, [x16, #3352]	X16=0x7022626000
0x70225e5798[libsecsdk.so@0x8798]		add	x16, x16, #3352	X16=0x7022626000
0x70225e579c[libsecsdk.so@0x879c]		br	x17	X17=0x711abd432c
0x7022605d5c[libsecsdk.so@0x28d5c]		cbz	x0, #-36	X0=0x7022b26f00
0x7022605d60[libsecsdk.so@0x28d60]		ldp	x19, x20, [sp, #16]	SP=0x708b79ee10
0x7022605d64[libsecsdk.so@0x28d64]		ldp	x29, x30, [sp], #32	SP=0x708b79ee10
0x7022605d68[libsecsdk.so@0x28d68]		ret	LR=0x7022605df8
0x7022605df8[libsecsdk.so@0x28df8]		ldp	x29, x30, [sp], #16	SP=0x708b79ee30
0x7022605dfc[libsecsdk.so@0x28dfc]		ret	LR=0x70225ff530
0x70225ff530[libsecsdk.so@0x22530]		mov	x22, x0	X0=0x7022b26f00
0x70225ff534[libsecsdk.so@0x22534]		mov	w1, #0	
0x70225ff538[libsecsdk.so@0x22538]		mov	x2, x20	X20=0x10
0x70225ff53c[libsecsdk.so@0x2253c]		bl	#-105452	SP=0x708b79ee40
0x70225e5950[libsecsdk.so@0x8950]		adrp	x16, #266240	
0x70225e5954[libsecsdk.so@0x8954]		ldr	x17, [x16, #3576]	X16=0x7022626000
0x70225e5958[libsecsdk.so@0x8958]		add	x16, x16, #3576	X16=0x7022626000
0x70225e595c[libsecsdk.so@0x895c]		br	x17	X17=0x711ac12340
0x70225ff540[libsecsdk.so@0x22540]		adrp	x1, #57344	
0x70225ff544[libsecsdk.so@0x22544]		ldr	x4, [sp, #56]	SP=0x708b79ee40
0x70225ff548[libsecsdk.so@0x22548]		mov	x5, x22	X22=0x7022b26f00
0x70225ff54c[libsecsdk.so@0x2254c]		add	x1, x1, #3760	X1=0x702260d000
0x70225ff550[libsecsdk.so@0x22550]		ldrb	w3, [x4, #1]!	X4=0x702489f4b2
0x70225ff554[libsecsdk.so@0x22554]		cbz	w3, #52	W3=0x4c
0x70225ff558[libsecsdk.so@0x22558]		sub	w3, w3, #66	W3=0x4c
0x70225ff55c[libsecsdk.so@0x2255c]		cmp	w3, #25	W3=0xa
0x70225ff560[libsecsdk.so@0x22560]		b.hi	#-16	
0x70225ff564[libsecsdk.so@0x22564]		ldrb	w0, [x1, w3, uxtw]	X1=0x702260deb0 W3=0xa
0x70225ff568[libsecsdk.so@0x22568]		adr	x2, #12	
0x70225ff56c[libsecsdk.so@0x2256c]		add	x0, x2, w0, sxtb #2	X2=0x70225ff574 W0=0x18
0x70225ff570[libsecsdk.so@0x22570]		br	x0	X0=0x70225ff5d4
0x70225ff5d4[libsecsdk.so@0x225d4]		ldr	x0, [x23, w19, sxtw #3]	X23=0x7022b26ea0 W19=0x0
0x70225ff5d8[libsecsdk.so@0x225d8]		add	w19, w19, #1	W19=0x0
0x70225ff5dc[libsecsdk.so@0x225dc]		str	x0, [x5], #8	X0=0x89 X5=0x7022b26f00
0x70225ff5e0[libsecsdk.so@0x225e0]		b	#-144	
0x70225ff550[libsecsdk.so@0x22550]		ldrb	w3, [x4, #1]!	X4=0x702489f4b3
0x70225ff554[libsecsdk.so@0x22554]		cbz	w3, #52	W3=0x49
0x70225ff558[libsecsdk.so@0x22558]		sub	w3, w3, #66	W3=0x49
0x70225ff55c[libsecsdk.so@0x2255c]		cmp	w3, #25	W3=0x7
0x70225ff560[libsecsdk.so@0x22560]		b.hi	#-16	
0x70225ff564[libsecsdk.so@0x22564]		ldrb	w0, [x1, w3, uxtw]	X1=0x702260deb0 W3=0x7
0x70225ff568[libsecsdk.so@0x22568]		adr	x2, #12	
0x70225ff56c[libsecsdk.so@0x2256c]		add	x0, x2, w0, sxtb #2	X2=0x70225ff574 W0=0x0
0x70225ff570[libsecsdk.so@0x22570]		br	x0	X0=0x70225ff574
0x70225ff574[libsecsdk.so@0x22574]		ldr	w0, [x21, w19, sxtw #2]	X21=0x708a81f938 W19=0x1
0x70225ff578[libsecsdk.so@0x22578]		add	w19, w19, #1	W19=0x1
0x70225ff57c[libsecsdk.so@0x2257c]		str	w0, [x5], #8	W0=0x0 X5=0x7022b26f08
0x70225ff580[libsecsdk.so@0x22580]		ldrb	w3, [x4, #1]!	X4=0x702489f4b4
0x70225ff584[libsecsdk.so@0x22584]		cbnz	w3, #-44	W3=0x0
0x70225ff588[libsecsdk.so@0x22588]		mov	x0, x22	X22=0x7022b26f00
0x70225ff58c[libsecsdk.so@0x2258c]		ldp	x19, x20, [sp]	SP=0x708b79ee40
0x70225ff590[libsecsdk.so@0x22590]		ldp	x21, x22, [sp, #16]	SP=0x708b79ee40
0x70225ff594[libsecsdk.so@0x22594]		ldp	x23, x30, [sp, #32]	SP=0x708b79ee40
0x70225ff598[libsecsdk.so@0x22598]		add	sp, sp, #64	SP=0x708b79ee40
0x70225ff59c[libsecsdk.so@0x2259c]		ret	LR=0x7022601984
0x7022601984[libsecsdk.so@0x24984]		mov	x20, x0	X0=0x7022b26f00
0x7022601988[libsecsdk.so@0x24988]		ldrb	w1, [x19]	X19=0x702489f862
0x702260198c[libsecsdk.so@0x2498c]		sub	w1, w1, #66	W1=0x5b
0x7022601990[libsecsdk.so@0x24990]		cmp	w1, #25	W1=0x19
0x7022601994[libsecsdk.so@0x24994]		b.hi	#72	
0x7022601998[libsecsdk.so@0x24998]		adrp	x0, #49152	
0x702260199c[libsecsdk.so@0x2499c]		add	x0, x0, #3944	X0=0x702260d000
0x70226019a0[libsecsdk.so@0x249a0]		ldrh	w0, [x0, w1, uxtw #1]	X0=0x702260df68 W1=0x19
0x70226019a4[libsecsdk.so@0x249a4]		adr	x1, #12	
0x70226019a8[libsecsdk.so@0x249a8]		add	x0, x1, w0, sxth #2	X1=0x70226019b0 W0=0xa3
0x70226019ac[libsecsdk.so@0x249ac]		br	x0	X0=0x7022601c3c
0x7022601c3c[libsecsdk.so@0x24c3c]		fmov	w0, s13	
0x7022601c40[libsecsdk.so@0x24c40]		cbnz	w0, #476	W0=0x0
0x7022601c44[libsecsdk.so@0x24c44]		ldr	x4, [x21]	X21=0x708a819500
0x7022601c48[libsecsdk.so@0x24c48]		mov	x0, x21	X21=0x708a819500
0x7022601c4c[libsecsdk.so@0x24c4c]		cbz	w26, #396	W26=0x1
0x7022601c50[libsecsdk.so@0x24c50]		fmov	x2, d9	
0x7022601c54[libsecsdk.so@0x24c54]		ldr	x4, [x4, #928]	X4=0x70967d16a0
0x7022601c58[libsecsdk.so@0x24c58]		mov	x1, x28	X28=0x71
0x7022601c5c[libsecsdk.so@0x24c5c]		mov	x3, x20	X20=0x7022b26f00
0x7022601c60[libsecsdk.so@0x24c60]		blr	x4	X4=0x70965bce64 SP=0x708b79ee80
0x7022601c64[libsecsdk.so@0x24c64]		mov	x24, x0	X0=0x41
0x7022601c68[libsecsdk.so@0x24c68]		b	#-652	
0x70226019dc[libsecsdk.so@0x249dc]		cbz	x20, #12	X20=0x7022b26f00
0x70226019e0[libsecsdk.so@0x249e0]		mov	x0, x20	X20=0x7022b26f00
0x70226019e4[libsecsdk.so@0x249e4]		bl	#14480	SP=0x708b79ee80
0x7022605274[libsecsdk.so@0x28274]		b	#-12	
0x7022605268[libsecsdk.so@0x28268]		cbz	x0, #8	X0=0x7022b26f00
0x702260526c[libsecsdk.so@0x2826c]		b	#-128940	
0x70225e5ac0[libsecsdk.so@0x8ac0]		adrp	x16, #266240	
0x70225e5ac4[libsecsdk.so@0x8ac4]		ldr	x17, [x16, #3760]	X16=0x7022626000
0x70225e5ac8[libsecsdk.so@0x8ac8]		add	x16, x16, #3760	X16=0x7022626000
0x70225e5acc[libsecsdk.so@0x8acc]		br	x17	X17=0x711abd42bc
0x70226019e8[libsecsdk.so@0x249e8]		cbz	x27, #12	X27=0x708a81f950
0x70226019ec[libsecsdk.so@0x249ec]		mov	x0, x27	X27=0x708a81f950
0x70226019f0[libsecsdk.so@0x249f0]		bl	#14468	SP=0x708b79ee80
0x7022605274[libsecsdk.so@0x28274]		b	#-12	
0x7022605268[libsecsdk.so@0x28268]		cbz	x0, #8	X0=0x708a81f950
0x702260526c[libsecsdk.so@0x2826c]		b	#-128940	
0x70225e5ac0[libsecsdk.so@0x8ac0]		adrp	x16, #266240	
0x70225e5ac4[libsecsdk.so@0x8ac4]		ldr	x17, [x16, #3760]	X16=0x7022626000
0x70225e5ac8[libsecsdk.so@0x8ac8]		add	x16, x16, #3760	X16=0x7022626000
0x70225e5acc[libsecsdk.so@0x8acc]		br	x17	X17=0x711abd42bc
0x70226019f4[libsecsdk.so@0x249f4]		ldr	x2, [x21]	X21=0x708a819500
0x70226019f8[libsecsdk.so@0x249f8]		mov	x0, x21	X21=0x708a819500
0x70226019fc[libsecsdk.so@0x249fc]		mov	x1, x28	X28=0x71
0x7022601a00[libsecsdk.so@0x24a00]		ldr	x2, [x2, #184]	X2=0x70967d16a0
0x7022601a04[libsecsdk.so@0x24a04]		blr	x2	X2=0x7096594834 SP=0x708b79ee80
0x7022601a08[libsecsdk.so@0x24a08]		mov	x0, x24	X24=0x41
0x7022601a0c[libsecsdk.so@0x24a0c]		ldp	x19, x20, [sp]	SP=0x708b79ee80
0x7022601a10[libsecsdk.so@0x24a10]		ldp	d8, d9, [sp, #88]	SP=0x708b79ee80
0x7022601a14[libsecsdk.so@0x24a14]		ldp	x21, x22, [sp, #16]	SP=0x708b79ee80
0x7022601a18[libsecsdk.so@0x24a18]		ldp	d10, d11, [sp, #104]	SP=0x708b79ee80
0x7022601a1c[libsecsdk.so@0x24a1c]		ldp	x23, x24, [sp, #32]	SP=0x708b79ee80
0x7022601a20[libsecsdk.so@0x24a20]		ldp	d12, d13, [sp, #120]	SP=0x708b79ee80
0x7022601a24[libsecsdk.so@0x24a24]		ldp	x25, x26, [sp, #48]	SP=0x708b79ee80
0x7022601a28[libsecsdk.so@0x24a28]		ldp	x27, x28, [sp, #64]	SP=0x708b79ee80
0x7022601a2c[libsecsdk.so@0x24a2c]		ldr	x30, [sp, #80]	SP=0x708b79ee80
0x7022601a30[libsecsdk.so@0x24a30]		ldr	d14, [sp, #136]	SP=0x708b79ee80
0x7022601a34[libsecsdk.so@0x24a34]		add	sp, sp, #160	SP=0x708b79ee80
0x7022601a38[libsecsdk.so@0x24a38]		ret	LR=0x70225fbf0c
0x70225fbf0c[libsecsdk.so@0x1ef0c]		ldr	x1, [x20]	X20=0x708a819500
0x70225fbf10[libsecsdk.so@0x1ef10]		fmov	d11, x0	X0=0x41
0x70225fbf14[libsecsdk.so@0x1ef14]		mov	x0, x20	X20=0x708a819500
0x70225fbf18[libsecsdk.so@0x1ef18]		ldr	x1, [x1, #1824]	X1=0x70967d16a0
0x70225fbf1c[libsecsdk.so@0x1ef1c]		blr	x1	X1=0x70965ebe7c SP=0x708b79ef20
0x70225fbf20[libsecsdk.so@0x1ef20]		uxtb	w0, w0	W0=0x0
0x70225fbf24[libsecsdk.so@0x1ef24]		ldr	x8, [sp, #192]	SP=0x708b79ef20
0x70225fbf28[libsecsdk.so@0x1ef28]		cbnz	w0, #-23760	W0=0x0
0x70225fbf2c[libsecsdk.so@0x1ef2c]		ldrb	w0, [x19]	X19=0x708b79f03f
0x70225fbf30[libsecsdk.so@0x1ef30]		cbz	w0, #48	W0=0x1
0x70225fbf34[libsecsdk.so@0x1ef34]		ldr	x0, [x27]	X27=0x708b79f040
0x70225fbf38[libsecsdk.so@0x1ef38]		ldrb	w0, [x0, #6]	X0=0x711b5b7390
0x70225fbf3c[libsecsdk.so@0x1ef3c]		cmp	w0, #12	W0=0xc
0x70225fbf40[libsecsdk.so@0x1ef40]		b.eq	#32	
0x70225fbf60[libsecsdk.so@0x1ef60]		mov	x0, x28	X28=0x708a81f938
0x70225fbf64[libsecsdk.so@0x1ef64]		str	x8, [sp, #192]	X8=0x7022b26ea0 SP=0x708b79ef20
0x70225fbf68[libsecsdk.so@0x1ef68]		bl	#37644	SP=0x708b79ef20
0x7022605274[libsecsdk.so@0x28274]		b	#-12	
0x7022605268[libsecsdk.so@0x28268]		cbz	x0, #8	X0=0x708a81f938
0x702260526c[libsecsdk.so@0x2826c]		b	#-128940	
0x70225e5ac0[libsecsdk.so@0x8ac0]		adrp	x16, #266240	
0x70225e5ac4[libsecsdk.so@0x8ac4]		ldr	x17, [x16, #3760]	X16=0x7022626000
0x70225e5ac8[libsecsdk.so@0x8ac8]		add	x16, x16, #3760	X16=0x7022626000
0x70225e5acc[libsecsdk.so@0x8acc]		br	x17	X17=0x711abd42bc
0x70225fbf6c[libsecsdk.so@0x1ef6c]		ldr	x8, [sp, #192]	SP=0x708b79ef20
0x70225fbf70[libsecsdk.so@0x1ef70]		mov	x0, x8	X8=0x7022b26ea0
0x70225fbf74[libsecsdk.so@0x1ef74]		bl	#37632	SP=0x708b79ef20
0x7022605274[libsecsdk.so@0x28274]		b	#-12	
0x7022605268[libsecsdk.so@0x28268]		cbz	x0, #8	X0=0x7022b26ea0
0x702260526c[libsecsdk.so@0x2826c]		b	#-128940	
0x70225e5ac0[libsecsdk.so@0x8ac0]		adrp	x16, #266240	
0x70225e5ac4[libsecsdk.so@0x8ac4]		ldr	x17, [x16, #3760]	X16=0x7022626000
0x70225e5ac8[libsecsdk.so@0x8ac8]		add	x16, x16, #3760	X16=0x7022626000
0x70225e5acc[libsecsdk.so@0x8acc]		br	x17	X17=0x711abd42bc
0x70225fbf78[libsecsdk.so@0x1ef78]		ldr	x1, [x27]	X27=0x708b79f040
0x70225fbf7c[libsecsdk.so@0x1ef7c]		add	x0, x21, #928	X21=0x7022625000
0x70225fbf80[libsecsdk.so@0x1ef80]		add	x2, x1, #6	X1=0x711b5b7390
0x70225fbf84[libsecsdk.so@0x1ef84]		str	x2, [x27]	X2=0x711b5b7396 X27=0x708b79f040
0x70225fbf88[libsecsdk.so@0x1ef88]		ldrh	w19, [x1, #6]	X1=0x711b5b7390
0x70225fbf8c[libsecsdk.so@0x1ef8c]		uxtb	w1, w19	W19=0x50c
0x70225fbf90[libsecsdk.so@0x1ef90]		ldr	x0, [x0, w1, sxtw #3]	X0=0x70226253a0 W1=0xc
0x70225fbf94[libsecsdk.so@0x1ef94]		br	x0	X0=0x70225f8314
0x70225f8314[libsecsdk.so@0x1b314]		ldrsw	x0, [x23, #24]	X23=0x708b79f068
0x70225f8318[libsecsdk.so@0x1b318]		asr	w19, w19, #8	W19=0x50c
0x70225f831c[libsecsdk.so@0x1b31c]		lsl	x0, x0, #2	X0=0x8
0x70225f8320[libsecsdk.so@0x1b320]		add	x0, x0, w19, sxtw #3	X0=0x20 W19=0x5
0x70225f8324[libsecsdk.so@0x1b324]		ldr	x28, [x25, x0]	X25=0x708a8893c0 X0=0x48
0x70225f8328[libsecsdk.so@0x1b328]		cbz	x28, #236	X28=0x0
0x70225f8414[libsecsdk.so@0x1b414]		fmov	w0, s9	
0x70225f8418[libsecsdk.so@0x1b418]		mov	x1, x23	X23=0x708b79f068
0x70225f841c[libsecsdk.so@0x1b41c]		fmov	x2, d11	
0x70225f8420[libsecsdk.so@0x1b420]		str	s11, [x25, w19, sxtw #2]	X25=0x708a8893c0 W19=0x5
0x70225f8424[libsecsdk.so@0x1b424]		mov	w3, w0	W0=0x8
0x70225f8428[libsecsdk.so@0x1b428]		add	x3, x3, w19, sxtw #1	X3=0x8 W19=0x5
0x70225f842c[libsecsdk.so@0x1b42c]		lsl	x3, x3, #2	X3=0x12
0x70225f8430[libsecsdk.so@0x1b430]		mov	x0, x20	X20=0x708a819500
0x70225f8434[libsecsdk.so@0x1b434]		str	d11, [x25, x3]	X25=0x708a8893c0 X3=0x48
0x70225f8438[libsecsdk.so@0x1b438]		bl	#23376	SP=0x708b79ef20
0x70225fdf88[libsecsdk.so@0x20f88]		sub	sp, sp, #32	SP=0x708b79ef20
0x70225fdf8c[libsecsdk.so@0x20f8c]		stp	x19, x20, [sp]	X19=0x5 X20=0x708a819500 SP=0x708b79ef00
0x70225fdf90[libsecsdk.so@0x20f90]		stp	x21, x30, [sp, #16]	X21=0x7022625000 LR=0x70225f843c SP=0x708b79ef00
0x70225fdf94[libsecsdk.so@0x20f94]		cbz	x2, #136	X2=0x41
0x70225fdf98[libsecsdk.so@0x20f98]		ldr	x5, [x1]	X1=0x708b79f068
0x70225fdf9c[libsecsdk.so@0x20f9c]		ldr	x0, [x1, #8]	X1=0x708b79f068
0x70225fdfa0[libsecsdk.so@0x20fa0]		mov	x3, x5	X5=0x7022a5e030
0x70225fdfa4[libsecsdk.so@0x20fa4]		b	#16	
0x70225fdfb4[libsecsdk.so@0x20fb4]		sub	x3, x3, #8	X3=0x7022a5e030
0x70225fdfb8[libsecsdk.so@0x20fb8]		cmp	x0, x3	X0=0x7022a5e000 X3=0x7022a5e028
0x70225fdfbc[libsecsdk.so@0x20fbc]		b.ls	#-20	
0x70225fdfa8[libsecsdk.so@0x20fa8]		ldr	x4, [x3]	X3=0x7022a5e028
0x70225fdfac[libsecsdk.so@0x20fac]		cmp	x2, x4	X2=0x41 X4=0x95
0x70225fdfb0[libsecsdk.so@0x20fb0]		b.eq	#72	
0x70225fdfb4[libsecsdk.so@0x20fb4]		sub	x3, x3, #8	X3=0x7022a5e028
0x70225fdfb8[libsecsdk.so@0x20fb8]		cmp	x0, x3	X0=0x7022a5e000 X3=0x7022a5e020
0x70225fdfbc[libsecsdk.so@0x20fbc]		b.ls	#-20	
0x70225fdfa8[libsecsdk.so@0x20fa8]		ldr	x4, [x3]	X3=0x7022a5e020
0x70225fdfac[libsecsdk.so@0x20fac]		cmp	x2, x4	X2=0x41 X4=0x89
0x70225fdfb0[libsecsdk.so@0x20fb0]		b.eq	#72	
0x70225fdfb4[libsecsdk.so@0x20fb4]		sub	x3, x3, #8	X3=0x7022a5e020
0x70225fdfb8[libsecsdk.so@0x20fb8]		cmp	x0, x3	X0=0x7022a5e000 X3=0x7022a5e018
0x70225fdfbc[libsecsdk.so@0x20fbc]		b.ls	#-20	
0x70225fdfa8[libsecsdk.so@0x20fa8]		ldr	x4, [x3]	X3=0x7022a5e018
0x70225fdfac[libsecsdk.so@0x20fac]		cmp	x2, x4	X2=0x41 X4=0x65
0x70225fdfb0[libsecsdk.so@0x20fb0]		b.eq	#72	
0x70225fdfb4[libsecsdk.so@0x20fb4]		sub	x3, x3, #8	X3=0x7022a5e018
0x70225fdfb8[libsecsdk.so@0x20fb8]		cmp	x0, x3	X0=0x7022a5e000 X3=0x7022a5e010
0x70225fdfbc[libsecsdk.so@0x20fbc]		b.ls	#-20	
0x70225fdfa8[libsecsdk.so@0x20fa8]		ldr	x4, [x3]	X3=0x7022a5e010
0x70225fdfac[libsecsdk.so@0x20fac]		cmp	x2, x4	X2=0x41 X4=0x59
0x70225fdfb0[libsecsdk.so@0x20fb0]		b.eq	#72	
0x70225fdfb4[libsecsdk.so@0x20fb4]		sub	x3, x3, #8	X3=0x7022a5e010
0x70225fdfb8[libsecsdk.so@0x20fb8]		cmp	x0, x3	X0=0x7022a5e000 X3=0x7022a5e008
0x70225fdfbc[libsecsdk.so@0x20fbc]		b.ls	#-20	
0x70225fdfa8[libsecsdk.so@0x20fa8]		ldr	x4, [x3]	X3=0x7022a5e008
0x70225fdfac[libsecsdk.so@0x20fac]		cmp	x2, x4	X2=0x41 X4=0x2876
0x70225fdfb0[libsecsdk.so@0x20fb0]		b.eq	#72	
0x70225fdfb4[libsecsdk.so@0x20fb4]		sub	x3, x3, #8	X3=0x7022a5e008
0x70225fdfb8[libsecsdk.so@0x20fb8]		cmp	x0, x3	X0=0x7022a5e000 X3=0x7022a5e000
0x70225fdfbc[libsecsdk.so@0x20fbc]		b.ls	#-20	
0x70225fdfa8[libsecsdk.so@0x20fa8]		ldr	x4, [x3]	X3=0x7022a5e000
0x70225fdfac[libsecsdk.so@0x20fac]		cmp	x2, x4	X2=0x41 X4=0x2866
0x70225fdfb0[libsecsdk.so@0x20fb0]		b.eq	#72	
0x70225fdfb4[libsecsdk.so@0x20fb4]		sub	x3, x3, #8	X3=0x7022a5e000
0x70225fdfb8[libsecsdk.so@0x20fb8]		cmp	x0, x3	X0=0x7022a5e000 X3=0x7022a5dff8
0x70225fdfbc[libsecsdk.so@0x20fbc]		b.ls	#-20	
0x70225fdfc0[libsecsdk.so@0x20fc0]		mov	x19, x1	X1=0x708b79f068
0x70225fdfc4[libsecsdk.so@0x20fc4]		ldr	w1, [x1, #16]	X1=0x708b79f068
0x70225fdfc8[libsecsdk.so@0x20fc8]		add	x3, x0, w1, sxtw #3	X0=0x7022a5e000 W1=0x400
0x70225fdfcc[libsecsdk.so@0x20fcc]		cmp	x3, x5	X3=0x7022a60000 X5=0x7022a5e030
0x70225fdfd0[libsecsdk.so@0x20fd0]		mov	x21, x2	X2=0x41
0x70225fdfd4[libsecsdk.so@0x20fd4]		b.eq	#92	
0x70225fdfd8[libsecsdk.so@0x20fd8]		add	x0, x5, #8	X5=0x7022a5e030
0x70225fdfdc[libsecsdk.so@0x20fdc]		str	x0, [x19]	X0=0x7022a5e038 X19=0x708b79f068
0x70225fdfe0[libsecsdk.so@0x20fe0]		str	x21, [x5]	X21=0x41 X5=0x7022a5e030
0x70225fdfe4[libsecsdk.so@0x20fe4]		mov	w0, #1	
0x70225fdfe8[libsecsdk.so@0x20fe8]		ldp	x19, x20, [sp]	SP=0x708b79ef00
0x70225fdfec[libsecsdk.so@0x20fec]		ldp	x21, x30, [sp, #16]	SP=0x708b79ef00
0x70225fdff0[libsecsdk.so@0x20ff0]		add	sp, sp, #32	SP=0x708b79ef00
0x70225fdff4[libsecsdk.so@0x20ff4]		ret	LR=0x70225f843c
0x70225f843c[libsecsdk.so@0x1b43c]		ldr	x1, [x27]	X27=0x708b79f040
0x70225f8440[libsecsdk.so@0x1b440]		add	x0, x21, #928	X21=0x7022625000
0x70225f8444[libsecsdk.so@0x1b444]		add	x2, x1, #2	X1=0x711b5b7396
0x70225f8448[libsecsdk.so@0x1b448]		str	x2, [x27]	X2=0x711b5b7398 X27=0x708b79f040
0x70225f844c[libsecsdk.so@0x1b44c]		ldrh	w19, [x1, #2]	X1=0x711b5b7396
0x70225f8450[libsecsdk.so@0x1b450]		uxtb	w1, w19	W19=0x2070
0x70225f8454[libsecsdk.so@0x1b454]		ldr	x0, [x0, w1, sxtw #3]	X0=0x70226253a0 W1=0x70
0x70225f8458[libsecsdk.so@0x1b458]		br	x0	X0=0x70225fc304
0x70225fc304[libsecsdk.so@0x1f304]		fmov	w1, s9	
0x70225fc308[libsecsdk.so@0x1f308]		ldr	x0, [x27]	X27=0x708b79f040
0x70225fc30c[libsecsdk.so@0x1f30c]		asr	w5, w19, #12	W19=0x2070
0x70225fc310[libsecsdk.so@0x1f310]		str	x5, [sp, #192]	X5=0x2 SP=0x708b79ef20
0x70225fc314[libsecsdk.so@0x1f314]		ldrh	w3, [x0, #4]	X0=0x711b5b7398
0x70225fc318[libsecsdk.so@0x1f318]		mov	w7, w1	W1=0x8
0x70225fc31c[libsecsdk.so@0x1f31c]		asr	w1, w19, #8	W19=0x2070
0x70225fc320[libsecsdk.so@0x1f320]		and	w4, w3, #0xf	W3=0x54
0x70225fc324[libsecsdk.so@0x1f324]		ldrh	w6, [x0, #2]	X0=0x711b5b7398
0x70225fc328[libsecsdk.so@0x1f328]		fmov	s8, w1	W1=0x20
0x70225fc32c[libsecsdk.so@0x1f32c]		add	x1, x7, w4, uxtw #1	X7=0x8 W4=0x4
0x70225fc330[libsecsdk.so@0x1f330]		lsl	x1, x1, #2	X1=0x10
0x70225fc334[libsecsdk.so@0x1f334]		sxtw	x19, w5	X5=0x2
0x70225fc338[libsecsdk.so@0x1f338]		lsl	x0, x19, #2	X19=0x2
0x70225fc33c[libsecsdk.so@0x1f33c]		str	x6, [sp, #240]	X6=0x2e SP=0x708b79ef20
0x70225fc340[libsecsdk.so@0x1f340]		str	x3, [sp, #232]	X3=0x54 SP=0x708b79ef20
0x70225fc344[libsecsdk.so@0x1f344]		ldr	x11, [x25, x1]	X25=0x708a8893c0 X1=0x40
0x70225fc348[libsecsdk.so@0x1f348]		str	x7, [sp, #224]	X7=0x8 SP=0x708b79ef20
0x70225fc34c[libsecsdk.so@0x1f34c]		str	x4, [sp, #216]	X4=0x4 SP=0x708b79ef20
0x70225fc350[libsecsdk.so@0x1f350]		str	x11, [sp, #208]	X11=0x95 SP=0x708b79ef20
0x70225fc354[libsecsdk.so@0x1f354]		bl	#39576	SP=0x708b79ef20
0x7022605dec[libsecsdk.so@0x28dec]		stp	x29, x30, [sp, #-16]!	FP=0x708b79f600 LR=0x70225fc358 SP=0x708b79ef20
0x7022605df0[libsecsdk.so@0x28df0]		mov	x29, sp	SP=0x708b79ef10
0x7022605df4[libsecsdk.so@0x28df4]		bl	#-212	SP=0x708b79ef10
0x7022605d20[libsecsdk.so@0x28d20]		stp	x29, x30, [sp, #-32]!	FP=0x708b79ef10 LR=0x7022605df8 SP=0x708b79ef10
0x7022605d24[libsecsdk.so@0x28d24]		mov	x29, sp	SP=0x708b79eef0
0x7022605d28[libsecsdk.so@0x28d28]		stp	x19, x20, [sp, #16]	X19=0x2 X20=0x708a819500 SP=0x708b79eef0
0x7022605d2c[libsecsdk.so@0x28d2c]		mov	x19, x0	X0=0x8
0x7022605d30[libsecsdk.so@0x28d30]		adrp	x20, #139264	
0x7022605d34[libsecsdk.so@0x28d34]		b	#32	
0x7022605d54[libsecsdk.so@0x28d54]		mov	x0, x19	X19=0x8
0x7022605d58[libsecsdk.so@0x28d58]		bl	#-132552	SP=0x708b79eef0
0x70225e5790[libsecsdk.so@0x8790]		adrp	x16, #266240	
0x70225e5794[libsecsdk.so@0x8794]		ldr	x17, [x16, #3352]	X16=0x7022626000
0x70225e5798[libsecsdk.so@0x8798]		add	x16, x16, #3352	X16=0x7022626000
0x70225e579c[libsecsdk.so@0x879c]		br	x17	X17=0x711abd432c
0x7022605d5c[libsecsdk.so@0x28d5c]		cbz	x0, #-36	X0=0x708a81f938
0x7022605d60[libsecsdk.so@0x28d60]		ldp	x19, x20, [sp, #16]	SP=0x708b79eef0
0x7022605d64[libsecsdk.so@0x28d64]		ldp	x29, x30, [sp], #32	SP=0x708b79eef0
0x7022605d68[libsecsdk.so@0x28d68]		ret	LR=0x7022605df8
0x7022605df8[libsecsdk.so@0x28df8]		ldp	x29, x30, [sp], #16	SP=0x708b79ef10
0x7022605dfc[libsecsdk.so@0x28dfc]		ret	LR=0x70225fc358
0x70225fc358[libsecsdk.so@0x1f358]		mov	x28, x0	X0=0x708a81f938
0x70225fc35c[libsecsdk.so@0x1f35c]		lsl	x0, x19, #3	X19=0x2
0x70225fc360[libsecsdk.so@0x1f360]		bl	#39564	SP=0x708b79ef20
0x7022605dec[libsecsdk.so@0x28dec]		stp	x29, x30, [sp, #-16]!	FP=0x708b79f600 LR=0x70225fc364 SP=0x708b79ef20
0x7022605df0[libsecsdk.so@0x28df0]		mov	x29, sp	SP=0x708b79ef10
0x7022605df4[libsecsdk.so@0x28df4]		bl	#-212	SP=0x708b79ef10
0x7022605d20[libsecsdk.so@0x28d20]		stp	x29, x30, [sp, #-32]!	FP=0x708b79ef10 LR=0x7022605df8 SP=0x708b79ef10
0x7022605d24[libsecsdk.so@0x28d24]		mov	x29, sp	SP=0x708b79eef0
0x7022605d28[libsecsdk.so@0x28d28]		stp	x19, x20, [sp, #16]	X19=0x2 X20=0x708a819500 SP=0x708b79eef0
0x7022605d2c[libsecsdk.so@0x28d2c]		mov	x19, x0	X0=0x10
0x7022605d30[libsecsdk.so@0x28d30]		adrp	x20, #139264	
0x7022605d34[libsecsdk.so@0x28d34]		b	#32	
0x7022605d54[libsecsdk.so@0x28d54]		mov	x0, x19	X19=0x10
0x7022605d58[libsecsdk.so@0x28d58]		bl	#-132552	SP=0x708b79eef0
0x70225e5790[libsecsdk.so@0x8790]		adrp	x16, #266240	
0x70225e5794[libsecsdk.so@0x8794]		ldr	x17, [x16, #3352]	X16=0x7022626000
0x70225e5798[libsecsdk.so@0x8798]		add	x16, x16, #3352	X16=0x7022626000
0x70225e579c[libsecsdk.so@0x879c]		br	x17	X17=0x711abd432c
0x7022605d5c[libsecsdk.so@0x28d5c]		cbz	x0, #-36	X0=0x7022b26ea0
0x7022605d60[libsecsdk.so@0x28d60]		ldp	x19, x20, [sp, #16]	SP=0x708b79eef0
0x7022605d64[libsecsdk.so@0x28d64]		ldp	x29, x30, [sp], #32	SP=0x708b79eef0
0x7022605d68[libsecsdk.so@0x28d68]		ret	LR=0x7022605df8
0x7022605df8[libsecsdk.so@0x28df8]		ldp	x29, x30, [sp], #16	SP=0x708b79ef10
0x7022605dfc[libsecsdk.so@0x28dfc]		ret	LR=0x70225fc364
0x70225fc364[libsecsdk.so@0x1f364]		mov	x19, x0	X0=0x7022b26ea0
0x70225fc368[libsecsdk.so@0x1f368]		ldr	x5, [sp, #192]	SP=0x708b79ef20
0x70225fc36c[libsecsdk.so@0x1f36c]		mov	w1, #0	
0x70225fc370[libsecsdk.so@0x1f370]		mov	x0, x28	X28=0x708a81f938
0x70225fc374[libsecsdk.so@0x1f374]		ubfiz	x2, x5, #2, #4	X5=0x2
0x70225fc378[libsecsdk.so@0x1f378]		bl	#-92712	SP=0x708b79ef20
0x70225e5950[libsecsdk.so@0x8950]		adrp	x16, #266240	
0x70225e5954[libsecsdk.so@0x8954]		ldr	x17, [x16, #3576]	X16=0x7022626000
0x70225e5958[libsecsdk.so@0x8958]		add	x16, x16, #3576	X16=0x7022626000
0x70225e595c[libsecsdk.so@0x895c]		br	x17	X17=0x711ac12340
0x70225fc37c[libsecsdk.so@0x1f37c]		ldr	x5, [sp, #192]	SP=0x708b79ef20
0x70225fc380[libsecsdk.so@0x1f380]		mov	x0, x19	X19=0x7022b26ea0
0x70225fc384[libsecsdk.so@0x1f384]		mov	w1, #0	
0x70225fc388[libsecsdk.so@0x1f388]		ubfiz	x2, x5, #3, #4	X5=0x2
0x70225fc38c[libsecsdk.so@0x1f38c]		bl	#-92732	SP=0x708b79ef20
0x70225e5950[libsecsdk.so@0x8950]		adrp	x16, #266240	
0x70225e5954[libsecsdk.so@0x8954]		ldr	x17, [x16, #3576]	X16=0x7022626000
0x70225e5958[libsecsdk.so@0x8958]		add	x16, x16, #3576	X16=0x7022626000
0x70225e595c[libsecsdk.so@0x895c]		br	x17	X17=0x711ac12340
0x70225fc390[libsecsdk.so@0x1f390]		ldr	x5, [sp, #192]	SP=0x708b79ef20
0x70225fc394[libsecsdk.so@0x1f394]		ldr	x11, [sp, #208]	SP=0x708b79ef20
0x70225fc398[libsecsdk.so@0x1f398]		sub	w0, w5, #1	W5=0x2
0x70225fc39c[libsecsdk.so@0x1f39c]		ldr	x4, [sp, #216]	SP=0x708b79ef20
0x70225fc3a0[libsecsdk.so@0x1f3a0]		cmp	w0, #4	W0=0x1
0x70225fc3a4[libsecsdk.so@0x1f3a4]		ldr	x7, [sp, #224]	SP=0x708b79ef20
0x70225fc3a8[libsecsdk.so@0x1f3a8]		ldr	x3, [sp, #232]	SP=0x708b79ef20
0x70225fc3ac[libsecsdk.so@0x1f3ac]		ldr	x6, [sp, #240]	SP=0x708b79ef20
0x70225fc3b0[libsecsdk.so@0x1f3b0]		b.hi	#-356	
0x70225fc3b4[libsecsdk.so@0x1f3b4]		fmov	x1, d14	
0x70225fc3b8[libsecsdk.so@0x1f3b8]		ldrh	w0, [x1, w0, uxtw #1]	X1=0x702260dd90 W0=0x1
0x70225fc3bc[libsecsdk.so@0x1f3bc]		adr	x1, #12	
0x70225fc3c0[libsecsdk.so@0x1f3c0]		add	x0, x1, w0, sxth #2	X1=0x70225fc3c8 W0=0x1c3
0x70225fc3c4[libsecsdk.so@0x1f3c4]		br	x0	X0=0x70225fcad4
0x70225fcad4[libsecsdk.so@0x1fad4]		ubfx	x3, x3, #4, #4	X3=0x54
0x70225fcad8[libsecsdk.so@0x1fad8]		add	x7, x7, w3, sxtw #1	X7=0x8 W3=0x5
0x70225fcadc[libsecsdk.so@0x1fadc]		lsl	x7, x7, #2	X7=0x12
0x70225fcae0[libsecsdk.so@0x1fae0]		ldr	w0, [x25, w3, sxtw #2]	X25=0x708a8893c0 W3=0x5
0x70225fcae4[libsecsdk.so@0x1fae4]		str	w0, [x28, #4]	W0=0x41 X28=0x708a81f938
0x70225fcae8[libsecsdk.so@0x1fae8]		ldr	x0, [x25, x7]	X25=0x708a8893c0 X7=0x48
0x70225fcaec[libsecsdk.so@0x1faec]		str	x0, [x19, #8]	X0=0x41 X19=0x7022b26ea0
0x70225fcaf0[libsecsdk.so@0x1faf0]		ubfiz	x4, x4, #2, #4	X4=0x4
0x70225fcaf4[libsecsdk.so@0x1faf4]		ldr	w0, [x25, x4]	X25=0x708a8893c0 X4=0x10
0x70225fcaf8[libsecsdk.so@0x1faf8]		str	w0, [x28]	W0=0x95 X28=0x708a81f938
0x70225fcafc[libsecsdk.so@0x1fafc]		str	x11, [x19]	X11=0x95 X19=0x7022b26ea0
0x70225fcb00[libsecsdk.so@0x1fb00]		b	#-2228	
0x70225fc24c[libsecsdk.so@0x1f24c]		cbz	x11, #-23388	X11=0x95
0x70225fc250[libsecsdk.so@0x1f250]		add	x8, sp, #287	SP=0x708b79ef20
0x70225fc254[libsecsdk.so@0x1f254]		mov	w7, #0	
0x70225fc258[libsecsdk.so@0x1f258]		str	x8, [sp, #16]	X8=0x708b79f03f SP=0x708b79ef20
0x70225fc25c[libsecsdk.so@0x1f25c]		mov	x1, x20	X20=0x708a819500
0x70225fc260[libsecsdk.so@0x1f260]		mov	x2, x11	X11=0x95
0x70225fc264[libsecsdk.so@0x1f264]		mov	x3, x28	X28=0x708a81f938
0x70225fc268[libsecsdk.so@0x1f268]		mov	x4, x19	X19=0x7022b26ea0
0x70225fc26c[libsecsdk.so@0x1f26c]		strb	w7, [sp]	W7=0x0 SP=0x708b79ef20
0x70225fc270[libsecsdk.so@0x1f270]		strb	w7, [sp, #8]	W7=0x0 SP=0x708b79ef20
0x70225fc274[libsecsdk.so@0x1f274]		mov	x0, x24	X24=0x708a81f3e8
0x70225fc278[libsecsdk.so@0x1f278]		str	x8, [sp, #192]	X8=0x708b79f03f SP=0x708b79ef20
0x70225fc27c[libsecsdk.so@0x1f27c]		strb	w7, [sp, #287]	W7=0x0 SP=0x708b79ef20
0x70225fc280[libsecsdk.so@0x1f280]		bl	#21852	SP=0x708b79ef20
0x70226017dc[libsecsdk.so@0x247dc]		sub	sp, sp, #160	SP=0x708b79ef20
0x70226017e0[libsecsdk.so@0x247e0]		uxtb	w7, w7	W7=0x0
0x70226017e4[libsecsdk.so@0x247e4]		ubfiz	x6, x6, #3, #32	X6=0x2e
0x70226017e8[libsecsdk.so@0x247e8]		stp	d8, d9, [sp, #88]	SP=0x708b79ee80
0x70226017ec[libsecsdk.so@0x247ec]		str	d14, [sp, #136]	SP=0x708b79ee80
0x70226017f0[libsecsdk.so@0x247f0]		stp	d12, d13, [sp, #120]	SP=0x708b79ee80
0x70226017f4[libsecsdk.so@0x247f4]		stp	x19, x20, [sp]	X19=0x7022b26ea0 X20=0x708a819500 SP=0x708b79ee80
0x70226017f8[libsecsdk.so@0x247f8]		stp	d10, d11, [sp, #104]	SP=0x708b79ee80
0x70226017fc[libsecsdk.so@0x247fc]		stp	x23, x24, [sp, #32]	X23=0x708b79f068 X24=0x708a81f3e8 SP=0x708b79ee80
0x7022601800[libsecsdk.so@0x24800]		stp	x25, x26, [sp, #48]	X25=0x708a8893c0 X26=0x70228b8c00 SP=0x708b79ee80
0x7022601804[libsecsdk.so@0x24804]		stp	x21, x22, [sp, #16]	X21=0x7022625000 X22=0x708b79f088 SP=0x708b79ee80
0x7022601808[libsecsdk.so@0x24808]		stp	x27, x28, [sp, #64]	X27=0x708b79f040 X28=0x708a81f938 SP=0x708b79ee80
0x702260180c[libsecsdk.so@0x2480c]		str	x30, [sp, #80]	LR=0x70225fc284 SP=0x708b79ee80
0x7022601810[libsecsdk.so@0x24810]		mov	x24, #0	
0x7022601814[libsecsdk.so@0x24814]		fmov	s13, w7	W7=0x0
0x7022601818[libsecsdk.so@0x24818]		ldrb	w7, [sp, #168]	SP=0x708b79ee80
0x702260181c[libsecsdk.so@0x2481c]		ldr	x8, [x0]	X0=0x708a81f3e8
0x7022601820[libsecsdk.so@0x24820]		ldrb	w26, [sp, #160]	SP=0x708b79ee80
0x7022601824[libsecsdk.so@0x24824]		fmov	s8, w7	W7=0x0
0x7022601828[libsecsdk.so@0x24828]		ldr	x7, [x8, #40]	X8=0x7022a969c0
0x702260182c[libsecsdk.so@0x2482c]		adds	x19, x7, x6	X7=0x702489e5f0 X6=0x170
0x7022601830[libsecsdk.so@0x24830]		b.eq	#472	
0x7022601834[libsecsdk.so@0x24834]		ldr	w10, [x19, #4]	X19=0x702489e760
0x7022601838[libsecsdk.so@0x24838]		ldr	x9, [x8, #16]	X8=0x7022a969c0
0x702260183c[libsecsdk.so@0x2483c]		ldr	x20, [x8, #88]	X8=0x7022a969c0
0x7022601840[libsecsdk.so@0x24840]		ldr	w8, [x9, x10, lsl #2]	X9=0x702489e070 X10=0x7
0x7022601844[libsecsdk.so@0x24844]		add	x20, x20, x8	X20=0x702489e000 X8=0x141a
0x7022601848[libsecsdk.so@0x24848]		ldrsb	w8, [x20], #1	X20=0x702489f41a
0x702260184c[libsecsdk.so@0x2484c]		tbnz	w8, #31, #-4	W8=0x6
0x7022601850[libsecsdk.so@0x24850]		fmov	d12, x2	X2=0x95
0x7022601854[libsecsdk.so@0x24854]		mov	x21, x1	X1=0x708a819500
0x7022601858[libsecsdk.so@0x24858]		fmov	s14, w5	W5=0x2
0x702260185c[libsecsdk.so@0x2485c]		ldrh	w1, [x19, #2]	X19=0x702489e760
0x7022601860[libsecsdk.so@0x24860]		fmov	d11, x4	X4=0x7022b26ea0
0x7022601864[libsecsdk.so@0x24864]		mov	x22, x0	X0=0x708a81f3e8
0x7022601868[libsecsdk.so@0x24868]		fmov	d10, x3	X3=0x708a81f938
0x702260186c[libsecsdk.so@0x2486c]		str	x7, [sp, #152]	X7=0x702489e5f0 SP=0x708b79ee80
0x7022601870[libsecsdk.so@0x24870]		str	x6, [sp, #144]	X6=0x170 SP=0x708b79ee80
0x7022601874[libsecsdk.so@0x24874]		bl	#-9560	SP=0x708b79ee80
0x70225ff31c[libsecsdk.so@0x2231c]		sub	sp, sp, #96	SP=0x708b79ee80
0x70225ff320[libsecsdk.so@0x22320]		mov	w1, w1	W1=0x1a
0x70225ff324[libsecsdk.so@0x22324]		add	x1, x1, x1, lsl #1	X1=0x1a X1=0x1a
0x70225ff328[libsecsdk.so@0x22328]		stp	x21, x22, [sp, #16]	X21=0x708a819500 X22=0x708a81f3e8 SP=0x708b79ee20
0x70225ff32c[libsecsdk.so@0x2232c]		stp	x19, x20, [sp]	X19=0x702489e760 X20=0x702489f41b SP=0x708b79ee20
0x70225ff330[libsecsdk.so@0x22330]		stp	x23, x24, [sp, #32]	X23=0x708b79f068 X24=0x0 SP=0x708b79ee20
0x70225ff334[libsecsdk.so@0x22334]		stp	x25, x26, [sp, #48]	X25=0x708a8893c0 X26=0x0 SP=0x708b79ee20
0x70225ff338[libsecsdk.so@0x22338]		stp	x27, x28, [sp, #64]	X27=0x708b79f040 X28=0x708a81f938 SP=0x708b79ee20
0x70225ff33c[libsecsdk.so@0x2233c]		str	x30, [sp, #80]	LR=0x7022601878 SP=0x708b79ee20
0x70225ff340[libsecsdk.so@0x22340]		mov	x22, x0	X0=0x708a81f3e8
0x70225ff344[libsecsdk.so@0x22344]		ldr	x0, [x0]	X0=0x708a81f3e8
0x70225ff348[libsecsdk.so@0x22348]		ldr	x23, [x0, #48]	X0=0x7022a969c0
0x70225ff34c[libsecsdk.so@0x2234c]		add	x23, x23, x1, lsl #2	X23=0x702489e3e4 X1=0x4e
0x70225ff350[libsecsdk.so@0x22350]		ldr	w1, [x23, #8]	X23=0x702489e51c
0x70225ff354[libsecsdk.so@0x22354]		cbnz	w1, #272	W1=0x1344
0x70225ff464[libsecsdk.so@0x22464]		ldr	x21, [x0, #88]	X0=0x7022a969c0
0x70225ff468[libsecsdk.so@0x22468]		mov	w1, w1	W1=0x1344
0x70225ff46c[libsecsdk.so@0x2246c]		adds	x26, x21, x1	X21=0x702489e000 X1=0x1344
0x70225ff470[libsecsdk.so@0x22470]		b.eq	#88	
0x70225ff474[libsecsdk.so@0x22474]		ldr	w25, [x21, x1]	X21=0x702489e000 X1=0x1344
0x70225ff478[libsecsdk.so@0x22478]		cbz	w25, #100	W25=0x1
0x70225ff47c[libsecsdk.so@0x2247c]		sub	w24, w25, #1	W25=0x1
0x70225ff480[libsecsdk.so@0x22480]		ldr	x27, [x0, #24]	X0=0x7022a969c0
0x70225ff484[libsecsdk.so@0x22484]		add	x24, x24, #3	X24=0x0
0x70225ff488[libsecsdk.so@0x22488]		ldr	x28, [x0, #16]	X0=0x7022a969c0
0x70225ff48c[libsecsdk.so@0x2248c]		add	x19, x26, #4	X26=0x702489f344
0x70225ff490[libsecsdk.so@0x22490]		mov	x20, #3	
0x70225ff494[libsecsdk.so@0x22494]		add	x24, x26, x24, lsl #1	X26=0x702489f344 X24=0x3
0x70225ff498[libsecsdk.so@0x22498]		ldrh	w2, [x19]	X19=0x702489f348
0x70225ff49c[libsecsdk.so@0x2249c]		ldr	w2, [x27, x2, lsl #2]	X27=0x702489e35c X2=0x1f
0x70225ff4a0[libsecsdk.so@0x224a0]		ldr	w1, [x28, x2, lsl #2]	X28=0x702489e070 X2=0x49
0x70225ff4a4[libsecsdk.so@0x224a4]		add	x0, x21, x1	X21=0x702489e000 X1=0x1861
0x70225ff4a8[libsecsdk.so@0x224a8]		ldrsb	w1, [x0], #1	X0=0x702489f861
0x70225ff4ac[libsecsdk.so@0x224ac]		tbnz	w1, #31, #-4	W1=0x2
0x70225ff4b0[libsecsdk.so@0x224b0]		bl	#-105008	SP=0x708b79ee20
0x70225e5a80[libsecsdk.so@0x8a80]		adrp	x16, #266240	
0x70225e5a84[libsecsdk.so@0x8a84]		ldr	x17, [x16, #3728]	X16=0x7022626000
0x70225e5a88[libsecsdk.so@0x8a88]		add	x16, x16, #3728	X16=0x7022626000
0x70225e5a8c[libsecsdk.so@0x8a8c]		br	x17	X17=0x711ac12960
0x70225ff4b4[libsecsdk.so@0x224b4]		add	x19, x19, #2	X19=0x702489f348
0x70225ff4b8[libsecsdk.so@0x224b8]		cmp	x19, x24	X19=0x702489f34a X24=0x702489f34a
0x70225ff4bc[libsecsdk.so@0x224bc]		add	x20, x20, x0	X20=0x3 X0=0x2
0x70225ff4c0[libsecsdk.so@0x224c0]		b.ne	#-40	
0x70225ff4c4[libsecsdk.so@0x224c4]		b	#-340	
0x70225ff370[libsecsdk.so@0x22370]		ldr	w0, [x23, #4]	X23=0x702489e51c
0x70225ff374[libsecsdk.so@0x22374]		ldr	w0, [x27, x0, lsl #2]	X27=0x702489e35c X0=0x1d
0x70225ff378[libsecsdk.so@0x22378]		ldr	w1, [x28, x0, lsl #2]	X28=0x702489e070 X0=0x3e
0x70225ff37c[libsecsdk.so@0x2237c]		add	x0, x21, x1	X21=0x702489e000 X1=0x180c
0x70225ff380[libsecsdk.so@0x22380]		ldrsb	w2, [x0], #1	X0=0x702489f80c
0x70225ff384[libsecsdk.so@0x22384]		tbnz	w2, #31, #-4	W2=0x1
0x70225ff388[libsecsdk.so@0x22388]		bl	#-104712	SP=0x708b79ee20
0x70225e5a80[libsecsdk.so@0x8a80]		adrp	x16, #266240	
0x70225e5a84[libsecsdk.so@0x8a84]		ldr	x17, [x16, #3728]	X16=0x7022626000
0x70225e5a88[libsecsdk.so@0x8a88]		add	x16, x16, #3728	X16=0x7022626000
0x70225e5a8c[libsecsdk.so@0x8a8c]		br	x17	X17=0x711ac12960
0x70225ff38c[libsecsdk.so@0x2238c]		add	x0, x0, x20	X0=0x1 X20=0x5
0x70225ff390[libsecsdk.so@0x22390]		bl	#27228	SP=0x708b79ee20
0x7022605dec[libsecsdk.so@0x28dec]		stp	x29, x30, [sp, #-16]!	FP=0x708b79f600 LR=0x70225ff394 SP=0x708b79ee20
0x7022605df0[libsecsdk.so@0x28df0]		mov	x29, sp	SP=0x708b79ee10
0x7022605df4[libsecsdk.so@0x28df4]		bl	#-212	SP=0x708b79ee10
0x7022605d20[libsecsdk.so@0x28d20]		stp	x29, x30, [sp, #-32]!	FP=0x708b79ee10 LR=0x7022605df8 SP=0x708b79ee10
0x7022605d24[libsecsdk.so@0x28d24]		mov	x29, sp	SP=0x708b79edf0
0x7022605d28[libsecsdk.so@0x28d28]		stp	x19, x20, [sp, #16]	X19=0x702489f34a X20=0x5 SP=0x708b79edf0
0x7022605d2c[libsecsdk.so@0x28d2c]		mov	x19, x0	X0=0x6
0x7022605d30[libsecsdk.so@0x28d30]		adrp	x20, #139264	
0x7022605d34[libsecsdk.so@0x28d34]		b	#32	
0x7022605d54[libsecsdk.so@0x28d54]		mov	x0, x19	X19=0x6
0x7022605d58[libsecsdk.so@0x28d58]		bl	#-132552	SP=0x708b79edf0
0x70225e5790[libsecsdk.so@0x8790]		adrp	x16, #266240	
0x70225e5794[libsecsdk.so@0x8794]		ldr	x17, [x16, #3352]	X16=0x7022626000
0x70225e5798[libsecsdk.so@0x8798]		add	x16, x16, #3352	X16=0x7022626000
0x70225e579c[libsecsdk.so@0x879c]		br	x17	X17=0x711abd432c
0x7022605d5c[libsecsdk.so@0x28d5c]		cbz	x0, #-36	X0=0x708a81f950
0x7022605d60[libsecsdk.so@0x28d60]		ldp	x19, x20, [sp, #16]	SP=0x708b79edf0
0x7022605d64[libsecsdk.so@0x28d64]		ldp	x29, x30, [sp], #32	SP=0x708b79edf0
0x7022605d68[libsecsdk.so@0x28d68]		ret	LR=0x7022605df8
0x7022605df8[libsecsdk.so@0x28df8]		ldp	x29, x30, [sp], #16	SP=0x708b79ee10
0x7022605dfc[libsecsdk.so@0x28dfc]		ret	LR=0x70225ff394
0x70225ff394[libsecsdk.so@0x22394]		mov	x24, x0	X0=0x708a81f950
0x70225ff398[libsecsdk.so@0x22398]		add	x21, x0, #1	X0=0x708a81f950
0x70225ff39c[libsecsdk.so@0x2239c]		mov	w0, #40	
0x70225ff3a0[libsecsdk.so@0x223a0]		strb	w0, [x24]	W0=0x28 X24=0x708a81f950
0x70225ff3a4[libsecsdk.so@0x223a4]		cbz	w25, #96	W25=0x1
0x70225ff3a8[libsecsdk.so@0x223a8]		sub	w25, w25, #1	W25=0x1
0x70225ff3ac[libsecsdk.so@0x223ac]		add	x20, x26, #4	X26=0x702489f344
0x70225ff3b0[libsecsdk.so@0x223b0]		add	x25, x25, #3	X25=0x0
0x70225ff3b4[libsecsdk.so@0x223b4]		add	x25, x26, x25, lsl #1	X26=0x702489f344 X25=0x3
0x70225ff3b8[libsecsdk.so@0x223b8]		ldr	x1, [x22]	X22=0x708a81f3e8
0x70225ff3bc[libsecsdk.so@0x223bc]		ldrh	w4, [x20]	X20=0x702489f348
0x70225ff3c0[libsecsdk.so@0x223c0]		ldr	x3, [x1, #24]	X1=0x7022a969c0
0x70225ff3c4[libsecsdk.so@0x223c4]		ldr	x2, [x1, #16]	X1=0x7022a969c0
0x70225ff3c8[libsecsdk.so@0x223c8]		ldr	x19, [x1, #88]	X1=0x7022a969c0
0x70225ff3cc[libsecsdk.so@0x223cc]		ldr	w1, [x3, x4, lsl #2]	X3=0x702489e35c X4=0x1f
0x70225ff3d0[libsecsdk.so@0x223d0]		ldr	w1, [x2, x1, lsl #2]	X2=0x702489e070 X1=0x49
0x70225ff3d4[libsecsdk.so@0x223d4]		add	x19, x19, x1	X19=0x702489e000 X1=0x1861
0x70225ff3d8[libsecsdk.so@0x223d8]		ldrsb	w1, [x19], #1	X19=0x702489f861
0x70225ff3dc[libsecsdk.so@0x223dc]		tbnz	w1, #31, #-4	W1=0x2
0x70225ff3e0[libsecsdk.so@0x223e0]		mov	x0, x21	X21=0x708a81f951
0x70225ff3e4[libsecsdk.so@0x223e4]		mov	x1, x19	X19=0x702489f862
0x70225ff3e8[libsecsdk.so@0x223e8]		add	x20, x20, #2	X20=0x702489f348
0x70225ff3ec[libsecsdk.so@0x223ec]		bl	#-105788	SP=0x708b79ee20
0x70225e56b0[libsecsdk.so@0x86b0]		adrp	x16, #266240	
0x70225e56b4[libsecsdk.so@0x86b4]		ldr	x17, [x16, #3240]	X16=0x7022626000
0x70225e56b8[libsecsdk.so@0x86b8]		add	x16, x16, #3240	X16=0x7022626000
0x70225e56bc[libsecsdk.so@0x86bc]		br	x17	X17=0x711ac12830
0x70225ff3f0[libsecsdk.so@0x223f0]		mov	x0, x19	X19=0x702489f862
0x70225ff3f4[libsecsdk.so@0x223f4]		bl	#-104820	SP=0x708b79ee20
0x70225e5a80[libsecsdk.so@0x8a80]		adrp	x16, #266240	
0x70225e5a84[libsecsdk.so@0x8a84]		ldr	x17, [x16, #3728]	X16=0x7022626000
0x70225e5a88[libsecsdk.so@0x8a88]		add	x16, x16, #3728	X16=0x7022626000
0x70225e5a8c[libsecsdk.so@0x8a8c]		br	x17	X17=0x711ac12960
0x70225ff3f8[libsecsdk.so@0x223f8]		add	x21, x21, x0	X21=0x708a81f951 X0=0x2
0x70225ff3fc[libsecsdk.so@0x223fc]		cmp	x20, x25	X20=0x702489f34a X25=0x702489f34a
0x70225ff400[libsecsdk.so@0x22400]		b.ne	#-72	
0x70225ff404[libsecsdk.so@0x22404]		mov	w0, #41	
0x70225ff408[libsecsdk.so@0x22408]		strb	w0, [x21]	W0=0x29 X21=0x708a81f953
0x70225ff40c[libsecsdk.so@0x2240c]		add	x21, x21, #1	X21=0x708a81f953
0x70225ff410[libsecsdk.so@0x22410]		ldr	x0, [x22]	X22=0x708a81f3e8
0x70225ff414[libsecsdk.so@0x22414]		ldr	w3, [x23, #4]	X23=0x702489e51c
0x70225ff418[libsecsdk.so@0x22418]		ldr	x2, [x0, #24]	X0=0x7022a969c0
0x70225ff41c[libsecsdk.so@0x2241c]		ldr	x1, [x0, #16]	X0=0x7022a969c0
0x70225ff420[libsecsdk.so@0x22420]		ldr	x0, [x0, #88]	X0=0x7022a969c0
0x70225ff424[libsecsdk.so@0x22424]		ldr	w2, [x2, x3, lsl #2]	X2=0x702489e35c X3=0x1d
0x70225ff428[libsecsdk.so@0x22428]		ldr	w1, [x1, x2, lsl #2]	X1=0x702489e070 X2=0x3e
0x70225ff42c[libsecsdk.so@0x2242c]		add	x1, x0, x1	X0=0x702489e000 X1=0x180c
0x70225ff430[libsecsdk.so@0x22430]		ldrsb	w2, [x1], #1	X1=0x702489f80c
0x70225ff434[libsecsdk.so@0x22434]		tbnz	w2, #31, #-4	W2=0x1
0x70225ff438[libsecsdk.so@0x22438]		mov	x0, x21	X21=0x708a81f954
0x70225ff43c[libsecsdk.so@0x2243c]		bl	#-105868	SP=0x708b79ee20
0x70225e56b0[libsecsdk.so@0x86b0]		adrp	x16, #266240	
0x70225e56b4[libsecsdk.so@0x86b4]		ldr	x17, [x16, #3240]	X16=0x7022626000
0x70225e56b8[libsecsdk.so@0x86b8]		add	x16, x16, #3240	X16=0x7022626000
0x70225e56bc[libsecsdk.so@0x86bc]		br	x17	X17=0x711ac12830
0x70225ff440[libsecsdk.so@0x22440]		mov	x0, x24	X24=0x708a81f950
0x70225ff444[libsecsdk.so@0x22444]		ldr	x30, [sp, #80]	SP=0x708b79ee20
0x70225ff448[libsecsdk.so@0x22448]		ldp	x19, x20, [sp]	SP=0x708b79ee20
0x70225ff44c[libsecsdk.so@0x2244c]		ldp	x21, x22, [sp, #16]	SP=0x708b79ee20
0x70225ff450[libsecsdk.so@0x22450]		ldp	x23, x24, [sp, #32]	SP=0x708b79ee20
0x70225ff454[libsecsdk.so@0x22454]		ldp	x25, x26, [sp, #48]	SP=0x708b79ee20
0x70225ff458[libsecsdk.so@0x22458]		ldp	x27, x28, [sp, #64]	SP=0x708b79ee20
0x70225ff45c[libsecsdk.so@0x2245c]		add	sp, sp, #96	SP=0x708b79ee20
0x70225ff460[libsecsdk.so@0x22460]		ret	LR=0x7022601878
0x7022601878[libsecsdk.so@0x24878]		ldrh	w23, [x19, #2]	X19=0x702489e760
0x702260187c[libsecsdk.so@0x2487c]		mov	x27, x0	X0=0x708a81f950
0x7022601880[libsecsdk.so@0x24880]		ldr	x0, [x22]	X22=0x708a81f3e8
0x7022601884[libsecsdk.so@0x24884]		ldr	x7, [sp, #152]	SP=0x708b79ee80
0x7022601888[libsecsdk.so@0x24888]		add	x23, x23, x23, lsl #1	X23=0x1a X23=0x1a
0x702260188c[libsecsdk.so@0x2488c]		ldr	x6, [sp, #144]	SP=0x708b79ee80
0x7022601890[libsecsdk.so@0x24890]		ldr	x25, [x0, #48]	X0=0x7022a969c0
0x7022601894[libsecsdk.so@0x24894]		lsl	x23, x23, #2	X23=0x4e
0x7022601898[libsecsdk.so@0x24898]		ldr	x2, [x0, #24]	X0=0x7022a969c0
0x702260189c[libsecsdk.so@0x2489c]		ldr	x1, [x0, #16]	X0=0x7022a969c0
0x70226018a0[libsecsdk.so@0x248a0]		ldr	x19, [x0, #88]	X0=0x7022a969c0
0x70226018a4[libsecsdk.so@0x248a4]		add	x0, x25, x23	X25=0x702489e3e4 X23=0x138
0x70226018a8[libsecsdk.so@0x248a8]		ldr	w0, [x0, #4]	X0=0x702489e51c
0x70226018ac[libsecsdk.so@0x248ac]		ldr	w0, [x2, x0, lsl #2]	X2=0x702489e35c X0=0x1d
0x70226018b0[libsecsdk.so@0x248b0]		ldr	w0, [x1, x0, lsl #2]	X1=0x702489e070 X0=0x3e
0x70226018b4[libsecsdk.so@0x248b4]		add	x19, x19, x0	X19=0x702489e000 X0=0x180c
0x70226018b8[libsecsdk.so@0x248b8]		ldrsb	w8, [x19], #1	X19=0x702489f80c
0x70226018bc[libsecsdk.so@0x248bc]		tbnz	w8, #31, #-4	W8=0x1
0x70226018c0[libsecsdk.so@0x248c0]		ldrb	w1, [x19]	X19=0x702489f80d
0x70226018c4[libsecsdk.so@0x248c4]		cmp	w1, #91	W1=0x56
0x70226018c8[libsecsdk.so@0x248c8]		cset	w2, eq	
0x70226018cc[libsecsdk.so@0x248cc]		cmp	w1, #76	W1=0x56
0x70226018d0[libsecsdk.so@0x248d0]		ldr	x1, [sp, #176]	SP=0x708b79ee80
0x70226018d4[libsecsdk.so@0x248d4]		cset	w0, eq	
0x70226018d8[libsecsdk.so@0x248d8]		orr	w0, w2, w0	W2=0x0 W0=0x0
0x70226018dc[libsecsdk.so@0x248dc]		strb	w0, [x1]	W0=0x0 X1=0x708b79f03f
0x70226018e0[libsecsdk.so@0x248e0]		fmov	w0, s8	
0x70226018e4[libsecsdk.so@0x248e4]		cbnz	w0, #424	W0=0x0
0x70226018e8[libsecsdk.so@0x248e8]		ldrh	w2, [x7, x6]	X7=0x702489e5f0 X6=0x170
0x70226018ec[libsecsdk.so@0x248ec]		mov	x0, x22	X22=0x708a81f3e8
0x70226018f0[libsecsdk.so@0x248f0]		mov	x1, x21	X21=0x708a819500
0x70226018f4[libsecsdk.so@0x248f4]		bl	#-11480	SP=0x708b79ee80
0x70225fec1c[libsecsdk.so@0x21c1c]		sub	sp, sp, #48	SP=0x708b79ee80
0x70225fec20[libsecsdk.so@0x21c20]		stp	x19, x20, [sp]	X19=0x702489f80d X20=0x702489f41b SP=0x708b79ee50
0x70225fec24[libsecsdk.so@0x21c24]		str	x30, [sp, #16]	LR=0x70226018f8 SP=0x708b79ee50
0x70225fec28[libsecsdk.so@0x21c28]		ldr	x3, [x0]	X0=0x708a81f3e8
0x70225fec2c[libsecsdk.so@0x21c2c]		ldr	x5, [x3, #24]	X3=0x7022a969c0
0x70225fec30[libsecsdk.so@0x21c30]		ldr	x4, [x3, #16]	X3=0x7022a969c0
0x70225fec34[libsecsdk.so@0x21c34]		ldr	x0, [x3, #88]	X3=0x7022a969c0
0x70225fec38[libsecsdk.so@0x21c38]		ldr	w2, [x5, w2, uxtw #2]	X5=0x702489e35c W2=0x13
0x70225fec3c[libsecsdk.so@0x21c3c]		ldr	w2, [x4, x2, lsl #2]	X4=0x702489e070 X2=0x2e
0x70225fec40[libsecsdk.so@0x21c40]		add	x0, x0, x2	X0=0x702489e000 X2=0x16bd
0x70225fec44[libsecsdk.so@0x21c44]		ldrsb	w2, [x0], #1	X0=0x702489f6bd
0x70225fec48[libsecsdk.so@0x21c48]		tbnz	w2, #31, #-4	W2=0x12
0x70225fec4c[libsecsdk.so@0x21c4c]		str	x1, [sp, #40]	X1=0x708a819500 SP=0x708b79ee50
0x70225fec50[libsecsdk.so@0x21c50]		bl	#-2872	SP=0x708b79ee50
0x70225fe118[libsecsdk.so@0x21118]		sub	sp, sp, #64	SP=0x708b79ee50
0x70225fe11c[libsecsdk.so@0x2111c]		stp	x19, x20, [sp]	X19=0x702489f80d X20=0x702489f41b SP=0x708b79ee10
0x70225fe120[libsecsdk.so@0x21120]		stp	x21, x22, [sp, #16]	X21=0x708a819500 X22=0x708a81f3e8 SP=0x708b79ee10
0x70225fe124[libsecsdk.so@0x21124]		str	x30, [sp, #32]	LR=0x70225fec54 SP=0x708b79ee10
0x70225fe128[libsecsdk.so@0x21128]		mov	x19, x0	X0=0x702489f6be
0x70225fe12c[libsecsdk.so@0x2112c]		bl	#-100012	SP=0x708b79ee10
0x70225e5a80[libsecsdk.so@0x8a80]		adrp	x16, #266240	
0x70225e5a84[libsecsdk.so@0x8a84]		ldr	x17, [x16, #3728]	X16=0x7022626000
0x70225e5a88[libsecsdk.so@0x8a88]		add	x16, x16, #3728	X16=0x7022626000
0x70225e5a8c[libsecsdk.so@0x8a8c]		br	x17	X17=0x711ac12960
0x70225fe130[libsecsdk.so@0x21130]		add	w2, w0, #1	W0=0x12
0x70225fe134[libsecsdk.so@0x21134]		mov	x22, x0	X0=0x12
0x70225fe138[libsecsdk.so@0x21138]		mov	w21, w0	W0=0x12
0x70225fe13c[libsecsdk.so@0x2113c]		mov	x0, x2	X2=0x13
0x70225fe140[libsecsdk.so@0x21140]		str	x2, [sp, #56]	X2=0x13 SP=0x708b79ee10
0x70225fe144[libsecsdk.so@0x21144]		bl	#31912	SP=0x708b79ee10
0x7022605dec[libsecsdk.so@0x28dec]		stp	x29, x30, [sp, #-16]!	FP=0x708b79f600 LR=0x70225fe148 SP=0x708b79ee10
0x7022605df0[libsecsdk.so@0x28df0]		mov	x29, sp	SP=0x708b79ee00
0x7022605df4[libsecsdk.so@0x28df4]		bl	#-212	SP=0x708b79ee00
0x7022605d20[libsecsdk.so@0x28d20]		stp	x29, x30, [sp, #-32]!	FP=0x708b79ee00 LR=0x7022605df8 SP=0x708b79ee00
0x7022605d24[libsecsdk.so@0x28d24]		mov	x29, sp	SP=0x708b79ede0
0x7022605d28[libsecsdk.so@0x28d28]		stp	x19, x20, [sp, #16]	X19=0x702489f6be X20=0x702489f41b SP=0x708b79ede0
0x7022605d2c[libsecsdk.so@0x28d2c]		mov	x19, x0	X0=0x13
0x7022605d30[libsecsdk.so@0x28d30]		adrp	x20, #139264	
0x7022605d34[libsecsdk.so@0x28d34]		b	#32	
0x7022605d54[libsecsdk.so@0x28d54]		mov	x0, x19	X19=0x13
0x7022605d58[libsecsdk.so@0x28d58]		bl	#-132552	SP=0x708b79ede0
0x70225e5790[libsecsdk.so@0x8790]		adrp	x16, #266240	
0x70225e5794[libsecsdk.so@0x8794]		ldr	x17, [x16, #3352]	X16=0x7022626000
0x70225e5798[libsecsdk.so@0x8798]		add	x16, x16, #3352	X16=0x7022626000
0x70225e579c[libsecsdk.so@0x879c]		br	x17	X17=0x711abd432c
0x7022605d5c[libsecsdk.so@0x28d5c]		cbz	x0, #-36	X0=0x7022a57e40
0x7022605d60[libsecsdk.so@0x28d60]		ldp	x19, x20, [sp, #16]	SP=0x708b79ede0
0x7022605d64[libsecsdk.so@0x28d64]		ldp	x29, x30, [sp], #32	SP=0x708b79ede0
0x7022605d68[libsecsdk.so@0x28d68]		ret	LR=0x7022605df8
0x7022605df8[libsecsdk.so@0x28df8]		ldp	x29, x30, [sp], #16	SP=0x708b79ee00
0x7022605dfc[libsecsdk.so@0x28dfc]		ret	LR=0x70225fe148
0x70225fe148[libsecsdk.so@0x21148]		mov	x20, x0	X0=0x7022a57e40
0x70225fe14c[libsecsdk.so@0x2114c]		ldr	x2, [sp, #56]	SP=0x708b79ee10
0x70225fe150[libsecsdk.so@0x21150]		mov	w1, #0	
0x70225fe154[libsecsdk.so@0x21154]		bl	#-100356	SP=0x708b79ee10
0x70225e5950[libsecsdk.so@0x8950]		adrp	x16, #266240	
0x70225e5954[libsecsdk.so@0x8954]		ldr	x17, [x16, #3576]	X16=0x7022626000
0x70225e5958[libsecsdk.so@0x8958]		add	x16, x16, #3576	X16=0x7022626000
0x70225e595c[libsecsdk.so@0x895c]		br	x17	X17=0x711ac12340
0x70225fe158[libsecsdk.so@0x21158]		ldrb	w0, [x19]	X19=0x702489f6be
0x70225fe15c[libsecsdk.so@0x2115c]		cmp	w0, #76	W0=0x4c
0x70225fe160[libsecsdk.so@0x21160]		b.eq	#44	
0x70225fe18c[libsecsdk.so@0x2118c]		cmp	w22, #1	W22=0x12
0x70225fe190[libsecsdk.so@0x21190]		b.ls	#-28	
0x70225fe194[libsecsdk.so@0x21194]		ldrb	w3, [x19, #1]	X19=0x702489f6be
0x70225fe198[libsecsdk.so@0x21198]		mov	x2, #2	
0x70225fe19c[libsecsdk.so@0x2119c]		cmp	w3, #59	W3=0x6a
0x70225fe1a0[libsecsdk.so@0x211a0]		b.ne	#20	
0x70225fe1b4[libsecsdk.so@0x211b4]		add	x4, x20, x2	X20=0x7022a57e40 X2=0x2
0x70225fe1b8[libsecsdk.so@0x211b8]		cmp	w21, w2	W21=0x12 W2=0x2
0x70225fe1bc[libsecsdk.so@0x211bc]		add	x2, x2, #1	X2=0x2
0x70225fe1c0[libsecsdk.so@0x211c0]		add	x5, x19, x2	X19=0x702489f6be X2=0x3
0x70225fe1c4[libsecsdk.so@0x211c4]		sturb	w3, [x4, #-2]	W3=0x6a X4=0x7022a57e42
0x70225fe1c8[libsecsdk.so@0x211c8]		b.hi	#-32	
0x70225fe1a8[libsecsdk.so@0x211a8]		ldurb	w3, [x5, #-1]	X5=0x702489f6c1
0x70225fe1ac[libsecsdk.so@0x211ac]		cmp	w3, #59	W3=0x61
0x70225fe1b0[libsecsdk.so@0x211b0]		b.eq	#-60	
0x70225fe1b4[libsecsdk.so@0x211b4]		add	x4, x20, x2	X20=0x7022a57e40 X2=0x3
0x70225fe1b8[libsecsdk.so@0x211b8]		cmp	w21, w2	W21=0x12 W2=0x3
0x70225fe1bc[libsecsdk.so@0x211bc]		add	x2, x2, #1	X2=0x3
0x70225fe1c0[libsecsdk.so@0x211c0]		add	x5, x19, x2	X19=0x702489f6be X2=0x4
0x70225fe1c4[libsecsdk.so@0x211c4]		sturb	w3, [x4, #-2]	W3=0x61 X4=0x7022a57e43
0x70225fe1c8[libsecsdk.so@0x211c8]		b.hi	#-32	
0x70225fe1a8[libsecsdk.so@0x211a8]		ldurb	w3, [x5, #-1]	X5=0x702489f6c2
0x70225fe1ac[libsecsdk.so@0x211ac]		cmp	w3, #59	W3=0x76
0x70225fe1b0[libsecsdk.so@0x211b0]		b.eq	#-60	
0x70225fe1b4[libsecsdk.so@0x211b4]		add	x4, x20, x2	X20=0x7022a57e40 X2=0x4
0x70225fe1b8[libsecsdk.so@0x211b8]		cmp	w21, w2	W21=0x12 W2=0x4
0x70225fe1bc[libsecsdk.so@0x211bc]		add	x2, x2, #1	X2=0x4
0x70225fe1c0[libsecsdk.so@0x211c0]		add	x5, x19, x2	X19=0x702489f6be X2=0x5
0x70225fe1c4[libsecsdk.so@0x211c4]		sturb	w3, [x4, #-2]	W3=0x76 X4=0x7022a57e44
0x70225fe1c8[libsecsdk.so@0x211c8]		b.hi	#-32	
0x70225fe1a8[libsecsdk.so@0x211a8]		ldurb	w3, [x5, #-1]	X5=0x702489f6c3
0x70225fe1ac[libsecsdk.so@0x211ac]		cmp	w3, #59	W3=0x61
0x70225fe1b0[libsecsdk.so@0x211b0]		b.eq	#-60	
0x70225fe1b4[libsecsdk.so@0x211b4]		add	x4, x20, x2	X20=0x7022a57e40 X2=0x5
0x70225fe1b8[libsecsdk.so@0x211b8]		cmp	w21, w2	W21=0x12 W2=0x5
0x70225fe1bc[libsecsdk.so@0x211bc]		add	x2, x2, #1	X2=0x5
0x70225fe1c0[libsecsdk.so@0x211c0]		add	x5, x19, x2	X19=0x702489f6be X2=0x6
0x70225fe1c4[libsecsdk.so@0x211c4]		sturb	w3, [x4, #-2]	W3=0x61 X4=0x7022a57e45
0x70225fe1c8[libsecsdk.so@0x211c8]		b.hi	#-32	
0x70225fe1a8[libsecsdk.so@0x211a8]		ldurb	w3, [x5, #-1]	X5=0x702489f6c4
0x70225fe1ac[libsecsdk.so@0x211ac]		cmp	w3, #59	W3=0x2f
0x70225fe1b0[libsecsdk.so@0x211b0]		b.eq	#-60	
0x70225fe1b4[libsecsdk.so@0x211b4]		add	x4, x20, x2	X20=0x7022a57e40 X2=0x6
0x70225fe1b8[libsecsdk.so@0x211b8]		cmp	w21, w2	W21=0x12 W2=0x6
0x70225fe1bc[libsecsdk.so@0x211bc]		add	x2, x2, #1	X2=0x6
0x70225fe1c0[libsecsdk.so@0x211c0]		add	x5, x19, x2	X19=0x702489f6be X2=0x7
0x70225fe1c4[libsecsdk.so@0x211c4]		sturb	w3, [x4, #-2]	W3=0x2f X4=0x7022a57e46
0x70225fe1c8[libsecsdk.so@0x211c8]		b.hi	#-32	
0x70225fe1a8[libsecsdk.so@0x211a8]		ldurb	w3, [x5, #-1]	X5=0x702489f6c5
0x70225fe1ac[libsecsdk.so@0x211ac]		cmp	w3, #59	W3=0x6c
0x70225fe1b0[libsecsdk.so@0x211b0]		b.eq	#-60	
0x70225fe1b4[libsecsdk.so@0x211b4]		add	x4, x20, x2	X20=0x7022a57e40 X2=0x7
0x70225fe1b8[libsecsdk.so@0x211b8]		cmp	w21, w2	W21=0x12 W2=0x7
0x70225fe1bc[libsecsdk.so@0x211bc]		add	x2, x2, #1	X2=0x7
0x70225fe1c0[libsecsdk.so@0x211c0]		add	x5, x19, x2	X19=0x702489f6be X2=0x8
0x70225fe1c4[libsecsdk.so@0x211c4]		sturb	w3, [x4, #-2]	W3=0x6c X4=0x7022a57e47
0x70225fe1c8[libsecsdk.so@0x211c8]		b.hi	#-32	
0x70225fe1a8[libsecsdk.so@0x211a8]		ldurb	w3, [x5, #-1]	X5=0x702489f6c6
0x70225fe1ac[libsecsdk.so@0x211ac]		cmp	w3, #59	W3=0x61
0x70225fe1b0[libsecsdk.so@0x211b0]		b.eq	#-60	
0x70225fe1b4[libsecsdk.so@0x211b4]		add	x4, x20, x2	X20=0x7022a57e40 X2=0x8
0x70225fe1b8[libsecsdk.so@0x211b8]		cmp	w21, w2	W21=0x12 W2=0x8
0x70225fe1bc[libsecsdk.so@0x211bc]		add	x2, x2, #1	X2=0x8
0x70225fe1c0[libsecsdk.so@0x211c0]		add	x5, x19, x2	X19=0x702489f6be X2=0x9
0x70225fe1c4[libsecsdk.so@0x211c4]		sturb	w3, [x4, #-2]	W3=0x61 X4=0x7022a57e48
0x70225fe1c8[libsecsdk.so@0x211c8]		b.hi	#-32	
0x70225fe1a8[libsecsdk.so@0x211a8]		ldurb	w3, [x5, #-1]	X5=0x702489f6c7
0x70225fe1ac[libsecsdk.so@0x211ac]		cmp	w3, #59	W3=0x6e
0x70225fe1b0[libsecsdk.so@0x211b0]		b.eq	#-60	
0x70225fe1b4[libsecsdk.so@0x211b4]		add	x4, x20, x2	X20=0x7022a57e40 X2=0x9
0x70225fe1b8[libsecsdk.so@0x211b8]		cmp	w21, w2	W21=0x12 W2=0x9
0x70225fe1bc[libsecsdk.so@0x211bc]		add	x2, x2, #1	X2=0x9
0x70225fe1c0[libsecsdk.so@0x211c0]		add	x5, x19, x2	X19=0x702489f6be X2=0xa
0x70225fe1c4[libsecsdk.so@0x211c4]		sturb	w3, [x4, #-2]	W3=0x6e X4=0x7022a57e49
0x70225fe1c8[libsecsdk.so@0x211c8]		b.hi	#-32	
0x70225fe1a8[libsecsdk.so@0x211a8]		ldurb	w3, [x5, #-1]	X5=0x702489f6c8
0x70225fe1ac[libsecsdk.so@0x211ac]		cmp	w3, #59	W3=0x67
0x70225fe1b0[libsecsdk.so@0x211b0]		b.eq	#-60	
0x70225fe1b4[libsecsdk.so@0x211b4]		add	x4, x20, x2	X20=0x7022a57e40 X2=0xa
0x70225fe1b8[libsecsdk.so@0x211b8]		cmp	w21, w2	W21=0x12 W2=0xa
0x70225fe1bc[libsecsdk.so@0x211bc]		add	x2, x2, #1	X2=0xa
0x70225fe1c0[libsecsdk.so@0x211c0]		add	x5, x19, x2	X19=0x702489f6be X2=0xb
0x70225fe1c4[libsecsdk.so@0x211c4]		sturb	w3, [x4, #-2]	W3=0x67 X4=0x7022a57e4a
0x70225fe1c8[libsecsdk.so@0x211c8]		b.hi	#-32	
0x70225fe1a8[libsecsdk.so@0x211a8]		ldurb	w3, [x5, #-1]	X5=0x702489f6c9
0x70225fe1ac[libsecsdk.so@0x211ac]		cmp	w3, #59	W3=0x2f
0x70225fe1b0[libsecsdk.so@0x211b0]		b.eq	#-60	
0x70225fe1b4[libsecsdk.so@0x211b4]		add	x4, x20, x2	X20=0x7022a57e40 X2=0xb
0x70225fe1b8[libsecsdk.so@0x211b8]		cmp	w21, w2	W21=0x12 W2=0xb
0x70225fe1bc[libsecsdk.so@0x211bc]		add	x2, x2, #1	X2=0xb
0x70225fe1c0[libsecsdk.so@0x211c0]		add	x5, x19, x2	X19=0x702489f6be X2=0xc
0x70225fe1c4[libsecsdk.so@0x211c4]		sturb	w3, [x4, #-2]	W3=0x2f X4=0x7022a57e4b
0x70225fe1c8[libsecsdk.so@0x211c8]		b.hi	#-32	
0x70225fe1a8[libsecsdk.so@0x211a8]		ldurb	w3, [x5, #-1]	X5=0x702489f6ca
0x70225fe1ac[libsecsdk.so@0x211ac]		cmp	w3, #59	W3=0x53
0x70225fe1b0[libsecsdk.so@0x211b0]		b.eq	#-60	
0x70225fe1b4[libsecsdk.so@0x211b4]		add	x4, x20, x2	X20=0x7022a57e40 X2=0xc
0x70225fe1b8[libsecsdk.so@0x211b8]		cmp	w21, w2	W21=0x12 W2=0xc
0x70225fe1bc[libsecsdk.so@0x211bc]		add	x2, x2, #1	X2=0xc
0x70225fe1c0[libsecsdk.so@0x211c0]		add	x5, x19, x2	X19=0x702489f6be X2=0xd
0x70225fe1c4[libsecsdk.so@0x211c4]		sturb	w3, [x4, #-2]	W3=0x53 X4=0x7022a57e4c
0x70225fe1c8[libsecsdk.so@0x211c8]		b.hi	#-32	
0x70225fe1a8[libsecsdk.so@0x211a8]		ldurb	w3, [x5, #-1]	X5=0x702489f6cb
0x70225fe1ac[libsecsdk.so@0x211ac]		cmp	w3, #59	W3=0x74
0x70225fe1b0[libsecsdk.so@0x211b0]		b.eq	#-60	
0x70225fe1b4[libsecsdk.so@0x211b4]		add	x4, x20, x2	X20=0x7022a57e40 X2=0xd
0x70225fe1b8[libsecsdk.so@0x211b8]		cmp	w21, w2	W21=0x12 W2=0xd
0x70225fe1bc[libsecsdk.so@0x211bc]		add	x2, x2, #1	X2=0xd
0x70225fe1c0[libsecsdk.so@0x211c0]		add	x5, x19, x2	X19=0x702489f6be X2=0xe
0x70225fe1c4[libsecsdk.so@0x211c4]		sturb	w3, [x4, #-2]	W3=0x74 X4=0x7022a57e4d
0x70225fe1c8[libsecsdk.so@0x211c8]		b.hi	#-32	
0x70225fe1a8[libsecsdk.so@0x211a8]		ldurb	w3, [x5, #-1]	X5=0x702489f6cc
0x70225fe1ac[libsecsdk.so@0x211ac]		cmp	w3, #59	W3=0x72
0x70225fe1b0[libsecsdk.so@0x211b0]		b.eq	#-60	
0x70225fe1b4[libsecsdk.so@0x211b4]		add	x4, x20, x2	X20=0x7022a57e40 X2=0xe
0x70225fe1b8[libsecsdk.so@0x211b8]		cmp	w21, w2	W21=0x12 W2=0xe
0x70225fe1bc[libsecsdk.so@0x211bc]		add	x2, x2, #1	X2=0xe
0x70225fe1c0[libsecsdk.so@0x211c0]		add	x5, x19, x2	X19=0x702489f6be X2=0xf
0x70225fe1c4[libsecsdk.so@0x211c4]		sturb	w3, [x4, #-2]	W3=0x72 X4=0x7022a57e4e
0x70225fe1c8[libsecsdk.so@0x211c8]		b.hi	#-32	
0x70225fe1a8[libsecsdk.so@0x211a8]		ldurb	w3, [x5, #-1]	X5=0x702489f6cd
0x70225fe1ac[libsecsdk.so@0x211ac]		cmp	w3, #59	W3=0x69
0x70225fe1b0[libsecsdk.so@0x211b0]		b.eq	#-60	
0x70225fe1b4[libsecsdk.so@0x211b4]		add	x4, x20, x2	X20=0x7022a57e40 X2=0xf
0x70225fe1b8[libsecsdk.so@0x211b8]		cmp	w21, w2	W21=0x12 W2=0xf
0x70225fe1bc[libsecsdk.so@0x211bc]		add	x2, x2, #1	X2=0xf
0x70225fe1c0[libsecsdk.so@0x211c0]		add	x5, x19, x2	X19=0x702489f6be X2=0x10
0x70225fe1c4[libsecsdk.so@0x211c4]		sturb	w3, [x4, #-2]	W3=0x69 X4=0x7022a57e4f
0x70225fe1c8[libsecsdk.so@0x211c8]		b.hi	#-32	
0x70225fe1a8[libsecsdk.so@0x211a8]		ldurb	w3, [x5, #-1]	X5=0x702489f6ce
0x70225fe1ac[libsecsdk.so@0x211ac]		cmp	w3, #59	W3=0x6e
0x70225fe1b0[libsecsdk.so@0x211b0]		b.eq	#-60	
0x70225fe1b4[libsecsdk.so@0x211b4]		add	x4, x20, x2	X20=0x7022a57e40 X2=0x10
0x70225fe1b8[libsecsdk.so@0x211b8]		cmp	w21, w2	W21=0x12 W2=0x10
0x70225fe1bc[libsecsdk.so@0x211bc]		add	x2, x2, #1	X2=0x10
0x70225fe1c0[libsecsdk.so@0x211c0]		add	x5, x19, x2	X19=0x702489f6be X2=0x11
0x70225fe1c4[libsecsdk.so@0x211c4]		sturb	w3, [x4, #-2]	W3=0x6e X4=0x7022a57e50
0x70225fe1c8[libsecsdk.so@0x211c8]		b.hi	#-32	
0x70225fe1a8[libsecsdk.so@0x211a8]		ldurb	w3, [x5, #-1]	X5=0x702489f6cf
0x70225fe1ac[libsecsdk.so@0x211ac]		cmp	w3, #59	W3=0x67
0x70225fe1b0[libsecsdk.so@0x211b0]		b.eq	#-60	
0x70225fe1b4[libsecsdk.so@0x211b4]		add	x4, x20, x2	X20=0x7022a57e40 X2=0x11
0x70225fe1b8[libsecsdk.so@0x211b8]		cmp	w21, w2	W21=0x12 W2=0x11
0x70225fe1bc[libsecsdk.so@0x211bc]		add	x2, x2, #1	X2=0x11
0x70225fe1c0[libsecsdk.so@0x211c0]		add	x5, x19, x2	X19=0x702489f6be X2=0x12
0x70225fe1c4[libsecsdk.so@0x211c4]		sturb	w3, [x4, #-2]	W3=0x67 X4=0x7022a57e51
0x70225fe1c8[libsecsdk.so@0x211c8]		b.hi	#-32	
0x70225fe1a8[libsecsdk.so@0x211a8]		ldurb	w3, [x5, #-1]	X5=0x702489f6d0
0x70225fe1ac[libsecsdk.so@0x211ac]		cmp	w3, #59	W3=0x3b
0x70225fe1b0[libsecsdk.so@0x211b0]		b.eq	#-60	
0x70225fe174[libsecsdk.so@0x21174]		mov	x0, x20	X20=0x7022a57e40
0x70225fe178[libsecsdk.so@0x21178]		ldr	x30, [sp, #32]	SP=0x708b79ee10
0x70225fe17c[libsecsdk.so@0x2117c]		ldp	x19, x20, [sp]	SP=0x708b79ee10
0x70225fe180[libsecsdk.so@0x21180]		ldp	x21, x22, [sp, #16]	SP=0x708b79ee10
0x70225fe184[libsecsdk.so@0x21184]		add	sp, sp, #64	SP=0x708b79ee10
0x70225fe188[libsecsdk.so@0x21188]		ret	LR=0x70225fec54
0x70225fec54[libsecsdk.so@0x21c54]		ldr	x1, [sp, #40]	SP=0x708b79ee50
0x70225fec58[libsecsdk.so@0x21c58]		mov	x19, x0	X0=0x7022a57e40
0x70225fec5c[libsecsdk.so@0x21c5c]		mov	x0, x1	X1=0x708a819500
0x70225fec60[libsecsdk.so@0x21c60]		ldr	x2, [x1]	X1=0x708a819500
0x70225fec64[libsecsdk.so@0x21c64]		mov	x1, x19	X19=0x7022a57e40
0x70225fec68[libsecsdk.so@0x21c68]		ldr	x2, [x2, #48]	X2=0x70967d16a0
0x70225fec6c[libsecsdk.so@0x21c6c]		blr	x2	X2=0x709658f4d0 SP=0x708b79ee50
0x70225fec70[libsecsdk.so@0x21c70]		mov	x20, x0	X0=0x75
0x70225fec74[libsecsdk.so@0x21c74]		cbz	x19, #12	X19=0x7022a57e40
0x70225fec78[libsecsdk.so@0x21c78]		mov	x0, x19	X19=0x7022a57e40
0x70225fec7c[libsecsdk.so@0x21c7c]		bl	#26104	SP=0x708b79ee50
0x7022605274[libsecsdk.so@0x28274]		b	#-12	
0x7022605268[libsecsdk.so@0x28268]		cbz	x0, #8	X0=0x7022a57e40
0x702260526c[libsecsdk.so@0x2826c]		b	#-128940	
0x70225e5ac0[libsecsdk.so@0x8ac0]		adrp	x16, #266240	
0x70225e5ac4[libsecsdk.so@0x8ac4]		ldr	x17, [x16, #3760]	X16=0x7022626000
0x70225e5ac8[libsecsdk.so@0x8ac8]		add	x16, x16, #3760	X16=0x7022626000
0x70225e5acc[libsecsdk.so@0x8acc]		br	x17	X17=0x711abd42bc
0x70225fec80[libsecsdk.so@0x21c80]		mov	x0, x20	X20=0x75
0x70225fec84[libsecsdk.so@0x21c84]		ldr	x30, [sp, #16]	SP=0x708b79ee50
0x70225fec88[libsecsdk.so@0x21c88]		ldp	x19, x20, [sp]	SP=0x708b79ee50
0x70225fec8c[libsecsdk.so@0x21c8c]		add	sp, sp, #48	SP=0x708b79ee50
0x70225fec90[libsecsdk.so@0x21c90]		ret	LR=0x70226018f8
0x70226018f8[libsecsdk.so@0x248f8]		mov	x28, x0	X0=0x75
0x70226018fc[libsecsdk.so@0x248fc]		ldr	x4, [x21]	X21=0x708a819500
0x7022601900[libsecsdk.so@0x24900]		mov	x0, x21	X21=0x708a819500
0x7022601904[libsecsdk.so@0x24904]		mov	x1, x28	X28=0x75
0x7022601908[libsecsdk.so@0x24908]		mov	x2, x20	X20=0x702489f41b
0x702260190c[libsecsdk.so@0x2490c]		mov	x3, x27	X27=0x708a81f950
0x7022601910[libsecsdk.so@0x24910]		cbnz	w26, #300	W26=0x0
0x7022601914[libsecsdk.so@0x24914]		ldr	x4, [x4, #264]	X4=0x70967d16a0
0x7022601918[libsecsdk.so@0x24918]		blr	x4	X4=0x7096597ea0 SP=0x708b79ee80
0x702260191c[libsecsdk.so@0x2491c]		fmov	d9, x0	X0=0x70384be8
0x7022601920[libsecsdk.so@0x24920]		mov	x0, x21	X21=0x708a819500
0x7022601924[libsecsdk.so@0x24924]		bl	#-86432	SP=0x708b79ee80
0x70225ec784[libsecsdk.so@0xf784]		sub	sp, sp, #128	SP=0x708b79ee80
0x70225ec788[libsecsdk.so@0xf788]		stp	x19, x20, [sp]	X19=0x702489f80d X20=0x702489f41b SP=0x708b79ee00
0x70225ec78c[libsecsdk.so@0xf78c]		adrp	x19, #237568	
0x70225ec790[libsecsdk.so@0xf790]		mov	x20, x0	X0=0x708a819500
0x70225ec794[libsecsdk.so@0xf794]		stp	x21, x22, [sp, #16]	X21=0x708a819500 X22=0x708a81f3e8 SP=0x708b79ee00
0x70225ec798[libsecsdk.so@0xf798]		adrp	x21, #241664	
0x70225ec79c[libsecsdk.so@0xf79c]		ldr	x1, [x19, #3784]	X19=0x7022626000
0x70225ec7a0[libsecsdk.so@0xf7a0]		stp	x23, x30, [sp, #32]	X23=0x138 LR=0x7022601928 SP=0x708b79ee00
0x70225ec7a4[libsecsdk.so@0xf7a4]		ldr	w0, [x21, #2128]	X21=0x7022627000
0x70225ec7a8[libsecsdk.so@0xf7a8]		ldr	x1, [x1]	X1=0x711ac85510
0x70225ec7ac[libsecsdk.so@0xf7ac]		str	x1, [sp, #120]	X1=0xdcf65037242d4fae SP=0x708b79ee00
0x70225ec7b0[libsecsdk.so@0xf7b0]		cbz	w0, #44	W0=0x1d
0x70225ec7b4[libsecsdk.so@0xf7b4]		ldr	x19, [x19, #3784]	X19=0x7022626000
0x70225ec7b8[libsecsdk.so@0xf7b8]		ldr	x2, [sp, #120]	SP=0x708b79ee00
0x70225ec7bc[libsecsdk.so@0xf7bc]		ldr	x1, [x19]	X19=0x711ac85510
0x70225ec7c0[libsecsdk.so@0xf7c0]		cmp	x2, x1	X2=0xdcf65037242d4fae X1=0xdcf65037242d4fae
0x70225ec7c4[libsecsdk.so@0xf7c4]		b.ne	#284	
0x70225ec7c8[libsecsdk.so@0xf7c8]		ldp	x19, x20, [sp]	SP=0x708b79ee00
0x70225ec7cc[libsecsdk.so@0xf7cc]		ldp	x21, x22, [sp, #16]	SP=0x708b79ee00
0x70225ec7d0[libsecsdk.so@0xf7d0]		ldp	x23, x30, [sp, #32]	SP=0x708b79ee00
0x70225ec7d4[libsecsdk.so@0xf7d4]		add	sp, sp, #128	SP=0x708b79ee00
0x70225ec7d8[libsecsdk.so@0xf7d8]		ret	LR=0x7022601928
0x7022601928[libsecsdk.so@0x24928]		cmp	w0, #23	W0=0x1d
0x702260192c[libsecsdk.so@0x2492c]		b.ne	#12	
0x7022601938[libsecsdk.so@0x24938]		mov	w1, #0	
0x702260193c[libsecsdk.so@0x2493c]		fmov	x0, d9	
0x7022601940[libsecsdk.so@0x24940]		cbz	x0, #396	X0=0x70384be8
0x7022601944[libsecsdk.so@0x24944]		ldr	x0, [x22]	X22=0x708a81f3e8
0x7022601948[libsecsdk.so@0x24948]		ldr	w3, [x25, x23]	X25=0x702489e3e4 X23=0x138
0x702260194c[libsecsdk.so@0x2494c]		ldr	x2, [x0, #16]	X0=0x7022a969c0
0x7022601950[libsecsdk.so@0x24950]		ldr	x5, [x0, #88]	X0=0x7022a969c0
0x7022601954[libsecsdk.so@0x24954]		ldr	w8, [x2, x3, lsl #2]	X2=0x702489e070 X3=0x43
0x7022601958[libsecsdk.so@0x24958]		add	x5, x5, x8	X5=0x702489e000 X8=0x1834
0x702260195c[libsecsdk.so@0x2495c]		ldrsb	w8, [x5], #1	X5=0x702489f834
0x7022601960[libsecsdk.so@0x24960]		tbnz	w8, #31, #-4	W8=0x2
0x7022601964[libsecsdk.so@0x24964]		mov	x0, x22	X22=0x708a81f3e8
0x7022601968[libsecsdk.so@0x24968]		cbnz	w1, #260	W1=0x0
0x702260196c[libsecsdk.so@0x2496c]		fmov	x1, d10	
0x7022601970[libsecsdk.so@0x24970]		mov	x4, x5	X5=0x702489f835
0x7022601974[libsecsdk.so@0x24974]		fmov	x2, d11	
0x7022601978[libsecsdk.so@0x24978]		mov	w5, w26	W26=0x0
0x702260197c[libsecsdk.so@0x2497c]		fmov	w3, s14	
0x7022601980[libsecsdk.so@0x24980]		bl	#-9364	SP=0x708b79ee80
0x70225ff4ec[libsecsdk.so@0x224ec]		sub	sp, sp, #64	SP=0x708b79ee80
0x70225ff4f0[libsecsdk.so@0x224f0]		uxtb	w5, w5	W5=0x0
0x70225ff4f4[libsecsdk.so@0x224f4]		stp	x21, x22, [sp, #16]	X21=0x708a819500 X22=0x708a81f3e8 SP=0x708b79ee40
0x70225ff4f8[libsecsdk.so@0x224f8]		stp	x23, x30, [sp, #32]	X23=0x138 LR=0x7022601984 SP=0x708b79ee40
0x70225ff4fc[libsecsdk.so@0x224fc]		stp	x19, x20, [sp]	X19=0x702489f80d X20=0x702489f41b SP=0x708b79ee40
0x70225ff500[libsecsdk.so@0x22500]		mov	x21, x1	X1=0x708a81f938
0x70225ff504[libsecsdk.so@0x22504]		mov	x23, x2	X2=0x7022b26ea0
0x70225ff508[libsecsdk.so@0x22508]		cbz	w5, #220	W5=0x0
0x70225ff5e4[libsecsdk.so@0x225e4]		sub	w3, w3, #1	W3=0x2
0x70225ff5e8[libsecsdk.so@0x225e8]		mov	w19, #1	
0x70225ff5ec[libsecsdk.so@0x225ec]		lsl	w3, w3, #3	W3=0x1
0x70225ff5f0[libsecsdk.so@0x225f0]		b	#-220	
0x70225ff514[libsecsdk.so@0x22514]		cmp	w3, wzr	W3=0x8
0x70225ff518[libsecsdk.so@0x22518]		mov	x20, #8	
0x70225ff51c[libsecsdk.so@0x2251c]		sxtw	x3, w3	X3=0x8
0x70225ff520[libsecsdk.so@0x22520]		str	x4, [sp, #56]	X4=0x702489f835 SP=0x708b79ee40
0x70225ff524[libsecsdk.so@0x22524]		csel	x20, x3, x20, ne	X3=0x8 X20=0x8
0x70225ff528[libsecsdk.so@0x22528]		mov	x0, x20	X20=0x8
0x70225ff52c[libsecsdk.so@0x2252c]		bl	#26816	SP=0x708b79ee40
0x7022605dec[libsecsdk.so@0x28dec]		stp	x29, x30, [sp, #-16]!	FP=0x708b79f600 LR=0x70225ff530 SP=0x708b79ee40
0x7022605df0[libsecsdk.so@0x28df0]		mov	x29, sp	SP=0x708b79ee30
0x7022605df4[libsecsdk.so@0x28df4]		bl	#-212	SP=0x708b79ee30
0x7022605d20[libsecsdk.so@0x28d20]		stp	x29, x30, [sp, #-32]!	FP=0x708b79ee30 LR=0x7022605df8 SP=0x708b79ee30
0x7022605d24[libsecsdk.so@0x28d24]		mov	x29, sp	SP=0x708b79ee10
0x7022605d28[libsecsdk.so@0x28d28]		stp	x19, x20, [sp, #16]	X19=0x1 X20=0x8 SP=0x708b79ee10
0x7022605d2c[libsecsdk.so@0x28d2c]		mov	x19, x0	X0=0x8
0x7022605d30[libsecsdk.so@0x28d30]		adrp	x20, #139264	
0x7022605d34[libsecsdk.so@0x28d34]		b	#32	
0x7022605d54[libsecsdk.so@0x28d54]		mov	x0, x19	X19=0x8
0x7022605d58[libsecsdk.so@0x28d58]		bl	#-132552	SP=0x708b79ee10
0x70225e5790[libsecsdk.so@0x8790]		adrp	x16, #266240	
0x70225e5794[libsecsdk.so@0x8794]		ldr	x17, [x16, #3352]	X16=0x7022626000
0x70225e5798[libsecsdk.so@0x8798]		add	x16, x16, #3352	X16=0x7022626000
0x70225e579c[libsecsdk.so@0x879c]		br	x17	X17=0x711abd432c
0x7022605d5c[libsecsdk.so@0x28d5c]		cbz	x0, #-36	X0=0x708a81f960
0x7022605d60[libsecsdk.so@0x28d60]		ldp	x19, x20, [sp, #16]	SP=0x708b79ee10
0x7022605d64[libsecsdk.so@0x28d64]		ldp	x29, x30, [sp], #32	SP=0x708b79ee10
0x7022605d68[libsecsdk.so@0x28d68]		ret	LR=0x7022605df8
0x7022605df8[libsecsdk.so@0x28df8]		ldp	x29, x30, [sp], #16	SP=0x708b79ee30
0x7022605dfc[libsecsdk.so@0x28dfc]		ret	LR=0x70225ff530
0x70225ff530[libsecsdk.so@0x22530]		mov	x22, x0	X0=0x708a81f960
0x70225ff534[libsecsdk.so@0x22534]		mov	w1, #0	
0x70225ff538[libsecsdk.so@0x22538]		mov	x2, x20	X20=0x8
0x70225ff53c[libsecsdk.so@0x2253c]		bl	#-105452	SP=0x708b79ee40
0x70225e5950[libsecsdk.so@0x8950]		adrp	x16, #266240	
0x70225e5954[libsecsdk.so@0x8954]		ldr	x17, [x16, #3576]	X16=0x7022626000
0x70225e5958[libsecsdk.so@0x8958]		add	x16, x16, #3576	X16=0x7022626000
0x70225e595c[libsecsdk.so@0x895c]		br	x17	X17=0x711ac12340
0x70225ff540[libsecsdk.so@0x22540]		adrp	x1, #57344	
0x70225ff544[libsecsdk.so@0x22544]		ldr	x4, [sp, #56]	SP=0x708b79ee40
0x70225ff548[libsecsdk.so@0x22548]		mov	x5, x22	X22=0x708a81f960
0x70225ff54c[libsecsdk.so@0x2254c]		add	x1, x1, #3760	X1=0x702260d000
0x70225ff550[libsecsdk.so@0x22550]		ldrb	w3, [x4, #1]!	X4=0x702489f835
0x70225ff554[libsecsdk.so@0x22554]		cbz	w3, #52	W3=0x4c
0x70225ff558[libsecsdk.so@0x22558]		sub	w3, w3, #66	W3=0x4c
0x70225ff55c[libsecsdk.so@0x2255c]		cmp	w3, #25	W3=0xa
0x70225ff560[libsecsdk.so@0x22560]		b.hi	#-16	
0x70225ff564[libsecsdk.so@0x22564]		ldrb	w0, [x1, w3, uxtw]	X1=0x702260deb0 W3=0xa
0x70225ff568[libsecsdk.so@0x22568]		adr	x2, #12	
0x70225ff56c[libsecsdk.so@0x2256c]		add	x0, x2, w0, sxtb #2	X2=0x70225ff574 W0=0x18
0x70225ff570[libsecsdk.so@0x22570]		br	x0	X0=0x70225ff5d4
0x70225ff5d4[libsecsdk.so@0x225d4]		ldr	x0, [x23, w19, sxtw #3]	X23=0x7022b26ea0 W19=0x1
0x70225ff5d8[libsecsdk.so@0x225d8]		add	w19, w19, #1	W19=0x1
0x70225ff5dc[libsecsdk.so@0x225dc]		str	x0, [x5], #8	X0=0x41 X5=0x708a81f960
0x70225ff5e0[libsecsdk.so@0x225e0]		b	#-144	
0x70225ff550[libsecsdk.so@0x22550]		ldrb	w3, [x4, #1]!	X4=0x702489f836
0x70225ff554[libsecsdk.so@0x22554]		cbz	w3, #52	W3=0x0
0x70225ff588[libsecsdk.so@0x22588]		mov	x0, x22	X22=0x708a81f960
0x70225ff58c[libsecsdk.so@0x2258c]		ldp	x19, x20, [sp]	SP=0x708b79ee40
0x70225ff590[libsecsdk.so@0x22590]		ldp	x21, x22, [sp, #16]	SP=0x708b79ee40
0x70225ff594[libsecsdk.so@0x22594]		ldp	x23, x30, [sp, #32]	SP=0x708b79ee40
0x70225ff598[libsecsdk.so@0x22598]		add	sp, sp, #64	SP=0x708b79ee40
0x70225ff59c[libsecsdk.so@0x2259c]		ret	LR=0x7022601984
0x7022601984[libsecsdk.so@0x24984]		mov	x20, x0	X0=0x708a81f960
0x7022601988[libsecsdk.so@0x24988]		ldrb	w1, [x19]	X19=0x702489f80d
0x702260198c[libsecsdk.so@0x2498c]		sub	w1, w1, #66	W1=0x56
0x7022601990[libsecsdk.so@0x24990]		cmp	w1, #25	W1=0x14
0x7022601994[libsecsdk.so@0x24994]		b.hi	#72	
0x7022601998[libsecsdk.so@0x24998]		adrp	x0, #49152	
0x702260199c[libsecsdk.so@0x2499c]		add	x0, x0, #3944	X0=0x702260d000
0x70226019a0[libsecsdk.so@0x249a0]		ldrh	w0, [x0, w1, uxtw #1]	X0=0x702260df68 W1=0x14
0x70226019a4[libsecsdk.so@0x249a4]		adr	x1, #12	
0x70226019a8[libsecsdk.so@0x249a8]		add	x0, x1, w0, sxth #2	X1=0x70226019b0 W0=0xbc
0x70226019ac[libsecsdk.so@0x249ac]		br	x0	X0=0x7022601ca0
0x7022601ca0[libsecsdk.so@0x24ca0]		fmov	w0, s13	
0x7022601ca4[libsecsdk.so@0x24ca4]		cbnz	w0, #504	W0=0x0
0x7022601ca8[libsecsdk.so@0x24ca8]		ldr	x4, [x21]	X21=0x708a819500
0x7022601cac[libsecsdk.so@0x24cac]		mov	x0, x21	X21=0x708a819500
0x7022601cb0[libsecsdk.so@0x24cb0]		cbz	w26, #28	W26=0x0
0x7022601ccc[libsecsdk.so@0x24ccc]		fmov	x1, d12	
0x7022601cd0[libsecsdk.so@0x24cd0]		ldr	x4, [x4, #504]	X4=0x70967d16a0
0x7022601cd4[libsecsdk.so@0x24cd4]		fmov	x2, d9	
0x7022601cd8[libsecsdk.so@0x24cd8]		mov	x3, x20	X20=0x708a81f960
0x7022601cdc[libsecsdk.so@0x24cdc]		blr	x4	X4=0x70965a60dc SP=0x708b79ee80
0x7022601ce0[libsecsdk.so@0x24ce0]		b	#-772	
0x70226019dc[libsecsdk.so@0x249dc]		cbz	x20, #12	X20=0x708a81f960
0x70226019e0[libsecsdk.so@0x249e0]		mov	x0, x20	X20=0x708a81f960
0x70226019e4[libsecsdk.so@0x249e4]		bl	#14480	SP=0x708b79ee80
0x7022605274[libsecsdk.so@0x28274]		b	#-12	
0x7022605268[libsecsdk.so@0x28268]		cbz	x0, #8	X0=0x708a81f960
0x702260526c[libsecsdk.so@0x2826c]		b	#-128940	
0x70225e5ac0[libsecsdk.so@0x8ac0]		adrp	x16, #266240	
0x70225e5ac4[libsecsdk.so@0x8ac4]		ldr	x17, [x16, #3760]	X16=0x7022626000
0x70225e5ac8[libsecsdk.so@0x8ac8]		add	x16, x16, #3760	X16=0x7022626000
0x70225e5acc[libsecsdk.so@0x8acc]		br	x17	X17=0x711abd42bc
0x70226019e8[libsecsdk.so@0x249e8]		cbz	x27, #12	X27=0x708a81f950
0x70226019ec[libsecsdk.so@0x249ec]		mov	x0, x27	X27=0x708a81f950
0x70226019f0[libsecsdk.so@0x249f0]		bl	#14468	SP=0x708b79ee80
0x7022605274[libsecsdk.so@0x28274]		b	#-12	
0x7022605268[libsecsdk.so@0x28268]		cbz	x0, #8	X0=0x708a81f950
0x702260526c[libsecsdk.so@0x2826c]		b	#-128940	
0x70225e5ac0[libsecsdk.so@0x8ac0]		adrp	x16, #266240	
0x70225e5ac4[libsecsdk.so@0x8ac4]		ldr	x17, [x16, #3760]	X16=0x7022626000
0x70225e5ac8[libsecsdk.so@0x8ac8]		add	x16, x16, #3760	X16=0x7022626000
0x70225e5acc[libsecsdk.so@0x8acc]		br	x17	X17=0x711abd42bc
0x70226019f4[libsecsdk.so@0x249f4]		ldr	x2, [x21]	X21=0x708a819500
0x70226019f8[libsecsdk.so@0x249f8]		mov	x0, x21	X21=0x708a819500
0x70226019fc[libsecsdk.so@0x249fc]		mov	x1, x28	X28=0x75
0x7022601a00[libsecsdk.so@0x24a00]		ldr	x2, [x2, #184]	X2=0x70967d16a0
0x7022601a04[libsecsdk.so@0x24a04]		blr	x2	X2=0x7096594834 SP=0x708b79ee80
0x7022601a08[libsecsdk.so@0x24a08]		mov	x0, x24	X24=0x0
0x7022601a0c[libsecsdk.so@0x24a0c]		ldp	x19, x20, [sp]	SP=0x708b79ee80
0x7022601a10[libsecsdk.so@0x24a10]		ldp	d8, d9, [sp, #88]	SP=0x708b79ee80
0x7022601a14[libsecsdk.so@0x24a14]		ldp	x21, x22, [sp, #16]	SP=0x708b79ee80
0x7022601a18[libsecsdk.so@0x24a18]		ldp	d10, d11, [sp, #104]	SP=0x708b79ee80
0x7022601a1c[libsecsdk.so@0x24a1c]		ldp	x23, x24, [sp, #32]	SP=0x708b79ee80
0x7022601a20[libsecsdk.so@0x24a20]		ldp	d12, d13, [sp, #120]	SP=0x708b79ee80
0x7022601a24[libsecsdk.so@0x24a24]		ldp	x25, x26, [sp, #48]	SP=0x708b79ee80
0x7022601a28[libsecsdk.so@0x24a28]		ldp	x27, x28, [sp, #64]	SP=0x708b79ee80
0x7022601a2c[libsecsdk.so@0x24a2c]		ldr	x30, [sp, #80]	SP=0x708b79ee80
0x7022601a30[libsecsdk.so@0x24a30]		ldr	d14, [sp, #136]	SP=0x708b79ee80
0x7022601a34[libsecsdk.so@0x24a34]		add	sp, sp, #160	SP=0x708b79ee80
0x7022601a38[libsecsdk.so@0x24a38]		ret	LR=0x70225fc284
0x70225fc284[libsecsdk.so@0x1f284]		ldr	x1, [x20]	X20=0x708a819500
0x70225fc288[libsecsdk.so@0x1f288]		fmov	d11, x0	X0=0x0
0x70225fc28c[libsecsdk.so@0x1f28c]		mov	x0, x20	X20=0x708a819500
0x70225fc290[libsecsdk.so@0x1f290]		ldr	x1, [x1, #1824]	X1=0x70967d16a0
0x70225fc294[libsecsdk.so@0x1f294]		blr	x1	X1=0x70965ebe7c SP=0x708b79ef20
0x70225fc298[libsecsdk.so@0x1f298]		uxtb	w0, w0	W0=0x0
0x70225fc29c[libsecsdk.so@0x1f29c]		ldr	x8, [sp, #192]	SP=0x708b79ef20
0x70225fc2a0[libsecsdk.so@0x1f2a0]		cbnz	w0, #-24648	W0=0x0
0x70225fc2a4[libsecsdk.so@0x1f2a4]		ldrb	w0, [x8]	X8=0x708b79f03f
0x70225fc2a8[libsecsdk.so@0x1f2a8]		cbz	w0, #44	W0=0x0
0x70225fc2d4[libsecsdk.so@0x1f2d4]		mov	x0, x28	X28=0x708a81f938
0x70225fc2d8[libsecsdk.so@0x1f2d8]		bl	#36764	SP=0x708b79ef20
0x7022605274[libsecsdk.so@0x28274]		b	#-12	
0x7022605268[libsecsdk.so@0x28268]		cbz	x0, #8	X0=0x708a81f938
0x702260526c[libsecsdk.so@0x2826c]		b	#-128940	
0x70225e5ac0[libsecsdk.so@0x8ac0]		adrp	x16, #266240	
0x70225e5ac4[libsecsdk.so@0x8ac4]		ldr	x17, [x16, #3760]	X16=0x7022626000
0x70225e5ac8[libsecsdk.so@0x8ac8]		add	x16, x16, #3760	X16=0x7022626000
0x70225e5acc[libsecsdk.so@0x8acc]		br	x17	X17=0x711abd42bc
0x70225fc2dc[libsecsdk.so@0x1f2dc]		mov	x0, x19	X19=0x7022b26ea0
0x70225fc2e0[libsecsdk.so@0x1f2e0]		bl	#36756	SP=0x708b79ef20
0x7022605274[libsecsdk.so@0x28274]		b	#-12	
0x7022605268[libsecsdk.so@0x28268]		cbz	x0, #8	X0=0x7022b26ea0
0x702260526c[libsecsdk.so@0x2826c]		b	#-128940	
0x70225e5ac0[libsecsdk.so@0x8ac0]		adrp	x16, #266240	
0x70225e5ac4[libsecsdk.so@0x8ac4]		ldr	x17, [x16, #3760]	X16=0x7022626000
0x70225e5ac8[libsecsdk.so@0x8ac8]		add	x16, x16, #3760	X16=0x7022626000
0x70225e5acc[libsecsdk.so@0x8acc]		br	x17	X17=0x711abd42bc
0x70225fc2e4[libsecsdk.so@0x1f2e4]		ldr	x1, [x27]	X27=0x708b79f040
0x70225fc2e8[libsecsdk.so@0x1f2e8]		add	x0, x21, #928	X21=0x7022625000
0x70225fc2ec[libsecsdk.so@0x1f2ec]		add	x2, x1, #6	X1=0x711b5b7398
0x70225fc2f0[libsecsdk.so@0x1f2f0]		str	x2, [x27]	X2=0x711b5b739e X27=0x708b79f040
0x70225fc2f4[libsecsdk.so@0x1f2f4]		ldrh	w19, [x1, #6]	X1=0x711b5b7398
0x70225fc2f8[libsecsdk.so@0x1f2f8]		uxtb	w1, w19	W19=0x411
0x70225fc2fc[libsecsdk.so@0x1f2fc]		ldr	x0, [x0, w1, sxtw #3]	X0=0x70226253a0 W1=0x11
0x70225fc300[libsecsdk.so@0x1f300]		br	x0	X0=0x70225f75b4
0x70225f75b4[libsecsdk.so@0x1a5b4]		fmov	w0, s9	
0x70225f75b8[libsecsdk.so@0x1a5b8]		asr	w19, w19, #8	W19=0x411
0x70225f75bc[libsecsdk.so@0x1a5bc]		mov	w1, w0	W0=0x8
0x70225f75c0[libsecsdk.so@0x1a5c0]		add	x1, x1, w19, sxtw #1	X1=0x8 W19=0x4
0x70225f75c4[libsecsdk.so@0x1a5c4]		lsl	x1, x1, #2	X1=0x10
0x70225f75c8[libsecsdk.so@0x1a5c8]		ldr	x0, [x25, x1]	X25=0x708a8893c0 X1=0x40
0x70225f75cc[libsecsdk.so@0x1a5cc]		fmov	d11, x0	X0=0x95
0x70225f75d0[libsecsdk.so@0x1a5d0]		b	#-4868	
0x70225f62cc[libsecsdk.so@0x192cc]		mov	x0, x25	X25=0x708a8893c0
0x70225f62d0[libsecsdk.so@0x192d0]		bl	#-67600	SP=0x708b79ef20
0x70225e5ac0[libsecsdk.so@0x8ac0]		adrp	x16, #266240	
0x70225e5ac4[libsecsdk.so@0x8ac4]		ldr	x17, [x16, #3760]	X16=0x7022626000
0x70225e5ac8[libsecsdk.so@0x8ac8]		add	x16, x16, #3760	X16=0x7022626000
0x70225e5acc[libsecsdk.so@0x8acc]		br	x17	X17=0x711abd42bc
0x70225f62d4[libsecsdk.so@0x192d4]		ldr	x0, [x26, #64]	X26=0x70228b8c00
0x70225f62d8[libsecsdk.so@0x192d8]		ldrb	w0, [x0]	X0=0x70228b8c18
0x70225f62dc[libsecsdk.so@0x192dc]		cmp	w0, #91	W0=0x4c
0x70225f62e0[libsecsdk.so@0x192e0]		b.eq	#124	
0x70225f62e4[libsecsdk.so@0x192e4]		cmp	w0, #76	W0=0x4c
0x70225f62e8[libsecsdk.so@0x192e8]		b.eq	#116	
0x70225f635c[libsecsdk.so@0x1935c]		fmov	x2, d11	
0x70225f6360[libsecsdk.so@0x19360]		mov	x0, x20	X20=0x708a819500
0x70225f6364[libsecsdk.so@0x19364]		mov	x1, x23	X23=0x708b79f068
0x70225f6368[libsecsdk.so@0x19368]		mov	x3, x22	X22=0x708b79f088
0x70225f636c[libsecsdk.so@0x1936c]		bl	#31440	SP=0x708b79ef20
0x70225fde3c[libsecsdk.so@0x20e3c]		sub	sp, sp, #64	SP=0x708b79ef20
0x70225fde40[libsecsdk.so@0x20e40]		stp	x21, x22, [sp, #16]	X21=0x7022625000 X22=0x708b79f088 SP=0x708b79eee0
0x70225fde44[libsecsdk.so@0x20e44]		stp	x23, x24, [sp, #32]	X23=0x708b79f068 X24=0x708a81f3e8 SP=0x708b79eee0
0x70225fde48[libsecsdk.so@0x20e48]		stp	x19, x20, [sp]	X19=0x4 X20=0x708a819500 SP=0x708b79eee0
0x70225fde4c[libsecsdk.so@0x20e4c]		str	x30, [sp, #48]	LR=0x70225f6370 SP=0x708b79eee0
0x70225fde50[libsecsdk.so@0x20e50]		mov	x23, x1	X1=0x708b79f068
0x70225fde54[libsecsdk.so@0x20e54]		mov	x22, x0	X0=0x708a819500
0x70225fde58[libsecsdk.so@0x20e58]		mov	x24, x2	X2=0x95
0x70225fde5c[libsecsdk.so@0x20e5c]		ldr	x1, [x0]	X0=0x708a819500
0x70225fde60[libsecsdk.so@0x20e60]		mov	x21, x3	X3=0x708b79f088
0x70225fde64[libsecsdk.so@0x20e64]		ldr	x1, [x1, #1824]	X1=0x70967d16a0
0x70225fde68[libsecsdk.so@0x20e68]		blr	x1	X1=0x70965ebe7c SP=0x708b79eee0
0x70225fde6c[libsecsdk.so@0x20e6c]		uxtb	w0, w0	W0=0x0
0x70225fde70[libsecsdk.so@0x20e70]		cbnz	w0, #244	W0=0x0
0x70225fde74[libsecsdk.so@0x20e74]		ldr	x20, [x23]	X23=0x708b79f068
0x70225fde78[libsecsdk.so@0x20e78]		ldr	x3, [x23, #8]	X23=0x708b79f068
0x70225fde7c[libsecsdk.so@0x20e7c]		sub	x20, x20, #8	X20=0x7022a5e038
0x70225fde80[libsecsdk.so@0x20e80]		cmp	x20, x3	X20=0x7022a5e030 X3=0x7022a5e000
0x70225fde84[libsecsdk.so@0x20e84]		b.lo	#144	
0x70225fde88[libsecsdk.so@0x20e88]		ldr	x19, [x20]	X20=0x7022a5e030
0x70225fde8c[libsecsdk.so@0x20e8c]		cmp	x19, x24	X19=0x41 X24=0x95
0x70225fde90[libsecsdk.so@0x20e90]		b.eq	#-20	
0x70225fde94[libsecsdk.so@0x20e94]		ldr	x4, [x21, #8]	X21=0x708b79f088
0x70225fde98[libsecsdk.so@0x20e98]		cbz	x4, #52	X4=0x7024730400
0x70225fde9c[libsecsdk.so@0x20e9c]		mov	x6, x21	X21=0x708b79f088
0x70225fdea0[libsecsdk.so@0x20ea0]		ldr	x5, [x4, #32]	X4=0x7024730400
0x70225fdea4[libsecsdk.so@0x20ea4]		cmp	x19, x5	X19=0x41 X5=0x2866
0x70225fdea8[libsecsdk.so@0x20ea8]		b.hi	#160	
0x70225fdeac[libsecsdk.so@0x20eac]		mov	x6, x4	X4=0x7024730400
0x70225fdeb0[libsecsdk.so@0x20eb0]		ldr	x4, [x4, #16]	X4=0x7024730400
0x70225fdeb4[libsecsdk.so@0x20eb4]		cbnz	x4, #-20	X4=0x0
0x70225fdeb8[libsecsdk.so@0x20eb8]		cmp	x21, x6	X21=0x708b79f088 X6=0x7024730400
0x70225fdebc[libsecsdk.so@0x20ebc]		b.eq	#16	
0x70225fdec0[libsecsdk.so@0x20ec0]		ldr	x0, [x6, #32]	X6=0x7024730400
0x70225fdec4[libsecsdk.so@0x20ec4]		cmp	x19, x0	X19=0x41 X0=0x2866
0x70225fdec8[libsecsdk.so@0x20ec8]		b.hs	#-76	
0x70225fdecc[libsecsdk.so@0x20ecc]		ldr	x2, [x22]	X22=0x708a819500
0x70225fded0[libsecsdk.so@0x20ed0]		mov	x1, x19	X19=0x41
0x70225fded4[libsecsdk.so@0x20ed4]		mov	x0, x22	X22=0x708a819500
0x70225fded8[libsecsdk.so@0x20ed8]		ldr	x2, [x2, #1856]	X2=0x70967d16a0
0x70225fdedc[libsecsdk.so@0x20edc]		blr	x2	X2=0x70965ebf84 SP=0x708b79eee0
0x70225fdee0[libsecsdk.so@0x20ee0]		cmp	w0, #1	W0=0x1
0x70225fdee4[libsecsdk.so@0x20ee4]		ldr	x2, [x22]	X22=0x708a819500
0x70225fdee8[libsecsdk.so@0x20ee8]		mov	x0, x22	X22=0x708a819500
0x70225fdeec[libsecsdk.so@0x20eec]		mov	x1, x19	X19=0x41
0x70225fdef0[libsecsdk.so@0x20ef0]		b.eq	#100	
0x70225fdf54[libsecsdk.so@0x20f54]		ldr	x2, [x2, #184]	X2=0x70967d16a0
0x70225fdf58[libsecsdk.so@0x20f58]		blr	x2	X2=0x7096594834 SP=0x708b79eee0
0x70225fdf5c[libsecsdk.so@0x20f5c]		ldr	x3, [x23, #8]	X23=0x708b79f068
0x70225fdf60[libsecsdk.so@0x20f60]		b	#-228	
0x70225fde7c[libsecsdk.so@0x20e7c]		sub	x20, x20, #8	X20=0x7022a5e030
0x70225fde80[libsecsdk.so@0x20e80]		cmp	x20, x3	X20=0x7022a5e028 X3=0x7022a5e000
0x70225fde84[libsecsdk.so@0x20e84]		b.lo	#144	
0x70225fde88[libsecsdk.so@0x20e88]		ldr	x19, [x20]	X20=0x7022a5e028
0x70225fde8c[libsecsdk.so@0x20e8c]		cmp	x19, x24	X19=0x95 X24=0x95
0x70225fde90[libsecsdk.so@0x20e90]		b.eq	#-20	
0x70225fde7c[libsecsdk.so@0x20e7c]		sub	x20, x20, #8	X20=0x7022a5e028
0x70225fde80[libsecsdk.so@0x20e80]		cmp	x20, x3	X20=0x7022a5e020 X3=0x7022a5e000
0x70225fde84[libsecsdk.so@0x20e84]		b.lo	#144	
0x70225fde88[libsecsdk.so@0x20e88]		ldr	x19, [x20]	X20=0x7022a5e020
0x70225fde8c[libsecsdk.so@0x20e8c]		cmp	x19, x24	X19=0x89 X24=0x95
0x70225fde90[libsecsdk.so@0x20e90]		b.eq	#-20	
0x70225fde94[libsecsdk.so@0x20e94]		ldr	x4, [x21, #8]	X21=0x708b79f088
0x70225fde98[libsecsdk.so@0x20e98]		cbz	x4, #52	X4=0x7024730400
0x70225fde9c[libsecsdk.so@0x20e9c]		mov	x6, x21	X21=0x708b79f088
0x70225fdea0[libsecsdk.so@0x20ea0]		ldr	x5, [x4, #32]	X4=0x7024730400
0x70225fdea4[libsecsdk.so@0x20ea4]		cmp	x19, x5	X19=0x89 X5=0x2866
0x70225fdea8[libsecsdk.so@0x20ea8]		b.hi	#160	
0x70225fdeac[libsecsdk.so@0x20eac]		mov	x6, x4	X4=0x7024730400
0x70225fdeb0[libsecsdk.so@0x20eb0]		ldr	x4, [x4, #16]	X4=0x7024730400
0x70225fdeb4[libsecsdk.so@0x20eb4]		cbnz	x4, #-20	X4=0x0
0x70225fdeb8[libsecsdk.so@0x20eb8]		cmp	x21, x6	X21=0x708b79f088 X6=0x7024730400
0x70225fdebc[libsecsdk.so@0x20ebc]		b.eq	#16	
0x70225fdec0[libsecsdk.so@0x20ec0]		ldr	x0, [x6, #32]	X6=0x7024730400
0x70225fdec4[libsecsdk.so@0x20ec4]		cmp	x19, x0	X19=0x89 X0=0x2866
0x70225fdec8[libsecsdk.so@0x20ec8]		b.hs	#-76	
0x70225fdecc[libsecsdk.so@0x20ecc]		ldr	x2, [x22]	X22=0x708a819500
0x70225fded0[libsecsdk.so@0x20ed0]		mov	x1, x19	X19=0x89
0x70225fded4[libsecsdk.so@0x20ed4]		mov	x0, x22	X22=0x708a819500
0x70225fded8[libsecsdk.so@0x20ed8]		ldr	x2, [x2, #1856]	X2=0x70967d16a0
0x70225fdedc[libsecsdk.so@0x20edc]		blr	x2	X2=0x70965ebf84 SP=0x708b79eee0
0x70225fdee0[libsecsdk.so@0x20ee0]		cmp	w0, #1	W0=0x1
0x70225fdee4[libsecsdk.so@0x20ee4]		ldr	x2, [x22]	X22=0x708a819500
0x70225fdee8[libsecsdk.so@0x20ee8]		mov	x0, x22	X22=0x708a819500
0x70225fdeec[libsecsdk.so@0x20eec]		mov	x1, x19	X19=0x89
0x70225fdef0[libsecsdk.so@0x20ef0]		b.eq	#100	
0x70225fdf54[libsecsdk.so@0x20f54]		ldr	x2, [x2, #184]	X2=0x70967d16a0
0x70225fdf58[libsecsdk.so@0x20f58]		blr	x2	X2=0x7096594834 SP=0x708b79eee0
0x70225fdf5c[libsecsdk.so@0x20f5c]		ldr	x3, [x23, #8]	X23=0x708b79f068
0x70225fdf60[libsecsdk.so@0x20f60]		b	#-228	
0x70225fde7c[libsecsdk.so@0x20e7c]		sub	x20, x20, #8	X20=0x7022a5e020
0x70225fde80[libsecsdk.so@0x20e80]		cmp	x20, x3	X20=0x7022a5e018 X3=0x7022a5e000
0x70225fde84[libsecsdk.so@0x20e84]		b.lo	#144	
0x70225fde88[libsecsdk.so@0x20e88]		ldr	x19, [x20]	X20=0x7022a5e018
0x70225fde8c[libsecsdk.so@0x20e8c]		cmp	x19, x24	X19=0x65 X24=0x95
0x70225fde90[libsecsdk.so@0x20e90]		b.eq	#-20	
0x70225fde94[libsecsdk.so@0x20e94]		ldr	x4, [x21, #8]	X21=0x708b79f088
0x70225fde98[libsecsdk.so@0x20e98]		cbz	x4, #52	X4=0x7024730400
0x70225fde9c[libsecsdk.so@0x20e9c]		mov	x6, x21	X21=0x708b79f088
0x70225fdea0[libsecsdk.so@0x20ea0]		ldr	x5, [x4, #32]	X4=0x7024730400
0x70225fdea4[libsecsdk.so@0x20ea4]		cmp	x19, x5	X19=0x65 X5=0x2866
0x70225fdea8[libsecsdk.so@0x20ea8]		b.hi	#160	
0x70225fdeac[libsecsdk.so@0x20eac]		mov	x6, x4	X4=0x7024730400
0x70225fdeb0[libsecsdk.so@0x20eb0]		ldr	x4, [x4, #16]	X4=0x7024730400
0x70225fdeb4[libsecsdk.so@0x20eb4]		cbnz	x4, #-20	X4=0x0
0x70225fdeb8[libsecsdk.so@0x20eb8]		cmp	x21, x6	X21=0x708b79f088 X6=0x7024730400
0x70225fdebc[libsecsdk.so@0x20ebc]		b.eq	#16	
0x70225fdec0[libsecsdk.so@0x20ec0]		ldr	x0, [x6, #32]	X6=0x7024730400
0x70225fdec4[libsecsdk.so@0x20ec4]		cmp	x19, x0	X19=0x65 X0=0x2866
0x70225fdec8[libsecsdk.so@0x20ec8]		b.hs	#-76	
0x70225fdecc[libsecsdk.so@0x20ecc]		ldr	x2, [x22]	X22=0x708a819500
0x70225fded0[libsecsdk.so@0x20ed0]		mov	x1, x19	X19=0x65
0x70225fded4[libsecsdk.so@0x20ed4]		mov	x0, x22	X22=0x708a819500
0x70225fded8[libsecsdk.so@0x20ed8]		ldr	x2, [x2, #1856]	X2=0x70967d16a0
0x70225fdedc[libsecsdk.so@0x20edc]		blr	x2	X2=0x70965ebf84 SP=0x708b79eee0
0x70225fdee0[libsecsdk.so@0x20ee0]		cmp	w0, #1	W0=0x1
0x70225fdee4[libsecsdk.so@0x20ee4]		ldr	x2, [x22]	X22=0x708a819500
0x70225fdee8[libsecsdk.so@0x20ee8]		mov	x0, x22	X22=0x708a819500
0x70225fdeec[libsecsdk.so@0x20eec]		mov	x1, x19	X19=0x65
0x70225fdef0[libsecsdk.so@0x20ef0]		b.eq	#100	
0x70225fdf54[libsecsdk.so@0x20f54]		ldr	x2, [x2, #184]	X2=0x70967d16a0
0x70225fdf58[libsecsdk.so@0x20f58]		blr	x2	X2=0x7096594834 SP=0x708b79eee0
0x70225fdf5c[libsecsdk.so@0x20f5c]		ldr	x3, [x23, #8]	X23=0x708b79f068
0x70225fdf60[libsecsdk.so@0x20f60]		b	#-228	
0x70225fde7c[libsecsdk.so@0x20e7c]		sub	x20, x20, #8	X20=0x7022a5e018
0x70225fde80[libsecsdk.so@0x20e80]		cmp	x20, x3	X20=0x7022a5e010 X3=0x7022a5e000
0x70225fde84[libsecsdk.so@0x20e84]		b.lo	#144	
0x70225fde88[libsecsdk.so@0x20e88]		ldr	x19, [x20]	X20=0x7022a5e010
0x70225fde8c[libsecsdk.so@0x20e8c]		cmp	x19, x24	X19=0x59 X24=0x95
0x70225fde90[libsecsdk.so@0x20e90]		b.eq	#-20	
0x70225fde94[libsecsdk.so@0x20e94]		ldr	x4, [x21, #8]	X21=0x708b79f088
0x70225fde98[libsecsdk.so@0x20e98]		cbz	x4, #52	X4=0x7024730400
0x70225fde9c[libsecsdk.so@0x20e9c]		mov	x6, x21	X21=0x708b79f088
0x70225fdea0[libsecsdk.so@0x20ea0]		ldr	x5, [x4, #32]	X4=0x7024730400
0x70225fdea4[libsecsdk.so@0x20ea4]		cmp	x19, x5	X19=0x59 X5=0x2866
0x70225fdea8[libsecsdk.so@0x20ea8]		b.hi	#160	
0x70225fdeac[libsecsdk.so@0x20eac]		mov	x6, x4	X4=0x7024730400
0x70225fdeb0[libsecsdk.so@0x20eb0]		ldr	x4, [x4, #16]	X4=0x7024730400
0x70225fdeb4[libsecsdk.so@0x20eb4]		cbnz	x4, #-20	X4=0x0
0x70225fdeb8[libsecsdk.so@0x20eb8]		cmp	x21, x6	X21=0x708b79f088 X6=0x7024730400
0x70225fdebc[libsecsdk.so@0x20ebc]		b.eq	#16	
0x70225fdec0[libsecsdk.so@0x20ec0]		ldr	x0, [x6, #32]	X6=0x7024730400
0x70225fdec4[libsecsdk.so@0x20ec4]		cmp	x19, x0	X19=0x59 X0=0x2866
0x70225fdec8[libsecsdk.so@0x20ec8]		b.hs	#-76	
0x70225fdecc[libsecsdk.so@0x20ecc]		ldr	x2, [x22]	X22=0x708a819500
0x70225fded0[libsecsdk.so@0x20ed0]		mov	x1, x19	X19=0x59
0x70225fded4[libsecsdk.so@0x20ed4]		mov	x0, x22	X22=0x708a819500
0x70225fded8[libsecsdk.so@0x20ed8]		ldr	x2, [x2, #1856]	X2=0x70967d16a0
0x70225fdedc[libsecsdk.so@0x20edc]		blr	x2	X2=0x70965ebf84 SP=0x708b79eee0
0x70225fdee0[libsecsdk.so@0x20ee0]		cmp	w0, #1	W0=0x1
0x70225fdee4[libsecsdk.so@0x20ee4]		ldr	x2, [x22]	X22=0x708a819500
0x70225fdee8[libsecsdk.so@0x20ee8]		mov	x0, x22	X22=0x708a819500
0x70225fdeec[libsecsdk.so@0x20eec]		mov	x1, x19	X19=0x59
0x70225fdef0[libsecsdk.so@0x20ef0]		b.eq	#100	
0x70225fdf54[libsecsdk.so@0x20f54]		ldr	x2, [x2, #184]	X2=0x70967d16a0
0x70225fdf58[libsecsdk.so@0x20f58]		blr	x2	X2=0x7096594834 SP=0x708b79eee0
0x70225fdf5c[libsecsdk.so@0x20f5c]		ldr	x3, [x23, #8]	X23=0x708b79f068
0x70225fdf60[libsecsdk.so@0x20f60]		b	#-228	
0x70225fde7c[libsecsdk.so@0x20e7c]		sub	x20, x20, #8	X20=0x7022a5e010
0x70225fde80[libsecsdk.so@0x20e80]		cmp	x20, x3	X20=0x7022a5e008 X3=0x7022a5e000
0x70225fde84[libsecsdk.so@0x20e84]		b.lo	#144	
0x70225fde88[libsecsdk.so@0x20e88]		ldr	x19, [x20]	X20=0x7022a5e008
0x70225fde8c[libsecsdk.so@0x20e8c]		cmp	x19, x24	X19=0x2876 X24=0x95
0x70225fde90[libsecsdk.so@0x20e90]		b.eq	#-20	
0x70225fde94[libsecsdk.so@0x20e94]		ldr	x4, [x21, #8]	X21=0x708b79f088
0x70225fde98[libsecsdk.so@0x20e98]		cbz	x4, #52	X4=0x7024730400
0x70225fde9c[libsecsdk.so@0x20e9c]		mov	x6, x21	X21=0x708b79f088
0x70225fdea0[libsecsdk.so@0x20ea0]		ldr	x5, [x4, #32]	X4=0x7024730400
0x70225fdea4[libsecsdk.so@0x20ea4]		cmp	x19, x5	X19=0x2876 X5=0x2866
0x70225fdea8[libsecsdk.so@0x20ea8]		b.hi	#160	
0x70225fdf48[libsecsdk.so@0x20f48]		ldr	x4, [x4, #24]	X4=0x7024730400
0x70225fdf4c[libsecsdk.so@0x20f4c]		cbnz	x4, #-172	X4=0x7024730430
0x70225fdea0[libsecsdk.so@0x20ea0]		ldr	x5, [x4, #32]	X4=0x7024730430
0x70225fdea4[libsecsdk.so@0x20ea4]		cmp	x19, x5	X19=0x2876 X5=0x2876
0x70225fdea8[libsecsdk.so@0x20ea8]		b.hi	#160	
0x70225fdeac[libsecsdk.so@0x20eac]		mov	x6, x4	X4=0x7024730430
0x70225fdeb0[libsecsdk.so@0x20eb0]		ldr	x4, [x4, #16]	X4=0x7024730430
0x70225fdeb4[libsecsdk.so@0x20eb4]		cbnz	x4, #-20	X4=0x0
0x70225fdeb8[libsecsdk.so@0x20eb8]		cmp	x21, x6	X21=0x708b79f088 X6=0x7024730430
0x70225fdebc[libsecsdk.so@0x20ebc]		b.eq	#16	
0x70225fdec0[libsecsdk.so@0x20ec0]		ldr	x0, [x6, #32]	X6=0x7024730430
0x70225fdec4[libsecsdk.so@0x20ec4]		cmp	x19, x0	X19=0x2876 X0=0x2876
0x70225fdec8[libsecsdk.so@0x20ec8]		b.hs	#-76	
0x70225fde7c[libsecsdk.so@0x20e7c]		sub	x20, x20, #8	X20=0x7022a5e008
0x70225fde80[libsecsdk.so@0x20e80]		cmp	x20, x3	X20=0x7022a5e000 X3=0x7022a5e000
0x70225fde84[libsecsdk.so@0x20e84]		b.lo	#144	
0x70225fde88[libsecsdk.so@0x20e88]		ldr	x19, [x20]	X20=0x7022a5e000
0x70225fde8c[libsecsdk.so@0x20e8c]		cmp	x19, x24	X19=0x2866 X24=0x95
0x70225fde90[libsecsdk.so@0x20e90]		b.eq	#-20	
0x70225fde94[libsecsdk.so@0x20e94]		ldr	x4, [x21, #8]	X21=0x708b79f088
0x70225fde98[libsecsdk.so@0x20e98]		cbz	x4, #52	X4=0x7024730400
0x70225fde9c[libsecsdk.so@0x20e9c]		mov	x6, x21	X21=0x708b79f088
0x70225fdea0[libsecsdk.so@0x20ea0]		ldr	x5, [x4, #32]	X4=0x7024730400
0x70225fdea4[libsecsdk.so@0x20ea4]		cmp	x19, x5	X19=0x2866 X5=0x2866
0x70225fdea8[libsecsdk.so@0x20ea8]		b.hi	#160	
0x70225fdeac[libsecsdk.so@0x20eac]		mov	x6, x4	X4=0x7024730400
0x70225fdeb0[libsecsdk.so@0x20eb0]		ldr	x4, [x4, #16]	X4=0x7024730400
0x70225fdeb4[libsecsdk.so@0x20eb4]		cbnz	x4, #-20	X4=0x0
0x70225fdeb8[libsecsdk.so@0x20eb8]		cmp	x21, x6	X21=0x708b79f088 X6=0x7024730400
0x70225fdebc[libsecsdk.so@0x20ebc]		b.eq	#16	
0x70225fdec0[libsecsdk.so@0x20ec0]		ldr	x0, [x6, #32]	X6=0x7024730400
0x70225fdec4[libsecsdk.so@0x20ec4]		cmp	x19, x0	X19=0x2866 X0=0x2866
0x70225fdec8[libsecsdk.so@0x20ec8]		b.hs	#-76	
0x70225fde7c[libsecsdk.so@0x20e7c]		sub	x20, x20, #8	X20=0x7022a5e000
0x70225fde80[libsecsdk.so@0x20e80]		cmp	x20, x3	X20=0x7022a5dff8 X3=0x7022a5e000
0x70225fde84[libsecsdk.so@0x20e84]		b.lo	#144	
0x70225fdf14[libsecsdk.so@0x20f14]		mov	x0, x3	X3=0x7022a5e000
0x70225fdf18[libsecsdk.so@0x20f18]		bl	#-99416	SP=0x708b79eee0
0x70225e5ac0[libsecsdk.so@0x8ac0]		adrp	x16, #266240	
0x70225e5ac4[libsecsdk.so@0x8ac4]		ldr	x17, [x16, #3760]	X16=0x7022626000
0x70225e5ac8[libsecsdk.so@0x8ac8]		add	x16, x16, #3760	X16=0x7022626000
0x70225e5acc[libsecsdk.so@0x8acc]		br	x17	X17=0x711abd42bc
0x70225fdf1c[libsecsdk.so@0x20f1c]		str	xzr, [x23]	X23=0x708b79f068
0x70225fdf20[libsecsdk.so@0x20f20]		str	xzr, [x23, #8]	X23=0x708b79f068
0x70225fdf24[libsecsdk.so@0x20f24]		mov	w0, #-1	
0x70225fdf28[libsecsdk.so@0x20f28]		str	w0, [x23, #20]	W0=0xffffffff X23=0x708b79f068
0x70225fdf2c[libsecsdk.so@0x20f2c]		str	w0, [x23, #16]	W0=0xffffffff X23=0x708b79f068
0x70225fdf30[libsecsdk.so@0x20f30]		ldp	x19, x20, [sp]	SP=0x708b79eee0
0x70225fdf34[libsecsdk.so@0x20f34]		ldp	x21, x22, [sp, #16]	SP=0x708b79eee0
0x70225fdf38[libsecsdk.so@0x20f38]		ldp	x23, x24, [sp, #32]	SP=0x708b79eee0
0x70225fdf3c[libsecsdk.so@0x20f3c]		ldr	x30, [sp, #48]	SP=0x708b79eee0
0x70225fdf40[libsecsdk.so@0x20f40]		add	sp, sp, #64	SP=0x708b79eee0
0x70225fdf44[libsecsdk.so@0x20f44]		ret	LR=0x70225f6370
0x70225f6370[libsecsdk.so@0x19370]		ldr	x0, [x22, #32]	X22=0x708b79f088
0x70225f6374[libsecsdk.so@0x19374]		cbz	x0, #-108	X0=0x2
0x70225f6378[libsecsdk.so@0x19378]		ldr	x19, [x22, #8]	X22=0x708b79f088
0x70225f637c[libsecsdk.so@0x1937c]		cbz	x19, #-116	X19=0x7024730400
0x70225f6380[libsecsdk.so@0x19380]		ldr	x1, [x19, #24]	X19=0x7024730400
0x70225f6384[libsecsdk.so@0x19384]		mov	x0, x22	X22=0x708b79f088
0x70225f6388[libsecsdk.so@0x19388]		bl	#-2624	SP=0x708b79ef20
0x70225f5948[libsecsdk.so@0x18948]		sub	sp, sp, #32	SP=0x708b79ef20
0x70225f594c[libsecsdk.so@0x1894c]		stp	x19, x20, [sp]	X19=0x7024730400 X20=0x708a819500 SP=0x708b79ef00
0x70225f5950[libsecsdk.so@0x18950]		str	x30, [sp, #16]	LR=0x70225f638c SP=0x708b79ef00
0x70225f5954[libsecsdk.so@0x18954]		mov	x19, x1	X1=0x7024730430
0x70225f5958[libsecsdk.so@0x18958]		mov	x20, x0	X0=0x708b79f088
0x70225f595c[libsecsdk.so@0x1895c]		cbz	x1, #40	X1=0x7024730430
0x70225f5960[libsecsdk.so@0x18960]		ldr	x1, [x19, #24]	X19=0x7024730430
0x70225f5964[libsecsdk.so@0x18964]		mov	x0, x20	X20=0x708b79f088
0x70225f5968[libsecsdk.so@0x18968]		bl	#-32	SP=0x708b79ef00
0x70225f5948[libsecsdk.so@0x18948]		sub	sp, sp, #32	SP=0x708b79ef00
0x70225f594c[libsecsdk.so@0x1894c]		stp	x19, x20, [sp]	X19=0x7024730430 X20=0x708b79f088 SP=0x708b79eee0
0x70225f5950[libsecsdk.so@0x18950]		str	x30, [sp, #16]	LR=0x70225f596c SP=0x708b79eee0
0x70225f5954[libsecsdk.so@0x18954]		mov	x19, x1	X1=0x0
0x70225f5958[libsecsdk.so@0x18958]		mov	x20, x0	X0=0x708b79f088
0x70225f595c[libsecsdk.so@0x1895c]		cbz	x1, #40	X1=0x0
0x70225f5984[libsecsdk.so@0x18984]		ldp	x19, x20, [sp]	SP=0x708b79eee0
0x70225f5988[libsecsdk.so@0x18988]		ldr	x30, [sp, #16]	SP=0x708b79eee0
0x70225f598c[libsecsdk.so@0x1898c]		add	sp, sp, #32	SP=0x708b79eee0
0x70225f5990[libsecsdk.so@0x18990]		ret	LR=0x70225f596c
0x70225f596c[libsecsdk.so@0x1896c]		ldr	x2, [x19, #16]	X19=0x7024730430
0x70225f5970[libsecsdk.so@0x18970]		mov	x0, x19	X19=0x7024730430
0x70225f5974[libsecsdk.so@0x18974]		mov	x1, #40	
0x70225f5978[libsecsdk.so@0x18978]		mov	x19, x2	X2=0x0
0x70225f597c[libsecsdk.so@0x1897c]		bl	#71616	SP=0x708b79ef00
0x702260713c[libsecsdk.so@0x2a13c]		b	#-868	
0x7022606dd8[libsecsdk.so@0x29dd8]		stp	x29, x30, [sp, #-48]!	FP=0x708b79f600 LR=0x70225f5980 SP=0x708b79ef00
0x7022606ddc[libsecsdk.so@0x29ddc]		sub	x1, x1, #1	X1=0x28
0x7022606de0[libsecsdk.so@0x29de0]		mov	x29, sp	SP=0x708b79eed0
0x7022606de4[libsecsdk.so@0x29de4]		stp	x21, x22, [sp, #32]	X21=0x7022625000 X22=0x708b79f088 SP=0x708b79eed0
0x7022606de8[libsecsdk.so@0x29de8]		adrp	x21, #135168	
0x7022606dec[libsecsdk.so@0x29dec]		mov	x22, x0	X0=0x7024730430
0x7022606df0[libsecsdk.so@0x29df0]		stp	x19, x20, [sp, #16]	X19=0x0 X20=0x708b79f088 SP=0x708b79eed0
0x7022606df4[libsecsdk.so@0x29df4]		add	x21, x21, #2376	X21=0x7022627000
0x7022606df8[libsecsdk.so@0x29df8]		lsr	x19, x1, #4	X1=0x27
0x7022606dfc[libsecsdk.so@0x29dfc]		adrp	x20, #135168	
0x7022606e00[libsecsdk.so@0x29e00]		lsl	x19, x19, #3	X19=0x2
0x7022606e04[libsecsdk.so@0x29e04]		add	x20, x20, #2512	X20=0x7022627000
0x7022606e08[libsecsdk.so@0x29e08]		mov	x0, x21	X21=0x7022627948
0x7022606e0c[libsecsdk.so@0x29e0c]		bl	#-136172	SP=0x708b79eed0
0x70225e5a20[libsecsdk.so@0x8a20]		adrp	x16, #266240	
0x70225e5a24[libsecsdk.so@0x8a24]		ldr	x17, [x16, #3680]	X16=0x7022626000
0x70225e5a28[libsecsdk.so@0x8a28]		add	x16, x16, #3680	X16=0x7022626000
0x70225e5a2c[libsecsdk.so@0x8a2c]		br	x17	X17=0x711ac75b30
0x7022606e10[libsecsdk.so@0x29e10]		ldr	x1, [x20, x19]	X20=0x70226279d0 X19=0x10
0x7022606e14[libsecsdk.so@0x29e14]		mov	x0, x21	X21=0x7022627948
0x7022606e18[libsecsdk.so@0x29e18]		str	x1, [x22]	X1=0x7024730460 X22=0x7024730430
0x7022606e1c[libsecsdk.so@0x29e1c]		str	x22, [x20, x19]	X22=0x7024730430 X20=0x70226279d0 X19=0x10
0x7022606e20[libsecsdk.so@0x29e20]		ldp	x19, x20, [sp, #16]	SP=0x708b79eed0
0x7022606e24[libsecsdk.so@0x29e24]		ldp	x21, x22, [sp, #32]	SP=0x708b79eed0
0x7022606e28[libsecsdk.so@0x29e28]		ldp	x29, x30, [sp], #48	SP=0x708b79eed0
0x7022606e2c[libsecsdk.so@0x29e2c]		b	#-136316	
0x70225e59b0[libsecsdk.so@0x89b0]		adrp	x16, #266240	
0x70225e59b4[libsecsdk.so@0x89b4]		ldr	x17, [x16, #3624]	X16=0x7022626000
0x70225e59b8[libsecsdk.so@0x89b8]		add	x16, x16, #3624	X16=0x7022626000
0x70225e59bc[libsecsdk.so@0x89bc]		br	x17	X17=0x711ac76018
0x70225f5980[libsecsdk.so@0x18980]		cbnz	x19, #-32	X19=0x0
0x70225f5984[libsecsdk.so@0x18984]		ldp	x19, x20, [sp]	SP=0x708b79ef00
0x70225f5988[libsecsdk.so@0x18988]		ldr	x30, [sp, #16]	SP=0x708b79ef00
0x70225f598c[libsecsdk.so@0x1898c]		add	sp, sp, #32	SP=0x708b79ef00
0x70225f5990[libsecsdk.so@0x18990]		ret	LR=0x70225f638c
0x70225f638c[libsecsdk.so@0x1938c]		ldr	x2, [x19, #16]	X19=0x7024730400
0x70225f6390[libsecsdk.so@0x19390]		mov	x0, x19	X19=0x7024730400
0x70225f6394[libsecsdk.so@0x19394]		mov	x1, #40	
0x70225f6398[libsecsdk.so@0x19398]		mov	x19, x2	X2=0x0
0x70225f639c[libsecsdk.so@0x1939c]		bl	#69024	SP=0x708b79ef20
0x702260713c[libsecsdk.so@0x2a13c]		b	#-868	
0x7022606dd8[libsecsdk.so@0x29dd8]		stp	x29, x30, [sp, #-48]!	FP=0x708b79f600 LR=0x70225f63a0 SP=0x708b79ef20
0x7022606ddc[libsecsdk.so@0x29ddc]		sub	x1, x1, #1	X1=0x28
0x7022606de0[libsecsdk.so@0x29de0]		mov	x29, sp	SP=0x708b79eef0
0x7022606de4[libsecsdk.so@0x29de4]		stp	x21, x22, [sp, #32]	X21=0x7022625000 X22=0x708b79f088 SP=0x708b79eef0
0x7022606de8[libsecsdk.so@0x29de8]		adrp	x21, #135168	
0x7022606dec[libsecsdk.so@0x29dec]		mov	x22, x0	X0=0x7024730400
0x7022606df0[libsecsdk.so@0x29df0]		stp	x19, x20, [sp, #16]	X19=0x0 X20=0x708a819500 SP=0x708b79eef0
0x7022606df4[libsecsdk.so@0x29df4]		add	x21, x21, #2376	X21=0x7022627000
0x7022606df8[libsecsdk.so@0x29df8]		lsr	x19, x1, #4	X1=0x27
0x7022606dfc[libsecsdk.so@0x29dfc]		adrp	x20, #135168	
0x7022606e00[libsecsdk.so@0x29e00]		lsl	x19, x19, #3	X19=0x2
0x7022606e04[libsecsdk.so@0x29e04]		add	x20, x20, #2512	X20=0x7022627000
0x7022606e08[libsecsdk.so@0x29e08]		mov	x0, x21	X21=0x7022627948
0x7022606e0c[libsecsdk.so@0x29e0c]		bl	#-136172	SP=0x708b79eef0
0x70225e5a20[libsecsdk.so@0x8a20]		adrp	x16, #266240	
0x70225e5a24[libsecsdk.so@0x8a24]		ldr	x17, [x16, #3680]	X16=0x7022626000
0x70225e5a28[libsecsdk.so@0x8a28]		add	x16, x16, #3680	X16=0x7022626000
0x70225e5a2c[libsecsdk.so@0x8a2c]		br	x17	X17=0x711ac75b30
0x7022606e10[libsecsdk.so@0x29e10]		ldr	x1, [x20, x19]	X20=0x70226279d0 X19=0x10
0x7022606e14[libsecsdk.so@0x29e14]		mov	x0, x21	X21=0x7022627948
0x7022606e18[libsecsdk.so@0x29e18]		str	x1, [x22]	X1=0x7024730430 X22=0x7024730400
0x7022606e1c[libsecsdk.so@0x29e1c]		str	x22, [x20, x19]	X22=0x7024730400 X20=0x70226279d0 X19=0x10
0x7022606e20[libsecsdk.so@0x29e20]		ldp	x19, x20, [sp, #16]	SP=0x708b79eef0
0x7022606e24[libsecsdk.so@0x29e24]		ldp	x21, x22, [sp, #32]	SP=0x708b79eef0
0x7022606e28[libsecsdk.so@0x29e28]		ldp	x29, x30, [sp], #48	SP=0x708b79eef0
0x7022606e2c[libsecsdk.so@0x29e2c]		b	#-136316	
0x70225e59b0[libsecsdk.so@0x89b0]		adrp	x16, #266240	
0x70225e59b4[libsecsdk.so@0x89b4]		ldr	x17, [x16, #3624]	X16=0x7022626000
0x70225e59b8[libsecsdk.so@0x89b8]		add	x16, x16, #3624	X16=0x7022626000
0x70225e59bc[libsecsdk.so@0x89bc]		br	x17	X17=0x711ac76018
0x70225f63a0[libsecsdk.so@0x193a0]		cbnz	x19, #-32	X19=0x0
0x70225f63a4[libsecsdk.so@0x193a4]		b	#-156	
0x70225f6308[libsecsdk.so@0x19308]		adrp	x0, #196608	
0x70225f630c[libsecsdk.so@0x1930c]		ldr	x2, [sp, #1480]	SP=0x708b79ef20
0x70225f6310[libsecsdk.so@0x19310]		ldr	x1, [x0, #3784]	X0=0x7022626000
0x70225f6314[libsecsdk.so@0x19314]		fmov	x0, d11	
0x70225f6318[libsecsdk.so@0x19318]		ldr	x1, [x1]	X1=0x711ac85510
0x70225f631c[libsecsdk.so@0x1931c]		cmp	x2, x1	X2=0xdcf65037242d4fae X1=0xdcf65037242d4fae
0x70225f6320[libsecsdk.so@0x19320]		b.ne	#30900	
0x70225f6324[libsecsdk.so@0x19324]		add	sp, sp, #32	SP=0x708b79ef20
0x70225f6328[libsecsdk.so@0x19328]		ldp	d8, d9, [sp, #88]	SP=0x708b79ef40
0x70225f632c[libsecsdk.so@0x1932c]		ldp	x19, x20, [sp]	SP=0x708b79ef40
0x70225f6330[libsecsdk.so@0x19330]		ldp	d10, d11, [sp, #104]	SP=0x708b79ef40
0x70225f6334[libsecsdk.so@0x19334]		ldp	x21, x22, [sp, #16]	SP=0x708b79ef40
0x70225f6338[libsecsdk.so@0x19338]		ldp	d12, d13, [sp, #120]	SP=0x708b79ef40
0x70225f633c[libsecsdk.so@0x1933c]		ldp	x23, x24, [sp, #32]	SP=0x708b79ef40
0x70225f6340[libsecsdk.so@0x19340]		ldp	d14, d15, [sp, #136]	SP=0x708b79ef40
0x70225f6344[libsecsdk.so@0x19344]		ldp	x25, x26, [sp, #48]	SP=0x708b79ef40
0x70225f6348[libsecsdk.so@0x19348]		ldp	x27, x28, [sp, #64]	SP=0x708b79ef40
0x70225f634c[libsecsdk.so@0x1934c]		ldr	x30, [sp, #80]	SP=0x708b79ef40
0x70225f6350[libsecsdk.so@0x19350]		add	sp, sp, #160	SP=0x708b79ef40
0x70225f6354[libsecsdk.so@0x19354]		add	sp, sp, #1296	SP=0x708b79efe0
0x70225f6358[libsecsdk.so@0x19358]		ret	LR=0x70225ebde8
0x70225ebde8[libsecsdk.so@0xede8]		mov	x2, x0	X0=0x95
0x70225ebdec[libsecsdk.so@0xedec]		ldr	x3, [x23, #64]	X23=0x70228b8c00
0x70225ebdf0[libsecsdk.so@0xedf0]		mov	x0, x26	X26=0x708a81f3e8
0x70225ebdf4[libsecsdk.so@0xedf4]		mov	x1, x19	X19=0x708a819500
0x70225ebdf8[libsecsdk.so@0xedf8]		ldrb	w3, [x3]	X3=0x70228b8c18
0x70225ebdfc[libsecsdk.so@0xedfc]		bl	#80996	SP=0x708b79f4f0
0x70225ffa60[libsecsdk.so@0x22a60]		sub	sp, sp, #304	SP=0x708b79f4f0
0x70225ffa64[libsecsdk.so@0x22a64]		stp	x21, x22, [sp, #16]	X21=0x3 X22=0x4c SP=0x708b79f3c0
0x70225ffa68[libsecsdk.so@0x22a68]		adrp	x22, #159744	
0x70225ffa6c[libsecsdk.so@0x22a6c]		str	x30, [sp, #64]	LR=0x70225ebe00 SP=0x708b79f3c0
0x70225ffa70[libsecsdk.so@0x22a70]		stp	x19, x20, [sp]	X19=0x708a819500 X20=0x0 SP=0x708b79f3c0
0x70225ffa74[libsecsdk.so@0x22a74]		stp	x23, x24, [sp, #32]	X23=0x70228b8c00 X24=0x45 SP=0x708b79f3c0
0x70225ffa78[libsecsdk.so@0x22a78]		ldr	x4, [x22, #3784]	X22=0x7022626000
0x70225ffa7c[libsecsdk.so@0x22a7c]		add	x24, sp, #200	SP=0x708b79f3c0
0x70225ffa80[libsecsdk.so@0x22a80]		stp	x25, x26, [sp, #48]	X25=0x708a82ba20 X26=0x708a81f3e8 SP=0x708b79f3c0
0x70225ffa84[libsecsdk.so@0x22a84]		mov	x23, x1	X1=0x708a819500
0x70225ffa88[libsecsdk.so@0x22a88]		mov	x26, x0	X0=0x708a81f3e8
0x70225ffa8c[libsecsdk.so@0x22a8c]		ldr	x1, [x4]	X4=0x711ac85510
0x70225ffa90[libsecsdk.so@0x22a90]		adrp	x0, #163840	
0x70225ffa94[libsecsdk.so@0x22a94]		mov	x8, x24	X24=0x708b79f488
0x70225ffa98[libsecsdk.so@0x22a98]		add	x0, x0, #1488	X0=0x7022627000
0x70225ffa9c[libsecsdk.so@0x22a9c]		uxtb	w21, w3	W3=0x4c
0x70225ffaa0[libsecsdk.so@0x22aa0]		add	x19, sp, #104	SP=0x708b79f3c0
0x70225ffaa4[libsecsdk.so@0x22aa4]		add	x20, sp, #152	SP=0x708b79f3c0
0x70225ffaa8[libsecsdk.so@0x22aa8]		mov	x25, x2	X2=0x95
0x70225ffaac[libsecsdk.so@0x22aac]		str	x1, [sp, #296]	X1=0xdcf65037242d4fae SP=0x708b79f3c0
0x70225ffab0[libsecsdk.so@0x22ab0]		str	x19, [sp, #136]	X19=0x708b79f428 SP=0x708b79f3c0
0x70225ffab4[libsecsdk.so@0x22ab4]		str	x19, [sp, #144]	X19=0x708b79f428 SP=0x708b79f3c0
0x70225ffab8[libsecsdk.so@0x22ab8]		strb	wzr, [sp, #104]	SP=0x708b79f3c0
0x70225ffabc[libsecsdk.so@0x22abc]		str	x20, [sp, #184]	X20=0x708b79f458 SP=0x708b79f3c0
0x70225ffac0[libsecsdk.so@0x22ac0]		str	x20, [sp, #192]	X20=0x708b79f458 SP=0x708b79f3c0
0x70225ffac4[libsecsdk.so@0x22ac4]		strb	wzr, [sp, #152]	SP=0x708b79f3c0
0x70225ffac8[libsecsdk.so@0x22ac8]		bl	#-6036	SP=0x708b79f3c0
0x70225fe334[libsecsdk.so@0x21334]		sub	sp, sp, #112	SP=0x708b79f3c0
0x70225fe338[libsecsdk.so@0x21338]		stp	x19, x20, [sp]	X19=0x708b79f428 X20=0x708b79f458 SP=0x708b79f350
0x70225fe33c[libsecsdk.so@0x2133c]		mov	x19, x8	X8=0x708b79f488
0x70225fe340[libsecsdk.so@0x21340]		str	x30, [sp, #80]	LR=0x70225ffacc SP=0x708b79f350
0x70225fe344[libsecsdk.so@0x21344]		stp	x21, x22, [sp, #16]	X21=0x4c X22=0x7022626000 SP=0x708b79f350
0x70225fe348[libsecsdk.so@0x21348]		stp	x23, x24, [sp, #32]	X23=0x708a819500 X24=0x708b79f488 SP=0x708b79f350
0x70225fe34c[libsecsdk.so@0x2134c]		stp	x25, x26, [sp, #48]	X25=0x95 X26=0x708a81f3e8 SP=0x708b79f350
0x70225fe350[libsecsdk.so@0x21350]		stp	x27, x28, [sp, #64]	X27=0x2 X28=0x708b79f578 SP=0x708b79f350
0x70225fe354[libsecsdk.so@0x21354]		str	x8, [x19, #32]	X8=0x708b79f488 X19=0x708b79f488
0x70225fe358[libsecsdk.so@0x21358]		str	x8, [x19, #40]	X8=0x708b79f488 X19=0x708b79f488
0x70225fe35c[libsecsdk.so@0x2135c]		strb	wzr, [x8]	X8=0x708b79f488
0x70225fe360[libsecsdk.so@0x21360]		cbz	x0, #156	X0=0x70226275d0
0x70225fe364[libsecsdk.so@0x21364]		mov	x20, x0	X0=0x70226275d0
0x70225fe368[libsecsdk.so@0x21368]		ldrb	w21, [x20], #1	X20=0x70226275d0
0x70225fe36c[libsecsdk.so@0x2136c]		cbz	w21, #144	W21=0xf7
0x70225fe370[libsecsdk.so@0x21370]		eor	w21, w21, #0x1	W21=0xf7
0x70225fe374[libsecsdk.so@0x21374]		mov	x3, #0	
0x70225fe378[libsecsdk.so@0x21378]		and	w21, w21, #0x7f	W21=0xf6
0x70225fe37c[libsecsdk.so@0x2137c]		mov	x0, x8	X8=0x708b79f488
0x70225fe380[libsecsdk.so@0x21380]		mov	x1, x8	X8=0x708b79f488
0x70225fe384[libsecsdk.so@0x21384]		mov	w25, w3	W3=0x0
0x70225fe388[libsecsdk.so@0x21388]		mov	x23, #-2	
0x70225fe38c[libsecsdk.so@0x2138c]		add	x24, sp, #104	SP=0x708b79f350
0x70225fe390[libsecsdk.so@0x21390]		adrp	x27, #61440	
0x70225fe394[libsecsdk.so@0x21394]		b	#44	
0x70225fe3c0[libsecsdk.so@0x213c0]		cmp	x19, x0	X19=0x708b79f488 X0=0x708b79f488
0x70225fe3c4[libsecsdk.so@0x213c4]		b.eq	#564	
0x70225fe5f8[libsecsdk.so@0x215f8]		sub	x1, x19, x1	X19=0x708b79f488 X1=0x708b79f488
0x70225fe5fc[libsecsdk.so@0x215fc]		add	x1, x1, #32	X1=0x0
0x70225fe600[libsecsdk.so@0x21600]		b	#-560	
0x70225fe3d0[libsecsdk.so@0x213d0]		cmp	x1, #1	X1=0x20
0x70225fe3d4[libsecsdk.so@0x213d4]		b.ls	#76	
0x70225fe3d8[libsecsdk.so@0x213d8]		ldr	x1, [x19, #32]	X19=0x708b79f488
0x70225fe3dc[libsecsdk.so@0x213dc]		strb	wzr, [x1, #1]	X1=0x708b79f488
0x70225fe3e0[libsecsdk.so@0x213e0]		ldr	x1, [x19, #32]	X19=0x708b79f488
0x70225fe3e4[libsecsdk.so@0x213e4]		strb	w21, [x1]	W21=0x76 X1=0x708b79f488
0x70225fe3e8[libsecsdk.so@0x213e8]		ldr	x1, [x19, #32]	X19=0x708b79f488
0x70225fe3ec[libsecsdk.so@0x213ec]		add	x1, x1, #1	X1=0x708b79f488
0x70225fe3f0[libsecsdk.so@0x213f0]		str	x1, [x19, #32]	X1=0x708b79f489 X19=0x708b79f488
0x70225fe3f4[libsecsdk.so@0x213f4]		ldrb	w2, [x20], #1	X20=0x70226275d1
0x70225fe3f8[libsecsdk.so@0x213f8]		cbnz	w2, #-96	W2=0xe3
0x70225fe398[libsecsdk.so@0x21398]		add	w25, w25, #1	W25=0x0
0x70225fe39c[libsecsdk.so@0x2139c]		add	x4, x27, #4000	X27=0x702260d000
0x70225fe3a0[libsecsdk.so@0x213a0]		and	w5, w25, #0x7	W25=0x1
0x70225fe3a4[libsecsdk.so@0x213a4]		ldr	x0, [x19, #40]	X19=0x708b79f488
0x70225fe3a8[libsecsdk.so@0x213a8]		sub	x3, x1, x0	X1=0x708b79f489 X0=0x708b79f488
0x70225fe3ac[libsecsdk.so@0x213ac]		ldr	w21, [x4, w5, sxtw #2]	X4=0x702260dfa0 W5=0x1
0x70225fe3b0[libsecsdk.so@0x213b0]		cmn	x3, #2	X3=0x1
0x70225fe3b4[libsecsdk.so@0x213b4]		eor	w2, w2, w21	W2=0xe3 W21=0x2
0x70225fe3b8[libsecsdk.so@0x213b8]		and	w21, w2, #0x7f	W2=0xe1
0x70225fe3bc[libsecsdk.so@0x213bc]		b.eq	#716	
0x70225fe3c0[libsecsdk.so@0x213c0]		cmp	x19, x0	X19=0x708b79f488 X0=0x708b79f488
0x70225fe3c4[libsecsdk.so@0x213c4]		b.eq	#564	
0x70225fe5f8[libsecsdk.so@0x215f8]		sub	x1, x19, x1	X19=0x708b79f488 X1=0x708b79f489
0x70225fe5fc[libsecsdk.so@0x215fc]		add	x1, x1, #32	X1=0xffffffffffffffff
0x70225fe600[libsecsdk.so@0x21600]		b	#-560	
0x70225fe3d0[libsecsdk.so@0x213d0]		cmp	x1, #1	X1=0x1f
0x70225fe3d4[libsecsdk.so@0x213d4]		b.ls	#76	
0x70225fe3d8[libsecsdk.so@0x213d8]		ldr	x1, [x19, #32]	X19=0x708b79f488
0x70225fe3dc[libsecsdk.so@0x213dc]		strb	wzr, [x1, #1]	X1=0x708b79f489
0x70225fe3e0[libsecsdk.so@0x213e0]		ldr	x1, [x19, #32]	X19=0x708b79f488
0x70225fe3e4[libsecsdk.so@0x213e4]		strb	w21, [x1]	W21=0x61 X1=0x708b79f489
0x70225fe3e8[libsecsdk.so@0x213e8]		ldr	x1, [x19, #32]	X19=0x708b79f488
0x70225fe3ec[libsecsdk.so@0x213ec]		add	x1, x1, #1	X1=0x708b79f489
0x70225fe3f0[libsecsdk.so@0x213f0]		str	x1, [x19, #32]	X1=0x708b79f48a X19=0x708b79f488
0x70225fe3f4[libsecsdk.so@0x213f4]		ldrb	w2, [x20], #1	X20=0x70226275d2
0x70225fe3f8[libsecsdk.so@0x213f8]		cbnz	w2, #-96	W2=0xef
0x70225fe398[libsecsdk.so@0x21398]		add	w25, w25, #1	W25=0x1
0x70225fe39c[libsecsdk.so@0x2139c]		add	x4, x27, #4000	X27=0x702260d000
0x70225fe3a0[libsecsdk.so@0x213a0]		and	w5, w25, #0x7	W25=0x2
0x70225fe3a4[libsecsdk.so@0x213a4]		ldr	x0, [x19, #40]	X19=0x708b79f488
0x70225fe3a8[libsecsdk.so@0x213a8]		sub	x3, x1, x0	X1=0x708b79f48a X0=0x708b79f488
0x70225fe3ac[libsecsdk.so@0x213ac]		ldr	w21, [x4, w5, sxtw #2]	X4=0x702260dfa0 W5=0x2
0x70225fe3b0[libsecsdk.so@0x213b0]		cmn	x3, #2	X3=0x2
0x70225fe3b4[libsecsdk.so@0x213b4]		eor	w2, w2, w21	W2=0xef W21=0x3
0x70225fe3b8[libsecsdk.so@0x213b8]		and	w21, w2, #0x7f	W2=0xec
0x70225fe3bc[libsecsdk.so@0x213bc]		b.eq	#716	
0x70225fe3c0[libsecsdk.so@0x213c0]		cmp	x19, x0	X19=0x708b79f488 X0=0x708b79f488
0x70225fe3c4[libsecsdk.so@0x213c4]		b.eq	#564	
0x70225fe5f8[libsecsdk.so@0x215f8]		sub	x1, x19, x1	X19=0x708b79f488 X1=0x708b79f48a
0x70225fe5fc[libsecsdk.so@0x215fc]		add	x1, x1, #32	X1=0xfffffffffffffffe
0x70225fe600[libsecsdk.so@0x21600]		b	#-560	
0x70225fe3d0[libsecsdk.so@0x213d0]		cmp	x1, #1	X1=0x1e
0x70225fe3d4[libsecsdk.so@0x213d4]		b.ls	#76	
0x70225fe3d8[libsecsdk.so@0x213d8]		ldr	x1, [x19, #32]	X19=0x708b79f488
0x70225fe3dc[libsecsdk.so@0x213dc]		strb	wzr, [x1, #1]	X1=0x708b79f48a
0x70225fe3e0[libsecsdk.so@0x213e0]		ldr	x1, [x19, #32]	X19=0x708b79f488
0x70225fe3e4[libsecsdk.so@0x213e4]		strb	w21, [x1]	W21=0x6c X1=0x708b79f48a
0x70225fe3e8[libsecsdk.so@0x213e8]		ldr	x1, [x19, #32]	X19=0x708b79f488
0x70225fe3ec[libsecsdk.so@0x213ec]		add	x1, x1, #1	X1=0x708b79f48a
0x70225fe3f0[libsecsdk.so@0x213f0]		str	x1, [x19, #32]	X1=0x708b79f48b X19=0x708b79f488
0x70225fe3f4[libsecsdk.so@0x213f4]		ldrb	w2, [x20], #1	X20=0x70226275d3
0x70225fe3f8[libsecsdk.so@0x213f8]		cbnz	w2, #-96	W2=0xf1
0x70225fe398[libsecsdk.so@0x21398]		add	w25, w25, #1	W25=0x2
0x70225fe39c[libsecsdk.so@0x2139c]		add	x4, x27, #4000	X27=0x702260d000
0x70225fe3a0[libsecsdk.so@0x213a0]		and	w5, w25, #0x7	W25=0x3
0x70225fe3a4[libsecsdk.so@0x213a4]		ldr	x0, [x19, #40]	X19=0x708b79f488
0x70225fe3a8[libsecsdk.so@0x213a8]		sub	x3, x1, x0	X1=0x708b79f48b X0=0x708b79f488
0x70225fe3ac[libsecsdk.so@0x213ac]		ldr	w21, [x4, w5, sxtw #2]	X4=0x702260dfa0 W5=0x3
0x70225fe3b0[libsecsdk.so@0x213b0]		cmn	x3, #2	X3=0x3
0x70225fe3b4[libsecsdk.so@0x213b4]		eor	w2, w2, w21	W2=0xf1 W21=0x4
0x70225fe3b8[libsecsdk.so@0x213b8]		and	w21, w2, #0x7f	W2=0xf5
0x70225fe3bc[libsecsdk.so@0x213bc]		b.eq	#716	
0x70225fe3c0[libsecsdk.so@0x213c0]		cmp	x19, x0	X19=0x708b79f488 X0=0x708b79f488
0x70225fe3c4[libsecsdk.so@0x213c4]		b.eq	#564	
0x70225fe5f8[libsecsdk.so@0x215f8]		sub	x1, x19, x1	X19=0x708b79f488 X1=0x708b79f48b
0x70225fe5fc[libsecsdk.so@0x215fc]		add	x1, x1, #32	X1=0xfffffffffffffffd
0x70225fe600[libsecsdk.so@0x21600]		b	#-560	
0x70225fe3d0[libsecsdk.so@0x213d0]		cmp	x1, #1	X1=0x1d
0x70225fe3d4[libsecsdk.so@0x213d4]		b.ls	#76	
0x70225fe3d8[libsecsdk.so@0x213d8]		ldr	x1, [x19, #32]	X19=0x708b79f488
0x70225fe3dc[libsecsdk.so@0x213dc]		strb	wzr, [x1, #1]	X1=0x708b79f48b
0x70225fe3e0[libsecsdk.so@0x213e0]		ldr	x1, [x19, #32]	X19=0x708b79f488
0x70225fe3e4[libsecsdk.so@0x213e4]		strb	w21, [x1]	W21=0x75 X1=0x708b79f48b
0x70225fe3e8[libsecsdk.so@0x213e8]		ldr	x1, [x19, #32]	X19=0x708b79f488
0x70225fe3ec[libsecsdk.so@0x213ec]		add	x1, x1, #1	X1=0x708b79f48b
0x70225fe3f0[libsecsdk.so@0x213f0]		str	x1, [x19, #32]	X1=0x708b79f48c X19=0x708b79f488
0x70225fe3f4[libsecsdk.so@0x213f4]		ldrb	w2, [x20], #1	X20=0x70226275d4
0x70225fe3f8[libsecsdk.so@0x213f8]		cbnz	w2, #-96	W2=0xe0
0x70225fe398[libsecsdk.so@0x21398]		add	w25, w25, #1	W25=0x3
0x70225fe39c[libsecsdk.so@0x2139c]		add	x4, x27, #4000	X27=0x702260d000
0x70225fe3a0[libsecsdk.so@0x213a0]		and	w5, w25, #0x7	W25=0x4
0x70225fe3a4[libsecsdk.so@0x213a4]		ldr	x0, [x19, #40]	X19=0x708b79f488
0x70225fe3a8[libsecsdk.so@0x213a8]		sub	x3, x1, x0	X1=0x708b79f48c X0=0x708b79f488
0x70225fe3ac[libsecsdk.so@0x213ac]		ldr	w21, [x4, w5, sxtw #2]	X4=0x702260dfa0 W5=0x4
0x70225fe3b0[libsecsdk.so@0x213b0]		cmn	x3, #2	X3=0x4
0x70225fe3b4[libsecsdk.so@0x213b4]		eor	w2, w2, w21	W2=0xe0 W21=0x5
0x70225fe3b8[libsecsdk.so@0x213b8]		and	w21, w2, #0x7f	W2=0xe5
0x70225fe3bc[libsecsdk.so@0x213bc]		b.eq	#716	
0x70225fe3c0[libsecsdk.so@0x213c0]		cmp	x19, x0	X19=0x708b79f488 X0=0x708b79f488
0x70225fe3c4[libsecsdk.so@0x213c4]		b.eq	#564	
0x70225fe5f8[libsecsdk.so@0x215f8]		sub	x1, x19, x1	X19=0x708b79f488 X1=0x708b79f48c
0x70225fe5fc[libsecsdk.so@0x215fc]		add	x1, x1, #32	X1=0xfffffffffffffffc
0x70225fe600[libsecsdk.so@0x21600]		b	#-560	
0x70225fe3d0[libsecsdk.so@0x213d0]		cmp	x1, #1	X1=0x1c
0x70225fe3d4[libsecsdk.so@0x213d4]		b.ls	#76	
0x70225fe3d8[libsecsdk.so@0x213d8]		ldr	x1, [x19, #32]	X19=0x708b79f488
0x70225fe3dc[libsecsdk.so@0x213dc]		strb	wzr, [x1, #1]	X1=0x708b79f48c
0x70225fe3e0[libsecsdk.so@0x213e0]		ldr	x1, [x19, #32]	X19=0x708b79f488
0x70225fe3e4[libsecsdk.so@0x213e4]		strb	w21, [x1]	W21=0x65 X1=0x708b79f48c
0x70225fe3e8[libsecsdk.so@0x213e8]		ldr	x1, [x19, #32]	X19=0x708b79f488
0x70225fe3ec[libsecsdk.so@0x213ec]		add	x1, x1, #1	X1=0x708b79f48c
0x70225fe3f0[libsecsdk.so@0x213f0]		str	x1, [x19, #32]	X1=0x708b79f48d X19=0x708b79f488
0x70225fe3f4[libsecsdk.so@0x213f4]		ldrb	w2, [x20], #1	X20=0x70226275d5
0x70225fe3f8[libsecsdk.so@0x213f8]		cbnz	w2, #-96	W2=0xc9
0x70225fe398[libsecsdk.so@0x21398]		add	w25, w25, #1	W25=0x4
0x70225fe39c[libsecsdk.so@0x2139c]		add	x4, x27, #4000	X27=0x702260d000
0x70225fe3a0[libsecsdk.so@0x213a0]		and	w5, w25, #0x7	W25=0x5
0x70225fe3a4[libsecsdk.so@0x213a4]		ldr	x0, [x19, #40]	X19=0x708b79f488
0x70225fe3a8[libsecsdk.so@0x213a8]		sub	x3, x1, x0	X1=0x708b79f48d X0=0x708b79f488
0x70225fe3ac[libsecsdk.so@0x213ac]		ldr	w21, [x4, w5, sxtw #2]	X4=0x702260dfa0 W5=0x5
0x70225fe3b0[libsecsdk.so@0x213b0]		cmn	x3, #2	X3=0x5
0x70225fe3b4[libsecsdk.so@0x213b4]		eor	w2, w2, w21	W2=0xc9 W21=0x6
0x70225fe3b8[libsecsdk.so@0x213b8]		and	w21, w2, #0x7f	W2=0xcf
0x70225fe3bc[libsecsdk.so@0x213bc]		b.eq	#716	
0x70225fe3c0[libsecsdk.so@0x213c0]		cmp	x19, x0	X19=0x708b79f488 X0=0x708b79f488
0x70225fe3c4[libsecsdk.so@0x213c4]		b.eq	#564	
0x70225fe5f8[libsecsdk.so@0x215f8]		sub	x1, x19, x1	X19=0x708b79f488 X1=0x708b79f48d
0x70225fe5fc[libsecsdk.so@0x215fc]		add	x1, x1, #32	X1=0xfffffffffffffffb
0x70225fe600[libsecsdk.so@0x21600]		b	#-560	
0x70225fe3d0[libsecsdk.so@0x213d0]		cmp	x1, #1	X1=0x1b
0x70225fe3d4[libsecsdk.so@0x213d4]		b.ls	#76	
0x70225fe3d8[libsecsdk.so@0x213d8]		ldr	x1, [x19, #32]	X19=0x708b79f488
0x70225fe3dc[libsecsdk.so@0x213dc]		strb	wzr, [x1, #1]	X1=0x708b79f48d
0x70225fe3e0[libsecsdk.so@0x213e0]		ldr	x1, [x19, #32]	X19=0x708b79f488
0x70225fe3e4[libsecsdk.so@0x213e4]		strb	w21, [x1]	W21=0x4f X1=0x708b79f48d
0x70225fe3e8[libsecsdk.so@0x213e8]		ldr	x1, [x19, #32]	X19=0x708b79f488
0x70225fe3ec[libsecsdk.so@0x213ec]		add	x1, x1, #1	X1=0x708b79f48d
0x70225fe3f0[libsecsdk.so@0x213f0]		str	x1, [x19, #32]	X1=0x708b79f48e X19=0x708b79f488
0x70225fe3f4[libsecsdk.so@0x213f4]		ldrb	w2, [x20], #1	X20=0x70226275d6
0x70225fe3f8[libsecsdk.so@0x213f8]		cbnz	w2, #-96	W2=0xe1
0x70225fe398[libsecsdk.so@0x21398]		add	w25, w25, #1	W25=0x5
0x70225fe39c[libsecsdk.so@0x2139c]		add	x4, x27, #4000	X27=0x702260d000
0x70225fe3a0[libsecsdk.so@0x213a0]		and	w5, w25, #0x7	W25=0x6
0x70225fe3a4[libsecsdk.so@0x213a4]		ldr	x0, [x19, #40]	X19=0x708b79f488
0x70225fe3a8[libsecsdk.so@0x213a8]		sub	x3, x1, x0	X1=0x708b79f48e X0=0x708b79f488
0x70225fe3ac[libsecsdk.so@0x213ac]		ldr	w21, [x4, w5, sxtw #2]	X4=0x702260dfa0 W5=0x6
0x70225fe3b0[libsecsdk.so@0x213b0]		cmn	x3, #2	X3=0x6
0x70225fe3b4[libsecsdk.so@0x213b4]		eor	w2, w2, w21	W2=0xe1 W21=0x7
0x70225fe3b8[libsecsdk.so@0x213b8]		and	w21, w2, #0x7f	W2=0xe6
0x70225fe3bc[libsecsdk.so@0x213bc]		b.eq	#716	
0x70225fe3c0[libsecsdk.so@0x213c0]		cmp	x19, x0	X19=0x708b79f488 X0=0x708b79f488
0x70225fe3c4[libsecsdk.so@0x213c4]		b.eq	#564	
0x70225fe5f8[libsecsdk.so@0x215f8]		sub	x1, x19, x1	X19=0x708b79f488 X1=0x708b79f48e
0x70225fe5fc[libsecsdk.so@0x215fc]		add	x1, x1, #32	X1=0xfffffffffffffffa
0x70225fe600[libsecsdk.so@0x21600]		b	#-560	
0x70225fe3d0[libsecsdk.so@0x213d0]		cmp	x1, #1	X1=0x1a
0x70225fe3d4[libsecsdk.so@0x213d4]		b.ls	#76	
0x70225fe3d8[libsecsdk.so@0x213d8]		ldr	x1, [x19, #32]	X19=0x708b79f488
0x70225fe3dc[libsecsdk.so@0x213dc]		strb	wzr, [x1, #1]	X1=0x708b79f48e
0x70225fe3e0[libsecsdk.so@0x213e0]		ldr	x1, [x19, #32]	X19=0x708b79f488
0x70225fe3e4[libsecsdk.so@0x213e4]		strb	w21, [x1]	W21=0x66 X1=0x708b79f48e
0x70225fe3e8[libsecsdk.so@0x213e8]		ldr	x1, [x19, #32]	X19=0x708b79f488
0x70225fe3ec[libsecsdk.so@0x213ec]		add	x1, x1, #1	X1=0x708b79f48e
0x70225fe3f0[libsecsdk.so@0x213f0]		str	x1, [x19, #32]	X1=0x708b79f48f X19=0x708b79f488
0x70225fe3f4[libsecsdk.so@0x213f4]		ldrb	w2, [x20], #1	X20=0x70226275d7
0x70225fe3f8[libsecsdk.so@0x213f8]		cbnz	w2, #-96	W2=0x0
0x70225fe3fc[libsecsdk.so@0x213fc]		mov	x0, x19	X19=0x708b79f488
0x70225fe400[libsecsdk.so@0x21400]		ldr	x30, [sp, #80]	SP=0x708b79f350
0x70225fe404[libsecsdk.so@0x21404]		ldp	x19, x20, [sp]	SP=0x708b79f350
0x70225fe408[libsecsdk.so@0x21408]		ldp	x21, x22, [sp, #16]	SP=0x708b79f350
0x70225fe40c[libsecsdk.so@0x2140c]		ldp	x23, x24, [sp, #32]	SP=0x708b79f350
0x70225fe410[libsecsdk.so@0x21410]		ldp	x25, x26, [sp, #48]	SP=0x708b79f350
0x70225fe414[libsecsdk.so@0x21414]		ldp	x27, x28, [sp, #64]	SP=0x708b79f350
0x70225fe418[libsecsdk.so@0x21418]		add	sp, sp, #112	SP=0x708b79f350
0x70225fe41c[libsecsdk.so@0x2141c]		ret	LR=0x70225ffacc
0x70225ffacc[libsecsdk.so@0x22acc]		sub	w4, w21, #66	W21=0x4c
0x70225ffad0[libsecsdk.so@0x22ad0]		cmp	w4, #25	W4=0xa
0x70225ffad4[libsecsdk.so@0x22ad4]		b.ls	#168	
0x70225ffb7c[libsecsdk.so@0x22b7c]		adrp	x1, #57344	
0x70225ffb80[libsecsdk.so@0x22b80]		add	x1, x1, #3788	X1=0x702260d000
0x70225ffb84[libsecsdk.so@0x22b84]		ldrh	w0, [x1, w4, uxtw #1]	X1=0x702260decc W4=0xa
0x70225ffb88[libsecsdk.so@0x22b88]		adr	x1, #12	
0x70225ffb8c[libsecsdk.so@0x22b8c]		add	x0, x1, w0, sxth #2	X1=0x70225ffb94 W0=0xffd2
0x70225ffb90[libsecsdk.so@0x22b90]		br	x0	X0=0x70225ffadc
0x70225ffadc[libsecsdk.so@0x22adc]		ldr	x0, [sp, #240]	SP=0x708b79f3c0
0x70225ffae0[libsecsdk.so@0x22ae0]		cmp	x0, x24	X0=0x708b79f488 X24=0x708b79f488
0x70225ffae4[libsecsdk.so@0x22ae4]		b.eq	#28	
0x70225ffb00[libsecsdk.so@0x22b00]		ldr	x0, [sp, #192]	SP=0x708b79f3c0
0x70225ffb04[libsecsdk.so@0x22b04]		cmp	x0, x20	X0=0x708b79f458 X20=0x708b79f458
0x70225ffb08[libsecsdk.so@0x22b08]		b.eq	#28	
0x70225ffb24[libsecsdk.so@0x22b24]		ldr	x0, [sp, #144]	SP=0x708b79f3c0
0x70225ffb28[libsecsdk.so@0x22b28]		cmp	x0, x19	X0=0x708b79f428 X19=0x708b79f428
0x70225ffb2c[libsecsdk.so@0x22b2c]		b.eq	#28	
0x70225ffb48[libsecsdk.so@0x22b48]		ldr	x22, [x22, #3784]	X22=0x7022626000
0x70225ffb4c[libsecsdk.so@0x22b4c]		mov	x0, x25	X25=0x95
0x70225ffb50[libsecsdk.so@0x22b50]		ldr	x2, [sp, #296]	SP=0x708b79f3c0
0x70225ffb54[libsecsdk.so@0x22b54]		ldr	x1, [x22]	X22=0x711ac85510
0x70225ffb58[libsecsdk.so@0x22b58]		cmp	x2, x1	X2=0xdcf65037242d4fae X1=0xdcf65037242d4fae
0x70225ffb5c[libsecsdk.so@0x22b5c]		b.ne	#2024	
0x70225ffb60[libsecsdk.so@0x22b60]		ldp	x19, x20, [sp]	SP=0x708b79f3c0
0x70225ffb64[libsecsdk.so@0x22b64]		ldp	x21, x22, [sp, #16]	SP=0x708b79f3c0
0x70225ffb68[libsecsdk.so@0x22b68]		ldp	x23, x24, [sp, #32]	SP=0x708b79f3c0
0x70225ffb6c[libsecsdk.so@0x22b6c]		ldp	x25, x26, [sp, #48]	SP=0x708b79f3c0
0x70225ffb70[libsecsdk.so@0x22b70]		ldr	x30, [sp, #64]	SP=0x708b79f3c0
0x70225ffb74[libsecsdk.so@0x22b74]		add	sp, sp, #304	SP=0x708b79f3c0
0x70225ffb78[libsecsdk.so@0x22b78]		ret	LR=0x70225ebe00
0x70225ebe00[libsecsdk.so@0xee00]		mov	x21, x0	X0=0x95
0x70225ebe04[libsecsdk.so@0xee04]		cmp	x21, x20	X21=0x95 X20=0x0
0x70225ebe08[libsecsdk.so@0xee08]		b.eq	#28	
0x70225ebe0c[libsecsdk.so@0xee0c]		cbz	x20, #24	X20=0x0
0x70225ebe24[libsecsdk.so@0xee24]		mov	x2, #0	
0x70225ebe28[libsecsdk.so@0xee28]		b	#24	
0x70225ebe40[libsecsdk.so@0xee40]		add	x20, x2, #1	X2=0x0
0x70225ebe44[libsecsdk.so@0xee44]		ldr	x3, [x23, #64]	X23=0x70228b8c00
0x70225ebe48[libsecsdk.so@0xee48]		ldrb	w3, [x3, x20]	X3=0x70228b8c18 X20=0x1
0x70225ebe4c[libsecsdk.so@0xee4c]		cmp	w3, #91	W3=0x4c
0x70225ebe50[libsecsdk.so@0xee50]		b.ne	#-36	
0x70225ebe2c[libsecsdk.so@0xee2c]		cmp	w3, #76	W3=0x4c
0x70225ebe30[libsecsdk.so@0xee30]		b.eq	#36	
0x70225ebe54[libsecsdk.so@0xee54]		fmov	x0, d8	
0x70225ebe58[libsecsdk.so@0xee58]		ldr	x2, [x0, x2, lsl #3]	X0=0x708a82ba10 X2=0x0
0x70225ebe5c[libsecsdk.so@0xee5c]		mov	x0, x19	X19=0x708a819500
0x70225ebe60[libsecsdk.so@0xee60]		cmp	x2, x21	X2=0x2866 X21=0x95
0x70225ebe64[libsecsdk.so@0xee64]		mov	x1, x2	X2=0x2866
0x70225ebe68[libsecsdk.so@0xee68]		cbz	x2, #-52	X2=0x2866
0x70225ebe6c[libsecsdk.so@0xee6c]		b.eq	#-56	
0x70225ebe70[libsecsdk.so@0xee70]		ldr	x2, [x19]	X19=0x708a819500
0x70225ebe74[libsecsdk.so@0xee74]		ldr	x2, [x2, #176]	X2=0x70967d16a0
0x70225ebe78[libsecsdk.so@0xee78]		blr	x2	X2=0x7096594820 SP=0x708b79f4f0
0x70225ebe7c[libsecsdk.so@0xee7c]		cmp	w27, w20	W27=0x2 W20=0x1
0x70225ebe80[libsecsdk.so@0xee80]		mov	x2, x20	X20=0x1
0x70225ebe84[libsecsdk.so@0xee84]		b.gt	#-68	
0x70225ebe40[libsecsdk.so@0xee40]		add	x20, x2, #1	X2=0x1
0x70225ebe44[libsecsdk.so@0xee44]		ldr	x3, [x23, #64]	X23=0x70228b8c00
0x70225ebe48[libsecsdk.so@0xee48]		ldrb	w3, [x3, x20]	X3=0x70228b8c18 X20=0x2
0x70225ebe4c[libsecsdk.so@0xee4c]		cmp	w3, #91	W3=0x4c
0x70225ebe50[libsecsdk.so@0xee50]		b.ne	#-36	
0x70225ebe2c[libsecsdk.so@0xee2c]		cmp	w3, #76	W3=0x4c
0x70225ebe30[libsecsdk.so@0xee30]		b.eq	#36	
0x70225ebe54[libsecsdk.so@0xee54]		fmov	x0, d8	
0x70225ebe58[libsecsdk.so@0xee58]		ldr	x2, [x0, x2, lsl #3]	X0=0x708a82ba10 X2=0x1
0x70225ebe5c[libsecsdk.so@0xee5c]		mov	x0, x19	X19=0x708a819500
0x70225ebe60[libsecsdk.so@0xee60]		cmp	x2, x21	X2=0x2876 X21=0x95
0x70225ebe64[libsecsdk.so@0xee64]		mov	x1, x2	X2=0x2876
0x70225ebe68[libsecsdk.so@0xee68]		cbz	x2, #-52	X2=0x2876
0x70225ebe6c[libsecsdk.so@0xee6c]		b.eq	#-56	
0x70225ebe70[libsecsdk.so@0xee70]		ldr	x2, [x19]	X19=0x708a819500
0x70225ebe74[libsecsdk.so@0xee74]		ldr	x2, [x2, #176]	X2=0x70967d16a0
0x70225ebe78[libsecsdk.so@0xee78]		blr	x2	X2=0x7096594820 SP=0x708b79f4f0
0x70225ebe7c[libsecsdk.so@0xee7c]		cmp	w27, w20	W27=0x2 W20=0x2
0x70225ebe80[libsecsdk.so@0xee80]		mov	x2, x20	X20=0x2
0x70225ebe84[libsecsdk.so@0xee84]		b.gt	#-68	
0x70225ebe88[libsecsdk.so@0xee88]		fmov	x0, d8	
0x70225ebe8c[libsecsdk.so@0xee8c]		bl	#103400	SP=0x708b79f4f0
0x7022605274[libsecsdk.so@0x28274]		b	#-12	
0x7022605268[libsecsdk.so@0x28268]		cbz	x0, #8	X0=0x708a82ba10
0x702260526c[libsecsdk.so@0x2826c]		b	#-128940	
0x70225e5ac0[libsecsdk.so@0x8ac0]		adrp	x16, #266240	
0x70225e5ac4[libsecsdk.so@0x8ac4]		ldr	x17, [x16, #3760]	X16=0x7022626000
0x70225e5ac8[libsecsdk.so@0x8ac8]		add	x16, x16, #3760	X16=0x7022626000
0x70225e5acc[libsecsdk.so@0x8acc]		br	x17	X17=0x711abd42bc
0x70225ebe90[libsecsdk.so@0xee90]		ldr	x0, [x23, #64]	X23=0x70228b8c00
0x70225ebe94[libsecsdk.so@0xee94]		add	x1, x23, #24	X23=0x70228b8c00
0x70225ebe98[libsecsdk.so@0xee98]		cmp	x0, x1	X0=0x70228b8c18 X1=0x70228b8c18
0x70225ebe9c[libsecsdk.so@0xee9c]		b.eq	#28	
0x70225ebeb8[libsecsdk.so@0xeeb8]		mov	x0, x23	X23=0x70228b8c00
0x70225ebebc[libsecsdk.so@0xeebc]		bl	#103340	SP=0x708b79f4f0
0x7022605268[libsecsdk.so@0x28268]		cbz	x0, #8	X0=0x70228b8c00
0x702260526c[libsecsdk.so@0x2826c]		b	#-128940	
0x70225e5ac0[libsecsdk.so@0x8ac0]		adrp	x16, #266240	
0x70225e5ac4[libsecsdk.so@0x8ac4]		ldr	x17, [x16, #3760]	X16=0x7022626000
0x70225e5ac8[libsecsdk.so@0x8ac8]		add	x16, x16, #3760	X16=0x7022626000
0x70225e5acc[libsecsdk.so@0x8acc]		br	x17	X17=0x711abd42bc
0x70225ebec0[libsecsdk.so@0xeec0]		mov	x0, x26	X26=0x708a81f3e8
0x70225ebec4[libsecsdk.so@0xeec4]		bl	#80780	SP=0x708b79f4f0
0x70225ffa50[libsecsdk.so@0x22a50]		ldr	x0, [x0]	X0=0x708a81f3e8
0x70225ffa54[libsecsdk.so@0x22a54]		cbz	x0, #8	X0=0x7022a969c0
0x70225ffa58[libsecsdk.so@0x22a58]		b	#22544	
0x7022605268[libsecsdk.so@0x28268]		cbz	x0, #8	X0=0x7022a969c0
0x702260526c[libsecsdk.so@0x2826c]		b	#-128940	
0x70225e5ac0[libsecsdk.so@0x8ac0]		adrp	x16, #266240	
0x70225e5ac4[libsecsdk.so@0x8ac4]		ldr	x17, [x16, #3760]	X16=0x7022626000
0x70225e5ac8[libsecsdk.so@0x8ac8]		add	x16, x16, #3760	X16=0x7022626000
0x70225e5acc[libsecsdk.so@0x8acc]		br	x17	X17=0x711abd42bc
0x70225ebec8[libsecsdk.so@0xeec8]		mov	x0, x26	X26=0x708a81f3e8
0x70225ebecc[libsecsdk.so@0xeecc]		bl	#103324	SP=0x708b79f4f0
0x7022605268[libsecsdk.so@0x28268]		cbz	x0, #8	X0=0x708a81f3e8
0x702260526c[libsecsdk.so@0x2826c]		b	#-128940	
0x70225e5ac0[libsecsdk.so@0x8ac0]		adrp	x16, #266240	
0x70225e5ac4[libsecsdk.so@0x8ac4]		ldr	x17, [x16, #3760]	X16=0x7022626000
0x70225e5ac8[libsecsdk.so@0x8ac8]		add	x16, x16, #3760	X16=0x7022626000
0x70225e5acc[libsecsdk.so@0x8acc]		br	x17	X17=0x711abd42bc
0x70225ebed0[libsecsdk.so@0xeed0]		mov	x0, x21	X21=0x95
0x70225ebed4[libsecsdk.so@0xeed4]		ldr	x30, [sp, #80]	SP=0x708b79f4f0
0x70225ebed8[libsecsdk.so@0xeed8]		ldp	x19, x20, [sp]	SP=0x708b79f4f0
0x70225ebedc[libsecsdk.so@0xeedc]		ldp	d8, d9, [sp, #88]	SP=0x708b79f4f0
0x70225ebee0[libsecsdk.so@0xeee0]		ldp	x21, x22, [sp, #16]	SP=0x708b79f4f0
0x70225ebee4[libsecsdk.so@0xeee4]		ldp	x23, x24, [sp, #32]	SP=0x708b79f4f0
0x70225ebee8[libsecsdk.so@0xeee8]		ldp	x25, x26, [sp, #48]	SP=0x708b79f4f0
0x70225ebeec[libsecsdk.so@0xeeec]		ldp	x27, x28, [sp, #64]	SP=0x708b79f4f0
0x70225ebef0[libsecsdk.so@0xeef0]		add	sp, sp, #112	SP=0x708b79f4f0
0x70225ebef4[libsecsdk.so@0xeef4]		ret	LR=0x70225e8d24
0x70225e8d24[libsecsdk.so@0xbd24]		ldr	x30, [sp]	SP=0x708b79f560
0x70225e8d28[libsecsdk.so@0xbd28]		add	sp, sp, #32	SP=0x708b79f560
0x70225e8d2c[libsecsdk.so@0xbd2c]		ret	LR=0x2a
[+] result--->
B9aHBw+C6RmN5P7e5/durlW/VePmjuiy2LCdFoqNi3xRnIpNkaF3R7jGMg2ctRjYdOyZlK/Vcqe4
K/v8V2zaa3Gkbg57vdbpJWK9PU7E9ucWbub7J1B7S+ZBMEYTBpW5AKaEdLqoum03ZZnQXqanAviY
fiC4gGIgn4RexFz9zI8I6G+Y6YGkT4puUxpSZy4hW85RubABmrjBt4VmEaagPL40gFghhQpAOCQ/
9fZ7pZVZnld5U25wZniEjgAXsRHkQ+rEizQXNS9HVxzvPh/u1XTt7WlNq9S+RnPRJWSyvzFTsnhX
NrJR07iuOH+CJ/VNitGiqdAOyx7qExY1PhLYo2FGWjJy+LDuXc1H0AGgkZ2UlpmHaMdllSlFMu6T
c0KrVed+5vMd2yaBtR7SgNgAbhuZDqbCu/U5hVZvofLOqgZDDANNr1gAwEyVxj/Abx98HrHL5H3W
N07Swq1EdLZiKyGrVsRl2DXQYIHuZawuBq8KSWDvS0kqNsIia64qaLUvRUMsed4P+LSQTEOMidRh
Qg==
